
 Simulation Finished Successfully 


 -------------------------- Performance Report -------------------------- 


 ------------ Mass Balance Error Report ------------- 

 OCIP     :	4.86195e+006	7.7952e+006	2.65157e+008	3.49177e+007	2.37472e+007	3.88554e+007	1.90661e+007	6.08749e+006	1.32599e+006	

 Residual :	4.8487e+006	7.76585e+006	2.64249e+008	3.48283e+007	2.36804e+007	3.85255e+007	1.8675e+007	4.16986e+006	883874	
 Facilty  :	-1.64062e+006	-2.63141e+006	-8.95031e+007	-1.17766e+007	-7.98942e+006	-1.28084e+007	-6.04721e+006	-125053	-2.16583	
 Facilty  :	1.65387e+006	2.66076e+006	9.04112e+007	1.18659e+007	8.05624e+006	1.31383e+007	6.43825e+006	2.04268e+006	442115	

 MB_Error :	-0.31715	-0.586037	-19.0469	-2.16399	-1.34604	-1.83495	-0.820027	-0.0575096	-0.00250583	
 Rel_Error:	6.52309e-006%	7.51792e-006%	7.18326e-006%	6.19741e-006%	5.66821e-006%	4.72251e-006%	4.30097e-006%	9.44718e-007%	1.88979e-007%	


 ---- Total EoS counters ----
 flash iters SSI    =     731121, flash iters Newton =       3882
 Stab. iters SSI    =     813819, Stab. iters Newton =    1698967

 No of Satb for Oil =  3360, No of Satb for gas = 269256, No of flash =  2369
 time of Satb for Oil = 0.076, time of Satb for gas = 20.217, time for flash = 3.567

RV flahsh results:
 NSSI =     242039, NNewton =      20464
 Flash time =      1.342



Statistics of bypass stability analysis:
Total No:				 265584
Bypass No:				 0
Failed Pressure No:	 0
Failed Composition  No: 0

 Variable Type : -----------------  Natural Variables
 Number of Implicit levels: ------        1
                    ImpVar --- TransImpLvl --- CFL_Limit --- Percent
       Scheme 0 :     9             4             1           100%

 Linear solver choice : ----------        4
 Preconditioner choice : ---------        4
 Linear solver Tolerance : -------     0.01

 Total running time: -------------       91 sec  ( 100 % )
   -Initialization time: ---------        1 sec  (   1 % )
   -Property Calc  time: ---------   27.445 sec  (  30 % )
   -Linearization  time: ---------   13.986 sec  (  15 % )
   -Newton Update  time: ---------    0.094 sec  (   0 % )
   -Solver running time: ---------    42.81 sec  (  47 % )
      --(B)ILU Pre fac time: -----   33.708 sec  (  37 % )
      --(B)ILU Pre slv time: -----    1.053 sec  (   1 % )
      --Pres dcpl time: ----------    1.863 sec  (   2 % )
      --Pres slv time: -----------    0.667 sec  (   1 % )
   -Timestep Calc  time: ---------        0 sec  (   0 % )
   -CFL No.  Calc  time: ---------        0 sec  (   0 % )


 Compositional simulation only:
 Initialization time for reservoir: ---------    0.281 sec
 Phase equilibrium running time: ------------   23.469 sec


 No. of timesteps: ---------------      186

 No. of Newton Iters : -----------      681
 No. of Waste Newton Iters : -----       51

 No. of Solver Iters : -----------     1286
 No. of Waste Solver Iters : -----      104

 No. of Pres slvr iters : --------     1286
 No. of Waste Pres slvr iters: ---      104

 Total elapsed = 91, steps = 186, Newton = 681, linear = 1286

