 % Watched Cells Output (dead cell outpus 'd' if any)
time	pres(0)	sat(0)	sat(0)	pres(499)	sat(499)	sat(499)	
day	psi	**	**	psi	**	**	
0	3000	1	0	3007.21	1	0	
0.1	3021.325	1	0	2968.235	1	0	
0.3158658	3051.495	1	0	2940.659	0.6336395	0.3663605	
0.4516567	3066.736	1	0	2928.163	0.6007578	0.3992422	
0.7582244	3090.349	1	0	2905.417	0.5743895	0.4256105	
1.48602	3122.19	1	0	2864.874	0.5530811	0.4469189	
2.039507	3139.16	1	0	2833.618	0.5440611	0.4559389	
2.414727	3148.479	1	0	2816.167	0.5399276	0.4600724	
3.186365	3162.598	1	0	2789.455	0.5333029	0.4666971	
3.785535	3171.572	1	0	2773.192	0.5290798	0.4709202	
4.217701	3177.26	1	0	2763.074	0.5263079	0.4736921	
4.560227	3181.366	1	0	2755.805	0.5242255	0.4757745	
4.822941	3184.31	1	0	2750.569	0.5226861	0.4773139	
5.026323	3186.478	1	0	2746.672	0.5215258	0.4784742	
5.189919	3188.157	1	0	2743.641	0.5206102	0.4793898	
5.604879	3192.058	1	0	2736.44	0.5183453	0.4816547	
5.918473	3194.827	1	0	2731.306	0.5166935	0.4833065	
6.677358	3200.702	1	0	2720.414	0.5128675	0.4871325	
7.232808	3204.629	1	0	2713.16	0.5102202	0.4897798	
7.656739	3207.432	1	0	2708.001	0.5082752	0.4917248	
8.583352	3212.804	1	0	2698.126	0.5042512	0.4957488	
9.23923	3216.278	1	0	2691.791	0.50156	0.49844	
9.743507	3218.772	1	0	2687.259	0.4995754	0.5004246	
10.13452	3220.608	1	0	2683.917	0.4980928	0.5019072	
10.4365	3221.971	1	0	2681.433	0.4969794	0.5030206	
11.20605	3225.122	1	0	2675.62	0.4942974	0.5057026	
11.78042	3227.312	1	0	2671.531	0.4924	0.5076	
12.22591	3228.92	1	0	2668.517	0.4909843	0.5090157	
12.56949	3230.108	1	0	2666.288	0.4899222	0.5100778	
12.83585	3230.999	1	0	2664.614	0.4891158	0.5108842	
13.04685	3231.687	1	0	2663.32	0.4884875	0.5115125	
13.62772	3233.453	1	0	2659.976	0.486823	0.513177	
14.0706	3234.73	1	0	2657.545	0.4855989	0.5144011	
14.42723	3235.715	1	0	2655.66	0.4846411	0.5153589	
15.36837	3238.046	1	0	2651.12	0.4822778	0.5177222	
16.10783	3239.729	1	0	2647.81	0.4805314	0.5194686	
17.9096	3243.094	1	0	2641.038	0.4768295	0.5231705	
21.8582	3248.036	1	0	2630.401	0.4712221	0.5287779	
24.70328	3250.641	1	0	2624.329	0.4684306	0.5315694	
26.85241	3252.165	1	0	2620.45	0.4669728	0.5330272	
28.49528	3253.108	1	0	2617.839	0.4662106	0.5337894	
29.77443	3253.724	1	0	2616.02	0.4658109	0.5341891	
30.76148	3254.135	1	0	2614.728	0.4656148	0.5343852	
33.41611	3254.867	1	0	2611.883	0.465805	0.534195	
35.45347	3255.249	1	0	2610.022	0.466333	0.533667	
40.60496	3255.418	1	0	2606.585	0.4693132	0.5306868	
44.38369	3255.232	1	0	2604.817	0.4721507	0.5278493	
52.81422	3253.911	1	0	2602.661	0.4797688	0.5202312	
58.82927	3252.721	1	0	2601.581	0.4856166	0.5143834	
63.30072	3251.736	1	0	2601.031	0.4898853	0.5101147	
66.72318	3250.942	1	0	2600.666	0.4930312	0.5069688	
69.29354	3250.327	1	0	2600.467	0.495297	0.504703	
75.9057	3248.684	1	0	2599.958	0.500364	0.499636	
80.78198	3247.453	1	0	2599.523	0.5037934	0.4962066	
91.794	3244.608	1	0	2598.463	0.509718	0.490282	
99.30015	3242.69	1	0	2597.707	0.5130003	0.4869997	
104.8645	3241.293	1	0	2597.087	0.5150549	0.4849451	
109.0333	3240.262	1	0	2596.6	0.5163817	0.4836183	
112.2978	3239.463	1	0	2596.205	0.5173152	0.4826848	
114.8743	3238.834	1	0	2595.895	0.517997	0.482003	
121.7402	3237.215	1	0	2594.966	0.5195113	0.4804887	
126.8241	3236.043	1	0	2594.24	0.5204835	0.4795165	
130.6869	3235.159	1	0	2593.724	0.5211648	0.4788352	
133.5242	3234.513	1	0	2593.349	0.5216401	0.4783599	
135.7031	3234.02	1	0	2593.059	0.5219905	0.4780095	
137.3648	3233.644	1	0	2592.837	0.5222487	0.4777513	
141.9563	3232.625	1	0	2592.19	0.5228876	0.4771124	
145.453	3231.858	1	0	2591.695	0.5233275	0.4766725	
154.1115	3229.983	1	0	2590.493	0.5241688	0.4758312	
160.3623	3228.642	1	0	2589.679	0.524666	0.475334	
165.2376	3227.628	1	0	2589.047	0.5249977	0.4750023	
168.8427	3226.885	1	0	2588.584	0.525214	0.474786	
178.1013	3225.097	1	0	2587.321	0.5256133	0.4743867	
184.5701	3223.877	1	0	2586.436	0.5258263	0.4741737	
189.441	3222.984	1	0	2585.761	0.5259555	0.4740445	
192.9976	3222.347	1	0	2585.261	0.5260351	0.4739649	
195.6955	3221.872	1	0	2584.878	0.5260875	0.4739125	
197.7458	3221.515	1	0	2584.585	0.526123	0.473877	
203.3195	3220.559	1	0	2583.79	0.5261918	0.4738082	
207.3119	3219.888	1	0	2583.219	0.5262294	0.4737706	
210.274	3219.391	1	0	2582.802	0.5262514	0.4737486	
218.1847	3218.075	1	0	2581.736	0.526283	0.473717	
223.7223	3217.145	1	0	2581.029	0.526297	0.473703	
236.9765	3214.952	1	0	2579.49	0.5263157	0.4736843	
246.3524	3213.496	1	0	2578.46	0.5263459	0.4736541	
253.0991	3212.5	1	0	2577.724	0.5263721	0.4736279	
257.9387	3211.784	1	0	2577.208	0.5263903	0.4736097	
261.5502	3211.276	1	0	2576.822	0.5264037	0.4735963	
264.1805	3210.914	1	0	2576.54	0.526413	0.473587	
266.1178	3210.651	1	0	2576.331	0.5264194	0.4735806	
267.5539	3210.456	1	0	2576.177	0.5264239	0.4735761	
271.6069	3209.923	1	0	2575.739	0.5264334	0.4735666	
274.5809	3209.544	1	0	2575.415	0.5264405	0.4735595	
276.8125	3209.266	1	0	2575.17	0.5264463	0.4735537	
278.517	3209.054	1	0	2574.983	0.5264508	0.4735492	
283.3349	3208.434	1	0	2574.467	0.5264622	0.4735378	
286.9006	3208.003	1	0	2574.082	0.5264708	0.4735292	
289.5406	3207.693	1	0	2573.794	0.526477	0.473523	
291.4907	3207.468	1	0	2573.579	0.5264813	0.4735187	
292.9392	3207.303	1	0	2573.419	0.5264843	0.4735157	
294.0289	3207.178	1	0	2573.299	0.5264864	0.4735136	
294.8492	3207.085	1	0	2573.208	0.5264879	0.4735121	
297.216	3206.808	1	0	2572.949	0.5264919	0.4735081	
303.636	3206.022	1	0	2572.294	0.5265063	0.4734937	
308.4224	3205.415	1	0	2571.834	0.5265225	0.4734775	
320.5843	3203.819	1	0	2570.8	0.5266042	0.4733958	
329.3058	3202.715	1	0	2570.105	0.5266786	0.4733214	
335.5666	3201.922	1	0	2569.628	0.5267377	0.4732623	
340.603	3201.329	1	0	2569.249	0.5267876	0.4732124	
344.3624	3200.898	1	0	2568.966	0.5268253	0.4731747	
347.0903	3200.591	1	0	2568.759	0.5268526	0.4731474	
349.3153	3200.34	1	0	2568.59	0.5268746	0.4731254	
355.5661	3199.66	1	0	2568.115	0.5269325	0.4730675	
360.1353	3199.187	1	0	2567.765	0.5269727	0.4730273	
363.5282	3198.83	1	0	2567.505	0.5270015	0.4729985	
372.5438	3197.909	1	0	2566.816	0.5270707	0.4729293	
379.0565	3197.267	1	0	2566.316	0.5271177	0.4728823	
383.8016	3196.814	1	0	2565.95	0.5271504	0.4728496	
387.3074	3196.492	1	0	2565.678	0.5271738	0.4728262	
389.8741	3196.256	1	0	2565.478	0.5271906	0.4728094	
396.9325	3195.613	1	0	2564.925	0.5272331	0.4727669	
402.0779	3195.136	1	0	2564.526	0.5272629	0.4727371	
405.7776	3194.799	1	0	2564.241	0.5272842	0.4727158	
408.4582	3194.553	1	0	2564.037	0.5272997	0.4727003	
415.8267	3193.934	1	0	2563.473	0.5273422	0.4726578	
421.1192	3193.471	1	0	2563.073	0.5273726	0.4726274	
434.7232	3192.215	1	0	2562.112	0.527455	0.472545	
443.9751	3191.363	1	0	2561.494	0.5275139	0.4724861	
450.6838	3190.725	1	0	2561.066	0.5275584	0.4724416	
468.0158	3189.142	1	0	2560.046	0.5276769	0.4723231	
480.6838	3187.95	1	0	2559.347	0.5277629	0.4722371	
500.6838	3186.156	1	0	2558.313	0.5278865	0.4721135	
514.1035	3184.954	1	0	2557.652	0.5279635	0.4720365	
534.1035	3183.196	1	0	2556.748	0.5280698	0.4719302	
554.1035	3181.503	1	0	2555.909	0.5281699	0.4718301	
574.1035	3179.889	1	0	2555.112	0.528262	0.471738	
594.1035	3178.356	1	0	2554.354	0.5283462	0.4716538	
614.1035	3176.901	1	0	2553.631	0.528423	0.471577	
634.1035	3175.521	1	0	2552.939	0.5284924	0.4715076	
654.1035	3174.21	1	0	2552.281	0.5285551	0.4714449	
674.1035	3172.962	1	0	2551.655	0.5286114	0.4713886	
694.1035	3171.775	1	0	2551.06	0.5286607	0.4713393	
714.1035	3170.638	1	0	2550.495	0.5287034	0.4712966	
734.1035	3169.531	1	0	2549.969	0.5287403	0.4712597	
754.1035	3168.456	1	0	2549.483	0.528772	0.471228	
774.1035	3167.387	1	0	2549.047	0.5287996	0.4712004	
794.1035	3166.349	1	0	2548.658	0.5288227	0.4711773	
814.1035	3165.349	1	0	2548.304	0.5288392	0.4711608	
834.1035	3164.378	1	0	2547.991	0.52885	0.47115	
854.1035	3163.491	1	0	2547.679	0.5288507	0.4711493	
874.1035	3162.64	1	0	2547.396	0.5288452	0.4711548	
894.1035	3161.898	1	0	2547.099	0.5288316	0.4711684	
904.1035	3161.538	1	0	2546.951	0.5288232	0.4711768	
922.0972	3160.855	1	0	2546.72	0.5288116	0.4711884	
930.8394	3160.543	1	0	2546.612	0.528807	0.471193	
939.0837	3160.245	1	0	2546.52	0.5288041	0.4711959	
946.2689	3160.002	1	0	2546.44	0.5288024	0.4711976	
964.717	3159.451	1	0	2546.214	0.5287961	0.4712039	
969.717	3159.305	1	0	2546.153	0.5287941	0.4712059	
982.8732	3158.863	1	0	2546.034	0.5287944	0.4712056	
989.3676	3158.654	1	0	2545.981	0.5287964	0.4712036	
1004.544	3158.22	1	0	2545.849	0.528803	0.471197	
1014.544	3157.949	1	0	2545.758	0.5288067	0.4711933	
1034.544	3157.429	1	0	2545.585	0.5288136	0.4711864	
1054.544	3156.877	1	0	2545.46	0.528828	0.471172	
1074.544	3156.391	1	0	2545.327	0.5288425	0.4711575	
1094.544	3155.924	1	0	2545.214	0.5288581	0.4711419	
1114.544	3155.481	1	0	2545.098	0.5288721	0.4711279	
1122.104	3155.324	1	0	2545.053	0.528877	0.471123	
1141.725	3154.956	1	0	2544.928	0.5288859	0.4711141	
1161.725	3154.586	1	0	2544.821	0.5288955	0.4711045	
1181.725	3154.18	1	0	2544.777	0.5289129	0.4710871	
1200.229	3153.84	1	0	2544.72	0.5289256	0.4710744	
1212.547	3153.638	1	0	2544.673	0.5289303	0.4710697	
1232.547	3153.321	1	0	2544.61	0.5289331	0.4710669	
1252.547	3152.992	1	0	2544.585	0.5289371	0.4710629	
1258.489	3152.897	1	0	2544.579	0.5289384	0.4710616	
1272.653	3152.677	1	0	2544.568	0.5289396	0.4710604	
1292.653	3152.357	1	0	2544.577	0.5289378	0.4710622	
1312.653	3152.074	1	0	2544.564	0.5289257	0.4710743	
1332.653	3151.807	1	0	2544.551	0.5289044	0.4710956	
1342.653	3151.663	1	0	2544.552	0.5288926	0.4711074	
1345.735	3151.619	1	0	2544.552	0.5288889	0.4711111	
1354.264	3151.511	1	0	2544.551	0.5288774	0.4711226	
1374.264	3151.295	1	0	2544.533	0.5288401	0.4711599	
1394.264	3151.104	1	0	2544.492	0.5287906	0.4712094	
1400	3151.053	1	0	2544.48	0.5287754	0.4712246	
