Results for well: RES1_INJ.out in the reservoir: RES1_INJ.out

time	BHP	Temp	q(Gas)	q(Oil)	 q(Water)
days	psi	F	Mscf/d	stb/d	stb/d
0         	0         	-         	0         	0         	0         	
0.01      	5000      	160       	0         	0         	-868414   	
0.11      	5000      	160       	0         	0         	-728029   	
0.252976  	5000      	160       	0         	0         	-621865   	
0.494007  	5000      	160       	0         	0         	-521944   	
0.937882  	5000      	160       	0         	0         	-420087   	
1.81271   	5000      	160       	0         	0         	-316329   	
3.48083   	5000      	160       	0         	0         	-221977   	
6.37154   	5000      	160       	0         	0         	-154216   	
10.8172   	5000      	160       	0         	0         	-118149   	
17.1062   	5000      	160       	0         	0         	-117766   	
26.3511   	5000      	160       	0         	0         	-119987   	
36.3511   	5000      	160       	0         	0         	-133175   	
46.3511   	5000      	160       	0         	0         	-144942   	
56.3511   	5000      	160       	0         	0         	-152297   	
66.3511   	5000      	160       	0         	0         	-155518   	
76.3511   	5000      	160       	0         	0         	-156003   	
86.3511   	5000      	160       	0         	0         	-156039   	
96.3511   	5000      	160       	0         	0         	-155214   	
106.351   	5000      	160       	0         	0         	-155947   	
116.351   	5000      	160       	0         	0         	-156486   	
126.351   	5000      	160       	0         	0         	-156685   	
136.351   	5000      	160       	0         	0         	-156629   	
146.351   	5000      	160       	0         	0         	-156362   	
156.351   	5000      	160       	0         	0         	-155861   	
166.351   	5000      	160       	0         	0         	-155231   	
176.351   	5000      	160       	0         	0         	-154785   	
186.351   	5000      	160       	0         	0         	-154025   	
196.351   	5000      	160       	0         	0         	-152989   	
206.351   	5000      	160       	0         	0         	-152150   	
216.351   	5000      	160       	0         	0         	-151208   	
226.351   	5000      	160       	0         	0         	-150163   	
236.351   	5000      	160       	0         	0         	-149419   	
246.351   	5000      	160       	0         	0         	-149088   	
256.351   	5000      	160       	0         	0         	-148829   	
266.351   	5000      	160       	0         	0         	-148575   	
276.351   	5000      	160       	0         	0         	-148324   	
286.351   	5000      	160       	0         	0         	-148065   	
296.351   	5000      	160       	0         	0         	-147781   	
306.351   	5000      	160       	0         	0         	-147471   	
316.351   	5000      	160       	0         	0         	-147171   	
326.351   	5000      	160       	0         	0         	-146870   	
336.351   	5000      	160       	0         	0         	-146653   	
346.351   	5000      	160       	0         	0         	-146429   	
356.351   	5000      	160       	0         	0         	-146212   	
366.351   	5000      	160       	0         	0         	-145970   	
376.351   	5000      	160       	0         	0         	-145676   	
386.351   	5000      	160       	0         	0         	-145341   	
396.351   	5000      	160       	0         	0         	-145105   	
406.351   	5000      	160       	0         	0         	-144875   	
416.351   	5000      	160       	0         	0         	-144682   	
426.351   	5000      	160       	0         	0         	-144471   	
436.351   	5000      	160       	0         	0         	-144231   	
446.351   	5000      	160       	0         	0         	-143974   	
456.351   	5000      	160       	0         	0         	-143693   	
466.351   	5000      	160       	0         	0         	-143477   	
476.351   	5000      	160       	0         	0         	-143334   	
486.351   	5000      	160       	0         	0         	-143202   	
496.351   	5000      	160       	0         	0         	-143063   	
506.351   	5000      	160       	0         	0         	-142943   	
516.351   	5000      	160       	0         	0         	-142809   	
526.351   	5000      	160       	0         	0         	-142657   	
536.351   	5000      	160       	0         	0         	-142507   	
546.351   	5000      	160       	0         	0         	-142344   	
556.351   	5000      	160       	0         	0         	-142163   	
566.351   	5000      	160       	0         	0         	-141962   	
576.351   	5000      	160       	0         	0         	-141732   	
586.351   	5000      	160       	0         	0         	-141542   	
596.351   	5000      	160       	0         	0         	-141383   	
606.351   	5000      	160       	0         	0         	-141232   	
616.351   	5000      	160       	0         	0         	-141070   	
626.351   	5000      	160       	0         	0         	-140891   	
636.351   	5000      	160       	0         	0         	-140696   	
646.351   	5000      	160       	0         	0         	-140589   	
656.351   	5000      	160       	0         	0         	-140508   	
666.351   	5000      	160       	0         	0         	-140434   	
676.351   	5000      	160       	0         	0         	-140357   	
686.351   	5000      	160       	0         	0         	-140275   	
696.351   	5000      	160       	0         	0         	-140196   	
706.351   	5000      	160       	0         	0         	-140114   	
716.351   	5000      	160       	0         	0         	-140026   	
726.351   	5000      	160       	0         	0         	-139929   	
730       	5000      	160       	0         	0         	-139891   	
731       	5000      	160       	-12974.1  	0         	0         	
732       	5000      	160       	-12204.2  	0         	0         	
733       	5000      	160       	-12595.6  	0         	0         	
734       	5000      	160       	-14469    	0         	0         	
735       	5000      	160       	-16623.5  	0         	0         	
736       	5000      	160       	-18987.5  	0         	0         	
737       	5000      	160       	-21453.2  	0         	0         	
738       	5000      	160       	-23892.6  	0         	0         	
739       	5000      	160       	-27060.3  	0         	0         	
740       	5000      	160       	-30877.1  	0         	0         	
741       	5000      	160       	-34218    	0         	0         	
742       	5000      	160       	-37100.5  	0         	0         	
743       	5000      	160       	-39540.9  	0         	0         	
744       	5000      	160       	-41615.2  	0         	0         	
745       	5000      	160       	-43400.7  	0         	0         	
746       	5000      	160       	-44113.1  	0         	0         	
746.501   	5000      	160       	-44819.7  	0         	0         	
747.501   	5000      	160       	-46253.5  	0         	0         	
748.501   	5000      	160       	-47596.6  	0         	0         	
749.501   	5000      	160       	-48812.9  	0         	0         	
750.501   	5000      	160       	-49909.6  	0         	0         	
751.501   	5000      	160       	-50897.5  	0         	0         	
752.501   	5000      	160       	-51795    	0         	0         	
753.501   	5000      	160       	-52703    	0         	0         	
754.501   	5000      	160       	-53718    	0         	0         	
755.501   	5000      	160       	-54973.5  	0         	0         	
756.501   	5000      	160       	-56124.6  	0         	0         	
757.501   	5000      	160       	-57207.9  	0         	0         	
758.501   	5000      	160       	-58254.7  	0         	0         	
759.501   	5000      	160       	-59266    	0         	0         	
760.501   	5000      	160       	-60236.3  	0         	0         	
761.501   	5000      	160       	-61161.5  	0         	0         	
762.501   	5000      	160       	-62037.3  	0         	0         	
763.501   	5000      	160       	-62544.7  	0         	0         	
763.988   	5000      	160       	-62849.4  	0         	0         	
764.988   	5000      	160       	-63549.4  	0         	0         	
765.988   	5000      	160       	-64222.4  	0         	0         	
766.988   	5000      	160       	-64849.6  	0         	0         	
767.988   	5000      	160       	-65429.6  	0         	0         	
768.988   	5000      	160       	-65964.4  	0         	0         	
769.988   	5000      	160       	-66452.3  	0         	0         	
770.988   	5000      	160       	-66895.4  	0         	0         	
771.988   	5000      	160       	-67326    	0         	0         	
772.988   	5000      	160       	-67736.5  	0         	0         	
773.988   	5000      	160       	-68110    	0         	0         	
774.988   	5000      	160       	-68445.5  	0         	0         	
775.988   	5000      	160       	-68744.7  	0         	0         	
776.988   	5000      	160       	-69009.6  	0         	0         	
777.988   	5000      	160       	-69242.5  	0         	0         	
778.988   	5000      	160       	-69445.6  	0         	0         	
779.988   	5000      	160       	-69620.9  	0         	0         	
780.988   	5000      	160       	-69770.4  	0         	0         	
781.988   	5000      	160       	-69779.6  	0         	0         	
782.461   	5000      	160       	-69795.6  	0         	0         	
783.461   	5000      	160       	-69879.6  	0         	0         	
784.461   	5000      	160       	-69800.4  	0         	0         	
784.932   	5000      	160       	-69781.5  	0         	0         	
785.932   	5000      	160       	-69808.5  	0         	0         	
786.932   	5000      	160       	-69858    	0         	0         	
787.932   	5000      	160       	-69913.8  	0         	0         	
788.932   	5000      	160       	-69965.5  	0         	0         	
789.932   	5000      	160       	-70013.2  	0         	0         	
790.932   	5000      	160       	-70053.6  	0         	0         	
791.932   	5000      	160       	-70086.3  	0         	0         	
792.932   	5000      	160       	-70110.1  	0         	0         	
793.932   	5000      	160       	-70125.2  	0         	0         	
794.932   	5000      	160       	-70132.5  	0         	0         	
795.932   	5000      	160       	-70133.3  	0         	0         	
796.932   	5000      	160       	-70129    	0         	0         	
797.932   	5000      	160       	-70120.2  	0         	0         	
798.932   	5000      	160       	-70107.5  	0         	0         	
799.932   	5000      	160       	-70091.8  	0         	0         	
800.932   	5000      	160       	-70073.7  	0         	0         	
801.932   	5000      	160       	-70054.1  	0         	0         	
802.932   	5000      	160       	-70033.5  	0         	0         	
803.932   	5000      	160       	-70012.5  	0         	0         	
804.932   	5000      	160       	-69831.9  	0         	0         	
805.391   	5000      	160       	-69760.1  	0         	0         	
806.391   	5000      	160       	-69656.1  	0         	0         	
807.391   	5000      	160       	-69590.2  	0         	0         	
808.391   	5000      	160       	-69547.4  	0         	0         	
809.391   	5000      	160       	-69518.4  	0         	0         	
810.391   	5000      	160       	-69498.2  	0         	0         	
811.391   	5000      	160       	-69484.7  	0         	0         	
812.391   	5000      	160       	-69478.6  	0         	0         	
813.391   	5000      	160       	-69476.2  	0         	0         	
814.391   	5000      	160       	-69477.1  	0         	0         	
815.391   	5000      	160       	-69395.4  	0         	0         	
815.841   	5000      	160       	-69361    	0         	0         	
816.841   	5000      	160       	-69329.8  	0         	0         	
817.841   	5000      	160       	-69324.3  	0         	0         	
818.841   	5000      	160       	-69333.1  	0         	0         	
819.841   	5000      	160       	-69350.1  	0         	0         	
820.841   	5000      	160       	-69372.1  	0         	0         	
821.841   	5000      	160       	-69397.6  	0         	0         	
822.841   	5000      	160       	-69425.8  	0         	0         	
823.841   	5000      	160       	-69456.3  	0         	0         	
824.841   	5000      	160       	-69488.8  	0         	0         	
825.841   	5000      	160       	-69523.1  	0         	0         	
826.841   	5000      	160       	-69559.2  	0         	0         	
827.841   	5000      	160       	-69596.8  	0         	0         	
828.841   	5000      	160       	-69636    	0         	0         	
829.841   	5000      	160       	-69629.5  	0         	0         	
830       	5000      	160       	-69626.3  	0         	0         	
830.474   	5000      	160       	0         	0         	-566686   	
831.388   	5000      	160       	0         	0         	-398373   	
832.975   	5000      	160       	0         	0         	-270478   	
835.608   	5000      	160       	0         	0         	-208533   	
839.76    	5000      	160       	0         	0         	-205812   	
846.268   	5000      	160       	0         	0         	-211338   	
849.063   	5000      	160       	0         	0         	-213219   	
854.887   	5000      	160       	0         	0         	-219074   	
864.887   	5000      	160       	0         	0         	-230044   	
874.887   	5000      	160       	0         	0         	-238092   	
884.887   	5000      	160       	0         	0         	-243309   	
894.887   	5000      	160       	0         	0         	-244189   	
904.887   	5000      	160       	0         	0         	-243056   	
914.887   	5000      	160       	0         	0         	-239360   	
924.887   	5000      	160       	0         	0         	-233641   	
933.253   	5000      	160       	0         	0         	-230767   	
943.253   	5000      	160       	0         	0         	-229432   	
953.253   	5000      	160       	0         	0         	-228603   	
963.253   	5000      	160       	0         	0         	-228158   	
973.253   	5000      	160       	0         	0         	-227957   	
983.253   	5000      	160       	0         	0         	-227917   	
993.253   	5000      	160       	0         	0         	-228173   	
1003.25   	5000      	160       	0         	0         	-228433   	
1013.25   	5000      	160       	0         	0         	-228662   	
1023.25   	5000      	160       	0         	0         	-228866   	
1033.25   	5000      	160       	0         	0         	-229003   	
1043.25   	5000      	160       	0         	0         	-229088   	
1053.25   	5000      	160       	0         	0         	-229131   	
1063.25   	5000      	160       	0         	0         	-229117   	
1073.25   	5000      	160       	0         	0         	-229032   	
1083.25   	5000      	160       	0         	0         	-228941   	
1093.25   	5000      	160       	0         	0         	-228857   	
1103.25   	5000      	160       	0         	0         	-228774   	
1113.25   	5000      	160       	0         	0         	-228699   	
1123.25   	5000      	160       	0         	0         	-228615   	
1133.25   	5000      	160       	0         	0         	-228509   	
1143.25   	5000      	160       	0         	0         	-228341   	
1153.25   	5000      	160       	0         	0         	-228132   	
1163.25   	5000      	160       	0         	0         	-227895   	
1173.25   	5000      	160       	0         	0         	-227691   	
1183.25   	5000      	160       	0         	0         	-227533   	
1193.25   	5000      	160       	0         	0         	-227432   	
1203.25   	5000      	160       	0         	0         	-227396   	
1213.25   	5000      	160       	0         	0         	-227387   	
1223.25   	5000      	160       	0         	0         	-227383   	
1233.25   	5000      	160       	0         	0         	-227388   	
1243.25   	5000      	160       	0         	0         	-227400   	
1253.25   	5000      	160       	0         	0         	-227408   	
1263.25   	5000      	160       	0         	0         	-227401   	
1273.25   	5000      	160       	0         	0         	-227413   	
1283.25   	5000      	160       	0         	0         	-227453   	
1293.25   	5000      	160       	0         	0         	-227493   	
1303.25   	5000      	160       	0         	0         	-227534   	
1313.25   	5000      	160       	0         	0         	-227589   	
1323.25   	5000      	160       	0         	0         	-227650   	
1333.25   	5000      	160       	0         	0         	-227701   	
1343.25   	5000      	160       	0         	0         	-227724   	
1353.25   	5000      	160       	0         	0         	-227712   	
1363.25   	5000      	160       	0         	0         	-227667   	
1373.25   	5000      	160       	0         	0         	-227609   	
1383.25   	5000      	160       	0         	0         	-227529   	
1393.25   	5000      	160       	0         	0         	-227426   	
1403.25   	5000      	160       	0         	0         	-227319   	
1413.25   	5000      	160       	0         	0         	-227200   	
1423.25   	5000      	160       	0         	0         	-227083   	
1433.25   	5000      	160       	0         	0         	-226991   	
1443.25   	5000      	160       	0         	0         	-226921   	
1453.25   	5000      	160       	0         	0         	-226871   	
1463.25   	5000      	160       	0         	0         	-226823   	
1473.25   	5000      	160       	0         	0         	-226761   	
1483.25   	5000      	160       	0         	0         	-226680   	
1493.25   	5000      	160       	0         	0         	-226568   	
1503.25   	5000      	160       	0         	0         	-226455   	
1513.25   	5000      	160       	0         	0         	-226377   	
1523.25   	5000      	160       	0         	0         	-226318   	
1533.25   	5000      	160       	0         	0         	-226271   	
1543.25   	5000      	160       	0         	0         	-226238   	
1553.25   	5000      	160       	0         	0         	-226219   	
1560      	5000      	160       	0         	0         	-226209   	
1561      	5000      	160       	-22218.1  	0         	0         	
1562      	5000      	160       	-21530.9  	0         	0         	
1563      	5000      	160       	-21285.2  	0         	0         	
1564      	5000      	160       	-22134.2  	0         	0         	
1565      	5000      	160       	-22799.3  	0         	0         	
1566      	5000      	160       	-23571.8  	0         	0         	
1567      	5000      	160       	-24350.1  	0         	0         	
1568      	5000      	160       	-24936.8  	0         	0         	
1569      	5000      	160       	-25373.7  	0         	0         	
1570      	5000      	160       	-26855.2  	0         	0         	
1571      	5000      	160       	-28825.2  	0         	0         	
1572      	5000      	160       	-30285.3  	0         	0         	
1573      	5000      	160       	-31362.8  	0         	0         	
1574      	5000      	160       	-32165    	0         	0         	
1575      	5000      	160       	-32761    	0         	0         	
1576      	5000      	160       	-33204.7  	0         	0         	
1577      	5000      	160       	-33628.1  	0         	0         	
1578      	5000      	160       	-35048.5  	0         	0         	
1579      	5000      	160       	-36116.2  	0         	0         	
1580      	5000      	160       	-36977    	0         	0         	
1581      	5000      	160       	-38009.9  	0         	0         	
1581.65   	5000      	160       	-38478    	0         	0         	
1582.65   	5000      	160       	-39096.7  	0         	0         	
1583.65   	5000      	160       	-39786    	0         	0         	
1584.65   	5000      	160       	-40496.3  	0         	0         	
1585.65   	5000      	160       	-41165.3  	0         	0         	
1586.65   	5000      	160       	-41801    	0         	0         	
1587.65   	5000      	160       	-42416    	0         	0         	
1588.65   	5000      	160       	-43009.7  	0         	0         	
1589.65   	5000      	160       	-43576.3  	0         	0         	
1590.65   	5000      	160       	-44110.6  	0         	0         	
1591.65   	5000      	160       	-44609.2  	0         	0         	
1592.65   	5000      	160       	-45075.1  	0         	0         	
1593.65   	5000      	160       	-45518.9  	0         	0         	
1594.65   	5000      	160       	-45966.8  	0         	0         	
1595.65   	5000      	160       	-46589.5  	0         	0         	
1596.65   	5000      	160       	-47416.8  	0         	0         	
1597.65   	5000      	160       	-48204.3  	0         	0         	
1598.65   	5000      	160       	-48963.1  	0         	0         	
1599.65   	5000      	160       	-49687.9  	0         	0         	
1600.65   	5000      	160       	-50455.1  	0         	0         	
1601.19   	5000      	160       	-50906.5  	0         	0         	
1601.48   	5000      	160       	-51140.4  	0         	0         	
1602.31   	5000      	160       	-51714.2  	0         	0         	
1603.31   	5000      	160       	-52322.6  	0         	0         	
1604.31   	5000      	160       	-52895.9  	0         	0         	
1605.31   	5000      	160       	-53451.3  	0         	0         	
1606.31   	5000      	160       	-53989.7  	0         	0         	
1607.31   	5000      	160       	-54509.2  	0         	0         	
1608.31   	5000      	160       	-55008.1  	0         	0         	
1609.31   	5000      	160       	-55485.7  	0         	0         	
1610.31   	5000      	160       	-55945.5  	0         	0         	
1611.31   	5000      	160       	-56397.2  	0         	0         	
1612.31   	5000      	160       	-56843.4  	0         	0         	
1613.31   	5000      	160       	-57284.8  	0         	0         	
1614.31   	5000      	160       	-57719.1  	0         	0         	
1615.31   	5000      	160       	-58142.8  	0         	0         	
1616.31   	5000      	160       	-58565    	0         	0         	
1617.31   	5000      	160       	-58972.9  	0         	0         	
1618.31   	5000      	160       	-59364    	0         	0         	
1619.31   	5000      	160       	-59744.7  	0         	0         	
1620.31   	5000      	160       	-60119.7  	0         	0         	
1621.31   	5000      	160       	-60490    	0         	0         	
1622.31   	5000      	160       	-60843.7  	0         	0         	
1622.82   	5000      	160       	-61020.2  	0         	0         	
1623.82   	5000      	160       	-61365.1  	0         	0         	
1624.82   	5000      	160       	-61703.2  	0         	0         	
1625.82   	5000      	160       	-62033.8  	0         	0         	
1626.82   	5000      	160       	-62361.5  	0         	0         	
1627.82   	5000      	160       	-62680.8  	0         	0         	
1628.82   	5000      	160       	-62992.4  	0         	0         	
1629.82   	5000      	160       	-63311.1  	0         	0         	
1630.82   	5000      	160       	-63602.1  	0         	0         	
1631.32   	5000      	160       	-63742.1  	0         	0         	
1632.32   	5000      	160       	-64014.4  	0         	0         	
1633.32   	5000      	160       	-64277.8  	0         	0         	
1634.32   	5000      	160       	-64531.4  	0         	0         	
1635.32   	5000      	160       	-64775.3  	0         	0         	
1636.32   	5000      	160       	-65009.9  	0         	0         	
1637.32   	5000      	160       	-65236.1  	0         	0         	
1638.32   	5000      	160       	-65454.5  	0         	0         	
1639.32   	5000      	160       	-65665.7  	0         	0         	
1640.32   	5000      	160       	-65870.3  	0         	0         	
1641.32   	5000      	160       	-66068.6  	0         	0         	
1642.32   	5000      	160       	-66261.2  	0         	0         	
1643.32   	5000      	160       	-66448.6  	0         	0         	
1644.32   	5000      	160       	-66631.2  	0         	0         	
1645.32   	5000      	160       	-66794.3  	0         	0         	
1645.81   	5000      	160       	-66872.9  	0         	0         	
1646.81   	5000      	160       	-67038.9  	0         	0         	
1647.81   	5000      	160       	-67206.6  	0         	0         	
1648.81   	5000      	160       	-67373.6  	0         	0         	
1649.81   	5000      	160       	-67541    	0         	0         	
1650.81   	5000      	160       	-67672.2  	0         	0         	
1651.29   	5000      	160       	-67726.2  	0         	0         	
1652.29   	5000      	160       	-67853.2  	0         	0         	
1653.29   	5000      	160       	-67990.8  	0         	0         	
1654.29   	5000      	160       	-68134.4  	0         	0         	
1655.29   	5000      	160       	-68281.5  	0         	0         	
1656.29   	5000      	160       	-68430.9  	0         	0         	
1657.29   	5000      	160       	-68581.8  	0         	0         	
1658.29   	5000      	160       	-68733.7  	0         	0         	
1659.29   	5000      	160       	-68886    	0         	0         	
1660      	5000      	160       	-68993.6  	0         	0         	
1662.07   	5000      	160       	0         	0         	-364791   	
1664.59   	5000      	160       	0         	0         	-243676   	
1668.16   	5000      	160       	0         	0         	-216935   	
1673.51   	5000      	160       	0         	0         	-220719   	
1681.43   	5000      	160       	0         	0         	-223729   	
1691.43   	5000      	160       	0         	0         	-234212   	
1696.2    	5000      	160       	0         	0         	-238012   	
1698.89   	5000      	160       	0         	0         	-239719   	
1705.61   	5000      	160       	0         	0         	-242172   	
1715.61   	5000      	160       	0         	0         	-245685   	
1725.61   	5000      	160       	0         	0         	-249102   	
1735.61   	5000      	160       	0         	0         	-251184   	
1745.61   	5000      	160       	0         	0         	-252790   	
1755.61   	5000      	160       	0         	0         	-254155   	
1765.61   	5000      	160       	0         	0         	-255062   	
1775.61   	5000      	160       	0         	0         	-255342   	
1780.61   	5000      	160       	0         	0         	-255425   	
1790.61   	5000      	160       	0         	0         	-253860   	
1800.61   	5000      	160       	0         	0         	-252451   	
1810.61   	5000      	160       	0         	0         	-251127   	
1820.61   	5000      	160       	0         	0         	-250057   	
1830.61   	5000      	160       	0         	0         	-249095   	
1840.61   	5000      	160       	0         	0         	-248106   	
1850.61   	5000      	160       	0         	0         	-247051   	
1860.61   	5000      	160       	0         	0         	-245862   	
1870.61   	5000      	160       	0         	0         	-244647   	
1880.61   	5000      	160       	0         	0         	-243378   	
1890.61   	5000      	160       	0         	0         	-242097   	
1900.61   	5000      	160       	0         	0         	-240888   	
1910.61   	5000      	160       	0         	0         	-239792   	
1920.61   	5000      	160       	0         	0         	-238748   	
1930.61   	5000      	160       	0         	0         	-237776   	
1940.61   	5000      	160       	0         	0         	-236925   	
1950.61   	5000      	160       	0         	0         	-236107   	
1960.61   	5000      	160       	0         	0         	-235286   	
1970.61   	5000      	160       	0         	0         	-234362   	
1980.61   	5000      	160       	0         	0         	-233422   	
1990.61   	5000      	160       	0         	0         	-232495   	
2000.61   	5000      	160       	0         	0         	-231615   	
2010.61   	5000      	160       	0         	0         	-230786   	
2020.61   	5000      	160       	0         	0         	-230023   	
2030.61   	5000      	160       	0         	0         	-229309   	
2040.61   	5000      	160       	0         	0         	-228614   	
2050.61   	5000      	160       	0         	0         	-227945   	
2060.61   	5000      	160       	0         	0         	-227295   	
2070.61   	5000      	160       	0         	0         	-226670   	
2080.61   	5000      	160       	0         	0         	-226085   	
2090.61   	5000      	160       	0         	0         	-225548   	
2100.61   	5000      	160       	0         	0         	-225061   	
2110.61   	5000      	160       	0         	0         	-224615   	
2120.61   	5000      	160       	0         	0         	-224243   	
2130.61   	5000      	160       	0         	0         	-223906   	
2140.61   	5000      	160       	0         	0         	-223581   	
2150.61   	5000      	160       	0         	0         	-223261   	
2160.61   	5000      	160       	0         	0         	-222954   	
2170.61   	5000      	160       	0         	0         	-222652   	
2180.61   	5000      	160       	0         	0         	-222350   	
2190.61   	5000      	160       	0         	0         	-222072   	
2200.61   	5000      	160       	0         	0         	-221828   	
2210.61   	5000      	160       	0         	0         	-221623   	
2220.61   	5000      	160       	0         	0         	-221444   	
2230.61   	5000      	160       	0         	0         	-221274   	
2240.61   	5000      	160       	0         	0         	-221108   	
2250.61   	5000      	160       	0         	0         	-220937   	
2260.61   	5000      	160       	0         	0         	-220767   	
2270.61   	5000      	160       	0         	0         	-220597   	
2280.61   	5000      	160       	0         	0         	-220427   	
2290.61   	5000      	160       	0         	0         	-220251   	
2300.61   	5000      	160       	0         	0         	-220068   	
2310.61   	5000      	160       	0         	0         	-219880   	
2320.61   	5000      	160       	0         	0         	-219686   	
2330.61   	5000      	160       	0         	0         	-219483   	
2340.61   	5000      	160       	0         	0         	-219265   	
2350.61   	5000      	160       	0         	0         	-219031   	
2360.61   	5000      	160       	0         	0         	-218773   	
2370.61   	5000      	160       	0         	0         	-218497   	
2380.61   	5000      	160       	0         	0         	-218211   	
2390      	5000      	160       	0         	0         	-217943   	
2391      	5000      	160       	-21406.8  	0         	0         	
2392      	5000      	160       	-20758.3  	0         	0         	
2393      	5000      	160       	-20444.2  	0         	0         	
2394      	5000      	160       	-21211.4  	0         	0         	
2395      	5000      	160       	-21810.3  	0         	0         	
2396      	5000      	160       	-22458    	0         	0         	
2397      	5000      	160       	-23189.8  	0         	0         	
2398      	5000      	160       	-23747.8  	0         	0         	
2399      	5000      	160       	-24171.2  	0         	0         	
2400      	5000      	160       	-25037.6  	0         	0         	
2401      	5000      	160       	-27030    	0         	0         	
2402      	5000      	160       	-28503.5  	0         	0         	
2403      	5000      	160       	-29608.1  	0         	0         	
2404      	5000      	160       	-30449.8  	0         	0         	
2405      	5000      	160       	-31095.3  	0         	0         	
2406      	5000      	160       	-31593.6  	0         	0         	
2407      	5000      	160       	-31981.4  	0         	0         	
2408      	5000      	160       	-32915.8  	0         	0         	
2409      	5000      	160       	-34101    	0         	0         	
2410      	5000      	160       	-35016.3  	0         	0         	
2411      	5000      	160       	-35728.5  	0         	0         	
2412      	5000      	160       	-36325    	0         	0         	
2413      	5000      	160       	-36888.2  	0         	0         	
2414      	5000      	160       	-37418.4  	0         	0         	
2415      	5000      	160       	-37899    	0         	0         	
2416      	5000      	160       	-38478.9  	0         	0         	
2417      	5000      	160       	-39055    	0         	0         	
2418      	5000      	160       	-39577.2  	0         	0         	
2419      	5000      	160       	-40024.9  	0         	0         	
2420      	5000      	160       	-40401.5  	0         	0         	
2421      	5000      	160       	-40721.2  	0         	0         	
2422      	5000      	160       	-40990.3  	0         	0         	
2423      	5000      	160       	-41208    	0         	0         	
2424      	5000      	160       	-41378.2  	0         	0         	
2425      	5000      	160       	-41542.8  	0         	0         	
2426      	5000      	160       	-41727.1  	0         	0         	
2427      	5000      	160       	-42231.5  	0         	0         	
2427.56   	5000      	160       	-42564.9  	0         	0         	
2428.56   	5000      	160       	-43110.5  	0         	0         	
2429.56   	5000      	160       	-43588.6  	0         	0         	
2430.56   	5000      	160       	-44133.6  	0         	0         	
2431.11   	5000      	160       	-44401.3  	0         	0         	
2432.11   	5000      	160       	-44811.6  	0         	0         	
2433.11   	5000      	160       	-45178.5  	0         	0         	
2434.11   	5000      	160       	-45503.9  	0         	0         	
2435.11   	5000      	160       	-45781.6  	0         	0         	
2436.11   	5000      	160       	-46009.3  	0         	0         	
2437.11   	5000      	160       	-46182    	0         	0         	
2438.11   	5000      	160       	-46303.4  	0         	0         	
2439.11   	5000      	160       	-46375.8  	0         	0         	
2440.11   	5000      	160       	-46415.6  	0         	0         	
2441.11   	5000      	160       	-46439.4  	0         	0         	
2442.11   	5000      	160       	-46447.3  	0         	0         	
2443.11   	5000      	160       	-46441.9  	0         	0         	
2444.11   	5000      	160       	-46435.2  	0         	0         	
2445.11   	5000      	160       	-46453.5  	0         	0         	
2446.11   	5000      	160       	-46495.5  	0         	0         	
2447.11   	5000      	160       	-46546.4  	0         	0         	
2448.11   	5000      	160       	-46618.5  	0         	0         	
2449.11   	5000      	160       	-46728.6  	0         	0         	
2450.11   	5000      	160       	-46862    	0         	0         	
2451.11   	5000      	160       	-46999.7  	0         	0         	
2452.11   	5000      	160       	-47132.7  	0         	0         	
2453.11   	5000      	160       	-47247.9  	0         	0         	
2454.11   	5000      	160       	-47351.8  	0         	0         	
2454.63   	5000      	160       	-47399.5  	0         	0         	
2455.63   	5000      	160       	-47478.7  	0         	0         	
2456.63   	5000      	160       	-47545    	0         	0         	
2457.63   	5000      	160       	-47596.5  	0         	0         	
2458.63   	5000      	160       	-47640.5  	0         	0         	
2459.63   	5000      	160       	-47700.5  	0         	0         	
2460.15   	5000      	160       	-47737    	0         	0         	
2461.15   	5000      	160       	-47803.7  	0         	0         	
2462.15   	5000      	160       	-47859.2  	0         	0         	
2463.15   	5000      	160       	-47913.3  	0         	0         	
2464.15   	5000      	160       	-47978.4  	0         	0         	
2465.15   	5000      	160       	-48053.8  	0         	0         	
2466.15   	5000      	160       	-48133.6  	0         	0         	
2467.15   	5000      	160       	-48213.7  	0         	0         	
2468.15   	5000      	160       	-48317    	0         	0         	
2469.15   	5000      	160       	-48442.2  	0         	0         	
2470.15   	5000      	160       	-48577.6  	0         	0         	
2471.15   	5000      	160       	-48713.7  	0         	0         	
2472.15   	5000      	160       	-48848.9  	0         	0         	
2473.15   	5000      	160       	-48982    	0         	0         	
2474.15   	5000      	160       	-49114    	0         	0         	
2475.15   	5000      	160       	-49248.3  	0         	0         	
2476.15   	5000      	160       	-49386.5  	0         	0         	
2477.15   	5000      	160       	-49527.5  	0         	0         	
2477.66   	5000      	160       	-49599.4  	0         	0         	
2478.66   	5000      	160       	-49738.2  	0         	0         	
2479.66   	5000      	160       	-49878.7  	0         	0         	
2480.18   	5000      	160       	-49950.6  	0         	0         	
2481.18   	5000      	160       	-50089.4  	0         	0         	
2482.18   	5000      	160       	-50228.6  	0         	0         	
2483.18   	5000      	160       	-50368.2  	0         	0         	
2484.18   	5000      	160       	-50515.4  	0         	0         	
2485.18   	5000      	160       	-50669.9  	0         	0         	
2486.18   	5000      	160       	-50828.8  	0         	0         	
2487.18   	5000      	160       	-50989.8  	0         	0         	
2488.18   	5000      	160       	-51137    	0         	0         	
2489.18   	5000      	160       	-51287.5  	0         	0         	
2490      	5000      	160       	-51417.2  	0         	0         	
2490.43   	5000      	160       	0         	0         	-439717   	
2491.35   	5000      	160       	0         	0         	-325008   	
2493.08   	5000      	160       	0         	0         	-229548   	
2496.08   	5000      	160       	0         	0         	-179314   	
2500.88   	5000      	160       	0         	0         	-171461   	
2508.15   	5000      	160       	0         	0         	-179843   	
2511.95   	5000      	160       	0         	0         	-184499   	
2519.52   	5000      	160       	0         	0         	-191707   	
2529.52   	5000      	160       	0         	0         	-204450   	
2539.52   	5000      	160       	0         	0         	-212018   	
2544.7    	5000      	160       	0         	0         	-214822   	
2554.7    	5000      	160       	0         	0         	-218707   	
2564.7    	5000      	160       	0         	0         	-221606   	
2569.81   	5000      	160       	0         	0         	-222783   	
2579.81   	5000      	160       	0         	0         	-224665   	
2589.81   	5000      	160       	0         	0         	-226227   	
2594.91   	5000      	160       	0         	0         	-226891   	
2604.91   	5000      	160       	0         	0         	-227782   	
2614.91   	5000      	160       	0         	0         	-228556   	
2624.91   	5000      	160       	0         	0         	-229276   	
2634.91   	5000      	160       	0         	0         	-229719   	
2644.91   	5000      	160       	0         	0         	-229829   	
2654.91   	5000      	160       	0         	0         	-229787   	
2664.91   	5000      	160       	0         	0         	-229668   	
2674.91   	5000      	160       	0         	0         	-229482   	
2684.91   	5000      	160       	0         	0         	-229217   	
2694.91   	5000      	160       	0         	0         	-228909   	
2704.91   	5000      	160       	0         	0         	-228613   	
2714.91   	5000      	160       	0         	0         	-228253   	
2724.91   	5000      	160       	0         	0         	-227742   	
2734.91   	5000      	160       	0         	0         	-227030   	
2744.91   	5000      	160       	0         	0         	-226118   	
2754.91   	5000      	160       	0         	0         	-225027   	
2764.91   	5000      	160       	0         	0         	-223744   	
2774.91   	5000      	160       	0         	0         	-222262   	
2784.91   	5000      	160       	0         	0         	-220593   	
2794.91   	5000      	160       	0         	0         	-218810   	
2804.91   	5000      	160       	0         	0         	-216919   	
2809.91   	5000      	160       	0         	0         	-216028   	
2817.8    	5000      	160       	0         	0         	-214745   	
2827.8    	5000      	160       	0         	0         	-213058   	
2832.8    	5000      	160       	0         	0         	-212243   	
2842.8    	5000      	160       	0         	0         	-210806   	
2852.8    	5000      	160       	0         	0         	-209263   	
2862.8    	5000      	160       	0         	0         	-207700   	
2872.8    	5000      	160       	0         	0         	-206175   	
2882.8    	5000      	160       	0         	0         	-204747   	
2892.8    	5000      	160       	0         	0         	-203497   	
2902.8    	5000      	160       	0         	0         	-202407   	
2912.8    	5000      	160       	0         	0         	-201238   	
2922.8    	5000      	160       	0         	0         	-200026   	
2932.8    	5000      	160       	0         	0         	-198832   	
2942.8    	5000      	160       	0         	0         	-197690   	
2952.8    	5000      	160       	0         	0         	-196565   	
2962.8    	5000      	160       	0         	0         	-195378   	
2972.8    	5000      	160       	0         	0         	-194175   	
2982.8    	5000      	160       	0         	0         	-193004   	
2992.8    	5000      	160       	0         	0         	-191869   	
3002.8    	5000      	160       	0         	0         	-190759   	
3012.8    	5000      	160       	0         	0         	-189667   	
3022.8    	5000      	160       	0         	0         	-188491   	
3032.8    	5000      	160       	0         	0         	-187167   	
3042.8    	5000      	160       	0         	0         	-185767   	
3052.8    	5000      	160       	0         	0         	-184307   	
3062.8    	5000      	160       	0         	0         	-182746   	
3072.8    	5000      	160       	0         	0         	-181073   	
3082.8    	5000      	160       	0         	0         	-179267   	
3092.8    	5000      	160       	0         	0         	-177325   	
3102.8    	5000      	160       	0         	0         	-175289   	
3112.8    	5000      	160       	0         	0         	-173181   	
3122.8    	5000      	160       	0         	0         	-170961   	
3132.8    	5000      	160       	0         	0         	-168610   	
3142.8    	5000      	160       	0         	0         	-166162   	
3152.8    	5000      	160       	0         	0         	-163699   	
3162.8    	5000      	160       	0         	0         	-161281   	
3172.8    	5000      	160       	0         	0         	-158913   	
3182.8    	5000      	160       	0         	0         	-156518   	
3192.8    	5000      	160       	0         	0         	-154034   	
3202.8    	5000      	160       	0         	0         	-151532   	
3212.8    	5000      	160       	0         	0         	-149076   	
3220      	5000      	160       	0         	0         	-147340   	
3221      	5000      	160       	-14596.8  	0         	0         	
3222      	5000      	160       	-14298.1  	0         	0         	
3223      	5000      	160       	-14010.1  	0         	0         	
3224      	5000      	160       	-13764.2  	0         	0         	
3225      	5000      	160       	-13946.9  	0         	0         	
3226      	5000      	160       	-14229.8  	0         	0         	
3227      	5000      	160       	-14464.2  	0         	0         	
3228      	5000      	160       	-14660.1  	0         	0         	
3229      	5000      	160       	-15017.8  	0         	0         	
3230      	5000      	160       	-15336.9  	0         	0         	
3231      	5000      	160       	-15594.8  	0         	0         	
3232      	5000      	160       	-15803.1  	0         	0         	
3233      	5000      	160       	-15970.4  	0         	0         	
3234      	5000      	160       	-16483.5  	0         	0         	
3235      	5000      	160       	-17486.5  	0         	0         	
3236      	5000      	160       	-18277.6  	0         	0         	
3237      	5000      	160       	-18901.2  	0         	0         	
3238      	5000      	160       	-19391.9  	0         	0         	
3239      	5000      	160       	-19779.8  	0         	0         	
3240      	5000      	160       	-20099.2  	0         	0         	
3241      	5000      	160       	-20359.6  	0         	0         	
3242      	5000      	160       	-20567.7  	0         	0         	
3243      	5000      	160       	-20731.8  	0         	0         	
3244      	5000      	160       	-21134.2  	0         	0         	
3245      	5000      	160       	-21734.9  	0         	0         	
3246      	5000      	160       	-22198.8  	0         	0         	
3247      	5000      	160       	-22557.9  	0         	0         	
3248      	5000      	160       	-22844.6  	0         	0         	
3249      	5000      	160       	-23073    	0         	0         	
3250      	5000      	160       	-23251.5  	0         	0         	
3251      	5000      	160       	-23387.3  	0         	0         	
3252      	5000      	160       	-23486.6  	0         	0         	
3253      	5000      	160       	-23554.5  	0         	0         	
3254      	5000      	160       	-23595.4  	0         	0         	
3255      	5000      	160       	-23612.9  	0         	0         	
3256      	5000      	160       	-23613.2  	0         	0         	
3257      	5000      	160       	-23598.4  	0         	0         	
3258      	5000      	160       	-23593    	0         	0         	
3259      	5000      	160       	-23628.5  	0         	0         	
3260      	5000      	160       	-23669.6  	0         	0         	
3261      	5000      	160       	-23700.9  	0         	0         	
3262      	5000      	160       	-23717.5  	0         	0         	
3263      	5000      	160       	-23718.1  	0         	0         	
3264      	5000      	160       	-23703.1  	0         	0         	
3265      	5000      	160       	-23673.9  	0         	0         	
3266      	5000      	160       	-23631.5  	0         	0         	
3267      	5000      	160       	-23576.8  	0         	0         	
3268      	5000      	160       	-23557.2  	0         	0         	
3269      	5000      	160       	-23590.4  	0         	0         	
3270      	5000      	160       	-23596.1  	0         	0         	
3271      	5000      	160       	-23580.8  	0         	0         	
3272      	5000      	160       	-23549.2  	0         	0         	
3273      	5000      	160       	-23506.1  	0         	0         	
3274      	5000      	160       	-23453    	0         	0         	
3275      	5000      	160       	-23391    	0         	0         	
3276      	5000      	160       	-23320.8  	0         	0         	
3277      	5000      	160       	-23248.8  	0         	0         	
3278      	5000      	160       	-23198.7  	0         	0         	
3279      	5000      	160       	-23150    	0         	0         	
3280      	5000      	160       	-23096.2  	0         	0         	
3281      	5000      	160       	-23035.4  	0         	0         	
3282      	5000      	160       	-22967.3  	0         	0         	
3283      	5000      	160       	-22892.5  	0         	0         	
3284      	5000      	160       	-22812.9  	0         	0         	
3285      	5000      	160       	-22737.3  	0         	0         	
3286      	5000      	160       	-22661.4  	0         	0         	
3287      	5000      	160       	-22582.4  	0         	0         	
3288      	5000      	160       	-22499.7  	0         	0         	
3289      	5000      	160       	-22413.4  	0         	0         	
3290      	5000      	160       	-22323.7  	0         	0         	
3291      	5000      	160       	-22240    	0         	0         	
3292      	5000      	160       	-22161.4  	0         	0         	
3293      	5000      	160       	-22083.8  	0         	0         	
3294      	5000      	160       	-22004.4  	0         	0         	
3295      	5000      	160       	-21922.3  	0         	0         	
3296      	5000      	160       	-21837.1  	0         	0         	
3297      	5000      	160       	-21748.7  	0         	0         	
3298      	5000      	160       	-21658.2  	0         	0         	
3299      	5000      	160       	-21566.6  	0         	0         	
3300      	5000      	160       	-21473.2  	0         	0         	
3301      	5000      	160       	-21377.9  	0         	0         	
3302      	5000      	160       	-21281    	0         	0         	
3303      	5000      	160       	-21182.4  	0         	0         	
3304      	5000      	160       	-21082.5  	0         	0         	
3305      	5000      	160       	-20981.4  	0         	0         	
3306      	5000      	160       	-20879.4  	0         	0         	
3307      	5000      	160       	-20776.6  	0         	0         	
3308      	5000      	160       	-20673.2  	0         	0         	
3309      	5000      	160       	-20569.8  	0         	0         	
3310      	5000      	160       	-20466.5  	0         	0         	
3311      	5000      	160       	-20363.5  	0         	0         	
3312      	5000      	160       	-20260.8  	0         	0         	
3313      	5000      	160       	-20159    	0         	0         	
3314      	5000      	160       	-20057.9  	0         	0         	
3315      	5000      	160       	-19957.6  	0         	0         	
3316      	5000      	160       	-19859.3  	0         	0         	
3317      	5000      	160       	-19765.4  	0         	0         	
3318      	5000      	160       	-19673.6  	0         	0         	
3319      	5000      	160       	-19582.4  	0         	0         	
3320      	5000      	160       	-19491.4  	0         	0         	
3322.87   	5000      	160       	0         	0         	-140015   	
3327.7    	5000      	160       	0         	0         	-99958.2  	
3335.8    	5000      	160       	0         	0         	-83259.2  	
3345.8    	5000      	160       	0         	0         	-81548.3  	
3355.8    	5000      	160       	0         	0         	-83040.8  	
3365.8    	5000      	160       	0         	0         	-85185.8  	
3375.8    	5000      	160       	0         	0         	-86764.5  	
3385.8    	5000      	160       	0         	0         	-87648.2  	
3395.8    	5000      	160       	0         	0         	-88587.6  	
3405.8    	5000      	160       	0         	0         	-89396.7  	
3415.8    	5000      	160       	0         	0         	-90060.9  	
3425.8    	5000      	160       	0         	0         	-91246    	
3435.8    	5000      	160       	0         	0         	-92537.9  	
3445.8    	5000      	160       	0         	0         	-93783.6  	
3455.8    	5000      	160       	0         	0         	-94908.2  	
3465.8    	5000      	160       	0         	0         	-95881.4  	
3475.8    	5000      	160       	0         	0         	-96728.7  	
3485.8    	5000      	160       	0         	0         	-97533    	
3495.8    	5000      	160       	0         	0         	-98253.2  	
3505.8    	5000      	160       	0         	0         	-98959.4  	
3515.8    	5000      	160       	0         	0         	-99585.2  	
3525.8    	5000      	160       	0         	0         	-100129   	
3535.8    	5000      	160       	0         	0         	-100588   	
3545.8    	5000      	160       	0         	0         	-100974   	
3555.8    	5000      	160       	0         	0         	-101311   	
3565.8    	5000      	160       	0         	0         	-101608   	
3575.8    	5000      	160       	0         	0         	-101871   	
3585.8    	5000      	160       	0         	0         	-102104   	
3595.8    	5000      	160       	0         	0         	-102313   	
3605.8    	5000      	160       	0         	0         	-102515   	
3615.8    	5000      	160       	0         	0         	-102706   	
3625.8    	5000      	160       	0         	0         	-102880   	
3635.8    	5000      	160       	0         	0         	-103008   	
3645.8    	5000      	160       	0         	0         	-103171   	
3655.8    	5000      	160       	0         	0         	-103478   	
3662.23   	5000      	160       	0         	0         	-103684   	
3672.23   	5000      	160       	0         	0         	-103994   	
3682.23   	5000      	160       	0         	0         	-104300   	
3692.23   	5000      	160       	0         	0         	-104596   	
3702.23   	5000      	160       	0         	0         	-104876   	
3712.23   	5000      	160       	0         	0         	-105132   	
3722.23   	5000      	160       	0         	0         	-105356   	
3732.23   	5000      	160       	0         	0         	-105542   	
3742.23   	5000      	160       	0         	0         	-105694   	
3752.23   	5000      	160       	0         	0         	-105865   	
3758.63   	5000      	160       	0         	0         	-105961   	
3768.63   	5000      	160       	0         	0         	-106149   	
3778.63   	5000      	160       	0         	0         	-106407   	
3788.63   	5000      	160       	0         	0         	-106726   	
3798.63   	5000      	160       	0         	0         	-107084   	
3808.63   	5000      	160       	0         	0         	-107460   	
3818.63   	5000      	160       	0         	0         	-107915   	
3824.98   	5000      	160       	0         	0         	-108191   	
3834.98   	5000      	160       	0         	0         	-108583   	
3844.98   	5000      	160       	0         	0         	-108946   	
3854.98   	5000      	160       	0         	0         	-109281   	
3864.98   	5000      	160       	0         	0         	-109700   	
3871.29   	5000      	160       	0         	0         	-109943   	
3881.29   	5000      	160       	0         	0         	-110265   	
3891.29   	5000      	160       	0         	0         	-110691   	
3897.56   	5000      	160       	0         	0         	-110947   	
3907.56   	5000      	160       	0         	0         	-111308   	
3917.56   	5000      	160       	0         	0         	-111824   	
3923.81   	5000      	160       	0         	0         	-112160   	
3933.81   	5000      	160       	0         	0         	-112708   	
3943.81   	5000      	160       	0         	0         	-113291   	
3953.81   	5000      	160       	0         	0         	-113909   	
3963.81   	5000      	160       	0         	0         	-114547   	
3973.81   	5000      	160       	0         	0         	-115186   	
3983.81   	5000      	160       	0         	0         	-115805   	
3993.81   	5000      	160       	0         	0         	-116383   	
4000      	5000      	160       	0         	0         	-116721   	
