Results for well: RES1_PROD.out in the reservoir: RES1_PROD.out

time	BHP	Temp	q(Gas)	q(Oil)	 q(Water)
days	psi	F	Mscf/d	stb/d	stb/d
0         	0         	-         	0         	0         	0         	
0.01      	3000      	160       	21927.6   	39590.9   	0.018797  	
0.11      	3000      	160       	19615.2   	35415.7   	0.0817145 	
0.252976  	3000      	160       	17976.7   	32457.5   	0.115844  	
0.494007  	3000      	160       	16651.7   	30065.1   	0.137329  	
0.937882  	3000      	160       	15546.2   	28069.2   	0.151186  	
1.81271   	3000      	160       	14632.4   	26419.2   	0.159912  	
3.48083   	3000      	160       	13894.4   	25086.8   	0.165191  	
6.37154   	3000      	160       	13108.4   	23667.7   	0.169113  	
10.8172   	3000      	160       	12038.3   	21735.5   	0.171685  	
17.1062   	3000      	160       	10704.7   	19327.7   	0.170519  	
26.3511   	3000      	160       	9135.52   	16494.4   	0.163109  	
36.3511   	3000      	160       	7861.83   	14194.8   	0.152437  	
46.3511   	3000      	160       	6926.03   	12505.2   	0.142013  	
56.3511   	3000      	160       	6236.01   	11259.3   	0.132961  	
66.3511   	3000      	160       	5715.68   	10319.8   	0.125386  	
76.3511   	3000      	160       	5312.89   	9592.57   	0.11909   	
86.3511   	3000      	160       	4999.8    	9027.28   	0.113943  	
96.3511   	3000      	160       	4751.75   	8579.41   	0.109713  	
106.351   	3000      	160       	4563.28   	8239.13   	0.106419  	
116.351   	3000      	160       	4419.81   	7980.08   	0.103873  	
126.351   	3000      	160       	4308.77   	7779.61   	0.101885  	
136.351   	3000      	160       	4221.52   	7622.08   	0.100319  	
146.351   	3000      	160       	4151.62   	7495.86   	0.0990653 	
156.351   	3000      	160       	4093.66   	7391.21   	0.0980298 	
166.351   	3000      	160       	4044.01   	7301.58   	0.097147  	
176.351   	3000      	160       	4002.89   	7227.33   	0.096424  	
186.351   	3000      	160       	3965.68   	7160.15   	0.0957731 	
196.351   	3000      	160       	3929.97   	7095.67   	0.0951473 	
206.351   	3000      	160       	3898.29   	7038.47   	0.0945977 	
216.351   	3000      	160       	3868.2    	6984.15   	0.0940767 	
226.351   	3000      	160       	3838.6    	6930.7    	0.0935623 	
236.351   	3000      	160       	3812.49   	6883.57   	0.0931153 	
246.351   	3000      	160       	3792.03   	6846.62   	0.0927802 	
256.351   	3000      	160       	3775.22   	6816.27   	0.0925177 	
266.351   	3000      	160       	3760.73   	6790.11   	0.0923012 	
276.351   	3000      	160       	3747.97   	6767.06   	0.0921189 	
286.351   	3000      	160       	3736.36   	6746.1    	0.0919594 	
296.351   	3000      	160       	3725.34   	6726.2    	0.0918114 	
306.351   	3000      	160       	3714.65   	6706.91   	0.0916695 	
316.351   	3000      	160       	3704.62   	6688.79   	0.0915405 	
326.351   	3000      	160       	3694.93   	6671.3    	0.0914179 	
336.351   	3000      	160       	3686.12   	6655.39   	0.091313  	
346.351   	3000      	160       	3677.89   	6640.54   	0.0912199 	
356.351   	3000      	160       	3670.42   	6627.06   	0.0911419 	
366.351   	3000      	160       	3663.15   	6613.93   	0.0910677 	
376.351   	3000      	160       	3655.35   	6599.84   	0.090982  	
386.351   	3000      	160       	3646.95   	6584.66   	0.0908833 	
396.351   	3000      	160       	3639.96   	6572.05   	0.0908139 	
406.351   	3000      	160       	3633.34   	6560.09   	0.0907517 	
416.351   	3000      	160       	3627.63   	6549.8    	0.0907085 	
426.351   	3000      	160       	3621.85   	6539.35   	0.0906634 	
436.351   	3000      	160       	3615.66   	6528.17   	0.0906093 	
446.351   	3000      	160       	3609.23   	6516.57   	0.09055   	
456.351   	3000      	160       	3602.34   	6504.12   	0.0904805 	
466.351   	3000      	160       	3596.53   	6493.63   	0.0904336 	
476.351   	3000      	160       	3592.18   	6485.79   	0.0904174 	
486.351   	3000      	160       	3588.18   	6478.56   	0.0904083 	
496.351   	3000      	160       	3584.12   	6471.23   	0.0903978 	
506.351   	3000      	160       	3580.28   	6464.3    	0.0903919 	
516.351   	3000      	160       	3576.25   	6457.02   	0.0903817 	
526.351   	3000      	160       	3571.93   	6449.22   	0.090365  	
536.351   	3000      	160       	3567.83   	6441.81   	0.090353  	
546.351   	3000      	160       	3563.48   	6433.96   	0.0903353 	
556.351   	3000      	160       	3558.68   	6425.29   	0.0903079 	
566.351   	3000      	160       	3553.43   	6415.82   	0.0902705 	
576.351   	3000      	160       	3547.48   	6405.07   	0.0902178 	
586.351   	3000      	160       	3542.53   	6396.14   	0.0901865 	
596.351   	3000      	160       	3538.23   	6388.38   	0.0901688 	
606.351   	3000      	160       	3534.09   	6380.91   	0.0901544 	
616.351   	3000      	160       	3529.75   	6373.06   	0.0901353 	
626.351   	3000      	160       	3525.03   	6364.54   	0.090108  	
636.351   	3000      	160       	3519.94   	6355.34   	0.0900722 	
646.351   	3000      	160       	3517.13   	6350.27   	0.0900858 	
656.351   	3000      	160       	3514.96   	6346.35   	0.0901133 	
666.351   	3000      	160       	3513.02   	6342.85   	0.0901456 	
676.351   	3000      	160       	3510.97   	6339.15   	0.0901754 	
686.351   	3000      	160       	3508.74   	6335.14   	0.0902013 	
696.351   	3000      	160       	3506.58   	6331.23   	0.0902285 	
706.351   	3000      	160       	3504.31   	6327.13   	0.0902532 	
716.351   	3000      	160       	3501.88   	6322.74   	0.0902743 	
726.351   	3000      	160       	3499.17   	6317.85   	0.0902891 	
730       	3000      	160       	3498.12   	6315.96   	0.0902932 	
731       	3000      	160       	3497.25   	6314.38   	0.0902814 	
732       	3000      	160       	3494.83   	6310.02   	0.0902358 	
733       	3000      	160       	3490.34   	6301.9    	0.0901444 	
734       	3000      	160       	3484.25   	6290.91   	0.090018  	
735       	3000      	160       	3478.14   	6279.87   	0.0898909 	
736       	3000      	160       	3474.25   	6272.86   	0.0898127 	
737       	3000      	160       	3475.07   	6274.34   	0.0898382 	
738       	3000      	160       	3482.94   	6288.54   	0.0900187 	
739       	3000      	160       	3500.06   	6319.46   	0.0904027 	
740       	3000      	160       	3529.01   	6371.74   	0.0910452 	
741       	3000      	160       	3572.32   	6449.92   	0.0919992 	
742       	3000      	160       	3631.94   	6557.57   	0.0933031 	
743       	3000      	160       	3709.06   	6696.81   	0.0949758 	
744       	3000      	160       	3804.04   	6868.31   	0.0970158 	
745       	3000      	160       	3916.47   	7071.29   	0.0994028 	
746       	3000      	160       	4045.04   	7303.44   	0.102097  	
746.501   	3000      	160       	4113.31   	7426.69   	0.103511  	
747.501   	3000      	160       	4263.79   	7698.4    	0.106592  	
748.501   	3000      	160       	4427.06   	7993.19   	0.109875  	
749.501   	3000      	160       	4601.69   	8308.48   	0.113318  	
750.501   	3000      	160       	4786.22   	8641.66   	0.116879  	
751.501   	3000      	160       	4979.22   	8990.12   	0.120519  	
752.501   	3000      	160       	5179.35   	9351.47   	0.124202  	
753.501   	3000      	160       	5386.09   	9724.74   	0.127907  	
754.501   	3000      	160       	5599.21   	10109.5   	0.131622  	
755.501   	3000      	160       	5818.39   	10505.3   	0.13533   	
756.501   	3000      	160       	6043.07   	10910.9   	0.139012  	
757.501   	3000      	160       	6273      	11326.1   	0.142655  	
758.501   	3000      	160       	6508.09   	11750.5   	0.146249  	
759.501   	3000      	160       	6747.9    	12183.5   	0.149777  	
760.501   	3000      	160       	6991.68   	12623.7   	0.15322   	
761.501   	3000      	160       	7238.58   	13069.5   	0.156559  	
762.501   	3000      	160       	7487.76   	13519.4   	0.159777  	
763.501   	3000      	160       	7737.69   	13970.6   	0.16285   	
763.988   	3000      	160       	7859.39   	14190.3   	0.164291  	
764.988   	3000      	160       	8108.93   	14640.9   	0.167129  	
765.988   	3000      	160       	8357.64   	15089.9   	0.169802  	
766.988   	3000      	160       	8605.17   	15536.9   	0.172308  	
767.988   	3000      	160       	8851.13   	15981     	0.174644  	
768.988   	3000      	160       	9095.12   	16421.5   	0.176809  	
769.988   	3000      	160       	9336.72   	16857.7   	0.178803  	
770.988   	3000      	160       	9575.54   	17288.9   	0.180626  	
771.988   	3000      	160       	9811.3    	17714.6   	0.18228   	
772.988   	3000      	160       	10043.8   	18134.3   	0.18377   	
773.988   	3000      	160       	10272.7   	18547.7   	0.185099  	
774.988   	3000      	160       	10497.9   	18954.3   	0.186271  	
775.988   	3000      	160       	10719.1   	19353.7   	0.187292  	
776.988   	3000      	160       	10936.1   	19745.5   	0.188167  	
777.988   	3000      	160       	11148.7   	20129.3   	0.188903  	
778.988   	3000      	160       	11356.6   	20504.7   	0.189504  	
779.988   	3000      	160       	11559.8   	20871.6   	0.18998   	
780.988   	3000      	160       	11758.1   	21229.6   	0.190336  	
781.988   	3000      	160       	11950.7   	21577.3   	0.190579  	
782.461   	3000      	160       	12040.5   	21739.4   	0.190657  	
783.461   	3000      	160       	12224.9   	22072.4   	0.19075   	
784.461   	3000      	160       	12402.9   	22393.8   	0.19075   	
784.932   	3000      	160       	12485.5   	22542.9   	0.19072   	
785.932   	3000      	160       	12655.1   	22849.1   	0.1906    	
786.932   	3000      	160       	12820.1   	23147     	0.190406  	
787.932   	3000      	160       	12980.8   	23437.1   	0.190144  	
788.932   	3000      	160       	13137.2   	23719.6   	0.18982   	
789.932   	3000      	160       	13289.3   	23994.2   	0.189438  	
790.932   	3000      	160       	13436.9   	24260.7   	0.189005  	
791.932   	3000      	160       	13580.1   	24519.2   	0.188526  	
792.932   	3000      	160       	13718.7   	24769.6   	0.188006  	
793.932   	3000      	160       	13852.9   	25011.8   	0.18745   	
794.932   	3000      	160       	13982.6   	25246     	0.186864  	
795.932   	3000      	160       	14107.9   	25472.2   	0.186252  	
796.932   	3000      	160       	14228.8   	25690.5   	0.185618  	
797.932   	3000      	160       	14345.5   	25901.1   	0.184966  	
798.932   	3000      	160       	14457.9   	26104.2   	0.184299  	
799.932   	3000      	160       	14566.3   	26299.9   	0.183622  	
800.932   	3000      	160       	14670.8   	26488.5   	0.182937  	
801.932   	3000      	160       	14771.3   	26670.1   	0.182246  	
802.932   	3000      	160       	14868.2   	26844.9   	0.181553  	
803.932   	3000      	160       	14961.4   	27013.3   	0.180859  	
804.932   	3000      	160       	15048.6   	27170.7   	0.180186  	
805.391   	3000      	160       	15087.5   	27240.9   	0.179879  	
806.391   	3000      	160       	15168.8   	27387.8   	0.179221  	
807.391   	3000      	160       	15247.6   	27530     	0.178565  	
808.391   	3000      	160       	15324     	27667.9   	0.177911  	
809.391   	3000      	160       	15397.9   	27801.3   	0.177261  	
810.391   	3000      	160       	15469.2   	27930     	0.176618  	
811.391   	3000      	160       	15537.9   	28054.1   	0.175983  	
812.391   	3000      	160       	15604.2   	28173.8   	0.175358  	
813.391   	3000      	160       	15668     	28289     	0.174742  	
814.391   	3000      	160       	15729.5   	28400     	0.174137  	
815.391   	3000      	160       	15787     	28503.8   	0.17356   	
815.841   	3000      	160       	15812.2   	28549.3   	0.173303  	
816.841   	3000      	160       	15866.2   	28646.8   	0.172747  	
817.841   	3000      	160       	15918.7   	28741.7   	0.172197  	
818.841   	3000      	160       	15970     	28834.3   	0.171652  	
819.841   	3000      	160       	16019.9   	28924.4   	0.171113  	
820.841   	3000      	160       	16068.4   	29011.9   	0.170581  	
821.841   	3000      	160       	16115.5   	29096.9   	0.170058  	
822.841   	3000      	160       	16161.2   	29179.4   	0.169543  	
823.841   	3000      	160       	16205.6   	29259.6   	0.169036  	
824.841   	3000      	160       	16248.7   	29337.4   	0.168538  	
825.841   	3000      	160       	16290.6   	29413.1   	0.168047  	
826.841   	3000      	160       	16331.4   	29486.7   	0.167564  	
827.841   	3000      	160       	16371     	29558.3   	0.167089  	
828.841   	3000      	160       	16409.7   	29628     	0.166621  	
829.841   	3000      	160       	16445.3   	29692.4   	0.166183  	
830       	3000      	160       	16450.9   	29702.5   	0.166115  	
830.474   	3000      	160       	16465.6   	29729     	0.165932  	
831.388   	3000      	160       	16464.3   	29726.7   	0.165934  	
832.975   	3000      	160       	16326     	29476.8   	0.167542  	
835.608   	3000      	160       	15844.2   	28606.8   	0.172739  	
839.76    	3000      	160       	14917     	26932.6   	0.180842  	
846.268   	3000      	160       	13546.9   	24458.2   	0.188292  	
849.063   	3000      	160       	12990.1   	23452.7   	0.189801  	
854.887   	3000      	160       	11978.6   	21625.8   	0.190352  	
864.887   	3000      	160       	10640.2   	19207.4   	0.186827  	
874.887   	3000      	160       	9617.14   	17358     	0.180935  	
884.887   	3000      	160       	8809.62   	15897.2   	0.174368  	
894.887   	3000      	160       	8147.76   	14698.6   	0.167744  	
904.887   	3000      	160       	7625.11   	13750.9   	0.161733  	
914.887   	3000      	160       	7201.98   	12982.2   	0.156365  	
924.887   	3000      	160       	6855.4    	12351     	0.151631  	
933.253   	3000      	160       	6607.53   	11898.5   	0.148058  	
943.253   	3000      	160       	6377.75   	11476.7   	0.144603  	
953.253   	3000      	160       	6192.43   	11134.2   	0.141708  	
963.253   	3000      	160       	6041.78   	10853.2   	0.139275  	
973.253   	3000      	160       	5921.67   	10626     	0.137274  	
983.253   	3000      	160       	5827.72   	10444.6   	0.135656  	
993.253   	3000      	160       	5761.91   	10312.2   	0.134471  	
1003.25   	3000      	160       	5715.39   	10212.9   	0.133582  	
1013.25   	3000      	160       	5681.63   	10135.1   	0.132886  	
1023.25   	3000      	160       	5657      	10071.5   	0.132317  	
1033.25   	3000      	160       	5643.73   	10025.5   	0.131906  	
1043.25   	3000      	160       	5641.41   	9996.67   	0.131653  	
1053.25   	3000      	160       	5643.9    	9974.38   	0.131457  	
1063.25   	3000      	160       	5649.15   	9954.23   	0.131273  	
1073.25   	3000      	160       	5656.51   	9934.9    	0.131088  	
1083.25   	3000      	160       	5669.54   	9921.89   	0.130954  	
1093.25   	3000      	160       	5686.94   	9914.09   	0.130864  	
1103.25   	3000      	160       	5706.77   	9907.21   	0.130773  	
1113.25   	3000      	160       	5730.51   	9903.68   	0.130705  	
1123.25   	3000      	160       	5755.8    	9899.33   	0.130619  	
1133.25   	3000      	160       	5781.43   	9892.06   	0.130493  	
1143.25   	3000      	160       	5807.28   	9881.72   	0.130328  	
1153.25   	3000      	160       	5833.27   	9868.24   	0.130121  	
1163.25   	3000      	160       	5859.67   	9852.18   	0.129879  	
1173.25   	3000      	160       	5888.34   	9836.78   	0.129634  	
1183.25   	3000      	160       	5919.25   	9822.07   	0.129386  	
1193.25   	3000      	160       	5953.48   	9809.9    	0.129154  	
1203.25   	3000      	160       	5990.71   	9799.82   	0.128934  	
1213.25   	3000      	160       	6028.71   	9788.31   	0.128693  	
1223.25   	3000      	160       	6066.94   	9774.74   	0.128423  	
1233.25   	3000      	160       	6105.61   	9759.66   	0.128132  	
1243.25   	3000      	160       	6144.05   	9742.28   	0.127812  	
1253.25   	3000      	160       	6181.92   	9722.34   	0.127461  	
1263.25   	3000      	160       	6218.96   	9699.74   	0.127079  	
1273.25   	3000      	160       	6254.23   	9673.3    	0.126654  	
1283.25   	3000      	160       	6293.8    	9652.68   	0.126286  	
1293.25   	3000      	160       	6337.31   	9637.29   	0.125967  	
1303.25   	3000      	160       	6376.85   	9615.38   	0.125581  	
1313.25   	3000      	160       	6424      	9604.38   	0.125303  	
1323.25   	3000      	160       	6469.53   	9590.6    	0.124997  	
1333.25   	3000      	160       	6514.1    	9575.28   	0.124675  	
1343.25   	3000      	160       	6557.13   	9557.82   	0.124332  	
1353.25   	3000      	160       	6598.03   	9537.57   	0.123963  	
1363.25   	3000      	160       	6638.69   	9517.49   	0.123597  	
1373.25   	3000      	160       	6680.47   	9499.63   	0.123255  	
1383.25   	3000      	160       	6721.23   	9481.07   	0.122909  	
1393.25   	3000      	160       	6760.2    	9460.87   	0.122549  	
1403.25   	3000      	160       	6796.61   	9438.15   	0.122167  	
1413.25   	3000      	160       	6830.24   	9412.8    	0.121762  	
1423.25   	3000      	160       	6863.83   	9388.72   	0.121375  	
1433.25   	3000      	160       	6896.43   	9365      	0.120996  	
1443.25   	3000      	160       	6935.73   	9351.32   	0.120723  	
1453.25   	3000      	160       	6970.38   	9332.77   	0.120405  	
1463.25   	3000      	160       	7001.47   	9311.01   	0.12006   	
1473.25   	3000      	160       	7029.11   	9286.31   	0.119689  	
1483.25   	3000      	160       	7053.51   	9259.08   	0.119298  	
1493.25   	3000      	160       	7076.03   	9231.54   	0.118911  	
1503.25   	3000      	160       	7103.05   	9211.21   	0.118602  	
1513.25   	3000      	160       	7126.9    	9188.88   	0.118279  	
1523.25   	3000      	160       	7153.28   	9171.15   	0.118008  	
1533.25   	3000      	160       	7176.12   	9150.64   	0.117714  	
1543.25   	3000      	160       	7195.08   	9127.36   	0.117398  	
1553.25   	3000      	160       	7215.56   	9107.71   	0.117125  	
1560      	3000      	160       	7229.91   	9095.8    	0.116958  	
1561      	3000      	160       	7231.45   	9093.33   	0.116926  	
1562      	3000      	160       	7233.69   	9091.76   	0.116903  	
1563      	3000      	160       	7236.33   	9090.7    	0.116886  	
1564      	3000      	160       	7239.44   	9090.27   	0.116875  	
1565      	3000      	160       	7243.15   	9090.58   	0.116872  	
1566      	3000      	160       	7247.68   	9091.95   	0.11688   	
1567      	3000      	160       	7253.41   	9094.83   	0.116904  	
1568      	3000      	160       	7260.73   	9099.73   	0.116949  	
1569      	3000      	160       	7270.13   	9107.23   	0.117021  	
1570      	3000      	160       	7282.13   	9117.99   	0.117127  	
1571      	3000      	160       	7297.42   	9132.88   	0.117275  	
1572      	3000      	160       	7316.87   	9152.96   	0.117478  	
1573      	3000      	160       	7341.43   	9179.43   	0.117746  	
1574      	3000      	160       	7371.95   	9213.32   	0.11809   	
1575      	3000      	160       	7409.1    	9255.48   	0.118519  	
1576      	3000      	160       	7453.39   	9306.5    	0.119039  	
1577      	3000      	160       	7505.12   	9366.76   	0.119651  	
1578      	3000      	160       	7564.23   	9436.17   	0.120355  	
1579      	3000      	160       	7630.5    	9514.42   	0.121145  	
1580      	3000      	160       	7703.92   	9601.5    	0.122022  	
1581      	3000      	160       	7784.88   	9697.86   	0.122988  	
1581.65   	3000      	160       	7841.23   	9765.07   	0.123658  	
1582.65   	3000      	160       	7935.52   	9877.83   	0.124778  	
1583.65   	3000      	160       	8038.07   	10000.7   	0.125991  	
1584.65   	3000      	160       	8148.76   	10133.6   	0.127293  	
1585.65   	3000      	160       	8267.28   	10276     	0.128678  	
1586.65   	3000      	160       	8394.16   	10428.7   	0.13015   	
1587.65   	3000      	160       	8529.97   	10592.2   	0.131712  	
1588.65   	3000      	160       	8674.56   	10766.4   	0.13336   	
1589.65   	3000      	160       	8827.33   	10950.5   	0.135083  	
1590.65   	3000      	160       	8987.35   	11143.4   	0.136868  	
1591.65   	3000      	160       	9154.97   	11345.3   	0.138714  	
1592.65   	3000      	160       	9330.35   	11556.7   	0.140621  	
1593.65   	3000      	160       	9512.99   	11776.7   	0.142579  	
1594.65   	3000      	160       	9702.3    	12004.6   	0.144578  	
1595.65   	3000      	160       	9897.59   	12239.6   	0.146608  	
1596.65   	3000      	160       	10099.9   	12482.9   	0.148676  	
1597.65   	3000      	160       	10308.1   	12733     	0.150766  	
1598.65   	3000      	160       	10521     	12988.6   	0.152865  	
1599.65   	3000      	160       	10739.4   	13250.6   	0.154976  	
1600.65   	3000      	160       	10963.8   	13519.7   	0.157103  	
1601.19   	3000      	160       	11086.4   	13666.5   	0.158245  	
1601.48   	3000      	160       	11152.9   	13746.1   	0.15886   	
1602.31   	3000      	160       	11348.1   	13979.8   	0.160641  	
1603.31   	3000      	160       	11587.3   	14265.8   	0.162778  	
1604.31   	3000      	160       	11830.1   	14555.8   	0.164896  	
1605.31   	3000      	160       	12076.2   	14849.3   	0.166988  	
1606.31   	3000      	160       	12324.9   	15145.5   	0.169047  	
1607.31   	3000      	160       	12575.4   	15443.5   	0.171066  	
1608.31   	3000      	160       	12827.1   	15742.4   	0.173038  	
1609.31   	3000      	160       	13079.4   	16041.5   	0.174958  	
1610.31   	3000      	160       	13331.9   	16340.3   	0.176822  	
1611.31   	3000      	160       	13584.7   	16639     	0.178631  	
1612.31   	3000      	160       	13837.9   	16937.6   	0.180386  	
1613.31   	3000      	160       	14091.6   	17236.3   	0.182087  	
1614.31   	3000      	160       	14345.6   	17535     	0.183734  	
1615.31   	3000      	160       	14599.3   	17832.6   	0.185322  	
1616.31   	3000      	160       	14851.9   	18128.4   	0.186846  	
1617.31   	3000      	160       	15102.7   	18421.5   	0.188303  	
1618.31   	3000      	160       	15351.4   	18711.5   	0.189692  	
1619.31   	3000      	160       	15599     	18999.7   	0.191023  	
1620.31   	3000      	160       	15846.5   	19287.2   	0.192298  	
1621.31   	3000      	160       	16093.9   	19574.1   	0.193521  	
1622.31   	3000      	160       	16340.9   	19860.2   	0.194689  	
1622.82   	3000      	160       	16465.9   	20004.7   	0.19526   	
1623.82   	3000      	160       	16710.8   	20287.4   	0.196339  	
1624.82   	3000      	160       	16953.1   	20566.4   	0.197356  	
1625.82   	3000      	160       	17193.2   	20842.3   	0.198313  	
1626.82   	3000      	160       	17430.7   	21114.6   	0.199211  	
1627.82   	3000      	160       	17665.2   	21382.9   	0.200051  	
1628.82   	3000      	160       	17896.8   	21647.3   	0.200834  	
1629.82   	3000      	160       	18127.9   	21910.6   	0.201571  	
1630.82   	3000      	160       	18354.2   	22167.8   	0.202248  	
1631.32   	3000      	160       	18465.5   	22293.9   	0.202565  	
1632.32   	3000      	160       	18682.6   	22539.5   	0.203153  	
1633.32   	3000      	160       	18894.3   	22778     	0.203688  	
1634.32   	3000      	160       	19100.6   	23009.8   	0.204173  	
1635.32   	3000      	160       	19302.1   	23235.3   	0.204612  	
1636.32   	3000      	160       	19498.8   	23455     	0.205009  	
1637.32   	3000      	160       	19691.1   	23668.9   	0.205366  	
1638.32   	3000      	160       	19878.9   	23877.3   	0.205686  	
1639.32   	3000      	160       	20062.5   	24080.4   	0.205971  	
1640.32   	3000      	160       	20242     	24278.2   	0.206224  	
1641.32   	3000      	160       	20417.3   	24470.9   	0.206446  	
1642.32   	3000      	160       	20588.9   	24658.9   	0.20664   	
1643.32   	3000      	160       	20756.9   	24842.3   	0.206808  	
1644.32   	3000      	160       	20921.2   	25021.2   	0.206951  	
1645.32   	3000      	160       	21080.8   	25194.3   	0.20707   	
1645.81   	3000      	160       	21157.8   	25277.6   	0.207121  	
1646.81   	3000      	160       	21311.9   	25443.9   	0.207208  	
1647.81   	3000      	160       	21462.7   	25606.1   	0.207276  	
1648.81   	3000      	160       	21610.5   	25764.5   	0.207327  	
1649.81   	3000      	160       	21755.4   	25919.3   	0.207361  	
1650.81   	3000      	160       	21895.4   	26068.2   	0.20738   	
1651.29   	3000      	160       	21962.4   	26139.2   	0.207383  	
1652.29   	3000      	160       	22097.5   	26282     	0.207381  	
1653.29   	3000      	160       	22230.2   	26421.8   	0.207367  	
1654.29   	3000      	160       	22360.7   	26558.8   	0.207341  	
1655.29   	3000      	160       	22489.1   	26693.2   	0.207303  	
1656.29   	3000      	160       	22615.9   	26825.6   	0.207256  	
1657.29   	3000      	160       	22741     	26955.7   	0.207198  	
1658.29   	3000      	160       	22864.3   	27083.4   	0.20713   	
1659.29   	3000      	160       	22985.6   	27208.7   	0.207054  	
1660      	3000      	160       	23070.8   	27296.3   	0.206995  	
1662.07   	3000      	160       	23138.5   	27337.1   	0.206968  	
1664.59   	3000      	160       	22857.1   	26956.6   	0.207194  	
1668.16   	3000      	160       	21996.5   	25876     	0.207287  	
1673.51   	3000      	160       	20398.2   	23907.7   	0.205429  	
1681.43   	3000      	160       	18036     	21029.9   	0.198144  	
1691.43   	3000      	160       	15808.1   	18315.4   	0.186451  	
1696.2    	3000      	160       	14895.8   	17207.4   	0.180373  	
1698.89   	3000      	160       	14436.1   	16648.9   	0.177027  	
1705.61   	3000      	160       	13527.5   	15537.4   	0.169807  	
1715.61   	3000      	160       	12563.1   	14342.3   	0.161208  	
1725.61   	3000      	160       	11820     	13413.4   	0.153937  	
1735.61   	3000      	160       	11235.1   	12675.9   	0.147802  	
1745.61   	3000      	160       	10787.1   	12103.3   	0.142816  	
1755.61   	3000      	160       	10425.4   	11636.6   	0.138614  	
1765.61   	3000      	160       	10127.3   	11248.8   	0.135031  	
1775.61   	3000      	160       	9885.83   	10931.4   	0.132041  	
1780.61   	3000      	160       	9788.11   	10799.7   	0.130782  	
1790.61   	3000      	160       	9600.97   	10552.5   	0.128411  	
1800.61   	3000      	160       	9425.57   	10326.2   	0.126232  	
1810.61   	3000      	160       	9278.84   	10137.3   	0.124408  	
1820.61   	3000      	160       	9156.05   	9980.02   	0.122892  	
1830.61   	3000      	160       	9049.74   	9845.02   	0.121596  	
1840.61   	3000      	160       	8949.42   	9721.02   	0.120414  	
1850.61   	3000      	160       	8847.28   	9602.62   	0.119303  	
1860.61   	3000      	160       	8748.13   	9495.13   	0.118318  	
1870.61   	3000      	160       	8650.31   	9394.9    	0.11742   	
1880.61   	3000      	160       	8551.72   	9299.08   	0.116577  	
1890.61   	3000      	160       	8444.78   	9199.68   	0.11571   	
1900.61   	3000      	160       	8342.26   	9110.54   	0.114961  	
1910.61   	3000      	160       	8242.7    	9031.73   	0.114339  	
1920.61   	3000      	160       	8139.59   	8957.6    	0.113792  	
1930.61   	3000      	160       	8028.68   	8885.17   	0.113296  	
1940.61   	3000      	160       	7917.24   	8824.34   	0.112964  	
1950.61   	3000      	160       	7807.17   	8777.92   	0.112832  	
1960.61   	3000      	160       	7678.42   	8726.93   	0.112711  	
1970.61   	3000      	160       	7537.97   	8677.64   	0.112667  	
1980.61   	3000      	160       	7463.56   	8693.88   	0.113297  	
1990.61   	3000      	160       	7399.37   	8713.5    	0.113937  	
2000.61   	3000      	160       	7345.57   	8737.77   	0.114603  	
2010.61   	3000      	160       	7290.85   	8755.29   	0.115179  	
2020.61   	3000      	160       	7243.27   	8774.47   	0.115751  	
2030.61   	3000      	160       	7196.11   	8790.02   	0.116271  	
2040.61   	3000      	160       	7149.63   	8801.95   	0.116738  	
2050.61   	3000      	160       	7115.22   	8813.91   	0.117148  	
2060.61   	3000      	160       	7085.47   	8810.96   	0.11731   	
2070.61   	3000      	160       	7064.18   	8798.31   	0.117283  	
2080.61   	3000      	160       	7075.07   	8813.68   	0.117523  	
2090.61   	3000      	160       	7103.37   	8846.72   	0.11795   	
2100.61   	3000      	160       	7114.05   	8857.66   	0.118145  	
2110.61   	3000      	160       	7116.79   	8859.64   	0.118258  	
2120.61   	3000      	160       	7110.75   	8852.97   	0.118301  	
2130.61   	3000      	160       	7110.58   	8848.54   	0.118358  	
2140.61   	3000      	160       	7114      	8837.74   	0.118306  	
2150.61   	3000      	160       	7121.23   	8816.1    	0.118074  	
2160.61   	3000      	160       	7136.01   	8784.9    	0.11766   	
2170.61   	3000      	160       	7165.95   	8746.94   	0.117062  	
2180.61   	3000      	160       	7205.72   	8696.71   	0.116223  	
2190.61   	3000      	160       	7254.65   	8641.23   	0.115255  	
2200.61   	3000      	160       	7311.62   	8586.47   	0.114258  	
2210.61   	3000      	160       	7371.06   	8531.87   	0.113256  	
2220.61   	3000      	160       	7427.12   	8475.45   	0.112249  	
2230.61   	3000      	160       	7477.06   	8417.62   	0.111256  	
2240.61   	3000      	160       	7521.31   	8361.12   	0.110317  	
2250.61   	3000      	160       	7559.81   	8307.05   	0.109451  	
2260.61   	3000      	160       	7591.27   	8254.3    	0.108644  	
2270.61   	3000      	160       	7617.66   	8204.93   	0.107919  	
2280.61   	3000      	160       	7638.68   	8158.24   	0.107266  	
2290.61   	3000      	160       	7655.2    	8114.56   	0.106684  	
2300.61   	3000      	160       	7667.15   	8073.19   	0.106164  	
2310.61   	3000      	160       	7678.1    	8037.2    	0.105735  	
2320.61   	3000      	160       	7686.59   	8004.3    	0.105368  	
2330.61   	3000      	160       	7692.26   	7973.46   	0.105049  	
2340.61   	3000      	160       	7694.28   	7943.28   	0.104757  	
2350.61   	3000      	160       	7694.37   	7915      	0.104506  	
2360.61   	3000      	160       	7692.1    	7887.69   	0.104281  	
2370.61   	3000      	160       	7687.85   	7861.29   	0.104079  	
2380.61   	3000      	160       	7685.49   	7839.37   	0.10394   	
2390      	3000      	160       	7683.74   	7821.16   	0.103844  	
2391      	3000      	160       	7683.62   	7819.31   	0.103835  	
2392      	3000      	160       	7683.56   	7817.54   	0.103827  	
2393      	3000      	160       	7683.57   	7815.87   	0.10382   	
2394      	3000      	160       	7683.73   	7814.37   	0.103815  	
2395      	3000      	160       	7684.1    	7813.11   	0.103813  	
2396      	3000      	160       	7684.82   	7812.22   	0.103816  	
2397      	3000      	160       	7686.1    	7811.93   	0.103825  	
2398      	3000      	160       	7688.14   	7812.44   	0.103844  	
2399      	3000      	160       	7691.15   	7813.97   	0.103875  	
2400      	3000      	160       	7695.34   	7816.72   	0.10392   	
2401      	3000      	160       	7700.96   	7820.96   	0.103982  	
2402      	3000      	160       	7708.28   	7826.96   	0.104065  	
2403      	3000      	160       	7717.64   	7835.07   	0.104172  	
2404      	3000      	160       	7729.49   	7845.74   	0.104309  	
2405      	3000      	160       	7744.29   	7859.44   	0.104481  	
2406      	3000      	160       	7762.5    	7876.62   	0.104694  	
2407      	3000      	160       	7784.5    	7897.7    	0.104951  	
2408      	3000      	160       	7810.62   	7922.98   	0.105257  	
2409      	3000      	160       	7841.21   	7952.81   	0.105614  	
2410      	3000      	160       	7876.51   	7987.43   	0.106027  	
2411      	3000      	160       	7916.66   	8026.97   	0.106496  	
2412      	3000      	160       	7961.76   	8071.51   	0.107021  	
2413      	3000      	160       	8011.98   	8121.22   	0.107605  	
2414      	3000      	160       	8067.51   	8176.27   	0.108248  	
2415      	3000      	160       	8128.55   	8236.84   	0.108953  	
2416      	3000      	160       	8195.25   	8303.09   	0.10972   	
2417      	3000      	160       	8268.28   	8375.67   	0.110557  	
2418      	3000      	160       	8347.92   	8454.87   	0.111467  	
2419      	3000      	160       	8433.89   	8540.35   	0.112444  	
2420      	3000      	160       	8525.73   	8631.64   	0.113482  	
2421      	3000      	160       	8623.38   	8728.63   	0.11458   	
2422      	3000      	160       	8726.63   	8831.11   	0.115734  	
2423      	3000      	160       	8834.99   	8938.52   	0.116938  	
2424      	3000      	160       	8947.86   	9050.25   	0.118183  	
2425      	3000      	160       	9064.77   	9165.77   	0.119464  	
2426      	3000      	160       	9185.83   	9285.19   	0.12078   	
2427      	3000      	160       	9311.21   	9408.68   	0.122133  	
2427.56   	3000      	160       	9383.02   	9479.33   	0.122903  	
2428.56   	3000      	160       	9515.26   	9609.24   	0.124313  	
2429.56   	3000      	160       	9651.93   	9743.28   	0.125759  	
2430.56   	3000      	160       	9793.02   	9881.43   	0.12724   	
2431.11   	3000      	160       	9872.5    	9959.17   	0.128068  	
2432.11   	3000      	160       	10020.4   	10103.6   	0.1296    	
2433.11   	3000      	160       	10171.9   	10251.3   	0.131155  	
2434.11   	3000      	160       	10326.4   	10401.5   	0.132726  	
2435.11   	3000      	160       	10483.6   	10554.1   	0.134309  	
2436.11   	3000      	160       	10644.3   	10709.6   	0.135912  	
2437.11   	3000      	160       	10807.2   	10867     	0.13752   	
2438.11   	3000      	160       	10971.4   	11025.1   	0.139125  	
2439.11   	3000      	160       	11135.5   	11182.6   	0.14071   	
2440.11   	3000      	160       	11298.3   	11338.4   	0.142266  	
2441.11   	3000      	160       	11459.2   	11491.7   	0.143786  	
2442.11   	3000      	160       	11617.6   	11642     	0.145264  	
2443.11   	3000      	160       	11773.2   	11789     	0.146699  	
2444.11   	3000      	160       	11925.9   	11932.6   	0.14809   	
2445.11   	3000      	160       	12075.8   	12073.1   	0.149442  	
2446.11   	3000      	160       	12223.6   	12211.2   	0.150762  	
2447.11   	3000      	160       	12369.7   	12347.2   	0.152054  	
2448.11   	3000      	160       	12514.2   	12481.4   	0.15332   	
2449.11   	3000      	160       	12657.8   	12614.5   	0.154567  	
2450.11   	3000      	160       	12800.9   	12746.9   	0.155801  	
2451.11   	3000      	160       	12944     	12879.2   	0.157026  	
2452.11   	3000      	160       	13087.2   	13011.5   	0.158243  	
2453.11   	3000      	160       	13229.8   	13143.1   	0.159448  	
2454.11   	3000      	160       	13371.4   	13273.6   	0.160634  	
2454.63   	3000      	160       	13444.1   	13340.5   	0.16124   	
2455.63   	3000      	160       	13582.9   	13468.2   	0.162391  	
2456.63   	3000      	160       	13719.1   	13593.3   	0.163512  	
2457.63   	3000      	160       	13852.3   	13715.4   	0.164601  	
2458.63   	3000      	160       	13982.4   	13834.5   	0.165658  	
2459.63   	3000      	160       	14109.4   	13950.5   	0.166682  	
2460.15   	3000      	160       	14175.7   	14011     	0.167214  	
2461.15   	3000      	160       	14300.4   	14124.6   	0.168208  	
2462.15   	3000      	160       	14422.4   	14235.4   	0.169173  	
2463.15   	3000      	160       	14541.6   	14343.3   	0.170108  	
2464.15   	3000      	160       	14659.7   	14450     	0.171028  	
2465.15   	3000      	160       	14777     	14555.8   	0.171936  	
2466.15   	3000      	160       	14894.3   	14661.5   	0.172838  	
2467.15   	3000      	160       	15011.7   	14767.3   	0.173737  	
2468.15   	3000      	160       	15129.5   	14873.5   	0.174633  	
2469.15   	3000      	160       	15248.1   	14980.3   	0.175531  	
2470.15   	3000      	160       	15367.6   	15088     	0.176429  	
2471.15   	3000      	160       	15487.9   	15196.3   	0.177328  	
2472.15   	3000      	160       	15610.2   	15306.4   	0.178236  	
2473.15   	3000      	160       	15734.9   	15418.8   	0.179157  	
2474.15   	3000      	160       	15862.1   	15533.5   	0.18009   	
2475.15   	3000      	160       	15992     	15650.6   	0.181036  	
2476.15   	3000      	160       	16125.3   	15770.8   	0.182     	
2477.15   	3000      	160       	16261.4   	15893.5   	0.182975  	
2477.66   	3000      	160       	16331.6   	15956.8   	0.183475  	
2478.66   	3000      	160       	16471.8   	16082.7   	0.184463  	
2479.66   	3000      	160       	16614.8   	16210.5   	0.185456  	
2480.18   	3000      	160       	16690     	16277.6   	0.185974  	
2481.18   	3000      	160       	16839.4   	16410.4   	0.186989  	
2482.18   	3000      	160       	16991.2   	16544.8   	0.188005  	
2483.18   	3000      	160       	17145.1   	16680.3   	0.18902   	
2484.18   	3000      	160       	17301.8   	16817.6   	0.190036  	
2485.18   	3000      	160       	17460.9   	16956.5   	0.191053  	
2486.18   	3000      	160       	17622.4   	17096.6   	0.192068  	
2487.18   	3000      	160       	17785.6   	17237.6   	0.193078  	
2488.18   	3000      	160       	17950     	17378.7   	0.194077  	
2489.18   	3000      	160       	18115     	17519.5   	0.195063  	
2490      	3000      	160       	18250.4   	17634.4   	0.195859  	
2490.43   	3000      	160       	18320.9   	17694.1   	0.196269  	
2491.35   	3000      	160       	18470.9   	17819.9   	0.197128  	
2493.08   	3000      	160       	18706.2   	18009.1   	0.198402  	
2496.08   	3000      	160       	18870.9   	18102     	0.19902   	
2500.88   	3000      	160       	18594.4   	17759.5   	0.196767  	
2508.15   	3000      	160       	17605.2   	16778.6   	0.190072  	
2511.95   	3000      	160       	17038.8   	16237.8   	0.186199  	
2519.52   	3000      	160       	15953.1   	15241.4   	0.178818  	
2529.52   	3000      	160       	14513.7   	13918.5   	0.168258  	
2539.52   	3000      	160       	13194.7   	12691.3   	0.157666  	
2544.7    	3000      	160       	12577.5   	12114.3   	0.152433  	
2554.7    	3000      	160       	11692.1   	11284.7   	0.144773  	
2564.7    	3000      	160       	11040.2   	10669.6   	0.139031  	
2569.81   	3000      	160       	10753.3   	10397.3   	0.136466  	
2579.81   	3000      	160       	10321     	9980.08   	0.132639  	
2589.81   	3000      	160       	9974.89   	9637.63   	0.129595  	
2594.91   	3000      	160       	9815.16   	9477.26   	0.128184  	
2604.91   	3000      	160       	9621.33   	9270.3    	0.126702  	
2614.91   	3000      	160       	9501.1    	9125.24   	0.126016  	
2624.91   	3000      	160       	9424.96   	9012.72   	0.125832  	
2634.91   	3000      	160       	9360.96   	8901.38   	0.12581   	
2644.91   	3000      	160       	9319.59   	8800.23   	0.126085  	
2654.91   	3000      	160       	9319.57   	8723.84   	0.12686   	
2664.91   	3000      	160       	9327.71   	8637.85   	0.127711  	
2674.91   	3000      	160       	9331.52   	8524.03   	0.128363  	
2684.91   	3000      	160       	9355.95   	8402.52   	0.129047  	
2694.91   	3000      	160       	9394.9    	8269.26   	0.129709  	
2704.91   	3000      	160       	9453.92   	8131.01   	0.130449  	
2714.91   	3000      	160       	9343.08   	7945.35   	0.136521  	
2724.91   	3000      	160       	9139.74   	7707.92   	0.145466  	
2734.91   	3000      	160       	8918.97   	7449.99   	0.156462  	
2744.91   	3000      	160       	8698.08   	7186.37   	0.171298  	
2754.91   	3000      	160       	8498.37   	6927.57   	0.192437  	
2764.91   	3000      	160       	8315.97   	6658.06   	0.220285  	
2774.91   	3000      	160       	8145.74   	6394.7    	0.256003  	
2784.91   	3000      	160       	7983.14   	6135.37   	0.300556  	
2794.91   	3000      	160       	8081.24   	6024.38   	0.349215  	
2804.91   	3000      	160       	8261.23   	5948.91   	0.402696  	
2809.91   	3000      	160       	8338.66   	5900.65   	0.431833  	
2817.8    	3000      	160       	8449.8    	5818.33   	0.483283  	
2827.8    	3000      	160       	8577.62   	5708.3    	0.558563  	
2832.8    	3000      	160       	8640.25   	5652.69   	0.599581  	
2842.8    	3000      	160       	8772.08   	5552.23   	0.695923  	
2852.8    	3000      	160       	8893.25   	5455.55   	0.818707  	
2862.8    	3000      	160       	8997.79   	5358.81   	0.969896  	
2872.8    	3000      	160       	9088.37   	5263.75   	1.15188   	
2882.8    	3000      	160       	9174.94   	5175.69   	1.36847   	
2892.8    	3000      	160       	9272.14   	5102.04   	1.62522   	
2902.8    	3000      	160       	9377.5    	5039.49   	1.92701   	
2912.8    	3000      	160       	9452.98   	4965.26   	2.27144   	
2922.8    	3000      	160       	9515.01   	4887.81   	2.6653    	
2932.8    	3000      	160       	9609.38   	4832.12   	3.13828   	
2942.8    	3000      	160       	9675.88   	4784.53   	3.69609   	
2952.8    	3000      	160       	9700.48   	4729.79   	4.34046   	
2962.8    	3000      	160       	9686.84   	4662.33   	5.07284   	
2972.8    	3000      	160       	9676.59   	4592.5    	5.90207   	
2982.8    	3000      	160       	9661.53   	4521.93   	6.84971   	
2992.8    	3000      	160       	9639.64   	4449.52   	7.93902   	
3002.8    	3000      	160       	9617.39   	4387.04   	9.22826   	
3012.8    	3000      	160       	9578.55   	4325.58   	10.7443   	
3022.8    	3000      	160       	9488.38   	4248.13   	12.4919   	
3032.8    	3000      	160       	9372.24   	4167.89   	23.6032   	
3042.8    	3000      	160       	9228.17   	4080.43   	38.1086   	
3052.8    	3000      	160       	9054.44   	3984.17   	54.3849   	
3062.8    	3000      	160       	8869.23   	3887.97   	72.5125   	
3072.8    	3000      	160       	8657.83   	3784.15   	92.5769   	
3082.8    	3000      	160       	8412.25   	3669.9    	114.693   	
3092.8    	3000      	160       	8209.78   	3583.03   	155.811   	
3102.8    	3000      	160       	8020.46   	3507.78   	213.892   	
3112.8    	3000      	160       	7786.28   	3413.57   	274.93    	
3122.8    	3000      	160       	7510.94   	3302      	338.599   	
3132.8    	3000      	160       	7211.66   	3180.93   	405.175   	
3142.8    	3000      	160       	7102.21   	3111.12   	471.494   	
3152.8    	3000      	160       	6970.32   	3027.96   	539.194   	
3162.8    	3000      	160       	6877.66   	2970.48   	645.964   	
3172.8    	3000      	160       	6722.66   	2889.91   	753.47    	
3182.8    	3000      	160       	6508.37   	2787.25   	857.862   	
3192.8    	3000      	160       	6253.3    	2669.93   	959.009   	
3202.8    	3000      	160       	6034.18   	2568.88   	1057.5    	
3212.8    	3000      	160       	5832.86   	2475.91   	1154.13   	
3220      	3000      	160       	5694.4    	2412.08   	1222.72   	
3221      	3000      	160       	5675.09   	2403.19   	1232.37   	
3222      	3000      	160       	5656.66   	2394.67   	1242.02   	
3223      	3000      	160       	5638.82   	2386.39   	1251.63   	
3224      	3000      	160       	5621.43   	2378.31   	1261.2    	
3225      	3000      	160       	5604.42   	2370.38   	1270.72   	
3226      	3000      	160       	5588.02   	2362.71   	1280.2    	
3227      	3000      	160       	5572.42   	2355.37   	1289.64   	
3228      	3000      	160       	5557.41   	2348.27   	1299.04   	
3229      	3000      	160       	5542.92   	2341.39   	1308.38   	
3230      	3000      	160       	5528.93   	2334.71   	1317.67   	
3231      	3000      	160       	5515.49   	2328.27   	1326.92   	
3232      	3000      	160       	5502.69   	2322.08   	1336.13   	
3233      	3000      	160       	5490.59   	2316.19   	1345.31   	
3234      	3000      	160       	5481.02   	2310.63   	1354.47   	
3235      	3000      	160       	5473.9    	2305.53   	1363.62   	
3236      	3000      	160       	5468      	2300.9    	1372.78   	
3237      	3000      	160       	5463.45   	2296.79   	1381.96   	
3238      	3000      	160       	5460.42   	2293.25   	1391.19   	
3239      	3000      	160       	5459.1    	2290.36   	1400.48   	
3240      	3000      	160       	5459.68   	2288.18   	1409.87   	
3241      	3000      	160       	5462.33   	2286.76   	1419.37   	
3242      	3000      	160       	5467.17   	2286.15   	1429.01   	
3243      	3000      	160       	5474.32   	2286.37   	1438.79   	
3244      	3000      	160       	5483.8    	2287.44   	1448.74   	
3245      	3000      	160       	5495.59   	2289.34   	1458.86   	
3246      	3000      	160       	5509.66   	2292.06   	1469.16   	
3247      	3000      	160       	5525.96   	2295.56   	1479.63   	
3248      	3000      	160       	5544.45   	2299.83   	1490.28   	
3249      	3000      	160       	5565.07   	2304.84   	1501.13   	
3250      	3000      	160       	5587.75   	2310.56   	1512.16   	
3251      	3000      	160       	5612.41   	2316.95   	1523.39   	
3252      	3000      	160       	5638.9    	2323.96   	1534.82   	
3253      	3000      	160       	5667.1    	2331.53   	1546.43   	
3254      	3000      	160       	5696.79   	2339.57   	1558.24   	
3255      	3000      	160       	5727.77   	2348.01   	1570.23   	
3256      	3000      	160       	5759.78   	2356.76   	1582.39   	
3257      	3000      	160       	5792.54   	2365.69   	1594.72   	
3258      	3000      	160       	5825.75   	2374.7    	1607.21   	
3259      	3000      	160       	5859.15   	2383.7    	1619.86   	
3260      	3000      	160       	5892.46   	2392.58   	1632.66   	
3261      	3000      	160       	5921.16   	2399.6    	1645.73   	
3262      	3000      	160       	5941.68   	2403.45   	1659.07   	
3263      	3000      	160       	5954.47   	2404.29   	1672.71   	
3264      	3000      	160       	5960.35   	2402.43   	1686.71   	
3265      	3000      	160       	5980.8    	2406.76   	1704.37   	
3266      	3000      	160       	6004.13   	2412.55   	1723.99   	
3267      	3000      	160       	6020.5    	2415.75   	1744.08   	
3268      	3000      	160       	6031.04   	2416.76   	1764.75   	
3269      	3000      	160       	6036.52   	2415.86   	1786.06   	
3270      	3000      	160       	6044.51   	2415.72   	1808.33   	
3271      	3000      	160       	6054.67   	2416.22   	1831.41   	
3272      	3000      	160       	6065.29   	2416.79   	1855.08   	
3273      	3000      	160       	6075.38   	2417.09   	1879.24   	
3274      	3000      	160       	6084.44   	2416.96   	1903.83   	
3275      	3000      	160       	6092.24   	2416.31   	1928.81   	
3276      	3000      	160       	6098.63   	2415.1    	1954.16   	
3277      	3000      	160       	6103.54   	2413.31   	1979.86   	
3278      	3000      	160       	6106.96   	2410.94   	2005.9    	
3279      	3000      	160       	6108.87   	2407.98   	2032.27   	
3280      	3000      	160       	6109.29   	2404.45   	2058.97   	
3281      	3000      	160       	6108.36   	2400.39   	2085.98   	
3282      	3000      	160       	6106.23   	2395.86   	2113.31   	
3283      	3000      	160       	6102.74   	2390.81   	2140.94   	
3284      	3000      	160       	6097.89   	2385.24   	2168.85   	
3285      	3000      	160       	6091.72   	2379.17   	2197.04   	
3286      	3000      	160       	6084.24   	2372.61   	2225.5    	
3287      	3000      	160       	6075.49   	2365.56   	2254.22   	
3288      	3000      	160       	6065.49   	2358.05   	2283.18   	
3289      	3000      	160       	6054.26   	2350.08   	2312.39   	
3290      	3000      	160       	6041.85   	2341.66   	2341.82   	
3291      	3000      	160       	6028.26   	2332.81   	2371.47   	
3292      	3000      	160       	6013.53   	2323.54   	2401.33   	
3293      	3000      	160       	5997.7    	2313.87   	2431.38   	
3294      	3000      	160       	5980.79   	2303.81   	2461.62   	
3295      	3000      	160       	5962.86   	2293.37   	2492.04   	
3296      	3000      	160       	5943.97   	2282.58   	2522.62   	
3297      	3000      	160       	5924.16   	2271.47   	2553.36   	
3298      	3000      	160       	5903.46   	2260.03   	2584.25   	
3299      	3000      	160       	5881.92   	2248.3    	2615.27   	
3300      	3000      	160       	5859.54   	2236.27   	2646.42   	
3301      	3000      	160       	5836.35   	2223.96   	2677.66   	
3302      	3000      	160       	5813.1    	2211.62   	2709.05   	
3303      	3000      	160       	5789.42   	2199.13   	2740.52   	
3304      	3000      	160       	5765.13   	2186.44   	2772.03   	
3305      	3000      	160       	5740.25   	2173.56   	2803.56   	
3306      	3000      	160       	5714.82   	2160.5    	2835.09   	
3307      	3000      	160       	5689.11   	2147.36   	2866.63   	
3308      	3000      	160       	5663.22   	2134.17   	2898.17   	
3309      	3000      	160       	5636.8    	2120.82   	2929.63   	
3310      	3000      	160       	5610.35   	2107.48   	2961.06   	
3311      	3000      	160       	5583.78   	2094.11   	2992.47   	
3312      	3000      	160       	5556.65   	2080.57   	3023.86   	
3313      	3000      	160       	5528.91   	2066.84   	3055.18   	
3314      	3000      	160       	5494.31   	2051.02   	3086.81   	
3315      	3000      	160       	5407.18   	2019.23   	3121.85   	
3316      	3000      	160       	5324.7    	1989.06   	3157.12   	
3317      	3000      	160       	5246.87   	1960.51   	3192.5    	
3318      	3000      	160       	5173.5    	1933.52   	3227.76   	
3319      	3000      	160       	5104.37   	1908.01   	3262.72   	
3320      	3000      	160       	5039.29   	1883.91   	3297.23   	
3322.87   	3000      	160       	4882.2    	1825.13   	3388.68   	
3327.7    	3000      	160       	4679.85   	1748      	3511.02   	
3335.8    	3000      	160       	4398.87   	1639.3    	3639.71   	
3345.8    	3000      	160       	4037.37   	1500.48   	3741.48   	
3355.8    	3000      	160       	3559.38   	1319.77   	3858.8    	
3365.8    	3000      	160       	3004.83   	1111.85   	4003.21   	
3375.8    	3000      	160       	2444.68   	902.919   	4164.93   	
3385.8    	3000      	160       	1971.07   	726.805   	4312.19   	
3395.8    	3000      	160       	1733.43   	638.457   	4458.96   	
3405.8    	3000      	160       	1563.57   	575.578   	4601.96   	
3415.8    	3000      	160       	1397.37   	514.343   	4732.22   	
3425.8    	3000      	160       	1247.92   	459.437   	4844.37   	
3435.8    	3000      	160       	1120.27   	412.625   	4936.58   	
3445.8    	3000      	160       	1014.56   	373.913   	5010.17   	
3455.8    	3000      	160       	928.556   	342.461   	5068.31   	
3465.8    	3000      	160       	859.019   	317.061   	5113.86   	
3475.8    	3000      	160       	802.503   	296.445   	5148.71   	
3485.8    	3000      	160       	756.499   	279.69    	5175.83   	
3495.8    	3000      	160       	718.883   	266.015   	5197.07   	
3505.8    	3000      	160       	687.949   	254.791   	5213.95   	
3515.8    	3000      	160       	662.348   	245.524   	5227.54   	
3525.8    	3000      	160       	641.038   	237.83    	5238.64   	
3535.8    	3000      	160       	623.261   	231.432   	5247.97   	
3545.8    	3000      	160       	608.447   	226.12    	5255.7    	
3555.8    	3000      	160       	596.208   	221.753   	5261.97   	
3565.8    	3000      	160       	586.085   	218.169   	5266.92   	
3575.8    	3000      	160       	576.772   	214.924   	5270.29   	
3585.8    	3000      	160       	570.511   	212.792   	5271.67   	
3595.8    	3000      	160       	567.3     	211.772   	5271.43   	
3605.8    	3000      	160       	567.325   	211.93    	5269.97   	
3615.8    	3000      	160       	570.559   	213.262   	5267.17   	
3625.8    	3000      	160       	577.653   	215.998   	5263.53   	
3635.8    	3000      	160       	588.469   	220.103   	5260.35   	
3645.8    	3000      	160       	608.93    	227.871   	5261.77   	
3655.8    	3000      	160       	651.621   	243.915   	5269.91   	
3662.23   	3000      	160       	689.723   	258.195   	5263.41   	
3672.23   	3000      	160       	774.798   	289.989   	5219.86   	
3682.23   	3000      	160       	884.095   	330.722   	5145.35   	
3692.23   	3000      	160       	1012.94   	378.566   	5045.78   	
3702.23   	3000      	160       	1155.02   	431.053   	4928.68   	
3712.23   	3000      	160       	1303.7    	485.588   	4801.78   	
3722.23   	3000      	160       	1446.31   	537.558   	4680.29   	
3732.23   	3000      	160       	1574.25   	584.053   	4571.31   	
3742.23   	3000      	160       	1689.53   	625.825   	4469.67   	
3752.23   	3000      	160       	1794.72   	663.757   	4376.5    	
3758.63   	3000      	160       	1878.89   	694.218   	4322.1    	
3768.63   	3000      	160       	2078.23   	766.568   	4258.72   	
3778.63   	3000      	160       	2214.59   	815.071   	4208.51   	
3788.63   	3000      	160       	2315.9    	849.925   	4168.09   	
3798.63   	3000      	160       	2395.16   	875.818   	4134.43   	
3808.63   	3000      	160       	2458.65   	894.988   	4105.79   	
3818.63   	3000      	160       	2510.93   	908.923   	4083.88   	
3824.98   	3000      	160       	2539.8    	915.824   	4071.52   	
3834.98   	3000      	160       	2576.68   	922.672   	4054.58   	
3844.98   	3000      	160       	2606.21   	925.891   	4040.3    	
3854.98   	3000      	160       	2629.55   	925.97    	4028.68   	
3864.98   	3000      	160       	2651.49   	924.6     	4026.52   	
3871.29   	3000      	160       	2665.25   	923.383   	4025.17   	
3881.29   	3000      	160       	2687.35   	920.769   	4021.76   	
3891.29   	3000      	160       	2725.3    	922.578   	4033.23   	
3897.56   	3000      	160       	2755.04   	925.274   	4035.88   	
3907.56   	3000      	160       	2814.3    	932.427   	4030.45   	
3917.56   	3000      	160       	2932.55   	957.089   	4045.12   	
3923.81   	3000      	160       	3020.21   	975.902   	4038.08   	
3933.81   	3000      	160       	3173.93   	1007.8    	4006.56   	
3943.81   	3000      	160       	3328.47   	1036.98   	3967.98   	
3953.81   	3000      	160       	3473.23   	1060.2    	3926.9    	
3963.81   	3000      	160       	3600      	1075.34   	3886.9    	
3973.81   	3000      	160       	3703.21   	1081.39   	3850.68   	
3983.81   	3000      	160       	3779.72   	1078.23   	3820.09   	
3993.81   	3000      	160       	3828.56   	1066.47   	3796.23   	
4000      	3000      	160       	3846.46   	1055.69   	3784.11   	
