 % Reservoir Output 
 % Unit for Total Component: B.O. ~ lb/day || Compositional ~ mol/day 

time	pres	temp	comp0	comp1	
day	psi	F	**	**	
         0	   4775.54	       500	1.51853e+009	3.24118e+008	
         1	   4780.26	       500	1.51688e+009	3.26301e+008	
         2	   4785.37	       500	1.51523e+009	3.28483e+008	
         3	   4790.71	       500	1.51357e+009	3.30666e+008	
         4	   4796.11	       500	1.51192e+009	3.32849e+008	
   5.21902	   4802.66	       500	1.5099e+009	3.3551e+008	
    7.0416	   4812.31	       500	1.50689e+009	3.39488e+008	
   10.0872	    4828.5	       500	1.50185e+009	3.46136e+008	
   14.3935	   4851.16	       500	1.49472e+009	3.55536e+008	
   20.7359	   4884.15	       500	1.48423e+009	3.6938e+008	
   28.1834	   4922.53	       500	1.47191e+009	3.85636e+008	
   37.8463	   4972.17	       500	1.45593e+009	4.06728e+008	
   49.1207	   5029.98	       500	1.43728e+009	4.31337e+008	
   61.6644	   5094.35	       500	1.41653e+009	4.58718e+008	
   77.0778	   5174.04	       500	1.39103e+009	4.92361e+008	
    93.986	   5262.75	       500	1.36306e+009	5.29268e+008	
   112.234	   5359.96	       500	1.33288e+009	5.69099e+008	
   133.657	    5476.9	       500	1.29744e+009	6.15861e+008	
   157.331	   5609.96	       500	1.25828e+009	6.67536e+008	
   182.899	   5759.06	       500	1.21599e+009	7.23346e+008	
   210.772	   5928.51	       500	1.16988e+009	7.84186e+008	
   240.533	    6117.9	       500	1.12065e+009	8.49147e+008	
   270.368	   6318.14	       500	1.0713e+009	9.1427e+008	
   299.216	   6523.83	       500	1.02358e+009	9.77238e+008	
   326.681	   6734.93	       500	9.78145e+008	1.03719e+009	
   352.416	   6956.02	       500	9.35575e+008	1.09336e+009	
   375.918	   7236.55	       500	8.96865e+008	1.14444e+009	
   385.005	   7380.74	       500	8.82168e+008	1.16384e+009	
   395.961	   7574.04	       500	8.64989e+008	1.1865e+009	
   406.948	   7783.18	       500	8.48353e+008	1.20846e+009	
   417.431	   7986.94	       500	8.33038e+008	1.22867e+009	
   427.673	   8187.94	       500	8.18598e+008	1.24772e+009	
   437.724	   8379.15	       500	8.04879e+008	1.26582e+009	
   442.856	   8475.24	       500	7.98008e+008	1.27489e+009	
   450.655	   8623.04	       500	7.87849e+008	1.28829e+009	
   452.998	   8667.82	       500	7.84821e+008	1.29229e+009	
    454.21	   8690.87	       500	7.83262e+008	1.29435e+009	
   454.948	   8705.05	       500	7.82315e+008	1.2956e+009	
   456.884	   8742.32	       500	7.79845e+008	1.29886e+009	
   461.104	   8823.96	       500	7.74523e+008	1.30588e+009	
   464.566	   8892.61	       500	7.70197e+008	1.31159e+009	
   465.331	    8908.1	       500	7.69244e+008	1.31284e+009	
   466.322	   8928.21	       500	7.68012e+008	1.31447e+009	
   468.789	   8979.72	       500	7.64968e+008	1.31849e+009	
   473.649	   9086.36	       500	7.59077e+008	1.32626e+009	
   474.527	   9106.37	       500	7.5802e+008	1.32766e+009	
   476.714	   9156.18	       500	7.55421e+008	1.33109e+009	
   481.081	   9256.01	       500	7.50369e+008	1.33775e+009	
   484.343	   9330.72	       500	7.46678e+008	1.34262e+009	
   489.919	   9457.08	       500	7.40562e+008	1.35069e+009	
   491.753	    9498.9	       500	7.3857e+008	1.35332e+009	
   492.235	   9509.88	       500	7.38048e+008	1.35401e+009	
   493.535	   9539.28	       500	7.3665e+008	1.35585e+009	
   496.536	   9606.34	       500	7.33473e+008	1.36005e+009	
   497.869	    9636.1	       500	7.3207e+008	1.3619e+009	
   500.931	   9703.69	       500	7.28895e+008	1.36609e+009	
   506.336	    9820.8	       500	7.23424e+008	1.37331e+009	
   513.657	   9975.11	       500	7.16235e+008	1.38279e+009	
   522.079	   10147.9	       500	7.08246e+008	1.39334e+009	
     531.1	   10326.3	       500	6.99991e+008	1.40423e+009	
   540.599	   10507.6	       500	6.91608e+008	1.41529e+009	
   550.482	   10690.2	       500	6.8319e+008	1.4264e+009	
   560.652	   10871.6	       500	6.74821e+008	1.43744e+009	
   571.136	   11051.9	       500	6.66498e+008	1.44842e+009	
   582.023	     11232	       500	6.58181e+008	1.4594e+009	
   593.387	   11412.3	       500	6.49849e+008	1.47039e+009	
   599.346	   11504.7	       500	6.45574e+008	1.47603e+009	
   601.614	   11539.6	       500	6.43961e+008	1.47816e+009	
   604.097	   11577.5	       500	6.42211e+008	1.48047e+009	
    604.43	   11582.5	       500	6.41977e+008	1.48078e+009	
    604.93	   11590.1	       500	6.41626e+008	1.48124e+009	
   606.318	   11611.1	       500	6.40655e+008	1.48252e+009	
   606.745	   11617.6	       500	6.40358e+008	1.48292e+009	
   607.044	   11622.1	       500	6.40149e+008	1.48319e+009	
   607.544	   11629.6	       500	6.39801e+008	1.48365e+009	
   607.892	   11634.8	       500	6.3956e+008	1.48397e+009	
   608.392	   11642.3	       500	6.39213e+008	1.48443e+009	
   608.739	   11647.5	       500	6.38972e+008	1.48475e+009	
   609.239	     11655	       500	6.38627e+008	1.4852e+009	
   609.587	   11660.2	       500	6.38386e+008	1.48552e+009	
   610.087	   11667.6	       500	6.38042e+008	1.48597e+009	
   611.478	   11688.3	       500	6.37088e+008	1.48723e+009	
   611.907	   11694.6	       500	6.36794e+008	1.48762e+009	
   612.209	   11699.1	       500	6.36588e+008	1.48789e+009	
   612.709	   11706.4	       500	6.36247e+008	1.48834e+009	
   613.057	   11711.6	       500	6.36009e+008	1.48866e+009	
   613.557	   11718.9	       500	6.35669e+008	1.4891e+009	
   613.906	     11724	       500	6.35432e+008	1.48942e+009	
   614.406	   11731.4	       500	6.35093e+008	1.48986e+009	
   615.799	   11751.7	       500	6.34153e+008	1.49111e+009	
    616.23	     11758	       500	6.33862e+008	1.49149e+009	
   616.534	   11762.4	       500	6.33658e+008	1.49176e+009	
   617.034	   11769.7	       500	6.33322e+008	1.4922e+009	
   618.429	   11789.8	       500	6.32389e+008	1.49343e+009	
   618.861	   11796.1	       500	6.321e+008	1.49381e+009	
   619.166	   11800.4	       500	6.31897e+008	1.49408e+009	
   619.666	   11807.6	       500	6.31564e+008	1.49452e+009	
   620.015	   11812.7	       500	6.31332e+008	1.49483e+009	
   620.515	   11819.8	       500	6.31001e+008	1.49526e+009	
   620.864	   11824.8	       500	6.30769e+008	1.49557e+009	
   621.364	     11832	       500	6.30438e+008	1.49601e+009	
   621.714	     11837	       500	6.30207e+008	1.49631e+009	
   622.214	   11844.1	       500	6.29878e+008	1.49675e+009	
   622.563	   11849.1	       500	6.29647e+008	1.49705e+009	
   623.063	   11856.2	       500	6.29319e+008	1.49748e+009	
   623.413	   11861.1	       500	6.29089e+008	1.49779e+009	
   623.913	   11868.2	       500	6.28761e+008	1.49822e+009	
   625.311	   11887.9	       500	6.27849e+008	1.49942e+009	
   625.747	   11894.1	       500	6.27564e+008	1.4998e+009	
   626.056	   11898.4	       500	6.27363e+008	1.50006e+009	
   626.556	   11905.4	       500	6.27039e+008	1.50049e+009	
   627.957	     11925	       500	6.26133e+008	1.50169e+009	
   631.469	   11973.4	       500	6.2389e+008	1.50465e+009	
   631.912	   11979.5	       500	6.23608e+008	1.50502e+009	
   632.225	   11983.8	       500	6.23409e+008	1.50528e+009	
   632.725	   11990.7	       500	6.23091e+008	1.5057e+009	
   633.427	   12000.3	       500	6.22646e+008	1.50629e+009	
   635.346	   12026.5	       500	6.21435e+008	1.50789e+009	
   639.908	   12087.7	       500	6.186e+008	1.51163e+009	
   648.383	   12198.3	       500	6.13473e+008	1.51839e+009	
   649.889	   12217.9	       500	6.12567e+008	1.51959e+009	
   650.833	   12230.1	       500	6.12001e+008	1.52034e+009	
   653.355	   12262.3	       500	6.10509e+008	1.5223e+009	
   653.712	   12266.8	       500	6.10298e+008	1.52258e+009	
   654.225	   12273.4	       500	6.09996e+008	1.52298e+009	
   654.586	   12277.9	       500	6.09784e+008	1.52326e+009	
   654.844	   12281.2	       500	6.09632e+008	1.52346e+009	
   655.344	   12287.5	       500	6.09339e+008	1.52385e+009	
   655.697	     12292	       500	6.09133e+008	1.52412e+009	
   656.203	   12298.3	       500	6.08838e+008	1.52451e+009	
    656.56	   12302.8	       500	6.0863e+008	1.52478e+009	
   657.073	   12309.2	       500	6.08333e+008	1.52518e+009	
   657.434	   12313.7	       500	6.08124e+008	1.52545e+009	
   657.693	     12317	       500	6.07975e+008	1.52565e+009	
   658.193	   12323.2	       500	6.07686e+008	1.52603e+009	
   658.546	   12327.6	       500	6.07483e+008	1.5263e+009	
   659.053	   12333.9	       500	6.07192e+008	1.52668e+009	
    659.41	   12338.3	       500	6.06987e+008	1.52695e+009	
   659.924	   12344.6	       500	6.06693e+008	1.52734e+009	
   660.287	   12349.1	       500	6.06487e+008	1.52761e+009	
   660.547	   12352.3	       500	6.06338e+008	1.52781e+009	
   661.047	   12358.4	       500	6.06054e+008	1.52818e+009	
     661.4	   12362.7	       500	6.05854e+008	1.52845e+009	
   661.908	   12368.9	       500	6.05567e+008	1.52883e+009	
   662.266	   12373.3	       500	6.05364e+008	1.52909e+009	
   662.781	   12379.6	       500	6.05074e+008	1.52948e+009	
   664.235	   12397.1	       500	6.04261e+008	1.53055e+009	
   667.944	   12440.8	       500	6.02234e+008	1.53322e+009	
   668.911	   12452.2	       500	6.01709e+008	1.53392e+009	
   671.514	   12482.2	       500	6.00314e+008	1.53576e+009	
   677.513	   12549.5	       500	5.97194e+008	1.53987e+009	
   688.257	   12664.1	       500	5.91876e+008	1.54689e+009	
   688.723	   12669.1	       500	5.91645e+008	1.5472e+009	
   689.057	   12672.7	       500	5.91481e+008	1.54741e+009	
   689.557	   12677.9	       500	5.91235e+008	1.54774e+009	
   690.269	   12685.5	       500	5.90887e+008	1.5482e+009	
   690.765	   12690.7	       500	5.90645e+008	1.54852e+009	
   691.118	   12694.4	       500	5.90473e+008	1.54874e+009	
   691.629	   12699.7	       500	5.90225e+008	1.54907e+009	
   691.993	   12703.5	       500	5.90048e+008	1.5493e+009	
   692.255	   12706.3	       500	5.89921e+008	1.54947e+009	
   692.755	   12711.5	       500	5.8968e+008	1.54979e+009	
   693.112	   12715.2	       500	5.89508e+008	1.55002e+009	
   693.627	   12720.5	       500	5.8926e+008	1.55034e+009	
   693.993	   12724.3	       500	5.89084e+008	1.55058e+009	
   694.258	     12727	       500	5.88957e+008	1.55074e+009	
   695.258	   12737.3	       500	5.8848e+008	1.55137e+009	
   695.597	   12740.8	       500	5.88318e+008	1.55159e+009	
   696.097	   12745.9	       500	5.88081e+008	1.5519e+009	
   696.454	   12749.6	       500	5.87911e+008	1.55212e+009	
   696.969	   12754.8	       500	5.87667e+008	1.55245e+009	
   697.336	   12758.6	       500	5.87494e+008	1.55267e+009	
   697.867	     12764	       500	5.87243e+008	1.553e+009	
   698.244	   12767.8	       500	5.87066e+008	1.55324e+009	
   698.789	   12773.3	       500	5.8681e+008	1.55358e+009	
   699.176	   12777.2	       500	5.86628e+008	1.55382e+009	
   699.455	   12780.1	       500	5.86498e+008	1.55399e+009	
   699.955	   12785.1	       500	5.86264e+008	1.5543e+009	
   700.312	   12788.7	       500	5.86097e+008	1.55452e+009	
   700.828	   12793.9	       500	5.85857e+008	1.55483e+009	
   701.196	   12797.5	       500	5.85686e+008	1.55506e+009	
   701.728	   12802.9	       500	5.85439e+008	1.55539e+009	
   702.106	   12806.6	       500	5.85264e+008	1.55562e+009	
   702.653	   12812.1	       500	5.85011e+008	1.55595e+009	
   704.207	   12827.4	       500	5.84297e+008	1.55689e+009	
   708.242	   12866.8	       500	5.82471e+008	1.5593e+009	
   708.782	     12872	       500	5.82227e+008	1.55962e+009	
   709.167	   12875.8	       500	5.82054e+008	1.55985e+009	
   709.723	   12881.2	       500	5.81804e+008	1.56018e+009	
   711.304	   12896.4	       500	5.81096e+008	1.56112e+009	
   711.817	   12901.3	       500	5.80867e+008	1.56142e+009	
   712.551	   12908.4	       500	5.80541e+008	1.56185e+009	
   714.604	   12927.9	       500	5.79633e+008	1.56305e+009	
   714.925	     12931	       500	5.79491e+008	1.56323e+009	
   715.425	   12935.7	       500	5.79271e+008	1.56352e+009	
   716.856	   12949.2	       500	5.78644e+008	1.56435e+009	
   717.328	   12953.7	       500	5.78437e+008	1.56462e+009	
   718.682	   12966.4	       500	5.77848e+008	1.5654e+009	
   719.132	   12970.6	       500	5.77652e+008	1.56566e+009	
   719.456	   12973.6	       500	5.77512e+008	1.56585e+009	
   720.456	   12982.9	       500	5.77079e+008	1.56642e+009	
   721.826	   12995.6	       500	5.76489e+008	1.5672e+009	
    722.28	   12999.8	       500	5.76293e+008	1.56745e+009	
   722.607	   13002.9	       500	5.76153e+008	1.56764e+009	
   723.107	   13007.5	       500	5.75939e+008	1.56792e+009	
   723.465	   13010.8	       500	5.75785e+008	1.56812e+009	
   723.725	   13013.2	       500	5.75674e+008	1.56827e+009	
   724.225	   13017.8	       500	5.75461e+008	1.56855e+009	
   725.657	   13030.9	       500	5.74852e+008	1.56935e+009	
    726.13	   13035.2	       500	5.74652e+008	1.56962e+009	
    726.47	   13038.3	       500	5.74508e+008	1.56981e+009	
    726.97	   13042.8	       500	5.74296e+008	1.57009e+009	
   727.328	   13046.1	       500	5.74145e+008	1.57029e+009	
   727.847	   13050.8	       500	5.73926e+008	1.57058e+009	
   728.219	   13054.2	       500	5.73769e+008	1.57078e+009	
   728.488	   13056.6	       500	5.73656e+008	1.57093e+009	
   728.988	   13061.1	       500	5.73446e+008	1.57121e+009	
   729.346	   13064.4	       500	5.73296e+008	1.57141e+009	
   729.866	   13069.1	       500	5.73078e+008	1.5717e+009	
   730.238	   13072.4	       500	5.72923e+008	1.5719e+009	
   730.507	   13074.8	       500	5.7281e+008	1.57205e+009	
   731.007	   13079.3	       500	5.72601e+008	1.57233e+009	
   731.366	   13082.5	       500	5.72452e+008	1.57252e+009	
   731.886	   13087.2	       500	5.72236e+008	1.57281e+009	
   732.258	   13090.5	       500	5.72081e+008	1.57301e+009	
   732.527	   13092.9	       500	5.71969e+008	1.57316e+009	
   733.027	   13097.4	       500	5.71762e+008	1.57343e+009	
   733.386	   13100.6	       500	5.71614e+008	1.57363e+009	
   733.906	   13105.2	       500	5.71399e+008	1.57391e+009	
   734.278	   13108.5	       500	5.71245e+008	1.57411e+009	
   734.548	   13110.9	       500	5.71134e+008	1.57426e+009	
   735.048	   13115.3	       500	5.70928e+008	1.57453e+009	
   736.482	     13128	       500	5.70341e+008	1.57531e+009	
   736.957	   13132.2	       500	5.70147e+008	1.57556e+009	
   737.298	   13135.2	       500	5.70008e+008	1.57575e+009	
   737.798	   13139.5	       500	5.69804e+008	1.57602e+009	
   738.157	   13142.7	       500	5.69658e+008	1.57621e+009	
   738.417	     13145	       500	5.69552e+008	1.57635e+009	
   738.917	   13149.3	       500	5.69349e+008	1.57662e+009	
   739.276	   13152.5	       500	5.69203e+008	1.57681e+009	
   739.796	     13157	       500	5.68992e+008	1.57709e+009	
   740.169	   13160.2	       500	5.68841e+008	1.57729e+009	
    740.44	   13162.6	       500	5.68732e+008	1.57743e+009	
    740.94	   13166.9	       500	5.6853e+008	1.5777e+009	
   741.298	   13170.1	       500	5.68386e+008	1.57789e+009	
   741.559	   13172.3	       500	5.68281e+008	1.57803e+009	
   742.059	   13176.6	       500	5.6808e+008	1.57829e+009	
   742.417	   13179.7	       500	5.67936e+008	1.57848e+009	
   742.678	     13182	       500	5.67832e+008	1.57862e+009	
   743.178	   13186.3	       500	5.67631e+008	1.57888e+009	
   743.537	   13189.4	       500	5.67488e+008	1.57907e+009	
   743.797	   13191.6	       500	5.67384e+008	1.57921e+009	
   744.297	   13195.9	       500	5.67184e+008	1.57947e+009	
   744.656	     13199	       500	5.67042e+008	1.57966e+009	
   745.178	   13203.4	       500	5.66834e+008	1.57994e+009	
   745.551	   13206.6	       500	5.66686e+008	1.58013e+009	
   745.822	     13209	       500	5.66578e+008	1.58027e+009	
   746.322	   13213.2	       500	5.6638e+008	1.58053e+009	
   746.681	   13216.3	       500	5.66238e+008	1.58072e+009	
   746.942	   13218.5	       500	5.66135e+008	1.58086e+009	
   747.442	   13222.7	       500	5.65938e+008	1.58112e+009	
   747.801	   13225.8	       500	5.65797e+008	1.5813e+009	
   748.062	     13228	       500	5.65694e+008	1.58144e+009	
   749.062	   13236.4	       500	5.65302e+008	1.58196e+009	
   749.407	   13239.3	       500	5.65167e+008	1.58214e+009	
   749.908	   13243.5	       500	5.64971e+008	1.58239e+009	
   750.268	   13246.6	       500	5.6483e+008	1.58258e+009	
    750.53	   13248.8	       500	5.64728e+008	1.58271e+009	
    751.03	     13253	       500	5.64533e+008	1.58297e+009	
   751.748	     13259	       500	5.64254e+008	1.58334e+009	
   752.255	   13263.2	       500	5.64058e+008	1.5836e+009	
   752.619	   13266.2	       500	5.63917e+008	1.58378e+009	
   752.884	   13268.4	       500	5.63815e+008	1.58392e+009	
   753.384	   13272.6	       500	5.63622e+008	1.58417e+009	
   753.743	   13275.6	       500	5.63483e+008	1.58436e+009	
   754.004	   13277.7	       500	5.63382e+008	1.58449e+009	
   754.504	   13281.9	       500	5.6319e+008	1.58474e+009	
   754.864	   13284.8	       500	5.63052e+008	1.58493e+009	
   755.125	     13287	       500	5.62952e+008	1.58506e+009	
   755.625	   13291.1	       500	5.6276e+008	1.58531e+009	
   755.984	   13294.1	       500	5.62623e+008	1.58549e+009	
   756.246	   13296.2	       500	5.62523e+008	1.58562e+009	
   756.746	   13300.3	       500	5.62332e+008	1.58588e+009	
   757.105	   13303.3	       500	5.62195e+008	1.58606e+009	
   757.367	   13305.4	       500	5.62095e+008	1.58619e+009	
   757.867	   13309.5	       500	5.61905e+008	1.58644e+009	
   758.226	   13312.4	       500	5.61769e+008	1.58662e+009	
   758.488	   13314.6	       500	5.6167e+008	1.58675e+009	
   758.988	   13318.6	       500	5.6148e+008	1.587e+009	
   759.348	   13321.6	       500	5.61345e+008	1.58718e+009	
   759.609	   13323.7	       500	5.61246e+008	1.58731e+009	
   760.109	   13327.7	       500	5.61057e+008	1.58756e+009	
   761.548	   13339.3	       500	5.60518e+008	1.58827e+009	
   762.029	   13343.2	       500	5.60338e+008	1.58851e+009	
   762.376	     13346	       500	5.60208e+008	1.58868e+009	
   762.881	   13350.1	       500	5.6002e+008	1.58893e+009	
   763.244	     13353	       500	5.59884e+008	1.58911e+009	
   763.509	   13355.1	       500	5.59786e+008	1.58924e+009	
   764.009	   13359.1	       500	5.596e+008	1.58948e+009	
   764.368	     13362	       500	5.59466e+008	1.58966e+009	
    764.63	   13364.1	       500	5.59369e+008	1.58979e+009	
    765.13	     13368	       500	5.59184e+008	1.59003e+009	
    765.49	   13370.9	       500	5.59051e+008	1.59021e+009	
   765.752	     13373	       500	5.58954e+008	1.59033e+009	
   766.252	   13376.9	       500	5.5877e+008	1.59058e+009	
   766.613	   13379.8	       500	5.58637e+008	1.59075e+009	
   766.875	   13381.9	       500	5.5854e+008	1.59088e+009	
   767.375	   13385.8	       500	5.58357e+008	1.59112e+009	
   767.735	   13388.7	       500	5.58225e+008	1.5913e+009	
   767.997	   13390.7	       500	5.58129e+008	1.59142e+009	
   768.997	   13398.6	       500	5.57763e+008	1.5919e+009	
   769.343	   13401.3	       500	5.57637e+008	1.59207e+009	
   769.849	   13405.3	       500	5.57453e+008	1.59231e+009	
   770.212	   13408.1	       500	5.57321e+008	1.59249e+009	
   770.477	   13410.2	       500	5.57225e+008	1.59262e+009	
   770.977	   13414.1	       500	5.57043e+008	1.59285e+009	
   771.338	   13416.9	       500	5.56913e+008	1.59303e+009	
     771.6	   13418.9	       500	5.56818e+008	1.59315e+009	
     772.1	   13422.8	       500	5.56637e+008	1.59339e+009	
    772.46	   13425.6	       500	5.56507e+008	1.59356e+009	
   772.723	   13427.6	       500	5.56413e+008	1.59369e+009	
   773.223	   13431.5	       500	5.56233e+008	1.59392e+009	
   773.583	   13434.3	       500	5.56103e+008	1.59409e+009	
   773.846	   13436.3	       500	5.56009e+008	1.59422e+009	
   774.346	   13440.2	       500	5.5583e+008	1.59446e+009	
   774.706	   13442.9	       500	5.55701e+008	1.59463e+009	
   774.969	     13445	       500	5.55607e+008	1.59475e+009	
   775.469	   13448.8	       500	5.55429e+008	1.59499e+009	
   775.829	   13451.6	       500	5.553e+008	1.59515e+009	
   776.092	   13453.6	       500	5.55207e+008	1.59528e+009	
   776.592	   13457.4	       500	5.55029e+008	1.59551e+009	
   778.034	   13468.4	       500	5.54519e+008	1.59619e+009	
   781.914	   13497.5	       500	5.53165e+008	1.59797e+009	
   784.142	     13514	       500	5.52394e+008	1.59899e+009	
   785.563	   13524.6	       500	5.51904e+008	1.59964e+009	
   789.401	   13552.6	       500	5.50599e+008	1.60136e+009	
   791.621	   13568.7	       500	5.4985e+008	1.60235e+009	
   794.467	   13589.2	       500	5.48899e+008	1.6036e+009	
   797.975	   13614.1	       500	5.47739e+008	1.60513e+009	
   802.139	   13643.3	       500	5.46381e+008	1.60692e+009	
   806.909	   13676.2	       500	5.44848e+008	1.60895e+009	
    807.24	   13678.5	       500	5.44742e+008	1.60909e+009	
    807.74	     13682	       500	5.44582e+008	1.6093e+009	
   808.102	   13684.5	       500	5.44466e+008	1.60945e+009	
   808.366	   13686.3	       500	5.44381e+008	1.60956e+009	
   808.866	   13689.7	       500	5.44222e+008	1.60977e+009	
   809.228	   13692.2	       500	5.44106e+008	1.60993e+009	
   809.493	     13694	       500	5.44022e+008	1.61004e+009	
   809.993	   13697.4	       500	5.43863e+008	1.61025e+009	
    811.44	   13707.3	       500	5.43404e+008	1.61085e+009	
   815.373	   13733.7	       500	5.42173e+008	1.61248e+009	
    824.59	     13794	       500	5.39367e+008	1.61618e+009	
   841.501	   13899.1	       500	5.34473e+008	1.62264e+009	
   865.585	     14039	       500	5.27959e+008	1.63123e+009	
   894.802	     14195	       500	5.20688e+008	1.64083e+009	
   928.125	   14356.6	       500	5.13154e+008	1.65077e+009	
   965.528	     14519	       500	5.0554e+008	1.66081e+009	
      1000	   14655.4	       500	4.99176e+008	1.66921e+009	
