
 Simulation Finished Successfully 


 -------------------------- Performance Report -------------------------- 


 ------------ Mass Balance Error Report ------------- 

 OCIP     :	1.26925e+006	2.035e+006	6.92214e+007	9.11553e+006	6.1994e+006	1.01435e+007	4.97735e+006	1.58919e+006	346159	

 Residual :	937930	1.45402e+006	5.00475e+007	6.81489e+006	4.71898e+006	7.94931e+006	3.94114e+006	1.30112e+006	287443	
 Facilty  :	331323	580979	1.9174e+007	2.30065e+006	1.48042e+006	2.19422e+006	1.03621e+006	288070	58716.6	

 MB_Error :	-1.05432	-2.25497	-70.0827	-6.72043	-3.65332	-3.3685	-1.17358	0.18639	0.117366	
 Rel_Error:	0%	0%	0%	0%	0%	0%	0%	0%	0%	


 Variable Type : -----------------  Natural Variables
 Number of Implicit levels: ------        1
                    ImpVar --- TransImpLvl --- CFL_Limit --- Percent
       Scheme 0 :     9             4             1           100%

 Linear solver choice : ----------        4
 Preconditioner choice : ---------        4
 Linear solver Tolerance : -------   0.0001

 Total running time: -------------   26.593 sec  ( 100 % )
   -Initialization time: ---------    0.437 sec  (   2 % )
   -Property Calc  time: ---------    2.961 sec  (  11 % )
   -Linearization  time: ---------    9.307 sec  (  35 % )
   -Newton Update  time: ---------    0.048 sec  (   0 % )
   -Solver running time: ---------   10.038 sec  (  38 % )
      --(B)ILU Pre fac time: -----    5.323 sec  (  20 % )
      --(B)ILU Pre slv time: -----    0.359 sec  (   1 % )
      --Pres dcpl time: ----------    1.896 sec  (   7 % )
      --Pres slv time: -----------    0.124 sec  (   0 % )
   -Timestep Calc  time: ---------        0 sec  (   0 % )
   -CFL No.  Calc  time: ---------        0 sec  (   0 % )


 Compositional simulation only:
 Initialization time for reservoir: ---------        0 sec
 Phase equilibrium running time: ------------    0.344 sec


 No. of timesteps: ---------------       91

 No. of Newton Iters : -----------      349
 No. of Waste Newton Iters : -----       48

 No. of Solver Iters : -----------      992
 No. of Waste Solver Iters : -----      137

 No. of Pres slvr iters : --------      992
 No. of Waste Pres slvr iters: ---      137

 Total elapsed = 26.593, steps = 91, Newton = 349, linear = 992

