Results for well: PROD1 in the reservoir: RES1

  t       BHP	     q(Gas)       q(Oil)
(days)   (psia)    (MSCF/day)   (STB/day)
0         1000        0           0         
0.01      1000        0           4939.44   
0.11      1000        0           4468.59   
0.226237  1000        0           4320.73   
0.478043  1000        0           4200.54   
1.00626   1000        0           4091.54   
1.65295   1000        0           4018.41   
2.71222   1000        0           3950.23   
4.23975   1000        0           3890.82   
5.93249   1000        0           3846.38   
7.79892   1000        0           3810.85   
10.4485   1000        0           3774.49   
13.5899   1000        0           3742.33   
18.2868   1000        0           3707.21   
24.2502   1000        0           3673.86   
31.9854   1000        0           3640.75   
41.4283   1000        0           3608.59   
52.8883   1000        0           3576.43   
67.8481   1000        0           3541.18   
85.8094   1000        0           3505      
107.977   1000        0           3466.94   
134.834   1000        0           3428.59   
167.846   1000        0           3391.84   
208.096   1000        0           3361.42   
255.544   1000        0           3343.9    
311.74    1000        0           3345.55   
378.227   1000        0           3372.81   
454.957   1000        0           3429.19   
538.065   1000        0           3510.24   
626.206   1000        0           3610.14   
717.35    1000        0           3721.56   
810.221   1000        0           3838.51   
905.526   1000        0           3958.49   
1003.1    1000        0           4078.8    
1103.34   1000        0           4198.05   
1211.55   1000        0           4320.54   
1323.77   1000        0           4440.21   
1439.17   1000        0           4555.28   
1557.82   1000        0           4665.24   
1679.75   1000        0           4769.76   
1804.38   1000        0           4868.21   
1932.06   1000        0           4960.83   
2067.63   1000        0           5050.59   
2208.34   1000        0           5135.28   
2353.24   1000        0           5214.32   
2502.49   1000        0           5287.85   
2656.74   1000        0           5356.23   
2820.1    1000        0           5420.96   
2989.61   1000        0           5480.8    
3164.21   1000        0           5535.54   
3343.7    1000        0           5585.37   
3531.53   1000        0           5631.26   
3725.68   1000        0           5672.87   
3926.97   1000        0           5710.57   
4133.47   1000        0           5744.33   
4346.11   1000        0           5774.62   
4566.33   1000        0           5801.92   
4791.95   1000        0           5826.3    
5023.03   1000        0           5848.07   
5260.14   1000        0           5867.53   
5503.38   1000        0           5884.93   
5751.55   1000        0           5900.44   
6005.73   1000        0           5914.35   
6265.14   1000        0           5926.84   
6531.59   1000        0           5938.19   
6803.07   1000        0           5948.47   
7077.15   1000        0           5957.79   
7356.51   1000        0           5966.41   
7640.47   1000        0           5974.39   
7929.47   1000        0           5981.85   
8220.62   1000        0           5988.78   
8510.43   1000        0           5995.24   
8803.18   1000        0           6001.43   
9099.74   1000        0           6007.34   
9402.75   1000        0           6013.03   
9704.81   1000        0           6018.45   
10004.1   1000        0           6023.64   
10305.2   1000        0           6028.68   
10614.1   1000        0           6033.64   
10927.6   1000        0           6038.47   
11238.7   1000        0           6043.13   
11546     1000        0           6047.66   
11854.3   1000        0           6052.11   
12172.8   1000        0           6056.59   
12496.7   1000        0           6061.02   
12817.1   1000        0           6065.3    
13133.1   1000        0           6069.47   
13443.8   1000        0           6073.6    
13759.6   1000        0           6077.74   
14087.2   1000        0           6081.91   
14412.6   1000        0           6085.97   
14734     1000        0           6089.98   
15049.9   1000        0           6093.98   
15365.7   1000        0           6097.87   
15697.6   1000        0           6101.89   
16032.4   1000        0           6105.9    
16362.5   1000        0           6109.85   
16687.2   1000        0           6113.7    
17005.7   1000        0           6117.48   
17323.5   1000        0           6121.23   
17658.8   1000        0           6125.12   
17995.1   1000        0           6128.96   
18326.5   1000        0           6132.71   
18652.3   1000        0           6136.4    
18971.5   1000        0           6140.01   
19289.8   1000        0           6143.66   
19628.8   1000        0           6147.53   
19967     1000        0           6151.33   
20299.9   1000        0           6155.03   
20627.1   1000        0           6158.67   
20947.5   1000        0           6162.29   
21266.8   1000        0           6165.86   
21608.1   1000        0           6169.61   
21949.7   1000        0           6173.3    
22285.8   1000        0           6176.89   
22615.9   1000        0           6180.47   
22939.2   1000        0           6184.08   
23256.3   1000        0           6187.62   
23572.3   1000        0           6191.1    
23905.7   1000        0           6194.75   
24234     1000        0           6198.27   
24557.8   1000        0           6201.74   
24875.5   1000        0           6205.25   
25192.2   1000        0           6208.77   
25517.3   1000        0           6212.3    
25850.1   1000        0           6215.86   
26177.9   1000        0           6219.37   
26500.5   1000        0           6222.82   
26816.9   1000        0           6226.28   
27132.3   1000        0           6229.77   
27461     1000        0           6233.36   
27792.9   1000        0           6236.97   
28119.9   1000        0           6240.52   
28441.5   1000        0           6244.02   
28756.7   1000        0           6247.48   
29070.9   1000        0           6250.9    
29398     1000        0           6254.41   
29727.6   1000        0           6257.96   
30052.5   1000        0           6261.47   
30371.9   1000        0           6264.94   
30684.9   1000        0           6268.38   
30996.9   1000        0           6271.8    
31325.5   1000        0           6275.33   
31652.9   1000        0           6278.85   
31975.7   1000        0           6282.33   
32292.9   1000        0           6285.79   
32603.6   1000        0           6289.27   
32913.3   1000        0           6292.73   
33243.5   1000        0           6296.34   
33568.4   1000        0           6299.88   
33888.7   1000        0           6303.35   
34203.4   1000        0           6306.78   
34513.5   1000        0           6310.21   
34823.1   1000        0           6313.57   
35148.9   1000        0           6317.1    
35469.9   1000        0           6320.63   
35786.5   1000        0           6324.11   
36097.4   1000        0           6327.63   
36403.8   1000        0           6331.12   
36709.8   1000        0           6334.53   
37027.7   1000        0           6338.02   
37342     1000        0           6341.46   
37651.9   1000        0           6344.92   
37958.1   1000        0           6348.4    
38264.4   1000        0           6351.8    
38586.9   1000        0           6355.37   
38904.8   1000        0           6358.93   
39218.5   1000        0           6362.47   
39526.5   1000        0           6365.97   
39830.4   1000        0           6369.37   
40134.1   1000        0           6372.72   
40449.3   1000        0           6376.18   
40761     1000        0           6379.62   
41068.2   1000        0           6383.08   
41372.1   1000        0           6386.59   
41676.2   1000        0           6390.04   
41994.9   1000        0           6393.61   
42309.7   1000        0           6397.12   
42620.4   1000        0           6400.59   
42925.5   1000        0           6404.11   
43226.6   1000        0           6407.65   
43527.6   1000        0           6411.12   
43838.9   1000        0           6414.68   
44146.9   1000        0           6418.18   
44450.5   1000        0           6421.66   
44751     1000        0           6425.13   
45051.9   1000        0           6428.5    
45365.8   1000        0           6432      
45676.1   1000        0           6435.52   
45982.1   1000        0           6439.08   
46282.4   1000        0           6442.68   
46582.4   1000        0           6446.24   
46884.7   1000        0           6449.77   
47192.3   1000        0           6453.37   
47496.7   1000        0           6456.94   
47796.3   1000        0           6460.51   
48092.7   1000        0           6464      
48389.4   1000        0           6467.39   
48695.2   1000        0           6470.86   
48998     1000        0           6474.36   
49296.6   1000        0           6477.9    
49592.5   1000        0           6481.42   
49888.9   1000        0           6484.86   
50195.6   1000        0           6488.38   
50499.4   1000        0           6491.94   
50798.8   1000        0           6495.5    
51095.7   1000        0           6499.09   
51393.2   1000        0           6502.6    
51703.9   1000        0           6506.21   
52011     1000        0           6509.84   
52313.9   1000        0           6513.45   
52611.1   1000        0           6517.11   
52905.1   1000        0           6520.69   
53199.1   1000        0           6524.16   
53501.3   1000        0           6527.75   
53800.5   1000        0           6531.32   
54095.4   1000        0           6534.95   
54387.6   1000        0           6538.47   
54680.4   1000        0           6541.87   
54981.9   1000        0           6545.44   
55280.4   1000        0           6549.03   
55574.8   1000        0           6552.74   
55866.8   1000        0           6556.36   
56159.4   1000        0           6559.84   
56461     1000        0           6563.43   
56759.8   1000        0           6567.01   
57054.4   1000        0           6570.74   
57346.9   1000        0           6574.43   
57640.1   1000        0           6578.03   
57943.7   1000        0           6581.7    
58244.3   1000        0           6585.36   
58540.7   1000        0           6589.03   
58835.2   1000        0           6592.72   
59130.6   1000        0           6596.27   
59428.9   1000        0           6599.77   
59729.6   1000        0           6603.37   
60026.6   1000        0           6606.98   
60319.7   1000        0           6610.75   
60611.4   1000        0           6614.39   
60906.5   1000        0           6617.99   
61206.5   1000        0           6621.63   
61503.5   1000        0           6625.3    
61795.7   1000        0           6629.08   
62085.8   1000        0           6632.72   
62376.4   1000        0           6636.28   
62675     1000        0           6639.9    
62970.9   1000        0           6643.58   
63262.6   1000        0           6647.36   
63552.3   1000        0           6651.04   
63842.7   1000        0           6654.61   
64141     1000        0           6658.29   
64436.7   1000        0           6662      
64728.3   1000        0           6665.75   
65018.2   1000        0           6669.38   
65312.8   1000        0           6672.92   
65612.8   1000        0           6676.63   
65910.1   1000        0           6680.47   
66203     1000        0           6684.39   
66496.1   1000        0           6688.14   
66793     1000        0           6691.77   
67095.1   1000        0           6695.48   
67394.4   1000        0           6699.26   
67689.4   1000        0           6703.13   
67984.7   1000        0           6706.79   
68283.7   1000        0           6710.43   
68588.1   1000        0           6714.13   
68889.9   1000        0           6717.91   
69187.8   1000        0           6721.89   
69485.9   1000        0           6725.65   
69787.7   1000        0           6729.36   
70094.8   1000        0           6733.19   
70399.6   1000        0           6737.05   
70703.6   1000        0           6741.07   
71006.4   1000        0           6744.82   
71312.4   1000        0           6748.44   
71623.7   1000        0           6752.26   
71932.8   1000        0           6756.05   
72241.3   1000        0           6760.02   
72551.7   1000        0           6763.8    
72863.7   1000        0           6767.46   
73180.8   1000        0           6771.3    
73495.9   1000        0           6775.27   
73810.2   1000        0           6779.37   
74126.6   1000        0           6783.32   
74444.5   1000        0           6787.15   
74767.1   1000        0           6791.06   
75088.3   1000        0           6795.04   
75411.9   1000        0           6799.21   
75737.1   1000        0           6803.08   
76065.7   1000        0           6806.92   
76397.1   1000        0           6810.86   
76733.2   1000        0           6814.92   
77069.1   1000        0           6819.08   
77405.7   1000        0           6823.09   
77746.3   1000        0           6827      
78089.3   1000        0           6830.94   
78436.9   1000        0           6835.03   
78787.7   1000        0           6839.16   
79140.5   1000        0           6843.17   
79493.9   1000        0           6847.16   
79853.3   1000        0           6851.36   
80213.3   1000        0           6855.56   
80573.3   1000        0           6859.84   
80933.3   1000        0           6864.05   
81293.1   1000        0           6868.1    
81653.1   1000        0           6872.11   
82013.1   1000        0           6876.06   
82373.1   1000        0           6880.01   
82733.1   1000        0           6883.73   
83093     1000        0           6887.63   
83453     1000        0           6891.53   
83813     1000        0           6895.6    
84173     1000        0           6899.55   
84533     1000        0           6903.27   
84893     1000        0           6906.89   
85250.9   1000        0           6910.37   
85610.9   1000        0           6914.41   
85970.9   1000        0           6918.24   
86330.2   1000        0           6922.05   
86687.1   1000        0           6925.64   
87039.8   1000        0           6929.19   
87391.1   1000        0           6933.01   
87744.8   1000        0           6936.59   
88101.9   1000        0           6939.98   
88456.6   1000        0           6943.4    
88809.5   1000        0           6947.25   
89160.6   1000        0           6950.89   
89504.1   1000        0           6954.41   
89837.6   1000        0           6957.95   
90165.3   1000        0           6961.18   
90502.1   1000        0           6964.43   
90840.6   1000        0           6968.06   
91175.2   1000        0           6971.45   
91501     1000        0           6974.73   
91821.3   1000        0           6978.15   
92134     1000        0           6981.26   
92441.4   1000        0           6984.3    
92742     1000        0           6987.77   
93035.8   1000        0           6990.59   
93332.6   1000        0           6993.83   
93627.3   1000        0           6996.81   
93915.2   1000        0           6999.81   
94198.5   1000        0           7003.08   
94473.2   1000        0           7005.96   
94746.6   1000        0           7009.21   
95016.5   1000        0           7011.9    
95280.8   1000        0           7014.97   
95537.5   1000        0           7017.82   
95786.5   1000        0           7020.76   
96024.9   1000        0           7023.44   
96262.6   1000        0           7026.37   
96496.3   1000        0           7029.12   
96727.7   1000        0           7031.97   
96956.4   1000        0           7034.83   
97190.5   1000        0           7037.81   
97420.6   1000        0           7040.57   
97653     1000        0           7043.78   
97888.8   1000        0           7046.39   
98118.8   1000        0           7049.21   
98335.3   1000        0           7052.93   
98532.8   1000        0           7056.07   
98717.4   1000        0           7059.25   
98895.8   1000        0           7061.24   
99064.2   1000        0           7063.37   
99225.8   1000        0           7066.15   
99383.3   1000        0           7069.07   
99534.5   1000        0           7071.64   
99678.1   1000        0           7073.94   
99818.7   1000        0           7076.3    
99957     1000        0           7078.61   
100089    1000        0           7081.77   
100222    1000        0           7084.32   
100357    1000        0           7087.39   
100490    1000        0           7089.28   
100619    1000        0           7092.05   
100753    1000        0           7094.93   
100876    1000        0           7098.85   
101001    1000        0           7101.3    
101124    1000        0           7103.17   
101247    1000        0           7104.58   
101370    1000        0           7106.03   
101491    1000        0           7107.92   
101621    1000        0           7108.1    
101745    1000        0           7109.6    
101873    1000        0           7115.6    
102001    1000        33.904014   7116.28   
102127    1000        204.73715   7097.47   
102254    1000        649.89719   7038.79   
102402    1000        1389.579    6927.47   
102605    1000        1932.5786   6822.04   
102840    1000        2283.9355   6752.86   
103097    1000        2545.5562   6701.39   
103368    1000        2726.1596   6664.73   
103646    1000        2873.4371   6635.02   
103928    1000        2995.7286   6610.64   
104216    1000        3100.9653   6590.02   
104506    1000        3193.0458   6572.29   
104802    1000        3273.3628   6557.19   
105095    1000        3345.0279   6544.43   
105386    1000        3408.3043   6533.46   
105677    1000        3464.0471   6524.11   
105967    1000        3513.9184   6515.83   
106265    1000        3561.3466   6508.18   
106561    1000        3605.1815   6501.35   
106852    1000        3644.9038   6495.42   
107141    1000        3683.1887   6490.19   
107424    1000        3718.7815   6485.85   
107706    1000        3751.9505   6482.06   
107999    1000        3786.2089   6478.36   
108293    1000        3819.8615   6474.72   
108579    1000        3852.6621   6471.36   
108861    1000        3885.621    6468.16   
109141    1000        3919.1615   6465.15   
109419    1000        3954.202    6461.84   
109692    1000        3991.6387   6459.73   
109962    1000        4031.6765   6458.78   
110232    1000        4074.063    6457.99   
110501    1000        4119.4391   6457.02   
110768    1000        4168.2181   6455.33   
111043    1000        4223.7273   6453.59   
111324    1000        4286.681    6451.4    
111609    1000        4358.7806   6448.34   
111899    1000        4442.7077   6444.34   
112199    1000        4544.9013   6439.32   
112504    1000        4666.8349   6432.59   
112824    1000        4819.2065   6423.6    
113180    1000        5022.7916   6410.15   
113540    1000        5268.3261   6393.5    
113900    1000        5568.012    6371.16   
114260    1000        5915.6279   6344.17   
114620    1000        6316.1523   6311.52   
114980    1000        6762.9941   6273.95   
115340    1000        7232.0182   6233.13   
115700    1000        7719.8422   6189.31   
116060    1000        8228.3397   6142      
116420    1000        8720.2879   6094.29   
116780    1000        9182.5715   6047.88   
117140    1000        9618.4873   6002.64   
117500    1000        10008.339   5960.67   
117860    1000        10355.156   5922.01   
118220    1000        10650.84    5887.56   
118580    1000        10900.302   5857.38   
118940    1000        11105.224   5831.54   
119300    1000        11271.52    5809.71   
119660    1000        11409.802   5791.04   
120020    1000        11520.774   5775.57   
120380    1000        11606.661   5763.11   
120740    1000        11674.105   5753.16   
121100    1000        11730.269   5745.1    
121460    1000        11778.012   5738.51   
121820    1000        11818.938   5733.1    
122180    1000        11855.02    5728.64   
122540    1000        11887.738   5724.96   
122900    1000        11918.459   5721.91   
123260    1000        11948.017   5719.34   
123620    1000        11976.772   5717.13   
123980    1000        12004.772   5715.29   
124340    1000        12032.23    5713.78   
124700    1000        12059.385   5712.52   
125060    1000        12086.46    5711.45   
125420    1000        12113.709   5710.52   
125780    1000        12141.135   5709.73   
126140    1000        12168.764   5708.99   
126500    1000        12196.594   5708.27   
126860    1000        12224.624   5707.56   
127220    1000        12252.942   5706.87   
127580    1000        12281.562   5706.18   
127940    1000        12310.841   5705.45   
128300    1000        12340.617   5704.75   
128660    1000        12370.637   5704.11   
129020    1000        12400.868   5703.51   
129380    1000        12431.478   5702.93   
129740    1000        12462.496   5702.38   
130100    1000        12493.754   5701.78   
130460    1000        12525.201   5701.11   
130820    1000        12556.971   5700.35   
131180    1000        12589.001   5699.55   
131540    1000        12621.466   5698.73   
131900    1000        12654.272   5697.89   
132260    1000        12687.419   5697.1    
132620    1000        12720.895   5696.31   
132980    1000        12754.611   5695.51   
133340    1000        12789.205   5694.67   
133700    1000        12823.928   5693.76   
134060    1000        12858.805   5692.82   
134420    1000        12894.301   5691.82   
134780    1000        12930.551   5690.76   
135140    1000        12967.315   5689.64   
135500    1000        13004.305   5688.49   
135860    1000        13041.742   5687.34   
136220    1000        13079.808   5686.16   
136580    1000        13118.675   5684.92   
136940    1000        13158.192   5683.76   
137300    1000        13197.826   5682.51   
137660    1000        13237.658   5681.15   
138020    1000        13277.94    5679.68   
138380    1000        13319.211   5678.08   
138740    1000        13361.049   5676.44   
139100    1000        13403.212   5674.75   
139460    1000        13445.697   5673.09   
139820    1000        13488.87    5671.43   
140180    1000        13532.225   5669.75   
140540    1000        13576.058   5668.07   
140900    1000        13620.576   5666.31   
141260    1000        13666.18    5664.41   
141620    1000        13712.024   5662.39   
141980    1000        13758.469   5660.26   
142340    1000        13805.508   5658.08   
142700    1000        13853.084   5655.84   
143060    1000        13900.868   5653.61   
143420    1000        13949.067   5651.43   
143780    1000        13996.434   5649.31   
144140    1000        14043.35    5647.27   
144500    1000        14089.855   5645.23   
144860    1000        14136.097   5643.11   
145220    1000        14182.855   5640.92   
145580    1000        14229.558   5638.71   
145940    1000        14276.369   5636.47   
146300    1000        14324.011   5634.17   
146660    1000        14372.512   5631.8    
147020    1000        14421.501   5629.42   
147380    1000        14470.29    5627.06   
147740    1000        14518.551   5624.75   
148100    1000        14567.099   5622.53   
148460    1000        14615.976   5620.23   
148820    1000        14664.397   5617.89   
149180    1000        14712.172   5615.55   
149540    1000        14759.356   5613.18   
149900    1000        14806.605   5610.79   
150260    1000        14854.395   5608.39   
150620    1000        14902.324   5605.98   
150980    1000        14950.235   5603.65   
151340    1000        14998.732   5601.34   
151700    1000        15047.023   5599.03   
152060    1000        15095.281   5596.8    
152420    1000        15143.131   5594.53   
152780    1000        15190.396   5592.23   
153140    1000        15237.548   5589.91   
153500    1000        15284.743   5587.58   
153860    1000        15332.083   5585.23   
154220    1000        15379.29    5582.86   
154580    1000        15426.725   5580.49   
154940    1000        15473.762   5578.17   
155300    1000        15520.745   5575.92   
155660    1000        15567.501   5573.72   
156020    1000        15613.949   5571.55   
156380    1000        15660.425   5569.43   
156740    1000        15707.1     5567.24   
157100    1000        15754.048   5565      
157460    1000        15801.51    5562.68   
157820    1000        15848.676   5560.34   
158180    1000        15895.325   5558.02   
158540    1000        15941.81    5555.72   
158900    1000        15988.198   5553.45   
159260    1000        16035.119   5551.18   
159620    1000        16081.68    5548.98   
159980    1000        16127.332   5546.89   
160340    1000        16172.256   5544.85   
160700    1000        16216.864   5542.85   
161060    1000        16261.523   5540.87   
161420    1000        16306.321   5538.86   
161780    1000        16351.237   5536.81   
162140    1000        16396.197   5534.75   
162500    1000        16441.021   5532.67   
162860    1000        16486.214   5530.54   
163220    1000        16530.794   5528.43   
163580    1000        16574.573   5526.36   
163940    1000        16617.904   5524.34   
164300    1000        16662.375   5522.32   
164660    1000        16707.228   5520.26   
165020    1000        16751.641   5518.27   
165380    1000        16795.588   5516.3    
165740    1000        16839.062   5514.39   
166100    1000        16882.253   5512.52   
166460    1000        16925.171   5510.62   
166820    1000        16967.762   5508.74   
167180    1000        17010.006   5506.86   
167540    1000        17051.962   5504.99   
167900    1000        17093.742   5503.12   
168260    1000        17135.6     5501.26   
168620    1000        17177.808   5499.4    
168980    1000        17219.968   5497.54   
169340    1000        17261.49    5495.76   
169700    1000        17302.672   5493.99   
170060    1000        17343.508   5492.26   
170420    1000        17385.177   5490.54   
170780    1000        17427.413   5488.79   
171140    1000        17469.416   5487.08   
171500    1000        17510.875   5485.41   
171860    1000        17551.587   5483.74   
172220    1000        17591.867   5482.09   
172580    1000        17631.764   5480.46   
172940    1000        17671.282   5478.88   
173300    1000        17710.301   5477.32   
173660    1000        17749.211   5475.78   
174020    1000        17788.524   5474.16   
174380    1000        17827.893   5472.54   
174740    1000        17867.149   5470.92   
175100    1000        17906.818   5469.3    
175460    1000        17946.351   5467.69   
175820    1000        17985.532   5466.12   
176180    1000        18024.335   5464.62   
176540    1000        18062.799   5463.15   
176900    1000        18100.987   5461.7    
177260    1000        18138.928   5460.29   
177620    1000        18176.643   5458.95   
177980    1000        18214.121   5457.62   
178340    1000        18251.394   5456.27   
178700    1000        18288.437   5454.93   
179060    1000        18324.895   5453.55   
179420    1000        18361.401   5452.19   
179780    1000        18398.452   5450.8    
180140    1000        18435.568   5449.44   
180500    1000        18472.661   5448.11   
180860    1000        18509.559   5446.77   
181220    1000        18546.107   5445.47   
181580    1000        18582.128   5444.16   
181940    1000        18617.551   5442.9    
182300    1000        18653.1     5441.59   
182660    1000        18688.098   5440.35   
183020    1000        18722.726   5439.16   
183380    1000        18757.482   5437.96   
183740    1000        18792.323   5436.81   
184100    1000        18827.539   5435.64   
184460    1000        18862.582   5434.5    
184820    1000        18897.248   5433.38   
185180    1000        18931.639   5432.33   
185540    1000        18965.516   5431.27   
185900    1000        18998.911   5430.23   
186260    1000        19032.163   5429.2    
186620    1000        19065.516   5428.12   
186980    1000        19098.831   5427.07   
187340    1000        19132.023   5426.02   
187700    1000        19165.147   5424.96   
188060    1000        19198.394   5423.91   
188420    1000        19231.356   5422.87   
188780    1000        19263.885   5421.84   
189140    1000        19296.438   5420.84   
189500    1000        19328.897   5419.84   
189860    1000        19360.775   5418.87   
190220    1000        19392.124   5417.93   
190580    1000        19423.164   5417.04   
190940    1000        19454.079   5416.17   
191300    1000        19484.953   5415.32   
191660    1000        19515.695   5414.49   
192020    1000        19546.166   5413.68   
192380    1000        19576.339   5412.89   
192740    1000        19606.137   5412.13   
193100    1000        19635.686   5411.4    
193460    1000        19665.117   5410.69   
193820    1000        19694.922   5409.99   
194180    1000        19724.821   5409.25   
194540    1000        19754.56    5408.51   
194900    1000        19784.435   5407.78   
195260    1000        19814.015   5407.07   
195620    1000        19843.572   5406.35   
195980    1000        19872.839   5405.69   
196340    1000        19901.933   5405.02   
196700    1000        19930.857   5404.37   
197060    1000        19959.374   5403.73   
197420    1000        19987.275   5403.05   
197780    1000        20014.808   5402.44   
198140    1000        20042.063   5401.81   
198500    1000        20069.059   5401.26   
198860    1000        20096.072   5400.67   
199220    1000        20122.758   5400.13   
199580    1000        20149.409   5399.56   
199940    1000        20175.54    5399.04   
200300    1000        20201.154   5398.57   
200660    1000        20226.356   5398.14   
201020    1000        20251.349   5397.73   
201380    1000        20276.297   5397.35   
201740    1000        20301.178   5396.96   
202100    1000        20325.982   5396.57   
202460    1000        20351.029   5396.16   
202820    1000        20375.894   5395.76   
203180    1000        20400.716   5395.38   
203540    1000        20425.971   5394.98   
203900    1000        20451.122   5394.58   
204260    1000        20475.999   5394.19   
204620    1000        20500.578   5393.77   
204980    1000        20525.049   5393.39   
205340    1000        20549.405   5392.98   
205700    1000        20573.895   5392.59   
206060    1000        20598.097   5392.25   
206420    1000        20622.2     5391.9    
206780    1000        20646.3     5391.58   
207140    1000        20670       5391.23   
207500    1000        20693.267   5390.95   
207860    1000        20716.13    5390.7    
208220    1000        20739.167   5390.53   
208580    1000        20761.835   5390.42   
208940    1000        20784.022   5390.35   
209300    1000        20806.037   5390.24   
209660    1000        20827.774   5390.17   
210020    1000        20849.139   5390.13   
210380    1000        20870.335   5390.09   
210740    1000        20891.249   5390.09   
211100    1000        20911.648   5390.1    
211460    1000        20931.767   5390.1    
211820    1000        20951.94    5390.13   
212180    1000        20972.068   5390.12   
212540    1000        20992.216   5390.11   
212900    1000        21012.147   5390.13   
213260    1000        21031.884   5390.15   
213620    1000        21051.589   5390.18   
213980    1000        21071.566   5390.2    
214340    1000        21091.564   5390.19   
214700    1000        21111.657   5390.19   
215060    1000        21131.645   5390.21   
215420    1000        21151.477   5390.19   
215780    1000        21171.443   5390.19   
216140    1000        21191.251   5390.19   
216500    1000        21210.93    5390.18   
216860    1000        21230.603   5390.2    
217220    1000        21250.147   5390.24   
217580    1000        21269.466   5390.28   
217940    1000        21288.614   5390.31   
218300    1000        21307.69    5390.4    
218660    1000        21326.295   5390.48   
219020    1000        21344.825   5390.59   
219380    1000        21363.08    5390.78   
219740    1000        21380.977   5390.95   
220100    1000        21398.47    5391.11   
220460    1000        21415.717   5391.31   
220820    1000        21432.75    5391.53   
221180    1000        21449.337   5391.74   
221540    1000        21465.922   5392.05   
221900    1000        21482.195   5392.35   
222260    1000        21498.356   5392.65   
222620    1000        21514.329   5392.88   
222980    1000        21530.474   5393.12   
223340    1000        21547.043   5393.32   
223700    1000        21564.414   5393.46   
224060    1000        21583.236   5393.53   
224420    1000        21603.864   5393.47   
224780    1000        21627.115   5393.2    
225140    1000        21653.128   5392.61   
225500    1000        21682.616   5391.84   
225860    1000        21715.332   5390.82   
226220    1000        21751.184   5389.62   
226580    1000        21789.066   5388.22   
226940    1000        21829.153   5386.71   
227300    1000        21870.73    5385.05   
227660    1000        21912.335   5383.33   
228020    1000        21951.244   5381.74   
228380    1000        21987.852   5380.36   
228740    1000        22022.578   5379.18   
229100    1000        22054.024   5378.17   
229460    1000        22081.703   5377.38   
229820    1000        22105.861   5376.81   
230180    1000        22126.995   5376.51   
230540    1000        22145.103   5376.38   
230900    1000        22160.897   5376.4    
231260    1000        22174.641   5376.55   
231620    1000        22187.013   5376.89   
231980    1000        22197.928   5377.33   
232340    1000        22208.088   5377.83   
232700    1000        22217.134   5378.38   
233060    1000        22225.773   5379.07   
233420    1000        22233.722   5379.82   
233780    1000        22241.325   5380.62   
234140    1000        22248.258   5381.43   
234500    1000        22255.191   5382.24   
234860    1000        22261.937   5383.14   
235220    1000        22268.61    5384.1    
235580    1000        22274.907   5385.08   
235940    1000        22281.102   5386.07   
236300    1000        22287.407   5387.01   
236660    1000        22293.624   5387.99   
237020    1000        22299.948   5389.06   
237380    1000        22305.793   5390.11   
237740    1000        22311.975   5391.13   
238100    1000        22317.806   5392.16   
238460    1000        22323.862   5393.14   
238820    1000        22329.933   5394.29   
239180    1000        22336.325   5395.4    
239540    1000        22342.673   5396.53   
239900    1000        22348.617   5397.63   
240260    1000        22354.854   5398.69   
240620    1000        22361.41    5399.85   
240980    1000        22368.114   5401.08   
241340    1000        22374.422   5402.24   
241700    1000        22380.818   5403.34   
242060    1000        22387.674   5404.46   
242420    1000        22394.099   5405.63   
242780    1000        22400.945   5406.78   
243140    1000        22408.007   5407.94   
243500    1000        22414.886   5409.13   
243860    1000        22422.38    5410.35   
244220    1000        22430.07    5411.58   
244580    1000        22437.129   5412.79   
244940    1000        22444.961   5414      
245300    1000        22452.876   5415.23   
245660    1000        22461.192   5416.46   
246020    1000        22469.19    5417.71   
246380    1000        22476.921   5419      
246740    1000        22486.675   5420.29   
247100    1000        22495.429   5421.62   
247460    1000        22505.207   5422.94   
247820    1000        22514.335   5424.22   
248180    1000        22525.041   5425.61   
248540    1000        22535.004   5427.06   
248900    1000        22546.694   5428.47   
249260    1000        22557.919   5429.9    
249620    1000        22571.547   5431.39   
249980    1000        22584.484   5432.85   
250340    1000        22598.37    5434.32   
250700    1000        22615.471   5435.87   
251060    1000        22632.322   5437.52   
251420    1000        22652.093   5438.93   
251780    1000        22678.781   5440.15   
252140    1000        22712.696   5440.58   
252500    1000        22771.677   5438.91   
252860    1000        22873.358   5433.37   
253220    1000        23077.929   5419.2    
253580    1000        23478.847   5389.16   
253940    1000        24109.773   5339.66   
254300    1000        24668.117   5293.37   
254660    1000        25086.746   5257.12   
255020    1000        25373.308   5230.95   
255380    1000        25599.953   5209.6    
255500    1000        25671.783   5202.87   
