Results for well: INJ in the reservoir: RES1

  t       BHP	     q(Gas)       q(Oil)
(days)   (psia)    (MSCF/day)   (STB/day)
0         3500        0           0         
0.01      3500        -96557.949  0         
0.11      3500        -86278.992  0         
0.226237  3500        -83942.507  0         
0.478043  3500        -82013.506  0         
1.00626   3500        -73511.528  0         
1.65295   3500        -73317      0         
2.71222   3500        -94526.019  0         
4.23975   3500        -135530.23  0         
5.93249   3500        -150781     0         
7.79892   3500        -163584.65  0         
10.4485   3500        -179790.66  0         
13.5899   3500        -202375.36  0         
18.2868   3500        -210794.43  0         
24.2502   3500        -221604.47  0         
31.9854   3500        -231862.36  0         
41.4283   3500        -238617.54  0         
52.8883   3500        -243324.72  0         
67.8481   3500        -240545.64  0         
85.8094   3500        -237963.67  0         
107.977   3500        -229651.36  0         
134.834   3500        -223538.01  0         
167.846   3500        -215040.88  0         
208.096   3500        -206434.64  0         
255.544   3500        -196801.86  0         
311.74    3500        -186554.97  0         
378.227   3500        -177856.75  0         
454.957   3500        -169166.14  0         
538.065   3500        -161080.58  0         
626.206   3500        -153784.66  0         
717.35    3500        -147260.02  0         
810.221   3500        -141295.32  0         
905.526   3500        -135632.55  0         
1003.1    3500        -130569.73  0         
1103.34   3500        -126374.46  0         
1211.55   3500        -122150.57  0         
1323.77   3500        -118145.4   0         
1439.17   3500        -114304.92  0         
1557.82   3500        -110652.85  0         
1679.75   3500        -107364.1   0         
1804.38   3500        -103927.33  0         
1932.06   3500        -100995.23  0         
2067.63   3500        -97770.143  0         
2208.34   3500        -94951.788  0         
2353.24   3500        -92457.099  0         
2502.49   3500        -90094.87   0         
2656.74   3500        -88014.009  0         
2820.1    3500        -85866.177  0         
2989.61   3500        -83744.856  0         
3164.21   3500        -81964.757  0         
3343.7    3500        -80542.831  0         
3531.53   3500        -79290.349  0         
3725.68   3500        -78037.571  0         
3926.97   3500        -76930.25   0         
4133.47   3500        -75859.138  0         
4346.11   3500        -74986.354  0         
4566.33   3500        -73983.861  0         
4791.95   3500        -73264.527  0         
5023.03   3500        -72605.85   0         
5260.14   3500        -72172.508  0         
5503.38   3500        -71733.25   0         
5751.55   3500        -71425.205  0         
6005.73   3500        -71162.355  0         
6265.14   3500        -70910.304  0         
6531.59   3500        -70675.662  0         
6803.07   3500        -70558.914  0         
7077.15   3500        -70389.005  0         
7356.51   3500        -70253.299  0         
7640.47   3500        -70160.479  0         
7929.47   3500        -70052.875  0         
8220.62   3500        -70073.613  0         
8510.43   3500        -69949.842  0         
8803.18   3500        -69827.556  0         
9099.74   3500        -69887.089  0         
9402.75   3500        -69888.055  0         
9704.81   3500        -69871.624  0         
10004.1   3500        -69795.536  0         
10305.2   3500        -69839.005  0         
10614.1   3500        -69889.217  0         
10927.6   3500        -69942.917  0         
11238.7   3500        -69919.814  0         
11546     3500        -69896.032  0         
11854.3   3500        -69946.183  0         
12172.8   3500        -69972.537  0         
12496.7   3500        -70033.472  0         
12817.1   3500        -70069.62   0         
13133.1   3500        -70043.279  0         
13443.8   3500        -70022.551  0         
13759.6   3500        -70053.489  0         
14087.2   3500        -70099.784  0         
14412.6   3500        -70169.587  0         
14734     3500        -70126.224  0         
15049.9   3500        -70084.923  0         
15365.7   3500        -70193.864  0         
15697.6   3500        -70183.824  0         
16032.4   3500        -70230.426  0         
16362.5   3500        -70239.076  0         
16687.2   3500        -70285.157  0         
17005.7   3500        -70275.857  0         
17323.5   3500        -70321.888  0         
17658.8   3500        -70356.144  0         
17995.1   3500        -70426.702  0         
18326.5   3500        -70466.968  0         
18652.3   3500        -70509.776  0         
18971.5   3500        -70537.305  0         
19289.8   3500        -70464.51   0         
19628.8   3500        -70493.811  0         
19967     3500        -70578.515  0         
20299.9   3500        -70619.402  0         
20627.1   3500        -70663.147  0         
20947.5   3500        -70624.012  0         
21266.8   3500        -70688.837  0         
21608.1   3500        -70781.829  0         
21949.7   3500        -70856.486  0         
22285.8   3500        -70891.691  0         
22615.9   3500        -70865.925  0         
22939.2   3500        -70852.153  0         
23256.3   3500        -70886.084  0         
23572.3   3500        -70938.639  0         
23905.7   3500        -70984.558  0         
24234     3500        -71076.412  0         
24557.8   3500        -71079.733  0         
24875.5   3500        -71047.654  0         
25192.2   3500        -71074.766  0         
25517.3   3500        -71153.459  0         
25850.1   3500        -71235.311  0         
26177.9   3500        -71252.717  0         
26500.5   3500        -71283.216  0         
26816.9   3500        -71293.703  0         
27132.3   3500        -71284.32   0         
27461     3500        -71312.105  0         
27792.9   3500        -71367.487  0         
28119.9   3500        -71399.367  0         
28441.5   3500        -71426.623  0         
28756.7   3500        -71477.64   0         
29070.9   3500        -71533.15   0         
29398     3500        -71544.459  0         
29727.6   3500        -71580.201  0         
30052.5   3500        -71623.357  0         
30371.9   3500        -71649.026  0         
30684.9   3500        -71702.024  0         
30996.9   3500        -71725.728  0         
31325.5   3500        -71775.67   0         
31652.9   3500        -71810.957  0         
31975.7   3500        -71857.2    0         
32292.9   3500        -71858.013  0         
32603.6   3500        -71856.843  0         
32913.3   3500        -71889.351  0         
33243.5   3500        -71940.34   0         
33568.4   3500        -71995.219  0         
33888.7   3500        -72042.406  0         
34203.4   3500        -72103.457  0         
34513.5   3500        -72145.934  0         
34823.1   3500        -72173.147  0         
35148.9   3500        -72186.52   0         
35469.9   3500        -72206.657  0         
35786.5   3500        -72211.914  0         
36097.4   3500        -72218.113  0         
36403.8   3500        -72257.452  0         
36709.8   3500        -72329.229  0         
37027.7   3500        -72374.723  0         
37342     3500        -72397.168  0         
37651.9   3500        -72418.718  0         
37958.1   3500        -72450.028  0         
38264.4   3500        -72503.764  0         
38586.9   3500        -72505.787  0         
38904.8   3500        -72520.366  0         
39218.5   3500        -72558.95   0         
39526.5   3500        -72622.778  0         
39830.4   3500        -72705.137  0         
40134.1   3500        -72757.291  0         
40449.3   3500        -72789.361  0         
40761     3500        -72807.723  0         
41068.2   3500        -72810.537  0         
41372.1   3500        -72856.706  0         
41676.2   3500        -72897.365  0         
41994.9   3500        -72945.133  0         
42309.7   3500        -72984.06   0         
42620.4   3500        -73022.882  0         
42925.5   3500        -73022.609  0         
43226.6   3500        -73003.244  0         
43527.6   3500        -73032.515  0         
43838.9   3500        -73097.918  0         
44146.9   3500        -73167.23   0         
44450.5   3500        -73212.913  0         
44751     3500        -73265.105  0         
45051.9   3500        -73318.892  0         
45365.8   3500        -73352.846  0         
45676.1   3500        -73364.849  0         
45982.1   3500        -73359.861  0         
46282.4   3500        -73350.687  0         
46582.4   3500        -73360.261  0         
46884.7   3500        -73397.542  0         
47192.3   3500        -73444.831  0         
47496.7   3500        -73486.668  0         
47796.3   3500        -73521.657  0         
48092.7   3500        -73575.319  0         
48389.4   3500        -73625.962  0         
48695.2   3500        -73682.87   0         
48998     3500        -73711.824  0         
49296.6   3500        -73743.529  0         
49592.5   3500        -73780.79   0         
49888.9   3500        -73815.613  0         
50195.6   3500        -73851.82   0         
50499.4   3500        -73894.632  0         
50798.8   3500        -73914.64   0         
51095.7   3500        -73943.166  0         
51393.2   3500        -73970.137  0         
51703.9   3500        -74018.38   0         
52011     3500        -74059.885  0         
52313.9   3500        -74077.34   0         
52611.1   3500        -74073.707  0         
52905.1   3500        -74094.246  0         
53199.1   3500        -74144.385  0         
53501.3   3500        -74211.595  0         
53800.5   3500        -74260.635  0         
54095.4   3500        -74301.614  0         
54387.6   3500        -74346.892  0         
54680.4   3500        -74379.247  0         
54981.9   3500        -74415.188  0         
55280.4   3500        -74419.97   0         
55574.8   3500        -74444.38   0         
55866.8   3500        -74479.112  0         
56159.4   3500        -74528.8    0         
56461     3500        -74573.335  0         
56759.8   3500        -74598.026  0         
57054.4   3500        -74597.991  0         
57346.9   3500        -74597.368  0         
57640.1   3500        -74625.519  0         
57943.7   3500        -74673.462  0         
58244.3   3500        -74740.151  0         
58540.7   3500        -74801.273  0         
58835.2   3500        -74852.071  0         
59130.6   3500        -74902.522  0         
59428.9   3500        -74957.343  0         
59729.6   3500        -74989.177  0         
60026.6   3500        -75025.887  0         
60319.7   3500        -75027.278  0         
60611.4   3500        -75037.354  0         
60906.5   3500        -75075.919  0         
61206.5   3500        -75107.035  0         
61503.5   3500        -75146.161  0         
61795.7   3500        -75168.46   0         
62085.8   3500        -75196.352  0         
62376.4   3500        -75231.736  0         
62675     3500        -75263.95   0         
62970.9   3500        -75288.041  0         
63262.6   3500        -75324.306  0         
63552.3   3500        -75365.666  0         
63842.7   3500        -75407.404  0         
64141     3500        -75462.382  0         
64436.7   3500        -75534.051  0         
64728.3   3500        -75580.331  0         
65018.2   3500        -75616.957  0         
65312.8   3500        -75632.161  0         
65612.8   3500        -75641.675  0         
65910.1   3500        -75652.643  0         
66203     3500        -75678.138  0         
66496.1   3500        -75721.206  0         
66793     3500        -75774.032  0         
67095.1   3500        -75827.41   0         
67394.4   3500        -75883.829  0         
67689.4   3500        -75921.092  0         
67984.7   3500        -75959.181  0         
68283.7   3500        -75999.647  0         
68588.1   3500        -76044.931  0         
68889.9   3500        -76057.787  0         
69187.8   3500        -76070.209  0         
69485.9   3500        -76070.442  0         
69787.7   3500        -76097.75   0         
70094.8   3500        -76149.237  0         
70399.6   3500        -76192.674  0         
70703.6   3500        -76224.31   0         
71006.4   3500        -76259.989  0         
71312.4   3500        -76308.863  0         
71623.7   3500        -76351.705  0         
71932.8   3500        -76402.688  0         
72241.3   3500        -76453.613  0         
72551.7   3500        -76497.322  0         
72863.7   3500        -76548.124  0         
73180.8   3500        -76577.377  0         
73495.9   3500        -76598.492  0         
73810.2   3500        -76633.87   0         
74126.6   3500        -76662.155  0         
74444.5   3500        -76696.762  0         
74767.1   3500        -76743.279  0         
75088.3   3500        -76788.935  0         
75411.9   3500        -76838.54   0         
75737.1   3500        -76883.374  0         
76065.7   3500        -76918.19   0         
76397.1   3500        -76963.966  0         
76733.2   3500        -77005.619  0         
77069.1   3500        -77037.361  0         
77405.7   3500        -77061.606  0         
77746.3   3500        -77098.136  0         
78089.3   3500        -77144.603  0         
78436.9   3500        -77193.829  0         
78787.7   3500        -77221.809  0         
79140.5   3500        -77248.402  0         
79493.9   3500        -77273.37   0         
79853.3   3500        -77315.596  0         
80213.3   3500        -77354.966  0         
80573.3   3500        -77397.257  0         
80933.3   3500        -77434.331  0         
81293.1   3500        -77478      0         
81653.1   3500        -77518.679  0         
82013.1   3500        -77556.474  0         
82373.1   3500        -77581.533  0         
82733.1   3500        -77619.934  0         
83093     3500        -77669.785  0         
83453     3500        -77717.412  0         
83813     3500        -77776.921  0         
84173     3500        -77828.789  0         
84533     3500        -77881.093  0         
84893     3500        -77907.594  0         
85250.9   3500        -77935.73   0         
85610.9   3500        -77967.295  0         
85970.9   3500        -77995.792  0         
86330.2   3500        -78025.44   0         
86687.1   3500        -78091.529  0         
87039.8   3500        -78153.411  0         
87391.1   3500        -78197.317  0         
87744.8   3500        -78233.006  0         
88101.9   3500        -78246.902  0         
88456.6   3500        -78247.765  0         
88809.5   3500        -78256.867  0         
89160.6   3500        -78286.359  0         
89504.1   3500        -78308.069  0         
89837.6   3500        -78338.612  0         
90165.3   3500        -78398.038  0         
90502.1   3500        -78453.3    0         
90840.6   3500        -78489.581  0         
91175.2   3500        -78523.197  0         
91501     3500        -78564.57   0         
91821.3   3500        -78589.22   0         
92134     3500        -78623.254  0         
92441.4   3500        -78651.283  0         
92742     3500        -78676.86   0         
93035.8   3500        -78706.283  0         
93332.6   3500        -78755.985  0         
93627.3   3500        -78801.297  0         
93915.2   3500        -78837.96   0         
94198.5   3500        -78864.698  0         
94473.2   3500        -78882.395  0         
94746.6   3500        -78902.699  0         
95016.5   3500        -78925.872  0         
95280.8   3500        -78952.637  0         
95537.5   3500        -78986.231  0         
95786.5   3500        -79019.565  0         
96024.9   3500        -79054.786  0         
96262.6   3500        -79085.296  0         
96496.3   3500        -79107.266  0         
96727.7   3500        -79128.688  0         
96956.4   3500        -79159.329  0         
97190.5   3500        -79187.636  0         
97420.6   3500        -79218.638  0         
97653     3500        -79251.333  0         
97888.8   3500        -79278.727  0         
98118.8   3500        -79310.4    0         
98335.3   3500        -79345.481  0         
98532.8   3500        -79372.736  0         
98717.4   3500        -79402.157  0         
98895.8   3500        -79431.447  0         
99064.2   3500        -79456.439  0         
99225.8   3500        -79483.231  0         
99383.3   3500        -79507.386  0         
99534.5   3500        -79530.512  0         
99678.1   3500        -79550.51   0         
99818.7   3500        -79573.501  0         
99957     3500        -79601.189  0         
100089    3500        -79629.241  0         
100222    3500        -79651.071  0         
100357    3500        -79671.926  0         
100490    3500        -79694.833  0         
100619    3500        -79720.561  0         
100753    3500        -79752.76   0         
100876    3500        -79787.722  0         
101001    3500        -79824.091  0         
101124    3500        -79866.884  0         
101247    3500        -79924.05   0         
101370    3500        -79995.446  0         
101491    3500        -80076.747  0         
101621    3500        -80179.604  0         
101745    3500        -80287.935  0         
101873    3500        -80414.833  0         
102001    3500        -80554.898  0         
102127    3500        -80711.063  0         
102254    3500        -80885.386  0         
102402    3500        -81106.796  0         
102605    3500        -81436.671  0         
102840    3500        -81839.465  0         
103097    3500        -82282.509  0         
103368    3500        -82749.156  0         
103646    3500        -83215.487  0         
103928    3500        -83658.313  0         
104216    3500        -84085.437  0         
104506    3500        -84473.968  0         
104802    3500        -84847.347  0         
105095    3500        -85183.11   0         
105386    3500        -85478.616  0         
105677    3500        -85752.336  0         
105967    3500        -86004.8    0         
106265    3500        -86258.364  0         
106561    3500        -86489.606  0         
106852    3500        -86692.654  0         
107141    3500        -86878.828  0         
107424    3500        -87055.33   0         
107706    3500        -87226.661  0         
107999    3500        -87402.634  0         
108293    3500        -87564.133  0         
108579    3500        -87703.237  0         
108861    3500        -87832.957  0         
109141    3500        -87961.326  0         
109419    3500        -88079.069  0         
109692    3500        -88198.775  0         
109962    3500        -88312.914  0         
110232    3500        -88432.544  0         
110501    3500        -88568.159  0         
110768    3500        -88705.015  0         
111043    3500        -88864.086  0         
111324    3500        -89033.698  0         
111609    3500        -89207.785  0         
111899    3500        -89400.835  0         
112199    3500        -89609.389  0         
112504    3500        -89835.309  0         
112824    3500        -90113.488  0         
113180    3500        -90479.039  0         
113540    3500        -90898.791  0         
113900    3500        -91359.93   0         
114260    3500        -91895.062  0         
114620    3500        -92531.807  0         
114980    3500        -93222.852  0         
115340    3500        -93993.784  0         
115700    3500        -94856.995  0         
116060    3500        -95793.158  0         
116420    3500        -96780.858  0         
116780    3500        -97795.681  0         
117140    3500        -98831.684  0         
117500    3500        -99871.578  0         
117860    3500        -100887.5   0         
118220    3500        -101875.4   0         
118580    3500        -102837.12  0         
118940    3500        -103762.4   0         
119300    3500        -104633.42  0         
119660    3500        -105423.27  0         
120020    3500        -106124.52  0         
120380    3500        -106750.81  0         
120740    3500        -107323.81  0         
121100    3500        -107856.99  0         
121460    3500        -108333.46  0         
121820    3500        -108753.64  0         
122180    3500        -109140.46  0         
122540    3500        -109478.01  0         
122900    3500        -109771.01  0         
123260    3500        -110047.45  0         
123620    3500        -110296.23  0         
123980    3500        -110498.82  0         
124340    3500        -110687.29  0         
124700    3500        -110868.5   0         
125060    3500        -111030.59  0         
125420    3500        -111170.94  0         
125780    3500        -111317.36  0         
126140    3500        -111472.56  0         
126500    3500        -111604.88  0         
126860    3500        -111732.34  0         
127220    3500        -111859.44  0         
127580    3500        -111992.44  0         
127940    3500        -112110.11  0         
128300    3500        -112213.98  0         
128660    3500        -112315.64  0         
129020    3500        -112417.7   0         
129380    3500        -112521.2   0         
129740    3500        -112626.17  0         
130100    3500        -112741.82  0         
130460    3500        -112872.98  0         
130820    3500        -113005.4   0         
131180    3500        -113122.49  0         
131540    3500        -113232.73  0         
131900    3500        -113339.15  0         
132260    3500        -113443.34  0         
132620    3500        -113555.57  0         
132980    3500        -113675.04  0         
133340    3500        -113798.3   0         
133700    3500        -113912.88  0         
134060    3500        -114017.24  0         
134420    3500        -114120.95  0         
134780    3500        -114224.95  0         
135140    3500        -114345.17  0         
135500    3500        -114468.74  0         
135860    3500        -114593.95  0         
136220    3500        -114718.21  0         
136580    3500        -114836.23  0         
136940    3500        -114947.73  0         
137300    3500        -115068.45  0         
137660    3500        -115212.18  0         
138020    3500        -115357.18  0         
138380    3500        -115501.2   0         
138740    3500        -115630     0         
139100    3500        -115751.69  0         
139460    3500        -115869.84  0         
139820    3500        -116001.2   0         
140180    3500        -116137.39  0         
140540    3500        -116266.67  0         
140900    3500        -116397.52  0         
141260    3500        -116546.13  0         
141620    3500        -116706.29  0         
141980    3500        -116861.27  0         
142340    3500        -117012.9   0         
142700    3500        -117149.51  0         
143060    3500        -117286.73  0         
143420    3500        -117427.25  0         
143780    3500        -117566.55  0         
144140    3500        -117713.95  0         
144500    3500        -117877.94  0         
144860    3500        -118044.35  0         
145220    3500        -118191.62  0         
145580    3500        -118333.91  0         
145940    3500        -118483.99  0         
146300    3500        -118639.36  0         
146660    3500        -118800.15  0         
147020    3500        -118967.27  0         
147380    3500        -119122.45  0         
147740    3500        -119263.39  0         
148100    3500        -119413.8   0         
148460    3500        -119566.11  0         
148820    3500        -119726.69  0         
149180    3500        -119901.21  0         
149540    3500        -120070.42  0         
149900    3500        -120234.89  0         
150260    3500        -120386.59  0         
150620    3500        -120525.87  0         
150980    3500        -120669.81  0         
151340    3500        -120828.61  0         
151700    3500        -120984.66  0         
152060    3500        -121136.89  0         
152420    3500        -121302.85  0         
152780    3500        -121468.93  0         
153140    3500        -121621.51  0         
153500    3500        -121779.57  0         
153860    3500        -121944.37  0         
154220    3500        -122101.7   0         
154580    3500        -122244.01  0         
154940    3500        -122398.03  0         
155300    3500        -122560     0         
155660    3500        -122707.66  0         
156020    3500        -122856.37  0         
156380    3500        -123010.98  0         
156740    3500        -123160.46  0         
157100    3500        -123307.28  0         
157460    3500        -123468.43  0         
157820    3500        -123640.65  0         
158180    3500        -123811.15  0         
158540    3500        -123958.64  0         
158900    3500        -124107.45  0         
159260    3500        -124246.76  0         
159620    3500        -124383.27  0         
159980    3500        -124536.54  0         
160340    3500        -124695.42  0         
160700    3500        -124855.85  0         
161060    3500        -125013.45  0         
161420    3500        -125155.34  0         
161780    3500        -125287.39  0         
162140    3500        -125438.63  0         
162500    3500        -125602.04  0         
162860    3500        -125754.61  0         
163220    3500        -125911.52  0         
163580    3500        -126068.06  0         
163940    3500        -126206.15  0         
164300    3500        -126338.37  0         
164660    3500        -126480.06  0         
165020    3500        -126644.57  0         
165380    3500        -126807.35  0         
165740    3500        -126956.56  0         
166100    3500        -127100.82  0         
166460    3500        -127242.95  0         
166820    3500        -127388.52  0         
167180    3500        -127538.14  0         
167540    3500        -127685.4   0         
167900    3500        -127828.79  0         
168260    3500        -127968.84  0         
168620    3500        -128103.02  0         
168980    3500        -128233.1   0         
169340    3500        -128373.32  0         
169700    3500        -128521.36  0         
170060    3500        -128662.84  0         
170420    3500        -128796.51  0         
170780    3500        -128933.37  0         
171140    3500        -129075.22  0         
171500    3500        -129222.37  0         
171860    3500        -129358.72  0         
172220    3500        -129490.81  0         
172580    3500        -129626.47  0         
172940    3500        -129751.39  0         
173300    3500        -129887.47  0         
173660    3500        -130039.6   0         
174020    3500        -130202.58  0         
174380    3500        -130346.51  0         
174740    3500        -130481.73  0         
175100    3500        -130608.34  0         
175460    3500        -130728.91  0         
175820    3500        -130853.23  0         
176180    3500        -130992.21  0         
176540    3500        -131133.34  0         
176900    3500        -131269.86  0         
177260    3500        -131397.02  0         
177620    3500        -131521.52  0         
177980    3500        -131643.55  0         
178340    3500        -131773.37  0         
178700    3500        -131913.29  0         
179060    3500        -132055.95  0         
179420    3500        -132188.84  0         
179780    3500        -132303.53  0         
180140    3500        -132408.75  0         
180500    3500        -132523.19  0         
180860    3500        -132643.58  0         
181220    3500        -132769.67  0         
181580    3500        -132907.03  0         
181940    3500        -133044.63  0         
182300    3500        -133177.62  0         
182660    3500        -133297.88  0         
183020    3500        -133423.66  0         
183380    3500        -133548.16  0         
183740    3500        -133669.71  0         
184100    3500        -133796.12  0         
184460    3500        -133920.28  0         
184820    3500        -134032.92  0         
185180    3500        -134146.19  0         
185540    3500        -134267.83  0         
185900    3500        -134384.64  0         
186260    3500        -134505.41  0         
186620    3500        -134627.01  0         
186980    3500        -134749.12  0         
187340    3500        -134868.26  0         
187700    3500        -134987.87  0         
188060    3500        -135109.1   0         
188420    3500        -135227.11  0         
188780    3500        -135334.62  0         
189140    3500        -135446.59  0         
189500    3500        -135572.34  0         
189860    3500        -135691.8   0         
190220    3500        -135800.74  0         
190580    3500        -135911.12  0         
190940    3500        -136021.59  0         
191300    3500        -136129.99  0         
191660    3500        -136242.04  0         
192020    3500        -136351.34  0         
192380    3500        -136462.35  0         
192740    3500        -136568.92  0         
193100    3500        -136676.02  0         
193460    3500        -136784.7   0         
193820    3500        -136889.82  0         
194180    3500        -136997.14  0         
194540    3500        -137109.31  0         
194900    3500        -137215.66  0         
195260    3500        -137317.38  0         
195620    3500        -137408.7   0         
195980    3500        -137501.22  0         
196340    3500        -137602.34  0         
196700    3500        -137709.04  0         
197060    3500        -137817.07  0         
197420    3500        -137923.67  0         
197780    3500        -138025.58  0         
198140    3500        -138122.57  0         
198500    3500        -138223.63  0         
198860    3500        -138327.63  0         
199220    3500        -138432.46  0         
199580    3500        -138539.78  0         
199940    3500        -138639.19  0         
200300    3500        -138731.92  0         
200660    3500        -138820.88  0         
201020    3500        -138913.33  0         
201380    3500        -139009.84  0         
201740    3500        -139109.69  0         
202100    3500        -139207.04  0         
202460    3500        -139297.04  0         
202820    3500        -139385.61  0         
203180    3500        -139476.4   0         
203540    3500        -139568.28  0         
203900    3500        -139662.43  0         
204260    3500        -139763.84  0         
204620    3500        -139864.51  0         
204980    3500        -139961.35  0         
205340    3500        -140054.85  0         
205700    3500        -140138.53  0         
206060    3500        -140221.84  0         
206420    3500        -140314.42  0         
206780    3500        -140410.82  0         
207140    3500        -140498.99  0         
207500    3500        -140580.68  0         
207860    3500        -140662.75  0         
208220    3500        -140733.9   0         
208580    3500        -140808.21  0         
208940    3500        -140898.1   0         
209300    3500        -140990.13  0         
209660    3500        -141079.94  0         
210020    3500        -141164.22  0         
210380    3500        -141242.22  0         
210740    3500        -141318.85  0         
211100    3500        -141397.42  0         
211460    3500        -141479.87  0         
211820    3500        -141566.41  0         
212180    3500        -141649.05  0         
212540    3500        -141726.47  0         
212900    3500        -141803.71  0         
213260    3500        -141881.72  0         
213620    3500        -141960.71  0         
213980    3500        -142038.96  0         
214340    3500        -142113.46  0         
214700    3500        -142189.18  0         
215060    3500        -142271.2   0         
215420    3500        -142354.69  0         
215780    3500        -142436.65  0         
216140    3500        -142518.69  0         
216500    3500        -142588.54  0         
216860    3500        -142656.7   0         
217220    3500        -142731.49  0         
217580    3500        -142806.9   0         
217940    3500        -142881.17  0         
218300    3500        -142957.06  0         
218660    3500        -143027.99  0         
219020    3500        -143091.29  0         
219380    3500        -143154.78  0         
219740    3500        -143232.31  0         
220100    3500        -143313.75  0         
220460    3500        -143387.39  0         
220820    3500        -143456.9   0         
221180    3500        -143523.83  0         
221540    3500        -143584.49  0         
221900    3500        -143650.02  0         
222260    3500        -143728.87  0         
222620    3500        -143810.95  0         
222980    3500        -143881.42  0         
223340    3500        -143948.18  0         
223700    3500        -144018.86  0         
224060    3500        -144099.63  0         
224420    3500        -144186.35  0         
224780    3500        -144281.95  0         
225140    3500        -144387.68  0         
225500    3500        -144492.75  0         
225860    3500        -144585.04  0         
226220    3500        -144667.98  0         
226580    3500        -144756.83  0         
226940    3500        -144857.73  0         
227300    3500        -144965.53  0         
227660    3500        -145078.28  0         
228020    3500        -145177.6   0         
228380    3500        -145276.65  0         
228740    3500        -145373.18  0         
229100    3500        -145468.69  0         
229460    3500        -145566.03  0         
229820    3500        -145664.66  0         
230180    3500        -145762.44  0         
230540    3500        -145850.12  0         
230900    3500        -145938.19  0         
231260    3500        -146018.4   0         
231620    3500        -146093.54  0         
231980    3500        -146166.42  0         
232340    3500        -146230.74  0         
232700    3500        -146295.07  0         
233060    3500        -146360.31  0         
233420    3500        -146420.98  0         
233780    3500        -146479.29  0         
234140    3500        -146529.54  0         
234500    3500        -146574.87  0         
234860    3500        -146619.6   0         
235220    3500        -146664.32  0         
235580    3500        -146704.2   0         
235940    3500        -146740.82  0         
236300    3500        -146787.68  0         
236660    3500        -146836.61  0         
237020    3500        -146884.08  0         
237380    3500        -146930.67  0         
237740    3500        -146970.78  0         
238100    3500        -147004.91  0         
238460    3500        -147035.83  0         
238820    3500        -147069.57  0         
239180    3500        -147099.85  0         
239540    3500        -147127.78  0         
239900    3500        -147151.71  0         
240260    3500        -147179.5   0         
240620    3500        -147211.72  0         
240980    3500        -147252.43  0         
241340    3500        -147298.55  0         
241700    3500        -147340.42  0         
242060    3500        -147377.95  0         
242420    3500        -147411.08  0         
242780    3500        -147440.83  0         
243140    3500        -147478.5   0         
243500    3500        -147517.79  0         
243860    3500        -147553.73  0         
244220    3500        -147587.64  0         
244580    3500        -147626.01  0         
244940    3500        -147665.41  0         
245300    3500        -147706.48  0         
245660    3500        -147753.23  0         
246020    3500        -147801.29  0         
246380    3500        -147839.93  0         
246740    3500        -147881.09  0         
247100    3500        -147930.06  0         
247460    3500        -147975.04  0         
247820    3500        -148017.11  0         
248180    3500        -148057.3   0         
248540    3500        -148100.99  0         
248900    3500        -148150.42  0         
249260    3500        -148211.61  0         
249620    3500        -148273.82  0         
249980    3500        -148332.27  0         
250340    3500        -148386.69  0         
250700    3500        -148442.65  0         
251060    3500        -148513.68  0         
251420    3500        -148613.04  0         
251780    3500        -148753.36  0         
252140    3500        -148932.2   0         
252500    3500        -149164.1   0         
252860    3500        -149461.14  0         
253220    3500        -149831.06  0         
253580    3500        -150281.27  0         
253940    3500        -150790.38  0         
254300    3500        -151349.1   0         
254660    3500        -151935.6   0         
255020    3500        -152538.69  0         
255380    3500        -153148.12  0         
255500    3500        -153343.07  0         
