Results for well: MSWell_1_Seg.out in the reservoir: MSWell_1_Seg.out

  t       BHP	     q(Gas)       q(Oil)
(days)   (psia)    (MSCF/day)   (STB/day)
0         4700        0           0         
 -------Segment BHP        Vm        Vsg        Vsw        alpha G        alpha O        alpha W
 -------Seg 0	 4700         0	0	 0	 0  1  0
 -------Seg 1	 -1           0	0	 0	 0  1  0
 -------Seg 2	 -1           0	0	 0	 0  1  0
 -------Seg 3	 -1           0	0	 0	 0  1  0
 -------Seg 4	 -1           0	0	 0	 0  1  0
 -------Seg 5	 -1           0	0	 0	 0  1  0
 -------Seg 6	 -1           0	0	 0	 0  1  0
 -------Seg 7	 -1           0	0	 0	 0  1  0
 -------Seg 8	 -1           0	0	 0	 0  1  0
 -------Seg 9	 -1           0	0	 0	 0  1  0
 -------Seg 10	 -1           0	0	 0	 0  1  0
 -------Seg 11	 -1           0	0	 0	 0  1  0
 -------Seg 12	 -1           0	0	 0	 0  1  0
 -------Seg 13	 -1           0	0	 0	 0  1  0
 -------Seg 14	 -1           0	0	 0	 0  1  0
 -------Seg 15	 -1           0	0	 0	 0  1  0
 -------Seg 16	 -1           0	0	 0	 0  1  0
 -------Seg 17	 -1           0	0	 0	 0  1  0
 -------Seg 18	 -1           0	0	 0	 0  1  0
 -------Seg 19	 -1           0	0	 0	 0  1  0
 -------Seg 20	 -1           0	0	 0	 0  1  0
 -------Seg 21	 -1           0	0	 0	 0  1  0
 -------Seg 22	 -1           0	0	 0	 0  1  0
 -------Seg 23	 -1           0	0	 0	 0  1  0
 -------Seg 24	 -1           0	0	 0	 0  1  0
 -------Seg 25	 -1           0	0	 0	 0  1  0
 -------Seg 26	 -1           0	0	 0	 0  1  0
 -------Seg 27	 -1           0	0	 0	 0  1  0
 -------Seg 28	 -1           0	0	 0	 0  1  0
 -------Seg 29	 -1           0	0	 0	 0  1  0
 -------Seg 30	 -1           0	0	 0	 0  1  0
 -------Seg 31	 -1           0	0	 0	 0  1  0
 -------Seg 32	 -1           0	0	 0	 0  1  0
 -------Seg 33	 -1           0	0	 0	 0  1  0
 -------Seg 34	 -1           0	0	 0	 0  1  0


0.01      4700        3627.7698   3154.58   
 -------Segment BHP        Vm        Vsg        Vsw        alpha G        alpha O        alpha W
 -------Seg 0	 4700         6.35361	0.371972	 2.39428e-010	 0.058545  0.941455  3.76837e-011
 -------Seg 1	 4700         2.29822	0.114559	 -2.01552e-011	 0.0498469  0.950153  -8.7699e-012
 -------Seg 2	 4745.86      2.28447	0.127974	 -1.98988e-011	 0.0560194  0.943981  -8.71049e-012
 -------Seg 3	 4791.32      2.26954	0.119949	 -2.11247e-011	 0.0528518  0.947148  -9.30789e-012
 -------Seg 4	 4836.41      2.25498	0.111145	 -2.24348e-011	 0.0492888  0.950711  -9.94902e-012
 -------Seg 5	 4881.14      2.24077	0.101512	 -2.38353e-011	 0.0453022  0.954698  -1.06371e-011
 -------Seg 6	 4925.54      2.22692	0.0909954	 -2.53329e-011	 0.0408615  0.959138  -1.13758e-011
 -------Seg 7	 4969.64      2.21343	0.0795372	 -2.69342e-011	 0.0359339  0.964066  -1.21685e-011
 -------Seg 8	 5013.45      2.20031	0.0670737	 -2.86479e-011	 0.0304838  0.969516  -1.302e-011
 -------Seg 9	 5057         2.18762	0.053602	 -3.04808e-011	 0.0245024  0.975498  -1.39333e-011
 -------Seg 10	 5100.32      2.17526	0.0389456	 -3.24428e-011	 0.0179039  0.982096  -1.49144e-011
 -------Seg 11	 5143.54      2.16925	0.0303182	 -3.45423e-011	 0.0139764  0.986024  -1.59236e-011
 -------Seg 12	 5186.75      2.16649	0.0247327	 -3.67845e-011	 0.011416  0.988584  -1.69789e-011
 -------Seg 13	 5229.96      2.16397	0.0189214	 -3.91751e-011	 0.00874382  0.991256  -1.81033e-011
 -------Seg 14	 5273.17      2.16171	0.0128713	 -4.17238e-011	 0.00595424  0.994046  -1.93013e-011
 -------Seg 15	 5317.03      2.15967	0.00656827	 -4.44411e-011	 0.00304133  0.996959  -2.05777e-011
 -------Seg 16	 4877.42      8.91972	0.296055	 5.84267e-010	 0.0331911  0.966809  6.55028e-011
 -------Seg 17	 5051.55      8.73303	0.112074	 5.87488e-010	 0.0128333  0.987167  6.7272e-011
 -------Seg 18	 5182.32      7.42355	0.00150112	 6.87177e-010	 0.000202211  0.999798  9.25672e-011
 -------Seg 19	 5320.22      7.4053	0.000722711	 6.93071e-010	 9.75938e-005  0.999902  9.35913e-011
 -------Seg 20	 5051.56      1.24531	0.0402085	 -9.14231e-011	 0.0322879  0.967712  -7.34139e-011
 -------Seg 21	 5077.4       1.24147	0.0540208	 -9.00726e-011	 0.0435136  0.956486  -7.25531e-011
 -------Seg 22	 5103.1       1.23607	0.0493322	 -1.00301e-010	 0.0399106  0.960089  -8.11456e-011
 -------Seg 23	 5128.71      1.23241	0.0458323	 -1.11741e-010	 0.0371893  0.962811  -9.06691e-011
 -------Seg 24	 5154.27      1.23021	0.0434882	 -1.24524e-010	 0.0353501  0.96465  -1.01222e-010
 -------Seg 25	 5179.79      1.22816	0.0409565	 -1.38796e-010	 0.0333478  0.966652  -1.13011e-010
 -------Seg 26	 5205.27      1.22626	0.0382177	 -1.5473e-010	 0.0311661  0.968834  -1.2618e-010
 -------Seg 27	 5230.72      1.2245	0.0352506	 -1.72521e-010	 0.0287878  0.971212  -1.40891e-010
 -------Seg 28	 5256.15      1.2229	0.0320321	 -1.92386e-010	 0.0261936  0.973806  -1.5732e-010
 -------Seg 29	 5281.58      1.22145	0.0285367	 -2.14569e-010	 0.0233629  0.976637  -1.75667e-010
 -------Seg 30	 5307         1.22017	0.0247367	 -2.39339e-010	 0.0202731  0.979727  -1.96152e-010
 -------Seg 31	 5332.44      1.21906	0.0206016	 -2.66997e-010	 0.0168995  0.9831  -2.19018e-010
 -------Seg 32	 5357.9       1.21813	0.0160983	 -2.97881e-010	 0.0132156  0.986784  -2.44539e-010
 -------Seg 33	 5383.4       1.21739	0.0111906	 -3.32363e-010	 0.00919229  0.990808  -2.73012e-010
 -------Seg 34	 5409.14      1.21684	0.0058387	 -3.70859e-010	 0.00479825  0.995202  -3.04773e-010


0.11      4700        3620.6568   3148.4    
 -------Segment BHP        Vm        Vsg        Vsw        alpha G        alpha O        alpha W
 -------Seg 0	 4700         6.31625	0.326287	 -3.82049e-010	 0.0516584  0.948342  -6.04867e-011
 -------Seg 1	 4700         2.27647	0.0951048	 4.01895e-010	 0.0417773  0.958223  1.76543e-010
 -------Seg 2	 4745.26      2.26311	0.104598	 3.9757e-010	 0.0462188  0.953781  1.75674e-010
 -------Seg 3	 4790.26      2.2501	0.0911444	 4.00115e-010	 0.0405068  0.959493  1.77821e-010
 -------Seg 4	 4835         2.23742	0.0779839	 4.02698e-010	 0.0348543  0.965146  1.79983e-010
 -------Seg 5	 4879.51      2.22506	0.0651092	 4.05321e-010	 0.0292618  0.970738  1.82162e-010
 -------Seg 6	 4923.77      2.21299	0.0525137	 4.07985e-010	 0.0237297  0.97627  1.84359e-010
 -------Seg 7	 4967.8       2.20121	0.0401919	 4.1069e-010	 0.018259  0.981741  1.86574e-010
 -------Seg 8	 5011.61      2.18971	0.0281393	 4.13437e-010	 0.0128507  0.987149  1.88809e-010
 -------Seg 9	 5055.19      2.17849	0.0163715	 4.16228e-010	 0.00751507  0.992485  1.91062e-010
 -------Seg 10	 5098.56      2.1675	0.00483981	 4.19063e-010	 0.0022329  0.997767  1.9334e-010
 -------Seg 11	 5141.83      2.16243	0.000484846	 4.21944e-010	 0.000224213  0.999776  1.95125e-010
 -------Seg 12	 5185.07      2.1608	0.000327502	 4.24864e-010	 0.000151565  0.999848  1.96623e-010
 -------Seg 13	 5228.28      2.15917	0.000199132	 4.27821e-010	 9.22258e-005  0.999908  1.98141e-010
 -------Seg 14	 5271.46      2.15754	0.000100916	 4.30813e-010	 4.67735e-005  0.999953  1.99678e-010
 -------Seg 15	 5315.23      2.15588	3.40972e-005	 4.33844e-010	 1.58159e-005  0.999984  2.01238e-010
 -------Seg 16	 4876.69      8.88698	0.250438	 -1.75542e-009	 0.0281803  0.97182  -1.97528e-010
 -------Seg 17	 5050.15      8.70239	0.0683191	 -1.7725e-009	 0.00785062  0.992149  -2.0368e-010
 -------Seg 18	 5180.43      7.40817	4.03758e-007	 -2.69997e-009	 5.45017e-008  1  -3.64458e-010
 -------Seg 19	 5317.82      7.39009	1.28814e-007	 -2.72832e-009	 1.74306e-008  1  -3.69186e-010
 -------Seg 20	 5050.16      1.22933	0.00919593	 8.56589e-010	 0.00748047  0.99252  6.96796e-010
 -------Seg 21	 5075.83      1.22562	0.00956955	 9.11206e-010	 0.00780795  0.992192  7.43467e-010
 -------Seg 22	 5101.44      1.22205	0.00540292	 9.22646e-010	 0.00442119  0.995579  7.54999e-010
 -------Seg 23	 5127.01      1.21999	0.00306211	 9.34372e-010	 0.00250994  0.99749  7.65883e-010
 -------Seg 24	 5152.58      1.21953	0.00265995	 9.46384e-010	 0.00218113  0.997819  7.76026e-010
 -------Seg 25	 5178.15      1.21906	0.00227649	 9.58687e-010	 0.00186742  0.998133  7.86416e-010
 -------Seg 26	 5203.71      1.21859	0.00191365	 9.71301e-010	 0.00157038  0.99843  7.97073e-010
 -------Seg 27	 5229.27      1.21811	0.00157352	 9.84251e-010	 0.00129177  0.998708  8.08015e-010
 -------Seg 28	 5254.82      1.21763	0.0012584	 9.97562e-010	 0.00103349  0.998967  8.19266e-010
 -------Seg 29	 5280.37      1.21714	0.000970842	 1.01126e-009	 0.00079764  0.999202  8.30848e-010
 -------Seg 30	 5305.91      1.21665	0.000713614	 1.02538e-009	 0.000586539  0.999413  8.4279e-010
 -------Seg 31	 5331.44      1.21615	0.000489769	 1.03996e-009	 0.000402719  0.999597  8.55122e-010
 -------Seg 32	 5356.97      1.21565	0.000302647	 1.05503e-009	 0.00024896  0.999751  8.67878e-010
 -------Seg 33	 5382.49      1.21513	0.000155911	 1.07064e-009	 0.000128308  0.999872  8.81094e-010
 -------Seg 34	 5408.2       1.2146	5.35663e-005	 1.08684e-009	 4.4102e-005  0.999956  8.94814e-010


0.402074  4700        3613.6767   3142.33   
 -------Segment BHP        Vm        Vsg        Vsw        alpha G        alpha O        alpha W
 -------Seg 0	 4700         6.30489	0.321896	 -1.30655e-009	 0.051055  0.948945  -2.07229e-010
 -------Seg 1	 4700         2.27273	0.0932516	 1.42801e-010	 0.0410306  0.958969  6.28324e-011
 -------Seg 2	 4745.14      2.25943	0.10241	 1.41289e-010	 0.0453255  0.954674  6.25328e-011
 -------Seg 3	 4790.01      2.24647	0.0891297	 1.40722e-010	 0.0396755  0.960325  6.26416e-011
 -------Seg 4	 4834.63      2.23382	0.0761691	 1.40146e-010	 0.0340982  0.965902  6.27383e-011
 -------Seg 5	 4879         2.22147	0.0635158	 1.3956e-010	 0.0285917  0.971408  6.28229e-011
 -------Seg 6	 4923.14      2.20942	0.0511582	 1.38964e-010	 0.0231545  0.976845  6.2896e-011
 -------Seg 7	 4967.04      2.19766	0.0390849	 1.38357e-010	 0.0177848  0.982215  6.29568e-011
 -------Seg 8	 5010.71      2.18616	0.0272853	 1.37742e-010	 0.0124809  0.987519  6.30061e-011
 -------Seg 9	 5054.16      2.17495	0.0157676	 1.37115e-010	 0.00724964  0.99275  6.30429e-011
 -------Seg 10	 5097.38      2.16396	0.00447839	 1.36478e-010	 0.00206954  0.99793  6.30685e-011
 -------Seg 11	 5140.5       2.15861	2.05484e-006	 1.35829e-010	 9.51928e-007  0.999999  6.29245e-011
 -------Seg 12	 5183.59      2.15696	1.18493e-006	 1.35172e-010	 5.49353e-007  0.999999  6.26681e-011
 -------Seg 13	 5226.65      2.15531	5.97998e-007	 1.34507e-010	 2.77454e-007  1  6.24075e-011
 -------Seg 14	 5269.67      2.15366	2.41514e-007	 1.33833e-010	 1.12141e-007  1  6.21423e-011
 -------Seg 15	 5313.29      2.15199	6.10352e-008	 1.33151e-010	 2.83623e-008  1  6.18733e-011
 -------Seg 16	 4876.13      8.8709	0.246847	 -3.25971e-009	 0.0278266  0.972173  -3.67461e-010
 -------Seg 17	 5049.04      8.68722	0.0656484	 -3.29187e-009	 0.0075569  0.992443  -3.78933e-010
 -------Seg 18	 5178.85      7.3933	-2.89657e-009	 -3.77475e-009	 -3.91783e-010  1  -5.10563e-010
 -------Seg 19	 5315.73      7.37533	-3.14957e-009	 -3.79669e-009	 -4.27041e-010  1  -5.14783e-010
 -------Seg 20	 5049.05      1.22839	0.00668095	 3.36372e-010	 0.00543879  0.994561  2.73832e-010
 -------Seg 21	 5074.72      1.22469	0.00592403	 4.54073e-010	 0.00483718  0.995163  3.70766e-010
 -------Seg 22	 5100.33      1.22103	0.00215473	 4.52235e-010	 0.00176468  0.998235  3.70372e-010
 -------Seg 23	 5125.88      1.21875	4.88462e-005	 4.50341e-010	 4.00789e-005  0.99996  3.6951e-010
 -------Seg 24	 5151.42      1.2182	3.91509e-005	 4.4839e-010	 3.21384e-005  0.999968  3.68076e-010
 -------Seg 25	 5176.95      1.21765	3.07301e-005	 4.46383e-010	 2.52372e-005  0.999975  3.66594e-010
 -------Seg 26	 5202.47      1.2171	2.35238e-005	 4.44319e-010	 1.93278e-005  0.999981  3.65064e-010
 -------Seg 27	 5227.98      1.21655	1.74666e-005	 4.42196e-010	 1.43575e-005  0.999986  3.63485e-010
 -------Seg 28	 5253.48      1.216	1.24863e-005	 4.40013e-010	 1.02684e-005  0.99999  3.61854e-010
 -------Seg 29	 5278.96      1.21545	8.50339e-006	 4.37768e-010	 6.9961e-006  0.999993  3.60171e-010
 -------Seg 30	 5304.44      1.2149	5.43062e-006	 4.35459e-010	 4.47003e-006  0.999996  3.58433e-010
 -------Seg 31	 5329.9       1.21435	3.17193e-006	 4.33084e-010	 2.61204e-006  0.999997  3.5664e-010
 -------Seg 32	 5355.36      1.2138	1.62165e-006	 4.30642e-010	 1.33601e-006  0.999999  3.54788e-010
 -------Seg 33	 5380.8       1.21325	6.63594e-007	 4.28128e-010	 5.46956e-007  0.999999  3.52878e-010
 -------Seg 34	 5406.43      1.2127	1.69981e-007	 4.25542e-010	 1.40168e-007  1  3.50906e-010


1.25783   4700        3603.461    3133.44   
 -------Segment BHP        Vm        Vsg        Vsw        alpha G        alpha O        alpha W
 -------Seg 0	 4700         6.28708	0.320932	 -4.0015e-009	 0.0510463  0.948954  -6.36464e-010
 -------Seg 1	 4700         2.26641	0.092923	 8.11543e-011	 0.041  0.959  3.58074e-011
 -------Seg 2	 4744.89      2.25323	0.102177	 8.03046e-011	 0.0453469  0.954653  3.56398e-011
 -------Seg 3	 4789.52      2.24036	0.0890075	 8.02491e-011	 0.0397291  0.960271  3.58197e-011
 -------Seg 4	 4833.89      2.22781	0.0761534	 8.01935e-011	 0.034183  0.965817  3.59965e-011
 -------Seg 5	 4878.03      2.21557	0.0636024	 8.0138e-011	 0.0287071  0.971293  3.61704e-011
 -------Seg 6	 4921.92      2.20361	0.0513428	 8.00827e-011	 0.0232994  0.976701  3.63416e-011
 -------Seg 7	 4965.59      2.19193	0.0393636	 8.00279e-011	 0.0179584  0.982042  3.65102e-011
 -------Seg 8	 5009.02      2.18052	0.0276544	 7.99733e-011	 0.0126825  0.987318  3.66762e-011
 -------Seg 9	 5052.24      2.16939	0.0162229	 7.9919e-011	 0.0074781  0.992522  3.68395e-011
 -------Seg 10	 5095.24      2.15848	0.00501822	 7.98648e-011	 0.00232489  0.997675  3.70005e-011
 -------Seg 11	 5138.12      2.1527	2.58721e-009	 7.98109e-011	 1.20185e-009  1  3.70749e-011
 -------Seg 12	 5180.97      2.15106	1.33037e-009	 7.97573e-011	 6.18475e-010  1  3.70782e-011
 -------Seg 13	 5223.79      2.14942	6.0805e-010	 7.97047e-011	 2.8289e-010  1  3.7082e-011
 -------Seg 14	 5266.58      2.14778	2.45873e-010	 7.9652e-011	 1.14478e-010  1  3.70857e-011
 -------Seg 15	 5309.95      2.14613	1.02508e-010	 7.96002e-011	 4.77641e-011  1  3.70901e-011
 -------Seg 16	 4875.21      8.84661	0.247037	 -9.18977e-009	 0.0279245  0.972075  -1.03879e-009
 -------Seg 17	 5047.25      8.66429	0.0671945	 -9.27844e-009	 0.00775534  0.992245  -1.07088e-009
 -------Seg 18	 5176.38      7.37204	-7.80984e-009	 -9.72191e-009	 -1.05939e-009  1  -1.31875e-009
 -------Seg 19	 5312.54      7.35422	-8.07937e-009	 -9.76208e-009	 -1.0986e-009  1  -1.32741e-009
 -------Seg 20	 5047.25      1.22566	0.00679449	 2.6449e-011	 0.00554355  0.994456  2.15795e-011
 -------Seg 21	 5072.81      1.22198	0.00612064	 3.59893e-010	 0.00500879  0.994991  2.94517e-010
 -------Seg 22	 5098.29      1.21834	0.00238679	 3.59738e-010	 0.00195905  0.998041  2.95269e-010
 -------Seg 23	 5123.73      1.21582	2.08787e-007	 3.59586e-010	 1.71725e-007  1  2.95755e-010
 -------Seg 24	 5149.14      1.21527	1.55597e-007	 3.59435e-010	 1.28034e-007  1  2.95765e-010
 -------Seg 25	 5174.55      1.21473	1.12987e-007	 3.59287e-010	 9.30147e-008  1  2.95776e-010
 -------Seg 26	 5199.95      1.21418	7.95613e-008	 3.59142e-010	 6.55269e-008  1  2.9579e-010
 -------Seg 27	 5225.34      1.21363	5.39886e-008	 3.58999e-010	 4.44853e-008  1  2.95806e-010
 -------Seg 28	 5250.71      1.21308	3.50129e-008	 3.58858e-010	 2.88628e-008  1  2.95824e-010
 -------Seg 29	 5276.07      1.21253	2.14579e-008	 3.58721e-010	 1.76967e-008  1  2.95844e-010
 -------Seg 30	 5301.43      1.21199	1.22353e-008	 3.58586e-010	 1.00953e-008  1  2.95866e-010
 -------Seg 31	 5326.77      1.21144	6.3533e-009	 3.58454e-010	 5.24441e-009  1  2.95891e-010
 -------Seg 32	 5352.1       1.2109	2.92536e-009	 3.58325e-010	 2.41586e-009  1  2.95917e-010
 -------Seg 33	 5377.42      1.21035	1.18083e-009	 3.582e-010	 9.75611e-010  1  2.95947e-010
 -------Seg 34	 5402.92      1.2098	4.77441e-010	 3.58077e-010	 3.94644e-010  1  2.9598e-010


3.73073   4700        3582.5991   3115.3    
 -------Segment BHP        Vm        Vsg        Vsw        alpha G        alpha O        alpha W
 -------Seg 0	 4700         6.25068	0.319075	 -2.69646e-008	 0.0510465  0.948954  -4.31387e-009
 -------Seg 1	 4700         2.25389	0.0923088	 -1.30776e-009	 0.0409554  0.959045  -5.80227e-010
 -------Seg 2	 4744.4       2.24091	0.101759	 -1.29401e-009	 0.0454095  0.95459  -5.77448e-010
 -------Seg 3	 4788.54      2.22826	0.0888008	 -1.29418e-009	 0.0398522  0.960148  -5.80803e-010
 -------Seg 4	 4832.43      2.21591	0.0761498	 -1.29435e-009	 0.0343651  0.965635  -5.84118e-010
 -------Seg 5	 4876.09      2.20385	0.063794	 -1.29452e-009	 0.0289466  0.971053  -5.87392e-010
 -------Seg 6	 4919.52      2.19207	0.0517221	 -1.2947e-009	 0.023595  0.976405  -5.90628e-010
 -------Seg 7	 4962.72      2.18057	0.0399235	 -1.29488e-009	 0.0183087  0.981691  -5.93826e-010
 -------Seg 8	 5005.69      2.16933	0.0283881	 -1.29506e-009	 0.0130861  0.986914  -5.96987e-010
 -------Seg 9	 5048.45      2.15836	0.0171232	 -1.29525e-009	 0.00793346  0.992067  -6.00108e-010
 -------Seg 10	 5091         2.14761	0.00608264	 -1.29544e-009	 0.00283228  0.997168  -6.032e-010
 -------Seg 11	 5133.41      2.14098	-1.24957e-009	 -1.29563e-009	 -5.83645e-010  1  -6.05158e-010
 -------Seg 12	 5175.79      2.13936	-1.22718e-009	 -1.29582e-009	 -5.7362e-010  1  -6.05704e-010
 -------Seg 13	 5218.15      2.13775	-1.20494e-009	 -1.29601e-009	 -5.63648e-010  1  -6.06251e-010
 -------Seg 14	 5260.47      2.13614	-1.18295e-009	 -1.29621e-009	 -5.53777e-010  1  -6.06799e-010
 -------Seg 15	 5303.37      2.13451	-1.15995e-009	 -1.2964e-009	 -5.43425e-010  1  -6.07353e-010
 -------Seg 16	 4873.32      8.79616	0.247553	 -5.7796e-008	 0.0281433  0.971857  -6.57059e-009
 -------Seg 17	 5043.53      8.61663	0.0705044	 -5.83278e-008	 0.00818236  0.991818  -6.76922e-009
 -------Seg 18	 5171.24      7.32749	-4.63496e-008	 -5.6579e-008	 -6.32544e-009  1  -7.72148e-009
 -------Seg 19	 5305.91      7.30997	-4.67811e-008	 -5.67252e-008	 -6.39963e-009  1  -7.75998e-009
 -------Seg 20	 5043.54      1.22038	0.00712986	 -4.39766e-009	 0.00584232  0.994158  -3.60351e-009
 -------Seg 21	 5068.87      1.21675	0.00666995	 -2.30721e-009	 0.00548178  0.994518  -1.89621e-009
 -------Seg 22	 5094.12      1.21316	0.00298195	 -2.30827e-009	 0.002458  0.997542  -1.9027e-009
 -------Seg 23	 5119.31      1.21016	-2.49679e-009	 -2.30931e-009	 -2.0632e-009  1  -1.90828e-009
 -------Seg 24	 5144.5       1.20961	-2.50976e-009	 -2.31038e-009	 -2.07484e-009  1  -1.91002e-009
 -------Seg 25	 5169.67      1.20907	-2.50351e-009	 -2.31146e-009	 -2.07061e-009  1  -1.91176e-009
 -------Seg 26	 5194.83      1.20853	-2.48204e-009	 -2.31254e-009	 -2.05377e-009  1  -1.91351e-009
 -------Seg 27	 5219.97      1.20799	-2.4488e-009	 -2.31362e-009	 -2.02717e-009  1  -1.91526e-009
 -------Seg 28	 5245.11      1.20745	-2.40675e-009	 -2.3147e-009	 -1.99325e-009  1  -1.91701e-009
 -------Seg 29	 5270.24      1.20691	-2.35837e-009	 -2.31578e-009	 -1.95405e-009  1  -1.91876e-009
 -------Seg 30	 5295.35      1.20637	-2.30567e-009	 -2.31686e-009	 -1.91124e-009  1  -1.92051e-009
 -------Seg 31	 5320.46      1.20583	-2.25029e-009	 -2.31794e-009	 -1.86617e-009  1  -1.92227e-009
 -------Seg 32	 5345.55      1.2053	-2.19345e-009	 -2.31902e-009	 -1.81984e-009  1  -1.92403e-009
 -------Seg 33	 5370.64      1.20476	-2.13607e-009	 -2.32011e-009	 -1.77303e-009  1  -1.92578e-009
 -------Seg 34	 5395.9       1.20422	-2.07072e-009	 -2.32119e-009	 -1.71956e-009  1  -1.92755e-009


10.5966   4700        3535.1914   3074.08   
 -------Segment BHP        Vm        Vsg        Vsw        alpha G        alpha O        alpha W
 -------Seg 0	 4700         6.16797	0.314853	 7.86561e-009	 0.0510466  0.948953  1.27524e-009
 -------Seg 1	 4700         2.22544	0.0909131	 -7.34759e-010	 0.0408518  0.959148  -3.30164e-010
 -------Seg 2	 4743.29      2.21295	0.100798	 -7.26954e-010	 0.0455495  0.954451  -3.28501e-010
 -------Seg 3	 4786.34      2.20075	0.0883125	 -7.26803e-010	 0.0401284  0.959872  -3.30253e-010
 -------Seg 4	 4829.15      2.18884	0.0761152	 -7.26653e-010	 0.0347742  0.965226  -3.3198e-010
 -------Seg 5	 4871.74      2.17721	0.0641958	 -7.26503e-010	 0.0294853  0.970515  -3.33685e-010
 -------Seg 6	 4914.11      2.16584	0.0525439	 -7.26352e-010	 0.0242602  0.97574  -3.35367e-010
 -------Seg 7	 4956.25      2.15474	0.0411498	 -7.26202e-010	 0.0190974  0.980903  -3.37026e-010
 -------Seg 8	 4998.19      2.14387	0.0300041	 -7.26053e-010	 0.0139953  0.986005  -3.38664e-010
 -------Seg 9	 5039.92      2.13326	0.0191122	 -7.25903e-010	 0.00895912  0.991041  -3.40278e-010
 -------Seg 10	 5081.45      2.12287	0.00843957	 -7.25754e-010	 0.00397554  0.996024  -3.41874e-010
 -------Seg 11	 5122.81      2.11435	-6.69461e-010	 -7.25605e-010	 -3.16627e-010  1  -3.43181e-010
 -------Seg 12	 5164.13      2.1128	-6.62921e-010	 -7.25457e-010	 -3.13764e-010  1  -3.43363e-010
 -------Seg 13	 5205.43      2.11125	-6.56498e-010	 -7.25308e-010	 -3.10953e-010  1  -3.43545e-010
 -------Seg 14	 5246.7       2.1097	-6.50192e-010	 -7.2516e-010	 -3.08192e-010  1  -3.43727e-010
 -------Seg 15	 5288.54      2.10813	-6.43537e-010	 -7.25012e-010	 -3.05264e-010  1  -3.43912e-010
 -------Seg 16	 4869.06      8.68133	0.248596	 1.9357e-008	 0.0286357  0.971364  2.22972e-009
 -------Seg 17	 5035.16      8.50805	0.0778019	 1.95156e-008	 0.0091445  0.990855  2.29378e-009
 -------Seg 18	 5159.68      7.22616	1.77089e-008	 2.14131e-008	 2.45066e-009  1  2.96328e-009
 -------Seg 19	 5290.98      7.20931	1.77223e-008	 2.15244e-008	 2.45825e-009  1  2.98564e-009
 -------Seg 20	 5035.16      1.20836	0.00786955	 -1.01065e-009	 0.00651256  0.993487  -8.36382e-010
 -------Seg 21	 5059.97      1.20483	0.00788978	 -1.68939e-009	 0.00654844  0.993452  -1.40218e-009
 -------Seg 22	 5084.71      1.20134	0.00430508	 -1.68916e-009	 0.00358355  0.996416  -1.40606e-009
 -------Seg 23	 5109.38      1.19789	0.000760279	 -1.68893e-009	 0.000634681  0.999365  -1.40991e-009
 -------Seg 24	 5134.03      1.19674	-1.63513e-009	 -1.68869e-009	 -1.36632e-009  1  -1.41108e-009
 -------Seg 25	 5158.66      1.19622	-1.6186e-009	 -1.68846e-009	 -1.3531e-009  1  -1.4115e-009
 -------Seg 26	 5183.28      1.19569	-1.60223e-009	 -1.68822e-009	 -1.34e-009  1  -1.41192e-009
 -------Seg 27	 5207.9       1.19517	-1.58603e-009	 -1.68799e-009	 -1.32704e-009  1  -1.41234e-009
 -------Seg 28	 5232.5       1.19465	-1.56999e-009	 -1.68776e-009	 -1.31419e-009  1  -1.41277e-009
 -------Seg 29	 5257.09      1.19412	-1.55412e-009	 -1.68752e-009	 -1.30147e-009  1  -1.41319e-009
 -------Seg 30	 5281.67      1.1936	-1.5384e-009	 -1.68729e-009	 -1.28888e-009  1  -1.41361e-009
 -------Seg 31	 5306.25      1.19308	-1.52285e-009	 -1.68705e-009	 -1.2764e-009  1  -1.41403e-009
 -------Seg 32	 5330.81      1.19256	-1.50745e-009	 -1.68682e-009	 -1.26405e-009  1  -1.41445e-009
 -------Seg 33	 5355.36      1.19204	-1.49221e-009	 -1.68658e-009	 -1.25181e-009  1  -1.41487e-009
 -------Seg 34	 5380.09      1.19152	-1.47667e-009	 -1.68635e-009	 -1.23932e-009  1  -1.4153e-009


20.5966   4700        3469.5251   3016.98   
 -------Segment BHP        Vm        Vsg        Vsw        alpha G        alpha O        alpha W
 -------Seg 0	 4700         6.0534	0.309005	 6.08795e-009	 0.0510465  0.948953  1.00571e-009
 -------Seg 1	 4700         2.18528	0.0889441	 -8.17344e-009	 0.0407015  0.959298  -3.74023e-009
 -------Seg 2	 4741.75      2.17344	0.0994213	 -8.08533e-009	 0.0457437  0.954256  -3.72006e-009
 -------Seg 3	 4783.28      2.16188	0.0875827	 -8.08474e-009	 0.0405123  0.959488  -3.73968e-009
 -------Seg 4	 4824.59      2.15058	0.0760084	 -8.08416e-009	 0.0353433  0.964657  -3.75906e-009
 -------Seg 5	 4865.68      2.13953	0.064689	 -8.08359e-009	 0.0302351  0.969765  -3.7782e-009
 -------Seg 6	 4906.57      2.12873	0.0536152	 -8.08302e-009	 0.0251865  0.974814  -3.79711e-009
 -------Seg 7	 4947.26      2.11816	0.0427784	 -8.08246e-009	 0.020196  0.979804  -3.81579e-009
 -------Seg 8	 4987.75      2.10782	0.0321702	 -8.08191e-009	 0.0152623  0.984738  -3.83425e-009
 -------Seg 9	 5028.04      2.09771	0.0217914	 -8.08137e-009	 0.0103882  0.989612  -3.85247e-009
 -------Seg 10	 5068.15      2.08781	0.0116269	 -8.08084e-009	 0.00556895  0.994431  -3.87048e-009
 -------Seg 11	 5108.07      2.0781	0.00164549	 -8.08031e-009	 0.000791823  0.999208  -3.88832e-009
 -------Seg 12	 5147.93      2.07527	-7.34506e-009	 -8.07979e-009	 -3.53933e-009  1  -3.89337e-009
 -------Seg 13	 5187.77      2.0738	-7.28883e-009	 -8.07928e-009	 -3.51472e-009  1  -3.89588e-009
 -------Seg 14	 5227.58      2.07233	-7.23352e-009	 -8.07877e-009	 -3.49052e-009  1  -3.8984e-009
 -------Seg 15	 5267.94      2.07085	-7.17588e-009	 -8.07826e-009	 -3.4652e-009  1  -3.90095e-009
 -------Seg 16	 4863.3       8.52359	0.249737	 3.19304e-008	 0.0292995  0.970701  3.74612e-009
 -------Seg 17	 5023.84      8.35867	0.0872983	 3.21471e-008	 0.010444  0.989556  3.84596e-009
 -------Seg 18	 5144.1       7.08819	4.25166e-008	 5.08168e-008	 5.99823e-009  1  7.16922e-009
 -------Seg 19	 5270.88      7.07223	4.23716e-008	 5.13908e-008	 5.99126e-009  1  7.26656e-009
 -------Seg 20	 5023.85      1.19074	0.00882235	 -1.72393e-008	 0.00740913  0.992591  -1.44778e-008
 -------Seg 21	 5047.91      1.18736	0.00949514	 -1.82711e-008	 0.00799688  0.992003  -1.53881e-008
 -------Seg 22	 5071.91      1.18401	0.00605902	 -1.82717e-008	 0.00511738  0.994883  -1.5432e-008
 -------Seg 23	 5095.84      1.1807	0.00266011	 -1.82723e-008	 0.00225299  0.997747  -1.54758e-008
 -------Seg 24	 5119.71      1.17801	-1.69812e-008	 -1.82729e-008	 -1.44152e-008  1  -1.55117e-008
 -------Seg 25	 5143.58      1.17751	-1.6872e-008	 -1.82735e-008	 -1.43286e-008  1  -1.55188e-008
 -------Seg 26	 5167.43      1.17701	-1.67638e-008	 -1.82741e-008	 -1.42427e-008  1  -1.55259e-008
 -------Seg 27	 5191.28      1.17651	-1.66565e-008	 -1.82747e-008	 -1.41576e-008  1  -1.5533e-008
 -------Seg 28	 5215.11      1.17601	-1.65502e-008	 -1.82754e-008	 -1.40732e-008  1  -1.55402e-008
 -------Seg 29	 5238.94      1.17551	-1.64449e-008	 -1.8276e-008	 -1.39896e-008  1  -1.55473e-008
 -------Seg 30	 5262.75      1.17501	-1.63406e-008	 -1.82766e-008	 -1.39067e-008  1  -1.55544e-008
 -------Seg 31	 5286.56      1.17452	-1.62371e-008	 -1.82772e-008	 -1.38245e-008  1  -1.55615e-008
 -------Seg 32	 5310.35      1.17402	-1.61346e-008	 -1.82779e-008	 -1.3743e-008  1  -1.55686e-008
 -------Seg 33	 5334.14      1.17352	-1.6033e-008	 -1.82785e-008	 -1.36623e-008  1  -1.55758e-008
 -------Seg 34	 5358.1       1.17302	-1.60077e-008	 -1.82791e-008	 -1.36465e-008  1  -1.55829e-008


30.5966   4700        3404.4581   2960.4    
 -------Segment BHP        Vm        Vsg        Vsw        alpha G        alpha O        alpha W
 -------Seg 0	 4700         5.93987	0.303209	 7.32488e-009	 0.0510465  0.948954  1.23317e-009
 -------Seg 1	 4700         2.14507	0.086975	 -7.16165e-009	 0.0405465  0.959453  -3.33866e-009
 -------Seg 2	 4740.24      2.13387	0.0980186	 -7.08332e-009	 0.0459348  0.954065  -3.31948e-009
 -------Seg 3	 4780.27      2.12291	0.0868061	 -7.08236e-009	 0.0408901  0.95911  -3.33615e-009
 -------Seg 4	 4820.09      2.1122	0.0758353	 -7.0814e-009	 0.0359035  0.964097  -3.35262e-009
 -------Seg 5	 4859.72      2.10172	0.0650978	 -7.08045e-009	 0.0309735  0.969026  -3.36888e-009
 -------Seg 6	 4899.16      2.09147	0.0545854	 -7.0795e-009	 0.0260991  0.973901  -3.38495e-009
 -------Seg 7	 4938.41      2.08143	0.0442904	 -7.07856e-009	 0.0212788  0.978721  -3.40082e-009
 -------Seg 8	 4977.47      2.0716	0.0342055	 -7.07762e-009	 0.0165116  0.983488  -3.41651e-009
 -------Seg 9	 5016.35      2.06197	0.0243248	 -7.07669e-009	 0.0117969  0.988203  -3.43201e-009
 -------Seg 10	 5055.05      2.05255	0.0146555	 -7.07576e-009	 0.00714013  0.99286  -3.4473e-009
 -------Seg 11	 5093.58      2.0433	0.00515466	 -7.07483e-009	 0.00252271  0.997477  -3.46245e-009
 -------Seg 12	 5132.01      2.03766	-6.44964e-009	 -7.07391e-009	 -3.16522e-009  1  -3.47159e-009
 -------Seg 13	 5170.4       2.03627	-6.40073e-009	 -7.073e-009	 -3.14337e-009  1  -3.47351e-009
 -------Seg 14	 5208.78      2.03488	-6.3526e-009	 -7.07208e-009	 -3.12186e-009  1  -3.47543e-009
 -------Seg 15	 5247.68      2.03347	-6.30234e-009	 -7.07117e-009	 -3.0993e-009  1  -3.47739e-009
 -------Seg 16	 4857.72      8.36786	0.250537	 3.24614e-008	 0.0299404  0.97006  3.87929e-009
 -------Seg 17	 5012.88      8.21093	0.0960884	 3.2636e-008	 0.0117025  0.988297  3.97471e-009
 -------Seg 18	 5129.04      6.95273	4.11107e-008	 4.90938e-008	 5.91288e-009  1  7.06108e-009
 -------Seg 19	 5251.47      6.93761	4.09799e-008	 4.96268e-008	 5.90692e-009  1  7.15329e-009
 -------Seg 20	 5012.89      1.17271	0.0096956	 -1.49765e-008	 0.00826771  0.991732  -1.27709e-008
 -------Seg 21	 5036.2       1.16947	0.0109983	 -1.59959e-008	 0.00940451  0.990596  -1.36779e-008
 -------Seg 22	 5059.45      1.16627	0.00771031	 -1.59945e-008	 0.0066111  0.993389  -1.37143e-008
 -------Seg 23	 5082.64      1.1631	0.00445691	 -1.59931e-008	 0.00383192  0.996168  -1.37504e-008
 -------Seg 24	 5105.76      1.15996	0.00123749	 -1.59916e-008	 0.00106683  0.998933  -1.37863e-008
 -------Seg 25	 5128.86      1.15847	-1.48203e-008	 -1.59902e-008	 -1.27931e-008  1  -1.38029e-008
 -------Seg 26	 5151.94      1.15799	-1.47237e-008	 -1.59888e-008	 -1.27148e-008  1  -1.38074e-008
 -------Seg 27	 5175.02      1.15752	-1.46279e-008	 -1.59874e-008	 -1.26373e-008  1  -1.38118e-008
 -------Seg 28	 5198.09      1.15704	-1.45329e-008	 -1.5986e-008	 -1.25604e-008  1  -1.38163e-008
 -------Seg 29	 5221.14      1.15657	-1.44388e-008	 -1.59846e-008	 -1.24842e-008  1  -1.38207e-008
 -------Seg 30	 5244.19      1.15609	-1.43455e-008	 -1.59832e-008	 -1.24086e-008  1  -1.38252e-008
 -------Seg 31	 5267.23      1.15562	-1.4253e-008	 -1.59818e-008	 -1.23336e-008  1  -1.38296e-008
 -------Seg 32	 5290.26      1.15515	-1.41613e-008	 -1.59804e-008	 -1.22593e-008  1  -1.38341e-008
 -------Seg 33	 5313.28      1.15467	-1.40704e-008	 -1.5979e-008	 -1.21856e-008  1  -1.38386e-008
 -------Seg 34	 5336.48      1.1542	-1.40418e-008	 -1.59776e-008	 -1.21659e-008  1  -1.3843e-008


40.5966   4700        3339.6274   2904.02   
 -------Segment BHP        Vm        Vsg        Vsw        alpha G        alpha O        alpha W
 -------Seg 0	 4700         5.82676	0.297435	 1.87187e-008	 0.0510465  0.948954  3.21253e-009
 -------Seg 1	 4700         2.10484	0.085008	 -5.4159e-009	 0.0403869  0.959613  -2.57307e-009
 -------Seg 2	 4738.75      2.09425	0.0965923	 -5.35577e-009	 0.0461225  0.953877  -2.55736e-009
 -------Seg 3	 4777.31      2.08389	0.0859845	 -5.355e-009	 0.0412615  0.958739  -2.56971e-009
 -------Seg 4	 4815.68      2.07375	0.0755972	 -5.35424e-009	 0.0364543  0.963546  -2.58191e-009
 -------Seg 5	 4853.87      2.06382	0.065423	 -5.35348e-009	 0.0317  0.9683  -2.59397e-009
 -------Seg 6	 4891.87      2.05409	0.0554547	 -5.35272e-009	 0.0269972  0.973003  -2.60588e-009
 -------Seg 7	 4929.71      2.04457	0.0456856	 -5.35197e-009	 0.0223449  0.977655  -2.61765e-009
 -------Seg 8	 4967.36      2.03523	0.0361091	 -5.35122e-009	 0.017742  0.982258  -2.62929e-009
 -------Seg 9	 5004.85      2.02608	0.026719	 -5.35047e-009	 0.0131875  0.986812  -2.6408e-009
 -------Seg 10	 5042.18      2.01712	0.0175235	 -5.34972e-009	 0.00868737  0.991313  -2.65215e-009
 -------Seg 11	 5079.34      2.00833	0.0084906	 -5.34898e-009	 0.0042277  0.995772  -2.6634e-009
 -------Seg 12	 5116.35      2	-4.89799e-009	 -5.34823e-009	 -2.44899e-009  1  -2.67411e-009
 -------Seg 13	 5153.33      1.99869	-4.85998e-009	 -5.3475e-009	 -2.43158e-009  1  -2.6755e-009
 -------Seg 14	 5190.29      1.99738	-4.82257e-009	 -5.34676e-009	 -2.41445e-009  1  -2.67689e-009
 -------Seg 15	 5227.76      1.99605	-4.78313e-009	 -5.34603e-009	 -2.3963e-009  1  -2.67831e-009
 -------Seg 16	 4852.28      8.21272	0.251019	 5.42422e-008	 0.0305647  0.969435  6.60466e-009
 -------Seg 17	 5002.17      8.06352	0.104299	 5.44567e-008	 0.0129347  0.987065  6.75346e-009
 -------Seg 18	 5114.33      6.81845	0.000284075	 6.74473e-008	 4.16626e-005  0.999958  9.89189e-009
 -------Seg 19	 5232.53      6.80389	5.62139e-008	 6.79867e-008	 8.26203e-009  1  9.99233e-009
 -------Seg 20	 5002.18      1.15446	0.0105044	 -1.04203e-008	 0.00909897  0.990901  -9.02612e-009
 -------Seg 21	 5024.75      1.15136	0.0124152	 -1.21255e-008	 0.0107831  0.989217  -1.05315e-008
 -------Seg 22	 5047.26      1.1483	0.0092731	 -1.21242e-008	 0.00807551  0.991925  -1.05584e-008
 -------Seg 23	 5069.7       1.14527	0.00616305	 -1.21229e-008	 0.0053813  0.994619  -1.05852e-008
 -------Seg 24	 5092.1       1.14227	0.00308453	 -1.21216e-008	 0.00270034  0.9973  -1.06118e-008
 -------Seg 25	 5114.43      1.13931	3.70116e-005	 -1.21203e-008	 3.2486e-005  0.999968  -1.06383e-008
 -------Seg 26	 5136.75      1.13882	-1.12687e-008	 -1.2119e-008	 -9.89506e-009  1  -1.06417e-008
 -------Seg 27	 5159.07      1.13837	-1.11876e-008	 -1.21177e-008	 -9.82776e-009  1  -1.06448e-008
 -------Seg 28	 5181.37      1.13792	-1.11073e-008	 -1.21164e-008	 -9.76102e-009  1  -1.06478e-008
 -------Seg 29	 5203.67      1.13747	-1.10276e-008	 -1.21151e-008	 -9.69484e-009  1  -1.06509e-008
 -------Seg 30	 5225.96      1.13702	-1.09486e-008	 -1.21138e-008	 -9.62921e-009  1  -1.0654e-008
 -------Seg 31	 5248.24      1.13657	-1.08703e-008	 -1.21125e-008	 -9.56412e-009  1  -1.06571e-008
 -------Seg 32	 5270.51      1.13612	-1.07926e-008	 -1.21112e-008	 -9.49956e-009  1  -1.06602e-008
 -------Seg 33	 5292.77      1.13567	-1.07156e-008	 -1.21099e-008	 -9.43553e-009  1  -1.06633e-008
 -------Seg 34	 5315.2       1.13522	-1.06861e-008	 -1.21086e-008	 -9.41329e-009  1  -1.06664e-008


50        4700        3278.5488   2850.91   
 -------Segment BHP        Vm        Vsg        Vsw        alpha G        alpha O        alpha W
 -------Seg 0	 4700         5.72019	0.291995	 -2.06912e-009	 0.0510463  0.948954  -3.61723e-010
 -------Seg 1	 4700         2.06695	0.0831574	 -1.62108e-010	 0.0402318  0.959768  -7.84284e-011
 -------Seg 2	 4737.38      2.05692	0.0952274	 -1.60264e-010	 0.046296  0.953704  -7.79144e-011
 -------Seg 3	 4774.58      2.0471	0.0851695	 -1.59873e-010	 0.041605  0.958395  -7.80974e-011
 -------Seg 4	 4811.6       2.03747	0.0753136	 -1.5948e-010	 0.0369642  0.963036  -7.82735e-011
 -------Seg 5	 4848.45      2.02804	0.0656531	 -1.59086e-010	 0.0323726  0.967627  -7.84431e-011
 -------Seg 6	 4885.13      2.0188	0.0561815	 -1.5869e-010	 0.0278291  0.972171  -7.86059e-011
 -------Seg 7	 4921.65      2.00974	0.046893	 -1.58293e-010	 0.0233328  0.976667  -7.87626e-011
 -------Seg 8	 4958.01      2.00086	0.0377817	 -1.57893e-010	 0.0188827  0.981117  -7.89126e-011
 -------Seg 9	 4994.21      1.99215	0.028842	 -1.57492e-010	 0.0144779  0.985522  -7.90566e-011
 -------Seg 10	 5030.25      1.98361	0.020078	 -1.5709e-010	 0.0101219  0.989878  -7.91939e-011
 -------Seg 11	 5066.15      1.97523	0.0114741	 -1.56686e-010	 0.00580897  0.994191  -7.93254e-011
 -------Seg 12	 5101.89      1.96699	0.00300907	 -1.56281e-010	 0.00152979  0.99847  -7.94517e-011
 -------Seg 13	 5137.56      1.96326	-1.409e-010	 -1.55874e-010	 -7.17681e-011  1  -7.93952e-011
 -------Seg 14	 5173.22      1.96202	-1.39789e-010	 -1.55467e-010	 -7.12473e-011  1  -7.92381e-011
 -------Seg 15	 5209.37      1.96076	-1.38677e-010	 -1.55059e-010	 -7.07262e-011  1  -7.90812e-011
 -------Seg 16	 4847.24      8.06626	0.251191	 -4.29909e-009	 0.0311409  0.968859  -5.32972e-010
 -------Seg 17	 4992.26      7.92414	0.111536	 -4.31036e-009	 0.0140755  0.985924  -5.43952e-010
 -------Seg 18	 5100.83      6.70045	0.010529	 -4.0324e-009	 0.00157138  0.998429  -6.01811e-010
 -------Seg 19	 5215.12      6.67771	-3.35383e-009	 -4.05009e-009	 -5.02242e-010  1  -6.06509e-010
 -------Seg 20	 4992.26      1.13725	0.0112135	 -4.83607e-010	 0.00986026  0.99014  -4.25243e-010
 -------Seg 21	 5014.14      1.13428	0.0136809	 -3.46204e-010	 0.0120614  0.987939  -3.0522e-010
 -------Seg 22	 5035.96      1.13134	0.0106723	 -3.44645e-010	 0.00943332  0.990567  -3.04633e-010
 -------Seg 23	 5057.72      1.12844	0.00769383	 -3.43082e-010	 0.00681809  0.993182  -3.04032e-010
 -------Seg 24	 5079.43      1.12557	0.00474468	 -3.41516e-010	 0.00421535  0.995785  -3.03415e-010
 -------Seg 25	 5101.09      1.12273	0.0018244	 -3.39945e-010	 0.00162497  0.998375  -3.02785e-010
 -------Seg 26	 5122.71      1.12079	-3.03089e-010	 -3.38371e-010	 -2.70424e-010  1  -3.01903e-010
 -------Seg 27	 5144.32      1.12036	-3.01215e-010	 -3.36796e-010	 -2.68855e-010  1  -3.00614e-010
 -------Seg 28	 5165.92      1.11993	-2.99358e-010	 -3.35221e-010	 -2.673e-010  1  -2.99323e-010
 -------Seg 29	 5187.51      1.1195	-2.97517e-010	 -3.33645e-010	 -2.65759e-010  1  -2.9803e-010
 -------Seg 30	 5209.1       1.11907	-2.95692e-010	 -3.32069e-010	 -2.6423e-010  1  -2.96736e-010
 -------Seg 31	 5230.68      1.11864	-2.93883e-010	 -3.30492e-010	 -2.62714e-010  1  -2.9544e-010
 -------Seg 32	 5252.25      1.11821	-2.9209e-010	 -3.28915e-010	 -2.61211e-010  1  -2.94143e-010
 -------Seg 33	 5273.81      1.11778	-2.90313e-010	 -3.27337e-010	 -2.59722e-010  1  -2.92844e-010
 -------Seg 34	 5295.53      1.11735	-2.86928e-010	 -3.25758e-010	 -2.56793e-010  1  -2.91544e-010


