
 Simulation Finished Successfully 


 -------------------------- Performance Report -------------------------- 


 ------------ Mass Balance Error Report ------------- 

 OCIP     :	78215.1	0	65865.3	82331.7	205829	

 Residual :	57151.1	41425.1	51467.5	128667	499908	
 Facilty  :	21064	24439.8	30863.5	77160.5	5.90025	

 MB_Error :	-0.0398228	-65864.9	-16465.7	-123496	-294085	
 Rel_Error:	5.09144e-005%	##	24.9991%	149.998%	142.878%	


 ---- Total EoS counters ----
 flash iters SSI    =      32254, flash iters Newton =          0
 Stab. iters SSI    =      26480, Stab. iters Newton =          0

 No of Satb for Oil =  5212, No of Satb for gas =     1, No of flash =  5212
 time of Satb for Oil = 0.111, time of Satb for gas =     0, time for flash = 0.079



Statistics of bypass stability analysis:
Total No:				 900
Bypass No:				 0
Failed Pressure No:	 0
Failed Composition  No: 0

 Variable Type : -----------------  Natural Variables
 Number of Implicit levels: ------        1
                    ImpVar --- TransImpLvl --- CFL_Limit --- Percent
       Scheme 0 :     6             6             1           100%

 Linear solver choice : ----------        5
 Preconditioner choice : ---------       11
 Linear solver Tolerance : -------   0.0001

 Total running time: -------------       86 sec  ( 100 % )
   -Initialization time: ---------        0 sec  (   0 % )
   -Property Calc  time: ---------   16.063 sec  (  19 % )
   -Linearization  time: ---------    23.36 sec  (  27 % )
   -Newton Update  time: ---------    0.501 sec  (   1 % )
   -Solver running time: ---------   44.279 sec  (  51 % )
      --(B)ILU Pre fac time: -----    9.872 sec  (  11 % )
      --(B)ILU Pre slv time: -----   11.166 sec  (  13 % )
      --Pres dcpl time: ----------        0 sec  (   0 % )
      --Pres slv time: -----------        0 sec  (   0 % )
   -Timestep Calc  time: ---------    0.016 sec  (   0 % )
   -CFL No.  Calc  time: ---------        0 sec  (   0 % )


 Compositional simulation only:
 Initialization time for reservoir: ---------    0.031 sec
 Phase equilibrium running time: ------------    0.046 sec


 No. of timesteps: ---------------       77

 No. of Newton Iters : -----------     1762
 No. of Waste Newton Iters : -----     2329

 No. of Solver Iters : -----------    20766
 No. of Waste Solver Iters : -----    44926

 No. of Pres slvr iters : --------        0
 No. of Waste Pres slvr iters: ---        0

 Total elapsed = 86, steps = 77, Newton = 1762, linear = 20766

