Results for well: RES1_MSWell_1.out in the reservoir: RES1_MSWell_1.out

time	BHP	Temp	q(Gas)	q(Oil)	 q(Water)
days	psi	F	Mscf/d	stb/d	stb/d

0         	0         	-         	0         	0         	0         	
0.1       	5000      	-         	1387.36   	1206.44   	374.12    	
0.387894  	5000      	-         	1378.81   	1198.97   	371.878   	
1.22456   	5000      	-         	1365.7    	1187.56   	368.179   	
2.22456   	5000      	-         	1352.61   	1176.18   	364.498   	
3.22456   	5000      	-         	1341.16   	1166.23   	361.286   	
4.22456   	5000      	-         	1330.94   	1157.34   	358.422   	
5.22456   	5000      	-         	1321.6    	1149.21   	355.814   	
6.22456   	5000      	-         	1312.9    	1141.65   	353.391   	
7.22456   	5000      	-         	1304.67   	1134.5    	351.103   	
8.22456   	5000      	-         	1296.78   	1127.63   	348.915   	
9.22456   	5000      	-         	1289.14   	1120.99   	346.801   	
10.2246   	5000      	-         	1281.69   	1114.51   	344.743   	
11.2246   	5000      	-         	1274.37   	1108.15   	342.728   	
12.2246   	5000      	-         	1267.16   	1101.88   	340.745   	
13.2246   	5000      	-         	1260.03   	1095.67   	338.788   	
14.2246   	5000      	-         	1252.95   	1089.52   	336.857   	
15.2246   	5000      	-         	1245.92   	1083.41   	334.943   	
16.2246   	5000      	-         	1238.94   	1077.34   	333.044   	
17.2246   	5000      	-         	1231.98   	1071.29   	331.156   	
18.2246   	5000      	-         	1225.05   	1065.26   	329.28    	
19.2246   	5000      	-         	1218.14   	1059.25   	327.413   	
20.2246   	5000      	-         	1211.25   	1053.26   	325.554   	
21.2246   	5000      	-         	1204.38   	1047.29   	323.704   	
22.2246   	5000      	-         	1197.53   	1041.33   	321.862   	
23.2246   	5000      	-         	1190.7    	1035.39   	320.027   	
24.2246   	5000      	-         	1183.88   	1029.46   	318.199   	
25.2246   	5000      	-         	1177.07   	1023.54   	316.378   	
26.2246   	5000      	-         	1170.28   	1017.64   	314.564   	
27.2246   	5000      	-         	1163.51   	1011.74   	312.757   	
28.2246   	5000      	-         	1156.75   	1005.87   	310.956   	
29.2246   	5000      	-         	1150      	1000      	309.162   	
30.2246   	5000      	-         	1143.27   	994.146   	307.374   	
31.2246   	5000      	-         	1136.55   	988.305   	305.592   	
32.2246   	5000      	-         	1129.85   	982.477   	303.817   	
33.2246   	5000      	-         	1123.16   	976.662   	302.048   	
34.2246   	5000      	-         	1116.49   	970.86    	300.285   	
35.2246   	5000      	-         	1109.83   	965.071   	298.528   	
36.2246   	5000      	-         	1103.19   	959.295   	296.777   	
37.2246   	5000      	-         	1096.56   	953.532   	295.033   	
38.2246   	5000      	-         	1089.95   	947.783   	293.295   	
39.2246   	5000      	-         	1083.35   	942.047   	291.562   	
40.2246   	5000      	-         	1076.77   	936.324   	289.836   	
41.2246   	5000      	-         	1070.21   	930.616   	288.115   	
42.2246   	5000      	-         	1063.66   	924.921   	286.401   	
43.2246   	5000      	-         	1057.13   	919.239   	284.692   	
44.2246   	5000      	-         	1050.61   	913.572   	282.989   	
45.2246   	5000      	-         	1044.11   	907.919   	281.292   	
46.2246   	5000      	-         	1037.62   	902.279   	279.601   	
47.2246   	5000      	-         	1031.15   	896.654   	277.916   	
48.2246   	5000      	-         	1024.7    	891.043   	276.237   	
49.2246   	5000      	-         	1018.26   	885.447   	274.563   	
50.2246   	5000      	-         	1011.85   	879.865   	272.895   	
51.2246   	5000      	-         	1005.44   	874.298   	271.233   	
52.2246   	5000      	-         	999.057   	868.745   	269.577   	
53.2246   	5000      	-         	992.689   	863.208   	267.926   	
54.2246   	5000      	-         	986.34    	857.687   	266.282   	
55.2246   	5000      	-         	980.007   	852.18    	264.643   	
56.2246   	5000      	-         	973.692   	846.689   	263.01    	
57.2246   	5000      	-         	967.395   	841.213   	261.382   	
58.2246   	5000      	-         	961.115   	835.752   	259.761   	
59.2246   	5000      	-         	954.852   	830.306   	258.144   	
60.2246   	5000      	-         	948.607   	824.876   	256.534   	
61.2246   	5000      	-         	942.38    	819.461   	254.929   	
62.2246   	5000      	-         	936.171   	814.062   	253.329   	
63.2246   	5000      	-         	929.98    	808.678   	251.735   	
64.2246   	5000      	-         	923.807   	803.31    	250.147   	
65.2246   	5000      	-         	917.652   	797.958   	248.564   	
66.2246   	5000      	-         	911.515   	792.622   	246.987   	
67.2246   	5000      	-         	905.397   	787.301   	245.415   	
68.2246   	5000      	-         	899.296   	781.997   	243.849   	
69.2246   	5000      	-         	893.215   	776.709   	242.288   	
70.2246   	5000      	-         	887.152   	771.436   	240.733   	
71.2246   	5000      	-         	881.107   	766.18    	239.183   	
72.2246   	5000      	-         	875.082   	760.941   	237.639   	
73.2246   	5000      	-         	869.076   	755.718   	236.1     	
74.2246   	5000      	-         	863.089   	750.512   	234.567   	
75.2246   	5000      	-         	857.122   	745.323   	233.038   	
76.2246   	5000      	-         	851.174   	740.152   	231.515   	
77.2246   	5000      	-         	845.249   	734.999   	229.998   	
78.2246   	5000      	-         	839.343   	729.864   	228.486   	
79.2246   	5000      	-         	833.457   	724.745   	226.979   	
80.2246   	5000      	-         	827.592   	719.646   	225.478   	
81.2246   	5000      	-         	821.747   	714.562   	223.982   	
82.2246   	5000      	-         	815.92    	709.496   	222.492   	
83.2246   	5000      	-         	810.114   	704.447   	221.006   	
84.2246   	5000      	-         	804.328   	699.416   	219.526   	
85.2246   	5000      	-         	798.562   	694.402   	218.051   	
86.2246   	5000      	-         	792.816   	689.405   	216.581   	
87.2246   	5000      	-         	787.09    	684.426   	215.116   	
88.2246   	5000      	-         	781.385   	679.465   	213.657   	
89.2246   	5000      	-         	775.699   	674.521   	212.202   	
90.2246   	5000      	-         	770.034   	669.595   	210.753   	
91.2246   	5000      	-         	764.393   	664.689   	209.31    	
92.2246   	5000      	-         	758.768   	659.799   	207.872   	
93.2246   	5000      	-         	753.164   	654.926   	206.439   	
94.2246   	5000      	-         	747.581   	650.07    	205.01    	
95.2246   	5000      	-         	742.018   	645.233   	203.587   	
96.2246   	5000      	-         	736.476   	640.414   	202.17    	
97.2246   	5000      	-         	730.954   	635.613   	200.757   	
98.2246   	5000      	-         	725.454   	630.829   	199.35    	
99.2246   	5000      	-         	719.974   	626.064   	197.948   	
100       	5000      	-         	715.732   	622.376   	196.862   	