 % Reservoir Output 
 % Unit for Total Component: B.O. ~ lb/day || Compositional ~ mol/day 

time	pres	temp	comp0	comp1	comp2	comp3	comp4	comp5	comp6	comp7	comp8	
day	psi	F	**	**	**	**	**	**	**	**	**	
         0	   3203.67	       530	4.94696e+006	7.93149e+006	2.69793e+008	3.55281e+007	2.41624e+007	3.95348e+007	1.93994e+007	6.19392e+006	1.34917e+006	
      0.01	   3203.67	       530	4.94696e+006	7.93149e+006	2.69793e+008	3.55282e+007	2.41624e+007	3.95348e+007	1.93994e+007	6.19392e+006	1.34917e+006	
      0.51	   3203.78	       530	4.94701e+006	7.93157e+006	2.69796e+008	3.55285e+007	2.41627e+007	3.95352e+007	1.93996e+007	6.19386e+006	1.34916e+006	
   1.85821	   3204.05	       530	4.94715e+006	7.9318e+006	2.69804e+008	3.55295e+007	2.41634e+007	3.95363e+007	1.94001e+007	6.19372e+006	1.34912e+006	
   5.49668	   3204.75	       530	4.94751e+006	7.93237e+006	2.69823e+008	3.55321e+007	2.41651e+007	3.9539e+007	1.94013e+007	6.19335e+006	1.34903e+006	
   15.4506	   3206.61	       530	4.94844e+006	7.93387e+006	2.69874e+008	3.55388e+007	2.41696e+007	3.95461e+007	1.94046e+007	6.19239e+006	1.34879e+006	
   35.4506	   3210.19	       530	4.95025e+006	7.93677e+006	2.69973e+008	3.55518e+007	2.41784e+007	3.95599e+007	1.94108e+007	6.19044e+006	1.3483e+006	
   55.4506	   3213.61	       530	4.95198e+006	7.93955e+006	2.70068e+008	3.55642e+007	2.41868e+007	3.95731e+007	1.94168e+007	6.18843e+006	1.3478e+006	
   75.4506	   3216.86	       530	4.95364e+006	7.9422e+006	2.70158e+008	3.55761e+007	2.41948e+007	3.95857e+007	1.94225e+007	6.18634e+006	1.34729e+006	
   95.4506	   3219.93	       530	4.9552e+006	7.94471e+006	2.70243e+008	3.55873e+007	2.42024e+007	3.95975e+007	1.94278e+007	6.18419e+006	1.34676e+006	
   115.451	    3222.8	       530	4.95668e+006	7.94708e+006	2.70324e+008	3.55979e+007	2.42096e+007	3.96087e+007	1.94328e+007	6.18198e+006	1.34622e+006	
   135.451	    3225.5	       530	4.95807e+006	7.94931e+006	2.70399e+008	3.56078e+007	2.42163e+007	3.96192e+007	1.94374e+007	6.1797e+006	1.34567e+006	
   155.451	   3228.01	       530	4.95937e+006	7.9514e+006	2.70471e+008	3.56172e+007	2.42226e+007	3.9629e+007	1.94417e+007	6.17735e+006	1.3451e+006	
   175.451	   3230.35	       530	4.96059e+006	7.95337e+006	2.70537e+008	3.5626e+007	2.42286e+007	3.96381e+007	1.94458e+007	6.17496e+006	1.34452e+006	
   195.451	   3232.52	       530	4.96174e+006	7.9552e+006	2.706e+008	3.56342e+007	2.42341e+007	3.96467e+007	1.94495e+007	6.17251e+006	1.34393e+006	
   215.451	   3234.53	       530	4.96281e+006	7.95692e+006	2.70658e+008	3.56418e+007	2.42393e+007	3.96546e+007	1.94529e+007	6.17002e+006	1.34333e+006	
   235.451	    3236.4	       530	4.96381e+006	7.95853e+006	2.70713e+008	3.5649e+007	2.42441e+007	3.96621e+007	1.94561e+007	6.16748e+006	1.34272e+006	
   255.451	   3238.13	       530	4.96475e+006	7.96003e+006	2.70764e+008	3.56558e+007	2.42487e+007	3.9669e+007	1.9459e+007	6.16489e+006	1.34211e+006	
   275.451	   3239.73	       530	4.96562e+006	7.96144e+006	2.70812e+008	3.5662e+007	2.42529e+007	3.96754e+007	1.94617e+007	6.16227e+006	1.34148e+006	
   295.451	    3241.2	       530	4.96645e+006	7.96276e+006	2.70857e+008	3.56679e+007	2.42569e+007	3.96814e+007	1.94642e+007	6.15962e+006	1.34085e+006	
   315.451	   3242.57	       530	4.96721e+006	7.964e+006	2.70899e+008	3.56734e+007	2.42606e+007	3.9687e+007	1.94665e+007	6.15693e+006	1.34021e+006	
   335.451	   3243.83	       530	4.96793e+006	7.96515e+006	2.70938e+008	3.56786e+007	2.42641e+007	3.96921e+007	1.94686e+007	6.15421e+006	1.33957e+006	
   355.451	      3245	       530	4.96861e+006	7.96624e+006	2.70975e+008	3.56834e+007	2.42673e+007	3.9697e+007	1.94705e+007	6.15146e+006	1.33892e+006	
   375.451	   3246.08	       530	4.96924e+006	7.96726e+006	2.7101e+008	3.5688e+007	2.42704e+007	3.97015e+007	1.94723e+007	6.14869e+006	1.33826e+006	
   395.451	   3247.07	       530	4.96984e+006	7.96821e+006	2.71042e+008	3.56922e+007	2.42732e+007	3.97057e+007	1.9474e+007	6.14589e+006	1.3376e+006	
   415.451	   3247.99	       530	4.9704e+006	7.96911e+006	2.71073e+008	3.56963e+007	2.42759e+007	3.97096e+007	1.94755e+007	6.14307e+006	1.33693e+006	
   435.451	   3248.84	       530	4.97093e+006	7.96996e+006	2.71102e+008	3.57e+007	2.42785e+007	3.97133e+007	1.94768e+007	6.14023e+006	1.33627e+006	
   455.451	   3249.62	       530	4.97142e+006	7.97076e+006	2.71129e+008	3.57036e+007	2.42808e+007	3.97167e+007	1.94781e+007	6.13737e+006	1.33559e+006	
   475.451	   3250.34	       530	4.97189e+006	7.97151e+006	2.71154e+008	3.5707e+007	2.42831e+007	3.972e+007	1.94792e+007	6.13449e+006	1.33492e+006	
   495.451	   3251.01	       530	4.97234e+006	7.97223e+006	2.71179e+008	3.57101e+007	2.42852e+007	3.9723e+007	1.94803e+007	6.1316e+006	1.33424e+006	
   515.451	   3251.62	       530	4.97276e+006	7.9729e+006	2.71202e+008	3.57131e+007	2.42872e+007	3.97258e+007	1.94813e+007	6.12869e+006	1.33355e+006	
   535.451	   3252.19	       530	4.97315e+006	7.97354e+006	2.71223e+008	3.5716e+007	2.42891e+007	3.97284e+007	1.94822e+007	6.12577e+006	1.33287e+006	
   555.451	   3252.72	       530	4.97353e+006	7.97415e+006	2.71244e+008	3.57187e+007	2.42909e+007	3.97309e+007	1.9483e+007	6.12284e+006	1.33218e+006	
   575.451	    3253.2	       530	4.97389e+006	7.97472e+006	2.71264e+008	3.57212e+007	2.42926e+007	3.97333e+007	1.94837e+007	6.11989e+006	1.33149e+006	
   595.451	   3253.65	       530	4.97423e+006	7.97527e+006	2.71282e+008	3.57237e+007	2.42943e+007	3.97355e+007	1.94844e+007	6.11694e+006	1.33079e+006	
   615.451	   3254.06	       530	4.97456e+006	7.9758e+006	2.713e+008	3.5726e+007	2.42958e+007	3.97375e+007	1.9485e+007	6.11397e+006	1.3301e+006	
   635.451	   3254.44	       530	4.97487e+006	7.9763e+006	2.71317e+008	3.57282e+007	2.42973e+007	3.97395e+007	1.94855e+007	6.111e+006	1.3294e+006	
   655.451	   3254.79	       530	4.97517e+006	7.97678e+006	2.71333e+008	3.57304e+007	2.42987e+007	3.97414e+007	1.9486e+007	6.10801e+006	1.3287e+006	
   675.451	   3255.12	       530	4.97545e+006	7.97724e+006	2.71349e+008	3.57324e+007	2.43001e+007	3.97431e+007	1.94865e+007	6.10502e+006	1.328e+006	
   695.451	   3255.42	       530	4.97573e+006	7.97768e+006	2.71364e+008	3.57344e+007	2.43014e+007	3.97448e+007	1.94869e+007	6.10202e+006	1.3273e+006	
   715.451	    3255.7	       530	4.97599e+006	7.9781e+006	2.71378e+008	3.57362e+007	2.43026e+007	3.97464e+007	1.94873e+007	6.09901e+006	1.3266e+006	
   735.451	   3255.95	       530	4.97624e+006	7.97851e+006	2.71392e+008	3.57381e+007	2.43038e+007	3.97479e+007	1.94876e+007	6.096e+006	1.3259e+006	
   755.451	   3256.19	       530	4.97649e+006	7.9789e+006	2.71406e+008	3.57398e+007	2.43049e+007	3.97493e+007	1.94879e+007	6.09299e+006	1.32519e+006	
   775.451	   3256.41	       530	4.97672e+006	7.97928e+006	2.71419e+008	3.57415e+007	2.43061e+007	3.97507e+007	1.94882e+007	6.08996e+006	1.32448e+006	
   795.451	   3256.61	       530	4.97695e+006	7.97965e+006	2.71431e+008	3.57431e+007	2.43071e+007	3.9752e+007	1.94884e+007	6.08693e+006	1.32378e+006	
   815.451	    3256.8	       530	4.97717e+006	7.98001e+006	2.71443e+008	3.57447e+007	2.43082e+007	3.97532e+007	1.94886e+007	6.0839e+006	1.32307e+006	
   835.451	   3256.97	       530	4.97739e+006	7.98035e+006	2.71455e+008	3.57462e+007	2.43092e+007	3.97544e+007	1.94888e+007	6.08087e+006	1.32236e+006	
   855.451	   3257.13	       530	4.9776e+006	7.98069e+006	2.71466e+008	3.57477e+007	2.43102e+007	3.97556e+007	1.9489e+007	6.07783e+006	1.32165e+006	
   875.451	   3257.28	       530	4.9778e+006	7.98102e+006	2.71478e+008	3.57492e+007	2.43111e+007	3.97567e+007	1.94891e+007	6.07478e+006	1.32094e+006	
   895.451	   3257.42	       530	4.978e+006	7.98134e+006	2.71488e+008	3.57506e+007	2.4312e+007	3.97578e+007	1.94892e+007	6.07173e+006	1.32023e+006	
   915.451	   3257.55	       530	4.97819e+006	7.98165e+006	2.71499e+008	3.5752e+007	2.4313e+007	3.97588e+007	1.94893e+007	6.06868e+006	1.31951e+006	
   935.451	   3257.66	       530	4.97838e+006	7.98196e+006	2.71509e+008	3.57533e+007	2.43138e+007	3.97598e+007	1.94894e+007	6.06563e+006	1.3188e+006	
   955.451	   3257.77	       530	4.97857e+006	7.98225e+006	2.7152e+008	3.57546e+007	2.43147e+007	3.97608e+007	1.94895e+007	6.06258e+006	1.31809e+006	
   975.451	   3257.88	       530	4.97875e+006	7.98255e+006	2.7153e+008	3.57559e+007	2.43155e+007	3.97617e+007	1.94896e+007	6.05952e+006	1.31737e+006	
   995.451	   3257.97	       530	4.97893e+006	7.98283e+006	2.71539e+008	3.57572e+007	2.43164e+007	3.97626e+007	1.94896e+007	6.05646e+006	1.31666e+006	
   1015.45	   3258.06	       530	4.9791e+006	7.98312e+006	2.71549e+008	3.57584e+007	2.43172e+007	3.97635e+007	1.94896e+007	6.05339e+006	1.31595e+006	
   1035.45	   3258.14	       530	4.97927e+006	7.98339e+006	2.71558e+008	3.57597e+007	2.4318e+007	3.97644e+007	1.94897e+007	6.05033e+006	1.31523e+006	
   1055.45	   3258.21	       530	4.97944e+006	7.98367e+006	2.71568e+008	3.57609e+007	2.43188e+007	3.97652e+007	1.94897e+007	6.04726e+006	1.31452e+006	
   1075.45	   3258.28	       530	4.97961e+006	7.98394e+006	2.71577e+008	3.57621e+007	2.43196e+007	3.97661e+007	1.94897e+007	6.0442e+006	1.3138e+006	
   1095.45	   3258.35	       530	4.97978e+006	7.9842e+006	2.71586e+008	3.57632e+007	2.43203e+007	3.97669e+007	1.94897e+007	6.04113e+006	1.31308e+006	
   1115.45	   3258.41	       530	4.97994e+006	7.98447e+006	2.71595e+008	3.57644e+007	2.43211e+007	3.97677e+007	1.94897e+007	6.03806e+006	1.31237e+006	
   1135.45	   3258.47	       530	4.9801e+006	7.98473e+006	2.71604e+008	3.57655e+007	2.43218e+007	3.97684e+007	1.94897e+007	6.03498e+006	1.31165e+006	
   1155.45	   3258.52	       530	4.98026e+006	7.98498e+006	2.71612e+008	3.57667e+007	2.43226e+007	3.97692e+007	1.94896e+007	6.03191e+006	1.31093e+006	
   1175.45	   3258.57	       530	4.98042e+006	7.98524e+006	2.71621e+008	3.57678e+007	2.43233e+007	3.97699e+007	1.94896e+007	6.02884e+006	1.31022e+006	
   1195.45	   3258.61	       530	4.98057e+006	7.98549e+006	2.71629e+008	3.57689e+007	2.4324e+007	3.97707e+007	1.94896e+007	6.02576e+006	1.3095e+006	
   1215.45	   3258.66	       530	4.98073e+006	7.98574e+006	2.71638e+008	3.577e+007	2.43247e+007	3.97714e+007	1.94895e+007	6.02268e+006	1.30878e+006	
   1235.45	    3258.7	       530	4.98088e+006	7.98598e+006	2.71646e+008	3.57711e+007	2.43254e+007	3.97721e+007	1.94895e+007	6.01961e+006	1.30807e+006	
   1255.45	   3258.73	       530	4.98103e+006	7.98623e+006	2.71655e+008	3.57722e+007	2.43261e+007	3.97728e+007	1.94894e+007	6.01653e+006	1.30735e+006	
   1275.45	   3258.77	       530	4.98118e+006	7.98647e+006	2.71663e+008	3.57732e+007	2.43268e+007	3.97735e+007	1.94894e+007	6.01345e+006	1.30663e+006	
   1295.45	    3258.8	       530	4.98133e+006	7.98671e+006	2.71671e+008	3.57743e+007	2.43275e+007	3.97742e+007	1.94893e+007	6.01037e+006	1.30591e+006	
   1315.45	   3258.83	       530	4.98148e+006	7.98695e+006	2.71679e+008	3.57754e+007	2.43282e+007	3.97749e+007	1.94892e+007	6.00729e+006	1.30519e+006	
   1335.45	   3258.86	       530	4.98163e+006	7.98719e+006	2.71687e+008	3.57764e+007	2.43289e+007	3.97756e+007	1.94892e+007	6.0042e+006	1.30447e+006	
   1355.45	   3258.89	       530	4.98177e+006	7.98743e+006	2.71695e+008	3.57775e+007	2.43296e+007	3.97762e+007	1.94891e+007	6.00112e+006	1.30376e+006	
   1375.45	   3258.91	       530	4.98192e+006	7.98766e+006	2.71703e+008	3.57785e+007	2.43302e+007	3.97769e+007	1.9489e+007	5.99804e+006	1.30304e+006	
   1395.45	   3258.94	       530	4.98206e+006	7.9879e+006	2.71711e+008	3.57795e+007	2.43309e+007	3.97775e+007	1.94889e+007	5.99496e+006	1.30232e+006	
   1415.45	   3258.96	       530	4.98221e+006	7.98813e+006	2.71719e+008	3.57806e+007	2.43316e+007	3.97782e+007	1.94889e+007	5.99187e+006	1.3016e+006	
   1435.45	   3258.98	       530	4.98235e+006	7.98837e+006	2.71727e+008	3.57816e+007	2.43322e+007	3.97788e+007	1.94888e+007	5.98879e+006	1.30088e+006	
   1455.45	      3259	       530	4.9825e+006	7.9886e+006	2.71735e+008	3.57826e+007	2.43329e+007	3.97795e+007	1.94887e+007	5.9857e+006	1.30016e+006	
   1475.45	   3259.02	       530	4.98264e+006	7.98883e+006	2.71743e+008	3.57836e+007	2.43336e+007	3.97801e+007	1.94886e+007	5.98262e+006	1.29944e+006	
   1495.45	   3259.04	       530	4.98278e+006	7.98906e+006	2.71751e+008	3.57846e+007	2.43342e+007	3.97807e+007	1.94885e+007	5.97953e+006	1.29872e+006	
   1515.45	   3259.06	       530	4.98293e+006	7.98929e+006	2.71759e+008	3.57856e+007	2.43349e+007	3.97814e+007	1.94884e+007	5.97645e+006	1.298e+006	
   1535.45	   3259.07	       530	4.98307e+006	7.98952e+006	2.71766e+008	3.57867e+007	2.43355e+007	3.9782e+007	1.94883e+007	5.97336e+006	1.29728e+006	
   1555.45	   3259.09	       530	4.98321e+006	7.98975e+006	2.71774e+008	3.57877e+007	2.43362e+007	3.97826e+007	1.94883e+007	5.97027e+006	1.29656e+006	
   1575.45	    3259.1	       530	4.98335e+006	7.98997e+006	2.71782e+008	3.57887e+007	2.43368e+007	3.97832e+007	1.94882e+007	5.96719e+006	1.29584e+006	
   1595.45	   3259.12	       530	4.98349e+006	7.9902e+006	2.7179e+008	3.57897e+007	2.43375e+007	3.97838e+007	1.94881e+007	5.9641e+006	1.29512e+006	
   1615.45	   3259.13	       530	4.98363e+006	7.99043e+006	2.71797e+008	3.57907e+007	2.43381e+007	3.97845e+007	1.9488e+007	5.96101e+006	1.2944e+006	
   1635.45	   3259.14	       530	4.98377e+006	7.99065e+006	2.71805e+008	3.57917e+007	2.43387e+007	3.97851e+007	1.94879e+007	5.95792e+006	1.29368e+006	
   1655.45	   3259.15	       530	4.98391e+006	7.99088e+006	2.71813e+008	3.57926e+007	2.43394e+007	3.97857e+007	1.94878e+007	5.95483e+006	1.29296e+006	
   1675.45	   3259.17	       530	4.98405e+006	7.9911e+006	2.7182e+008	3.57936e+007	2.434e+007	3.97863e+007	1.94877e+007	5.95174e+006	1.29224e+006	
   1695.45	   3259.18	       530	4.98419e+006	7.99133e+006	2.71828e+008	3.57946e+007	2.43407e+007	3.97869e+007	1.94876e+007	5.94866e+006	1.29152e+006	
   1715.45	   3259.19	       530	4.98433e+006	7.99155e+006	2.71836e+008	3.57956e+007	2.43413e+007	3.97875e+007	1.94875e+007	5.94557e+006	1.2908e+006	
   1735.45	    3259.2	       530	4.98447e+006	7.99178e+006	2.71843e+008	3.57966e+007	2.43419e+007	3.97881e+007	1.94874e+007	5.94248e+006	1.29008e+006	
   1755.45	   3259.21	       530	4.98461e+006	7.992e+006	2.71851e+008	3.57976e+007	2.43426e+007	3.97887e+007	1.94873e+007	5.93939e+006	1.28936e+006	
   1775.45	   3259.22	       530	4.98474e+006	7.99223e+006	2.71858e+008	3.57986e+007	2.43432e+007	3.97893e+007	1.94872e+007	5.9363e+006	1.28864e+006	
   1795.45	   3259.22	       530	4.98488e+006	7.99245e+006	2.71866e+008	3.57996e+007	2.43439e+007	3.97899e+007	1.94871e+007	5.93321e+006	1.28792e+006	
   1815.45	   3259.23	       530	4.98502e+006	7.99267e+006	2.71874e+008	3.58005e+007	2.43445e+007	3.97905e+007	1.94869e+007	5.93012e+006	1.2872e+006	
   1835.45	   3259.24	       530	4.98516e+006	7.9929e+006	2.71881e+008	3.58015e+007	2.43451e+007	3.97911e+007	1.94868e+007	5.92703e+006	1.28648e+006	
   1855.45	   3259.25	       530	4.9853e+006	7.99312e+006	2.71889e+008	3.58025e+007	2.43458e+007	3.97917e+007	1.94867e+007	5.92394e+006	1.28576e+006	
   1875.45	   3259.26	       530	4.98543e+006	7.99334e+006	2.71896e+008	3.58035e+007	2.43464e+007	3.97923e+007	1.94866e+007	5.92085e+006	1.28504e+006	
   1895.45	   3259.27	       530	4.98557e+006	7.99356e+006	2.71904e+008	3.58045e+007	2.4347e+007	3.97929e+007	1.94865e+007	5.91775e+006	1.28432e+006	
   1915.45	   3259.27	       530	4.98571e+006	7.99379e+006	2.71911e+008	3.58054e+007	2.43477e+007	3.97935e+007	1.94864e+007	5.91466e+006	1.2836e+006	
   1935.45	   3259.28	       530	4.98585e+006	7.99401e+006	2.71919e+008	3.58064e+007	2.43483e+007	3.97941e+007	1.94863e+007	5.91157e+006	1.28288e+006	
   1955.45	   3259.29	       530	4.98598e+006	7.99423e+006	2.71926e+008	3.58074e+007	2.43489e+007	3.97946e+007	1.94862e+007	5.90848e+006	1.28216e+006	
   1975.45	   3259.29	       530	4.98612e+006	7.99445e+006	2.71934e+008	3.58084e+007	2.43495e+007	3.97952e+007	1.94861e+007	5.90539e+006	1.28144e+006	
   1995.45	    3259.3	       530	4.98626e+006	7.99467e+006	2.71942e+008	3.58093e+007	2.43502e+007	3.97958e+007	1.9486e+007	5.9023e+006	1.28072e+006	
      2000	    3259.3	       530	4.98629e+006	7.99472e+006	2.71943e+008	3.58096e+007	2.43503e+007	3.9796e+007	1.9486e+007	5.90159e+006	1.28055e+006	
