
 Simulation Finished Successfully 


 -------------------------- Performance Report -------------------------- 


 ------------ Mass Balance Error Report ------------- 

 OCIP     :	6616.87	4411.24	5514.06	11028.1	42061.5	

 Residual :	201.012	236.521	301.446	602.917	341061	
 Facilty  :	6416.42	4174.78	5212.66	10425.3	2.55179e+006	
 Facilty  :	0	0	0	0	-2.85083e+006	

 MB_Error :	-0.562972	-0.0598703	-0.0540948	-0.114423	34.3893	
 Rel_Error:	0.00850814%	0.00135722%	0.000981035%	0.00103756%	0.0817594%	


 ---- Total EoS counters ----
 flash iters SSI    =       3850, flash iters Newton =          0
 Stab. iters SSI    =       8963, Stab. iters Newton =          0

 No of Satb for Oil =  1499, No of Satb for gas =   308, No of flash =   618
 time of Satb for Oil =     0, time of Satb for gas =     0, time for flash =     0



Statistics of bypass stability analysis:
Total No:				 1049
Bypass No:				 0
Failed Pressure No:	 0
Failed Composition  No: 0

 Variable Type : -----------------  Natural Variables
 Number of Implicit levels: ------        1
                    ImpVar --- TransImpLvl --- CFL_Limit --- Percent
       Scheme 0 :     5             5             1           100%

 Linear solver choice : ----------        5
 Preconditioner choice : ---------       11
 Linear solver Tolerance : -------   0.0001

 Total running time: -------------        0 sec  ( -2147483648 % )
   -Initialization time: ---------        0 sec  ( -2147483648 % )
   -Property Calc  time: ---------    0.048 sec  ( -2147483648 % )
   -Linearization  time: ---------    0.128 sec  ( -2147483648 % )
   -Newton Update  time: ---------        0 sec  ( -2147483648 % )
   -Solver running time: ---------     0.11 sec  ( -2147483648 % )
      --(B)ILU Pre fac time: -----    0.156 sec  ( -2147483648 % )
      --(B)ILU Pre slv time: -----        0 sec  ( -2147483648 % )
      --Pres dcpl time: ----------        0 sec  ( -2147483648 % )
      --Pres slv time: -----------        0 sec  ( -2147483648 % )
   -Timestep Calc  time: ---------        0 sec  ( -2147483648 % )
   -CFL No.  Calc  time: ---------        0 sec  ( -2147483648 % )


 Compositional simulation only:
 Initialization time for reservoir: ---------        0 sec
 Phase equilibrium running time: ------------        0 sec


 No. of timesteps: ---------------       71

 No. of Newton Iters : -----------      384
 No. of Waste Newton Iters : -----        0

 No. of Solver Iters : -----------     1320
 No. of Waste Solver Iters : -----        0

 No. of Pres slvr iters : --------        0
 No. of Waste Pres slvr iters: ---        0

 Total elapsed = 0, steps = 71, Newton = 384, linear = 1320

