Results for well: RES1_INJ.out in the reservoir: RES1_INJ.out

time	BHP	Temp	q(Gas)	q(Oil)	 q(Water)
days	psi	F	Mscf/d	stb/d	stb/d
0         	0         	-         	0         	0         	0         	
0.001     	5000      	160       	0         	0         	-635638   	
0.101     	5000      	160       	0         	0         	-533986   	
0.229559  	5000      	160       	0         	0         	-471900   	
0.446055  	5000      	160       	0         	0         	-412520   	
0.843037  	5000      	160       	0         	0         	-353727   	
1.61866   	5000      	160       	0         	0         	-293898   	
3.19669   	5000      	160       	0         	0         	-230437   	
5.98433   	5000      	160       	0         	0         	-189115   	
10.7283   	5000      	160       	0         	0         	-192530   	
19.1586   	5000      	160       	0         	0         	-221418   	
29.1586   	5000      	160       	0         	0         	-245988   	
39.1586   	5000      	160       	0         	0         	-255262   	
49.1586   	5000      	160       	0         	0         	-267772   	
59.1586   	5000      	160       	0         	0         	-276968   	
69.1586   	5000      	160       	0         	0         	-284337   	
79.1586   	5000      	160       	0         	0         	-288510   	
89.1586   	5000      	160       	0         	0         	-290408   	
99.1586   	5000      	160       	0         	0         	-292094   	
109.159   	5000      	160       	0         	0         	-292783   	
119.159   	5000      	160       	0         	0         	-292792   	
129.159   	5000      	160       	0         	0         	-292876   	
139.159   	5000      	160       	0         	0         	-293284   	
149.159   	5000      	160       	0         	0         	-293143   	
159.159   	5000      	160       	0         	0         	-292715   	
169.159   	5000      	160       	0         	0         	-292782   	
179.159   	5000      	160       	0         	0         	-293008   	
189.159   	5000      	160       	0         	0         	-292897   	
199.159   	5000      	160       	0         	0         	-292686   	
209.159   	5000      	160       	0         	0         	-292647   	
219.159   	5000      	160       	0         	0         	-292364   	
229.159   	5000      	160       	0         	0         	-292381   	
239.159   	5000      	160       	0         	0         	-292346   	
249.159   	5000      	160       	0         	0         	-292401   	
259.159   	5000      	160       	0         	0         	-292288   	
269.159   	5000      	160       	0         	0         	-292262   	
279.159   	5000      	160       	0         	0         	-292509   	
289.159   	5000      	160       	0         	0         	-292676   	
299.159   	5000      	160       	0         	0         	-292756   	
309.159   	5000      	160       	0         	0         	-293134   	
319.159   	5000      	160       	0         	0         	-293408   	
329.159   	5000      	160       	0         	0         	-293561   	
339.159   	5000      	160       	0         	0         	-293532   	
349.159   	5000      	160       	0         	0         	-293504   	
359.159   	5000      	160       	0         	0         	-293640   	
369.159   	5000      	160       	0         	0         	-293822   	
379.159   	5000      	160       	0         	0         	-293978   	
389.159   	5000      	160       	0         	0         	-294113   	
399.159   	5000      	160       	0         	0         	-294180   	
409.159   	5000      	160       	0         	0         	-294192   	
419.159   	5000      	160       	0         	0         	-294340   	
429.159   	5000      	160       	0         	0         	-294536   	
439.159   	5000      	160       	0         	0         	-294644   	
449.159   	5000      	160       	0         	0         	-294704   	
459.159   	5000      	160       	0         	0         	-294823   	
469.159   	5000      	160       	0         	0         	-294947   	
479.159   	5000      	160       	0         	0         	-295088   	
489.159   	5000      	160       	0         	0         	-295128   	
499.159   	5000      	160       	0         	0         	-295111   	
509.159   	5000      	160       	0         	0         	-295233   	
519.159   	5000      	160       	0         	0         	-295393   	
529.159   	5000      	160       	0         	0         	-295570   	
539.159   	5000      	160       	0         	0         	-295723   	
549.159   	5000      	160       	0         	0         	-295834   	
559.159   	5000      	160       	0         	0         	-295926   	
569.159   	5000      	160       	0         	0         	-296036   	
579.159   	5000      	160       	0         	0         	-296161   	
589.159   	5000      	160       	0         	0         	-296225   	
599.159   	5000      	160       	0         	0         	-296269   	
609.159   	5000      	160       	0         	0         	-296198   	
619.159   	5000      	160       	0         	0         	-296096   	
629.159   	5000      	160       	0         	0         	-296107   	
639.159   	5000      	160       	0         	0         	-296152   	
649.159   	5000      	160       	0         	0         	-296224   	
659.159   	5000      	160       	0         	0         	-296313   	
669.159   	5000      	160       	0         	0         	-296396   	
679.159   	5000      	160       	0         	0         	-296471   	
689.159   	5000      	160       	0         	0         	-296544   	
699.159   	5000      	160       	0         	0         	-296599   	
709.159   	5000      	160       	0         	0         	-296671   	
719.159   	5000      	160       	0         	0         	-296842   	
729.159   	5000      	160       	0         	0         	-296992   	
730       	5000      	160       	0         	0         	-297007   	
731       	5000      	60        	-28005.8  	0         	0         	
732       	5000      	60        	-26755.7  	0         	0         	
733       	5000      	60        	-27438.6  	0         	0         	
734       	5000      	60        	-30976    	0         	0         	
735       	5000      	60        	-36855.1  	0         	0         	
736       	5000      	60        	-42095.4  	0         	0         	
737       	5000      	60        	-46526.6  	0         	0         	
738       	5000      	60        	-50040    	0         	0         	
739       	5000      	60        	-53280.9  	0         	0         	
740       	5000      	60        	-56559.6  	0         	0         	
741       	5000      	60        	-59136.2  	0         	0         	
742       	5000      	60        	-61090.6  	0         	0         	
743       	5000      	60        	-57343.4  	0         	0         	
743.448   	5000      	60        	-58338.9  	0         	0         	
744.448   	5000      	60        	-59615.4  	0         	0         	
745.448   	5000      	60        	-60347.1  	0         	0         	
746.448   	5000      	60        	-60772.6  	0         	0         	
747.448   	5000      	60        	-61111.9  	0         	0         	
748.448   	5000      	60        	-61375.4  	0         	0         	
749.448   	5000      	60        	-61510.7  	0         	0         	
750.448   	5000      	60        	-61520.4  	0         	0         	
751.448   	5000      	60        	-61429.5  	0         	0         	
752.448   	5000      	60        	-61277.5  	0         	0         	
753.448   	5000      	60        	-61066.9  	0         	0         	
754.448   	5000      	60        	-60801.6  	0         	0         	
755.448   	5000      	60        	-60539.6  	0         	0         	
756.448   	5000      	60        	-60291.3  	0         	0         	
757.448   	5000      	60        	-60045.9  	0         	0         	
758.448   	5000      	60        	-59824.1  	0         	0         	
759.448   	5000      	60        	-59607.5  	0         	0         	
760.448   	5000      	60        	-59390.9  	0         	0         	
761.448   	5000      	60        	-59171.1  	0         	0         	
762.448   	5000      	60        	-58951.7  	0         	0         	
763.448   	5000      	60        	-58169.9  	0         	0         	
763.878   	5000      	60        	-58003.7  	0         	0         	
764.878   	5000      	60        	-57820.7  	0         	0         	
765.878   	5000      	60        	-57671.9  	0         	0         	
766.878   	5000      	60        	-57538    	0         	0         	
767.878   	5000      	60        	-57420.7  	0         	0         	
768.878   	5000      	60        	-57310    	0         	0         	
769.878   	5000      	60        	-57208.9  	0         	0         	
770.878   	5000      	60        	-57117.3  	0         	0         	
771.878   	5000      	60        	-57031.7  	0         	0         	
772.878   	5000      	60        	-56998.8  	0         	0         	
773.878   	5000      	60        	-57091.5  	0         	0         	
774.878   	5000      	60        	-57153.5  	0         	0         	
775.878   	5000      	60        	-57199.9  	0         	0         	
776.878   	5000      	60        	-57236.9  	0         	0         	
777.878   	5000      	60        	-57269.1  	0         	0         	
778.878   	5000      	60        	-57298.9  	0         	0         	
779.878   	5000      	60        	-57329.6  	0         	0         	
780.878   	5000      	60        	-57368.6  	0         	0         	
781.878   	5000      	60        	-57412.3  	0         	0         	
782.878   	5000      	60        	-57457.3  	0         	0         	
783.878   	5000      	60        	-57501.6  	0         	0         	
784.878   	5000      	60        	-57553.8  	0         	0         	
785.878   	5000      	60        	-57603.5  	0         	0         	
786.878   	5000      	60        	-57652.9  	0         	0         	
787.878   	5000      	60        	-57695.6  	0         	0         	
788.878   	5000      	60        	-57740.2  	0         	0         	
789.878   	5000      	60        	-57787.2  	0         	0         	
790.878   	5000      	60        	-57836.1  	0         	0         	
791.878   	5000      	60        	-57726.2  	0         	0         	
792.291   	5000      	60        	-57713.3  	0         	0         	
793.291   	5000      	60        	-57753.1  	0         	0         	
794.291   	5000      	60        	-57815.1  	0         	0         	
795.291   	5000      	60        	-57884.2  	0         	0         	
796.291   	5000      	60        	-57958    	0         	0         	
797.291   	5000      	60        	-58035.9  	0         	0         	
798.291   	5000      	60        	-57880.4  	0         	0         	
798.701   	5000      	60        	-57852.8  	0         	0         	
799.701   	5000      	60        	-57893.8  	0         	0         	
800.701   	5000      	60        	-57979.6  	0         	0         	
801.701   	5000      	60        	-58077.5  	0         	0         	
802.701   	5000      	60        	-58177.4  	0         	0         	
803.701   	5000      	60        	-58276.1  	0         	0         	
804.701   	5000      	60        	-58373    	0         	0         	
805.701   	5000      	60        	-58468.6  	0         	0         	
806.701   	5000      	60        	-58562.8  	0         	0         	
807.701   	5000      	60        	-58654    	0         	0         	
808.701   	5000      	60        	-58743.7  	0         	0         	
809.701   	5000      	60        	-58831.5  	0         	0         	
810.701   	5000      	60        	-58917.7  	0         	0         	
811.701   	5000      	60        	-59005.2  	0         	0         	
812.701   	5000      	60        	-59093.2  	0         	0         	
813.701   	5000      	60        	-59182    	0         	0         	
814.701   	5000      	60        	-59270.9  	0         	0         	
815.701   	5000      	60        	-59362.2  	0         	0         	
816.701   	5000      	60        	-59456.6  	0         	0         	
817.701   	5000      	60        	-59551.3  	0         	0         	
818.701   	5000      	60        	-59645.2  	0         	0         	
819.701   	5000      	60        	-59737.7  	0         	0         	
820.701   	5000      	60        	-59828.1  	0         	0         	
821.701   	5000      	60        	-59918    	0         	0         	
822.701   	5000      	60        	-60007.3  	0         	0         	
823.701   	5000      	60        	-60095.9  	0         	0         	
824.701   	5000      	60        	-60183.7  	0         	0         	
825.701   	5000      	60        	-60090.5  	0         	0         	
826.13    	5000      	60        	-60125.8  	0         	0         	
827.13    	5000      	60        	-60224.5  	0         	0         	
828.13    	5000      	60        	-60322.3  	0         	0         	
829.13    	5000      	60        	-60418.1  	0         	0         	
830       	5000      	60        	-60499.5  	0         	0         	
832.555   	5000      	160       	0         	0         	-296651   	
833.574   	5000      	160       	0         	0         	-267218   	
835.677   	5000      	160       	0         	0         	-230407   	
839.624   	5000      	160       	0         	0         	-239045   	
846.716   	5000      	160       	0         	0         	-277032   	
856.716   	5000      	160       	0         	0         	-321598   	
866.716   	5000      	160       	0         	0         	-357154   	
876.716   	5000      	160       	0         	0         	-379261   	
886.716   	5000      	160       	0         	0         	-394473   	
896.716   	5000      	160       	0         	0         	-406546   	
906.716   	5000      	160       	0         	0         	-414831   	
916.716   	5000      	160       	0         	0         	-422566   	
926.716   	5000      	160       	0         	0         	-429573   	
936.716   	5000      	160       	0         	0         	-434091   	
946.716   	5000      	160       	0         	0         	-436409   	
956.716   	5000      	160       	0         	0         	-437883   	
966.716   	5000      	160       	0         	0         	-438792   	
976.716   	5000      	160       	0         	0         	-439227   	
986.716   	5000      	160       	0         	0         	-439159   	
996.716   	5000      	160       	0         	0         	-438848   	
1006.72   	5000      	160       	0         	0         	-438618   	
1016.72   	5000      	160       	0         	0         	-438408   	
1026.72   	5000      	160       	0         	0         	-438251   	
1036.72   	5000      	160       	0         	0         	-438176   	
1046.72   	5000      	160       	0         	0         	-438423   	
1056.72   	5000      	160       	0         	0         	-438946   	
1066.72   	5000      	160       	0         	0         	-439798   	
1076.72   	5000      	160       	0         	0         	-440863   	
1086.72   	5000      	160       	0         	0         	-441967   	
1096.72   	5000      	160       	0         	0         	-442999   	
1106.72   	5000      	160       	0         	0         	-443888   	
1116.72   	5000      	160       	0         	0         	-444639   	
1126.72   	5000      	160       	0         	0         	-445589   	
1136.72   	5000      	160       	0         	0         	-446592   	
1146.72   	5000      	160       	0         	0         	-447483   	
1156.72   	5000      	160       	0         	0         	-448251   	
1166.72   	5000      	160       	0         	0         	-448928   	
1176.72   	5000      	160       	0         	0         	-449559   	
1186.72   	5000      	160       	0         	0         	-449993   	
1196.72   	5000      	160       	0         	0         	-450134   	
1206.72   	5000      	160       	0         	0         	-450030   	
1216.72   	5000      	160       	0         	0         	-449747   	
1226.72   	5000      	160       	0         	0         	-449247   	
1236.72   	5000      	160       	0         	0         	-448526   	
1246.72   	5000      	160       	0         	0         	-447579   	
1256.72   	5000      	160       	0         	0         	-446479   	
1266.72   	5000      	160       	0         	0         	-445229   	
1276.72   	5000      	160       	0         	0         	-443834   	
1286.72   	5000      	160       	0         	0         	-442378   	
1296.72   	5000      	160       	0         	0         	-440854   	
1306.72   	5000      	160       	0         	0         	-439124   	
1316.72   	5000      	160       	0         	0         	-437284   	
1326.72   	5000      	160       	0         	0         	-435361   	
1336.72   	5000      	160       	0         	0         	-433279   	
1346.72   	5000      	160       	0         	0         	-430979   	
1356.72   	5000      	160       	0         	0         	-428462   	
1366.72   	5000      	160       	0         	0         	-425735   	
1376.72   	5000      	160       	0         	0         	-422870   	
1386.72   	5000      	160       	0         	0         	-419829   	
1396.72   	5000      	160       	0         	0         	-416421   	
1406.72   	5000      	160       	0         	0         	-412534   	
1416.72   	5000      	160       	0         	0         	-408113   	
1426.72   	5000      	160       	0         	0         	-402597   	
1436.72   	5000      	160       	0         	0         	-395305   	
1446.72   	5000      	160       	0         	0         	-385566   	
1456.72   	5000      	160       	0         	0         	-373367   	
1466.72   	5000      	160       	0         	0         	-358391   	
1476.72   	5000      	160       	0         	0         	-341410   	
1486.72   	5000      	160       	0         	0         	-324870   	
1496.72   	5000      	160       	0         	0         	-309509   	
1506.72   	5000      	160       	0         	0         	-295567   	
1516.72   	5000      	160       	0         	0         	-283706   	
1526.72   	5000      	160       	0         	0         	-274964   	
1536.72   	5000      	160       	0         	0         	-268751   	
1546.72   	5000      	160       	0         	0         	-264332   	
1556.72   	5000      	160       	0         	0         	-261182   	
1560      	5000      	160       	0         	0         	-260273   	
1560.5    	5000      	60        	-29559.2  	0         	0         	
1561.5    	5000      	60        	-26400.2  	0         	0         	
1562.5    	5000      	60        	-24117.1  	0         	0         	
1563.5    	5000      	60        	-22314.9  	0         	0         	
1564.5    	5000      	60        	-20823.5  	0         	0         	
1565.5    	5000      	60        	-20183.1  	0         	0         	
1566.5    	5000      	60        	-19546.2  	0         	0         	
1567.5    	5000      	60        	-18975.6  	0         	0         	
1568.5    	5000      	60        	-19979.1  	0         	0         	
1569.5    	5000      	60        	-20767.2  	0         	0         	
1570.5    	5000      	60        	-21401.4  	0         	0         	
1571.5    	5000      	60        	-21916.1  	0         	0         	
1572.5    	5000      	60        	-23039.1  	0         	0         	
1573.5    	5000      	60        	-24472.7  	0         	0         	
1574.5    	5000      	60        	-25588.9  	0         	0         	
1575.5    	5000      	60        	-26466.9  	0         	0         	
1576.5    	5000      	60        	-27166.1  	0         	0         	
1577.5    	5000      	60        	-27718.9  	0         	0         	
1578.5    	5000      	60        	-28157.6  	0         	0         	
1579.5    	5000      	60        	-28505.8  	0         	0         	
1580.5    	5000      	60        	-28796.6  	0         	0         	
1581.5    	5000      	60        	-29037.5  	0         	0         	
1582.5    	5000      	60        	-29427.1  	0         	0         	
1583.5    	5000      	60        	-29932.3  	0         	0         	
1584.5    	5000      	60        	-30344.5  	0         	0         	
1585.5    	5000      	60        	-30686.2  	0         	0         	
1586.5    	5000      	60        	-30970.1  	0         	0         	
1587.5    	5000      	60        	-31204.4  	0         	0         	
1588.5    	5000      	60        	-31450.9  	0         	0         	
1589.5    	5000      	60        	-31705.3  	0         	0         	
1590.5    	5000      	60        	-31933.1  	0         	0         	
1591.5    	5000      	60        	-32127.2  	0         	0         	
1592.5    	5000      	60        	-32280    	0         	0         	
1593.5    	5000      	60        	-32406.6  	0         	0         	
1594.5    	5000      	60        	-32506.4  	0         	0         	
1595.5    	5000      	60        	-32582    	0         	0         	
1596.5    	5000      	60        	-32641.7  	0         	0         	
1597.5    	5000      	60        	-32749.2  	0         	0         	
1598.5    	5000      	60        	-32843.5  	0         	0         	
1599.5    	5000      	60        	-32911.7  	0         	0         	
1600.5    	5000      	60        	-32961.4  	0         	0         	
1601.5    	5000      	60        	-32992.2  	0         	0         	
1602.5    	5000      	60        	-33008.6  	0         	0         	
1603.5    	5000      	60        	-33016.8  	0         	0         	
1604.5    	5000      	60        	-33015.6  	0         	0         	
1605.5    	5000      	60        	-33000.3  	0         	0         	
1606.5    	5000      	60        	-32972.9  	0         	0         	
1607.5    	5000      	60        	-32935.4  	0         	0         	
1608.5    	5000      	60        	-32895.4  	0         	0         	
1609.5    	5000      	60        	-32860.2  	0         	0         	
1610.5    	5000      	60        	-32823    	0         	0         	
1611.5    	5000      	60        	-32781.2  	0         	0         	
1612.5    	5000      	60        	-32737.7  	0         	0         	
1613.5    	5000      	60        	-32735.1  	0         	0         	
1614.5    	5000      	60        	-32711.8  	0         	0         	
1615.5    	5000      	60        	-32692.5  	0         	0         	
1616.5    	5000      	60        	-32672.1  	0         	0         	
1617.5    	5000      	60        	-32648.9  	0         	0         	
1618.5    	5000      	60        	-32624.1  	0         	0         	
1619.5    	5000      	60        	-32599    	0         	0         	
1620.5    	5000      	60        	-32592.2  	0         	0         	
1621.5    	5000      	60        	-32585.4  	0         	0         	
1622.5    	5000      	60        	-32578.1  	0         	0         	
1623.5    	5000      	60        	-32569.1  	0         	0         	
1624.5    	5000      	60        	-32562.9  	0         	0         	
1625.5    	5000      	60        	-32555    	0         	0         	
1626.5    	5000      	60        	-32555.4  	0         	0         	
1627.5    	5000      	60        	-32556.6  	0         	0         	
1628.5    	5000      	60        	-32555.1  	0         	0         	
1629.5    	5000      	60        	-32550    	0         	0         	
1630.5    	5000      	60        	-32540.3  	0         	0         	
1631.5    	5000      	60        	-32525.8  	0         	0         	
1632.5    	5000      	60        	-32507.8  	0         	0         	
1633.5    	5000      	60        	-32486.7  	0         	0         	
1634.5    	5000      	60        	-32463    	0         	0         	
1635.5    	5000      	60        	-32445.2  	0         	0         	
1636.5    	5000      	60        	-32432.6  	0         	0         	
1637.5    	5000      	60        	-32431.4  	0         	0         	
1638.5    	5000      	60        	-32456.4  	0         	0         	
1639.5    	5000      	60        	-32526.2  	0         	0         	
1640.5    	5000      	60        	-32582.8  	0         	0         	
1641.5    	5000      	60        	-32634.5  	0         	0         	
1642.5    	5000      	60        	-32681.8  	0         	0         	
1643.5    	5000      	60        	-32727.2  	0         	0         	
1644.5    	5000      	60        	-32769.7  	0         	0         	
1645.5    	5000      	60        	-32799.3  	0         	0         	
1646.5    	5000      	60        	-32829.5  	0         	0         	
1647.5    	5000      	60        	-32861    	0         	0         	
1648.5    	5000      	60        	-32888.8  	0         	0         	
1649.5    	5000      	60        	-32916.7  	0         	0         	
1650.5    	5000      	60        	-32951    	0         	0         	
1651.5    	5000      	60        	-32987.1  	0         	0         	
1652.5    	5000      	60        	-33021    	0         	0         	
1653.5    	5000      	60        	-33050.8  	0         	0         	
1654.5    	5000      	60        	-33076    	0         	0         	
1655.5    	5000      	60        	-33097.3  	0         	0         	
1656.5    	5000      	60        	-33115.2  	0         	0         	
1657.5    	5000      	60        	-33130    	0         	0         	
1658.5    	5000      	60        	-33141.7  	0         	0         	
1659.5    	5000      	60        	-33150.8  	0         	0         	
1660      	5000      	60        	-33155.5  	0         	0         	
1661.47   	5000      	160       	0         	0         	-200839   	
1664.25   	5000      	160       	0         	0         	-161018   	
1668.9    	5000      	160       	0         	0         	-141880   	
1676.9    	5000      	160       	0         	0         	-147634   	
1686.9    	5000      	160       	0         	0         	-158746   	
1696.9    	5000      	160       	0         	0         	-179798   	
1706.9    	5000      	160       	0         	0         	-193296   	
1716.9    	5000      	160       	0         	0         	-204311   	
1726.9    	5000      	160       	0         	0         	-212852   	
1736.9    	5000      	160       	0         	0         	-221791   	
1746.9    	5000      	160       	0         	0         	-229356   	
1756.9    	5000      	160       	0         	0         	-235403   	
1766.9    	5000      	160       	0         	0         	-239756   	
1776.9    	5000      	160       	0         	0         	-242425   	
1786.9    	5000      	160       	0         	0         	-244441   	
1796.9    	5000      	160       	0         	0         	-246455   	
1802.34   	5000      	160       	0         	0         	-247476   	
1812.34   	5000      	160       	0         	0         	-249158   	
1822.34   	5000      	160       	0         	0         	-250889   	
1832.34   	5000      	160       	0         	0         	-252720   	
1842.34   	5000      	160       	0         	0         	-254637   	
1852.34   	5000      	160       	0         	0         	-256794   	
1858.15   	5000      	160       	0         	0         	-257906   	
1868.15   	5000      	160       	0         	0         	-259766   	
1878.15   	5000      	160       	0         	0         	-261661   	
1888.15   	5000      	160       	0         	0         	-263486   	
1898.15   	5000      	160       	0         	0         	-265300   	
1908.15   	5000      	160       	0         	0         	-267086   	
1918.15   	5000      	160       	0         	0         	-268853   	
1928.15   	5000      	160       	0         	0         	-270556   	
1938.15   	5000      	160       	0         	0         	-272766   	
1944.41   	5000      	160       	0         	0         	-273827   	
1954.41   	5000      	160       	0         	0         	-275460   	
1964.41   	5000      	160       	0         	0         	-277072   	
1974.41   	5000      	160       	0         	0         	-278646   	
1984.41   	5000      	160       	0         	0         	-280172   	
1994.41   	5000      	160       	0         	0         	-281647   	
2004.41   	5000      	160       	0         	0         	-283033   	
2014.41   	5000      	160       	0         	0         	-284296   	
2024.41   	5000      	160       	0         	0         	-285413   	
2034.41   	5000      	160       	0         	0         	-286376   	
2044.41   	5000      	160       	0         	0         	-287169   	
2054.41   	5000      	160       	0         	0         	-287733   	
2064.41   	5000      	160       	0         	0         	-288049   	
2074.41   	5000      	160       	0         	0         	-288106   	
2084.41   	5000      	160       	0         	0         	-287714   	
2094.41   	5000      	160       	0         	0         	-287139   	
2104.41   	5000      	160       	0         	0         	-286457   	
2114.41   	5000      	160       	0         	0         	-285701   	
2124.41   	5000      	160       	0         	0         	-284856   	
2134.41   	5000      	160       	0         	0         	-283920   	
2144.41   	5000      	160       	0         	0         	-282888   	
2154.41   	5000      	160       	0         	0         	-281766   	
2164.41   	5000      	160       	0         	0         	-280551   	
2174.41   	5000      	160       	0         	0         	-279232   	
2184.41   	5000      	160       	0         	0         	-278196   	
2194.41   	5000      	160       	0         	0         	-277648   	
2204.41   	5000      	160       	0         	0         	-277519   	
2214.41   	5000      	160       	0         	0         	-277709   	
2224.41   	5000      	160       	0         	0         	-278099   	
2234.41   	5000      	160       	0         	0         	-278626   	
2244.41   	5000      	160       	0         	0         	-279251   	
2254.41   	5000      	160       	0         	0         	-279941   	
2264.41   	5000      	160       	0         	0         	-280657   	
2274.41   	5000      	160       	0         	0         	-281378   	
2284.41   	5000      	160       	0         	0         	-282108   	
2294.41   	5000      	160       	0         	0         	-282850   	
2304.41   	5000      	160       	0         	0         	-283584   	
2314.41   	5000      	160       	0         	0         	-284300   	
2324.41   	5000      	160       	0         	0         	-284990   	
2334.41   	5000      	160       	0         	0         	-285651   	
2344.41   	5000      	160       	0         	0         	-286279   	
2354.41   	5000      	160       	0         	0         	-286874   	
2364.41   	5000      	160       	0         	0         	-287437   	
2374.41   	5000      	160       	0         	0         	-287969   	
2384.41   	5000      	160       	0         	0         	-288472   	
2390      	5000      	160       	0         	0         	-288744   	
2390.5    	5000      	60        	-32308    	0         	0         	
2391.5    	5000      	60        	-28639.2  	0         	0         	
2392.5    	5000      	60        	-25961.8  	0         	0         	
2393.5    	5000      	60        	-23847.5  	0         	0         	
2394.5    	5000      	60        	-22588.7  	0         	0         	
2395.5    	5000      	60        	-21778.8  	0         	0         	
2396.5    	5000      	60        	-21002.6  	0         	0         	
2397.5    	5000      	60        	-21994.1  	0         	0         	
2398.5    	5000      	60        	-22938    	0         	0         	
2399.5    	5000      	60        	-23689.6  	0         	0         	
2400.5    	5000      	60        	-24296.3  	0         	0         	
2401.5    	5000      	60        	-25820    	0         	0         	
2402.5    	5000      	60        	-27472.1  	0         	0         	
2403.5    	5000      	60        	-28751.4  	0         	0         	
2404.5    	5000      	60        	-29754.9  	0         	0         	
2405.5    	5000      	60        	-30550.5  	0         	0         	
2406.5    	5000      	60        	-31185    	0         	0         	
2407.5    	5000      	60        	-31690.6  	0         	0         	
2408.5    	5000      	60        	-32090.9  	0         	0         	
2409.5    	5000      	60        	-32423.2  	0         	0         	
2410.5    	5000      	60        	-32830.8  	0         	0         	
2411.5    	5000      	60        	-33506.6  	0         	0         	
2412.5    	5000      	60        	-34054.7  	0         	0         	
2413.5    	5000      	60        	-34508.2  	0         	0         	
2414.5    	5000      	60        	-34884.7  	0         	0         	
2415.5    	5000      	60        	-35249.1  	0         	0         	
2416.5    	5000      	60        	-35624.8  	0         	0         	
2417.5    	5000      	60        	-35967.1  	0         	0         	
2418.5    	5000      	60        	-36256.4  	0         	0         	
2419.5    	5000      	60        	-36501.1  	0         	0         	
2420.5    	5000      	60        	-36708.2  	0         	0         	
2421.5    	5000      	60        	-36877.8  	0         	0         	
2422.5    	5000      	60        	-37012.6  	0         	0         	
2423.5    	5000      	60        	-37168.5  	0         	0         	
2424.5    	5000      	60        	-37336    	0         	0         	
2425.5    	5000      	60        	-37478.1  	0         	0         	
2426.5    	5000      	60        	-37582.5  	0         	0         	
2427.5    	5000      	60        	-37657.8  	0         	0         	
2428.5    	5000      	60        	-37709.8  	0         	0         	
2429.5    	5000      	60        	-37747.4  	0         	0         	
2430.5    	5000      	60        	-37767.6  	0         	0         	
2431.5    	5000      	60        	-37773.7  	0         	0         	
2432.5    	5000      	60        	-37765.1  	0         	0         	
2433.5    	5000      	60        	-37742.6  	0         	0         	
2434.5    	5000      	60        	-37707.9  	0         	0         	
2435.5    	5000      	60        	-37681.5  	0         	0         	
2436.5    	5000      	60        	-37658.5  	0         	0         	
2437.5    	5000      	60        	-37623    	0         	0         	
2438.5    	5000      	60        	-37599.1  	0         	0         	
2439.5    	5000      	60        	-37585.1  	0         	0         	
2440.5    	5000      	60        	-37574.8  	0         	0         	
2441.5    	5000      	60        	-37554.6  	0         	0         	
2442.5    	5000      	60        	-37532.8  	0         	0         	
2443.5    	5000      	60        	-37506.9  	0         	0         	
2444.5    	5000      	60        	-37483.9  	0         	0         	
2445.5    	5000      	60        	-37460.6  	0         	0         	
2446.5    	5000      	60        	-37446.2  	0         	0         	
2447.5    	5000      	60        	-37436.7  	0         	0         	
2448.5    	5000      	60        	-37419.9  	0         	0         	
2449.5    	5000      	60        	-37395.2  	0         	0         	
2450.5    	5000      	60        	-37363.5  	0         	0         	
2451.5    	5000      	60        	-37330.6  	0         	0         	
2452.5    	5000      	60        	-37310.5  	0         	0         	
2453.5    	5000      	60        	-37296.9  	0         	0         	
2454.5    	5000      	60        	-37283    	0         	0         	
2455.5    	5000      	60        	-37265.9  	0         	0         	
2456.5    	5000      	60        	-37245    	0         	0         	
2457.5    	5000      	60        	-37220.6  	0         	0         	
2458.5    	5000      	60        	-37193    	0         	0         	
2459.5    	5000      	60        	-37171.7  	0         	0         	
2460.5    	5000      	60        	-37145.1  	0         	0         	
2461.5    	5000      	60        	-37118.3  	0         	0         	
2462.5    	5000      	60        	-37107    	0         	0         	
2463.5    	5000      	60        	-37108.8  	0         	0         	
2464.5    	5000      	60        	-37200.4  	0         	0         	
2465.5    	5000      	60        	-37274.4  	0         	0         	
2466.5    	5000      	60        	-37337.9  	0         	0         	
2467.5    	5000      	60        	-37395.6  	0         	0         	
2468.5    	5000      	60        	-37446.3  	0         	0         	
2469.5    	5000      	60        	-37490.3  	0         	0         	
2470.5    	5000      	60        	-37527.9  	0         	0         	
2471.5    	5000      	60        	-37559.5  	0         	0         	
2472.5    	5000      	60        	-37585.6  	0         	0         	
2473.5    	5000      	60        	-37606.9  	0         	0         	
2474.5    	5000      	60        	-37628.5  	0         	0         	
2475.5    	5000      	60        	-37645    	0         	0         	
2476.5    	5000      	60        	-37656.3  	0         	0         	
2477.5    	5000      	60        	-37677    	0         	0         	
2478.5    	5000      	60        	-37704.7  	0         	0         	
2479.5    	5000      	60        	-37732.8  	0         	0         	
2480.5    	5000      	60        	-37758.3  	0         	0         	
2481.5    	5000      	60        	-37781.1  	0         	0         	
2482.5    	5000      	60        	-37801.1  	0         	0         	
2483.5    	5000      	60        	-37818.1  	0         	0         	
2484.5    	5000      	60        	-37832.2  	0         	0         	
2485.5    	5000      	60        	-37846.5  	0         	0         	
2486.5    	5000      	60        	-37859.1  	0         	0         	
2487.5    	5000      	60        	-37870.4  	0         	0         	
2488.5    	5000      	60        	-37879.2  	0         	0         	
2489.5    	5000      	60        	-37885.8  	0         	0         	
2490      	5000      	60        	-37889.6  	0         	0         	
2491.46   	5000      	160       	0         	0         	-225428   	
2494.09   	5000      	160       	0         	0         	-179043   	
2498.43   	5000      	160       	0         	0         	-155251   	
2505.88   	5000      	160       	0         	0         	-162949   	
2515.88   	5000      	160       	0         	0         	-179943   	
2521.92   	5000      	160       	0         	0         	-196375   	
2531.92   	5000      	160       	0         	0         	-212146   	
2537.36   	5000      	160       	0         	0         	-220604   	
2547.36   	5000      	160       	0         	0         	-231776   	
2557.36   	5000      	160       	0         	0         	-243173   	
2567.36   	5000      	160       	0         	0         	-252850   	
2577.36   	5000      	160       	0         	0         	-260890   	
2582.66   	5000      	160       	0         	0         	-264665   	
2585.46   	5000      	160       	0         	0         	-266491   	
2593.36   	5000      	160       	0         	0         	-270320   	
2600      	5000      	160       	0         	0         	-272791   	
