Results for well: RES1_PROD.out in the reservoir: RES1_PROD.out

time	BHP	Temp	q(Gas)	q(Oil)	 q(Water)
days	psi	F	Mscf/d	stb/d	stb/d
0         	0         	-         	0         	0         	0         	
0.001     	3000      	60        	16639.8   	30043.7   	0.00526453	
0.101     	3000      	60        	14721.7   	26580.5   	0.149383  	
0.229559  	3000      	60        	13505.5   	24384.6   	0.219417  	
0.446055  	3000      	60        	12500.4   	22569.8   	0.265126  	
0.843037  	3000      	60        	11651.6   	21037.2   	0.295322  	
1.61866   	3000      	60        	10951.8   	19773.8   	0.314525  	
3.19669   	3000      	60        	10419     	18811.8   	0.325745  	
5.98433   	3000      	60        	9977.46   	18014.6   	0.332857  	
10.7283   	3000      	60        	9452.59   	17066.9   	0.338786  	
19.1586   	3000      	60.0001   	8837.43   	15956.2   	0.34232   	
29.1586   	3000      	60.0002   	8406.37   	15177.9   	0.342685  	
39.1586   	3000      	60.0004   	8132.43   	14683.3   	0.342078  	
49.1586   	3000      	60.0005   	7987.35   	14421.4   	0.341598  	
59.1586   	3000      	60.0007   	7933.43   	14324     	0.341552  	
69.1586   	3000      	60.0009   	7933.6    	14324.3   	0.341848  	
79.1586   	3000      	60.001    	7962.65   	14376.8   	0.342329  	
89.1586   	3000      	60.0012   	7995.39   	14435.9   	0.342824  	
99.1586   	3000      	60.0013   	8027.02   	14493     	0.343301  	
109.159   	3000      	60.0015   	8056.22   	14545.7   	0.343753  	
119.159   	3000      	60.0017   	8082.31   	14592.8   	0.34418   	
129.159   	3000      	60.0018   	8104.58   	14633.1   	0.344579  	
139.159   	3000      	60.002    	8130.73   	14680.3   	0.344991  	
149.159   	3000      	60.0021   	8151.21   	14717.2   	0.345369  	
159.159   	3000      	60.0022   	8161.3    	14735.4   	0.345694  	
169.159   	3000      	60.0024   	8165.61   	14743.2   	0.345991  	
179.159   	3000      	60.0025   	8165.84   	14743.6   	0.346268  	
189.159   	3000      	60.0027   	8159.79   	14732.7   	0.346516  	
199.159   	3000      	60.0028   	8150.85   	14716.6   	0.346749  	
209.159   	3000      	60.003    	8142.56   	14701.6   	0.346985  	
219.159   	3000      	60.0031   	8139.73   	14696.5   	0.347248  	
229.159   	3000      	60.0033   	8143.63   	14703.6   	0.347544  	
239.159   	3000      	60.0034   	8146.69   	14709.1   	0.347835  	
249.159   	3000      	60.0035   	8153.15   	14720.8   	0.348143  	
259.159   	3000      	60.0037   	8155.68   	14725.3   	0.348429  	
269.159   	3000      	60.0038   	8151.33   	14717.5   	0.348679  	
279.159   	3000      	60.0039   	8147.06   	14709.7   	0.348928  	
289.159   	3000      	60.0041   	8142.43   	14701.4   	0.349175  	
299.159   	3000      	60.0042   	8135.28   	14688.5   	0.349407  	
309.159   	3000      	60.0043   	8129.79   	14678.6   	0.349648  	
319.159   	3000      	60.0045   	8127.59   	14674.6   	0.349905  	
329.159   	3000      	60.0046   	8129.15   	14677.4   	0.350181  	
339.159   	3000      	60.0047   	8133.27   	14684.9   	0.350471  	
349.159   	3000      	60.0048   	8137.1    	14691.8   	0.350757  	
359.159   	3000      	60.005    	8142.26   	14701.1   	0.351048  	
369.159   	3000      	60.0051   	8146.48   	14708.7   	0.351332  	
379.159   	3000      	60.0052   	8147.69   	14710.9   	0.351597  	
389.159   	3000      	60.0053   	8147.54   	14710.6   	0.351854  	
399.159   	3000      	60.0054   	8145.19   	14706.4   	0.352096  	
409.159   	3000      	60.0055   	8141.61   	14699.9   	0.35233   	
419.159   	3000      	60.0056   	8139.62   	14696.3   	0.352571  	
429.159   	3000      	60.0057   	8138.15   	14693.7   	0.352814  	
439.159   	3000      	60.0058   	8137.21   	14692     	0.353057  	
449.159   	3000      	60.0059   	8141.82   	14700.3   	0.353331  	
459.159   	3000      	60.006    	8147.5    	14710.5   	0.353609  	
469.159   	3000      	60.0061   	8153.09   	14720.6   	0.353883  	
479.159   	3000      	60.0062   	8156.4    	14726.6   	0.354141  	
489.159   	3000      	60.0063   	8161.07   	14735     	0.354405  	
499.159   	3000      	60.0064   	8165.54   	14743.1   	0.354665  	
509.159   	3000      	60.0065   	8169.24   	14749.8   	0.354918  	
519.159   	3000      	60.0065   	8169.59   	14750.4   	0.355149  	
529.159   	3000      	60.0066   	8169.28   	14749.9   	0.355374  	
539.159   	3000      	60.0067   	8168.16   	14747.8   	0.355592  	
549.159   	3000      	60.0068   	8165.98   	14743.9   	0.355801  	
559.159   	3000      	60.0068   	8163.11   	14738.7   	0.356005  	
569.159   	3000      	60.0069   	8161.77   	14736.3   	0.356215  	
579.159   	3000      	60.0069   	8161.11   	14735.1   	0.356426  	
589.159   	3000      	60.007    	8162.5    	14737.6   	0.356648  	
599.159   	3000      	60.0071   	8163.95   	14740.2   	0.356867  	
609.159   	3000      	60.0071   	8168.69   	14748.8   	0.357103  	
619.159   	3000      	60.0072   	8172.81   	14756.2   	0.357333  	
629.159   	3000      	60.0072   	8178.4    	14766.3   	0.357567  	
639.159   	3000      	60.0073   	8183.22   	14775     	0.357794  	
649.159   	3000      	60.0073   	8187.27   	14782.3   	0.358013  	
659.159   	3000      	60.0073   	8188.86   	14785.2   	0.358215  	
669.159   	3000      	60.0074   	8188.6    	14784.7   	0.358402  	
679.159   	3000      	60.0074   	8187.4    	14782.6   	0.358581  	
689.159   	3000      	60.0074   	8184.19   	14776.8   	0.358746  	
699.159   	3000      	60.0075   	8180.94   	14770.9   	0.358908  	
709.159   	3000      	60.0075   	8178.96   	14767.3   	0.359075  	
719.159   	3000      	60.0075   	8178.18   	14765.9   	0.359246  	
729.159   	3000      	60.0075   	8177.11   	14764     	0.359413  	
730       	3000      	60.0075   	8176.9    	14763.6   	0.359427  	
731       	3000      	60.0075   	8173.64   	14757.7   	0.359423  	
732       	3000      	60.0075   	8164.5    	14741.2   	0.359383  	
733       	3000      	60.0075   	8149.05   	14713.3   	0.3593    	
734       	3000      	60.0075   	8130.35   	14679.6   	0.359193  	
735       	3000      	60.0075   	8114.76   	14651.4   	0.359105  	
736       	3000      	60.0075   	8109.75   	14642.4   	0.359088  	
737       	3000      	60.0075   	8121.48   	14663.6   	0.359187  	
738       	3000      	60.0075   	8153.51   	14721.4   	0.359418  	
739       	3000      	60.0075   	8206.99   	14817.9   	0.359771  	
740       	3000      	60.0075   	8281.87   	14953.2   	0.36021   	
741       	3000      	60.0075   	8377.47   	15125.8   	0.360685  	
742       	3000      	60.0075   	8492      	15332.5   	0.361133  	
743       	3000      	60.0075   	8620.05   	15563.7   	0.361478  	
743.448   	3000      	60.0075   	8679.58   	15671.2   	0.361582  	
744.448   	3000      	60.0075   	8818.77   	15922.5   	0.361689  	
745.448   	3000      	60.0075   	8962.11   	16181.3   	0.361595  	
746.448   	3000      	60.0075   	9108.18   	16445.1   	0.361288  	
747.448   	3000      	60.0075   	9255.98   	16711.9   	0.360759  	
748.448   	3000      	60.0075   	9405.05   	16981.1   	0.360002  	
749.448   	3000      	60.0075   	9554.72   	17251.3   	0.359015  	
750.448   	3000      	60.0075   	9704.07   	17521     	0.357803  	
751.448   	3000      	60.0075   	9852.07   	17788.2   	0.356377  	
752.448   	3000      	60.0074   	9997.89   	18051.5   	0.354753  	
753.448   	3000      	60.0074   	10140.8   	18309.4   	0.352949  	
754.448   	3000      	60.0074   	10280     	18560.7   	0.350988  	
755.448   	3000      	60.0074   	10415.3   	18805     	0.348888  	
756.448   	3000      	60.0074   	10546.8   	19042.5   	0.346664  	
757.448   	3000      	60.0074   	10674.8   	19273.7   	0.344324  	
758.448   	3000      	60.0073   	10799.2   	19498.3   	0.341886  	
759.448   	3000      	60.0073   	10919.6   	19715.6   	0.33937   	
760.448   	3000      	60.0073   	11035.8   	19925.4   	0.336795  	
761.448   	3000      	60.0073   	11147.6   	20127.3   	0.33418   	
762.448   	3000      	60.0072   	11255     	20321.3   	0.331539  	
763.448   	3000      	60.0072   	11357.2   	20505.7   	0.328913  	
763.878   	3000      	60.0072   	11400     	20583     	0.327778  	
764.878   	3000      	60.0072   	11494.5   	20753.7   	0.325199  	
765.878   	3000      	60.0071   	11584.6   	20916.3   	0.32265   	
766.878   	3000      	60.0071   	11670.8   	21071.9   	0.320127  	
767.878   	3000      	60.0071   	11753.5   	21221.2   	0.317626  	
768.878   	3000      	60.007    	11833     	21364.8   	0.315149  	
769.878   	3000      	60.007    	11909.5   	21503     	0.312696  	
770.878   	3000      	60.007    	11983.3   	21636.2   	0.310269  	
771.878   	3000      	60.0069   	12054.4   	21764.6   	0.30787   	
772.878   	3000      	60.0069   	12122.9   	21888.3   	0.305502  	
773.878   	3000      	60.0069   	12189     	22007.6   	0.303165  	
774.878   	3000      	60.0068   	12253     	22123.1   	0.300855  	
775.878   	3000      	60.0068   	12315     	22235.2   	0.298568  	
776.878   	3000      	60.0067   	12375.4   	22344.1   	0.2963    	
777.878   	3000      	60.0067   	12434     	22449.9   	0.294055  	
778.878   	3000      	60.0067   	12490.8   	22552.6   	0.291836  	
779.878   	3000      	60.0066   	12546.2   	22652.5   	0.289639  	
780.878   	3000      	60.0066   	12600.3   	22750.2   	0.287456  	
781.878   	3000      	60.0065   	12653.3   	22845.8   	0.285284  	
782.878   	3000      	60.0065   	12705.1   	22939.4   	0.283126  	
783.878   	3000      	60.0064   	12755.7   	23030.8   	0.280983  	
784.878   	3000      	60.0064   	12805.6   	23120.8   	0.278845  	
785.878   	3000      	60.0064   	12854.3   	23208.8   	0.276723  	
786.878   	3000      	60.0063   	12901.8   	23294.6   	0.274627  	
787.878   	3000      	60.0063   	12948.1   	23378.2   	0.272555  	
788.878   	3000      	60.0062   	12993.5   	23460.1   	0.270499  	
789.878   	3000      	60.0062   	13038     	23540.5   	0.268452  	
790.878   	3000      	60.0061   	13081.8   	23619.6   	0.266419  	
791.878   	3000      	60.0061   	13124     	23695.8   	0.264432  	
792.291   	3000      	60.006    	13141.1   	23726.7   	0.263618  	
793.291   	3000      	60.006    	13181.2   	23799.1   	0.261697  	
794.291   	3000      	60.0059   	13219.8   	23868.8   	0.259825  	
795.291   	3000      	60.0059   	13257.3   	23936.4   	0.257989  	
796.291   	3000      	60.0058   	13293.7   	24002.2   	0.25618   	
797.291   	3000      	60.0058   	13329.3   	24066.5   	0.254397  	
798.291   	3000      	60.0057   	13362.9   	24127     	0.252694  	
798.701   	3000      	60.0057   	13376.3   	24151.2   	0.25201   	
799.701   	3000      	60.0057   	13407.4   	24207.4   	0.250405  	
800.701   	3000      	60.0056   	13437.5   	24261.8   	0.248834  	
801.701   	3000      	60.0056   	13467     	24315.1   	0.247283  	
802.701   	3000      	60.0055   	13496     	24367.5   	0.245747  	
803.701   	3000      	60.0054   	13524.5   	24418.9   	0.244224  	
804.701   	3000      	60.0054   	13552.5   	24469.4   	0.242716  	
805.701   	3000      	60.0053   	13580     	24519     	0.241224  	
806.701   	3000      	60.0053   	13606.9   	24567.7   	0.239748  	
807.701   	3000      	60.0052   	13633.4   	24615.5   	0.238286  	
808.701   	3000      	60.0052   	13659.6   	24662.8   	0.236829  	
809.701   	3000      	60.0051   	13685.5   	24709.6   	0.235378  	
810.701   	3000      	60.0051   	13711     	24755.6   	0.23394   	
811.701   	3000      	60.005    	13736.1   	24800.9   	0.232517  	
812.701   	3000      	60.0049   	13760.7   	24845.3   	0.231109  	
813.701   	3000      	60.0049   	13784.8   	24888.9   	0.229715  	
814.701   	3000      	60.0048   	13808.6   	24931.9   	0.228334  	
815.701   	3000      	60.0048   	13832.1   	24974.2   	0.226965  	
816.701   	3000      	60.0047   	13855.2   	25015.9   	0.225607  	
817.701   	3000      	60.0046   	13878     	25057.1   	0.224258  	
818.701   	3000      	60.0046   	13900.5   	25097.7   	0.222921  	
819.701   	3000      	60.0045   	13922.7   	25137.7   	0.221596  	
820.701   	3000      	60.0045   	13944.5   	25177.1   	0.220284  	
821.701   	3000      	60.0044   	13966     	25216     	0.218983  	
822.701   	3000      	60.0044   	13987.2   	25254.3   	0.217694  	
823.701   	3000      	60.0043   	14008.1   	25292     	0.216417  	
824.701   	3000      	60.0042   	14028.6   	25329.1   	0.215154  	
825.701   	3000      	60.0042   	14048.8   	25365.6   	0.213904  	
826.13    	3000      	60.0042   	14057.4   	25381.1   	0.21337   	
827.13    	3000      	60.0041   	14077.2   	25416.8   	0.212138  	
828.13    	3000      	60.0041   	14096.8   	25452.1   	0.210916  	
829.13    	3000      	60.004    	14116     	25486.8   	0.209704  	
830       	3000      	60.0039   	14132.6   	25516.7   	0.208658  	
832.555   	3000      	60.0038   	14086.6   	25433.8   	0.210872  	
833.574   	3000      	60.0037   	14047.3   	25362.7   	0.212911  	
835.677   	3000      	60.0036   	13873.5   	25048.9   	0.222046  	
839.624   	3000      	60.0034   	13421.4   	24232.7   	0.244548  	
846.716   	3000      	60.0031   	12676.4   	22887.5   	0.276959  	
856.716   	3000      	60.0028   	11912.1   	21507.2   	0.304096  	
866.716   	3000      	60.0025   	11413.5   	20606.2   	0.318433  	
876.716   	3000      	60.0022   	11093.9   	20028.1   	0.326182  	
886.716   	3000      	60.002    	10892     	19661.2   	0.330456  	
896.716   	3000      	60.0017   	10774.6   	19445.4   	0.332654  	
906.716   	3000      	60.0015   	10711.9   	19325.8   	0.33368   	
916.716   	3000      	60.0013   	10692.1   	19280.4   	0.333871  	
926.716   	3000      	60.0011   	10709.6   	19296.9   	0.333388  	
936.716   	3000      	60.0008   	10763     	19370.5   	0.332273  	
946.716   	3000      	60.0006   	10839.6   	19475.6   	0.330784  	
956.716   	3000      	60.0003   	10930.3   	19591.4   	0.329149  	
966.716   	3000      	60        	11038.9   	19720.3   	0.327338  	
976.716   	3000      	59.9998   	11162     	19850.4   	0.325498  	
986.716   	3000      	59.9995   	11297.8   	19972.3   	0.323775  	
996.716   	3000      	59.9992   	11454.4   	20093.3   	0.322106  	
1006.72   	3000      	59.9989   	11637.3   	20215.6   	0.320486  	
1016.72   	3000      	59.9985   	11845.6   	20330.5   	0.319063  	
1026.72   	3000      	59.9982   	12079.1   	20431.6   	0.317951  	
1036.72   	3000      	59.9979   	12334.8   	20510.7   	0.317287  	
1046.72   	3000      	59.9975   	12621.9   	20581.5   	0.316892  	
1056.72   	3000      	59.9971   	12934.8   	20635.1   	0.316884  	
1066.72   	3000      	59.9968   	13272.6   	20672.8   	0.317232  	
1076.72   	3000      	59.9964   	13630.1   	20692.7   	0.317926  	
1086.72   	3000      	59.996    	14004.2   	20698.6   	0.318875  	
1096.72   	3000      	59.9956   	14389.5   	20693.1   	0.319996  	
1106.72   	3000      	59.9952   	14772.1   	20669.1   	0.321329  	
1116.72   	3000      	59.9948   	15150.9   	20638     	0.322683  	
1126.72   	3000      	59.9944   	15514.2   	20596.6   	0.324058  	
1136.72   	3000      	59.9941   	15849.4   	20540.1   	0.325472  	
1146.72   	3000      	59.9937   	16151.8   	20473     	0.326849  	
1156.72   	3000      	59.9933   	16420.2   	20401.7   	0.328112  	
1166.72   	3000      	59.9929   	16642.2   	20317.5   	0.32934   	
1176.72   	3000      	59.9926   	16820.2   	20224.7   	0.330498  	
1186.72   	3000      	59.9923   	16960.1   	20138.1   	0.331459  	
1196.72   	3000      	59.992    	17063.1   	20054.9   	0.332281  	
1206.72   	3000      	59.9918   	17132.2   	19976.4   	0.332985  	
1216.72   	3000      	59.9917   	17175.7   	19909.3   	0.333559  	
1226.72   	3000      	59.9918   	17196.5   	19853.4   	0.334047  	
1236.72   	3000      	59.9921   	17188     	19796.7   	0.334585  	
1246.72   	3000      	59.9927   	17152.9   	19737.9   	0.335233  	
1256.72   	3000      	59.9938   	17098.4   	19680.6   	0.3362    	
1266.72   	3000      	59.996    	17030     	19627.6   	0.337821  	
1276.72   	3000      	59.9997   	16936.4   	19560.2   	0.340688  	
1286.72   	3000      	60.0066   	16832.6   	19493.4   	0.345717  	
1296.72   	3000      	60.0189   	16713.9   	19417.6   	0.354761  	
1306.72   	3000      	60.0396   	16581.8   	19331.2   	0.370226  	
1316.72   	3000      	60.0738   	16457.1   	19254.4   	0.396186  	
1326.72   	3000      	60.1268   	16327.5   	19170     	0.437562  	
1336.72   	3000      	60.2037   	16193.5   	19075.4   	0.499896  	
1346.72   	3000      	60.3094   	16065.8   	18981.5   	0.588066  	
1356.72   	3000      	60.4495   	15920     	18857.6   	0.708625  	
1366.72   	3000      	60.6298   	15765.4   	18712.5   	0.870022  	
1376.72   	3000      	60.9352   	15613.5   	18562     	1.23135   	
1386.72   	3000      	61.4922   	15447.7   	18389.2   	2.01893   	
1396.72   	3000      	62.3677   	15244.6   	18160     	3.3481    	
1406.72   	3000      	63.7137   	15005.3   	17870.3   	5.51136   	
1416.72   	3000      	66.243    	14742.1   	17561.2   	10.0045   	
1426.72   	3000      	70.1562   	14374.2   	17125.4   	17.8833   	
1436.72   	3000      	75.6137   	13872.2   	16524     	29.7767   	
1446.72   	3000      	83.0676   	13169.4   	15698.1   	49.3331   	
1456.72   	3000      	91.4974   	12323.6   	14709.1   	190.895   	
1466.72   	3000      	100.042   	11276.6   	13481.5   	404.072   	
1476.72   	3000      	107.832   	10166.5   	12176.7   	781.355   	
1486.72   	3000      	114.525   	9255.8    	11114.9   	1421.27   	
1496.72   	3000      	120.098   	8384.34   	10101.6   	2065.28   	
1506.72   	3000      	124.652   	7633      	9230.35   	2664.33   	
1516.72   	3000      	128.376   	7067.74   	8580.45   	3229.03   	
1526.72   	3000      	131.531   	6744.42   	8222.41   	3794.98   	
1536.72   	3000      	134.381   	6471.07   	7923.11   	4221.47   	
1546.72   	3000      	137.033   	6228.91   	7659.55   	4581.27   	
1556.72   	3000      	139.531   	6011.47   	7423.74   	4893.83   	
1560      	3000      	140.325   	5946.68   	7353.87   	4991.59   	
1560.5    	3000      	140.445   	5936.95   	7343.38   	5006.4    	
1561.5    	3000      	140.684   	5918.32   	7323.4    	5035.83   	
1562.5    	3000      	140.92    	5899.9    	7303.65   	5064.51   	
1563.5    	3000      	141.154   	5880.63   	7282.82   	5091.33   	
1564.5    	3000      	141.385   	5859.55   	7259.73   	5115.2    	
1565.5    	3000      	141.613   	5836.14   	7233.72   	5135.49   	
1566.5    	3000      	141.838   	5810.31   	7204.65   	5152.05   	
1567.5    	3000      	142.059   	5782.26   	7172.8    	5165.03   	
1568.5    	3000      	142.276   	5752.54   	7138.82   	5175      	
1569.5    	3000      	142.491   	5721.89   	7103.65   	5182.82   	
1570.5    	3000      	142.702   	5691.12   	7068.29   	5189.41   	
1571.5    	3000      	142.912   	5660.89   	7033.56   	5195.57   	
1572.5    	3000      	143.119   	5631.76   	7000.14   	5202      	
1573.5    	3000      	143.324   	5604.24   	6968.7    	5209.35   	
1574.5    	3000      	143.529   	5578.76   	6939.75   	5218.19   	
1575.5    	3000      	143.732   	5555.57   	6913.62   	5228.89   	
1576.5    	3000      	143.934   	5534.73   	6890.37   	5241.58   	
1577.5    	3000      	144.135   	5516.12   	6869.87   	5256.21   	
1578.5    	3000      	144.336   	5499.53   	6851.88   	5272.6    	
1579.5    	3000      	144.535   	5484.71   	6836.05   	5290.48   	
1580.5    	3000      	144.734   	5471.37   	6822.05   	5309.6    	
1581.5    	3000      	144.932   	5459.24   	6809.55   	5329.65   	
1582.5    	3000      	145.129   	5448.13   	6798.3    	5350.44   	
1583.5    	3000      	145.325   	5437.92   	6788.15   	5371.86   	
1584.5    	3000      	145.521   	5428.54   	6779.03   	5393.85   	
1585.5    	3000      	145.715   	5419.91   	6770.83   	5416.33   	
1586.5    	3000      	145.909   	5411.96   	6763.46   	5439.24   	
1587.5    	3000      	146.102   	5404.6    	6756.82   	5462.51   	
1588.5    	3000      	146.295   	5397.77   	6750.83   	5486.08   	
1589.5    	3000      	146.486   	5391.47   	6745.49   	5509.97   	
1590.5    	3000      	146.677   	5385.66   	6740.75   	5534.17   	
1591.5    	3000      	146.867   	5380.32   	6736.59   	5558.65   	
1592.5    	3000      	147.056   	5375.4    	6732.94   	5583.38   	
1593.5    	3000      	147.245   	5370.81   	6729.71   	5608.28   	
1594.5    	3000      	147.433   	5366.52   	6726.83   	5633.28   	
1595.5    	3000      	147.621   	5362.44   	6724.22   	5658.32   	
1596.5    	3000      	147.807   	5358.52   	6721.8    	5683.32   	
1597.5    	3000      	147.993   	5354.75   	6719.54   	5708.28   	
1598.5    	3000      	148.179   	5351.13   	6717.48   	5733.21   	
1599.5    	3000      	148.363   	5347.65   	6715.59   	5758.12   	
1600.5    	3000      	148.547   	5344.3    	6713.85   	5782.99   	
1601.5    	3000      	148.731   	5341.04   	6712.21   	5807.77   	
1602.5    	3000      	148.913   	5337.83   	6710.63   	5832.42   	
1603.5    	3000      	149.095   	5334.61   	6709.04   	5856.88   	
1604.5    	3000      	149.276   	5331.32   	6707.35   	5880.95   	
1605.5    	3000      	149.456   	5328.02   	6705.63   	5904.7    	
1606.5    	3000      	149.636   	5324.69   	6703.87   	5928.14   	
1607.5    	3000      	149.814   	5321.3    	6702.04   	5951.23   	
1608.5    	3000      	149.992   	5317.84   	6700.1    	5973.97   	
1609.5    	3000      	150.169   	5314.29   	6698.05   	5996.35   	
1610.5    	3000      	150.344   	5310.66   	6695.89   	6018.38   	
1611.5    	3000      	150.52    	5306.94   	6693.62   	6040.08   	
1612.5    	3000      	150.694   	5303.13   	6691.21   	6061.44   	
1613.5    	3000      	150.867   	5299.04   	6688.44   	6082.37   	
1614.5    	3000      	151.04    	5294.88   	6685.58   	6103.09   	
1615.5    	3000      	151.213   	5290.55   	6682.51   	6123.45   	
1616.5    	3000      	151.384   	5286.28   	6679.49   	6143.7    	
1617.5    	3000      	151.555   	5282.03   	6676.49   	6163.8    	
1618.5    	3000      	151.725   	5277.76   	6673.46   	6183.69   	
1619.5    	3000      	151.894   	5273.45   	6670.39   	6203.37   	
1620.5    	3000      	152.062   	5269.13   	6667.27   	6222.84   	
1621.5    	3000      	152.23    	5264.77   	6664.12   	6242.12   	
1622.5    	3000      	152.397   	5260.41   	6660.94   	6261.23   	
1623.5    	3000      	152.563   	5256.03   	6657.73   	6280.18   	
1624.5    	3000      	152.728   	5251.62   	6654.49   	6298.95   	
1625.5    	3000      	152.892   	5247.19   	6651.2    	6317.55   	
1626.5    	3000      	153.056   	5242.73   	6647.87   	6335.98   	
1627.5    	3000      	153.219   	5238.26   	6644.53   	6354.28   	
1628.5    	3000      	153.382   	5233.79   	6641.16   	6372.45   	
1629.5    	3000      	153.543   	5229.3    	6637.78   	6390.48   	
1630.5    	3000      	153.704   	5224.79   	6634.36   	6408.37   	
1631.5    	3000      	153.865   	5220.25   	6630.89   	6426.08   	
1632.5    	3000      	154.024   	5215.65   	6627.35   	6443.6    	
1633.5    	3000      	154.182   	5211.65   	6624.54   	6461.32   	
1634.5    	3000      	154.339   	5207.52   	6621.58   	6478.57   	
1635.5    	3000      	154.496   	5203.17   	6618.32   	6495.4    	
1636.5    	3000      	154.651   	5198.71   	6614.92   	6512      	
1637.5    	3000      	154.806   	5194.21   	6611.46   	6528.48   	
1638.5    	3000      	154.96    	5189.69   	6607.97   	6544.88   	
1639.5    	3000      	155.114   	5185.18   	6604.48   	6561.24   	
1640.5    	3000      	155.267   	5180.71   	6601.04   	6577.59   	
1641.5    	3000      	155.419   	5176.36   	6597.74   	6593.97   	
1642.5    	3000      	155.57    	5172.21   	6594.68   	6610.39   	
1643.5    	3000      	155.721   	5168.16   	6591.76   	6626.77   	
1644.5    	3000      	155.871   	5164.22   	6588.97   	6643.14   	
1645.5    	3000      	156.02    	5160.39   	6586.31   	6659.53   	
1646.5    	3000      	156.168   	5156.66   	6583.77   	6675.92   	
1647.5    	3000      	156.316   	5153.03   	6581.35   	6692.32   	
1648.5    	3000      	156.462   	5149.47   	6579.02   	6708.74   	
1649.5    	3000      	156.608   	5145.99   	6576.79   	6725.16   	
1650.5    	3000      	156.754   	5142.59   	6574.66   	6741.61   	
1651.5    	3000      	156.899   	5139.29   	6572.64   	6758.14   	
1652.5    	3000      	157.043   	5136.09   	6570.76   	6774.74   	
1653.5    	3000      	157.187   	5133.04   	6569.05   	6791.43   	
1654.5    	3000      	157.329   	5130.07   	6567.45   	6808.13   	
1655.5    	3000      	157.472   	5127.18   	6565.95   	6824.86   	
1656.5    	3000      	157.613   	5124.35   	6564.52   	6841.59   	
1657.5    	3000      	157.754   	5121.57   	6563.15   	6858.34   	
1658.5    	3000      	157.894   	5118.82   	6561.82   	6875.07   	
1659.5    	3000      	158.034   	5116.17   	6560.61   	6891.99   	
1660      	3000      	158.104   	5114.85   	6560.02   	6900.48   	
1661.47   	3000      	158.308   	5110.86   	6558.14   	6925.3    	
1664.25   	3000      	158.681   	5092.81   	6541.12   	6953.53   	
1668.9    	3000      	159.269   	5026.96   	6466.67   	6938.83   	
1676.9    	3000      	160.193   	4878.85   	6292.78   	6850.5    	
1686.9    	3000      	161.251   	4681.5    	6057.64   	6747.02   	
1696.9    	3000      	162.215   	4504.67   	5847.06   	6702.01   	
1706.9    	3000      	163.089   	4350.87   	5664.64   	6705.05   	
1716.9    	3000      	163.877   	4216.95   	5506.69   	6743.78   	
1726.9    	3000      	164.58    	4099.51   	5368.94   	6808.67   	
1736.9    	3000      	165.209   	3992.58   	5243.8    	6902.8    	
1746.9    	3000      	165.763   	3887.64   	5120.18   	7032.68   	
1756.9    	3000      	166.227   	3794.53   	5011.14   	7176.12   	
1766.9    	3000      	166.602   	3717.26   	4922.09   	7319.49   	
1776.9    	3000      	166.897   	3656.56   	4854.16   	7452.35   	
1786.9    	3000      	167.123   	3612.15   	4807.04   	7567.78   	
1796.9    	3000      	167.291   	3584.78   	4781.77   	7664.83   	
1802.34   	3000      	167.367   	3574.64   	4774.04   	7711.14   	
1812.34   	3000      	167.467   	3572.18   	4780.53   	7775.38   	
1822.34   	3000      	167.537   	3586.2    	4807.78   	7820.11   	
1832.34   	3000      	167.584   	3616.86   	4855.64   	7847.42   	
1842.34   	3000      	167.615   	3664.51   	4924.03   	7857.86   	
1852.34   	3000      	167.638   	3727.23   	5009.58   	7856.85   	
1858.15   	3000      	167.651   	3767.23   	5062.69   	7850.67   	
1868.15   	3000      	167.674   	3847.12   	5164.29   	7826.7    	
1878.15   	3000      	167.669   	3949.51   	5289.44   	7784.13   	
1888.15   	3000      	167.66    	4066.36   	5425.5    	7725.78   	
1898.15   	3000      	167.658   	4194.97   	5566.88   	7657.2    	
1908.15   	3000      	167.671   	4333.57   	5709.27   	7582.3    	
1918.15   	3000      	167.706   	4481.15   	5849.49   	7504.68   	
1928.15   	3000      	167.766   	4636.56   	5984.53   	7426.85   	
1938.15   	3000      	167.856   	4801.35   	6115.22   	7356.02   	
1944.41   	3000      	167.925   	4906.3    	6192.36   	7311.99   	
1954.41   	3000      	168.065   	5077.73   	6303.94   	7246.51   	
1964.41   	3000      	168.241   	5249.62   	6400.17   	7189.26   	
1974.41   	3000      	168.454   	5419.22   	6479.4    	7142.37   	
1984.41   	3000      	168.702   	5583.46   	6540.33   	7107.22   	
1994.41   	3000      	168.984   	5740.21   	6583.35   	7085.9    	
2004.41   	3000      	169.298   	5884.81   	6606.33   	7077.23   	
2014.41   	3000      	169.641   	6013.58   	6608.65   	7081.58   	
2024.41   	3000      	170.01    	6123.41   	6590.44   	7099.6    	
2034.41   	3000      	170.402   	6212.26   	6552.86   	7132.09   	
2044.41   	3000      	170.815   	6276.4    	6494.89   	7179.49   	
2054.41   	3000      	171.249   	6312.32   	6415.19   	7241.63   	
2064.41   	3000      	171.702   	6317.47   	6313.38   	7319.26   	
2074.41   	3000      	172.174   	6290.35   	6189.69   	7412.97   	
2084.41   	3000      	172.66    	6230.08   	6044.43   	7522.36   	
2094.41   	3000      	173.136   	6150.56   	5891.29   	7641.26   	
2104.41   	3000      	173.567   	6070.85   	5747.81   	7759.1    	
2114.41   	3000      	173.97    	5981.83   	5604.71   	7878.77   	
2124.41   	3000      	174.353   	5877.71   	5455.87   	8002.45   	
2134.41   	3000      	174.724   	5758.09   	5300.31   	8130.38   	
2144.41   	3000      	175.082   	5624.75   	5139.01   	8264.04   	
2154.41   	3000      	175.432   	5477.12   	4970.76   	8404.41   	
2164.41   	3000      	175.776   	5311.12   	4791.24   	8555.5    	
2174.41   	3000      	176.115   	5126.02   	4599.32   	8717.7    	
2184.41   	3000      	176.471   	4978.83   	4445.34   	8940.59   	
2194.41   	3000      	176.843   	4841.07   	4302.89   	9198.08   	
2204.41   	3000      	177.212   	4691.79   	4152.89   	9458.63   	
2214.41   	3000      	177.52    	4555.81   	4016.87   	9698.99   	
2224.41   	3000      	177.802   	4420.42   	3883.38   	9928.12   	
2234.41   	3000      	178.076   	4277.28   	3744.96   	10164.3   	
2244.41   	3000      	178.339   	4133.85   	3608.02   	10396.8   	
2254.41   	3000      	178.594   	3992.82   	3474.73   	10623.9   	
2264.41   	3000      	178.852   	3854.06   	3344.78   	10844     	
2274.41   	3000      	179.121   	3716.48   	3217.21   	11058.4   	
2284.41   	3000      	179.416   	3577.13   	3089.39   	11274.6   	
2294.41   	3000      	179.729   	3441.57   	2965.92   	11485.1   	
2304.41   	3000      	180.065   	3309.52   	2846.48   	11688.6   	
2314.41   	3000      	180.423   	3182.14   	2731.94   	11883.6   	
2324.41   	3000      	180.802   	3060.15   	2622.8    	12069.2   	
2334.41   	3000      	181.201   	2943.78   	2519.15   	12245.4   	
2344.41   	3000      	181.621   	2833      	2420.87   	12412.3   	
2354.41   	3000      	182.059   	2727.61   	2327.71   	12570.5   	
2364.41   	3000      	182.516   	2627.35   	2239.34   	12720.5   	
2374.41   	3000      	182.99    	2531.89   	2155.46   	12862.8   	
2384.41   	3000      	183.478   	2440.93   	2075.74   	12998.2   	
2390      	3000      	183.754   	2391.37   	2032.37   	13071.6   	
2390.5    	3000      	183.779   	2386.95   	2028.5    	13078.2   	
2391.5    	3000      	183.829   	2378.25   	2020.89   	13092.4   	
2392.5    	3000      	183.879   	2369.45   	2013.21   	13105.3   	
2393.5    	3000      	183.928   	2360.2    	2005.13   	13113.6   	
2394.5    	3000      	183.977   	2350.18   	1996.41   	13114.8   	
2395.5    	3000      	184.023   	2339.24   	1986.9    	13107.6   	
2396.5    	3000      	184.069   	2327.33   	1976.59   	13092.1   	
2397.5    	3000      	184.113   	2314.59   	1965.57   	13069.6   	
2398.5    	3000      	184.157   	2301.27   	1954.06   	13042.5   	
2399.5    	3000      	184.2     	2287.66   	1942.3    	13013.5   	
2400.5    	3000      	184.243   	2274.16   	1930.65   	12985     	
2401.5    	3000      	184.286   	2260.96   	1919.25   	12958.5   	
2402.5    	3000      	184.33    	2248.25   	1908.28   	12935.8   	
2403.5    	3000      	184.374   	2236.22   	1897.89   	12918.1   	
2404.5    	3000      	184.419   	2224.97   	1888.15   	12906.3   	
2405.5    	3000      	184.465   	2214.54   	1879.12   	12900.4   	
2406.5    	3000      	184.511   	2204.92   	1870.78   	12900.1   	
2407.5    	3000      	184.557   	2196.07   	1863.09   	12904.7   	
2408.5    	3000      	184.604   	2187.9    	1855.99   	12913.4   	
2409.5    	3000      	184.651   	2180.36   	1849.42   	12925.4   	
2410.5    	3000      	184.699   	2173.37   	1843.31   	12940.2   	
2411.5    	3000      	184.746   	2166.89   	1837.64   	12957.2   	
2412.5    	3000      	184.793   	2160.88   	1832.37   	12976.2   	
2413.5    	3000      	184.84    	2155.32   	1827.48   	12997.1   	
2414.5    	3000      	184.887   	2150.18   	1822.95   	13019.5   	
2415.5    	3000      	184.935   	2145.43   	1818.75   	13043.5   	
2416.5    	3000      	184.982   	2141.07   	1814.88   	13068.9   	
2417.5    	3000      	185.03    	2137.08   	1811.33   	13095.9   	
2418.5    	3000      	185.077   	2133.44   	1808.07   	13124.3   	
2419.5    	3000      	185.125   	2130.13   	1805.09   	13153.9   	
2420.5    	3000      	185.173   	2127.1    	1802.35   	13184.6   	
2421.5    	3000      	185.222   	2124.31   	1799.82   	13215.9   	
2422.5    	3000      	185.27    	2121.74   	1797.46   	13247.9   	
2423.5    	3000      	185.319   	2119.35   	1795.26   	13280.2   	
2424.5    	3000      	185.367   	2117.11   	1793.2    	13312.9   	
2425.5    	3000      	185.417   	2115.03   	1791.26   	13346     	
2426.5    	3000      	185.466   	2113.07   	1789.42   	13379.4   	
2427.5    	3000      	185.516   	2111.21   	1787.67   	13413     	
2428.5    	3000      	185.566   	2109.41   	1785.97   	13446.7   	
2429.5    	3000      	185.616   	2107.66   	1784.32   	13480.3   	
2430.5    	3000      	185.667   	2105.93   	1782.67   	13513.7   	
2431.5    	3000      	185.718   	2104.19   	1781.02   	13546.8   	
2432.5    	3000      	185.769   	2102.43   	1779.35   	13579.6   	
2433.5    	3000      	185.821   	2100.62   	1777.64   	13611.9   	
2434.5    	3000      	185.873   	2098.74   	1775.88   	13643.8   	
2435.5    	3000      	185.926   	2096.8    	1774.05   	13675.2   	
2436.5    	3000      	185.979   	2094.76   	1772.16   	13706.1   	
2437.5    	3000      	186.033   	2092.64   	1770.18   	13736.7   	
2438.5    	3000      	186.087   	2090.42   	1768.13   	13766.9   	
2439.5    	3000      	186.141   	2088.1    	1765.99   	13796.7   	
2440.5    	3000      	186.197   	2085.69   	1763.77   	13826.3   	
2441.5    	3000      	186.252   	2083.18   	1761.46   	13855.7   	
2442.5    	3000      	186.308   	2080.57   	1759.08   	13885     	
2443.5    	3000      	186.365   	2077.93   	1756.67   	13914.3   	
2444.5    	3000      	186.422   	2075.27   	1754.24   	13943.2   	
2445.5    	3000      	186.479   	2072.55   	1751.77   	13971.8   	
2446.5    	3000      	186.537   	2069.78   	1749.25   	14000.1   	
2447.5    	3000      	186.595   	2066.94   	1746.67   	14028.1   	
2448.5    	3000      	186.653   	2064.03   	1744.03   	14055.7   	
2449.5    	3000      	186.712   	2061.04   	1741.32   	14083.1   	
2450.5    	3000      	186.771   	2057.95   	1738.53   	14110     	
2451.5    	3000      	186.831   	2054.76   	1735.66   	14136.6   	
2452.5    	3000      	186.891   	2051.47   	1732.7    	14162.9   	
2453.5    	3000      	186.951   	2048.09   	1729.67   	14189     	
2454.5    	3000      	187.012   	2044.61   	1726.55   	14214.8   	
2455.5    	3000      	187.074   	2041.03   	1723.35   	14240.5   	
2456.5    	3000      	187.136   	2037.35   	1720.07   	14265.9   	
2457.5    	3000      	187.198   	2033.58   	1716.7    	14291.1   	
2458.5    	3000      	187.261   	2029.71   	1713.26   	14316.2   	
2459.5    	3000      	187.324   	2025.73   	1709.73   	14341     	
2460.5    	3000      	187.387   	2021.65   	1706.1    	14365.5   	
2461.5    	3000      	187.451   	2017.45   	1702.38   	14389.6   	
2462.5    	3000      	187.515   	2013.14   	1698.58   	14413.3   	
2463.5    	3000      	187.58    	2008.74   	1694.68   	14436.9   	
2464.5    	3000      	187.645   	2004.25   	1690.72   	14460.4   	
2465.5    	3000      	187.71    	1999.68   	1686.69   	14483.8   	
2466.5    	3000      	187.776   	1995.04   	1682.61   	14507.3   	
2467.5    	3000      	187.842   	1990.34   	1678.47   	14530.9   	
2468.5    	3000      	187.909   	1985.58   	1674.28   	14554.5   	
2469.5    	3000      	187.976   	1980.76   	1670.04   	14578.2   	
2470.5    	3000      	188.043   	1975.89   	1665.77   	14601.9   	
2471.5    	3000      	188.111   	1970.97   	1661.44   	14625.7   	
2472.5    	3000      	188.179   	1965.99   	1657.08   	14649.4   	
2473.5    	3000      	188.247   	1960.97   	1652.68   	14673     	
2474.5    	3000      	188.315   	1955.91   	1648.24   	14696.5   	
2475.5    	3000      	188.384   	1950.8    	1643.77   	14720     	
2476.5    	3000      	188.452   	1945.66   	1639.26   	14743.5   	
2477.5    	3000      	188.521   	1940.49   	1634.74   	14767     	
2478.5    	3000      	188.591   	1935.3    	1630.2    	14790.6   	
2479.5    	3000      	188.66    	1930.1    	1625.66   	14814.3   	
2480.5    	3000      	188.73    	1924.9    	1621.1    	14838.2   	
2481.5    	3000      	188.8     	1919.68   	1616.55   	14862.2   	
2482.5    	3000      	188.87    	1914.46   	1611.98   	14886.2   	
2483.5    	3000      	188.94    	1909.22   	1607.41   	14910.2   	
2484.5    	3000      	189.011   	1903.98   	1602.83   	14934.1   	
2485.5    	3000      	189.081   	1898.72   	1598.23   	14957.8   	
2486.5    	3000      	189.152   	1893.44   	1593.62   	14981.4   	
2487.5    	3000      	189.222   	1888.14   	1589      	15004.7   	
2488.5    	3000      	189.293   	1882.82   	1584.36   	15027.7   	
2489.5    	3000      	189.364   	1877.48   	1579.71   	15050.4   	
2490      	3000      	189.399   	1874.8    	1577.37   	15061.7   	
2491.46   	3000      	189.502   	1866.89   	1570.48   	15092.8   	
2494.09   	3000      	189.683   	1849.65   	1555.56   	15108.2   	
2498.43   	3000      	189.957   	1810.56   	1522.02   	15003     	
2505.88   	3000      	190.389   	1731.83   	1454.82   	14704.5   	
2515.88   	3000      	190.917   	1633.1    	1370.66   	14346.3   	
2521.92   	3000      	191.219   	1579.22   	1324.75   	14163.8   	
2531.92   	3000      	191.676   	1508.31   	1264.19   	13963.1   	
2537.36   	3000      	191.912   	1475.15   	1235.83   	13878.8   	
2547.36   	3000      	192.305   	1430.97   	1197.77   	13786     	
2557.36   	3000      	192.654   	1404.29   	1174.34   	13741.8   	
2567.36   	3000      	192.95    	1396.84   	1166.9    	13730.6   	
2577.36   	3000      	193.181   	1411.49   	1177.71   	13733.9   	
2582.66   	3000      	193.283   	1426.04   	1189.01   	13735.8   	
2585.46   	3000      	193.33    	1435.71   	1196.61   	13736.1   	
2593.36   	3000      	193.407   	1480.72   	1232.49   	13724.4   	
2600      	3000      	193.425   	1533.1    	1274.41   	13701.1   	
