
 Simulation Finished Successfully 


 -------------------------- Performance Report -------------------------- 


 ------------ Mass Balance Error Report ------------- 

 OCIP     :	78215.1	0	65865.3	82331.7	205829	

 Residual :	37466.1	24493.1	30318.2	75793.7	2.46732e+006	
 Facilty  :	40754.5	41372.8	52014.4	130038	9.04025e+006	
 Facilty  :	0	0	0	0	-1.10081e+007	

 MB_Error :	-5.47249	-65865.9	-16467.2	-123500	-293600	
 Rel_Error:	0.00699672%	##	25.0013%	150.003%	142.642%	


 ---- Total EoS counters ----
 flash iters SSI    =      70280, flash iters Newton =          0
 Stab. iters SSI    =    2297192, Stab. iters Newton =          0

 No of Satb for Oil = 706997, No of Satb for gas =   989, No of flash = 12051
 time of Satb for Oil = 3.667, time of Satb for gas = 0.016, time for flash = 0.205



Statistics of bypass stability analysis:
Total No:				 700152
Bypass No:				 0
Failed Pressure No:	 0
Failed Composition  No: 0

 Variable Type : -----------------  Natural Variables
 Number of Implicit levels: ------        1
                    ImpVar --- TransImpLvl --- CFL_Limit --- Percent
       Scheme 0 :     6             6             1           100%

 Linear solver choice : ----------        5
 Preconditioner choice : ---------       11
 Linear solver Tolerance : -------   0.0001

 Total running time: -------------      177 sec  ( 100 % )
   -Initialization time: ---------        0 sec  (   0 % )
   -Property Calc  time: ---------   32.133 sec  (  18 % )
   -Linearization  time: ---------   34.928 sec  (  20 % )
   -Newton Update  time: ---------    0.856 sec  (   0 % )
   -Solver running time: ---------  104.814 sec  (  59 % )
      --(B)ILU Pre fac time: -----   16.486 sec  (   9 % )
      --(B)ILU Pre slv time: -----   27.242 sec  (  15 % )
      --Pres dcpl time: ----------        0 sec  (   0 % )
      --Pres slv time: -----------        0 sec  (   0 % )
   -Timestep Calc  time: ---------        0 sec  (   0 % )
   -CFL No.  Calc  time: ---------        0 sec  (   0 % )


 Compositional simulation only:
 Initialization time for reservoir: ---------    0.016 sec
 Phase equilibrium running time: ------------    3.822 sec


 No. of timesteps: ---------------      222

 No. of Newton Iters : -----------     1997
 No. of Waste Newton Iters : -----     4970

 No. of Solver Iters : -----------    31142
 No. of Waste Solver Iters : -----   125328

 No. of Pres slvr iters : --------        0
 No. of Waste Pres slvr iters: ---        0

 Total elapsed = 177, steps = 222, Newton = 1997, linear = 31142

