Results for well: RES1_PROD.out in the reservoir: RES1_PROD.out

time	BHP	Temp	q(Gas)	q(Oil)	 q(Water)
days	psi	F	Mscf/d	stb/d	stb/d
0         	0         	-         	0         	0         	0         	
0.0001    	300       	104.833   	20.2147   	1358.58   	1.17502e-006	
0.000397924	300       	110.866   	22.3249   	1743.54   	4.35581e-005	
0.00127416	300       	112.715   	21.4974   	1921.39   	0.000252094	
0.00376943	300       	112.814   	21.578    	1896.52   	0.000750613	
0.0103682 	300       	112.67    	21.7833   	1798.07   	0.00153993	
0.0257439 	300       	112.477   	21.5416   	1690.66   	0.00240411	
0.0565017 	300       	112.281   	20.7657   	1603.08   	0.00313154	
0.110463  	300       	112.1     	19.6846   	1537.93   	0.00368218	
0.197748  	300       	111.931   	18.5019   	1487.01   	0.00410048	
0.332757  	300       	111.768   	17.2964   	1444.24   	0.00442607	
0.543941  	300       	111.608   	16.0733   	1406.83   	0.00467949	
0.878241  	300       	111.454   	14.8184   	1376.05   	0.00485875	
1.29047   	300       	111.336   	13.7506   	1356.91   	0.00494726	
1.82574   	300       	111.24    	12.7317   	1346.48   	0.00497395	
2.46006   	300       	111.164   	11.8274   	1341.53   	0.00496052	
2.85757   	300       	111.125   	11.3347   	1339.83   	0.00494241	
3.48971   	300       	111.077   	10.6949   	1338.86   	0.00490469	
3.91624   	300       	111.054   	10.3422   	1339.9    	0.00487686	
4.64351   	300       	111.023   	9.81554   	1342.16   	0.00482782	
5.12169   	300       	111.004   	9.50456   	1343.41   	0.00479606	
5.942     	300       	110.975   	9.0521    	1345.08   	0.00474532	
6.4767    	300       	110.958   	8.78095   	1346.02   	0.0047129 	
7.3896    	300       	110.932   	8.36177   	1347.84   	0.00465905	
7.98904   	300       	110.917   	8.10577   	1349.05   	0.00462408	
8.49044   	300       	110.905   	7.90474   	1350.06   	0.00459536	
9.42196   	300       	110.886   	7.57127   	1351.99   	0.00454483	
10.0639   	300       	110.874   	7.36915   	1353.19   	0.00451209	
10.6151   	300       	110.866   	7.22665   	1354.07   	0.00448668	
11.125    	300       	110.859   	7.10319   	1354.92   	0.00446368	
11.598    	300       	110.854   	6.99307   	1355.8    	0.00444242	
12.0555   	300       	110.849   	6.895     	1356.71   	0.00442233	
12.5088   	300       	110.845   	6.8021    	1357.7    	0.00440245	
12.9628   	300       	110.845   	6.7262    	1359.7    	0.00438319	
13.8504   	300       	110.847   	6.57591   	1364.07   	0.00434515	
14.5207   	300       	110.849   	6.4699    	1367.34   	0.00431753	
15.1174   	300       	110.851   	6.38402   	1370.14   	0.00429424	
16.2049   	300       	110.855   	6.26062   	1374.51   	0.00425772	
16.9792   	300       	110.858   	6.18763   	1377.25   	0.00423446	
17.6489   	300       	110.861   	6.13511   	1379.38   	0.00421628	
18.8569   	300       	110.865   	6.0734    	1382.19   	0.00419021	
19.2921   	300       	110.866   	6.05577   	1383.11   	0.0041816 	
19.7625   	300       	110.868   	6.04211   	1383.95   	0.00417332	
20.2521   	300       	110.869   	6.03392   	1384.64   	0.00416585	
20.7546   	300       	110.871   	6.03192   	1385.14   	0.00415943	
21.271    	300       	110.872   	6.0367    	1385.4    	0.00415421	
21.7977   	300       	110.873   	6.04974   	1385.39   	0.00415043	
22.3317   	300       	110.874   	6.0713    	1385.05   	0.00414825	
22.8637   	300       	110.874   	6.10008   	1384.4    	0.00414759	
23.3993   	300       	110.874   	6.13576   	1383.43   	0.00414832	
23.9375   	300       	110.873   	6.17895   	1382.13   	0.00415049	
24.4859   	300       	110.872   	6.22951   	1380.43   	0.0041542 	
25.0361   	300       	110.87    	6.2857    	1378.4    	0.00415916	
25.5865   	300       	110.867   	6.34511   	1376.03   	0.00416522	
26.1374   	300       	110.864   	6.40578   	1373.38   	0.00417209	
26.6977   	300       	110.86    	6.46779   	1370.49   	0.00417971	
27.2648   	300       	110.855   	6.52866   	1367.42   	0.00418804	
28.4096   	300       	110.844   	6.6101    	1361.68   	0.00421818	
28.8442   	300       	110.84    	6.63369   	1359.68   	0.00423255	
29.3228   	300       	110.835   	6.64926   	1357.76   	0.0042549 	
29.8394   	300       	110.83    	6.65184   	1356.03   	0.0042942 	
30.387    	300       	110.825   	6.63921   	1354.67   	0.00436953	
30.9491   	300       	110.82    	6.60822   	1353.77   	0.00453453	
31.5177   	300       	110.816   	6.55494   	1353.48   	0.00491973	
32.0998   	300       	110.812   	6.48009   	1353.88   	0.0058441 	
32.6962   	300       	110.81    	6.3904    	1354.62   	0.00796813	
33.2922   	300       	110.812   	6.2881    	1355.47   	0.0136015 	
33.8828   	300       	110.822   	6.17428   	1356.18   	0.0280021 	
34.48     	300       	110.853   	6.05552   	1355.95   	0.0628749 	
35.0964   	300       	110.926   	5.93049   	1353.69   	0.141056  	
35.7067   	300       	111.193   	5.78304   	1346.3    	0.412897  	
36.3142   	300       	111.814   	5.61216   	1329.38   	1.08752   	
36.9379   	300       	112.904   	5.41345   	1296.19   	2.51723   	
37.5721   	300       	115.667   	5.17392   	1244.97   	8.8877    	
38.2188   	300       	117.626   	4.84735   	1178.39   	21.7913   	
38.8969   	300       	118.655   	4.49326   	1103.53   	42.4041   	
39.6006   	300       	119.145   	4.24276   	1037.98   	68.0394   	
40.3314   	300       	119.391   	4.01219   	979.936   	95.1652   	
41.0936   	300       	119.524   	3.8112    	929.632   	121.832   	
41.8615   	300       	119.6     	3.6344    	886.166   	147.388   	
42.5743   	300       	119.643   	3.48294   	849.307   	170.881   	
43.2499   	300       	119.667   	3.34374   	815.778   	192.704   	
43.8938   	300       	119.679   	3.22044   	786.45    	213.141   	
44.4977   	300       	119.684   	3.10938   	760.132   	232.595   	
45.0902   	300       	119.684   	3.00753   	736.153   	250.847   	
45.6647   	300       	119.679   	2.91718   	714.963   	267.735   	
46.2347   	300       	119.671   	2.83938   	696.692   	284.65    	
46.7861   	300       	119.661   	2.76866   	680.27    	300.305   	
47.3235   	300       	119.648   	2.70379   	664.974   	314.832   	
48.4225   	300       	119.616   	2.57741   	633.992   	341.479   	
49.1134   	300       	119.593   	2.50793   	616.157   	358.321   	
49.663    	300       	119.574   	2.45125   	602.347   	371.087   	
50.1698   	300       	119.556   	2.40084   	589.975   	382.498   	
50.6629   	300       	119.537   	2.35297   	578.297   	393.32    	
51.5904   	300       	119.501   	2.26783   	557.633   	412.829   	
52.2637   	300       	119.474   	2.21002   	543.606   	426.763   	
53.4263   	300       	119.427   	2.12342   	522.688   	450.146   	
54.2066   	300       	119.395   	2.07082   	509.661   	465.419   	
55.5062   	300       	119.34    	1.98883   	489.481   	488.65    	
56.455    	300       	119.299   	1.92938   	474.813   	504.271   	
57.1698   	300       	119.268   	1.88513   	463.978   	515.536   	
58.3607   	300       	119.216   	1.81903   	447.558   	533.927   	
59.1741   	300       	119.18    	1.77518   	436.794   	546.15    	
60.5971   	300       	119.119   	1.70272   	418.933   	566.128   	
61.503    	300       	119.08    	1.65895   	408.006   	578.356   	
62.269    	300       	119.047   	1.62296   	399.1     	588.383   	
63.6058   	300       	118.991   	1.565     	384.657   	604.879   	
65.4052   	300       	118.916   	1.49816   	368.054   	626.315   	
66.6564   	300       	118.864   	1.45304   	356.844   	640.015   	
67.6844   	300       	118.821   	1.41584   	347.612   	650.289   	
68.6072   	300       	118.783   	1.38337   	339.53    	659.049   	
70.3651   	300       	118.711   	1.32505   	324.96    	674.403   	
71.7426   	300       	118.655   	1.28134   	314.113   	685.665   	
72.9858   	300       	118.605   	1.24362   	304.721   	695.422   	
74.1133   	300       	118.561   	1.21061   	296.506   	703.879   	
75.164    	300       	118.519   	1.18206   	289.404   	711.85    	
76.1774   	300       	118.479   	1.15544   	282.78    	719.386   	
77.197    	300       	118.44    	1.12938   	276.298   	726.705   	
78.2566   	300       	118.399   	1.10314   	269.774   	733.978   	
79.3329   	300       	118.358   	1.07755   	263.417   	741.059   	
80.424    	300       	118.317   	1.05249   	257.194   	747.966   	
81.5529   	300       	118.274   	1.02742   	250.976   	754.86    	
82.6996   	300       	118.232   	1.00287   	244.887   	761.647   	
83.8595   	300       	118.189   	0.979019  	238.977   	768.366   	
85.0278   	300       	118.147   	0.956071  	233.292   	775.047   	
86.2426   	300       	118.103   	0.933251  	227.64    	781.843   	
87.5843   	300       	118.056   	0.909253  	221.696   	788.977   	
89.1637   	300       	118       	0.883527  	215.333   	797.107   	
90.9909   	300       	117.935   	0.854896  	208.253   	805.846   	
93.0323   	300       	117.864   	0.823848  	200.596   	814.985   	
95.2756   	300       	117.788   	0.791419  	192.598   	824.351   	
97.6879   	300       	117.706   	0.758722  	184.537   	833.678   	
100.239   	300       	117.621   	0.725887  	176.45    	842.909   	
102.907   	300       	117.533   	0.694048  	168.593   	852.012   	
105.701   	300       	117.443   	0.662249  	160.87    	860.999   	
107.104   	300       	117.399   	0.647102  	157.153   	865.358   	
108.778   	300       	117.345   	0.631207  	153.164   	870.793   	
110.684   	300       	117.286   	0.612163  	148.527   	876.858   	
112.775   	300       	117.221   	0.592713  	143.749   	883.368   	
115.016   	300       	117.152   	0.572628  	138.817   	890.046   	
117.388   	300       	117.079   	0.552377  	133.822   	896.24    	
119.893   	300       	117.004   	0.533023  	129.077   	902.768   	
122.525   	300       	116.927   	0.512754  	124.142   	910.239   	
125.148   	300       	116.851   	0.493581  	119.485   	916.684   	
127.703   	300       	116.777   	0.475662  	115.113   	922.731   	
130.193   	300       	116.706   	0.459128  	111.077   	928.357   	
132.652   	300       	116.637   	0.443768  	107.325   	933.654   	
135.129   	300       	116.568   	0.429105  	103.737   	938.718   	
137.678   	300       	116.498   	0.415281  	100.355   	944.315   	
140.342   	300       	116.426   	0.401483  	96.9851   	950.054   	
142.921   	300       	116.357   	0.388589  	93.8249   	955.43    	
145.339   	300       	116.293   	0.376908  	90.9577   	960.27    	
149.897   	300       	116.176   	0.357283  	85.9112   	968.85    	
153.211   	300       	116.092   	0.343112  	82.5025   	974.687   	
156.164   	300       	116.02    	0.331106  	79.5818   	979.684   	
159.075   	300       	115.949   	0.319804  	76.842    	984.377   	
164.545   	300       	115.824   	0.300546  	72.0702   	992.607   	
168.194   	300       	115.744   	0.289604  	69.13     	997.82    	
171.246   	300       	115.68    	0.279532  	66.7453   	1002.03   	
174.109   	300       	115.623   	0.27042   	64.6      	1005.82   	
176.989   	300       	115.567   	0.261951  	62.5941   	1009.53   	
179.87    	300       	115.515   	0.254314  	60.7832   	1013.58   	
185.396   	300       	115.427   	0.241109  	57.4501   	1020.9    	
189.261   	300       	115.372   	0.232788  	55.2257   	1025.73   	
192.567   	300       	115.331   	0.225026  	53.4171   	1029.65   	
195.714   	300       	115.297   	0.217996  	51.7736   	1033.21   	
198.909   	300       	115.268   	0.211199  	50.1694   	1036.69   	
202.161   	300       	115.244   	0.203676  	48.5426   	1039.24   	
208.469   	300       	115.228   	0.193179  	45.8725   	1046.1    	
212.897   	300       	115.233   	0.185065  	44.0775   	1049      	
220.445   	300       	115.29    	0.175541  	41.4338   	1054.37   	
225.995   	300       	115.359   	0.168031  	39.6004   	1060.42   	
231.048   	300       	115.449   	0.162169  	38.0321   	1064.11   	
235.532   	300       	115.551   	0.157034  	36.7326   	1067.15   	
239.581   	300       	115.661   	0.152405  	35.6372   	1069.71   	
243.348   	300       	115.779   	0.148286  	34.684    	1071.98   	
246.961   	300       	115.909   	0.144642  	33.8376   	1074.06   	
250.522   	300       	116.052   	0.141664  	33.139    	1076.37   	
254.127   	300       	116.214   	0.138784  	32.4525   	1078.59   	
257.87    	300       	116.401   	0.135976  	31.7764   	1080.84   	
261.854   	300       	116.62    	0.133144  	31.0865   	1083      	
266.205   	300       	116.886   	0.13026   	30.3752   	1085.38   	
271.085   	300       	117.22    	0.127037  	29.6236   	1087.81   	
282.304   	300       	118.163   	0.1216    	28.1561   	1092.66   	
287.304   	300       	118.619   	0.119112  	27.5514   	1094.72   	
293.558   	300       	119.245   	0.1158    	26.8787   	1097.01   	
301.173   	300       	120.089   	0.113915  	26.1549   	1099.53   	
305.728   	300       	120.622   	0.111761  	25.7629   	1100.92   	
311.726   	300       	121.372   	0.110093  	25.2849   	1102.66   	
319.202   	300       	122.377   	0.108753  	24.762    	1104.7    	
323.627   	300       	122.996   	0.107071  	24.4982   	1105.78   	
329.346   	300       	123.833   	0.105949  	24.1649   	1107.17   	
336.444   	300       	124.926   	0.104314  	23.7844   	1108.77   	
340.676   	300       	125.596   	0.103761  	23.5671   	1109.71   	
346.179   	300       	126.495   	0.102757  	23.3031   	1110.86   	
353.066   	300       	127.661   	0.101703  	22.991    	1112.28   	
357.209   	300       	128.376   	0.101094  	22.8086   	1113.13   	
362.625   	300       	129.331   	0.100385  	22.5911   	1114.13   	
369.444   	300       	130.563   	0.0997786 	22.3221   	1115.47   	
377.701   	300       	132.088   	0.0986048 	21.9952   	1117.01   	
382.519   	300       	132.988   	0.0983951 	21.8034   	1117.92   	
385.621   	300       	133.571   	0.0974236 	21.6844   	1118.5    	
389.829   	300       	134.367   	0.0971539 	21.5216   	1119.27   	
395.357   	300       	135.42    	0.0966147 	21.3145   	1120.26   	
402.363   	300       	136.762   	0.095791  	21.0564   	1121.48   	
406.644   	300       	137.583   	0.0947184 	20.9061   	1122.19   	
412.293   	300       	138.667   	0.0946171 	20.6988   	1123.13   	
415.895   	300       	139.358   	0.0938694 	20.5709   	1123.72   	
420.759   	300       	140.289   	0.0933338 	20.3962   	1124.56   	
427.129   	300       	141.502   	0.0925598 	20.1669   	1125.68   	
431.164   	300       	142.268   	0.0919811 	20.0219   	1126.37   	
436.578   	300       	143.288   	0.0913609 	19.8317   	1127.25   	
443.536   	300       	144.586   	0.090698  	19.5846   	1128.34   	
447.784   	300       	145.371   	0.0899616 	19.4366   	1129.01   	
453.35    	300       	146.39    	0.089337  	19.2391   	1129.87   	
456.838   	300       	147.023   	0.0890167 	19.1162   	1130.39   	
466.128   	300       	148.672   	0.0854726 	18.8099   	1131.69   	
471.128   	300       	149.55    	0.0871154 	18.6696   	1132.45   	
477.414   	300       	150.634   	0.0865129 	18.419    	1133.47   	
481.197   	300       	151.28    	0.0864714 	18.2717   	1134.01   	
486.134   	300       	152.11    	0.0856775 	18.0967   	1134.72   	
492.329   	300       	153.13    	0.0846573 	17.8815   	1135.58   	
500       	300       	154.362   	0.081949  	17.66     	1137      	
