Results for well: RES1_INJ.out in the reservoir: RES1_INJ.out

time	BHP	Temp	q(Gas)	q(Oil)	 q(Water)
days	psi	F	Mscf/d	stb/d	stb/d
0         	0         	-         	0         	0         	0         	
0.0001    	700       	200       	0         	0         	-80920.3  	
0.000397924	700       	200       	0         	0         	-79290.1  	
0.00127416	700       	200       	0         	0         	-75077.5  	
0.00376943	700       	200       	0         	0         	-66825.6  	
0.0103682 	700       	200       	0         	0         	-54097.8  	
0.0257439 	700       	200       	0         	0         	-40654.4  	
0.0565017 	700       	200       	0         	0         	-29754.9  	
0.110463  	700       	200       	0         	0         	-22242.3  	
0.197748  	700       	200       	0         	0         	-18128.9  	
0.332757  	700       	200       	0         	0         	-15781.8  	
0.543941  	700       	200       	0         	0         	-15441    	
0.878241  	700       	200       	0         	0         	-16003.3  	
1.29047   	700       	200       	0         	0         	-16826.9  	
1.82574   	700       	200       	0         	0         	-17824    	
2.46006   	700       	200       	0         	0         	-18771.3  	
2.85757   	700       	200       	0         	0         	-19352.7  	
3.48971   	700       	200       	0         	0         	-20056.2  	
3.91624   	700       	200       	0         	0         	-20486.3  	
4.64351   	700       	200       	0         	0         	-21124.8  	
5.12169   	700       	200       	0         	0         	-21498.5  	
5.942     	700       	200       	0         	0         	-21988.2  	
6.4767    	700       	200       	0         	0         	-22273.2  	
7.3896    	700       	200       	0         	0         	-22698.6  	
7.98904   	700       	200       	0         	0         	-22970.8  	
8.49044   	700       	200       	0         	0         	-23188.2  	
9.42196   	700       	200       	0         	0         	-23532.6  	
10.0639   	700       	200       	0         	0         	-23755.7  	
10.6151   	700       	200       	0         	0         	-23933.7  	
11.125    	700       	200       	0         	0         	-24088.3  	
11.598    	700       	200       	0         	0         	-24223    	
12.0555   	700       	200       	0         	0         	-24346.9  	
12.5088   	700       	200       	0         	0         	-24464.1  	
12.9628   	700       	200       	0         	0         	-24573.7  	
13.8504   	700       	200       	0         	0         	-24756.5  	
14.5207   	700       	200       	0         	0         	-24881.2  	
15.1174   	700       	200       	0         	0         	-24987.8  	
16.2049   	700       	200       	0         	0         	-25154.9  	
16.9792   	700       	200       	0         	0         	-25265.2  	
17.6489   	700       	200       	0         	0         	-25355.5  	
18.8569   	700       	200       	0         	0         	-25498.7  	
19.2921   	700       	200       	0         	0         	-25551.3  	
19.7625   	700       	200       	0         	0         	-25604    	
20.2521   	700       	200       	0         	0         	-25657.6  	
20.7546   	700       	200       	0         	0         	-25709.6  	
21.271    	700       	200       	0         	0         	-25759.9  	
21.7977   	700       	200       	0         	0         	-25808.2  	
22.3317   	700       	200       	0         	0         	-25855.9  	
22.8637   	700       	200       	0         	0         	-25902.4  	
23.3993   	700       	200       	0         	0         	-25946.3  	
23.9375   	700       	200       	0         	0         	-25989.7  	
24.4859   	700       	200       	0         	0         	-26033    	
25.0361   	700       	200       	0         	0         	-26076.3  	
25.5865   	700       	200       	0         	0         	-26118.9  	
26.1374   	700       	200       	0         	0         	-26160.7  	
26.6977   	700       	200       	0         	0         	-26202.7  	
27.2648   	700       	200       	0         	0         	-26244.4  	
28.4096   	700       	200       	0         	0         	-26324.1  	
28.8442   	700       	200       	0         	0         	-26354.5  	
29.3228   	700       	200       	0         	0         	-26387    	
29.8394   	700       	200       	0         	0         	-26420.8  	
30.387    	700       	200       	0         	0         	-26454.8  	
30.9491   	700       	200       	0         	0         	-26488.2  	
31.5177   	700       	200       	0         	0         	-26519.7  	
32.0998   	700       	200       	0         	0         	-26549.1  	
32.6962   	700       	200       	0         	0         	-26576.7  	
33.2922   	700       	200       	0         	0         	-26601.3  	
33.8828   	700       	200       	0         	0         	-26621.4  	
34.48     	700       	200       	0         	0         	-26637.3  	
35.0964   	700       	200       	0         	0         	-26648.6  	
35.7067   	700       	200       	0         	0         	-26652.9  	
36.3142   	700       	200       	0         	0         	-26647.8  	
36.9379   	700       	200       	0         	0         	-26628.1  	
37.5721   	700       	200       	0         	0         	-26584.4  	
38.2188   	700       	200       	0         	0         	-26507.1  	
38.8969   	700       	200       	0         	0         	-26383.2  	
39.6006   	700       	200       	0         	0         	-26213.9  	
40.3314   	700       	200       	0         	0         	-26004.3  	
41.0936   	700       	200       	0         	0         	-25756.4  	
41.8615   	700       	200       	0         	0         	-25484.2  	
42.5743   	700       	200       	0         	0         	-25215.6  	
43.2499   	700       	200       	0         	0         	-24951.7  	
43.8938   	700       	200       	0         	0         	-24690.9  	
44.4977   	700       	200       	0         	0         	-24440.8  	
45.0902   	700       	200       	0         	0         	-24193.2  	
45.6647   	700       	200       	0         	0         	-23955.9  	
46.2347   	700       	200       	0         	0         	-23722.7  	
46.7861   	700       	200       	0         	0         	-23499.2  	
47.3235   	700       	200       	0         	0         	-23284.5  	
48.4225   	700       	200       	0         	0         	-22852.3  	
49.1134   	700       	200       	0         	0         	-22584.8  	
49.663    	700       	200       	0         	0         	-22377.5  	
50.1698   	700       	200       	0         	0         	-22191    	
50.6629   	700       	200       	0         	0         	-22012.6  	
51.5904   	700       	200       	0         	0         	-21691.1  	
52.2637   	700       	200       	0         	0         	-21463.3  	
53.4263   	700       	200       	0         	0         	-21091.7  	
54.2066   	700       	200       	0         	0         	-20855.3  	
55.5062   	700       	200       	0         	0         	-20497.2  	
56.455    	700       	200       	0         	0         	-20251.7  	
57.1698   	700       	200       	0         	0         	-20075.4  	
58.3607   	700       	200       	0         	0         	-19811.1  	
59.1741   	700       	200       	0         	0         	-19640.5  	
60.5971   	700       	200       	0         	0         	-19369.6  	
61.503    	700       	200       	0         	0         	-19206.1  	
62.269    	700       	200       	0         	0         	-19069.6  	
63.6058   	700       	200       	0         	0         	-18866.8  	
65.4052   	700       	200       	0         	0         	-18636.4  	
66.6564   	700       	200       	0         	0         	-18495.6  	
67.6844   	700       	200       	0         	0         	-18391.3  	
68.6072   	700       	200       	0         	0         	-18306.5  	
70.3651   	700       	200       	0         	0         	-18172    	
71.7426   	700       	200       	0         	0         	-18084.6  	
72.9858   	700       	200       	0         	0         	-18007.9  	
74.1133   	700       	200       	0         	0         	-17944.8  	
75.164    	700       	200       	0         	0         	-17892.3  	
76.1774   	700       	200       	0         	0         	-17847.1  	
77.197    	700       	200       	0         	0         	-17806.6  	
78.2566   	700       	200       	0         	0         	-17769.9  	
79.3329   	700       	200       	0         	0         	-17737.7  	
80.424    	700       	200       	0         	0         	-17709.8  	
81.5529   	700       	200       	0         	0         	-17685.2  	
82.6996   	700       	200       	0         	0         	-17664.1  	
83.8595   	700       	200       	0         	0         	-17646.1  	
85.0278   	700       	200       	0         	0         	-17631.3  	
86.2426   	700       	200       	0         	0         	-17619.6  	
87.5843   	700       	200       	0         	0         	-17610.6  	
89.1637   	700       	200       	0         	0         	-17605.9  	
90.9909   	700       	200       	0         	0         	-17606.1  	
93.0323   	700       	200       	0         	0         	-17610.6  	
95.2756   	700       	200       	0         	0         	-17618.3  	
97.6879   	700       	200       	0         	0         	-17628.8  	
100.239   	700       	200       	0         	0         	-17641    	
102.907   	700       	200       	0         	0         	-17654.8  	
105.701   	700       	200       	0         	0         	-17670    	
107.104   	700       	200       	0         	0         	-17678    	
108.778   	700       	200       	0         	0         	-17689.1  	
110.684   	700       	200       	0         	0         	-17704.7  	
112.775   	700       	200       	0         	0         	-17723.7  	
115.016   	700       	200       	0         	0         	-17745.4  	
117.388   	700       	200       	0         	0         	-17769.1  	
119.893   	700       	200       	0         	0         	-17794.8  	
122.525   	700       	200       	0         	0         	-17822.7  	
125.148   	700       	200       	0         	0         	-17850.6  	
127.703   	700       	200       	0         	0         	-17877.6  	
130.193   	700       	200       	0         	0         	-17903.6  	
132.652   	700       	200       	0         	0         	-17928.8  	
135.129   	700       	200       	0         	0         	-17953.7  	
137.678   	700       	200       	0         	0         	-17982    	
140.342   	700       	200       	0         	0         	-18013.3  	
142.921   	700       	200       	0         	0         	-18045    	
145.339   	700       	200       	0         	0         	-18075.3  	
149.897   	700       	200       	0         	0         	-18131.9  	
153.211   	700       	200       	0         	0         	-18172.5  	
156.164   	700       	200       	0         	0         	-18208.3  	
159.075   	700       	200       	0         	0         	-18242.9  	
164.545   	700       	200       	0         	0         	-18304.2  	
168.194   	700       	200       	0         	0         	-18343.5  	
171.246   	700       	200       	0         	0         	-18375.8  	
174.109   	700       	200       	0         	0         	-18405.4  	
176.989   	700       	200       	0         	0         	-18435.2  	
179.87    	700       	200       	0         	0         	-18467.2  	
185.396   	700       	200       	0         	0         	-18529.8  	
189.261   	700       	200       	0         	0         	-18573.8  	
192.567   	700       	200       	0         	0         	-18610.7  	
195.714   	700       	200       	0         	0         	-18644.7  	
198.909   	700       	200       	0         	0         	-18678.1  	
202.161   	700       	200       	0         	0         	-18711.2  	
208.469   	700       	200       	0         	0         	-18771.4  	
212.897   	700       	200       	0         	0         	-18812.1  	
220.445   	700       	200       	0         	0         	-18875.8  	
225.995   	700       	200       	0         	0         	-18920.6  	
231.048   	700       	200       	0         	0         	-18959.7  	
235.532   	700       	200       	0         	0         	-18992.7  	
239.581   	700       	200       	0         	0         	-19021.1  	
243.348   	700       	200       	0         	0         	-19046.3  	
246.961   	700       	200       	0         	0         	-19069.5  	
250.522   	700       	200       	0         	0         	-19093.7  	
254.127   	700       	200       	0         	0         	-19118.6  	
257.87    	700       	200       	0         	0         	-19144.4  	
261.854   	700       	200       	0         	0         	-19171.5  	
266.205   	700       	200       	0         	0         	-19200.3  	
271.085   	700       	200       	0         	0         	-19231.5  	
282.304   	700       	200       	0         	0         	-19295.9  	
287.304   	700       	200       	0         	0         	-19322.7  	
293.558   	700       	200       	0         	0         	-19354.1  	
301.173   	700       	200       	0         	0         	-19389    	
305.728   	700       	200       	0         	0         	-19409    	
311.726   	700       	200       	0         	0         	-19433.7  	
319.202   	700       	200       	0         	0         	-19461.4  	
323.627   	700       	200       	0         	0         	-19477.4  	
329.346   	700       	200       	0         	0         	-19497.6  	
336.444   	700       	200       	0         	0         	-19521.2  	
340.676   	700       	200       	0         	0         	-19535    	
346.179   	700       	200       	0         	0         	-19552.2  	
353.066   	700       	200       	0         	0         	-19572.7  	
357.209   	700       	200       	0         	0         	-19585.1  	
362.625   	700       	200       	0         	0         	-19600.8  	
369.444   	700       	200       	0         	0         	-19620.3  	
377.701   	700       	200       	0         	0         	-19643.3  	
382.519   	700       	200       	0         	0         	-19656.7  	
385.621   	700       	200       	0         	0         	-19665.2  	
389.829   	700       	200       	0         	0         	-19676.5  	
395.357   	700       	200       	0         	0         	-19691    	
402.363   	700       	200       	0         	0         	-19709.2  	
406.644   	700       	200       	0         	0         	-19720.4  	
412.293   	700       	200       	0         	0         	-19734.9  	
415.895   	700       	200       	0         	0         	-19744    	
420.759   	700       	200       	0         	0         	-19756.4  	
427.129   	700       	200       	0         	0         	-19773.1  	
431.164   	700       	200       	0         	0         	-19783    	
436.578   	700       	200       	0         	0         	-19795.9  	
443.536   	700       	200       	0         	0         	-19812.4  	
447.784   	700       	200       	0         	0         	-19822.5  	
453.35    	700       	200       	0         	0         	-19835.5  	
456.838   	700       	200       	0         	0         	-19843.6  	
466.128   	700       	200       	0         	0         	-19864.1  	
471.128   	700       	200       	0         	0         	-19875.4  	
477.414   	700       	200       	0         	0         	-19889.3  	
481.197   	700       	200       	0         	0         	-19897.5  	
486.134   	700       	200       	0         	0         	-19907.7  	
492.329   	700       	200       	0         	0         	-19920.4  	
500       	700       	200       	0         	0         	-19939    	
