1	0.0001	-1	-1	-1	14	28	0.0001	0.063	0.095	0.045
1	0.000297924	1	14	0.000696728	14	28	0.000397924	0.094	0.188	0.093
1	0.000876231	1	14	0.00200191	12	24	0.00127416	0.14	0.267	0.125
1	0.00249527	1	14	0.0053469	12	27	0.00376943	0.188	0.361	0.155
1	0.00659873	1	14	0.0134434	12	28	0.0103682	0.25	0.408	0.187
1	0.0153758	1	14	0.0287491	14	38	0.0257439	0.314	0.47	0.234
1	0.0307577	1	14	0.04997	14	43	0.0565017	0.361	0.564	0.28
1	0.0539612	1	14	0.0709991	14	48	0.110463	0.423	0.643	0.327
1	0.0872854	1	14	0.0854648	14	50	0.197748	0.455	0.767	0.374
1	0.135009	1	14	0.0939544	14	57	0.332757	0.548	0.862	0.405
1	0.211183	1	14	0.0917894	14	60	0.543941	0.611	0.955	0.468
1	0.3343	1	14	0.0895154	16	84	0.878241	0.72	1.033	0.515
1	0.412225	1	29	0.14329	15	90	1.29047	0.828	1.127	0.531
1	0.535276	1	13	0.131035	13	91	1.82574	0.876	1.235	0.562
1	0.634322	1	28	0.153157	13	119	2.46006	0.923	1.235	0.718
1	0.397508	1	44	0.139362	13	96	2.85757	1.095	1.437	1.25
1	0.632133	1	43	0.0886509	13	136	3.48971	1.095	1.484	1.391
1	0.426538	1	27	0.122301	13	97	3.91624	1.345	1.685	1.878
1	0.72727	1	58	0.0759477	13	142	4.64351	1.392	1.763	1.957
1	0.478172	1	42	0.128141	13	111	5.12169	1.596	1.98	2.583
1	0.820312	1	74	0.0748744	11	134	5.942	1.675	2.058	2.614
1	0.534703	1	57	0.130122	18	137	6.4767	1.863	2.558	3.098
1	0.912903	1	41	0.0757151	11	145	7.3896	1.926	2.574	3.207
1	0.59944	1	72	0.128439	19	158	7.98904	2.238	2.777	3.597
1	0.501393	1	56	0.0793326	14	130	8.49044	2.412	3.136	4.157
1	0.93152	1	104	0.0614757	11	177	9.42196	2.46	3.197	4.251
1	0.641924	1	71	0.117671	18	162	10.0639	2.615	3.447	4.674
1	0.551189	1	71	0.0746924	18	154	10.6151	2.818	3.698	5.282
1	0.509909	1	86	0.0621436	14	139	11.125	3.036	4.01	5.83
1	0.473058	1	86	0.0616849	8	95	11.598	3.273	4.167	6.421
1	0.457422	1	86	0.0551275	12	127	12.0555	3.617	4.336	7.003
1	0.453343	1	70	0.0513496	12	129	12.5088	3.837	4.601	7.565
1	0.453957	1	101	0.0497971	7	93	12.9628	4.008	4.898	8.128
1	0.887665	1	101	0.0534217	7	107	13.8504	4.07	4.914	8.206
1	0.670244	1	85	0.0986587	19	188	14.5207	4.193	5.149	8.724
1	0.596763	1	85	0.0684698	18	162	15.1174	4.38	5.535	9.228
1	1.08744	1	116	0.0646333	12	214	16.2049	4.427	5.598	9.384
1	0.774321	1	100	0.110657	31	509	16.9792	4.702	5.881	9.904
1	0.669663	1	131	0.0734427	19	202	17.6489	4.857	6.099	10.406
1	1.208	1	131	0.0663067	12	227	18.8569	4.905	6.193	10.545
1	0.435284	1	163	0.10814	12	142	19.2921	5.138	6.47	11.363
1	0.470372	1	99	0.0388105	16	176	19.7625	5.372	6.803	12.046
1	0.489622	1	130	0.0441028	18	190	20.2521	5.592	7.008	12.886
1	0.502461	1	130	0.046167	18	190	20.7546	5.856	7.353	13.402
1	0.516402	1	114	0.0459507	19	198	21.271	6.075	7.68	13.966
1	0.52671	1	114	0.0470644	19	198	21.7977	6.294	7.852	14.669
1	0.533951	1	145	0.0479658	19	189	22.3317	6.531	8.195	15.339
1	0.532088	1	145	0.0505252	18	201	22.8637	6.78	8.475	16.06
1	0.535507	1	129	0.0490422	18	192	23.3993	7.042	8.823	16.684
1	0.538235	1	129	0.0492399	18	182	23.9375	7.337	9.086	17.344
1	0.548441	1	193	0.0472085	18	201	24.4859	7.54	9.461	18.062
1	0.550142	1	160	0.0495362	18	207	25.0361	7.773	9.713	18.905
1	0.550421	1	160	0.0499239	19	216	25.5865	8.025	10.027	19.621
1	0.550893	1	144	0.0498716	19	212	26.1374	8.352	10.292	20.279
1	0.560274	1	144	0.0474885	19	219	26.6977	8.491	10.527	21.014
1	0.567125	1	208	0.0481879	19	218	27.2648	8.804	10.761	21.655
1	1.14478	1	175	0.0486203	14	299	28.4096	8.867	10.841	21.855
1	0.43462	1	224	0.0975485	8	110	28.8442	9.148	11.231	22.668
1	0.478644	1	224	0.0362035	16	185	29.3228	9.429	11.542	23.28
1	0.516566	1	223	0.0389883	19	219	29.8394	9.68	11.854	23.983
1	0.547599	1	223	0.0414994	19	221	30.387	9.914	12.168	24.607
1	0.562063	1	239	0.0461398	19	220	30.9491	10.1	12.434	25.249
1	0.56869	1	239	0.0482522	19	227	31.5177	10.287	12.747	25.952
1	0.582104	1	239	0.0465434	19	219	32.0998	10.493	12.994	26.656
1	0.596321	1	238	0.0464239	19	228	32.6962	10.745	13.256	27.237
1	0.596061	1	254	0.0500654	19	231	33.2922	10.917	13.505	27.832
1	0.590559	1	254	0.0513973	19	240	33.8828	11.105	13.865	28.519
1	0.597217	1	254	0.0483277	19	237	34.48	11.324	14.159	29.085
1	0.616398	1	253	0.0453324	18	228	35.0964	11.498	14.343	29.649
1	0.610264	1	269	0.0515076	19	250	35.7067	11.733	14.56	30.151
1	0.6075	1	269	0.0506825	16	207	36.3142	11.951	14.763	30.746
1	0.62374	1	269	0.0460945	16	229	36.9379	12.201	14.92	31.338
1	0.634196	1	284	0.0475271	14	197	37.5721	12.326	15.2	31.917
1	0.646663	1	284	0.0471081	11	187	38.2188	12.516	15.343	32.412
1	0.678111	1	284	0.0430436	9	182	38.8969	12.641	15.53	32.944
1	0.703767	1	172	0.0445317	8	169	39.6006	12.766	15.7	33.461
1	0.730789	1	172	0.0444535	8	175	40.3314	12.938	15.776	33.916
1	0.762182	1	219	0.0438219	7	154	41.0936	12.97	15.967	34.303
1	0.767905	1	123	0.048882	37	910	41.8615	13.238	16.279	35.254
1	0.712736	1	123	0.0616107	16	374	42.5743	13.456	16.528	35.975
1	0.675604	1	123	0.0582441	20	471	43.2499	13.706	16.795	36.724
1	0.643924	1	122	0.05738	13	292	43.8938	13.894	17.027	37.585
1	0.60393	1	122	0.0599334	9	198	44.4977	14.139	17.262	38.308
1	0.59251	1	122	0.052891	7	152	45.0902	14.358	17.466	38.947
1	0.574521	1	121	0.0546967	5	105	45.6647	14.517	17.683	39.602
1	0.569904	1	109	0.0512152	9	205	46.2347	14.708	17.949	40.332
1	0.551441	1	109	0.0550222	5	107	46.7861	14.834	18.261	41.05
1	0.53738	1	109	0.0539249	5	105	47.3235	15.039	18.511	41.783
1	1.09906	1	108	0.046684	6	140	48.4225	15.055	18.559	41.876
1	0.690877	1	108	0.138622	8	175	49.1134	15.29	18.669	42.578
1	0.549644	1	108	0.0885432	5	100	49.663	15.43	18.902	43.361
1	0.506765	1	108	0.0626919	5	93	50.1698	15.645	19.055	44.087
1	0.493122	1	107	0.0541501	5	93	50.6629	15.849	19.226	44.853
1	0.927512	1	107	0.0594982	17	426	51.5904	15.912	19.367	45.134
1	0.673262	1	107	0.106646	5	109	52.2637	16.096	19.586	45.841
1	1.16257	1	106	0.0737345	9	224	53.4263	16.158	19.617	45.998
1	0.780334	1	105	0.123476	5	114	54.2066	16.377	19.851	46.638
1	1.29961	1	105	0.0801316	5	119	55.5062	16.407	19.883	46.717
1	0.948823	1	93	0.105455	5	114	56.455	16.562	19.975	47.236
1	0.714792	1	93	0.0991119	5	93	57.1698	16.795	20.194	47.877
1	1.19088	1	93	0.0800667	5	111	58.3607	16.825	20.194	47.956
1	0.813422	1	93	0.119605	5	107	59.1741	17.122	20.383	48.658
1	1.42293	1	92	0.0714956	6	129	60.5971	17.154	20.399	48.766
1	0.905893	1	92	0.135613	5	104	61.503	17.356	20.618	49.564
1	0.766025	1	91	0.0773883	5	94	62.269	17.56	20.775	50.344
1	1.33686	1	91	0.0719014	5	124	63.6058	17.575	20.805	50.424
1	1.79935	1	90	0.122889	5	123	65.4052	17.607	20.82	50.502
1	1.25123	1	90	0.115711	5	115	66.6564	17.701	20.929	50.956
1	1.02794	1	79	0.0825826	5	107	67.6844	17.842	21.021	51.63
1	0.92284	1	79	0.0670834	5	106	68.6072	18.012	21.224	52.382
1	1.75793	1	79	0.0574876	5	111	70.3651	18.072	21.224	52.462
1	1.37751	1	79	0.091425	5	109	71.7426	18.228	21.302	52.869
1	1.24316	1	78	0.0662106	5	95	72.9858	18.387	21.395	53.415
1	1.1275	1	78	0.0653862	5	100	74.1133	18.59	21.552	53.946
1	1.05068	1	78	0.0609682	5	99	75.164	18.776	21.756	54.634
1	1.01346	1	78	0.0555085	5	104	76.1774	18.963	21.896	55.37
1	1.01953	1	78	0.0491071	5	89	77.197	19.18	22.067	55.998
1	1.05968	1	77	0.0443164	5	93	78.2566	19.381	22.207	56.626
1	1.07626	1	77	0.0476888	5	103	79.3329	19.539	22.455	57.283
1	1.09109	1	77	0.0479621	5	104	80.424	19.759	22.643	58.047
1	1.1289	1	76	0.0449758	5	102	81.5529	19.965	22.814	58.826
1	1.14669	1	76	0.0476729	5	95	82.6996	20.091	22.908	59.716
1	1.15989	1	75	0.0482929	5	112	83.8595	20.298	23.114	60.335
1	1.16834	1	75	0.0489147	5	115	85.0278	20.487	23.288	61.113
1	1.21483	1	75	0.0442602	5	122	86.2426	20.644	23.631	61.785
1	1.34165	1	75	0.0358212	5	123	87.5843	20.766	23.942	62.352
1	1.57937	1	75	0.0274222	5	113	89.1637	20.909	23.99	63.005
1	1.82724	1	245	0.0296519	5	124	90.9909	21.031	24.1	63.46
1	2.04142	1	245	0.0342631	5	108	93.0323	21.155	24.132	63.929
1	2.24324	1	245	0.0365044	5	124	95.2756	21.281	24.291	64.301
1	2.41229	1	292	0.0394881	5	121	97.6879	21.343	24.463	64.63
1	2.55125	1	292	0.04183	5	116	100.239	21.515	24.495	64.942
1	2.668	1	260	0.0434359	5	116	102.907	21.608	24.558	65.223
1	2.79378	1	260	0.0432471	5	116	105.701	21.686	24.65	65.428
1	1.4034	1	291	0.0493046	4	87	107.104	21.921	24.79	66.193
1	1.67362	1	291	0.0257808	3	58	108.778	22.138	24.822	66.631
1	1.90599	1	291	0.0317126	5	118	110.684	22.246	24.932	67.038
1	2.09114	1	291	0.0367192	5	117	112.775	22.37	25.027	67.429
1	2.24047	1	291	0.040002	5	114	115.016	22.511	25.059	67.85
1	2.37284	1	291	0.0416321	3	59	117.388	22.605	25.168	68.21
1	2.50511	1	291	0.04208	3	60	119.893	22.701	25.264	68.596
1	2.6313	1	290	0.0428067	5	119	122.525	22.812	25.356	69.049
1	2.62322	1	290	0.0504619	4	90	125.148	22.937	25.418	69.487
1	2.55499	1	290	0.0540057	4	89	127.703	23.079	25.513	69.922
1	2.49018	1	290	0.053904	4	90	130.193	23.234	25.576	70.329
1	2.45931	1	290	0.0518826	4	90	132.652	23.405	25.653	70.768
1	2.47634	1	290	0.0489685	4	92	135.129	23.515	25.731	71.455
1	2.54925	1	290	0.0457101	4	90	137.678	23.72	25.857	71.952
1	2.66428	1	289	0.0435237	4	87	140.342	23.844	25.996	72.501
1	2.57829	1	289	0.0550031	4	94	142.921	23.953	26.152	73.018
1	2.41808	1	289	0.0599382	4	93	145.339	24.106	26.292	73.584
1	4.55845	1	289	0.0591381	5	128	149.897	24.136	26.339	73.663
1	3.31371	1	289	0.106345	4	94	153.211	24.339	26.417	74.007
1	2.95329	1	289	0.0683057	4	90	156.164	24.528	26.478	74.428
1	2.91104	1	289	0.0521773	4	87	159.075	24.776	26.571	74.852
1	5.46954	1	288	0.0596683	4	98	164.545	24.791	26.602	74.915
1	3.64957	1	288	0.124802	4	96	168.194	24.901	26.681	75.351
1	3.05181	1	288	0.0793807	4	94	171.246	25.041	26.837	75.852
1	2.8628	1	288	0.0599031	4	88	174.109	25.246	27.039	76.383
1	2.88011	1	288	0.0490988	4	96	176.989	25.385	27.133	76.993
1	2.88074	1	287	0.0499669	4	93	179.87	25.557	27.32	77.619
1	5.52658	1	287	0.0563757	4	99	185.396	25.557	27.351	77.698
1	3.8648	1	287	0.114497	4	98	189.261	25.79	27.428	78.076
1	3.30635	1	287	0.0753355	4	96	192.567	25.884	27.539	78.669
1	3.14661	1	287	0.0576144	4	91	195.714	26.072	27.712	79.199
1	3.19507	1	287	0.0477252	4	96	198.909	26.213	27.839	79.744
1	3.25136	1	286	0.0474032	3	63	202.161	26.354	28.074	80.258
1	6.30859	1	286	0.0546157	4	100	208.469	26.37	28.12	80.321
1	4.42808	1	286	0.113702	3	66	212.897	26.448	28.229	80.728
1	7.54738	1	286	0.0760112	3	67	220.445	26.494	28.229	80.776
1	5.55052	1	286	0.103964	4	96	225.995	26.542	28.307	81.165
1	5.05261	1	285	0.0647817	4	97	231.048	26.605	28.432	81.539
1	4.48382	1	285	0.0690282	4	91	235.532	26.696	28.527	81.994
1	4.04984	1	285	0.066074	4	84	239.581	26.774	28.589	82.51
1	3.76704	1	285	0.0612605	4	91	243.348	26.87	28.652	83.085
1	3.61246	1	285	0.056419	4	83	246.961	27.025	28.764	83.615
1	3.56129	1	285	0.0521552	4	78	250.522	27.087	28.858	84.428
1	3.60517	1	285	0.048174	4	88	254.127	27.212	28.953	85.177
1	3.74285	1	285	0.0444826	4	86	257.87	27.35	29.11	85.741
1	3.98389	1	285	0.0409244	4	88	261.854	27.506	29.253	86.333
1	4.3507	1	285	0.0373533	4	75	266.205	27.617	29.408	86.802
1	4.88002	1	285	0.0337299	5	120	271.085	27.713	29.531	87.27
1	11.2193	1	285	0.0304905	5	130	282.304	27.744	29.561	87.365
1	5	1	273	0.0466604	5	111	287.304	27.884	29.732	88.071
1	6.25382	1	273	0.0199267	5	125	293.558	27.993	29.872	88.431
1	7.61546	1	273	0.0231801	5	118	301.173	28.086	29.952	88.742
1	4.55495	1	273	0.0253931	5	111	305.728	28.288	30.154	89.353
1	5.99814	1	272	0.0139092	5	113	311.726	28.366	30.264	89.728
1	7.476	1	272	0.0203479	5	118	319.202	28.508	30.358	90.039
1	4.42436	1	272	0.0267303	5	117	323.627	28.649	30.713	90.808
1	5.7196	1	272	0.0160314	5	116	329.346	28.743	30.806	91.215
1	7.09793	1	272	0.0208719	6	135	336.444	28.79	30.899	91.669
1	4.2316	1	272	0.0258022	6	136	340.676	28.881	31.227	92.5
1	5.50333	1	272	0.0153375	6	143	346.179	28.96	31.336	92.922
1	6.88686	1	272	0.0198658	6	136	353.066	29.053	31.445	93.22
1	4.14314	1	272	0.0246675	5	104	357.209	29.164	31.692	93.94
1	5.41596	1	272	0.014748	5	113	362.625	29.288	31.801	94.285
1	6.81893	1	272	0.019138	8	201	369.444	29.429	31.926	94.613
1	8.25734	1	272	0.0238703	5	115	377.701	29.509	32.003	94.83
1	4.8176	1	272	0.0285497	6	133	382.519	29.65	32.111	95.409
1	3.10158	1	272	0.0164954	5	108	385.621	29.852	32.39	96.365
1	4.20814	1	272	0.0105565	6	142	389.829	29.947	32.561	96.865
1	5.5281	1	272	0.0141841	6	138	395.357	29.993	32.719	97.255
1	7.00644	1	272	0.0183503	15	414	402.363	30.103	32.797	97.817
1	4.28065	1	272	0.0227578	5	118	406.644	30.165	32.937	98.255
1	5.64894	1	272	0.0136669	6	138	412.293	30.181	33.032	98.582
1	3.60168	1	272	0.0176314	5	103	415.895	30.369	33.203	99.176
1	4.86487	1	272	0.0110515	6	135	420.759	30.385	33.25	99.597
1	6.37004	1	272	0.0145568	5	108	427.129	30.494	33.358	99.802
1	4.03489	1	272	0.0184054	5	108	431.164	30.572	33.451	100.397
1	5.4141	1	271	0.0117885	5	105	436.578	30.651	33.623	100.6
1	6.95792	1	271	0.016718	7	177	443.536	30.666	33.699	100.946
1	4.24724	1	271	0.0228666	5	107	447.784	30.792	33.902	101.383
1	5.56643	1	271	0.0144515	5	109	453.35	30.918	33.95	101.709
1	3.48777	1	271	0.0196988	5	101	456.838	31.233	34.263	102.504
1	9.29053	1	271	0.0126233	8	199	466.128	31.248	34.341	102.63
1	5	1	271	0.0352703	17	470	471.128	31.543	34.433	103.212
1	6.2859	1	271	0.0193147	5	109	477.414	31.637	34.509	103.433
1	3.78235	1	271	0.0246428	5	112	481.197	31.84	34.68	104.09
1	4.93704	1	271	0.0149174	5	111	486.134	31.947	34.821	104.404
1	6.19513	1	271	0.0195384	8	213	492.329	32.071	34.897	104.704
1	7.67123	1	271	0.0243991	8	194	500	32.133	34.928	104.814
