Results for well: RES1_INJ.out in the reservoir: RES1_INJ.out

time	BHP	Temp	q(Oil)	q(Water)
days	psi	F	stb/d	stb/d
0         	0         	-         	0         	0         	
0.0001    	6000      	70        	0         	-139.791  	
0.000195588	6000      	70        	0         	-129.22   	
0.000293607	6000      	70        	0         	-119.376  	
0.000395845	6000      	70        	0         	-110.011  	
0.000503548	6000      	70        	0         	-101.052  	
0.000617956	6000      	70        	0         	-92.4597  	
0.000740398	6000      	70        	0         	-84.8401  	
0.000875619	6000      	70        	0         	-77.2988  	
0.00102476	6000      	70        	0         	-69.9209  	
0.00118954	6000      	70        	0         	-62.7718  	
0.00137239	6000      	70        	0         	-55.904   	
0.00157662	6000      	70        	0         	-49.3622  	
0.00180673	6000      	70        	0         	-43.1878  	
0.00206878	6000      	70        	0         	-37.8605  	
0.00237694	6000      	70        	0         	-32.7779  	
0.00274199	6000      	70        	0         	-28.0492  	
0.00317977	6000      	70        	0         	-23.7662  	
0.00371377	6000      	70        	0         	-20.0052  	
0.00437926	6000      	70        	0         	-16.8237  	
0.00522993	6000      	70        	0         	-14.2511  	
0.00634861	6000      	70        	0         	-12.2721  	
0.00779432	6000      	70        	0         	-10.8511  	
0.00962519	6000      	70        	0         	-9.84876  	
0.0119113 	6000      	70        	0         	-9.10249  	
0.0147444 	6000      	70        	0         	-8.4893   	
0.0182494 	6000      	70        	0         	-7.9389   	
0.0225997 	6000      	70        	0         	-7.41938  	
0.0280385 	6000      	70        	0         	-6.91916  	
0.0348866 	6000      	70        	0         	-6.43627  	
0.0434992 	6000      	70        	0         	-5.97507  	
0.0544085 	6000      	70        	0         	-5.54345  	
0.0684575 	6000      	70        	0         	-5.12966  	
0.086951  	6000      	70        	0         	-4.73476  	
0.111864  	6000      	70        	0         	-4.36256  	
0.145741  	6000      	70        	0         	-5.07316  	
0.185969  	6000      	70        	0         	-6.06799  	
0.223409  	6000      	70        	0         	-6.36989  	
0.261159  	6000      	70        	0         	-6.39723  	
0.30187   	6000      	70        	0         	-6.2866   	
0.347891  	6000      	70        	0         	-6.10009  	
0.401749  	6000      	70        	0         	-5.87469  	
0.466635  	6000      	70        	0         	-6.0888   	
0.547095  	6000      	70        	0         	-6.96403  	
0.627807  	6000      	70        	0         	-7.08869  	
0.714691  	6000      	70        	0         	-7.05138  	
0.809361  	6000      	70        	0         	-6.87785  	
0.914403  	6000      	70        	0         	-7.07551  	
1.03433   	6000      	70        	0         	-7.74034  	
1.16359   	6000      	70        	0         	-7.91005  	
1.30897   	6000      	70        	0         	-7.90446  	
1.46861   	6000      	70        	0         	-8.30959  	
1.64823   	6000      	70        	0         	-8.94106  	
1.84812   	6000      	70        	0         	-9.19261  	
2.07388   	6000      	70        	0         	-9.48889  	
2.31669   	6000      	70        	0         	-9.83191  	
2.57473   	6000      	70        	0         	-9.98265  	
2.8438    	6000      	70        	0         	-10.0138  	
3.1231    	6000      	70        	0         	-10.0239  	
3.4073    	6000      	70        	0         	-10.0057  	
3.69443   	6000      	70        	0         	-9.93309  	
3.9881    	6000      	70        	0         	-9.82136  	
4.28782   	6000      	70        	0         	-9.68774  	
4.59815   	6000      	70        	0         	-9.53189  	
4.92      	6000      	70        	0         	-9.3575   	
5.25625   	6000      	70        	0         	-9.1645   	
5.61409   	6000      	70        	0         	-8.95377  	
6.0091    	6000      	70        	0         	-8.72671  	
6.45243   	6000      	70        	0         	-8.52007  	
6.9828    	6000      	70        	0         	-8.34315  	
7.58272   	6000      	70        	0         	-8.103    	
8.29875   	6000      	70        	0         	-7.82386  	
9.15199   	6000      	70        	0         	-7.57725  	
10.1273   	6000      	70        	0         	-7.32005  	
11.1273   	6000      	70        	0         	-7.07162  	
12.1273   	6000      	70        	0         	-6.85451  	
13.1273   	6000      	70        	0         	-6.66015  	
14.1273   	6000      	70        	0         	-6.48906  	
15.1273   	6000      	70        	0         	-6.32903  	
16.1273   	6000      	70        	0         	-6.17712  	
17.1273   	6000      	70        	0         	-6.03861  	
18.1273   	6000      	70        	0         	-5.89313  	
19.1273   	6000      	70        	0         	-5.75245  	
20.1273   	6000      	70        	0         	-5.6262   	
21.1273   	6000      	70        	0         	-5.50288  	
22.1273   	6000      	70        	0         	-5.38011  	
23.1273   	6000      	70        	0         	-5.2555   	
24.1273   	6000      	70        	0         	-5.13257  	
25.1273   	6000      	70        	0         	-5.01714  	
26.1273   	6000      	70        	0         	-4.9109   	
27.1273   	6000      	70        	0         	-4.80455  	
28.1273   	6000      	70        	0         	-4.69998  	
29.1273   	6000      	70        	0         	-4.59709  	
30.1273   	6000      	70        	0         	-4.49873  	
31.1273   	6000      	70        	0         	-4.40743  	
32.1273   	6000      	70        	0         	-4.31862  	
33.1273   	6000      	70        	0         	-4.23621  	
34.1273   	6000      	70        	0         	-4.15827  	
35.1273   	6000      	70        	0         	-4.08171  	
36.1273   	6000      	70        	0         	-4.00776  	
37.1273   	6000      	70        	0         	-3.94012  	
38.1273   	6000      	70        	0         	-3.8748   	
39.1273   	6000      	70        	0         	-3.81198  	
40.1273   	6000      	70        	0         	-3.76644  	
41.1273   	6000      	70        	0         	-3.72413  	
42.1273   	6000      	70        	0         	-3.70363  	
43.1273   	6000      	70        	0         	-3.67962  	
44.1273   	6000      	70        	0         	-3.65465  	
45.1273   	6000      	70        	0         	-3.62742  	
46.1273   	6000      	70        	0         	-3.6015   	
47.1273   	6000      	70        	0         	-3.57406  	
48.1273   	6000      	70        	0         	-3.54562  	
49.1273   	6000      	70        	0         	-3.51802  	
50.1273   	6000      	70        	0         	-3.48984  	
51.1273   	6000      	70        	0         	-3.46807  	
52.1273   	6000      	70        	0         	-3.44607  	
53.1273   	6000      	70        	0         	-3.42351  	
54.1273   	6000      	70        	0         	-3.40057  	
55.1273   	6000      	70        	0         	-3.37745  	
56.1273   	6000      	70        	0         	-3.35513  	
57.1273   	6000      	70        	0         	-3.33457  	
58.1273   	6000      	70        	0         	-3.31375  	
59.1273   	6000      	70        	0         	-3.29279  	
60.1273   	6000      	70        	0         	-3.27185  	
61.1273   	6000      	70        	0         	-3.25481  	
62.1273   	6000      	70        	0         	-3.23818  	
63.1273   	6000      	70        	0         	-3.22149  	
64.1273   	6000      	70        	0         	-3.20473  	
65.1273   	6000      	70        	0         	-3.18794  	
66.1273   	6000      	70        	0         	-3.17119  	
67.1273   	6000      	70        	0         	-3.15474  	
68.1273   	6000      	70        	0         	-3.14003  	
69.1273   	6000      	70        	0         	-3.12544  	
70.1273   	6000      	70        	0         	-3.11091  	
71.1273   	6000      	70        	0         	-3.09649  	
72.1273   	6000      	70        	0         	-3.08275  	
73.1273   	6000      	70        	0         	-3.06943  	
74.1273   	6000      	70        	0         	-3.05631  	
75.1273   	6000      	70        	0         	-3.04344  	
76.1273   	6000      	70        	0         	-3.03081  	
77.1273   	6000      	70        	0         	-3.02546  	
78.1273   	6000      	70        	0         	-3.02174  	
79.1273   	6000      	70        	0         	-3.01864  	
80.1273   	6000      	70        	0         	-3.01581  	
81.1273   	6000      	70        	0         	-3.01291  	
82.1273   	6000      	70        	0         	-3.0098   	
83.1273   	6000      	70        	0         	-3.00605  	
84.1273   	6000      	70        	0         	-3.00168  	
85.1273   	6000      	70        	0         	-2.9973   	
86.1273   	6000      	70        	0         	-2.9926   	
87.1273   	6000      	70        	0         	-2.98823  	
88.1273   	6000      	70        	0         	-2.9842   	
89.1273   	6000      	70        	0         	-2.97968  	
90.1273   	6000      	70        	0         	-2.97469  	
91.1273   	6000      	70        	0         	-2.97     	
92.1273   	6000      	70        	0         	-2.96605  	
93.1273   	6000      	70        	0         	-2.96235  	
94.1273   	6000      	70        	0         	-2.95893  	
95.1273   	6000      	70        	0         	-2.95522  	
96.1273   	6000      	70        	0         	-2.95112  	
97.1273   	6000      	70        	0         	-2.94946  	
98.1273   	6000      	70        	0         	-2.94805  	
99.1273   	6000      	70        	0         	-2.94633  	
100.127   	6000      	70        	0         	-2.94416  	
101.127   	6000      	70        	0         	-2.94206  	
102.127   	6000      	70        	0         	-2.93976  	
103.127   	6000      	70        	0         	-2.93714  	
104.127   	6000      	70        	0         	-2.93441  	
105.127   	6000      	70        	0         	-2.93449  	
106.127   	6000      	70        	0         	-2.93459  	
107.127   	6000      	70        	0         	-2.93487  	
108.127   	6000      	70        	0         	-2.93532  	
109.127   	6000      	70        	0         	-2.93585  	
110.127   	6000      	70        	0         	-2.93602  	
111.127   	6000      	70        	0         	-2.93857  	
112.127   	6000      	70        	0         	-2.94137  	
113.127   	6000      	70        	0         	-2.94362  	
114.127   	6000      	70        	0         	-2.94527  	
115.127   	6000      	70        	0         	-2.94638  	
116.127   	6000      	70        	0         	-2.94702  	
117.127   	6000      	70        	0         	-2.94755  	
118.127   	6000      	70        	0         	-2.94788  	
119.127   	6000      	70        	0         	-2.94825  	
120.127   	6000      	70        	0         	-2.94845  	
121.127   	6000      	70        	0         	-2.94894  	
122.127   	6000      	70        	0         	-2.94937  	
123.127   	6000      	70        	0         	-2.94965  	
124.127   	6000      	70        	0         	-2.94986  	
125.127   	6000      	70        	0         	-2.94997  	
126.127   	6000      	70        	0         	-2.95001  	
127.127   	6000      	70        	0         	-2.94983  	
128.127   	6000      	70        	0         	-2.94943  	
129.127   	6000      	70        	0         	-2.94881  	
130.127   	6000      	70        	0         	-2.94797  	
131.127   	6000      	70        	0         	-2.94693  	
132.127   	6000      	70        	0         	-2.94568  	
133.127   	6000      	70        	0         	-2.94426  	
134.127   	6000      	70        	0         	-2.94266  	
135.127   	6000      	70        	0         	-2.94097  	
136.127   	6000      	70        	0         	-2.93918  	
137.127   	6000      	70        	0         	-2.93726  	
138.127   	6000      	70        	0         	-2.93529  	
139.127   	6000      	70        	0         	-2.93324  	
140.127   	6000      	70        	0         	-2.93111  	
141.127   	6000      	70        	0         	-2.9289   	
142.127   	6000      	70        	0         	-2.92659  	
143.127   	6000      	70        	0         	-2.92431  	
144.127   	6000      	70        	0         	-2.92199  	
145.127   	6000      	70        	0         	-2.91963  	
146.127   	6000      	70        	0         	-2.91731  	
147.127   	6000      	70        	0         	-2.915    	
148.127   	6000      	70        	0         	-2.91268  	
149.127   	6000      	70        	0         	-2.91028  	
150.127   	6000      	70        	0         	-2.9078   	
151.127   	6000      	70        	0         	-2.90524  	
152.127   	6000      	70        	0         	-2.90264  	
153.127   	6000      	70        	0         	-2.90005  	
154.127   	6000      	70        	0         	-2.89747  	
155.127   	6000      	70        	0         	-2.89486  	
156.127   	6000      	70        	0         	-2.89219  	
157.127   	6000      	70        	0         	-2.88943  	
158.127   	6000      	70        	0         	-2.88658  	
159.127   	6000      	70        	0         	-2.88365  	
160.127   	6000      	70        	0         	-2.88063  	
161.127   	6000      	70        	0         	-2.87756  	
162.127   	6000      	70        	0         	-2.87443  	
163.127   	6000      	70        	0         	-2.87121  	
164.127   	6000      	70        	0         	-2.8679   	
165.127   	6000      	70        	0         	-2.86455  	
166.127   	6000      	70        	0         	-2.86111  	
167.127   	6000      	70        	0         	-2.85765  	
168.127   	6000      	70        	0         	-2.85409  	
169.127   	6000      	70        	0         	-2.8504   	
170.127   	6000      	70        	0         	-2.84702  	
171.127   	6000      	70        	0         	-2.84371  	
172.127   	6000      	70        	0         	-2.84037  	
173.127   	6000      	70        	0         	-2.83694  	
174.127   	6000      	70        	0         	-2.83336  	
175.127   	6000      	70        	0         	-2.82958  	
176.127   	6000      	70        	0         	-2.82558  	
177.127   	6000      	70        	0         	-2.82138  	
178.127   	6000      	70        	0         	-2.81702  	
179.127   	6000      	70        	0         	-2.81245  	
180.127   	6000      	70        	0         	-2.8077   	
181.127   	6000      	70        	0         	-2.80273  	
182.127   	6000      	70        	0         	-2.79751  	
183.127   	6000      	70        	0         	-2.79204  	
184.127   	6000      	70        	0         	-2.78632  	
185.127   	6000      	70        	0         	-2.78035  	
186.127   	6000      	70        	0         	-2.77414  	
187.127   	6000      	70        	0         	-2.76769  	
188.127   	6000      	70        	0         	-2.761    	
189.127   	6000      	70        	0         	-2.75409  	
190.127   	6000      	70        	0         	-2.74705  	
191.127   	6000      	70        	0         	-2.73987  	
192.127   	6000      	70        	0         	-2.73265  	
193.127   	6000      	70        	0         	-2.72529  	
194.127   	6000      	70        	0         	-2.71786  	
195.127   	6000      	70        	0         	-2.71036  	
196.127   	6000      	70        	0         	-2.70274  	
197.127   	6000      	70        	0         	-2.69503  	
198.127   	6000      	70        	0         	-2.68724  	
199.127   	6000      	70        	0         	-2.6794   	
200.127   	6000      	70        	0         	-2.67151  	
201.127   	6000      	70        	0         	-2.66357  	
202.127   	6000      	70        	0         	-2.6556   	
203.127   	6000      	70        	0         	-2.64759  	
204.127   	6000      	70        	0         	-2.63953  	
205.127   	6000      	70        	0         	-2.63168  	
206.127   	6000      	70        	0         	-2.62391  	
207.127   	6000      	70        	0         	-2.61641  	
208.127   	6000      	70        	0         	-2.60904  	
209.127   	6000      	70        	0         	-2.60169  	
210.127   	6000      	70        	0         	-2.5943   	
211.127   	6000      	70        	0         	-2.58686  	
212.127   	6000      	70        	0         	-2.57934  	
213.127   	6000      	70        	0         	-2.5718   	
214.127   	6000      	70        	0         	-2.56463  	
215.127   	6000      	70        	0         	-2.55767  	
216.127   	6000      	70        	0         	-2.55079  	
217.127   	6000      	70        	0         	-2.5439   	
218.127   	6000      	70        	0         	-2.53697  	
219.127   	6000      	70        	0         	-2.53     	
220.127   	6000      	70        	0         	-2.52296  	
221.127   	6000      	70        	0         	-2.51586  	
222.127   	6000      	70        	0         	-2.50937  	
223.127   	6000      	70        	0         	-2.50298  	
224.127   	6000      	70        	0         	-2.49657  	
225.127   	6000      	70        	0         	-2.49011  	
226.127   	6000      	70        	0         	-2.4836   	
227.127   	6000      	70        	0         	-2.47747  	
228.127   	6000      	70        	0         	-2.47143  	
229.127   	6000      	70        	0         	-2.4654   	
230.127   	6000      	70        	0         	-2.45933  	
231.127   	6000      	70        	0         	-2.45323  	
232.127   	6000      	70        	0         	-2.4471   	
233.127   	6000      	70        	0         	-2.44093  	
234.127   	6000      	70        	0         	-2.43473  	
235.127   	6000      	70        	0         	-2.42851  	
236.127   	6000      	70        	0         	-2.42228  	
237.127   	6000      	70        	0         	-2.41608  	
238.127   	6000      	70        	0         	-2.40989  	
239.127   	6000      	70        	0         	-2.40374  	
240.127   	6000      	70        	0         	-2.39761  	
241.127   	6000      	70        	0         	-2.39152  	
242.127   	6000      	70        	0         	-2.38548  	
243.127   	6000      	70        	0         	-2.37952  	
244.127   	6000      	70        	0         	-2.37365  	
245.127   	6000      	70        	0         	-2.36787  	
246.127   	6000      	70        	0         	-2.36218  	
247.127   	6000      	70        	0         	-2.3566   	
248.127   	6000      	70        	0         	-2.35112  	
249.127   	6000      	70        	0         	-2.34573  	
250.127   	6000      	70        	0         	-2.34044  	
251.127   	6000      	70        	0         	-2.33526  	
252.127   	6000      	70        	0         	-2.33017  	
253.127   	6000      	70        	0         	-2.32519  	
254.127   	6000      	70        	0         	-2.32032  	
255.127   	6000      	70        	0         	-2.31555  	
256.127   	6000      	70        	0         	-2.31088  	
257.127   	6000      	70        	0         	-2.30632  	
258.127   	6000      	70        	0         	-2.30187  	
259.127   	6000      	70        	0         	-2.29753  	
260.127   	6000      	70        	0         	-2.29328  	
261.127   	6000      	70        	0         	-2.28913  	
262.127   	6000      	70        	0         	-2.28506  	
263.127   	6000      	70        	0         	-2.2811   	
264.127   	6000      	70        	0         	-2.27722  	
265.127   	6000      	70        	0         	-2.27345  	
266.127   	6000      	70        	0         	-2.26976  	
267.127   	6000      	70        	0         	-2.26616  	
268.127   	6000      	70        	0         	-2.26266  	
269.127   	6000      	70        	0         	-2.25925  	
270.127   	6000      	70        	0         	-2.25592  	
271.127   	6000      	70        	0         	-2.25268  	
272.127   	6000      	70        	0         	-2.24954  	
273.127   	6000      	70        	0         	-2.2465   	
274.127   	6000      	70        	0         	-2.24357  	
275.127   	6000      	70        	0         	-2.24074  	
276.127   	6000      	70        	0         	-2.23802  	
277.127   	6000      	70        	0         	-2.23541  	
278.127   	6000      	70        	0         	-2.2329   	
279.127   	6000      	70        	0         	-2.23049  	
280.127   	6000      	70        	0         	-2.22818  	
281.127   	6000      	70        	0         	-2.22598  	
282.127   	6000      	70        	0         	-2.22389  	
283.127   	6000      	70        	0         	-2.22188  	
284.127   	6000      	70        	0         	-2.21996  	
285.127   	6000      	70        	0         	-2.21812  	
286.127   	6000      	70        	0         	-2.21635  	
287.127   	6000      	70        	0         	-2.21467  	
288.127   	6000      	70        	0         	-2.21304  	
289.127   	6000      	70        	0         	-2.21148  	
290.127   	6000      	70        	0         	-2.20998  	
291.127   	6000      	70        	0         	-2.20854  	
292.127   	6000      	70        	0         	-2.20715  	
293.127   	6000      	70        	0         	-2.20605  	
294.127   	6000      	70        	0         	-2.20509  	
295.127   	6000      	70        	0         	-2.2042   	
296.127   	6000      	70        	0         	-2.20363  	
297.127   	6000      	70        	0         	-2.20318  	
298.127   	6000      	70        	0         	-2.20277  	
299.127   	6000      	70        	0         	-2.20237  	
300.127   	6000      	70        	0         	-2.20198  	
301.127   	6000      	70        	0         	-2.20159  	
302.127   	6000      	70        	0         	-2.2012   	
303.127   	6000      	70        	0         	-2.20081  	
304.127   	6000      	70        	0         	-2.20041  	
305.127   	6000      	70        	0         	-2.20001  	
306.127   	6000      	70        	0         	-2.19961  	
307.127   	6000      	70        	0         	-2.19923  	
308.127   	6000      	70        	0         	-2.19884  	
309.127   	6000      	70        	0         	-2.19846  	
310.127   	6000      	70        	0         	-2.19809  	
311.127   	6000      	70        	0         	-2.19772  	
312.127   	6000      	70        	0         	-2.19735  	
313.127   	6000      	70        	0         	-2.197    	
314.127   	6000      	70        	0         	-2.19665  	
315.127   	6000      	70        	0         	-2.1963   	
316.127   	6000      	70        	0         	-2.19597  	
317.127   	6000      	70        	0         	-2.19564  	
318.127   	6000      	70        	0         	-2.19532  	
319.127   	6000      	70        	0         	-2.19502  	
320.127   	6000      	70        	0         	-2.19473  	
321.127   	6000      	70        	0         	-2.19446  	
322.127   	6000      	70        	0         	-2.19419  	
323.127   	6000      	70        	0         	-2.19393  	
324.127   	6000      	70        	0         	-2.19368  	
325.127   	6000      	70        	0         	-2.19345  	
326.127   	6000      	70        	0         	-2.19324  	
327.127   	6000      	70        	0         	-2.19305  	
328.127   	6000      	70        	0         	-2.19286  	
329.127   	6000      	70        	0         	-2.19271  	
330.127   	6000      	70        	0         	-2.19256  	
331.127   	6000      	70        	0         	-2.19243  	
332.127   	6000      	70        	0         	-2.19231  	
333.127   	6000      	70        	0         	-2.1922   	
334.127   	6000      	70        	0         	-2.1921   	
335.127   	6000      	70        	0         	-2.19201  	
336.127   	6000      	70        	0         	-2.19192  	
337.127   	6000      	70        	0         	-2.19184  	
338.127   	6000      	70        	0         	-2.19177  	
339.127   	6000      	70        	0         	-2.19171  	
340.127   	6000      	70        	0         	-2.19167  	
341.127   	6000      	70        	0         	-2.19166  	
342.127   	6000      	70        	0         	-2.19168  	
343.127   	6000      	70        	0         	-2.1917   	
344.127   	6000      	70        	0         	-2.19174  	
345.127   	6000      	70        	0         	-2.19177  	
346.127   	6000      	70        	0         	-2.19182  	
347.127   	6000      	70        	0         	-2.19186  	
348.127   	6000      	70        	0         	-2.19192  	
349.127   	6000      	70        	0         	-2.19197  	
350.127   	6000      	70        	0         	-2.19204  	
351.127   	6000      	70        	0         	-2.19211  	
352.127   	6000      	70        	0         	-2.1922   	
353.127   	6000      	70        	0         	-2.19229  	
354.127   	6000      	70        	0         	-2.19239  	
355.127   	6000      	70        	0         	-2.19251  	
356.127   	6000      	70        	0         	-2.19265  	
357.127   	6000      	70        	0         	-2.1928   	
358.127   	6000      	70        	0         	-2.19295  	
359.127   	6000      	70        	0         	-2.19311  	
360.127   	6000      	70        	0         	-2.19328  	
361.127   	6000      	70        	0         	-2.19345  	
362.127   	6000      	70        	0         	-2.19364  	
363.127   	6000      	70        	0         	-2.19383  	
364.127   	6000      	70        	0         	-2.19403  	
365.127   	6000      	70        	0         	-2.19424  	
366.127   	6000      	70        	0         	-2.19446  	
367.127   	6000      	70        	0         	-2.19469  	
368.127   	6000      	70        	0         	-2.19493  	
369.127   	6000      	70        	0         	-2.19518  	
370.127   	6000      	70        	0         	-2.19544  	
371.127   	6000      	70        	0         	-2.19574  	
372.127   	6000      	70        	0         	-2.19609  	
373.127   	6000      	70        	0         	-2.19651  	
374.127   	6000      	70        	0         	-2.19699  	
375.127   	6000      	70        	0         	-2.19753  	
376.127   	6000      	70        	0         	-2.19812  	
377.127   	6000      	70        	0         	-2.19876  	
378.127   	6000      	70        	0         	-2.19945  	
379.127   	6000      	70        	0         	-2.20019  	
380.127   	6000      	70        	0         	-2.20097  	
381.127   	6000      	70        	0         	-2.2018   	
382.127   	6000      	70        	0         	-2.20266  	
383.127   	6000      	70        	0         	-2.20356  	
384.127   	6000      	70        	0         	-2.20449  	
385.127   	6000      	70        	0         	-2.20547  	
386.127   	6000      	70        	0         	-2.20647  	
387.127   	6000      	70        	0         	-2.2075   	
388.127   	6000      	70        	0         	-2.20856  	
389.127   	6000      	70        	0         	-2.20965  	
390.127   	6000      	70        	0         	-2.21077  	
391.127   	6000      	70        	0         	-2.21191  	
392.127   	6000      	70        	0         	-2.21307  	
393.127   	6000      	70        	0         	-2.21426  	
394.127   	6000      	70        	0         	-2.21547  	
395.127   	6000      	70        	0         	-2.21671  	
396.127   	6000      	70        	0         	-2.21797  	
397.127   	6000      	70        	0         	-2.21925  	
398.127   	6000      	70        	0         	-2.22056  	
399.127   	6000      	70        	0         	-2.22189  	
400.127   	6000      	70        	0         	-2.22324  	
401.127   	6000      	70        	0         	-2.22461  	
402.127   	6000      	70        	0         	-2.226    	
403.127   	6000      	70        	0         	-2.22741  	
404.127   	6000      	70        	0         	-2.22884  	
405.127   	6000      	70        	0         	-2.23028  	
406.127   	6000      	70        	0         	-2.23174  	
407.127   	6000      	70        	0         	-2.23321  	
408.127   	6000      	70        	0         	-2.2347   	
409.127   	6000      	70        	0         	-2.23621  	
410.127   	6000      	70        	0         	-2.23773  	
411.127   	6000      	70        	0         	-2.23928  	
412.127   	6000      	70        	0         	-2.24084  	
413.127   	6000      	70        	0         	-2.24243  	
414.127   	6000      	70        	0         	-2.24403  	
415.127   	6000      	70        	0         	-2.24566  	
416.127   	6000      	70        	0         	-2.2473   	
417.127   	6000      	70        	0         	-2.24896  	
418.127   	6000      	70        	0         	-2.25064  	
419.127   	6000      	70        	0         	-2.25234  	
420.127   	6000      	70        	0         	-2.25405  	
421.127   	6000      	70        	0         	-2.2558   	
422.127   	6000      	70        	0         	-2.2576   	
423.127   	6000      	70        	0         	-2.25944  	
424.127   	6000      	70        	0         	-2.26131  	
425.127   	6000      	70        	0         	-2.26321  	
426.127   	6000      	70        	0         	-2.26515  	
427.127   	6000      	70        	0         	-2.26713  	
428.127   	6000      	70        	0         	-2.26913  	
429.127   	6000      	70        	0         	-2.27116  	
430.127   	6000      	70        	0         	-2.27321  	
431.127   	6000      	70        	0         	-2.27528  	
432.127   	6000      	70        	0         	-2.27737  	
433.127   	6000      	70        	0         	-2.27947  	
434.127   	6000      	70        	0         	-2.2816   	
435.127   	6000      	70        	0         	-2.28374  	
436.127   	6000      	70        	0         	-2.28589  	
437.127   	6000      	70        	0         	-2.28805  	
438.127   	6000      	70        	0         	-2.29023  	
439.127   	6000      	70        	0         	-2.29242  	
440.127   	6000      	70        	0         	-2.29462  	
441.127   	6000      	70        	0         	-2.29683  	
442.127   	6000      	70        	0         	-2.29905  	
443.127   	6000      	70        	0         	-2.30127  	
444.127   	6000      	70        	0         	-2.30351  	
445.127   	6000      	70        	0         	-2.30574  	
446.127   	6000      	70        	0         	-2.30799  	
447.127   	6000      	70        	0         	-2.31024  	
448.127   	6000      	70        	0         	-2.31249  	
449.127   	6000      	70        	0         	-2.31475  	
450.127   	6000      	70        	0         	-2.31701  	
451.127   	6000      	70        	0         	-2.31927  	
452.127   	6000      	70        	0         	-2.32153  	
453.127   	6000      	70        	0         	-2.32379  	
454.127   	6000      	70        	0         	-2.32605  	
455.127   	6000      	70        	0         	-2.32831  	
456.127   	6000      	70        	0         	-2.33057  	
457.127   	6000      	70        	0         	-2.33284  	
458.127   	6000      	70        	0         	-2.3351   	
459.127   	6000      	70        	0         	-2.33737  	
460.127   	6000      	70        	0         	-2.33964  	
461.127   	6000      	70        	0         	-2.34191  	
462.127   	6000      	70        	0         	-2.34419  	
463.127   	6000      	70        	0         	-2.34646  	
464.127   	6000      	70        	0         	-2.34873  	
465.127   	6000      	70        	0         	-2.35101  	
466.127   	6000      	70        	0         	-2.35328  	
467.127   	6000      	70        	0         	-2.35555  	
468.127   	6000      	70        	0         	-2.35782  	
469.127   	6000      	70        	0         	-2.36009  	
470.127   	6000      	70        	0         	-2.36236  	
471.127   	6000      	70        	0         	-2.36464  	
472.127   	6000      	70        	0         	-2.36695  	
473.127   	6000      	70        	0         	-2.36929  	
474.127   	6000      	70        	0         	-2.37165  	
475.127   	6000      	70        	0         	-2.37402  	
476.127   	6000      	70        	0         	-2.37642  	
477.127   	6000      	70        	0         	-2.37884  	
478.127   	6000      	70        	0         	-2.38127  	
479.127   	6000      	70        	0         	-2.38372  	
480.127   	6000      	70        	0         	-2.38618  	
481.127   	6000      	70        	0         	-2.38866  	
482.127   	6000      	70        	0         	-2.39116  	
483.127   	6000      	70        	0         	-2.39369  	
484.127   	6000      	70        	0         	-2.39625  	
485.127   	6000      	70        	0         	-2.39883  	
486.127   	6000      	70        	0         	-2.40142  	
487.127   	6000      	70        	0         	-2.40403  	
488.127   	6000      	70        	0         	-2.40664  	
489.127   	6000      	70        	0         	-2.40927  	
490.127   	6000      	70        	0         	-2.41191  	
491.127   	6000      	70        	0         	-2.41456  	
492.127   	6000      	70        	0         	-2.41723  	
493.127   	6000      	70        	0         	-2.4199   	
494.127   	6000      	70        	0         	-2.42258  	
495.127   	6000      	70        	0         	-2.42526  	
496.127   	6000      	70        	0         	-2.42795  	
497.127   	6000      	70        	0         	-2.43064  	
498.127   	6000      	70        	0         	-2.43334  	
499.127   	6000      	70        	0         	-2.43604  	
500       	6000      	70        	0         	-2.4384   	
