 % Reservoir Output 
 % Unit for Total Component: B.O. ~ lb/day || Compositional ~ mol/day 

time	pres	temp	comp0	comp1	
day	psi	F	**	**	
         0	   2999.93	       530	646287	0	
    0.0001	   3000.26	       530	646287	4.9548	
0.000195588	   3000.53	       530	646286	9.28226	
0.000293607	   3000.78	       530	646286	13.3815	
0.000395845	   3001.03	       530	646285	17.3217	
0.000503548	   3001.28	       530	646285	21.1344	
0.000617956	   3001.53	       530	646284	24.8399	
0.000740398	   3001.74	       530	646284	28.4787	
0.000875619	   3001.97	       530	646283	32.1398	
0.00102476	    3002.2	       530	646282	35.792	
0.00118954	   3002.42	       530	646282	39.4145	
0.00137239	   3002.66	       530	646281	42.994	
0.00157662	   3002.89	       530	646281	46.5241	
0.00180673	   3003.12	       530	646280	50.0034	
0.00206878	   3003.33	       530	646280	53.477	
0.00237694	   3003.55	       530	646279	57.0128	
0.00274199	   3003.78	       530	646279	60.5964	
0.00317977	   3004.02	       530	646278	64.2373	
0.00371377	   3004.27	       530	646278	67.9752	
0.00437926	   3004.53	       530	646277	71.8921	
0.00522993	   3004.82	       530	646276	76.1329	
0.00634861	   3005.15	       530	646276	80.9354	
0.00779432	   3005.52	       530	646275	86.4239	
0.00962519	   3005.94	       530	646274	92.7339	
 0.0119113	   3006.43	       530	646272	100.017	
 0.0147444	      3007	       530	646271	108.435	
 0.0182494	   3007.65	       530	646269	118.175	
 0.0225997	    3008.4	       530	646267	129.471	
 0.0280385	   3009.26	       530	646265	142.64	
 0.0348866	   3010.27	       530	646262	158.062	
 0.0434992	   3011.44	       530	646259	176.067	
 0.0544085	   3012.78	       530	646255	197.228	
 0.0684575	   3014.33	       530	646250	222.447	
  0.086951	   3016.13	       530	646244	253.097	
  0.111864	   3018.22	       530	646236	291.161	
  0.145741	   3021.59	       530	646225	351.45	
  0.185969	   3026.84	       530	646213	440.997	
  0.223409	   3031.86	       530	646203	526.863	
  0.261159	   3036.78	       530	646192	613.011	
   0.30187	   3041.83	       530	646181	703.921	
  0.347891	   3047.11	       530	646169	803.41	
  0.401749	   3052.71	       530	646156	915.382	
  0.466635	    3059.4	       530	646140	1053.74	
  0.547095	   3068.93	       530	646120	1249.38	
  0.627807	   3078.66	       530	646101	1450.64	
  0.714691	   3088.72	       530	646080	1666.2	
  0.809361	   3098.85	       530	646059	1895.33	
  0.914403	   3109.92	       530	646036	2155.68	
   1.03433	   3123.52	       530	646009	2480.38	
   1.16359	   3138.37	       530	645981	2839.04	
   1.30897	    3154.4	       530	645950	3242.43	
   1.46861	    3172.1	       530	645917	3707.11	
   1.64823	   3193.01	       530	645880	4269.18	
   1.84812	   3216.57	       530	645838	4913.2	
   2.07388	   3243.09	       530	645794	5663.72	
   2.31669	   3271.84	       530	645746	6500.09	
   2.57473	   3302.05	       530	645696	7402.57	
    2.8438	   3332.32	       530	645644	8346.57	
    3.1231	   3362.06	       530	645590	9327.42	
    3.4073	   3391.23	       530	645534	10323.7	
   3.69443	   3419.78	       530	645478	11322.9	
    3.9881	   3448.04	       530	645420	12333.4	
   4.28782	    3475.9	       530	645359	13350.7	
   4.59815	   3503.82	       530	645296	14387.1	
      4.92	   3531.83	       530	645229	15442.2	
   5.25625	   3560.23	       530	645158	16521.8	
   5.61409	   3589.51	       530	645080	17644.4	
    6.0091	   3620.63	       530	644991	18852	
   6.45243	   3653.24	       530	644888	20175.4	
    6.9828	   3689.22	       530	644758	21726	
   7.58272	   3728.94	       530	644600	23429.4	
   8.29875	   3774.39	       530	644406	25392.2	
   9.15199	    3825.4	       530	644157	27657.2	
   10.1273	   3880.94	       530	643850	30158.5	
   11.1273	   3934.97	       530	643511	32636.1	
   12.1273	   3986.03	       530	643147	35037.5	
   13.1273	   4034.46	       530	642760	37370.9	
   14.1273	   4080.34	       530	642349	39644.4	
   15.1273	   4124.16	       530	641912	41862.1	
   16.1273	   4166.06	       530	641453	44026.5	
   17.1273	   4206.03	       530	640973	46142.5	
   18.1273	   4244.73	       530	640474	48207.4	
   19.1273	   4281.56	       530	639955	50222.8	
   20.1273	   4316.36	       530	639416	52193.9	
   21.1273	   4349.65	       530	638858	54122.1	
   22.1273	    4381.5	       530	638285	56007.2	
   23.1273	   4411.97	       530	637693	57848.7	
   24.1273	   4440.98	       530	637088	59647.1	
   25.1273	   4468.15	       530	636465	61405	
   26.1273	   4493.73	       530	635828	63125.7	
   27.1273	   4518.29	       530	635175	64809.1	
   28.1273	    4541.8	       530	634509	66455.9	
   29.1273	   4564.29	       530	633830	68066.6	
   30.1273	   4585.65	       530	633141	69642.8	
   31.1273	    4605.8	       530	632440	71187.1	
   32.1273	   4625.05	       530	631727	72700.2	
   33.1273	   4643.21	       530	631004	74184.4	
   34.1273	   4660.48	       530	630272	75641.4	
   35.1273	   4676.96	       530	629530	77071.5	
   36.1273	   4692.63	       530	628780	78475.7	
   37.1273	   4707.37	       530	628023	79856.2	
   38.1273	   4721.41	       530	627256	81213.8	
   39.1273	   4734.75	       530	626483	82549.3	
   40.1273	   4747.12	       530	625701	83869	
   41.1273	   4758.98	       530	624912	85173.8	
   42.1273	   4769.65	       530	624117	86471.4	
   43.1273	   4780.16	       530	623315	87760.6	
   44.1273	   4790.36	       530	622507	89041	
   45.1273	   4800.34	       530	621692	90311.9	
   46.1273	   4809.88	       530	620871	91573.8	
   47.1273	   4819.16	       530	620044	92826	
   48.1273	   4828.15	       530	619212	94068.2	
   49.1273	   4836.74	       530	618375	95300.8	
   50.1273	   4845.05	       530	617532	96523.5	
   51.1273	   4852.82	       530	616684	97738.6	
   52.1273	   4860.35	       530	615832	98946	
   53.1273	   4867.67	       530	614975	100145	
   54.1273	   4874.76	       530	614115	101337	
   55.1273	    4881.6	       530	613249	102520	
   56.1273	   4888.16	       530	612380	103696	
   57.1273	   4894.53	       530	611506	104864	
   58.1273	   4900.66	       530	610629	106025	
   59.1273	   4906.57	       530	609749	107179	
   60.1273	   4912.26	       530	608865	108325	
   61.1273	   4917.56	       530	607978	109465	
   62.1273	   4922.62	       530	607087	110600	
   63.1273	   4927.47	       530	606194	111728	
   64.1273	   4932.12	       530	605298	112851	
   65.1273	   4936.59	       530	604399	113968	
   66.1273	   4940.87	       530	603498	115079	
   67.1273	   4944.95	       530	602594	116185	
   68.1273	   4948.91	       530	601688	117285	
   69.1273	   4952.68	       530	600780	118380	
   70.1273	    4956.3	       530	599869	119470	
   71.1273	   4959.76	       530	598957	120554	
   72.1273	   4963.08	       530	598042	121635	
   73.1273	   4966.24	       530	597129	122710	
   74.1273	   4969.25	       530	596211	123781	
   75.1273	    4972.1	       530	595292	124847	
   76.1273	   4974.81	       530	594371	125909	
   77.1273	   4977.23	       530	593448	126969	
   78.1273	   4979.54	       530	592524	128028	
   79.1273	   4981.81	       530	591599	129085	
   80.1273	   4984.04	       530	590672	130142	
   81.1273	   4986.24	       530	589744	131197	
   82.1273	   4988.41	       530	588814	132252	
   83.1273	   4990.52	       530	587883	133305	
   84.1273	   4992.58	       530	586951	134357	
   85.1273	   4994.58	       530	586017	135407	
   86.1273	   4996.53	       530	585082	136455	
   87.1273	   4998.42	       530	584146	137502	
   88.1273	   5000.25	       530	583209	138548	
   89.1273	   5002.03	       530	582271	139592	
   90.1273	   5003.74	       530	581332	140634	
   91.1273	   5005.39	       530	580392	141674	
   92.1273	   5006.98	       530	579451	142714	
   93.1273	   5008.51	       530	578509	143751	
   94.1273	   5010.01	       530	577566	144788	
   95.1273	   5011.45	       530	576622	145823	
   96.1273	   5012.85	       530	575678	146857	
   97.1273	    5014.2	       530	574732	147891	
   98.1273	   5015.52	       530	573786	148924	
   99.1273	    5016.8	       530	572840	149956	
   100.127	   5018.06	       530	571892	150987	
   101.127	   5019.28	       530	570944	152018	
   102.127	   5020.47	       530	569995	153048	
   103.127	   5021.63	       530	569046	154077	
   104.127	   5022.75	       530	568096	155105	
   105.127	    5023.7	       530	567145	156133	
   106.127	   5024.66	       530	566194	157161	
   107.127	   5025.61	       530	565243	158190	
   108.127	   5026.57	       530	564291	159218	
   109.127	   5027.53	       530	563338	160247	
   110.127	   5028.49	       530	562384	161275	
   111.127	   5029.34	       530	561430	162305	
   112.127	   5030.25	       530	560475	163335	
   113.127	   5031.17	       530	559520	164367	
   114.127	   5032.12	       530	558564	165398	
   115.127	   5033.07	       530	557607	166431	
   116.127	   5034.03	       530	556649	167463	
   117.127	   5034.99	       530	555691	168496	
   118.127	   5035.95	       530	554733	169529	
   119.127	   5036.91	       530	553773	170562	
   120.127	   5037.87	       530	552814	171595	
   121.127	    5038.8	       530	551853	172628	
   122.127	   5039.74	       530	550892	173661	
   123.127	   5040.66	       530	549930	174694	
   124.127	   5041.57	       530	548968	175728	
   125.127	   5042.48	       530	548006	176761	
   126.127	   5043.37	       530	547043	177795	
   127.127	   5044.25	       530	546079	178828	
   128.127	   5045.11	       530	545116	179862	
   129.127	   5045.97	       530	544152	180895	
   130.127	   5046.81	       530	543188	181928	
   131.127	   5047.63	       530	542225	182960	
   132.127	   5048.45	       530	541261	183992	
   133.127	   5049.26	       530	540298	185024	
   134.127	   5050.06	       530	539335	186055	
   135.127	   5050.86	       530	538373	187085	
   136.127	   5051.66	       530	537412	188115	
   137.127	   5052.45	       530	536451	189144	
   138.127	   5053.25	       530	535490	190172	
   139.127	   5054.05	       530	534531	191200	
   140.127	   5054.86	       530	533572	192227	
   141.127	   5055.67	       530	532614	193253	
   142.127	   5056.48	       530	531657	194278	
   143.127	   5057.29	       530	530700	195302	
   144.127	    5058.1	       530	529745	196326	
   145.127	   5058.91	       530	528790	197349	
   146.127	   5059.74	       530	527837	198371	
   147.127	   5060.56	       530	526884	199392	
   148.127	   5061.39	       530	525932	200412	
   149.127	   5062.23	       530	524981	201432	
   150.127	   5063.07	       530	524031	202450	
   151.127	   5063.93	       530	523083	203468	
   152.127	   5064.79	       530	522135	204484	
   153.127	   5065.67	       530	521189	205500	
   154.127	   5066.56	       530	520244	206515	
   155.127	   5067.46	       530	519301	207528	
   156.127	   5068.38	       530	518359	208541	
   157.127	   5069.32	       530	517418	209552	
   158.127	   5070.28	       530	516479	210563	
   159.127	   5071.25	       530	515541	211572	
   160.127	   5072.25	       530	514606	212580	
   161.127	   5073.28	       530	513672	213586	
   162.127	   5074.33	       530	512740	214591	
   163.127	   5075.41	       530	511811	215595	
   164.127	   5076.52	       530	510884	216597	
   165.127	   5077.67	       530	509959	217598	
   166.127	   5078.86	       530	509036	218596	
   167.127	   5080.09	       530	508117	219593	
   168.127	   5081.36	       530	507200	220589	
   169.127	   5082.67	       530	506286	221582	
   170.127	   5084.05	       530	505375	222573	
   171.127	   5085.49	       530	504468	223562	
   172.127	   5086.98	       530	503564	224548	
   173.127	   5088.52	       530	502664	225533	
   174.127	   5090.13	       530	501768	226515	
   175.127	    5091.8	       530	500876	227494	
   176.127	   5093.53	       530	499989	228470	
   177.127	   5095.34	       530	499106	229444	
   178.127	   5097.21	       530	498228	230414	
   179.127	   5099.15	       530	497355	231380	
   180.127	   5101.16	       530	496487	232343	
   181.127	   5103.24	       530	495625	233301	
   182.127	    5105.4	       530	494768	234256	
   183.127	   5107.62	       530	493917	235205	
   184.127	   5109.91	       530	493073	236151	
   185.127	   5112.27	       530	492235	237091	
   186.127	    5114.7	       530	491403	238026	
   187.127	   5117.18	       530	490578	238955	
   188.127	   5119.73	       530	489760	239879	
   189.127	   5122.34	       530	488949	240797	
   190.127	      5125	       530	488144	241710	
   191.127	   5127.71	       530	487347	242616	
   192.127	   5130.47	       530	486557	243515	
   193.127	   5133.27	       530	485774	244409	
   194.127	   5136.12	       530	484998	245295	
   195.127	      5139	       530	484228	246176	
   196.127	   5141.91	       530	483466	247049	
   197.127	   5144.84	       530	482711	247916	
   198.127	   5147.78	       530	481962	248777	
   199.127	   5150.74	       530	481220	249630	
   200.127	   5153.69	       530	480484	250477	
   201.127	   5156.66	       530	479755	251317	
   202.127	   5159.62	       530	479033	252151	
   203.127	   5162.57	       530	478316	252978	
   204.127	   5165.51	       530	477606	253798	
   205.127	   5168.46	       530	476902	254611	
   206.127	   5171.39	       530	476204	255418	
   207.127	   5174.31	       530	475512	256219	
   208.127	   5177.22	       530	474825	257014	
   209.127	   5180.13	       530	474145	257802	
   210.127	   5183.04	       530	473470	258584	
   211.127	   5185.94	       530	472801	259360	
   212.127	   5188.85	       530	472138	260130	
   213.127	   5191.75	       530	471480	260894	
   214.127	   5194.65	       530	470828	261651	
   215.127	   5197.55	       530	470181	262403	
   216.127	   5200.45	       530	469540	263148	
   217.127	   5203.36	       530	468905	263887	
   218.127	   5206.27	       530	468276	264620	
   219.127	   5209.18	       530	467652	265347	
   220.127	   5212.09	       530	467034	266068	
   221.127	   5214.99	       530	466421	266783	
   222.127	   5217.86	       530	465814	267491	
   223.127	    5220.7	       530	465213	268193	
   224.127	   5223.53	       530	464618	268890	
   225.127	   5226.35	       530	464028	269580	
   226.127	   5229.15	       530	463444	270264	
   227.127	   5231.92	       530	462866	270942	
   228.127	   5234.67	       530	462292	271614	
   229.127	   5237.38	       530	461724	272281	
   230.127	   5240.08	       530	461161	272941	
   231.127	   5242.76	       530	460603	273596	
   232.127	   5245.41	       530	460050	274245	
   233.127	   5248.03	       530	459502	274888	
   234.127	   5250.63	       530	458958	275526	
   235.127	   5253.19	       530	458419	276158	
   236.127	   5255.73	       530	457884	276785	
   237.127	   5258.22	       530	457353	277407	
   238.127	   5260.68	       530	456827	278023	
   239.127	   5263.11	       530	456304	278634	
   240.127	    5265.5	       530	455785	279239	
   241.127	   5267.86	       530	455271	279840	
   242.127	   5270.15	       530	454759	280435	
   243.127	   5272.41	       530	454251	281026	
   244.127	   5274.63	       530	453747	281612	
   245.127	   5276.81	       530	453246	282193	
   246.127	   5278.94	       530	452748	282770	
   247.127	   5281.04	       530	452253	283342	
   248.127	   5283.09	       530	451760	283909	
   249.127	    5285.1	       530	451271	284473	
   250.127	   5287.07	       530	450784	285032	
   251.127	      5289	       530	450300	285588	
   252.127	   5290.89	       530	449818	286139	
   253.127	   5292.74	       530	449339	286687	
   254.127	   5294.55	       530	448863	287231	
   255.127	   5296.32	       530	448389	287771	
   256.127	   5298.05	       530	447917	288307	
   257.127	   5299.75	       530	447447	288840	
   258.127	   5301.41	       530	446980	289370	
   259.127	   5303.03	       530	446515	289895	
   260.127	   5304.63	       530	446052	290418	
   261.127	   5306.19	       530	445591	290937	
   262.127	   5307.71	       530	445133	291453	
   263.127	   5309.21	       530	444676	291966	
   264.127	   5310.68	       530	444222	292476	
   265.127	   5312.11	       530	443770	292982	
   266.127	   5313.51	       530	443319	293486	
   267.127	   5314.87	       530	442871	293986	
   268.127	   5316.21	       530	442424	294484	
   269.127	   5317.51	       530	441980	294979	
   270.127	   5318.79	       530	441537	295471	
   271.127	   5320.03	       530	441096	295960	
   272.127	   5321.23	       530	440656	296446	
   273.127	   5322.38	       530	440219	296929	
   274.127	   5323.49	       530	439783	297410	
   275.127	   5324.57	       530	439349	297887	
   276.127	   5325.62	       530	438916	298362	
   277.127	   5326.64	       530	438485	298835	
   278.127	   5327.63	       530	438055	299305	
   279.127	   5328.58	       530	437627	299772	
   280.127	   5329.51	       530	437200	300238	
   281.127	   5330.42	       530	436775	300701	
   282.127	    5331.3	       530	436351	301162	
   283.127	   5332.16	       530	435928	301620	
   284.127	   5332.99	       530	435507	302077	
   285.127	   5333.81	       530	435087	302532	
   286.127	    5334.6	       530	434668	302984	
   287.127	   5335.38	       530	434251	303435	
   288.127	   5336.14	       530	433835	303884	
   289.127	   5336.88	       530	433420	304331	
   290.127	    5337.6	       530	433006	304776	
   291.127	    5338.3	       530	432593	305219	
   292.127	   5338.99	       530	432182	305661	
   293.127	   5339.68	       530	431772	306101	
   294.127	   5340.35	       530	431363	306539	
   295.127	      5341	       530	430955	306976	
   296.127	   5341.63	       530	430548	307412	
   297.127	   5342.25	       530	430142	307846	
   298.127	   5342.86	       530	429738	308279	
   299.127	   5343.45	       530	429334	308710	
   300.127	   5344.04	       530	428932	309140	
   301.127	   5344.61	       530	428531	309569	
   302.127	   5345.18	       530	428131	309996	
   303.127	   5345.75	       530	427732	310422	
   304.127	   5346.31	       530	427334	310847	
   305.127	   5346.86	       530	426937	311270	
   306.127	    5347.4	       530	426541	311692	
   307.127	   5347.94	       530	426146	312113	
   308.127	   5348.47	       530	425752	312533	
   309.127	      5349	       530	425359	312951	
   310.127	   5349.52	       530	424966	313368	
   311.127	   5350.04	       530	424575	313785	
   312.127	   5350.54	       530	424185	314199	
   313.127	   5351.04	       530	423795	314613	
   314.127	   5351.54	       530	423407	315026	
   315.127	   5352.02	       530	423019	315438	
   316.127	    5352.5	       530	422632	315848	
   317.127	   5352.98	       530	422246	316258	
   318.127	   5353.44	       530	421861	316666	
   319.127	    5353.9	       530	421476	317073	
   320.127	   5354.36	       530	421092	317480	
   321.127	   5354.81	       530	420709	317885	
   322.127	   5355.25	       530	420327	318289	
   323.127	   5355.69	       530	419946	318692	
   324.127	   5356.12	       530	419565	319095	
   325.127	   5356.54	       530	419185	319496	
   326.127	   5356.96	       530	418806	319896	
   327.127	   5357.37	       530	418428	320296	
   328.127	   5357.78	       530	418050	320694	
   329.127	   5358.18	       530	417673	321091	
   330.127	   5358.58	       530	417297	321488	
   331.127	   5358.97	       530	416922	321883	
   332.127	   5359.36	       530	416547	322278	
   333.127	   5359.74	       530	416173	322672	
   334.127	   5360.12	       530	415800	323064	
   335.127	   5360.49	       530	415427	323456	
   336.127	   5360.85	       530	415055	323847	
   337.127	   5361.21	       530	414684	324238	
   338.127	   5361.57	       530	414313	324627	
   339.127	   5361.92	       530	413943	325015	
   340.127	   5362.27	       530	413574	325403	
   341.127	   5362.62	       530	413206	325790	
   342.127	   5362.95	       530	412838	326175	
   343.127	   5363.28	       530	412471	326560	
   344.127	   5363.61	       530	412104	326944	
   345.127	   5363.94	       530	411739	327328	
   346.127	   5364.26	       530	411374	327710	
   347.127	   5364.58	       530	411009	328092	
   348.127	   5364.89	       530	410645	328473	
   349.127	    5365.2	       530	410282	328853	
   350.127	    5365.5	       530	409920	329232	
   351.127	    5365.8	       530	409558	329610	
   352.127	    5366.1	       530	409197	329988	
   353.127	   5366.39	       530	408836	330365	
   354.127	   5366.67	       530	408476	330741	
   355.127	   5366.96	       530	408117	331116	
   356.127	   5367.24	       530	407758	331491	
   357.127	   5367.52	       530	407400	331864	
   358.127	    5367.8	       530	407043	332237	
   359.127	   5368.07	       530	406686	332610	
   360.127	   5368.34	       530	406330	332981	
   361.127	    5368.6	       530	405974	333352	
   362.127	   5368.86	       530	405619	333722	
   363.127	   5369.12	       530	405265	334092	
   364.127	   5369.37	       530	404911	334460	
   365.127	   5369.63	       530	404558	334828	
   366.127	   5369.87	       530	404205	335195	
   367.127	   5370.12	       530	403853	335562	
   368.127	   5370.36	       530	403501	335928	
   369.127	    5370.6	       530	403151	336293	
   370.127	   5370.83	       530	402800	336657	
   371.127	      5371	       530	402450	337020	
   372.127	   5371.15	       530	402101	337382	
   373.127	   5371.28	       530	401752	337744	
   374.127	   5371.39	       530	401403	338104	
   375.127	   5371.49	       530	401055	338464	
   376.127	   5371.57	       530	400708	338823	
   377.127	   5371.64	       530	400360	339181	
   378.127	    5371.7	       530	400013	339538	
   379.127	   5371.74	       530	399667	339894	
   380.127	   5371.77	       530	399321	340250	
   381.127	    5371.8	       530	398975	340605	
   382.127	   5371.81	       530	398630	340960	
   383.127	   5371.81	       530	398286	341313	
   384.127	   5371.81	       530	397941	341666	
   385.127	    5371.8	       530	397598	342018	
   386.127	   5371.78	       530	397254	342370	
   387.127	   5371.75	       530	396911	342721	
   388.127	   5371.72	       530	396569	343071	
   389.127	   5371.68	       530	396227	343421	
   390.127	   5371.63	       530	395885	343770	
   391.127	   5371.58	       530	395544	344118	
   392.127	   5371.53	       530	395204	344466	
   393.127	   5371.47	       530	394863	344813	
   394.127	    5371.4	       530	394523	345160	
   395.127	   5371.33	       530	394184	345506	
   396.127	   5371.26	       530	393845	345851	
   397.127	   5371.18	       530	393506	346196	
   398.127	   5371.09	       530	393168	346540	
   399.127	      5371	       530	392831	346884	
   400.127	    5370.9	       530	392493	347227	
   401.127	    5370.8	       530	392157	347570	
   402.127	    5370.7	       530	391820	347912	
   403.127	   5370.59	       530	391484	348253	
   404.127	   5370.47	       530	391149	348594	
   405.127	   5370.35	       530	390814	348934	
   406.127	   5370.23	       530	390479	349274	
   407.127	   5370.11	       530	390145	349613	
   408.127	   5369.98	       530	389811	349952	
   409.127	   5369.84	       530	389478	350290	
   410.127	    5369.7	       530	389145	350628	
   411.127	   5369.56	       530	388813	350965	
   412.127	   5369.42	       530	388481	351301	
   413.127	   5369.27	       530	388149	351637	
   414.127	    5369.1	       530	387818	351972	
   415.127	   5368.93	       530	387488	352307	
   416.127	   5368.75	       530	387158	352640	
   417.127	   5368.57	       530	386828	352974	
   418.127	   5368.38	       530	386499	353307	
   419.127	   5368.19	       530	386170	353639	
   420.127	   5367.99	       530	385841	353971	
   421.127	   5367.75	       530	385513	354302	
   422.127	    5367.5	       530	385186	354632	
   423.127	   5367.25	       530	384858	354962	
   424.127	      5367	       530	384531	355291	
   425.127	   5366.74	       530	384205	355619	
   426.127	   5366.46	       530	383879	355947	
   427.127	   5366.19	       530	383553	356275	
   428.127	   5365.91	       530	383227	356601	
   429.127	   5365.62	       530	382902	356928	
   430.127	   5365.32	       530	382578	357254	
   431.127	   5365.03	       530	382253	357579	
   432.127	   5364.72	       530	381929	357904	
   433.127	   5364.41	       530	381606	358228	
   434.127	    5364.1	       530	381283	358552	
   435.127	   5363.78	       530	380960	358875	
   436.127	   5363.46	       530	380637	359198	
   437.127	   5363.13	       530	380315	359521	
   438.127	    5362.8	       530	379993	359843	
   439.127	   5362.47	       530	379672	360164	
   440.127	   5362.14	       530	379351	360485	
   441.127	    5361.8	       530	379030	360806	
   442.127	   5361.46	       530	378710	361126	
   443.127	   5361.12	       530	378390	361446	
   444.127	   5360.77	       530	378071	361766	
   445.127	   5360.43	       530	377752	362084	
   446.127	   5360.08	       530	377433	362403	
   447.127	   5359.73	       530	377114	362721	
   448.127	   5359.38	       530	376796	363039	
   449.127	   5359.03	       530	376478	363356	
   450.127	   5358.68	       530	376161	363674	
   451.127	   5358.33	       530	375844	363990	
   452.127	   5357.98	       530	375527	364306	
   453.127	   5357.63	       530	375211	364622	
   454.127	   5357.27	       530	374895	364938	
   455.127	   5356.92	       530	374579	365253	
   456.127	   5356.57	       530	374264	365568	
   457.127	   5356.22	       530	373949	365883	
   458.127	   5355.86	       530	373634	366197	
   459.127	   5355.51	       530	373320	366511	
   460.127	   5355.15	       530	373006	366824	
   461.127	   5354.79	       530	372692	367137	
   462.127	   5354.44	       530	372379	367450	
   463.127	   5354.08	       530	372066	367762	
   464.127	   5353.72	       530	371754	368075	
   465.127	   5353.37	       530	371441	368386	
   466.127	   5353.01	       530	371129	368698	
   467.127	   5352.66	       530	370818	369009	
   468.127	    5352.3	       530	370506	369320	
   469.127	   5351.95	       530	370195	369630	
   470.127	   5351.59	       530	369884	369940	
   471.127	    5351.2	       530	369574	370250	
   472.127	   5350.81	       530	369264	370559	
   473.127	   5350.42	       530	368954	370868	
   474.127	   5350.02	       530	368644	371177	
   475.127	   5349.62	       530	368335	371485	
   476.127	   5349.21	       530	368025	371793	
   477.127	    5348.8	       530	367716	372100	
   478.127	   5348.38	       530	367408	372407	
   479.127	   5347.96	       530	367099	372714	
   480.127	   5347.54	       530	366791	373021	
   481.127	   5347.12	       530	366483	373327	
   482.127	   5346.67	       530	366175	373632	
   483.127	   5346.21	       530	365868	373938	
   484.127	   5345.76	       530	365561	374242	
   485.127	    5345.3	       530	365254	374547	
   486.127	   5344.85	       530	364947	374851	
   487.127	   5344.38	       530	364640	375155	
   488.127	   5343.92	       530	364334	375459	
   489.127	   5343.45	       530	364028	375762	
   490.127	   5342.98	       530	363722	376065	
   491.127	   5342.51	       530	363417	376368	
   492.127	   5342.04	       530	363111	376671	
   493.127	   5341.56	       530	362806	376973	
   494.127	   5341.08	       530	362502	377275	
   495.127	    5340.6	       530	362197	377577	
   496.127	   5340.12	       530	361893	377878	
   497.127	   5339.64	       530	361589	378179	
   498.127	   5339.16	       530	361285	378480	
   499.127	   5338.68	       530	360981	378781	
       500	   5338.26	       530	360716	379043	
