Results for well: RES1_PROD.out in the reservoir: RES1_PROD.out

time	BHP	Temp	q(Oil)	q(Water)
days	psi	F	stb/d	stb/d
0         	0         	-         	0         	0         	
0.0001    	2500      	70        	22.5132   	0         	
0.000195588	2500      	70        	20.8716   	0         	
0.000293607	2500      	70        	19.3313   	0         	
0.000395845	2500      	70        	17.8658   	0         	
0.000503548	2500      	70        	16.4633   	0         	
0.000617956	2500      	70        	15.117    	0         	
0.000740398	2500      	70        	13.8229   	0         	
0.000875619	2500      	70        	12.5521   	0         	
0.00102476	2500      	70        	11.3191   	0         	
0.00118954	2500      	70        	10.1346   	0         	
0.00137239	2500      	70        	9.00721   	0         	
0.00157662	2500      	70        	7.94367   	0         	
0.00180673	2500      	70        	6.95014   	0         	
0.00206878	2500      	70        	6.0325    	0         	
0.00237694	2500      	70        	5.18398   	0         	
0.00274199	2500      	70        	4.42175   	0         	
0.00317977	2500      	70        	3.75791   	0         	
0.00371377	2500      	70        	3.19981   	0         	
0.00437926	2500      	70        	2.74959   	0         	
0.00522993	2500      	70        	2.40293   	0         	
0.00634861	2500      	70        	2.14763   	0         	
0.00779432	2500      	70        	1.96845   	0         	
0.00962519	2500      	70        	1.83998   	0         	
0.0119113 	2500      	70        	1.73892   	0         	
0.0147444 	2500      	70        	1.65051   	0         	
0.0182494 	2500      	70        	1.56776   	0         	
0.0225997 	2500      	70        	1.48824   	0         	
0.0280385 	2500      	70        	1.41144   	0         	
0.0348866 	2500      	70        	1.33758   	0         	
0.0434992 	2500      	70        	1.2674    	0         	
0.0544085 	2500      	70        	1.20096   	0         	
0.0684575 	2500      	70        	1.13775   	0         	
0.086951  	2500      	70        	1.07713   	0         	
0.111864  	2500      	70        	1.01861   	0         	
0.145741  	2500      	70        	0.962528  	0         	
0.185969  	2500      	70        	0.914544  	0         	
0.223409  	2500      	70        	0.880103  	0         	
0.261159  	2500      	70        	0.852322  	0         	
0.30187   	2500      	70        	0.827952  	0         	
0.347891  	2500      	70        	0.805418  	0         	
0.401749  	2500      	70        	0.783879  	0         	
0.466635  	2500      	70        	0.762847  	0         	
0.547095  	2500      	70        	0.741981  	0         	
0.627807  	2500      	70        	0.724853  	0         	
0.714691  	2500      	70        	0.709651  	0         	
0.809361  	2500      	70        	0.695943  	0         	
0.914403  	2500      	70        	0.683364  	0         	
1.03433   	2500      	70        	0.671548  	0         	
1.16359   	2500      	70        	0.661042  	0         	
1.30897   	2500      	70        	0.651347  	0         	
1.46861   	2500      	70        	0.642648  	0         	
1.64823   	2500      	70        	0.634753  	0         	
1.84812   	2500      	70        	0.627812  	0         	
2.07388   	2500      	70        	0.621874  	0         	
2.31669   	2500      	70        	0.61734   	0         	
2.57473   	2500      	70        	0.614366  	0         	
2.8438    	2500      	70        	0.613097  	0         	
3.1231    	2500      	70        	0.613632  	0         	
3.4073    	2500      	70        	0.616002  	0         	
3.69443   	2500      	70        	0.620183  	0         	
3.9881    	2500      	70        	0.626238  	0         	
4.28782   	2500      	70        	0.634151  	0         	
4.59815   	2500      	70        	0.644086  	0         	
4.92      	2500      	70        	0.656136  	0         	
5.25625   	2500      	70        	0.670483  	0         	
5.61409   	2500      	70        	0.687558  	0         	
6.0091    	2500      	70        	0.708366  	0         	
6.45243   	2500      	70        	0.733867  	0         	
6.9828    	2500      	70        	0.767048  	0         	
7.58272   	2500      	70        	0.8072    	0         	
8.29875   	2500      	70        	0.857773  	0         	
9.15199   	2500      	70        	0.920739  	0         	
10.1273   	2500      	70        	0.99475   	0         	
11.1273   	2500      	70        	1.07145   	0         	
12.1273   	2500      	70        	1.14805   	0         	
13.1273   	2500      	70        	1.2236    	0         	
14.1273   	2500      	70        	1.29779   	0         	
15.1273   	2500      	70        	1.37018   	0         	
16.1273   	2500      	70        	1.44058   	0         	
17.1273   	2500      	70        	1.50904   	0         	
18.1273   	2500      	70        	1.57525   	0         	
19.1273   	2500      	70        	1.63918   	0         	
20.1273   	2500      	70        	1.70051   	0         	
21.1273   	2500      	70        	1.75929   	0         	
22.1273   	2500      	70        	1.81566   	0         	
23.1273   	2500      	70        	1.86946   	0         	
24.1273   	2500      	70        	1.92062   	0         	
25.1273   	2500      	70        	1.96884   	0         	
26.1273   	2500      	70        	2.01447   	0         	
27.1273   	2500      	70        	2.0578    	0         	
28.1273   	2500      	70        	2.09912   	0         	
29.1273   	2500      	70        	2.13858   	0         	
30.1273   	2500      	70        	2.17617   	0         	
31.1273   	2500      	70        	2.21205   	0         	
32.1273   	2500      	70        	2.24625   	0         	
33.1273   	2500      	70        	2.27887   	0         	
34.1273   	2500      	70        	2.30992   	0         	
35.1273   	2500      	70        	2.33945   	0         	
36.1273   	2500      	70        	2.36753   	0         	
37.1273   	2500      	70        	2.39426   	1.4963e-016	
38.1273   	2500      	70        	2.41965   	1.51213e-016	
39.1273   	2500      	70        	2.44376   	1.52716e-016	
40.1273   	2500      	70        	2.46693   	3.08322e-016	
41.1273   	2500      	70        	2.48929   	7.77777e-016	
42.1273   	2500      	70        	2.51099   	1.41217e-015	
43.1273   	2500      	70        	2.53211   	2.37337e-015	
44.1273   	2500      	70        	2.55259   	3.98754e-015	
45.1273   	2500      	70        	2.57241   	6.91169e-015	
46.1273   	2500      	70        	2.59149   	1.08491e-014	
47.1273   	2500      	70        	2.60986   	1.76117e-014	
48.1273   	2500      	70        	2.62749   	2.82373e-014	
49.1273   	2500      	70        	2.64439   	4.47756e-014	
50.1273   	2500      	70        	2.66057   	7.06488e-014	
51.1273   	2500      	70        	2.67608   	1.10518e-013	
52.1273   	2500      	70        	2.69099   	1.71995e-013	
53.1273   	2500      	70        	2.70533   	2.65703e-013	
54.1273   	2500      	70        	2.71913   	4.08056e-013	
55.1273   	2500      	70        	2.73236   	6.22908e-013	
56.1273   	2500      	70        	2.74504   	9.44947e-013	
57.1273   	2500      	70        	2.75729   	1.42442e-012	
58.1273   	2500      	70        	2.76908   	2.13423e-012	
59.1273   	2500      	70        	2.78039   	3.17784e-012	
60.1273   	2500      	70        	2.79124   	4.70203e-012	
61.1273   	2500      	70        	2.80159   	6.91349e-012	
62.1273   	2500      	70        	2.81146   	1.01012e-011	
63.1273   	2500      	70        	2.82087   	1.4665e-011	
64.1273   	2500      	70        	2.82981   	2.11553e-011	
65.1273   	2500      	70        	2.83832   	3.03239e-011	
66.1273   	2500      	70        	2.84639   	4.31932e-011	
67.1273   	2500      	70        	2.85405   	6.11386e-011	
68.1273   	2500      	70        	2.86141   	8.60063e-011	
69.1273   	2500      	70        	2.86846   	1.20251e-010	
70.1273   	2500      	70        	2.87519   	1.67114e-010	
71.1273   	2500      	70        	2.88157   	2.30856e-010	
72.1273   	2500      	70        	2.88766   	3.17037e-010	
73.1273   	2500      	70        	2.89344   	4.32874e-010	
74.1273   	2500      	70        	2.8989    	5.8767e-010	
75.1273   	2500      	70        	2.90404   	7.93352e-010	
76.1273   	2500      	70        	2.90885   	1.06512e-009	
77.1273   	2500      	70        	2.91355   	1.42239e-009	
78.1273   	2500      	70        	2.9182    	1.88968e-009	
79.1273   	2500      	70        	2.92282   	2.49813e-009	
80.1273   	2500      	70        	2.92742   	3.28605e-009	
81.1273   	2500      	70        	2.93198   	4.30157e-009	
82.1273   	2500      	70        	2.93644   	5.60451e-009	
83.1273   	2500      	70        	2.94074   	7.26844e-009	
84.1273   	2500      	70        	2.94486   	9.38374e-009	
85.1273   	2500      	70        	2.94883   	1.2061e-008	
86.1273   	2500      	70        	2.95263   	1.54353e-008	
87.1273   	2500      	70        	2.9563    	1.96705e-008	
88.1273   	2500      	70        	2.95986   	2.4965e-008	
89.1273   	2500      	70        	2.96324   	3.15566e-008	
90.1273   	2500      	70        	2.96641   	3.97302e-008	
91.1273   	2500      	70        	2.96946   	4.9829e-008	
92.1273   	2500      	70        	2.97242   	6.22611e-008	
93.1273   	2500      	70        	2.97529   	7.75097e-008	
94.1273   	2500      	70        	2.97808   	9.6149e-008	
95.1273   	2500      	70        	2.98073   	1.18855e-007	
96.1273   	2500      	70        	2.98318   	1.46414e-007	
97.1273   	2500      	70        	2.98573   	1.79779e-007	
98.1273   	2500      	70        	2.98823   	2.20031e-007	
99.1273   	2500      	70        	2.99059   	2.68437e-007	
100.127   	2500      	70        	2.99277   	3.26462e-007	
101.127   	2500      	70        	2.99491   	3.95839e-007	
102.127   	2500      	70        	2.99694   	4.78524e-007	
103.127   	2500      	70        	2.99882   	5.76794e-007	
104.127   	2500      	70        	3.00055   	6.93265e-007	
105.127   	2500      	70        	3.00225   	8.30963e-007	
106.127   	2500      	70        	3.00396   	9.93357e-007	
107.127   	2500      	70        	3.00583   	1.18447e-006	
108.127   	2500      	70        	3.00784   	1.40887e-006	
109.127   	2500      	70        	3.00982   	1.67164e-006	
110.127   	2500      	70        	3.0117    	1.9786e-006	
111.127   	2500      	70        	3.01385   	2.33677e-006	
112.127   	2500      	70        	3.01606   	2.75358e-006	
113.127   	2500      	70        	3.01823   	3.23755e-006	
114.127   	2500      	70        	3.02032   	3.79819e-006	
115.127   	2500      	70        	3.02232   	4.44664e-006	
116.127   	2500      	70        	3.02423   	5.19506e-006	
117.127   	2500      	70        	3.02622   	6.05773e-006	
118.127   	2500      	70        	3.02818   	7.05022e-006	
119.127   	2500      	70        	3.03018   	8.19042e-006	
120.127   	2500      	70        	3.03211   	9.498e-006	
121.127   	2500      	70        	3.03406   	1.09957e-005	
122.127   	2500      	70        	3.03593   	1.27086e-005	
123.127   	2500      	70        	3.0377    	1.46648e-005	
124.127   	2500      	70        	3.03934   	1.68962e-005	
125.127   	2500      	70        	3.0408    	1.94384e-005	
126.127   	2500      	70        	3.04206   	2.23327e-005	
127.127   	2500      	70        	3.04307   	2.56233e-005	
128.127   	2500      	70        	3.04379   	2.93615e-005	
129.127   	2500      	70        	3.04418   	3.36067e-005	
130.127   	2500      	70        	3.04423   	3.84256e-005	
131.127   	2500      	70        	3.04392   	4.38954e-005	
132.127   	2500      	70        	3.04325   	5.01064e-005	
133.127   	2500      	70        	3.04224   	5.71646e-005	
134.127   	2500      	70        	3.04092   	6.51954e-005	
135.127   	2500      	70        	3.03932   	7.43512e-005	
136.127   	2500      	70        	3.03749   	8.48149e-005	
137.127   	2500      	70        	3.03547   	9.68106e-005	
138.127   	2500      	70        	3.03331   	0.000110615	
139.127   	2500      	70        	3.03104   	0.000126571	
140.127   	2500      	70        	3.02867   	0.000145102	
141.127   	2500      	70        	3.02622   	0.000166739	
142.127   	2500      	70        	3.02365   	0.000192133	
143.127   	2500      	70        	3.02105   	0.00022212	
144.127   	2500      	70        	3.01835   	0.000257708	
145.127   	2500      	70        	3.01557   	0.000300135	
146.127   	2500      	70        	3.0127    	0.000350931	
147.127   	2500      	70        	3.00975   	0.000411957	
148.127   	2500      	70        	3.00669   	0.000485438	
149.127   	2500      	70        	3.00349   	0.000574038	
150.127   	2500      	70        	3.00013   	0.000680932	
151.127   	2500      	70        	2.9966    	0.000809784	
152.127   	2500      	70        	2.99291   	0.000965059	
153.127   	2500      	70        	2.98902   	0.00115164	
154.127   	2500      	70        	2.98495   	0.00137538	
155.127   	2500      	70        	2.98068   	0.00164295	
156.127   	2500      	70        	2.97618   	0.00196167	
157.127   	2500      	70        	2.97141   	0.00233984	
158.127   	2500      	70        	2.96636   	0.00278672	
159.127   	2500      	70        	2.96102   	0.00331253	
160.127   	2500      	70        	2.95537   	0.0039285 	
161.127   	2500      	70        	2.94938   	0.00464688	
162.127   	2500      	70        	2.94304   	0.00548093	
163.127   	2500      	70        	2.93632   	0.00644489	
164.127   	2500      	70        	2.92919   	0.00755402	
165.127   	2500      	70        	2.92163   	0.00882456	
166.127   	2500      	70        	2.91362   	0.0102736 	
167.127   	2500      	70        	2.90517   	0.0119196 	
168.127   	2500      	70        	2.8962    	0.013781  	
169.127   	2500      	70        	2.88668   	0.0158773 	
170.127   	2500      	70        	2.87662   	0.0182288 	
171.127   	2500      	70        	2.866     	0.020856  	
172.127   	2500      	70        	2.85478   	0.02378   	
173.127   	2500      	70        	2.84295   	0.0270212 	
174.127   	2500      	70        	2.83048   	0.0306    	
175.127   	2500      	70        	2.81732   	0.0345363 	
176.127   	2500      	70        	2.80346   	0.0388489 	
177.127   	2500      	70        	2.7889    	0.0435558 	
178.127   	2500      	70        	2.77364   	0.048673  	
179.127   	2500      	70        	2.75766   	0.0542146 	
180.127   	2500      	70        	2.74098   	0.0601922 	
181.127   	2500      	70        	2.7236    	0.0666135 	
182.127   	2500      	70        	2.70553   	0.0734829 	
183.127   	2500      	70        	2.68678   	0.0808012 	
184.127   	2500      	70        	2.66741   	0.0885649 	
185.127   	2500      	70        	2.64743   	0.0967652 	
186.127   	2500      	70        	2.62689   	0.105389  	
187.127   	2500      	70        	2.60586   	0.114417  	
188.127   	2500      	70        	2.58438   	0.123828  	
189.127   	2500      	70        	2.56254   	0.133592  	
190.127   	2500      	70        	2.54043   	0.143682  	
191.127   	2500      	70        	2.51815   	0.154061  	
192.127   	2500      	70        	2.49605   	0.164713  	
193.127   	2500      	70        	2.47373   	0.175568  	
194.127   	2500      	70        	2.45175   	0.186623  	
195.127   	2500      	70        	2.42978   	0.197807  	
196.127   	2500      	70        	2.40779   	0.209071  	
197.127   	2500      	70        	2.38622   	0.22041   	
198.127   	2500      	70        	2.36497   	0.231779  	
199.127   	2500      	70        	2.34383   	0.243117  	
200.127   	2500      	70        	2.32312   	0.254427  	
201.127   	2500      	70        	2.30268   	0.265662  	
202.127   	2500      	70        	2.28267   	0.276821  	
203.127   	2500      	70        	2.2628    	0.287852  	
204.127   	2500      	70        	2.2432    	0.298759  	
205.127   	2500      	70        	2.22377   	0.309523  	
206.127   	2500      	70        	2.20462   	0.320162  	
207.127   	2500      	70        	2.18613   	0.330745  	
208.127   	2500      	70        	2.16763   	0.341191  	
209.127   	2500      	70        	2.14931   	0.351545  	
210.127   	2500      	70        	2.1311    	0.361821  	
211.127   	2500      	70        	2.11295   	0.372032  	
212.127   	2500      	70        	2.09483   	0.3822    	
213.127   	2500      	70        	2.07725   	0.392448  	
214.127   	2500      	70        	2.05962   	0.402698  	
215.127   	2500      	70        	2.04212   	0.413024  	
216.127   	2500      	70        	2.0243    	0.423364  	
217.127   	2500      	70        	2.00655   	0.433828  	
218.127   	2500      	70        	1.98854   	0.444362  	
219.127   	2500      	70        	1.97049   	0.455019  	
220.127   	2500      	70        	1.95229   	0.465752  	
221.127   	2500      	70        	1.93417   	0.476582  	
222.127   	2500      	70        	1.91625   	0.487519  	
223.127   	2500      	70        	1.89823   	0.498459  	
224.127   	2500      	70        	1.88022   	0.509391  	
225.127   	2500      	70        	1.86235   	0.520291  	
226.127   	2500      	70        	1.84493   	0.531201  	
227.127   	2500      	70        	1.82775   	0.542014  	
228.127   	2500      	70        	1.81088   	0.552694  	
229.127   	2500      	70        	1.79465   	0.563412  	
230.127   	2500      	70        	1.77833   	0.573925  	
231.127   	2500      	70        	1.76231   	0.584291  	
232.127   	2500      	70        	1.7467    	0.594465  	
233.127   	2500      	70        	1.73186   	0.604549  	
234.127   	2500      	70        	1.71726   	0.614336  	
235.127   	2500      	70        	1.7031    	0.623871  	
236.127   	2500      	70        	1.68936   	0.633138  	
237.127   	2500      	70        	1.67619   	0.642442  	
238.127   	2500      	70        	1.66302   	0.651531  	
239.127   	2500      	70        	1.65023   	0.660428  	
240.127   	2500      	70        	1.63792   	0.669069  	
241.127   	2500      	70        	1.62613   	0.677408  	
242.127   	2500      	70        	1.61507   	0.685728  	
243.127   	2500      	70        	1.60408   	0.693753  	
244.127   	2500      	70        	1.59339   	0.701549  	
245.127   	2500      	70        	1.58312   	0.709122  	
246.127   	2500      	70        	1.57325   	0.716443  	
247.127   	2500      	70        	1.56385   	0.723574  	
248.127   	2500      	70        	1.55476   	0.730476  	
249.127   	2500      	70        	1.54594   	0.737165  	
250.127   	2500      	70        	1.53736   	0.74366   	
251.127   	2500      	70        	1.52903   	0.749982  	
252.127   	2500      	70        	1.52092   	0.756142  	
253.127   	2500      	70        	1.51303   	0.762146  	
254.127   	2500      	70        	1.50546   	0.768122  	
255.127   	2500      	70        	1.4979    	0.773961  	
256.127   	2500      	70        	1.49047   	0.779731  	
257.127   	2500      	70        	1.48314   	0.785409  	
258.127   	2500      	70        	1.47592   	0.79099   	
259.127   	2500      	70        	1.46883   	0.79647   	
260.127   	2500      	70        	1.46186   	0.801845  	
261.127   	2500      	70        	1.45503   	0.807116  	
262.127   	2500      	70        	1.44833   	0.812284  	
263.127   	2500      	70        	1.44177   	0.817367  	
264.127   	2500      	70        	1.43535   	0.822355  	
265.127   	2500      	70        	1.42904   	0.82725   	
266.127   	2500      	70        	1.42283   	0.832546  	
267.127   	2500      	70        	1.4165    	0.837603  	
268.127   	2500      	70        	1.41043   	0.84252   	
269.127   	2500      	70        	1.40458   	0.847287  	
270.127   	2500      	70        	1.39889   	0.851919  	
271.127   	2500      	70        	1.39333   	0.856437  	
272.127   	2500      	70        	1.38789   	0.861702  	
273.127   	2500      	70        	1.38235   	0.867227  	
274.127   	2500      	70        	1.37681   	0.872446  	
275.127   	2500      	70        	1.37156   	0.877422  	
276.127   	2500      	70        	1.36654   	0.882184  	
277.127   	2500      	70        	1.36178   	0.886837  	
278.127   	2500      	70        	1.35712   	0.891349  	
279.127   	2500      	70        	1.35254   	0.895751  	
280.127   	2500      	70        	1.34805   	0.900061  	
281.127   	2500      	70        	1.34364   	0.904296  	
282.127   	2500      	70        	1.33931   	0.908458  	
283.127   	2500      	70        	1.33505   	0.91255   	
284.127   	2500      	70        	1.33086   	0.916573  	
285.127   	2500      	70        	1.32673   	0.92053   	
286.127   	2500      	70        	1.32266   	0.924426  	
287.127   	2500      	70        	1.31866   	0.928263  	
288.127   	2500      	70        	1.31471   	0.932043  	
289.127   	2500      	70        	1.31082   	0.935768  	
290.127   	2500      	70        	1.30698   	0.939442  	
291.127   	2500      	70        	1.30319   	0.943066  	
292.127   	2500      	70        	1.29945   	0.946645  	
293.127   	2500      	70        	1.29577   	0.950191  	
294.127   	2500      	70        	1.29213   	0.9537    	
295.127   	2500      	70        	1.28853   	0.957169  	
296.127   	2500      	70        	1.28497   	0.960602  	
297.127   	2500      	70        	1.28145   	0.963997  	
298.127   	2500      	70        	1.27796   	0.967355  	
299.127   	2500      	70        	1.27457   	0.971047  	
300.127   	2500      	70        	1.27098   	0.97463   	
301.127   	2500      	70        	1.26743   	0.978148  	
302.127   	2500      	70        	1.26396   	0.981589  	
303.127   	2500      	70        	1.26057   	0.984952  	
304.127   	2500      	70        	1.25726   	0.98824   	
305.127   	2500      	70        	1.25402   	0.99146   	
306.127   	2500      	70        	1.25086   	0.994618  	
307.127   	2500      	70        	1.24776   	0.997876  	
308.127   	2500      	70        	1.24465   	1.00103   	
309.127   	2500      	70        	1.24163   	1.00412   	
310.127   	2500      	70        	1.2387    	1.00713   	
311.127   	2500      	70        	1.23584   	1.01009   	
312.127   	2500      	70        	1.23305   	1.01299   	
313.127   	2500      	70        	1.23032   	1.01585   	
314.127   	2500      	70        	1.22763   	1.01866   	
315.127   	2500      	70        	1.22498   	1.02145   	
316.127   	2500      	70        	1.22237   	1.02421   	
317.127   	2500      	70        	1.21979   	1.02694   	
318.127   	2500      	70        	1.21723   	1.02965   	
319.127   	2500      	70        	1.21471   	1.03234   	
320.127   	2500      	70        	1.2122    	1.03501   	
321.127   	2500      	70        	1.20972   	1.03766   	
322.127   	2500      	70        	1.20726   	1.0403    	
323.127   	2500      	70        	1.20482   	1.04292   	
324.127   	2500      	70        	1.20239   	1.04553   	
325.127   	2500      	70        	1.19999   	1.04812   	
326.127   	2500      	70        	1.19762   	1.0507    	
327.127   	2500      	70        	1.19526   	1.05326   	
328.127   	2500      	70        	1.19293   	1.05582   	
329.127   	2500      	70        	1.19062   	1.05837   	
330.127   	2500      	70        	1.18832   	1.0609    	
331.127   	2500      	70        	1.18604   	1.06341   	
332.127   	2500      	70        	1.18378   	1.06591   	
333.127   	2500      	70        	1.18153   	1.0684    	
334.127   	2500      	70        	1.1793    	1.07087   	
335.127   	2500      	70        	1.17708   	1.07333   	
336.127   	2500      	70        	1.17487   	1.07578   	
337.127   	2500      	70        	1.17267   	1.07822   	
338.127   	2500      	70        	1.17049   	1.08064   	
339.127   	2500      	70        	1.16832   	1.08305   	
340.127   	2500      	70        	1.16616   	1.08546   	
341.127   	2500      	70        	1.16402   	1.08785   	
342.127   	2500      	70        	1.16192   	1.09041   	
343.127   	2500      	70        	1.15971   	1.09291   	
344.127   	2500      	70        	1.15751   	1.09538   	
345.127   	2500      	70        	1.15534   	1.09782   	
346.127   	2500      	70        	1.15322   	1.10023   	
347.127   	2500      	70        	1.15112   	1.10261   	
348.127   	2500      	70        	1.14905   	1.10497   	
349.127   	2500      	70        	1.14702   	1.10734   	
350.127   	2500      	70        	1.145     	1.10968   	
351.127   	2500      	70        	1.14299   	1.11202   	
352.127   	2500      	70        	1.14099   	1.11435   	
353.127   	2500      	70        	1.139     	1.11667   	
354.127   	2500      	70        	1.13701   	1.11898   	
355.127   	2500      	70        	1.13504   	1.12129   	
356.127   	2500      	70        	1.13308   	1.12359   	
357.127   	2500      	70        	1.13113   	1.12588   	
358.127   	2500      	70        	1.12919   	1.12816   	
359.127   	2500      	70        	1.12726   	1.13044   	
360.127   	2500      	70        	1.12534   	1.1327    	
361.127   	2500      	70        	1.12344   	1.13498   	
362.127   	2500      	70        	1.12155   	1.13725   	
363.127   	2500      	70        	1.11966   	1.13952   	
364.127   	2500      	70        	1.11777   	1.14179   	
365.127   	2500      	70        	1.11588   	1.14407   	
366.127   	2500      	70        	1.114     	1.14635   	
367.127   	2500      	70        	1.11212   	1.14863   	
368.127   	2500      	70        	1.11025   	1.15092   	
369.127   	2500      	70        	1.10837   	1.15321   	
370.127   	2500      	70        	1.1065    	1.1555    	
371.127   	2500      	70        	1.10522   	1.15933   	
372.127   	2500      	70        	1.10382   	1.16226   	
373.127   	2500      	70        	1.1025    	1.16517   	
374.127   	2500      	70        	1.10118   	1.16807   	
375.127   	2500      	70        	1.09985   	1.17098   	
376.127   	2500      	70        	1.09851   	1.1739    	
377.127   	2500      	70        	1.09715   	1.17681   	
378.127   	2500      	70        	1.09578   	1.17973   	
379.127   	2500      	70        	1.0944    	1.18265   	
380.127   	2500      	70        	1.09302   	1.18558   	
381.127   	2500      	70        	1.09162   	1.1885    	
382.127   	2500      	70        	1.09022   	1.19142   	
383.127   	2500      	70        	1.08882   	1.19434   	
384.127   	2500      	70        	1.08741   	1.19725   	
385.127   	2500      	70        	1.08601   	1.20016   	
386.127   	2500      	70        	1.08461   	1.20306   	
387.127   	2500      	70        	1.08321   	1.20595   	
388.127   	2500      	70        	1.08182   	1.20883   	
389.127   	2500      	70        	1.08043   	1.21171   	
390.127   	2500      	70        	1.07905   	1.21458   	
391.127   	2500      	70        	1.07767   	1.21745   	
392.127   	2500      	70        	1.0763    	1.22032   	
393.127   	2500      	70        	1.07494   	1.22318   	
394.127   	2500      	70        	1.07358   	1.22605   	
395.127   	2500      	70        	1.07223   	1.22893   	
396.127   	2500      	70        	1.07088   	1.23182   	
397.127   	2500      	70        	1.06956   	1.23482   	
398.127   	2500      	70        	1.0682    	1.23783   	
399.127   	2500      	70        	1.06681   	1.24084   	
400.127   	2500      	70        	1.06542   	1.24386   	
401.127   	2500      	70        	1.06403   	1.24687   	
402.127   	2500      	70        	1.06265   	1.24989   	
403.127   	2500      	70        	1.06127   	1.25291   	
404.127   	2500      	70        	1.05989   	1.25593   	
405.127   	2500      	70        	1.0585    	1.25897   	
406.127   	2500      	70        	1.05712   	1.26201   	
407.127   	2500      	70        	1.05572   	1.26508   	
408.127   	2500      	70        	1.05433   	1.26815   	
409.127   	2500      	70        	1.05292   	1.27124   	
410.127   	2500      	70        	1.05151   	1.27434   	
411.127   	2500      	70        	1.0501    	1.27747   	
412.127   	2500      	70        	1.04868   	1.2806    	
413.127   	2500      	70        	1.04935   	1.29614   	
414.127   	2500      	70        	1.04541   	1.28788   	
415.127   	2500      	70        	1.04432   	1.2908    	
416.127   	2500      	70        	1.04299   	1.29404   	
417.127   	2500      	70        	1.04164   	1.2973    	
418.127   	2500      	70        	1.04028   	1.30056   	
419.127   	2500      	70        	1.03892   	1.30383   	
420.127   	2500      	70        	1.03756   	1.3071    	
421.127   	2500      	70        	1.03636   	1.3117    	
422.127   	2500      	70        	1.03512   	1.31511   	
423.127   	2500      	70        	1.03396   	1.31853   	
424.127   	2500      	70        	1.0328    	1.32199   	
425.127   	2500      	70        	1.03164   	1.32553   	
426.127   	2500      	70        	1.03045   	1.32907   	
427.127   	2500      	70        	1.02927   	1.33261   	
428.127   	2500      	70        	1.02809   	1.33614   	
429.127   	2500      	70        	1.02691   	1.33967   	
430.127   	2500      	70        	1.02574   	1.34318   	
431.127   	2500      	70        	1.02457   	1.34669   	
432.127   	2500      	70        	1.02341   	1.3502    	
433.127   	2500      	70        	1.02224   	1.3537    	
434.127   	2500      	70        	1.02108   	1.35721   	
435.127   	2500      	70        	1.01991   	1.36071   	
436.127   	2500      	70        	1.01875   	1.3642    	
437.127   	2500      	70        	1.01758   	1.36769   	
438.127   	2500      	70        	1.01641   	1.37118   	
439.127   	2500      	70        	1.01525   	1.37465   	
440.127   	2500      	70        	1.01409   	1.37812   	
441.127   	2500      	70        	1.01293   	1.38158   	
442.127   	2500      	70        	1.01177   	1.38502   	
443.127   	2500      	70        	1.01061   	1.38845   	
444.127   	2500      	70        	1.00947   	1.39188   	
445.127   	2500      	70        	1.00832   	1.39528   	
446.127   	2500      	70        	1.00718   	1.39868   	
447.127   	2500      	70        	1.00605   	1.40206   	
448.127   	2500      	70        	1.00492   	1.40542   	
449.127   	2500      	70        	1.0038    	1.40877   	
450.127   	2500      	70        	1.00269   	1.4121    	
451.127   	2500      	70        	1.00158   	1.41542   	
452.127   	2500      	70        	1.00047   	1.41872   	
453.127   	2500      	70        	0.999377  	1.42201   	
454.127   	2500      	70        	0.998287  	1.42529   	
455.127   	2500      	70        	0.997204  	1.42855   	
456.127   	2500      	70        	0.996128  	1.4318    	
457.127   	2500      	70        	0.995075  	1.43509   	
458.127   	2500      	70        	0.994016  	1.43838   	
459.127   	2500      	70        	0.992953  	1.44166   	
460.127   	2500      	70        	0.99189   	1.44494   	
461.127   	2500      	70        	0.990829  	1.44821   	
462.127   	2500      	70        	0.989774  	1.45146   	
463.127   	2500      	70        	0.988726  	1.4547    	
464.127   	2500      	70        	0.987686  	1.45792   	
465.127   	2500      	70        	0.986653  	1.46112   	
466.127   	2500      	70        	0.985627  	1.46432   	
467.127   	2500      	70        	0.984608  	1.4675    	
468.127   	2500      	70        	0.983593  	1.47067   	
469.127   	2500      	70        	0.982584  	1.47384   	
470.127   	2500      	70        	0.981579  	1.477     	
471.127   	2500      	70        	0.980868  	1.48099   	
472.127   	2500      	70        	0.980083  	1.48428   	
473.127   	2500      	70        	0.9793    	1.48766   	
474.127   	2500      	70        	0.978507  	1.49105   	
475.127   	2500      	70        	0.977711  	1.49444   	
476.127   	2500      	70        	0.976913  	1.49783   	
477.127   	2500      	70        	0.976114  	1.50123   	
478.127   	2500      	70        	0.975314  	1.50462   	
479.127   	2500      	70        	0.974513  	1.50802   	
480.127   	2500      	70        	0.973711  	1.51141   	
481.127   	2500      	70        	0.972909  	1.51481   	
482.127   	2500      	70        	0.972167  	1.51892   	
483.127   	2500      	70        	0.971343  	1.52251   	
484.127   	2500      	70        	0.970573  	1.526     	
485.127   	2500      	70        	0.969823  	1.52947   	
486.127   	2500      	70        	0.969076  	1.53294   	
487.127   	2500      	70        	0.968326  	1.53642   	
488.127   	2500      	70        	0.967572  	1.5399    	
489.127   	2500      	70        	0.966815  	1.54339   	
490.127   	2500      	70        	0.966055  	1.54688   	
491.127   	2500      	70        	0.965294  	1.55036   	
492.127   	2500      	70        	0.96453   	1.55384   	
493.127   	2500      	70        	0.963765  	1.55732   	
494.127   	2500      	70        	0.962999  	1.5608    	
495.127   	2500      	70        	0.962233  	1.56426   	
496.127   	2500      	70        	0.961467  	1.56772   	
497.127   	2500      	70        	0.960702  	1.57117   	
498.127   	2500      	70        	0.959938  	1.57461   	
499.127   	2500      	70        	0.959175  	1.57804   	
500       	2500      	70        	0.958509  	1.58102   	
