
 Simulation Finished Successfully 


 -------------------------- Performance Report -------------------------- 


 ------------ Mass Balance Error Report ------------- 

 OCIP     :	5.82419e+007	3.49452e+006	8.15387e+006	2.32968e+007	1.74726e+007	5.82419e+006	2.61211e+008	

 Residual :	4.22294e+007	2.47817e+006	5.74648e+006	1.63972e+007	1.22955e+007	4.09841e+006	5.08443e+008	
 Facilty  :	1.60126e+007	1.01634e+006	2.40739e+006	6.8996e+006	5.17707e+006	1.72578e+006	14738.9	
 Facilty  :	0	0	0	0	0	0	-2.47247e+008	

 MB_Error :	11.9528	1.01608	2.57166	7.45942	5.60554	1.86861	2.69554	
 Rel_Error:	0%	0%	0%	0%	0%	0%	0%	


 Variable Type : -----------------  Natural Variables
 Number of Implicit levels: ------        1
                    ImpVar --- TransImpLvl --- CFL_Limit --- Percent
       Scheme 0 :     7             7             1           100%

 Linear solver choice : ----------        5
 Preconditioner choice : ---------        4
 Linear solver Tolerance : -------   1e-005

 Total running time: -------------   14.842 sec  ( 100 % )
   -Initialization time: ---------    0.234 sec  (   2 % )
   -Property Calc  time: ---------    1.886 sec  (  13 % )
   -Linearization  time: ---------    3.825 sec  (  26 % )
   -Newton Update  time: ---------    0.016 sec  (   0 % )
   -Solver running time: ---------    5.241 sec  (  35 % )
      --(B)ILU Pre fac time: -----    1.705 sec  (  11 % )
      --(B)ILU Pre slv time: -----    0.489 sec  (   3 % )
      --Pres dcpl time: ----------     0.81 sec  (   5 % )
      --Pres slv time: -----------    0.205 sec  (   1 % )
   -Timestep Calc  time: ---------        0 sec  (   0 % )
   -CFL No.  Calc  time: ---------        0 sec  (   0 % )


 Compositional simulation only:
 Initialization time for reservoir: ---------        0 sec
 Phase equilibrium running time: ------------    0.063 sec


 No. of timesteps: ---------------      110

 No. of Newton Iters : -----------      282
 No. of Waste Newton Iters : -----        0

 No. of Solver Iters : -----------      908
 No. of Waste Solver Iters : -----        0

 No. of Pres slvr iters : --------      908
 No. of Waste Pres slvr iters: ---        0

 Total elapsed = 14.842, steps = 110, Newton = 282, linear = 908

