Results for well: RES1_PROD.out in the reservoir: RES1_PROD.out

time		BHP		q(Gas)		q(Oil)		 q(Water)
days		psi		Mscf/d		stb/d		stb/d
0         	1500      	0         	0         	0         	
0.01      	1500      	54995.3   	99295.6   	0.117636  	
1.01      	1500      	41602     	75113.5   	0.910455  	
2.01      	1500      	37952.2   	68523.7   	1.00735   	
3.07639   	1500      	36157     	65282.4   	1.03869   	
4.69943   	1500      	34505.8   	62301.2   	1.05852   	
7.00268   	1500      	32683.2   	59010.5   	1.07086   	
9.75182   	1500      	30742.6   	55506.6   	1.07345   	
12.9063   	1500      	28702.6   	51823.3   	1.06497   	
16.5906   	1500      	26540.4   	47919.4   	1.04403   	
20.8134   	1500      	24325.7   	43920.8   	1.01049   	
25.6522   	1500      	22122     	39941.9   	0.965603  	
31.3435   	1500      	19309.7   	35272.1   	0.922979  	
38.2864   	1500      	16008.6   	30028.2   	0.893151  	
47.3382   	1500      	12912.3   	24840.2   	0.862446  	
57.3382   	1500      	10720.2   	20949.5   	0.837917  	
67.3382   	1500      	9378.45   	18396.3   	0.818367  	
77.3382   	1500      	8527.77   	16762.6   	0.803935  	
87.3382   	1500      	7966.31   	15678.4   	0.793277  	
97.3382   	1500      	7578.12   	14928.1   	0.785158  	
107.338   	1500      	7294.11   	14380.5   	0.778688  	
117.338   	1500      	7080.39   	13969.7   	0.773472  	
127.338   	1500      	6909.81   	13642.9   	0.769074  	
137.338   	1500      	6768.47   	13372.8   	0.765282  	
147.338   	1500      	6648.17   	13143.2   	0.761972  	
157.338   	1500      	6542.45   	12941.2   	0.759026  	
167.338   	1500      	6448.46   	12761.3   	0.756406  	
177.338   	1500      	6363.38   	12597     	0.754113  	
187.338   	1500      	6285.08   	12442.5   	0.752199  	
197.338   	1500      	6211.65   	12295.6   	0.750518  	
207.338   	1500      	6143.14   	12157.3   	0.749015  	
217.338   	1500      	6088.42   	12040     	0.747452  	
227.338   	1500      	6059.07   	11960.5   	0.745486  	
237.338   	1500      	6028.21   	11884.9   	0.743478  	
247.338   	1500      	5997.1    	11813.6   	0.741496  	
257.338   	1500      	5966.14   	11745.8   	0.739554  	
267.338   	1500      	5936.5    	11681.1   	0.737703  	
277.338   	1500      	5908.09   	11619.4   	0.735941  	
287.338   	1500      	5880.67   	11560.3   	0.734253  	
297.338   	1500      	5853.94   	11503.3   	0.732617  	
307.338   	1500      	5827.75   	11448.1   	0.731026  	
317.338   	1500      	5802.33   	11395.3   	0.729495  	
327.338   	1500      	5777.68   	11345     	0.728024  	
337.338   	1500      	5753.7    	11296.8   	0.726607  	
347.338   	1500      	5730.29   	11250.3   	0.725235  	
357.338   	1500      	5707.42   	11205.6   	0.723905  	
367.338   	1500      	5684.96   	11162.2   	0.722607  	
377.338   	1500      	5662.48   	11119.1   	0.72131   	
387.338   	1500      	5640.01   	11076.5   	0.720015  	
397.338   	1500      	5617.61   	11034.5   	0.718726  	
407.338   	1500      	5595.25   	10993.1   	0.717442  	
417.338   	1500      	5572.84   	10952     	0.716154  	
427.338   	1500      	5550.69   	10911.8   	0.714885  	
437.338   	1500      	5529.12   	10873.2   	0.713657  	
447.338   	1500      	5508.32   	10836.3   	0.712486  	
457.338   	1500      	5488.23   	10800.8   	0.711362  	
467.338   	1500      	5468.74   	10766.3   	0.710278  	
477.338   	1500      	5449.8    	10732.6   	0.709228  	
487.338   	1500      	5431.35   	10699.6   	0.708208  	
497.338   	1500      	5413.34   	10667     	0.707214  	
507.338   	1500      	5396.65   	10636.6   	0.706312  	
517.338   	1500      	5382.32   	10609.5   	0.705575  	
527.338   	1500      	5368.98   	10582.2   	0.704893  	
537.338   	1500      	5356.33   	10554.5   	0.704246  	
547.338   	1500      	5344.17   	10526.3   	0.703621  	
557.338   	1500      	5332.51   	10498.1   	0.703025  	
567.338   	1500      	5321.29   	10470.1   	0.702456  	
577.338   	1500      	5310.32   	10442.2   	0.701904  	
587.338   	1500      	5299.44   	10414.3   	0.701356  	
597.338   	1500      	5288.5    	10386.4   	0.700807  	
607.338   	1500      	5277.7    	10359.2   	0.700271  	
617.338   	1500      	5267.17   	10333.1   	0.699762  	
627.338   	1500      	5256.8    	10307.8   	0.699271  	
637.338   	1500      	5246.49   	10283.2   	0.69879   	
647.338   	1500      	5236.29   	10259.4   	0.698323  	
657.338   	1500      	5226.39   	10237     	0.697887  	
667.338   	1500      	5217      	10216.1   	0.697497  	
677.338   	1500      	5207.96   	10196.6   	0.69714   	
687.338   	1500      	5199.09   	10177.8   	0.6968    	
697.338   	1500      	5190.26   	10159.4   	0.696467  	
707.338   	1500      	5181.45   	10141.4   	0.696136  	
717.338   	1500      	5172.6    	10123.6   	0.695805  	
727.338   	1500      	5163.68   	10105.9   	0.695469  	
737.338   	1500      	5154.7    	10088.3   	0.695129  	
747.338   	1500      	5145.69   	10070.8   	0.694788  	
757.338   	1500      	5136.59   	10053.2   	0.694439  	
767.338   	1500      	5127.35   	10035.5   	0.694079  	
777.338   	1500      	5117.92   	10017.4   	0.693702  	
787.338   	1500      	5108.35   	9999.13   	0.693314  	
797.338   	1500      	5098.97   	9981.45   	0.692942  	
807.338   	1500      	5089.75   	9964.19   	0.692582  	
817.338   	1500      	5080.54   	9946.96   	0.692222  	
827.338   	1500      	5071.2    	9929.4    	0.691849  	
837.338   	1500      	5061.65   	9911.41   	0.691457  	
847.338   	1500      	5052.08   	9893.48   	0.691063  	
857.338   	1500      	5042.97   	9876.67   	0.690707  	
867.338   	1500      	5034.47   	9861.3    	0.690403  	
877.338   	1500      	5026.46   	9846.93   	0.690138  	
887.338   	1500      	5018.7    	9833.01   	0.689892  	
897.338   	1500      	5011.05   	9819.2    	0.689653  	
907.338   	1500      	5003.47   	9805.48   	0.689417  	
917.338   	1500      	4996.11   	9792.16   	0.689198  	
927.338   	1500      	4988.88   	9779.05   	0.688987  	
937.338   	1500      	4981.68   	9765.9    	0.688776  	
947.338   	1500      	4974.46   	9752.54   	0.68856   	
957.338   	1500      	4967.19   	9739      	0.688337  	
967.338   	1500      	4959.88   	9725.19   	0.688107  	
977.338   	1500      	4952.68   	9711.61   	0.687885  	
987.338   	1500      	4945.89   	9698.84   	0.687695  	
997.338   	1500      	4939.47   	9686.8    	0.687536  	
1000      	1500      	4937.79   	9683.65   	0.687496  	
