Results for well: RES1_PROD.out in the reservoir: RES1_PROD.out

time	BHP	Temp	q(Gas)	q(Oil)	 q(Water)
days	psi	F	Mscf/d	stb/d	stb/d
0         	0         	-         	0         	0         	0         	
0.1       	1000      	70        	3851.07   	3032.66   	0.00328847	
0.381718  	1000      	70        	3833.35   	3010.11   	0.0067443 	
1.13977   	1000      	70        	3803.97   	2972.08   	0.0124908 	
3.02889   	1000      	70        	3765.6    	2920.11   	0.0200191 	
7.47243   	1000      	70        	3711.15   	2839.3    	0.0307486 	
16.8069   	1000      	70        	3653      	2735.68   	0.0422463 	
26.8069   	1000      	70        	3617      	2657.58   	0.049344  	
36.8069   	1000      	70        	3593.61   	2595.12   	0.0538526 	
46.8069   	1000      	70        	3577.54   	2545.21   	0.0568508 	
56.8069   	1000      	70        	3566      	2504.8    	0.0588808 	
66.8069   	1000      	70        	3557.68   	2472.49   	0.0601939 	
76.8069   	1000      	70        	3551.61   	2446.97   	0.0609862 	
86.8069   	1000      	70        	3547.15   	2427.29   	0.0613871 	
96.8069   	1000      	70        	3543.89   	2412.69   	0.061485  	
106.807   	1000      	70        	3541.54   	2402.52   	0.0613431 	
116.807   	1000      	70        	3539.91   	2396.24   	0.061007  	
126.807   	1000      	70        	3538.85   	2393.37   	0.0605124 	
136.807   	1000      	70        	3538.29   	2393.53   	0.059882  	
146.807   	1000      	70        	3538.17   	2396.39   	0.0591303 	
156.807   	1000      	70        	3538.54   	2401.78   	0.0582567 	
166.807   	1000      	70        	3539.45   	2409.59   	0.0572538 	
176.807   	1000      	70        	3540.9    	2419.68   	0.0561248 	
186.807   	1000      	70        	3542.91   	2431.91   	0.0548734 	
196.807   	1000      	70        	3545.5    	2446.22   	0.0534965 	
206.807   	1000      	70        	3548.93   	2462.92   	0.0519448 	
216.807   	1000      	70        	3553.32   	2482.18   	0.0501972 	
226.807   	1000      	70        	3558.16   	2503.18   	0.048362  	
236.807   	1000      	70        	3563.71   	2526.2    	0.0463913 	
246.807   	1000      	70        	3569.29   	2550.02   	0.0444287 	
256.807   	1000      	70        	3574.62   	2573.82   	0.042539  	
266.807   	1000      	70        	3580.29   	2598.16   	0.0406066 	
276.807   	1000      	70        	3587.98   	2623.95   	0.0383198 	
286.807   	1000      	70        	3594.21   	2645.54   	0.0363934 	
296.807   	1000      	70        	3600.89   	2665.94   	0.0344325 	
306.807   	1000      	70        	3608.02   	2685.37   	0.032432  	
316.807   	1000      	70        	3615.57   	2703.69   	0.0303878 	
326.807   	1000      	70        	3623.44   	2720.92   	0.0283183 	
336.807   	1000      	70        	3631.54   	2737.48   	0.0262431 	
346.807   	1000      	70        	3639.8    	2753.42   	0.0241737 	
356.807   	1000      	70        	3648.22   	2768.84   	0.0221077 	
366.807   	1000      	70        	3656.83   	2783.85   	0.0200407 	
376.807   	1000      	70        	3665.61   	2798.51   	0.0179781 	
386.807   	1000      	70        	3675.42   	2814.03   	0.0157454 	
396.807   	1000      	70        	3685.56   	2829.47   	0.0134874 	
406.807   	1000      	70        	3695.92   	2844.76   	0.0112249 	
416.807   	1000      	70        	3706.56   	2860.03   	0.00894357	
426.807   	1000      	70        	3716.67   	2874.25   	0.00680532	
436.807   	1000      	70        	3727.3    	2888.83   	0.00459934	
446.807   	1000      	70        	3738.08   	2903.35   	0.00239759	
456.807   	1000      	70        	3749.27   	2918.12   	0.00015293	
466.807   	1000      	70        	3760.66   	2932.91   	0         	
476.807   	1000      	70        	3771.82   	2947.19   	0         	
486.807   	1000      	70        	3782.86   	2961.12   	0         	
496.807   	1000      	70        	3793.83   	2974.77   	0         	
500       	1000      	70        	3797.26   	2979.01   	0         	
509.359   	1000      	70        	3807.8    	2991.91   	0         	
519.359   	1000      	70        	3818.72   	3005.1    	0         	
529.359   	1000      	70        	3830.05   	3018.66   	0         	
539.359   	1000      	70        	3839.74   	3029.99   	0         	
549.359   	1000      	70        	3848.88   	3040.46   	0         	
559.359   	1000      	70        	3854.83   	3047.14   	0         	
569.359   	1000      	70        	3858.46   	3049.8    	0         	
579.359   	1000      	70        	3861.6    	3052.2    	0         	
589.359   	1000      	70        	3863.75   	3053.94   	0         	
599.359   	1000      	70        	3865.23   	3055.21   	0         	
609.359   	1000      	70        	3866.13   	3056.08   	0         	
619.359   	1000      	70        	3866.52   	3056.58   	0         	
629.359   	1000      	70        	3866.46   	3056.74   	0         	
639.359   	1000      	70        	3866.02   	3056.6    	0         	
649.359   	1000      	70        	3865.26   	3056.2    	0         	
659.359   	1000      	70        	3864.24   	3055.57   	0         	
669.359   	1000      	70        	3863.01   	3054.76   	0         	
679.359   	1000      	70        	3861.6    	3053.77   	0         	
689.359   	1000      	70        	3860.07   	3052.65   	0         	
699.359   	1000      	70        	3858.45   	3051.42   	0         	
709.359   	1000      	70        	3856.75   	3050.1    	0         	
719.359   	1000      	70        	3855.02   	3048.71   	0         	
729.359   	1000      	70        	3853.27   	3047.27   	0         	
739.359   	1000      	70        	3851.51   	3045.79   	0         	
749.359   	1000      	70        	3849.77   	3044.28   	0         	
759.359   	1000      	70        	3847.74   	3042.52   	0         	
769.359   	1000      	70        	3844.26   	3039.59   	0         	
779.359   	1000      	70        	3840.18   	3030.96   	0         	
789.359   	1000      	70        	3834.29   	3024.1    	0         	
799.359   	1000      	70        	3829.36   	3018.62   	0         	
809.359   	1000      	70        	3824.67   	3013.57   	0         	
819.359   	1000      	70        	3820.08   	3008.75   	0         	
829.359   	1000      	70        	3815.56   	3004.12   	0         	
839.359   	1000      	70        	3811.11   	2999.66   	0         	
849.359   	1000      	70        	3806.71   	2995.33   	0         	
859.359   	1000      	70        	3802.36   	2991.11   	0         	
869.359   	1000      	70        	3798.07   	2987.02   	0         	
879.359   	1000      	70        	3793.84   	2983.06   	0         	
889.359   	1000      	70        	3789.69   	2979.23   	0         	
899.359   	1000      	70        	3785.61   	2975.53   	0         	
909.359   	1000      	70        	3781.62   	2971.95   	0         	
919.359   	1000      	70        	3777.72   	2968.51   	0         	
929.359   	1000      	70        	3773.91   	2965.19   	0         	
939.359   	1000      	70        	3770.27   	2962.1    	0         	
949.359   	1000      	70        	3766.83   	2959.27   	0         	
959.359   	1000      	70        	3763.45   	2956.51   	0         	
969.359   	1000      	70        	3760.12   	2953.81   	0         	
979.359   	1000      	70        	3757.45   	2951.91   	0         	
989.359   	1000      	70        	3754.05   	2949.08   	0         	
999.359   	1000      	70        	3750.74   	2946.35   	0         	
1000      	1000      	70        	3750.39   	2946      	0         	
