Results for well: RES1_PROD.out in the reservoir: RES1_PROD.out

  t       BHP	     q(Gas)       q(Oil)    q(Water)
(days)   (psia)    (MSCF/day)   (STB/day)  (STB/day)
0         4320        0           0           0         
1         2895.32     25400       20000       1.51014e-008
2         2773.86     25400       20000       2.42423e-008
3.15013   2681.57     25400       20000       3.10853e-008
4.85457   2592.28     25400       20000       3.76225e-008
7.42359   2504.75     25400       20000       4.39532e-008
11.3351   2418.26     25400       20000       5.01326e-008
17.3277   2351.49     25208.855   20000       5.45053e-008
26.5916   2278.17     24783.915   20000       5.89178e-008
41.7335   2177.43     24836.273   20000       6.50136e-008
66.4501   2054.76     24942.268   20000       7.26213e-008
102.895   1933.84     24428.149   20000       8.03516e-008
155.513   1792.91     24012.671   20000       8.9506e-008
215.513   1440.41     28534.196   20000       7.24922e-005
275.513   1016.39     33391.964   20000       0.000223133
334.782   1000        32492.77    18489.2     0.000276679
394.782   1000        32016.678   17303.1     0.000307043
454.782   1000        31803.261   16398.6     0.000327366
514.782   1000        31640.098   15692.3     0.000342555
574.782   1000        31529.464   15112.3     0.000354352
634.782   1000        31485.457   14600.2     0.000363913
694.782   1000        31710.051   14133.6     0.000372733
754.782   1000        32213.787   13696.4     0.000381349
814.782   1000        32803.4     13260.6     0.000389135
874.782   1000        33518.652   12808.3     0.000396365
934.782   1000        34357.417   12339.4     0.000403075
994.782   1000        35506.819   11842.2     0.00040858
1054.78   1000        36854.648   11341.2     0.000412992
1114.78   1000        38288.368   10845.8     0.000416731
1174.78   1000        39692.07    10376.2     0.000419974
1234.78   1000        41131.684   9900.27     0.000423099
1294.78   1000        42755.54    9423.03     0.000425319
1354.78   1000        44366.704   8967.01     0.000427127
1414.78   1000        45954.109   8500.46     0.000429222
1474.78   1000        47469.265   8033.19     0.000431614
1534.78   1000        49458.702   7522        0.000432719
1594.78   1000        51536.941   7015.12     0.00043334
1654.78   1000        53329.782   6543.79     0.000434518
1714.78   1000        55349.386   6140.5      0.000437428
1774.78   1000        57629.036   5793.66     0.000442002
1834.78   1000        59535.609   5457.74     0.000447013
1894.78   1000        61055.735   5136.95     0.000452278
1954.78   1000        62797.191   4799.35     0.000457125
2014.78   1000        64573.211   4456.96     0.000461678
2074.78   1000        65858.236   4127.8      0.000466503
2134.78   1000        66455.826   3831.84     0.000471457
2194.78   1000        65941.133   3607.59     0.000476358
2254.78   1000        64910.525   3420.84     0.000480718
2314.78   1000        63624.514   3255.12     0.000484378
2374.78   1000        62170.392   3107.62     0.000487263
2434.78   1000        60594.934   2973.75     0.000489387
2494.78   1000        58923.553   2851.11     0.000490755
2554.78   1000        57160.948   2735.86     0.000491372
2614.78   1000        55330.278   2627.9      0.000491217
2674.78   1000        53502.086   2528.13     0.000490315
2734.78   1000        51734.365   2434.93     0.000488743
2794.78   1000        50033.006   2349.2      0.0004866 
2854.78   1000        48408.496   2269.29     0.000483967
2914.78   1000        46898.761   2195.75     0.000480895
2974.78   1000        45478.564   2124.81     0.000477424
3034.78   1000        44181.551   2053.67     0.00047354
3094.78   1000        42898.101   1988.26     0.000469369
3154.78   1000        41658.041   1926.33     0.000464945
3214.78   1000        40475.658   1866.13     0.000460278
3274.78   1000        39335.437   1808.43     0.000455407
3334.78   1000        38226.939   1752.8      0.000450325
3394.78   1000        37141.302   1698.81     0.000445015
3454.78   1000        36070.973   1646.07     0.000439458
3514.78   1000        35021.28    1595.09     0.00043371
3574.78   1000        34004.202   1546.65     0.000427874
3634.78   1000        33019.12    1500.48     0.000421965
3694.78   1000        32066.086   1456.4      0.000416003
3754.78   1000        31149.359   1414.58     0.00041004
3814.78   1000        30268.317   1374.75     0.000404089
3874.78   1000        29420.789   1336.59     0.000398145
3934.78   1000        28605.077   1300.12     0.000392229
3994.78   1000        27819.991   1265.47     0.000386366
4054.78   1000        27056.67    1232.42     0.000380524
4114.78   1000        26313.703   1201.69     0.000374772
4174.78   1000        25594.954   1172.69     0.000369101
4234.78   1000        24899.789   1144.96     0.000363487
4294.78   1000        24231.218   1118.53     0.000357964
4354.78   1000        23587.069   1093.13     0.000352512
4414.78   1000        22968.689   1068.81     0.000347158
4474.78   1000        22370.979   1045.2      0.000341853
4534.78   1000        21797.161   1022.56     0.000336649
4594.78   1000        21239.413   1000.33     0.000331463
4654.78   1000        20702.604   978.909     0.000326367
4714.78   1000        20180.905   957.896     0.000321297
4774.78   1000        19676.999   937.506     0.000316298
4834.78   1000        19191.959   917.814     0.000311391
4894.78   1000        18726.668   898.854     0.000306594
4954.78   1000        18272.709   880.017     0.000301799
5014.78   1000        17838.143   861.899     0.000297125
5074.78   1000        17413.996   844.375     0.000292508
5134.78   1000        17002.493   827.531     0.000287977
5194.78   1000        16603.026   811.262     0.000283523
5254.78   1000        16221.786   795.955     0.000279237
5314.78   1000        15851.797   781.075     0.000275018
5374.78   1000        15492.888   766.592     0.000270866
5434.78   1000        15144.525   752.489     0.000266779
5494.78   1000        14799.245   738.28      0.000262651
5554.78   1000        14467.765   724.744     0.000258651
5614.78   1000        14141.303   711.302     0.000254652
5674.78   1000        13814.02    697.561     0.000250563
5734.78   1000        13466.22    682.251     0.000246076
5794.78   1000        13107.681   666.184     0.000241355
5854.78   1000        12736.279   649.39      0.000236378
5914.78   1000        12357.037   632.294     0.000231232
5974.78   1000        11963.054   614.558     0.00022581
6034.78   1000        11561.674   596.747     0.000220238
6094.78   1000        11151.81    579.039     0.000214524
6154.78   1000        10700.927   558.968     0.000208059
6214.78   1000        10227.054   537.596     0.000201107
6274.78   1000        9738.4049   515.722     0.000193831
6334.78   1000        9268.1072   495.762     0.000186854
6394.78   1000        8748.3493   473.535     0.000178975
6454.78   1000        8201.336    450.874     0.000170622
6514.78   1000        7698.6781   434.366     0.00016343
6574.78   1000        7184.2785   423.421     0.000156789
6634.78   1000        6594.828    406.234     0.000147682
6694.78   1000        5964.6066   388.093     0.000137731
6754.78   1000        5432.9264   382.962     0.000130248
6814.78   1000        4949.5789   401.509     0.000125873
6874.78   1000        4543.3507   446.139     0.000125366
6934.78   1000        3657.414    543.754     0.000124266
6994.78   1000        2911.6396   751.734     0.000125952
7054.78   1000        2369.1765   1040.2      0.000134346
7114.78   1000        1951.6298   1396.44     0.000149722
7174.78   1000        1849.3857   1743.75     0.000163303
7234.78   1000        1701.1691   2149.61     0.000177234
7294.78   1000        1544.9987   2576.62     0.000191565
7354.78   1000        1455.5751   2845.28     0.000204935
7414.78   1000        1425.5394   3065.99     0.000217085
7474.78   1000        1470.8766   3248.27     0.000227349
7534.78   1000        1549.0934   3393.38     0.000235574
7594.78   1000        1619.6713   3522.68     0.000242786
7654.78   1000        1685.929    3642.69     0.000249382
7714.78   1000        1749.661    3756.93     0.000255574
7774.78   1000        1812.8395   3869.04     0.000261566
7834.78   1000        1875.0669   3978.41     0.000267333
7894.78   1000        1936.881    4086.03     0.000272932
7954.78   1000        1998.6267   4192.53     0.000278404
8014.78   1000        2060.3749   4297.96     0.000283783
8074.78   1000        2122.8961   4403.77     0.000289105
8134.78   1000        2186.3055   4510.14     0.00029438
8194.78   1000        2250.9286   4617.8      0.000299594
8254.78   1000        2316.1525   4725.34     0.000304773
8314.78   1000        2382.6599   4834.05     0.000309929
8374.78   1000        2450.6414   4944.21     0.000315074
8434.78   1000        2520.0461   5055.71     0.000320199
8494.78   1000        2590.9655   5168.66     0.000325308
8554.78   1000        2663.5797   5283.31     0.000330408
8614.78   1000        2738.0954   5399.94     0.000335508
8674.78   1000        2814.5375   5518.54     0.000340603
8734.78   1000        2892.9741   5639.17     0.000345692
8794.78   1000        2973.4165   5761.79     0.000350769
8854.78   1000        3055.8345   5886.31     0.000355826
8914.78   1000        3140.2882   6012.76     0.00036086
8974.78   1000        3226.9068   6141.3      0.000365874
9034.78   1000        3315.5482   6271.67     0.000370852
9094.78   1000        3405.2641   6402.15     0.000375774
9154.78   1000        3496.2207   6533.54     0.000380578
9214.78   1000        3587.7701   6664.62     0.000385264
9274.78   1000        3679.4525   6794.53     0.000389838
9334.78   1000        3771.1502   6923.05     0.000394305
9394.78   1000        3863.6381   7051.16     0.000398712
9454.78   1000        3956.5958   7178.64     0.00040302
9484.78   1000        4003.4688   7242.47     0.000405144
9544.78   1000        4096.394    7368.06     0.000409269
9604.78   1000        4255.7295   7465.72     0.000412606
9664.78   1000        4395.2587   7562.69     0.000415743
9724.78   1000        4501.6737   7670.55     0.000418999
9784.78   1000        4597.7326   7786.47     0.000422359
9844.78   1000        4693.4278   7902.18     0.000425629
9904.78   1000        4791.0316   8020.15     0.000428879
9964.78   1000        4891.566    8141.89     0.000432144
10024.8   1000        4995.7252   8267.32     0.000435414
10084.8   1000        5103.9342   8396.88     0.000438695
10144.8   1000        5216.4286   8529.9      0.000441963
10204.8   1000        5332.8871   8663.97     0.000445159
10264.8   1000        5452.0164   8795.06     0.000448193
10324.8   1000        5571.7761   8923.39     0.000451073
10384.8   1000        5691.573    9053.88     0.000453897
10444.8   1000        5811.6219   9186.53     0.000456663
10474.8   1000        5872.3949   9253.29     0.000458017
10534.8   1000        5995.6751   9383.74     0.000460599
10594.8   1000        6116.5922   9514.63     0.000463086
10624.8   1000        6177.9201   9577.2      0.000464247
10684.8   1000        6297.6252   9692.03     0.000466335
10744.8   1000        6410.809    9796.19     0.000468172
10774.8   1000        6465.469    9847.8      0.000469057
10834.8   1000        6569.4426   9949.87     0.000470756
10894.8   1000        6671.3683   10052.9     0.000472407
10954.8   1000        6772.8885   10155.1     0.000473985
11014.8   1000        6874.2738   10256.6     0.000475499
11074.8   1000        6976.044    10359.3     0.00047697
11134.8   1000        7075.8988   10451.3     0.000478253
11194.8   1000        7173.0871   10547.1     0.00047953
11254.8   1000        7271.2075   10647.2     0.000480804
11314.8   1000        7370.9855   10748.8     0.00048205
11374.8   1000        7471.4933   10850.2     0.000483244
11434.8   1000        7574.6484   10953       0.000484398
11494.8   1000        7680.0022   11056.1     0.0004855 
11554.8   1000        7786.7085   11158.4     0.00048654
11614.8   1000        7893.6245   11258.8     0.000487507
11674.8   1000        7993.1783   11334.3     0.000488219
11734.8   1000        8089.1202   11398.2     0.000488809
11794.8   1000        8200.6629   11439.3     0.000489223
11854.8   1000        8292.6586   11466.7     0.000489511
11914.8   1000        8362.2242   11513       0.000489907
11974.8   1000        8424.2257   11565       0.000490324
12034.8   1000        8485.6846   11626.8     0.000490788
12094.8   1000        8551.111    11692.5     0.000491259
12154.8   1000        8620.5953   11759.6     0.000491718
12214.8   1000        8692.8503   11826.8     0.000492155
12274.8   1000        8766.5862   11893.6     0.000492569
12334.8   1000        8839.1117   11948.3     0.000492899
12394.8   1000        8907.3409   12007.6     0.000493232
12424.8   1000        8941.7579   12031       0.000493364
12484.8   1000        8997.3549   12041.8     0.000493456
12514.8   1000        9018.7399   12047.8     0.000493501
12544.8   1000        9034.6217   12059.4     0.000493567
12604.8   1000        9063.8243   12091       0.000493731
12664.8   1000        9098.3182   12135.5     0.000493945
12724.8   1000        9135.0831   12144.9     0.000494015
12784.8   1000        9164.6593   12176.5     0.000494166
12844.8   1000        9199.8215   12224       0.000494372
12904.8   1000        9242.8665   12263.2     0.000494542
12964.8   1000        9288.5455   12307.6     0.000494722
12994.8   1000        9312.1568   12331.5     0.000494813
13054.8   1000        9362.273    12374       0.000494973
13114.8   1000        9412.8911   12419.7     0.000495133
13129.8   1000        9425.5997   12431.4     0.000495172
13150.4   1000        9445.0865   12437.5     0.0004952 
13198     1000        9475.4662   12402.9     0.000495129
13205.5   1000        9479.6019   12396.9     0.000495115
13208.2   1000        9480.9937   12394.6     0.00049511
13209.2   1000        9481.4939   12393.8     0.000495108
13210     1000        9481.8591   12393.2     0.000495107
13210.1   1000        9481.927    12393.1     0.000495107
13210.2   1000        9481.9576   12393       0.000495107
13210.2   1000        9481.9652   12393       0.000495106
