Results of block pressure and saturations for reservoir: RES1

BlockNo        P 	     Sg           So
t=0       (days)
0           1993.5      0               1               
1           1993.5      0               1               
2           1993.5      0               1               
3           1993.5      0               1               
4           1993.5      0               1               
5           1993.5      0               1               
6           1993.5      0               1               
7           1993.5      0               1               
8           1993.5      0               1               
9           1993.5      0               1               
10          2002.17     0               1               
11          2002.17     0               1               
12          2002.17     0               1               
13          2002.17     0               1               
14          2002.17     0               1               
15          2002.17     0               1               
16          2002.17     0               1               
17          2002.17     0               1               
18          2002.17     0               1               
19          2002.17     0               1               
20          2010.83     0               1               
21          2010.83     0               1               
22          2010.83     0               1               
23          2010.83     0               1               
24          2010.83     0               1               
25          2010.83     0               1               
26          2010.83     0               1               
27          2010.83     0               1               
28          2010.83     0               1               
29          2010.83     0               1               
30          2019.49     0               1               
31          2019.49     0               1               
32          2019.49     0               1               
33          2019.49     0               1               
34          2019.49     0               1               
35          2019.49     0               1               
36          2019.49     0               1               
37          2019.49     0               1               
38          2019.49     0               1               
39          2019.49     0               1               
40          2028.15     0               1               
41          2028.15     0               1               
42          2028.15     0               1               
43          2028.15     0               1               
44          2028.15     0               1               
45          2028.15     0               1               
46          2028.15     0               1               
47          2028.15     0               1               
48          2028.15     0               1               
49          2028.15     0               1               
50          2036.81     0               1               
51          2036.81     0               1               
52          2036.81     0               1               
53          2036.81     0               1               
54          2036.81     0               1               
55          2036.81     0               1               
56          2036.81     0               1               
57          2036.81     0               1               
58          2036.81     0               1               
59          2036.81     0               1               
60          2045.48     0               1               
61          2045.48     0               1               
62          2045.48     0               1               
63          2045.48     0               1               
64          2045.48     0               1               
65          2045.48     0               1               
66          2045.48     0               1               
67          2045.48     0               1               
68          2045.48     0               1               
69          2045.48     0               1               
70          2054.14     0               1               
71          2054.14     0               1               
72          2054.14     0               1               
73          2054.14     0               1               
74          2054.14     0               1               
75          2054.14     0               1               
76          2054.14     0               1               
77          2054.14     0               1               
78          2054.14     0               1               
79          2054.14     0               1               
80          2062.8      0               1               
81          2062.8      0               1               
82          2062.8      0               1               
83          2062.8      0               1               
84          2062.8      0               1               
85          2062.8      0               1               
86          2062.8      0               1               
87          2062.8      0               1               
88          2062.8      0               1               
89          2062.8      0               1               
90          2071.46     0               1               
91          2071.46     0               1               
92          2071.46     0               1               
93          2071.46     0               1               
94          2071.46     0               1               
95          2071.46     0               1               
96          2071.46     0               1               
97          2071.46     0               1               
98          2071.46     0               1               
99          2071.46     0               1               
t=1.08232 (days)
0           1455.37     0               1               
1           1730.5      0               1               
2           1918.16     0               1               
3           2102.17     0               1               
4           2297.98     0               1               
5           2511.73     0               1               
6           2746.87     0               1               
7           3002.19     0               1               
8           3260.53     0               1               
9           3457.55     0               1               
10          1514        0               1               
11          1743.02     0               1               
12          1927.44     0               1               
13          2110.96     0               1               
14          2306.69     0               1               
15          2520.47     0               1               
16          2755.83     0               1               
17          3012        0               1               
18          3273.02     0               1               
19          3475.52     0               1               
20          1563.76     0               1               
21          1757.68     0               1               
22          1937.21     0               1               
23          2119.87     0               1               
24          2315.44     0               1               
25          2529.29     0               1               
26          2765.06     0               1               
27          3022.86     0               1               
28          3289.22     0               1               
29          3503.02     0               1               
30          1606.07     0               1               
31          1773.27     0               1               
32          1947.33     0               1               
33          2128.87     0               1               
34          2324.22     0               1               
35          2538.16     0               1               
36          2774.52     0               1               
37          3034.65     0               1               
38          3308.9      0               1               
39          3540.5      0               1               
40          1641.98     0               1               
41          1788.96     0               1               
42          1957.62     0               1               
43          2137.93     0               1               
44          2333.03     0               1               
45          2547.07     0               1               
46          2784.14     0               1               
47          3047.13     0               1               
48          3331.67     0               1               
49          3588.7      0               1               
50          1672.31     0               1               
51          1804.13     0               1               
52          1967.91     0               1               
53          2146.99     0               1               
54          2341.84     0               1               
55          2556        0               1               
56          2793.82     0               1               
57          3060.01     0               1               
58          3356.94     0               1               
59          3648.65     0               1               
60          1697.67     0               1               
61          1818.39     0               1               
62          1978.06     0               1               
63          2156.03     0               1               
64          2350.65     0               1               
65          2564.92     0               1               
66          2803.47     0               1               
67          3072.94     0               1               
68          3383.85     0               1               
69          3721.77     0               1               
70          1718.5      0               1               
71          1831.46     0               1               
72          1987.94     0               1               
73          2165.01     0               1               
74          2359.43     0               1               
75          2573.8      0               1               
76          2813        0               1               
77          3085.5      0               1               
78          3411.11     0               1               
79          3809.84     0               1               
80          1735.11     0               1               
81          1843.15     0               1               
82          1997.46     0               1               
83          2173.9      0               1               
84          2368.18     0               1               
85          2582.62     0               1               
86          2822.31     0               1               
87          3097.21     0               1               
88          3436.9      0               1               
89          3913.73     0               1               
90          1747.69     0               1               
91          1853.35     0               1               
92          2006.57     0               1               
93          2182.68     0               1               
94          2376.9      0               1               
95          2591.37     0               1               
96          2831.32     0               1               
97          3107.62     0               1               
98          3458.31     0               1               
99          4014.71     0.269985        0.730015        
t=4.33363 (days)
0           2121.01     0               1               
1           2566.48     0               1               
2           2863.54     0               1               
3           3145.32     0               1               
4           3432.03     0               1               
5           3727.65     0               1               
6           4031.36     0               1               
7           4335.94     0               1               
8           4615.43     0               1               
9           4800.43     0               1               
10          2211.2      0               1               
11          2581.45     0               1               
12          2873.21     0               1               
13          3154.21     0               1               
14          3440.78     0               1               
15          3736.44     0               1               
16          4040.44     0               1               
17          4346.03     0               1               
18          4628.27     0               1               
19          4816.85     0               1               
20          2286.97     0               1               
21          2599.92     0               1               
22          2883.71     0               1               
23          3163.28     0               1               
24          3449.59     0               1               
25          3745.33     0               1               
26          4049.88     0               1               
27          4357.47     0               1               
28          4645.22     0               1               
29          4841.14     0               1               
30          2350.59     0               1               
31          2619.92     0               1               
32          2894.76     0               1               
33          3172.51     0               1               
34          3458.46     0               1               
35          3754.3      0               1               
36          4059.62     0               1               
37          4370.11     0               1               
38          4666.21     0               1               
39          4873.6      0               1               
40          2403.78     0               1               
41          2640.07     0               1               
42          2906.09     0               1               
43          3181.82     0               1               
44          3467.35     0               1               
45          3763.33     0               1               
46          4069.59     0               1               
47          4383.74     0               1               
48          4691.12     0               1               
49          4914.69     0               1               
50          2447.86     0               1               
51          2659.39     0               1               
52          2917.43     0               1               
53          3191.15     0               1               
54          3476.26     0               1               
55          3772.37     0               1               
56          4079.68     0               1               
57          4398.05     0               1               
58          4719.76     0               1               
59          4965.02     0               1               
60          2483.82     0               1               
61          2677.22     0               1               
62          2928.53     0               1               
63          3200.43     0               1               
64          3485.15     0               1               
65          3781.41     0               1               
66          4089.75     0               1               
67          4412.65     0               1               
68          4751.81     0               1               
69          5025.12     0               1               
70          2512.38     0               1               
71          2693.09     0               1               
72          2939.19     0               1               
73          3209.62     0               1               
74          3494.02     0               1               
75          3790.4      0               1               
76          4099.68     0               1               
77          4427.01     0               1               
78          4786.72     0               1               
79          5095.54     0.124453        0.875547        
80          2534.04     0               1               
81          2706.71     0               1               
82          2949.27     0               1               
83          3218.67     0               1               
84          3502.83     0               1               
85          3799.3      0               1               
86          4109.32     0               1               
87          4440.46     0               1               
88          4823.27     0               1               
89          5146.35     0.360732        0.639268        
90          2549.13     0               1               
91          2717.9      0               1               
92          2958.68     0               1               
93          3227.53     0               1               
94          3511.57     0               1               
95          3808.11     0               1               
96          4118.53     0               1               
97          4451.91     0               1               
98          4855.64     0.17083         0.82917         
99          5187.48     0.557008        0.442992        
t=30.33   (days)
0           2690.75     0               1               
1           3275.04     0               1               
2           3651.16     0               1               
3           3995.02     0               1               
4           4331.15     0               1               
5           4658.93     0               1               
6           4964.17     0               1               
7           5224.92     0               1               
8           5421.14     0               1               
9           5531.39     0               1               
10          2808.02     0               1               
11          3292.13     0               1               
12          3661.2      0               1               
13          4004.09     0               1               
14          4340.24     0               1               
15          4668.59     0               1               
16          4974.71     0               1               
17          5236.24     0               1               
18          5433.3      0               1               
19          5544.52     0               1               
20          2906.13     0               1               
21          3313.9      0               1               
22          3672.37     0               1               
23          4013.5      0               1               
24          4349.73     0               1               
25          4679.22     0               1               
26          4987.08     0               1               
27          5250.18     0               1               
28          5448.92     0               1               
29          5562.09     0               1               
30          2988.08     0               1               
31          3337.73     0               1               
32          3684.31     0               1               
33          4023.19     0               1               
34          4359.57     0               1               
35          4690.78     0               1               
36          5001.31     0               1               
37          5266.72     0               1               
38          5467.92     0               1               
39          5584.07     0.0708271       0.929173        
40          3056.16     0               1               
41          3361.75     0               1               
42          3696.64     0               1               
43          4033.06     0               1               
44          4369.69     0               1               
45          4703.25     0               1               
46          5017.39     0               1               
47          5285.79     0               1               
48          5490.16     0.0647801       0.93522         
49          5605.95     0.293364        0.706636        
50          3112.11     0               1               
51          3384.69     0               1               
52          3708.98     0               1               
53          4043        0               1               
54          4380.01     0               1               
55          4716.55     0               1               
56          5035.26     0               1               
57          5307.2      0.0250348       0.974965        
58          5511.25     0.264472        0.735528        
59          5626.98     0.414809        0.585191        
60          3157.23     0               1               
61          3405.62     0               1               
62          3721.01     0               1               
63          4052.9      0               1               
64          4390.42     0               1               
65          4730.57     0               1               
66          5054.8      0               1               
67          5329.14     0.207021        0.792979        
68          5529.44     0.371455        0.628545        
69          5648.77     0.514206        0.485794        
70          3192.47     0               1               
71          3423.95     0               1               
72          3732.45     0               1               
73          4062.64     0               1               
74          4400.77     0               1               
75          4745.12     0               1               
76          5076.06     0.098841        0.901159        
77          5345.21     0.311937        0.688063        
78          5546.41     0.455076        0.544924        
79          5671.35     0.618609        0.381391        
80          3218.51     0               1               
81          3439.26     0               1               
82          3743.1      0               1               
83          4072.13     0               1               
84          4410.86     0               1               
85          4760.04     0               1               
86          5093.4      0.229626        0.770374        
87          5358.53     0.387122        0.612878        
88          5562.36     0.53895         0.46105         
89          5693.31     0.736632        0.263368        
90          3235.76     0               1               
91          3451.31     0               1               
92          3752.8      0               1               
93          4081.26     0               1               
94          4420.35     0               1               
95          4774.51     0.0950209       0.904979        
96          5105.43     0.31049         0.68951         
97          5369.8      0.455728        0.544272        
98          5576.02     0.63232         0.36768         
99          5712.84     0.946439        0.0535612       
t=75.33   (days)
0           3063.76     0               1               
1           3734.43     0               1               
2           4143.72     0               1               
3           4481.84     0               1               
4           4774.13     0               1               
5           5026.13     0               1               
6           5238.9      0               1               
7           5410.37     0               1               
8           5537.94     0               1               
9           5609.87     0               1               
10          3199.09     0               1               
11          3753.65     0               1               
12          4155.32     0               1               
13          4492.4      0               1               
14          4784.47     0               1               
15          5036.42     0               1               
16          5249.26     0               1               
17          5420.83     0               1               
18          5548.87     0               1               
19          5621.47     0.0474317       0.952568        
20          3312.5      0               1               
21          3779.08     0               1               
22          4169.56     0               1               
23          4504.82     0               1               
24          4796.44     0               1               
25          5048.29     0               1               
26          5261.28     0               1               
27          5433.01     0.000666733     0.999333        
28          5562.02     0.159884        0.840116        
29          5634.22     0.318077        0.681923        
30          3407.43     0               1               
31          3807.64     0               1               
32          4186.07     0               1               
33          4519.03     0               1               
34          4810.02     0               1               
35          5061.69     0               1               
36          5274.85     0.0556061       0.944394        
37          5446.35     0.250923        0.749077        
38          5573.98     0.362341        0.637659        
39          5647.74     0.447856        0.552144        
40          3486.48     0               1               
41          3837.14     0               1               
42          4204.44     0               1               
43          4534.91     0               1               
44          4825.11     0               1               
45          5076.56     0.10905         0.89095         
46          5287.3      0.286454        0.713546        
47          5457.96     0.378673        0.621327        
48          5586.27     0.455476        0.544524        
49          5662.66     0.541469        0.458531        
50          3551.58     0               1               
51          3866.01     0               1               
52          4224.27     0               1               
53          4552.27     0               1               
54          4841.68     0.135744        0.864256        
55          5088.63     0.295621        0.704379        
56          5298.31     0.379036        0.620964        
57          5469.44     0.450377        0.549623        
58          5599.14     0.528782        0.471218        
59          5678.77     0.629642        0.370358        
60          3604.14     0               1               
61          3893.1      0               1               
62          4245.14     0               1               
63          4571.1      0.12549         0.87451         
64          4854.33     0.287072        0.712928        
65          5099.13     0.370092        0.629908        
66          5309        0.437811        0.562189        
67          5481.05     0.509389        0.490611        
68          5612.37     0.600531        0.399469        
69          5695.63     0.71705         0.28295         
70          3645.13     0               1               
71          3917.51     0               1               
72          4266.9      0.0718343       0.928166        
73          4585.4      0.264932        0.735068        
74          4864.98     0.352667        0.647333        
75          5109.1      0.419559        0.580441        
76          5319.63     0.486607        0.513393        
77          5492.78     0.568316        0.431684        
78          5625        0.670411        0.329589        
79          5713.19     0.828105        0.171895        
80          3675.16     0               1               
81          3938.63     0               1               
82          4285.21     0.209856        0.790144        
83          4596.77     0.325743        0.674257        
84          4874.83     0.39738         0.60262         
85          5118.7      0.461465        0.538535        
86          5330.19     0.534835        0.465165        
87          5503.87     0.627861        0.372139        
88          5636.91     0.754531        0.245469        
89          5729.77     1               0               
90          3694.5      0               1               
91          3955.9      0.0763746       0.923625        
92          4297.18     0.275469        0.724531        
93          4606.62     0.366831        0.633169        
94          4884.09     0.435021        0.564979        
95          5127.99     0.503186        0.496814        
96          5340.29     0.588378        0.411622        
97          5513.99     0.692736        0.307264        
98          5646.92     0.863837        0.136163        
99          5749.02     1               0               
t=120.33  (days)
0           3441.99     0.0652922       0.934708        
1           4073.65     0               1               
2           4404.01     0               1               
3           4667.28     0               1               
4           4898.37     0               1               
5           5099.09     0               1               
6           5272.7      0               1               
7           5412.82     0               1               
8           5518.68     0               1               
9           5579.21     0               1               
10          3598.69     0.181956        0.818044        
11          4094.42     0               1               
12          4415.41     0               1               
13          4677.28     0               1               
14          4908.3      0               1               
15          5108.89     0               1               
16          5282.76     0               1               
17          5422.93     0.0262788       0.973721        
18          5529.23     0.161173        0.838827        
19          5589.97     0.310588        0.689412        
20          3721.98     0.224232        0.775768        
21          4122.1      0               1               
22          4429.2      0               1               
23          4688.53     0               1               
24          4919.45     0               1               
25          5119.75     0.0338738       0.966126        
26          5294.15     0.187871        0.812129        
27          5433.56     0.321004        0.678996        
28          5539.48     0.397828        0.602172        
29          5601.59     0.469908        0.530092        
30          3816.88     0.262269        0.737731        
31          4153.47     0.120927        0.879073        
32          4444.85     0.0130263       0.986974        
33          4700.88     0.0447649       0.955235        
34          4931.78     0.186232        0.813768        
35          5130.6      0.310696        0.689304        
36          5303.65     0.378578        0.621422        
37          5443.86     0.437067        0.562933        
38          5550.33     0.496126        0.503874        
39          5614.61     0.57191         0.42809         
40          3893.57     0.29424         0.70576         
41          4180.67     0.264279        0.735721        
42          4460.77     0.236186        0.763814        
43          4712.71     0.294283        0.705717        
44          4941.16     0.353381        0.646619        
45          5140.47     0.405673        0.594327        
46          5313.28     0.454424        0.545576        
47          5454.49     0.507783        0.492217        
48          5561.9      0.573873        0.426127        
49          5628.66     0.659152        0.340848        
50          3954.71     0.318973        0.681027        
51          4204.73     0.334605        0.665395        
52          4473.58     0.343801        0.656199        
53          4722.93     0.37634         0.62366         
54          4950.35     0.417006        0.582994        
55          5150.24     0.461283        0.538717        
56          5323.24     0.509666        0.490334        
57          5465.49     0.570241        0.429759        
58          5573.64     0.643409        0.356591        
59          5643.71     0.745209        0.254791        
60          4003.07     0.333866        0.666134        
61          4226.19     0.369076        0.630924        
62          4485.64     0.389893        0.610107        
63          4732.78     0.421877        0.578123        
64          4959.58     0.460806        0.539194        
65          5160.12     0.50606         0.49394         
66          5333.47     0.561189        0.438811        
67          5476.46     0.628376        0.371624        
68          5585.33     0.71158         0.28842         
69          5659.37     0.866987        0.133013        
70          4040.42     0.344024        0.655976        
71          4244.9      0.393124        0.606876        
72          4497.01     0.422228        0.577772        
73          4742.4      0.456778        0.543222        
74          4968.93     0.497831        0.502169        
75          5170.11     0.548879        0.451121        
76          5343.64     0.611272        0.388728        
77          5487.19     0.685214        0.314786        
78          5596.55     0.799474        0.200526        
79          5674.63     1               0               
80          4067.71     0.35228         0.64772         
81          4260.44     0.411847        0.588153        
82          4507.59     0.448758        0.551242        
83          4751.81     0.487588        0.512412        
84          4978.32     0.533995        0.466005        
85          5180.06     0.592528        0.407472        
86          5353.32     0.658541        0.341459        
87          5497.59     0.74564         0.25436         
88          5606.45     0.903508        0.0964923       
89          5692.57     1               0               
90          4085.58     0.35729         0.64271         
91          4272.61     0.425763        0.574237        
92          4517.3      0.471232        0.528768        
93          4760.96     0.517204        0.482796        
94          4987.67     0.571809        0.428191        
95          5189.42     0.633586        0.366414        
96          5362.57     0.703217        0.296783        
97          5507.4      0.794196        0.205804        
98          5615.81     0.993196        0.00680351      
99          5713.95     1               0               
t=150     (days)
0           3040.37     0.31534         0.68466         
1           3686.31     0               1               
2           4052.63     0               1               
3           4355.83     0               1               
4           4626.71     0               1               
5           4862.63     0               1               
6           5066.41     0               1               
7           5236.43     0               1               
8           5362.14     0.00720693      0.992793        
9           5438.23     0.106277        0.893723        
10          3173.46     0.340598        0.659402        
11          3706.21     0.111653        0.888347        
12          4063.87     0               1               
13          4365.84     0               1               
14          4636.83     0               1               
15          4872.65     0.00313113      0.996869        
16          5076.48     0.0693708       0.930629        
17          5246.85     0.215306        0.784694        
18          5372.33     0.332936        0.667064        
19          5448.67     0.415329        0.584671        
20          3284.42     0.369876        0.630124        
21          3728.88     0.261506        0.738494        
22          4077.33     0.0558726       0.944127        
23          4377.07     0.0574259       0.942574        
24          4648.26     0.163802        0.836198        
25          4883.38     0.29214         0.70786         
26          5086.48     0.36775         0.63225         
27          5256.23     0.421684        0.578316        
28          5382.81     0.477412        0.522588        
29          5460.85     0.546427        0.453573        
30          3376.93     0.395988        0.604012        
31          3753.4      0.337945        0.662055        
32          4090.35     0.298074        0.701926        
33          4387.81     0.328172        0.671828        
34          4657.12     0.373427        0.626573        
35          4892.75     0.417693        0.582307        
36          5096.35     0.462075        0.537925        
37          5266.22     0.508102        0.491898        
38          5394.12     0.566154        0.433846        
39          5474.63     0.643209        0.356791        
40          3453.18     0.415081        0.584919        
41          3778.03     0.396686        0.603314        
42          4102.24     0.388483        0.611517        
43          4397.64     0.410414        0.589586        
44          4666.03     0.443189        0.556811        
45          4902.22     0.48054         0.51946         
46          5106.55     0.524035        0.475965        
47          5276.89     0.57683         0.42317         
48          5405.83     0.640193        0.359807        
49          5489.82     0.729295        0.270705        
50          3515.54     0.427162        0.572838        
51          3801.53     0.428987        0.571013        
52          4114.09     0.434065        0.565935        
53          4407.39     0.457535        0.542465        
54          4675.27     0.490202        0.509798        
55          4912.01     0.529939        0.470061        
56          5117.1      0.579686        0.420314        
57          5287.75     0.637003        0.362997        
58          5417.67     0.70791         0.29209         
59          5506.25     0.832113        0.167887        
60          3565.55     0.436139        0.563861        
61          3823.06     0.452369        0.547631        
62          4125.76     0.467039        0.532961        
63          4417.23     0.494177        0.505823        
64          4684.83     0.53083         0.46917         
65          4922.08     0.576665        0.423335        
66          5127.52     0.630079        0.369921        
67          5298.62     0.693565        0.306435        
68          5429.31     0.787006        0.212994        
69          5522.24     1               0               
70          3604.33     0.443252        0.556748        
71          3841.91     0.471697        0.528303        
72          4137.03     0.494775        0.505225        
73          4427.09     0.527593        0.472407        
74          4694.63     0.570317        0.429683        
75          4931.95     0.620192        0.379808        
76          5137.64     0.677227        0.322773        
77          5309.41     0.754569        0.245431        
78          5439.47     0.897257        0.102743        
79          5540.86     1               0               
80          3632.63     0.448606        0.551394        
81          3857.64     0.488252        0.511748        
82          4147.6      0.520658        0.479342        
83          4436.88     0.560385        0.439615        
84          4704.3      0.607886        0.392114        
85          4941.4      0.658583        0.341417        
86          5147.47     0.720974        0.279026        
87          5319.74     0.803915        0.196085        
88          5448.96     0.993471        0.00652878      
89          5563.48     1               0               
90          3650.96     0.450147        0.549853        
91          3869.89     0.499589        0.500411        
92          4157.27     0.54296         0.45704         
93          4446.4      0.591202        0.408798        
94          4713.45     0.640624        0.359376        
95          4950.54     0.695085        0.304915        
96          5157.12     0.764755        0.235245        
97          5329.2      0.885786        0.114214        
98          5458        1               0               
99          5590.72     1               0               
