
 -------------------------- Timing Report -------------------------- 

 Initialization time: ------------    0.094 sec  (   7 % )
 Property Calc  time: ------------    0.433 sec  (  30 % )
 Linearization  time: ------------    0.317 sec  (  22 % )
 Newton Update  time: ------------        0 sec  (   0 % )
 Pressure decouple time: ---------        0 sec  (   0 % )

 Pressure Pre running time: ------    0.325 sec  (  23 % )
 (B)ILU Pre running time: --------        0 sec  (   0 % )
 CPR Pre running time: -----------        0 sec  (   0 % )
 Solver running time: ------------    0.513 sec  (  36 % )
 Total running time: -------------    1.434 sec  ( 100 % )

 No. of timesteps: ---------------       51

 No. of Newton Iters : -----------      207
 No. of Waste Newton Iters : -----        0

 No. of Solver Iters : -----------      583
 No. of Waste Solver Iters : -----        0

 No. of Pres slvr iters : --------      745
 No. of Waste Pres slvr iters: ---        0

 Compositional simulation only:
 Initialization time for reservoir: ------------    0.016 sec
 Phase equilibrium running time: ------------     0.06 sec


