
 Simulation Finished Successfully 


 -------------------------- Performance Report -------------------------- 


 ------------ Mass Balance Error Report ------------- 

 OCIP     :	2.10581	32929	0.000338734	1.85681e-009	0.162161	0.28064	5.86752	14.9477	1.55134	1.26863	0.000250936	2.6636e-005	7.59334e-007	

 Residual :	535.372	23244	0.00496087	1.29648e-005	0.187872	0.222963	4.17646	15.7486	2.10292	13.4819	0.000151567	9.77694e-007	1.19476e-005	
 Facilty  :	448.313	9678.15	0.00108093	1.37284e-005	0.0747124	0.0835966	1.72552	4.83837	0.587204	1.58398	4.92624e-005	3.39918e-006	2.63029e-006	
 Facilty  :	-988.556	0	0	0	0	0	0	0	0	0	0	0	0	

 MB_Error :	6.97731	6.81008	-0.00570307	-2.66913e-005	-0.100423	-0.0259193	-0.0344517	-5.6392	-1.13878	-13.7972	5.01065e-005	2.22592e-005	-1.38186e-005	
 Rel_Error:	331.336%	0.0206811%	1683.64%	##	61.9279%	9.23577%	0.587159%	37.7261%	73.4064%	1087.57%	19.9678%	83.5678%	1819.82%	


 ---- Total EoS counters ----
 flash iters SSI    =        961, flash iters Newton =        528
 Stab. iters SSI    =     682834, Stab. iters Newton =     267700

 No of Satb for Oil = 140783, No of Satb for gas = 135975, No of flash =   264
 time of Satb for Oil = 2.751, time of Satb for gas = 2.088, time for flash =  0.02



Statistics of bypass stability analysis:
Total No:				 130695
Bypass No:				 0
Failed Pressure No:	 0
Failed Composition  No: 0

 Variable Type : -----------------  Natural Variables
 Number of Implicit levels: ------        1
                    ImpVar --- TransImpLvl --- CFL_Limit --- Percent
       Scheme 0 :     9             4             1           100%

 Linear solver choice : ----------        5
 Preconditioner choice : ---------        4
 Linear solver Tolerance : -------   0.0001

 Total running time: -------------      313 sec  ( 100 % )
   -Initialization time: ---------        0 sec  (   0 % )
   -Property Calc  time: ---------    80.47 sec  (  26 % )
   -Linearization  time: ---------  160.956 sec  (  51 % )
   -Newton Update  time: ---------    0.538 sec  (   0 % )
   -Solver running time: ---------   31.424 sec  (  10 % )
      --(B)ILU Pre fac time: -----    6.321 sec  (   2 % )
      --(B)ILU Pre slv time: -----    0.678 sec  (   0 % )
      --Pres dcpl time: ----------    3.589 sec  (   1 % )
      --Pres slv time: -----------    1.255 sec  (   0 % )
   -Timestep Calc  time: ---------     0.01 sec  (   0 % )
   -CFL No.  Calc  time: ---------        0 sec  (   0 % )


 Compositional simulation only:
 Initialization time for reservoir: ---------    0.011 sec
 Phase equilibrium running time: ------------    4.938 sec


 No. of timesteps: ---------------      578

 No. of Newton Iters : -----------     1904
 No. of Waste Newton Iters : -----       40

 No. of Solver Iters : -----------     1904
 No. of Waste Solver Iters : -----       40

 No. of Pres slvr iters : --------     1904
 No. of Waste Pres slvr iters: ---       40

 Total elapsed = 313, steps = 578, Newton = 1904, linear = 1904

