Results for well: RES1_PROD.out in the reservoir: RES1_PROD.out

time	BHP	Temp	q(Gas)	q(Oil)
days	psi	F	Mscf/d	stb/d
0         	0         	-         	0         	0         	
0.0001    	400       	122       	0         	110.738   	
0.000315087	400       	122       	0         	59.8824   	
0.00079717	400       	122       	0         	36.2507   	
0.00193506	400       	122       	0         	22.9479   	
0.00465213	400       	122       	0         	14.7397   	
0.0111553 	400       	122       	0         	9.5152    	
0.0267404 	400       	122       	0         	6.22753   	
0.0644548 	400       	122       	0         	4.35027   	
0.159368  	400       	122       	0         	3.58809   	
0.208343  	400       	122       	0         	3.51461   	
0.257134  	400       	122       	0         	3.52196   	
0.307376  	400       	122       	0         	3.53791   	
0.359186  	400       	122       	0         	3.5486    	
0.412389  	400       	122       	0         	3.55447   	
0.466863  	400       	122       	0         	3.55762   	
0.522549  	400       	122       	0         	3.55942   	
0.579428  	400       	122       	0         	3.56059   	
0.637508  	400       	122       	0         	3.56148   	
0.696805  	400       	122       	0         	3.56224   	
0.757343  	400       	122       	0         	3.56294   	
0.819148  	400       	122       	0         	3.57677   	
0.893122  	400       	122       	0         	3.59208   	
0.963964  	400       	122       	0         	3.59868   	
1         	400       	122       	0         	3.60022   	
1.0565    	400       	122       	0         	3.60032   	
1.1287    	400       	122       	0         	3.59918   	
1.21175   	400       	122       	0         	3.59762   	
1.30313   	400       	122       	0         	3.59612   	
1.40178   	400       	122       	0         	3.59488   	
1.50723   	400       	122       	0         	3.59392   	
1.61902   	400       	122       	0         	3.60817   	
1.73685   	400       	122       	0         	3.62249   	
1.83004   	400       	122       	0         	3.62575   	
1.92483   	400       	122       	0         	3.62472   	
2.02769   	400       	122       	0         	3.62231   	
2.14128   	400       	122       	0         	3.61978   	
2.26703   	400       	122       	0         	3.61755   	
2.40567   	400       	122       	0         	3.62229   	
2.56926   	400       	122       	0         	3.6459    	
2.67529   	400       	122       	0         	3.65018   	
2.78065   	400       	122       	0         	3.64843   	
2.89602   	400       	122       	0         	3.64488   	
3.02593   	400       	122       	0         	3.64122   	
3.17311   	400       	122       	0         	3.63804   	
3.33947   	400       	122       	0         	3.65893   	
3.48181   	400       	122       	0         	3.6728    	
3.5948    	400       	122       	0         	3.67338   	
3.71295   	400       	122       	0         	3.66948   	
3.84575   	400       	122       	0         	3.66457   	
3.99828   	400       	122       	0         	3.66      	
4.17424   	400       	122       	0         	3.67394   	
4.37046   	400       	122       	0         	3.69575   	
4.4968    	400       	122       	0         	3.69634   	
4.62503   	400       	122       	0         	3.69135   	
4.76927   	400       	122       	0         	3.68526   	
4.93661   	400       	122       	0         	3.67964   	
5.13234   	400       	122       	0         	3.71175   	
5.26984   	400       	122       	0         	3.72277   	
5.39085   	400       	122       	0         	3.72049   	
5.52232   	400       	122       	0         	3.71367   	
5.67426   	400       	122       	0         	3.70616   	
5.85353   	400       	122       	0         	3.69937   	
6.06621   	400       	122       	0         	3.74343   	
6.19043   	400       	122       	0         	3.74899   	
6.31342   	400       	122       	0         	3.74341   	
6.45218   	400       	122       	0         	3.73457   	
6.61551   	400       	122       	0         	3.72571   	
6.81077   	400       	122       	0         	3.73632   	
7.06347   	400       	122       	0         	3.76828   	
7.2065    	400       	122       	0         	3.76702   	
7.35148   	400       	122       	0         	3.75833   	
7.51758   	400       	122       	0         	3.74831   	
7.71557   	400       	122       	0         	3.76429   	
7.93868   	400       	122       	0         	3.7946    	
8.07831   	400       	122       	0         	3.79315   	
8.22217   	400       	122       	0         	3.78332   	
8.38825   	400       	122       	0         	3.77179   	
8.58752   	400       	122       	0         	3.78292   	
8.84322   	400       	122       	0         	3.81883   	
8.98932   	400       	122       	0         	3.81679   	
9.13853   	400       	122       	0         	3.80575   	
9.3111    	400       	122       	0         	3.79289   	
9.51926   	400       	122       	0         	3.81866   	
9.7145    	400       	122       	0         	3.84676   	
9.8519    	400       	122       	0         	3.8444    	
9.99681   	400       	122       	0         	3.83229   	
10        	400       	122       	0         	3.83202   	
10.0092   	400       	122       	0         	3.8312    	
10.0345   	400       	122       	0         	3.82883   	
10.0947   	400       	122       	0         	3.82314   	
10.2103   	400       	122       	0         	3.81357   	
10.3894   	400       	122       	0         	3.84062   	
10.5735   	400       	122       	0         	3.87418   	
10.7048   	400       	122       	0         	3.87353   	
10.8434   	400       	122       	0         	3.86099   	
11.0056   	400       	122       	0         	3.84495   	
11.203    	400       	122       	0         	3.83851   	
11.4545   	400       	122       	0         	3.89704   	
11.5925   	400       	122       	0         	3.89943   	
11.7326   	400       	122       	0         	3.88697   	
11.895    	400       	122       	0         	3.8698    	
12.0924   	400       	122       	0         	3.86616   	
12.3474   	400       	122       	0         	3.92358   	
12.4881   	400       	122       	0         	3.92485   	
12.6315   	400       	122       	0         	3.91113   	
12.7982   	400       	122       	0         	3.89257   	
13.0015   	400       	122       	0         	3.90197   	
13.2691   	400       	122       	0         	3.9492    	
13.419    	400       	122       	0         	3.94611   	
13.573    	400       	122       	0         	3.92998   	
13.7534   	400       	122       	0         	3.90999   	
13.975    	400       	122       	0         	3.96032   	
14.1341   	400       	122       	0         	3.98268   	
14.2684   	400       	122       	0         	3.97681   	
14.4162   	400       	122       	0         	3.95898   	
14.5929   	400       	122       	0         	3.93715   	
14.8116   	400       	122       	0         	3.97498   	
14.9957   	400       	122       	0         	4.00772   	
15.1329   	400       	122       	0         	4.00407   	
15.2805   	400       	122       	0         	3.98633   	
15.4556   	400       	122       	0         	3.96344   	
15.6723   	400       	122       	0         	4.00035   	
15.8592   	400       	122       	0         	4.03559   	
15.9965   	400       	122       	0         	4.03218   	
16.1437   	400       	122       	0         	4.01381   	
16.3185   	400       	122       	0         	3.98964   	
16.535    	400       	122       	0         	4.02806   	
16.72     	400       	122       	0         	4.06405   	
16.8567   	400       	122       	0         	4.06056   	
17.0037   	400       	122       	0         	4.04148   	
17.1784   	400       	122       	0         	4.01603   	
17.3951   	400       	122       	0         	4.05695   	
17.5766   	400       	122       	0         	4.09299   	
17.7126   	400       	122       	0         	4.0893    	
17.8592   	400       	122       	0         	4.06951   	
18.0338   	400       	122       	0         	4.04281   	
18.2507   	400       	122       	0         	4.08643   	
18.4286   	400       	122       	0         	4.12236   	
18.5638   	400       	122       	0         	4.11842   	
18.71     	400       	122       	0         	4.09792   	
18.8844   	400       	122       	0         	4.07      	
19.1015   	400       	122       	0         	4.11647   	
19.2758   	400       	122       	0         	4.15216   	
19.4101   	400       	122       	0         	4.14793   	
19.5559   	400       	122       	0         	4.12673   	
19.7301   	400       	122       	0         	4.09761   	
19.9473   	400       	122       	0         	4.14706   	
20        	400       	122       	0         	4.17292   	
20.0765   	400       	122       	0         	4.19356   	
20.1741   	400       	122       	0         	4.19343   	
20.2947   	400       	122       	0         	4.17583   	
20.444    	400       	122       	0         	4.14746   	
20.6313   	400       	122       	0         	4.11417   	
20.8697   	400       	122       	0         	4.20341   	
21.0039   	400       	122       	0         	4.21618   	
21.1354   	400       	122       	0         	4.20259   	
21.2873   	400       	122       	0         	4.17563   	
21.4734   	400       	122       	0         	4.14226   	
21.7087   	400       	122       	0         	4.23942   	
21.838    	400       	122       	0         	4.24953   	
21.9685   	400       	122       	0         	4.23403   	
22.1207   	400       	122       	0         	4.20543   	
22.3077   	400       	122       	0         	4.17473   	
22.5467   	400       	122       	0         	4.27132   	
22.6762   	400       	122       	0         	4.2794    	
22.8082   	400       	122       	0         	4.26236   	
22.9627   	400       	122       	0         	4.23236   	
23.1533   	400       	122       	0         	4.2177    	
23.4053   	400       	122       	0         	4.302     	
23.542    	400       	122       	0         	4.3039    	
23.6823   	400       	122       	0         	4.28286   	
23.8475   	400       	122       	0         	4.25007   	
24.0527   	400       	122       	0         	4.29088   	
24.236    	400       	122       	0         	4.33903   	
24.3679   	400       	122       	0         	4.33553   	
24.5094   	400       	122       	0         	4.31159   	
24.6785   	400       	122       	0         	4.27653   	
24.8898   	400       	122       	0         	4.33454   	
25.0526   	400       	122       	0         	4.37336   	
25.1817   	400       	122       	0         	4.36773   	
25.3229   	400       	122       	0         	4.34235   	
25.4928   	400       	122       	0         	4.30583   	
25.7059   	400       	122       	0         	4.37224   	
25.8608   	400       	122       	0         	4.40745   	
25.9885   	400       	122       	0         	4.40048   	
26.1295   	400       	122       	0         	4.37397   	
26.2996   	400       	122       	0         	4.33616   	
26.5134   	400       	122       	0         	4.40964   	
26.6625   	400       	122       	0         	4.44211   	
26.7891   	400       	122       	0         	4.43389   	
26.9298   	400       	122       	0         	4.40628   	
27.1      	400       	122       	0         	4.36719   	
27.3143   	400       	122       	0         	4.44738   	
27.4585   	400       	122       	0         	4.47735   	
27.584    	400       	122       	0         	4.46786   	
27.7244   	400       	122       	0         	4.43911   	
27.8947   	400       	122       	0         	4.39872   	
28.1095   	400       	122       	0         	4.4859    	
28.249    	400       	122       	0         	4.51324   	
28.3735   	400       	122       	0         	4.50234   	
28.5137   	400       	122       	0         	4.47236   	
28.6842   	400       	122       	0         	4.43061   	
28.8996   	400       	122       	0         	4.52553   	
29.0345   	400       	122       	0         	4.5498    	
29.158    	400       	122       	0         	4.53726   	
29.2981   	400       	122       	0         	4.5059    	
29.4691   	400       	122       	0         	4.46269   	
29.6855   	400       	122       	0         	4.56663   	
29.8154   	400       	122       	0         	4.58718   	
29.938    	400       	122       	0         	4.57258   	
30        	400       	122       	0         	4.56006   	
30.1077   	400       	122       	0         	4.53241   	
30.1866   	400       	122       	0         	4.51105   	
30.3282   	400       	122       	0         	4.54559   	
30.4967   	400       	122       	0         	4.62312   	
30.6127   	400       	122       	0         	4.62658   	
30.7355   	400       	122       	0         	4.60357   	
30.8811   	400       	122       	0         	4.56505   	
31.0623   	400       	122       	0         	4.54792   	
31.3053   	400       	122       	0         	4.64985   	
31.4353   	400       	122       	0         	4.64861   	
31.5691   	400       	122       	0         	4.62104   	
31.7272   	400       	122       	0         	4.57878   	
31.9249   	400       	122       	0         	4.65392   	
32.0739   	400       	122       	0         	4.69809   	
32.1944   	400       	122       	0         	4.6899    	
32.3269   	400       	122       	0         	4.65899   	
32.4867   	400       	122       	0         	4.61393   	
32.6878   	400       	122       	0         	4.69788   	
32.8313   	400       	122       	0         	4.73764   	
32.951    	400       	122       	0         	4.72746   	
33.0836   	400       	122       	0         	4.6949    	
33.2441   	400       	122       	0         	4.64818   	
33.4465   	400       	122       	0         	4.74449   	
33.5825   	400       	122       	0         	4.7786    	
33.7008   	400       	122       	0         	4.76615   	
33.8333   	400       	122       	0         	4.73186   	
33.9942   	400       	122       	0         	4.68343   	
34.1978   	400       	122       	0         	4.79123   	
34.3277   	400       	122       	0         	4.82026   	
34.4449   	400       	122       	0         	4.80547   	
34.5773   	400       	122       	0         	4.76935   	
34.7389   	400       	122       	0         	4.71913   	
34.9437   	400       	122       	0         	4.83935   	
35.0678   	400       	122       	0         	4.86278   	
35.184    	400       	122       	0         	4.84528   	
35.3166   	400       	122       	0         	4.80711   	
35.4791   	400       	122       	0         	4.7549    	
35.6856   	400       	122       	0         	4.88966   	
35.8038   	400       	122       	0         	4.90636   	
35.9191   	400       	122       	0         	4.88543   	
36.0524   	400       	122       	0         	4.84475   	
36.1344   	400       	122       	0         	4.81746   	
36.2741   	400       	122       	0         	4.85368   	
36.4438   	400       	122       	0         	4.94755   	
36.5559   	400       	122       	0         	4.94742   	
36.674    	400       	122       	0         	4.91776   	
36.8141   	400       	122       	0         	4.87083   	
36.989    	400       	122       	0         	4.88091   	
37.1009   	400       	122       	0         	4.98584   	
37.1931   	400       	122       	0         	5.00736   	
37.2925   	400       	122       	0         	4.99169   	
37.4098   	400       	122       	0         	4.95474   	
37.5544   	400       	122       	0         	4.90242   	
37.7377   	400       	122       	0         	4.95272   	
37.9095   	400       	122       	0         	5.02902   	
38.0265   	400       	122       	0         	5.02002   	
38.1512   	400       	122       	0         	4.98341   	
38.3003   	400       	122       	0         	4.9302    	
38.4879   	400       	122       	0         	5.03592   	
38.6204   	400       	122       	0         	5.08089   	
38.7318   	400       	122       	0         	5.06681   	
38.8553   	400       	122       	0         	5.02751   	
39.005    	400       	122       	0         	4.97187   	
39.1941   	400       	122       	0         	5.08864   	
39.3217   	400       	122       	0         	5.12863   	
39.4321   	400       	122       	0         	5.1122    	
39.5555   	400       	122       	0         	5.07091   	
39.7054   	400       	122       	0         	5.01322   	
39.8952   	400       	122       	0         	5.14383   	
40        	400       	122       	0         	5.1806    	
40.1018   	400       	122       	0         	5.16694   	
40.2184   	400       	122       	0         	5.12746   	
40.3607   	400       	122       	0         	5.07067   	
40.5408   	400       	122       	0         	5.16084   	
40.6827   	400       	122       	0         	5.22342   	
40.7925   	400       	122       	0         	5.21031   	
40.9121   	400       	122       	0         	5.16912   	
41.0561   	400       	122       	0         	5.11035   	
41.2377   	400       	122       	0         	5.22598   	
41.3665   	400       	122       	0         	5.27538   	
41.4741   	400       	122       	0         	5.25881   	
41.5933   	400       	122       	0         	5.2152    	
41.7377   	400       	122       	0         	5.15407   	
41.9201   	400       	122       	0         	5.2849    	
42.0428   	400       	122       	0         	5.3274    	
42.1491   	400       	122       	0         	5.30807   	
42.268    	400       	122       	0         	5.26221   	
42.4124   	400       	122       	0         	5.1988    	
42.5953   	400       	122       	0         	5.34459   	
42.7126   	400       	122       	0         	5.38056   	
42.8177   	400       	122       	0         	5.35834   	
42.9362   	400       	122       	0         	5.31013   	
43.0807   	400       	122       	0         	5.24433   	
43.2641   	400       	122       	0         	5.40576   	
43.3765   	400       	122       	0         	5.4349    	
43.4805   	400       	122       	0         	5.40949   	
43.5987   	400       	122       	0         	5.35871   	
43.7435   	400       	122       	0         	5.29035   	
43.9275   	400       	122       	0         	5.46935   	
44.035    	400       	122       	0         	5.49055   	
44.1379   	400       	122       	0         	5.46135   	
44.2562   	400       	122       	0         	5.40763   	
44.4015   	400       	122       	0         	5.33639   	
44.5867   	400       	122       	0         	5.53648   	
44.6891   	400       	122       	0         	5.5476    	
44.7911   	400       	122       	0         	5.51359   	
44.9098   	400       	122       	0         	5.45628   	
45.0564   	400       	122       	0         	5.39828   	
45.2466   	400       	122       	0         	5.59768   	
45.3488   	400       	122       	0         	5.59848   	
45.4529   	400       	122       	0         	5.55825   	
45.5752   	400       	122       	0         	5.49588   	
45.7271   	400       	122       	0         	5.50458   	
45.8311   	400       	122       	0         	5.66238   	
45.9137   	400       	122       	0         	5.68451   	
46.0018   	400       	122       	0         	5.65846   	
46.1054   	400       	122       	0         	5.60624   	
46.2331   	400       	122       	0         	5.53474   	
46.3949   	400       	122       	0         	5.60962   	
46.5463   	400       	122       	0         	5.71457   	
46.6494   	400       	122       	0         	5.69699   	
46.7589   	400       	122       	0         	5.64467   	
46.8898   	400       	122       	0         	5.57152   	
47.0545   	400       	122       	0         	5.72066   	
47.1724   	400       	122       	0         	5.78253   	
47.2703   	400       	122       	0         	5.75897   	
47.3783   	400       	122       	0         	5.70331   	
47.509    	400       	122       	0         	5.62694   	
47.674    	400       	122       	0         	5.78826   	
47.7885   	400       	122       	0         	5.84607   	
47.8853   	400       	122       	0         	5.82007   	
47.9927   	400       	122       	0         	5.76195   	
48.1227   	400       	122       	0         	5.68289   	
48.2871   	400       	122       	0         	5.85918   	
48.3977   	400       	122       	0         	5.91181   	
48.4932   	400       	122       	0         	5.88315   	
48.5997   	400       	122       	0         	5.82247   	
48.729    	400       	122       	0         	5.74061   	
48.8927   	400       	122       	0         	5.93089   	
48.9999   	400       	122       	0         	5.97917   	
49.0942   	400       	122       	0         	5.94792   	
49.1998   	400       	122       	0         	5.88463   	
49.3283   	400       	122       	0         	5.7999    	
49.491    	400       	122       	0         	6.00408   	
49.5952   	400       	122       	0         	6.04833   	
49.6883   	400       	122       	0         	6.01444   	
49.7931   	400       	122       	0         	5.94846   	
49.9206   	400       	122       	0         	5.86076   	
50        	400       	122       	0         	6.02878   	
50.0847   	400       	122       	0         	6.15262   	
50.1592   	400       	122       	0         	6.15653   	
50.2407   	400       	122       	0         	6.11484   	
50.3376   	400       	122       	0         	6.04597   	
50.4575   	400       	122       	0         	5.95594   	
50.6099   	400       	122       	0         	6.06026   	
50.7466   	400       	122       	0         	6.18276   	
50.8413   	400       	122       	0         	6.15707   	
50.942    	400       	122       	0         	6.09155   	
51.0624   	400       	122       	0         	6.00212   	
51.2139   	400       	122       	0         	6.18912   	
51.3229   	400       	122       	0         	6.26508   	
51.4128   	400       	122       	0         	6.23339   	
51.5118   	400       	122       	0         	6.16424   	
51.6312   	400       	122       	0         	6.07111   	
51.7818   	400       	122       	0         	6.2643    	
51.8898   	400       	122       	0         	6.34198   	
51.9788   	400       	122       	0         	6.30841   	
52.0768   	400       	122       	0         	6.23661   	
52.1949   	400       	122       	0         	6.14032   	
52.3441   	400       	122       	0         	6.34494   	
52.4498   	400       	122       	0         	6.42192   	
52.5376   	400       	122       	0         	6.38617   	
52.6343   	400       	122       	0         	6.31153   	
52.7512   	400       	122       	0         	6.21193   	
52.8986   	400       	122       	0         	6.42655   	
53.0025   	400       	122       	0         	6.50426   	
53.0892   	400       	122       	0         	6.46643   	
53.1847   	400       	122       	0         	6.38892   	
53.3      	400       	122       	0         	6.2859    	
53.4456   	400       	122       	0         	6.50955   	
53.548    	400       	122       	0         	6.58918   	
53.6335   	400       	122       	0         	6.54939   	
53.7277   	400       	122       	0         	6.46895   	
53.8415   	400       	122       	0         	6.36239   	
53.985    	400       	122       	0         	6.59401   	
54.0863   	400       	122       	0         	6.67685   	
54.1706   	400       	122       	0         	6.63519   	
54.2634   	400       	122       	0         	6.55174   	
54.3755   	400       	122       	0         	6.44153   	
54.5169   	400       	122       	0         	6.68004   	
54.6173   	400       	122       	0         	6.76746   	
54.7004   	400       	122       	0         	6.724     	
54.7918   	400       	122       	0         	6.63746   	
54.9021   	400       	122       	0         	6.52344   	
55.0413   	400       	122       	0         	6.76781   	
55.141    	400       	122       	0         	6.86122   	
55.2229   	400       	122       	0         	6.81599   	
55.3129   	400       	122       	0         	6.72623   	
55.4214   	400       	122       	0         	6.60823   	
55.5582   	400       	122       	0         	6.85756   	
55.6574   	400       	122       	0         	6.95833   	
55.7383   	400       	122       	0         	6.91134   	
55.8268   	400       	122       	0         	6.81818   	
55.9334   	400       	122       	0         	6.69598   	
56.0677   	400       	122       	0         	6.94962   	
56.1666   	400       	122       	0         	7.05904   	
56.2463   	400       	122       	0         	7.0102    	
56.3334   	400       	122       	0         	6.91344   	
56.4381   	400       	122       	0         	6.78677   	
56.57     	400       	122       	0         	7.04441   	
56.6686   	400       	122       	0         	7.16361   	
56.7472   	400       	122       	0         	7.11279   	
56.8328   	400       	122       	0         	7.01214   	
56.9356   	400       	122       	0         	6.88069   	
57.065    	400       	122       	0         	7.14241   	
57.1634   	400       	122       	0         	7.27234   	
57.2409   	400       	122       	0         	7.2193    	
57.3249   	400       	122       	0         	7.11444   	
57.4259   	400       	122       	0         	6.97782   	
57.5528   	400       	122       	0         	7.24412   	
57.6509   	400       	122       	0         	7.38554   	
57.7272   	400       	122       	0         	7.32999   	
57.8099   	400       	122       	0         	7.22053   	
57.9089   	400       	122       	0         	7.07832   	
58.0334   	400       	122       	0         	7.35      	
58.1311   	400       	122       	0         	7.50358   	
58.2063   	400       	122       	0         	7.44517   	
58.2874   	400       	122       	0         	7.33065   	
58.3846   	400       	122       	0         	7.18236   	
58.5068   	400       	122       	0         	7.46046   	
58.6039   	400       	122       	0         	7.62684   	
58.6779   	400       	122       	0         	7.56518   	
58.7576   	400       	122       	0         	7.44509   	
58.853    	400       	122       	0         	7.29017   	
58.9727   	400       	122       	0         	7.57588   	
59.0693   	400       	122       	0         	7.75578   	
59.1421   	400       	122       	0         	7.69041   	
59.2203   	400       	122       	0         	7.56419   	
59.3138   	400       	122       	0         	7.40203   	
59.4312   	400       	122       	0         	7.69659   	
59.527    	400       	122       	0         	7.8909    	
59.5987   	400       	122       	0         	7.82132   	
59.6754   	400       	122       	0         	7.68832   	
59.7671   	400       	122       	0         	7.51823   	
59.8821   	400       	122       	0         	7.82296   	
59.9771   	400       	122       	0         	8.03277   	
60        	400       	122       	0         	8.03438   	
60.0407   	400       	122       	0         	7.98128   	
60.1001   	400       	122       	0         	7.86749   	
60.1789   	400       	122       	0         	7.70517   	
60.281    	400       	122       	0         	7.70115   	
60.4222   	400       	122       	0         	8.15893   	
60.4969   	400       	122       	0         	8.08284   	
60.5727   	400       	122       	0         	7.93358   	
60.662    	400       	122       	0         	7.74524   	
60.7736   	400       	122       	0         	8.17076   	
60.8568   	400       	122       	0         	8.34561   	
60.9234   	400       	122       	0         	8.25394   	
60.9956   	400       	122       	0         	8.09362   	
61.0823   	400       	122       	0         	7.89303   	
61.1912   	400       	122       	0         	8.25812   	
61.2811   	400       	122       	0         	8.50696   	
61.3475   	400       	122       	0         	8.41247   	
61.4182   	400       	122       	0         	8.24316   	
61.5027   	400       	122       	0         	8.03185   	
61.6087   	400       	122       	0         	8.40292   	
61.6987   	400       	122       	0         	8.68325   	
61.7638   	400       	122       	0         	8.58149   	
61.833    	400       	122       	0         	8.40074   	
61.9155   	400       	122       	0         	8.17657   	
62.019    	400       	122       	0         	8.55983   	
62.1085   	400       	122       	0         	8.87087   	
62.1723   	400       	122       	0         	8.75991   	
62.24     	400       	122       	0         	8.56582   	
62.3205   	400       	122       	0         	8.32694   	
62.4216   	400       	122       	0         	8.73096   	
62.51     	400       	122       	0         	9.07162   	
62.5724   	400       	122       	0         	8.94951   	
62.6385   	400       	122       	0         	8.73999   	
62.7171   	400       	122       	0         	8.48438   	
62.8158   	400       	122       	0         	8.91388   	
62.9029   	400       	122       	0         	9.2871    	
62.9639   	400       	122       	0         	9.15166   	
63.0283   	400       	122       	0         	8.92424   	
63.1051   	400       	122       	0         	8.64955   	
63.2014   	400       	122       	0         	9.1095    	
63.287    	400       	122       	0         	9.51953   	
63.3466   	400       	122       	0         	9.36801   	
63.4094   	400       	122       	0         	9.11967   	
63.4842   	400       	122       	0         	8.82308   	
63.5781   	400       	122       	0         	9.31936   	
63.6622   	400       	122       	0         	9.77173   	
63.7202   	400       	122       	0         	9.60044   	
63.7814   	400       	122       	0         	9.32743   	
63.8542   	400       	122       	0         	9.00547   	
63.9457   	400       	122       	0         	9.54571   	
64.0282   	400       	122       	0         	10.0473   	
64.0846   	400       	122       	0         	9.85153   	
64.1441   	400       	122       	0         	9.54885   	
64.2149   	400       	122       	0         	9.19721   	
64.304    	400       	122       	0         	9.79156   	
64.3847   	400       	122       	0         	10.351    	
64.4395   	400       	122       	0         	10.1241   	
64.4972   	400       	122       	0         	9.78527   	
64.566    	400       	122       	0         	9.39853   	
64.6528   	400       	122       	0         	10.0612   	
64.7315   	400       	122       	0         	10.6892   	
64.7846   	400       	122       	0         	10.422    	
64.8405   	400       	122       	0         	10.0381   	
64.9073   	400       	122       	0         	9.60931   	
64.9916   	400       	122       	0         	10.3601   	
65.0682   	400       	122       	0         	11.0708   	
65.1195   	400       	122       	0         	10.7488   	
65.1735   	400       	122       	0         	10.308    	
65.2383   	400       	122       	0         	9.82835   	
65.3203   	400       	122       	0         	10.6972   	
65.3945   	400       	122       	0         	11.5085   	
65.4438   	400       	122       	0         	11.1097   	
65.496    	400       	122       	0         	10.5949   	
65.5586   	400       	122       	0         	10.0529   	
65.6384   	400       	122       	0         	11.087    	
65.7099   	400       	122       	0.00106716	12.0216   	
65.7571   	400       	122       	0.0105042 	11.5064   	
65.8073   	400       	122       	0.0216226 	10.8906   	
65.8679   	400       	122       	0.0364454 	10.268    	
65.9455   	400       	122       	0.108932  	11.5296   	
66.0138   	400       	122       	0.24804   	12.5824   	
66.0588   	400       	122       	0.325701  	11.869    	
66.1069   	400       	122       	0.401992  	11.1019   	
66.1657   	400       	122       	0.489261  	10.3678   	
66.2413   	400       	122       	1.52159   	11.7895   	
66.3057   	400       	122       	3.01315   	12.6916   	
66.348    	400       	122       	3.37976   	11.5874   	
66.3942   	400       	122       	3.5671    	10.6066   	
66.4513   	400       	122       	3.68704   	9.7572    	
66.5255   	400       	122       	3.77006   	9.01547   	
66.6242   	400       	122       	3.82927   	8.36453   	
66.7576   	400       	122       	3.87217   	7.79148   	
66.9405   	400       	122       	3.90405   	7.28591   	
67.1937   	400       	122       	3.92953   	6.83963   	
67.5476   	400       	122       	3.95355   	6.4468    	
68.0451   	400       	122       	3.98226   	6.10457   	
68.7458   	400       	122       	4.02359   	5.81168   	
69.7278   	400       	122       	4.08701   	5.56824   	
70        	400       	122       	4.10466   	5.51163   	
70.6018   	400       	122       	4.14616   	5.41609   	
71.6105   	400       	122       	4.21876   	5.30528   	
72.9146   	400       	122       	4.31418   	5.20675   	
74.3658   	400       	122       	4.42034   	5.12828   	
75.8837   	400       	122       	4.53037   	5.06618   	
77.4375   	400       	122       	4.64155   	5.01464   	
79.0179   	400       	122       	4.75325   	4.97156   	
80        	400       	122       	4.82213   	4.94771   	
81.3337   	400       	122       	4.91471   	4.91829   	
82.856    	400       	122       	5.01931   	4.88788   	
84.4643   	400       	122       	5.12873   	4.85844   	
86.1156   	400       	122       	5.24006   	4.83036   	
87.7951   	400       	122       	5.35237   	4.80352   	
89.4985   	400       	122       	5.46545   	4.77771   	
90        	400       	122       	5.4988    	4.7706    	
90.9555   	400       	122       	5.56172   	4.75656   	
92.3296   	400       	122       	5.65196   	4.73716   	
93.9501   	400       	122       	5.75784   	4.71507   	
95.6884   	400       	122       	5.87086   	4.69212   	
97.4826   	400       	122       	5.98697   	4.66911   	
99.31     	400       	122       	6.10471   	4.64625   	
100       	400       	122       	6.14914   	4.63782   	
