Results for well: RES1_INJ.out in the reservoir: RES1_INJ.out

time	BHP	Temp	q(Gas)	q(Oil)
days	psi	F	Mscf/d	stb/d
0         	0         	-         	0         	0         	
0.0001    	600       	122       	-28.6816  	0         	
0.000315087	600       	122       	-26.5795  	0         	
0.00079717	600       	122       	-24.1272  	0         	
0.00193506	600       	122       	-21.1343  	0         	
0.00465213	600       	122       	-17.6594  	0         	
0.0111553 	600       	122       	-14.0109  	0         	
0.0267404 	600       	122       	-11.1174  	0         	
0.0644548 	600       	122       	-10.4598  	0         	
0.159368  	600       	122       	-7.05095  	0         	
0.208343  	600       	122       	-1.9347   	0         	
0.257134  	600       	122       	-1.79361  	0         	
0.307376  	600       	122       	-2.01019  	0         	
0.359186  	600       	122       	-2.25466  	0         	
0.412389  	600       	122       	-2.50057  	0         	
0.466863  	600       	122       	-2.74392  	0         	
0.522549  	600       	122       	-2.98346  	0         	
0.579428  	600       	122       	-3.21866  	0         	
0.637508  	600       	122       	-3.44933  	0         	
0.696805  	600       	122       	-3.67545  	0         	
0.757343  	600       	122       	-3.89705  	0         	
0.819148  	600       	122       	-1.91626  	0         	
0.893122  	600       	122       	-1.48326  	0         	
0.963964  	600       	122       	-1.71043  	0         	
1         	600       	122       	-1.83319  	0         	
1.0565    	600       	122       	-2.01474  	0         	
1.1287    	600       	122       	-2.22861  	0         	
1.21175   	600       	122       	-2.45432  	0         	
1.30313   	600       	122       	-2.68253  	0         	
1.40178   	600       	122       	-2.90983  	0         	
1.50723   	600       	122       	-3.13546  	0         	
1.61902   	600       	122       	-2.12979  	0         	
1.73685   	600       	122       	-1.63712  	0         	
1.83004   	600       	122       	-1.86647  	0         	
1.92483   	600       	122       	-2.10291  	0         	
2.02769   	600       	122       	-2.33087  	0         	
2.14128   	600       	122       	-2.55395  	0         	
2.26703   	600       	122       	-2.77441  	0         	
2.40567   	600       	122       	-2.63615  	0         	
2.56926   	600       	122       	-1.6415   	0         	
2.67529   	600       	122       	-1.84927  	0         	
2.78065   	600       	122       	-2.08164  	0         	
2.89602   	600       	122       	-2.30439  	0         	
3.02593   	600       	122       	-2.52145  	0         	
3.17311   	600       	122       	-2.73498  	0         	
3.33947   	600       	122       	-1.9981   	0         	
3.48181   	600       	122       	-1.74848  	0         	
3.5948    	600       	122       	-1.95801  	0         	
3.71295   	600       	122       	-2.18135  	0         	
3.84575   	600       	122       	-2.3971   	0         	
3.99828   	600       	122       	-2.60735  	0         	
4.17424   	600       	122       	-2.24892  	0         	
4.37046   	600       	122       	-1.7882   	0         	
4.4968    	600       	122       	-1.98654  	0         	
4.62503   	600       	122       	-2.20803  	0         	
4.76927   	600       	122       	-2.42088  	0         	
4.93661   	600       	122       	-2.62735  	0         	
5.13234   	600       	122       	-1.87433  	0         	
5.26984   	600       	122       	-1.813    	0         	
5.39085   	600       	122       	-2.00742  	0         	
5.52232   	600       	122       	-2.22166  	0         	
5.67426   	600       	122       	-2.43032  	0         	
5.85353   	600       	122       	-2.63335  	0         	
6.06621   	600       	122       	-1.75289  	0         	
6.19043   	600       	122       	-1.85466  	0         	
6.31342   	600       	122       	-2.06017  	0         	
6.45218   	600       	122       	-2.27176  	0         	
6.61551   	600       	122       	-2.47718  	0         	
6.81077   	600       	122       	-2.33361  	0         	
7.06347   	600       	122       	-1.88476  	0         	
7.2065    	600       	122       	-2.0444   	0         	
7.35148   	600       	122       	-2.25302  	0         	
7.51758   	600       	122       	-2.45947  	0         	
7.71557   	600       	122       	-2.25164  	0         	
7.93868   	600       	122       	-1.88206  	0         	
8.07831   	600       	122       	-2.02229  	0         	
8.22217   	600       	122       	-2.22472  	0         	
8.38825   	600       	122       	-2.43032  	0         	
8.58752   	600       	122       	-2.32023  	0         	
8.84322   	600       	122       	-1.92225  	0         	
8.98932   	600       	122       	-2.05173  	0         	
9.13853   	600       	122       	-2.24947  	0         	
9.3111    	600       	122       	-2.45348  	0         	
9.51926   	600       	122       	-2.1804   	0         	
9.7145    	600       	122       	-1.91603  	0         	
9.8519    	600       	122       	-2.02755  	0         	
9.99681   	600       	122       	-2.21702  	0         	
10        	600       	122       	-2.22123  	0         	
10.0092   	600       	122       	-2.23361  	0         	
10.0345   	600       	122       	-2.26777  	0         	
10.0947   	600       	122       	-2.34598  	0         	
10.2103   	600       	122       	-2.47775  	0         	
10.3894   	600       	122       	-2.21099  	0         	
10.5735   	600       	122       	-1.9128   	0         	
10.7048   	600       	122       	-1.99354  	0         	
10.8434   	600       	122       	-2.17101  	0         	
11.0056   	600       	122       	-2.37184  	0         	
11.203    	600       	122       	-2.48109  	0         	
11.4545   	600       	122       	-1.96274  	0         	
11.5925   	600       	122       	-2.00561  	0         	
11.7326   	600       	122       	-2.16853  	0         	
11.895    	600       	122       	-2.36535  	0         	
12.0924   	600       	122       	-2.44524  	0         	
12.3474   	600       	122       	-1.99388  	0         	
12.4881   	600       	122       	-2.03357  	0         	
12.6315   	600       	122       	-2.19045  	0         	
12.7982   	600       	122       	-2.38456  	0         	
13.0015   	600       	122       	-2.36016  	0         	
13.2691   	600       	122       	-2.04052  	0         	
13.419    	600       	122       	-2.10304  	0         	
13.573    	600       	122       	-2.26414  	0         	
13.7534   	600       	122       	-2.45776  	0         	
13.975    	600       	122       	-2.14747  	0         	
14.1341   	600       	122       	-2.01625  	0         	
14.2684   	600       	122       	-2.08368  	0         	
14.4162   	600       	122       	-2.24054  	0         	
14.5929   	600       	122       	-2.43297  	0         	
14.8116   	600       	122       	-2.24238  	0         	
14.9957   	600       	122       	-2.05676  	0         	
15.1329   	600       	122       	-2.09787  	0         	
15.2805   	600       	122       	-2.23932  	0         	
15.4556   	600       	122       	-2.42531  	0         	
15.6723   	600       	122       	-2.26581  	0         	
15.8592   	600       	122       	-2.08066  	0         	
15.9965   	600       	122       	-2.11031  	0         	
16.1437   	600       	122       	-2.24182  	0         	
16.3185   	600       	122       	-2.42295  	0         	
16.535    	600       	122       	-2.27811  	0         	
16.72     	600       	122       	-2.10321  	0         	
16.8567   	600       	122       	-2.12441  	0         	
17.0037   	600       	122       	-2.24683  	0         	
17.1784   	600       	122       	-2.42295  	0         	
17.3951   	600       	122       	-2.28738  	0         	
17.5766   	600       	122       	-2.12498  	0         	
17.7126   	600       	122       	-2.13923  	0         	
17.8592   	600       	122       	-2.25298  	0         	
18.0338   	600       	122       	-2.42383  	0         	
18.2507   	600       	122       	-2.29678  	0         	
18.4286   	600       	122       	-2.14641  	0         	
18.5638   	600       	122       	-2.15468  	0         	
18.71     	600       	122       	-2.26007  	0         	
18.8844   	600       	122       	-2.42538  	0         	
19.1015   	600       	122       	-2.30651  	0         	
19.2758   	600       	122       	-2.16755  	0         	
19.4101   	600       	122       	-2.17068  	0         	
19.5559   	600       	122       	-2.26803  	0         	
19.7301   	600       	122       	-2.42758  	0         	
19.9473   	600       	122       	-2.31662  	0         	
20        	600       	122       	-2.24826  	0         	
20.0765   	600       	122       	-2.1553   	0         	
20.1741   	600       	122       	-2.12161  	0         	
20.2947   	600       	122       	-2.17755  	0         	
20.444    	600       	122       	-2.30958  	0         	
20.6313   	600       	122       	-2.48957  	0         	
20.8697   	600       	122       	-2.25949  	0         	
21.0039   	600       	122       	-2.18898  	0         	
21.1354   	600       	122       	-2.21883  	0         	
21.2873   	600       	122       	-2.32901  	0         	
21.4734   	600       	122       	-2.49453  	0         	
21.7087   	600       	122       	-2.26603  	0         	
21.838    	600       	122       	-2.19958  	0         	
21.9685   	600       	122       	-2.22786  	0         	
22.1207   	600       	122       	-2.33502  	0         	
22.3077   	600       	122       	-2.48653  	0         	
22.5467   	600       	122       	-2.28345  	0         	
22.6762   	600       	122       	-2.22456  	0         	
22.8082   	600       	122       	-2.2528   	0         	
22.9627   	600       	122       	-2.35731  	0         	
23.1533   	600       	122       	-2.46406  	0         	
23.4053   	600       	122       	-2.29953  	0         	
23.542    	600       	122       	-2.26238  	0         	
23.6823   	600       	122       	-2.30524  	0         	
23.8475   	600       	122       	-2.41893  	0         	
24.0527   	600       	122       	-2.40039  	0         	
24.236    	600       	122       	-2.29673  	0         	
24.3679   	600       	122       	-2.27362  	0         	
24.5094   	600       	122       	-2.32294  	0         	
24.6785   	600       	122       	-2.43982  	0         	
24.8898   	600       	122       	-2.39545  	0         	
25.0526   	600       	122       	-2.31065  	0         	
25.1817   	600       	122       	-2.29069  	0         	
25.3229   	600       	122       	-2.33835  	0         	
25.4928   	600       	122       	-2.45214  	0         	
25.7059   	600       	122       	-2.40308  	0         	
25.8608   	600       	122       	-2.32803  	0         	
25.9885   	600       	122       	-2.30898  	0         	
26.1295   	600       	122       	-2.35352  	0         	
26.2996   	600       	122       	-2.46297  	0         	
26.5134   	600       	122       	-2.41298  	0         	
26.6625   	600       	122       	-2.34552  	0         	
26.7891   	600       	122       	-2.32699  	0         	
26.9298   	600       	122       	-2.36832  	0         	
27.1      	600       	122       	-2.47331  	0         	
27.3143   	600       	122       	-2.424    	0         	
27.4585   	600       	122       	-2.36298  	0         	
27.584    	600       	122       	-2.34493  	0         	
27.7244   	600       	122       	-2.38327  	0         	
27.8947   	600       	122       	-2.48394  	0         	
28.1095   	600       	122       	-2.43562  	0         	
28.249    	600       	122       	-2.38027  	0         	
28.3735   	600       	122       	-2.36281  	0         	
28.5137   	600       	122       	-2.39854  	0         	
28.6842   	600       	122       	-2.49524  	0         	
28.8996   	600       	122       	-2.44761  	0         	
29.0345   	600       	122       	-2.39732  	0         	
29.158    	600       	122       	-2.38064  	0         	
29.2981   	600       	122       	-2.41431  	0         	
29.4691   	600       	122       	-2.50759  	0         	
29.6855   	600       	122       	-2.45981  	0         	
29.8154   	600       	122       	-2.414    	0         	
29.938    	600       	122       	-2.39832  	0         	
30        	600       	122       	-2.40081  	0         	
30.1077   	600       	122       	-2.43571  	0         	
30.1866   	600       	122       	-2.47464  	0         	
30.3282   	600       	122       	-2.50806  	0         	
30.4967   	600       	122       	-2.45469  	0         	
30.6127   	600       	122       	-2.41723  	0         	
30.7355   	600       	122       	-2.41167  	0         	
30.8811   	600       	122       	-2.45641  	0         	
31.0623   	600       	122       	-2.53006  	0         	
31.3053   	600       	122       	-2.48135  	0         	
31.4353   	600       	122       	-2.456    	0         	
31.5691   	600       	122       	-2.46363  	0         	
31.7272   	600       	122       	-2.52096  	0         	
31.9249   	600       	122       	-2.52011  	0         	
32.0739   	600       	122       	-2.48167  	0         	
32.1944   	600       	122       	-2.459    	0         	
32.3269   	600       	122       	-2.46899  	0         	
32.4867   	600       	122       	-2.52862  	0         	
32.6878   	600       	122       	-2.52898  	0         	
32.8313   	600       	122       	-2.49658  	0         	
32.951    	600       	122       	-2.47673  	0         	
33.0836   	600       	122       	-2.48708  	0         	
33.2441   	600       	122       	-2.54515  	0         	
33.4465   	600       	122       	-2.54205  	0         	
33.5825   	600       	122       	-2.51311  	0         	
33.7008   	600       	122       	-2.49473  	0         	
33.8333   	600       	122       	-2.50473  	0         	
33.9942   	600       	122       	-2.56091  	0         	
34.1978   	600       	122       	-2.55585  	0         	
34.3277   	600       	122       	-2.52988  	0         	
34.4449   	600       	122       	-2.51283  	0         	
34.5773   	600       	122       	-2.52256  	0         	
34.7389   	600       	122       	-2.57704  	0         	
34.9437   	600       	122       	-2.57024  	0         	
35.0678   	600       	122       	-2.54676  	0         	
35.184    	600       	122       	-2.53096  	0         	
35.3166   	600       	122       	-2.54067  	0         	
35.4791   	600       	122       	-2.59395  	0         	
35.6856   	600       	122       	-2.58513  	0         	
35.8038   	600       	122       	-2.56365  	0         	
35.9191   	600       	122       	-2.54901  	0         	
36.0524   	600       	122       	-2.55916  	0         	
36.1344   	600       	122       	-2.57698  	0         	
36.2741   	600       	122       	-2.60616  	0         	
36.4438   	600       	122       	-2.59175  	0         	
36.5559   	600       	122       	-2.57304  	0         	
36.674    	600       	122       	-2.56431  	0         	
36.8141   	600       	122       	-2.58404  	0         	
36.989    	600       	122       	-2.62119  	0         	
37.1009   	600       	122       	-2.62136  	0         	
37.1931   	600       	122       	-2.6057   	0         	
37.2925   	600       	122       	-2.58581  	0         	
37.4098   	600       	122       	-2.57836  	0         	
37.5544   	600       	122       	-2.60328  	0         	
37.7377   	600       	122       	-2.63245  	0         	
37.9095   	600       	122       	-2.62528  	0         	
38.0265   	600       	122       	-2.61483  	0         	
38.1512   	600       	122       	-2.61516  	0         	
38.3003   	600       	122       	-2.64391  	0         	
38.4879   	600       	122       	-2.65595  	0         	
38.6204   	600       	122       	-2.64517  	0         	
38.7318   	600       	122       	-2.63291  	0         	
38.8553   	600       	122       	-2.63172  	0         	
39.005    	600       	122       	-2.659    	0         	
39.1941   	600       	122       	-2.67033  	0         	
39.3217   	600       	122       	-2.66141  	0         	
39.4321   	600       	122       	-2.65062  	0         	
39.5555   	600       	122       	-2.64998  	0         	
39.7054   	600       	122       	-2.67652  	0         	
39.8952   	600       	122       	-2.68672  	0         	
40        	600       	122       	-2.68058  	0         	
40.1018   	600       	122       	-2.66996  	0         	
40.2184   	600       	122       	-2.66541  	0         	
40.3607   	600       	122       	-2.68333  	0         	
40.5408   	600       	122       	-2.70087  	0         	
40.6827   	600       	122       	-2.69753  	0         	
40.7925   	600       	122       	-2.68984  	0         	
40.9121   	600       	122       	-2.68792  	0         	
41.0561   	600       	122       	-2.70693  	0         	
41.2377   	600       	122       	-2.72091  	0         	
41.3665   	600       	122       	-2.71729  	0         	
41.4741   	600       	122       	-2.70982  	0         	
41.5933   	600       	122       	-2.70783  	0         	
41.7377   	600       	122       	-2.72609  	0         	
41.9201   	600       	122       	-2.7388   	0         	
42.0428   	600       	122       	-2.73589  	0         	
42.1491   	600       	122       	-2.72926  	0         	
42.268    	600       	122       	-2.72763  	0         	
42.4124   	600       	122       	-2.74531  	0         	
42.5953   	600       	122       	-2.75716  	0         	
42.7126   	600       	122       	-2.75492  	0         	
42.8177   	600       	122       	-2.74904  	0         	
42.9362   	600       	122       	-2.74773  	0         	
43.0807   	600       	122       	-2.76484  	0         	
43.2641   	600       	122       	-2.77601  	0         	
43.3765   	600       	122       	-2.77433  	0         	
43.4805   	600       	122       	-2.76914  	0         	
43.5987   	600       	122       	-2.76816  	0         	
43.7435   	600       	122       	-2.78484  	0         	
43.9275   	600       	122       	-2.79539  	0         	
44.035    	600       	122       	-2.79414  	0         	
44.1379   	600       	122       	-2.78955  	0         	
44.2562   	600       	122       	-2.78893  	0         	
44.4015   	600       	122       	-2.80542  	0         	
44.5867   	600       	122       	-2.81536  	0         	
44.6891   	600       	122       	-2.81439  	0         	
44.7911   	600       	122       	-2.81028  	0         	
44.9098   	600       	122       	-2.8101   	0         	
45.0564   	600       	122       	-2.82545  	0         	
45.2466   	600       	122       	-2.83478  	0         	
45.3488   	600       	122       	-2.83435  	0         	
45.4529   	600       	122       	-2.83161  	0         	
45.5752   	600       	122       	-2.83385  	0         	
45.7271   	600       	122       	-2.84724  	0         	
45.8311   	600       	122       	-2.85441  	0         	
45.9137   	600       	122       	-2.85578  	0         	
46.0018   	600       	122       	-2.85263  	0         	
46.1054   	600       	122       	-2.84814  	0         	
46.2331   	600       	122       	-2.85136  	0         	
46.3949   	600       	122       	-2.86419  	0         	
46.5463   	600       	122       	-2.87074  	0         	
46.6494   	600       	122       	-2.87174  	0         	
46.7589   	600       	122       	-2.87257  	0         	
46.8898   	600       	122       	-2.88105  	0         	
47.0545   	600       	122       	-2.89301  	0         	
47.1724   	600       	122       	-2.89698  	0         	
47.2703   	600       	122       	-2.89692  	0         	
47.3783   	600       	122       	-2.8966   	0         	
47.509    	600       	122       	-2.90365  	0         	
47.674    	600       	122       	-2.91452  	0         	
47.7885   	600       	122       	-2.91842  	0         	
47.8853   	600       	122       	-2.91876  	0         	
47.9927   	600       	122       	-2.91882  	0         	
48.1227   	600       	122       	-2.9257   	0         	
48.2871   	600       	122       	-2.93622  	0         	
48.3977   	600       	122       	-2.94022  	0         	
48.4932   	600       	122       	-2.94096  	0         	
48.5997   	600       	122       	-2.94137  	0         	
48.729    	600       	122       	-2.94802  	0         	
48.8927   	600       	122       	-2.95822  	0         	
48.9999   	600       	122       	-2.96233  	0         	
49.0942   	600       	122       	-2.96347  	0         	
49.1998   	600       	122       	-2.96422  	0         	
49.3283   	600       	122       	-2.97066  	0         	
49.491    	600       	122       	-2.9806   	0         	
49.5952   	600       	122       	-2.98481  	0         	
49.6883   	600       	122       	-2.98633  	0         	
49.7931   	600       	122       	-2.98741  	0         	
49.9206   	600       	122       	-2.99367  	0         	
50        	600       	122       	-2.99942  	0         	
50.0847   	600       	122       	-3.00531  	0         	
50.1592   	600       	122       	-3.00858  	0         	
50.2407   	600       	122       	-3.00922  	0         	
50.3376   	600       	122       	-3.00793  	0         	
50.4575   	600       	122       	-3.00936  	0         	
50.6099   	600       	122       	-3.01747  	0         	
50.7466   	600       	122       	-3.02458  	0         	
50.8413   	600       	122       	-3.0282   	0         	
50.942    	600       	122       	-3.03122  	0         	
51.0624   	600       	122       	-3.03742  	0         	
51.2139   	600       	122       	-3.04747  	0         	
51.3229   	600       	122       	-3.05341  	0         	
51.4128   	600       	122       	-3.05662  	0         	
51.5118   	600       	122       	-3.05898  	0         	
51.6312   	600       	122       	-3.06399  	0         	
51.7818   	600       	122       	-3.07283  	0         	
51.8898   	600       	122       	-3.07834  	0         	
51.9788   	600       	122       	-3.08152  	0         	
52.0768   	600       	122       	-3.08398  	0         	
52.1949   	600       	122       	-3.08885  	0         	
52.3441   	600       	122       	-3.09739  	0         	
52.4498   	600       	122       	-3.10285  	0         	
52.5376   	600       	122       	-3.1062   	0         	
52.6343   	600       	122       	-3.10892  	0         	
52.7512   	600       	122       	-3.11376  	0         	
52.8986   	600       	122       	-3.1221   	0         	
53.0025   	600       	122       	-3.12757  	0         	
53.0892   	600       	122       	-3.13112  	0         	
53.1847   	600       	122       	-3.13411  	0         	
53.3      	600       	122       	-3.13897  	0         	
53.4456   	600       	122       	-3.14717  	0         	
53.548    	600       	122       	-3.15268  	0         	
53.6335   	600       	122       	-3.15642  	0         	
53.7277   	600       	122       	-3.15968  	0         	
53.8415   	600       	122       	-3.16458  	0         	
53.985    	600       	122       	-3.17266  	0         	
54.0863   	600       	122       	-3.17823  	0         	
54.1706   	600       	122       	-3.18215  	0         	
54.2634   	600       	122       	-3.18567  	0         	
54.3755   	600       	122       	-3.19063  	0         	
54.5169   	600       	122       	-3.19861  	0         	
54.6173   	600       	122       	-3.20425  	0         	
54.7004   	600       	122       	-3.20834  	0         	
54.7918   	600       	122       	-3.21209  	0         	
54.9021   	600       	122       	-3.21713  	0         	
55.0413   	600       	122       	-3.22504  	0         	
55.141    	600       	122       	-3.23076  	0         	
55.2229   	600       	122       	-3.23499  	0         	
55.3129   	600       	122       	-3.23897  	0         	
55.4214   	600       	122       	-3.24411  	0         	
55.5582   	600       	122       	-3.25195  	0         	
55.6574   	600       	122       	-3.25776  	0         	
55.7383   	600       	122       	-3.26212  	0         	
55.8268   	600       	122       	-3.26632  	0         	
55.9334   	600       	122       	-3.27156  	0         	
56.0677   	600       	122       	-3.27936  	0         	
56.1666   	600       	122       	-3.28527  	0         	
56.2463   	600       	122       	-3.28976  	0         	
56.3334   	600       	122       	-3.29415  	0         	
56.4381   	600       	122       	-3.29951  	0         	
56.57     	600       	122       	-3.30728  	0         	
56.6686   	600       	122       	-3.31331  	0         	
56.7472   	600       	122       	-3.31791  	0         	
56.8328   	600       	122       	-3.32248  	0         	
56.9356   	600       	122       	-3.32796  	0         	
57.065    	600       	122       	-3.33574  	0         	
57.1634   	600       	122       	-3.34189  	0         	
57.2409   	600       	122       	-3.34659  	0         	
57.3249   	600       	122       	-3.35132  	0         	
57.4259   	600       	122       	-3.35695  	0         	
57.5528   	600       	122       	-3.36475  	0         	
57.6509   	600       	122       	-3.37103  	0         	
57.7272   	600       	122       	-3.37583  	0         	
57.8099   	600       	122       	-3.38071  	0         	
57.9089   	600       	122       	-3.38647  	0         	
58.0334   	600       	122       	-3.39433  	0         	
58.1311   	600       	122       	-3.40074  	0         	
58.2063   	600       	122       	-3.40562  	0         	
58.2874   	600       	122       	-3.41065  	0         	
58.3846   	600       	122       	-3.41656  	0         	
58.5068   	600       	122       	-3.42448  	0         	
58.6039   	600       	122       	-3.43103  	0         	
58.6779   	600       	122       	-3.436    	0         	
58.7576   	600       	122       	-3.44116  	0         	
58.853    	600       	122       	-3.44721  	0         	
58.9727   	600       	122       	-3.45522  	0         	
59.0693   	600       	122       	-3.46191  	0         	
59.1421   	600       	122       	-3.46697  	0         	
59.2203   	600       	122       	-3.47225  	0         	
59.3138   	600       	122       	-3.47846  	0         	
59.4312   	600       	122       	-3.48657  	0         	
59.527    	600       	122       	-3.49341  	0         	
59.5987   	600       	122       	-3.49855  	0         	
59.6754   	600       	122       	-3.50395  	0         	
59.7671   	600       	122       	-3.5103   	0         	
59.8821   	600       	122       	-3.51853  	0         	
59.9771   	600       	122       	-3.52554  	0         	
60        	600       	122       	-3.52723  	0         	
60.0407   	600       	122       	-3.53027  	0         	
60.1001   	600       	122       	-3.53467  	0         	
60.1789   	600       	122       	-3.54034  	0         	
60.281    	600       	122       	-3.54769  	0         	
60.4222   	600       	122       	-3.55827  	0         	
60.4969   	600       	122       	-3.56396  	0         	
60.5727   	600       	122       	-3.56975  	0         	
60.662    	600       	122       	-3.57661  	0         	
60.7736   	600       	122       	-3.58546  	0         	
60.8568   	600       	122       	-3.5922   	0         	
60.9234   	600       	122       	-3.59762  	0         	
60.9956   	600       	122       	-3.60345  	0         	
61.0823   	600       	122       	-3.61033  	0         	
61.1912   	600       	122       	-3.61905  	0         	
61.2811   	600       	122       	-3.62638  	0         	
61.3475   	600       	122       	-3.63182  	0         	
61.4182   	600       	122       	-3.63762  	0         	
61.5027   	600       	122       	-3.64451  	0         	
61.6087   	600       	122       	-3.65328  	0         	
61.6987   	600       	122       	-3.66088  	0         	
61.7638   	600       	122       	-3.66643  	0         	
61.833    	600       	122       	-3.67236  	0         	
61.9155   	600       	122       	-3.67942  	0         	
62.019    	600       	122       	-3.68838  	0         	
62.1085   	600       	122       	-3.69627  	0         	
62.1723   	600       	122       	-3.70196  	0         	
62.24     	600       	122       	-3.70802  	0         	
62.3205   	600       	122       	-3.71524  	0         	
62.4216   	600       	122       	-3.7244   	0         	
62.51     	600       	122       	-3.73254  	0         	
62.5724   	600       	122       	-3.73835  	0         	
62.6385   	600       	122       	-3.74453  	0         	
62.7171   	600       	122       	-3.75192  	0         	
62.8158   	600       	122       	-3.76127  	0         	
62.9029   	600       	122       	-3.76964  	0         	
62.9639   	600       	122       	-3.77557  	0         	
63.0283   	600       	122       	-3.78187  	0         	
63.1051   	600       	122       	-3.78941  	0         	
63.2014   	600       	122       	-3.79897  	0         	
63.287    	600       	122       	-3.80757  	0         	
63.3466   	600       	122       	-3.81362  	0         	
63.4094   	600       	122       	-3.82004  	0         	
63.4842   	600       	122       	-3.82774  	0         	
63.5781   	600       	122       	-3.83749  	0         	
63.6622   	600       	122       	-3.84634  	0         	
63.7202   	600       	122       	-3.8525   	0         	
63.7814   	600       	122       	-3.85905  	0         	
63.8542   	600       	122       	-3.86691  	0         	
63.9457   	600       	122       	-3.87688  	0         	
64.0282   	600       	122       	-3.88597  	0         	
64.0846   	600       	122       	-3.89226  	0         	
64.1441   	600       	122       	-3.89893  	0         	
64.2149   	600       	122       	-3.90695  	0         	
64.304    	600       	122       	-3.91715  	0         	
64.3847   	600       	122       	-3.92649  	0         	
64.4395   	600       	122       	-3.93289  	0         	
64.4972   	600       	122       	-3.93969  	0         	
64.566    	600       	122       	-3.94788  	0         	
64.6528   	600       	122       	-3.95832  	0         	
64.7315   	600       	122       	-3.96791  	0         	
64.7846   	600       	122       	-3.97444  	0         	
64.8405   	600       	122       	-3.98137  	0         	
64.9073   	600       	122       	-3.98974  	0         	
64.9916   	600       	122       	-4.00044  	0         	
65.0682   	600       	122       	-4.01027  	0         	
65.1195   	600       	122       	-4.01691  	0         	
65.1735   	600       	122       	-4.02398  	0         	
65.2383   	600       	122       	-4.03253  	0         	
65.3203   	600       	122       	-4.04351  	0         	
65.3945   	600       	122       	-4.05358  	0         	
65.4438   	600       	122       	-4.06033  	0         	
65.496    	600       	122       	-4.06753  	0         	
65.5586   	600       	122       	-4.07629  	0         	
65.6384   	600       	122       	-4.08758  	0         	
65.7099   	600       	122       	-4.09785  	0         	
65.7571   	600       	122       	-4.1047   	0         	
65.8073   	600       	122       	-4.11203  	0         	
65.8679   	600       	122       	-4.12102  	0         	
65.9455   	600       	122       	-4.13267  	0         	
66.0138   	600       	122       	-4.14308  	0         	
66.0588   	600       	122       	-4.15     	0         	
66.1069   	600       	122       	-4.15748  	0         	
66.1657   	600       	122       	-4.16672  	0         	
66.2413   	600       	122       	-4.17881  	0         	
66.3057   	600       	122       	-4.18926  	0         	
66.348    	600       	122       	-4.19619  	0         	
66.3942   	600       	122       	-4.20383  	0         	
66.4513   	600       	122       	-4.21341  	0         	
66.5255   	600       	122       	-4.22607  	0         	
66.6242   	600       	122       	-4.24333  	0         	
66.7576   	600       	122       	-4.2675   	0         	
66.9405   	600       	122       	-4.30203  	0         	
67.1937   	600       	122       	-4.3515   	0         	
67.5476   	600       	122       	-4.42038  	0         	
68.0451   	600       	122       	-4.51059  	0         	
68.7458   	600       	122       	-4.62015  	0         	
69.7278   	600       	122       	-4.74479  	0         	
70        	600       	122       	-4.77734  	0         	
70.6018   	600       	122       	-4.84136  	0         	
71.6105   	600       	122       	-4.93417  	0         	
72.9146   	600       	122       	-5.04019  	0         	
74.3658   	600       	122       	-5.14852  	0         	
75.8837   	600       	122       	-5.25584  	0         	
77.4375   	600       	122       	-5.36199  	0         	
79.0179   	600       	122       	-5.46753  	0         	
80        	600       	122       	-5.5324   	0         	
81.3337   	600       	122       	-5.61951  	0         	
82.856    	600       	122       	-5.71797  	0         	
84.4643   	600       	122       	-5.82114  	0         	
86.1156   	600       	122       	-5.92632  	0         	
87.7951   	600       	122       	-6.03263  	0         	
89.4985   	600       	122       	-6.13985  	0         	
90        	600       	122       	-6.17136  	0         	
90.9555   	600       	122       	-6.23122  	0         	
92.3296   	600       	122       	-6.317    	0         	
93.9501   	600       	122       	-6.41775  	0         	
95.6884   	600       	122       	-6.52537  	0         	
97.4826   	600       	122       	-6.63601  	0         	
99.31     	600       	122       	-6.74826  	0         	
100       	600       	122       	-6.79059  	0         	
