1	0.0001	-1	-1	-1	6	6	0.0001	0.255	0.42	0.136
1	0.000215087	0	-1	-1	4	4	0.000315087	0.422	0.715	0.202
1	0.000482083	0	-1	-1	4	4	0.00079717	0.587	1.01	0.27
1	0.00113789	0	-1	-1	4	4	0.00193506	0.751	1.298	0.337
1	0.00271707	0	-1	-1	5	5	0.00465213	0.943	1.645	0.419
1	0.00650314	0	-1	-1	5	5	0.0111553	1.134	1.991	0.508
1	0.0155852	0	-1	-1	5	5	0.0267404	1.326	2.339	0.593
1	0.0377143	0	-1	-1	6	6	0.0644548	1.569	2.873	0.687
1	0.0949132	0	-1	-1	5	5	0.159368	1.801	3.325	0.768
1	0.0489752	1	0	0.0095349	4	4	0.208343	2.381	4.173	1.127
1	0.0487904	1	0	0.0100568	3	3	0.257134	2.507	4.412	1.177
1	0.0502423	1	0	0.00956651	3	3	0.307376	2.632	4.642	1.224
1	0.0518097	1	0	0.00954621	3	3	0.359186	2.76	4.877	1.274
1	0.0532039	1	0	0.00960693	3	3	0.412389	2.885	5.108	1.324
1	0.0544738	1	0	0.00965033	3	3	0.466863	3.011	5.343	1.372
1	0.0556853	1	0	0.00967366	3	3	0.522549	3.138	5.573	1.421
1	0.0568798	1	0	0.00968498	3	3	0.579428	3.265	5.808	1.469
1	0.0580799	1	0	0.00969007	3	3	0.637508	3.392	6.046	1.514
1	0.0592971	1	0	0.0096921	3	3	0.696805	3.518	6.278	1.557
1	0.0605375	1	0	0.00969263	3	3	0.757343	3.649	6.519	1.601
1	0.0618047	1	0	0.00969245	3	3	0.819148	3.778	6.756	1.646
1	0.0739747	1	1	0.00753227	3	3	0.893122	3.913	6.997	1.694
1	0.0708421	1	1	0.0106633	3	3	0.963964	4.044	7.241	1.748
1	0.0360356	1	1	0.00936736	3	3	1	4.178	7.491	1.794
2	0.0565048	1	1	0.00456616	3	3	1.0565	4.307	7.726	1.84
2	0.072197	1	1	0.00673971	3	3	1.1287	4.444	8.005	1.926
2	0.0830447	1	1	0.00804062	3	3	1.21175	4.595	8.252	1.969
2	0.09138	1	1	0.00863177	3	3	1.30313	4.727	8.488	2.014
2	0.0986555	1	1	0.00889381	3	3	1.40178	4.859	8.727	2.061
2	0.105443	1	1	0.00903441	3	3	1.50723	4.986	8.965	2.103
2	0.111793	1	0	0.00914794	4	4	1.61902	5.152	9.262	2.163
2	0.117834	1	2	0.00923108	4	4	1.73685	5.332	9.613	2.249
2	0.0931837	1	2	0.013968	3	3	1.83004	5.465	9.883	2.298
2	0.0947914	1	2	0.0097456	3	3	1.92483	5.629	10.138	2.35
2	0.102861	1	2	0.00882327	3	3	2.02769	5.761	10.433	2.396
2	0.113596	1	2	0.00858241	3	3	2.14128	5.897	10.681	2.453
2	0.125741	1	2	0.00855124	3	3	2.26703	6.037	10.945	2.515
2	0.13865	1	2	0.00860344	4	4	2.40567	6.203	11.245	2.571
2	0.16358	1	2	0.00771391	4	4	2.56926	6.361	11.535	2.63
2	0.10603	1	3	0.0181415	3	3	2.67529	6.487	11.769	2.676
2	0.105362	1	3	0.0100951	3	3	2.78065	6.611	12.01	2.719
2	0.115377	1	3	0.00869798	3	3	2.89602	6.741	12.239	2.762
2	0.129908	1	3	0.00832219	3	3	3.02593	6.867	12.477	2.807
2	0.147179	1	3	0.00823975	3	3	3.17311	6.992	12.708	2.85
2	0.166354	1	3	0.00827103	4	4	3.33947	7.153	13.001	2.909
2	0.142341	1	4	0.0125306	3	3	3.48181	7.28	13.246	2.956
2	0.112999	1	4	0.013895	3	3	3.5948	7.407	13.482	3.001
2	0.118146	1	4	0.00934646	3	3	3.71295	7.546	13.72	3.045
2	0.1328	1	4	0.00834487	3	3	3.84575	7.68	13.957	3.095
2	0.15253	1	4	0.00805969	3	3	3.99828	7.805	14.192	3.141
2	0.175958	1	4	0.00800279	4	4	4.17424	7.975	14.523	3.203
2	0.196222	1	5	0.00845095	4	4	4.37046	8.143	14.863	3.262
2	0.126336	1	5	0.0182976	3	3	4.4968	8.281	15.108	3.314
2	0.128236	1	5	0.00977778	3	3	4.62503	8.413	15.354	3.364
2	0.144235	1	5	0.00833615	3	3	4.76927	8.547	15.635	3.409
2	0.167345	1	5	0.00792855	3	3	4.93661	8.677	15.876	3.455
2	0.195724	1	5	0.00782506	4	4	5.13234	8.845	16.199	3.512
2	0.137498	1	6	0.016352	3	3	5.26984	8.975	16.448	3.56
2	0.121016	1	6	0.012043	3	3	5.39085	9.111	16.723	3.608
2	0.131472	1	6	0.00880705	3	3	5.52232	9.246	16.983	3.658
2	0.151934	1	6	0.0079798	3	3	5.67426	9.38	17.227	3.707
2	0.179268	1	6	0.00771287	3	3	5.85353	9.522	17.477	3.76
2	0.212683	1	6	0.00764336	5	5	6.06621	9.728	17.844	3.841
2	0.124225	1	7	0.0206811	3	3	6.19043	9.857	18.089	3.887
2	0.122989	1	7	0.0101507	3	3	6.31342	9.991	18.366	3.941
2	0.138753	1	7	0.00829587	3	3	6.45218	10.136	18.625	3.995
2	0.16333	1	7	0.00774284	3	3	6.61551	10.276	18.883	4.049
2	0.195269	1	7	0.00754657	4	4	6.81077	10.438	19.179	4.109
2	0.252692	1	8	0.00659131	5	5	7.06347	10.633	19.543	4.182
2	0.143031	1	8	0.0215005	3	3	7.2065	10.772	19.809	4.23
2	0.144981	1	8	0.00979818	3	3	7.35148	10.912	20.068	4.28
2	0.166105	1	8	0.00809244	3	3	7.51758	11.057	20.326	4.33
2	0.197987	1	8	0.00758451	4	4	7.71557	11.224	20.642	4.394
2	0.223112	1	9	0.00831086	4	4	7.93868	11.39	20.957	4.455
2	0.139631	1	9	0.018968	3	3	8.07831	11.518	21.193	4.499
2	0.143854	1	9	0.00955963	3	3	8.22217	11.642	21.431	4.542
2	0.16608	1	9	0.00799259	3	3	8.38825	11.765	21.668	4.586
2	0.199274	1	9	0.00750138	4	4	8.58752	11.942	21.993	4.658
2	0.255694	1	10	0.00669022	5	5	8.84322	12.134	22.374	4.747
2	0.146099	1	10	0.021252	3	3	8.98932	12.263	22.637	4.789
2	0.149216	1	10	0.0096867	3	3	9.13853	12.421	22.916	4.887
2	0.172573	1	10	0.0079698	3	3	9.3111	12.546	23.16	4.932
2	0.208156	1	10	0.00743582	4	4	9.51926	12.711	23.464	4.991
2	0.195239	1	11	0.0109924	4	4	9.7145	12.873	23.778	5.051
2	0.137404	1	11	0.0163138	3	3	9.8519	12.999	24.018	5.094
2	0.144911	1	11	0.00922287	3	3	9.99681	13.125	24.253	5.138
2	0.00318574	1	11	0.0078318	3	3	10	13.252	24.493	5.183
3	0.00924059	1	11	0.000171326	3	3	10.0092	13.381	24.733	5.227
3	0.0252487	1	11	0.000489747	3	3	10.0345	13.506	24.972	5.272
3	0.0602374	1	11	0.0012873	3	3	10.0947	13.641	25.26	5.376
3	0.11557	1	11	0.0028183	3	3	10.2103	13.772	25.502	5.421
3	0.179106	1	11	0.00467887	4	4	10.3894	13.93	25.795	5.482
3	0.184139	1	12	0.00959006	4	4	10.5735	14.096	26.084	5.542
3	0.131276	1	12	0.0160403	3	3	10.7048	14.222	26.319	5.59
3	0.138615	1	12	0.00920575	3	3	10.8434	14.348	26.561	5.633
3	0.162187	1	12	0.00782	3	3	11.0056	14.479	26.874	5.7
3	0.197362	1	12	0.00732656	4	4	11.203	14.674	27.222	5.767
3	0.251491	1	12	0.00677154	5	5	11.4545	14.866	27.582	5.846
3	0.138021	1	13	0.0223317	3	3	11.5925	15.003	27.824	5.895
3	0.140145	1	13	0.00977271	3	3	11.7326	15.141	28.075	5.944
3	0.162391	1	13	0.00794512	3	3	11.895	15.268	28.318	5.991
3	0.197361	1	13	0.00734219	4	4	12.0924	15.43	28.657	6.052
3	0.254975	1	13	0.00661062	5	5	12.3474	15.636	29.073	6.166
3	0.140705	1	14	0.0221818	3	3	12.4881	15.828	29.422	6.242
3	0.143383	1	14	0.00971989	3	3	12.6315	15.959	29.675	6.291
3	0.166703	1	14	0.00790165	3	3	12.7982	16.096	29.94	6.34
3	0.20335	1	14	0.00729676	4	4	13.0015	16.26	30.252	6.401
3	0.267621	1	15	0.00639765	5	5	13.2691	16.453	30.617	6.478
3	0.149823	1	15	0.0217936	3	3	13.419	16.58	30.854	6.521
3	0.154024	1	15	0.0095909	3	3	13.573	16.708	31.095	6.565
3	0.1804	1	15	0.0078069	3	3	13.7534	16.837	31.338	6.61
3	0.221603	1	15	0.00721101	4	4	13.975	16.998	31.663	6.669
3	0.159143	1	16	0.0158872	3	3	14.1341	17.145	31.934	6.716
3	0.134253	1	16	0.0127809	3	3	14.2684	17.296	32.213	6.784
3	0.147854	1	16	0.00862021	3	3	14.4162	17.428	32.455	6.831
3	0.176689	1	16	0.00755203	3	3	14.5929	17.557	32.702	6.876
3	0.218682	1	16	0.0071196	4	4	14.8116	17.746	33.098	6.974
3	0.184052	1	17	0.0128223	4	4	14.9957	17.913	33.443	7.049
3	0.137286	1	17	0.0151097	3	3	15.1329	18.047	33.687	7.092
3	0.147528	1	17	0.00895863	3	3	15.2805	18.175	33.926	7.136
3	0.175179	1	17	0.00763237	3	3	15.4556	18.3	34.178	7.179
3	0.216703	1	17	0.00712574	4	4	15.6723	18.459	34.501	7.24
3	0.186833	1	18	0.0123981	4	4	15.8592	18.651	34.875	7.311
3	0.137278	1	18	0.0154146	3	3	15.9965	18.791	35.215	7.366
3	0.147203	1	18	0.00898866	3	3	16.1437	18.94	35.474	7.415
3	0.174824	1	18	0.0076301	3	3	16.3185	19.067	35.717	7.459
3	0.21654	1	18	0.0071103	4	4	16.535	19.228	36.014	7.52
3	0.18497	1	19	0.0125602	4	4	16.72	19.385	36.313	7.591
3	0.136753	1	19	0.0152888	3	3	16.8567	19.51	36.554	7.635
3	0.14691	1	19	0.0089629	3	3	17.0037	19.635	36.805	7.68
3	0.174719	1	19	0.00761256	3	3	17.1784	19.762	37.041	7.725
3	0.216764	1	19	0.00709046	4	4	17.3951	19.917	37.333	7.785
3	0.181488	1	20	0.0129155	4	4	17.5766	20.106	37.665	7.856
3	0.13599	1	20	0.0150186	3	3	17.7126	20.243	37.948	7.909
3	0.146554	1	20	0.0089187	3	3	17.8592	20.37	38.196	7.956
3	0.174599	1	20	0.00759069	3	3	18.0338	20.499	38.446	8.003
3	0.216977	1	20	0.00707031	4	4	18.2507	20.655	38.746	8.062
3	0.17788	1	21	0.0132969	3	3	18.4286	20.781	38.98	8.108
3	0.135181	1	21	0.014738	3	3	18.5638	20.909	39.215	8.15
3	0.146163	1	21	0.00887298	3	3	18.71	21.048	39.464	8.199
3	0.174433	1	21	0.00756899	3	3	18.8844	21.187	39.733	8.25
3	0.217113	1	21	0.00705127	4	4	19.1015	21.353	40.039	8.313
3	0.17429	1	22	0.0136855	3	3	19.2758	21.486	40.293	8.368
3	0.134339	1	22	0.0144608	3	3	19.4101	21.627	40.531	8.414
3	0.145738	1	22	0.00882682	3	3	19.5559	21.753	40.783	8.459
3	0.17422	1	22	0.00754772	3	3	19.7301	21.876	41.024	8.5
3	0.217172	1	22	0.00703335	4	4	19.9473	22.041	41.346	8.562
3	0.0527224	1	23	0.0140772	3	3	20	22.17	41.596	8.607
4	0.0765081	1	23	0.00533663	3	3	20.0765	22.299	41.848	8.648
4	0.0975855	1	23	0.00676016	3	3	20.1741	22.427	42.095	8.697
4	0.120609	1	23	0.00713657	3	3	20.2947	22.554	42.338	8.743
4	0.149325	1	23	0.00711543	3	3	20.444	22.679	42.579	8.789
4	0.187236	1	23	0.00696286	3	3	20.6313	22.808	42.82	8.839
4	0.238451	1	23	0.00677829	5	5	20.8697	23.001	43.179	8.914
4	0.134142	1	24	0.021664	3	3	21.0039	23.125	43.417	8.959
4	0.131563	1	24	0.010294	3	3	21.1354	23.252	43.661	9.006
4	0.151847	1	24	0.00799632	3	3	21.2873	23.38	43.902	9.056
4	0.186088	1	24	0.00723993	3	3	21.4734	23.506	44.139	9.102
4	0.235347	1	24	0.00686046	5	5	21.7087	23.692	44.524	9.184
4	0.12925	1	25	0.022313	3	3	21.838	23.821	44.771	9.23
4	0.130583	1	25	0.00984684	3	3	21.9685	23.947	45.011	9.274
4	0.152117	1	25	0.00787663	3	3	22.1207	24.08	45.258	9.321
4	0.187094	1	25	0.00719577	5	5	22.3077	24.375	45.913	9.494
4	0.238981	1	25	0.00674321	6	6	22.5467	24.631	46.37	9.79
4	0.129448	1	26	0.0226923	3	3	22.6762	24.765	46.615	9.827
4	0.132047	1	26	0.00970471	3	3	22.8082	24.891	46.865	9.87
4	0.154493	1	26	0.00782075	3	3	22.9627	25.018	47.107	9.916
4	0.1906	1	26	0.00715839	4	4	23.1533	25.172	47.404	9.976
4	0.25197	1	26	0.00634658	5	5	23.4053	25.36	47.784	10.054
4	0.136689	1	27	0.0226508	3	3	23.542	25.512	48.066	10.106
4	0.140333	1	27	0.00961042	3	3	23.6823	25.648	48.327	10.154
4	0.165232	1	27	0.00773968	3	3	23.8475	25.772	48.576	10.203
4	0.205171	1	27	0.00708003	4	4	24.0527	25.938	48.881	10.262
4	0.183263	1	28	0.0117932	4	4	24.236	26.1	49.189	10.323
4	0.131905	1	28	0.0158403	3	3	24.3679	26.23	49.437	10.369
4	0.141555	1	28	0.00897744	3	3	24.5094	26.357	49.681	10.416
4	0.169073	1	28	0.00755863	3	3	24.6785	26.495	49.947	10.466
4	0.211325	1	28	0.00700094	4	4	24.8898	26.656	50.258	10.528
4	0.162753	1	29	0.0144766	3	3	25.0526	26.789	50.519	10.572
4	0.129109	1	29	0.0139088	3	3	25.1817	26.918	50.765	10.618
4	0.141256	1	29	0.00871006	3	3	25.3229	27.049	51.013	10.663
4	0.169861	1	29	0.007474	3	3	25.4928	27.173	51.254	10.705
4	0.213052	1	29	0.00695908	4	4	25.7059	27.332	51.566	10.766
4	0.154892	1	30	0.0156324	3	3	25.8608	27.456	51.807	10.811
4	0.127737	1	30	0.0131887	3	3	25.9885	27.584	52.05	10.855
4	0.14099	1	30	0.00859	3	3	26.1295	27.709	52.289	10.901
4	0.170126	1	30	0.00743107	3	3	26.2996	27.837	52.536	10.947
4	0.213833	1	30	0.00693406	4	4	26.5134	27.993	52.834	11.006
4	0.149074	1	31	0.0165161	3	3	26.6625	28.118	53.078	11.057
4	0.126568	1	31	0.0126673	3	3	26.7891	28.24	53.315	11.101
4	0.140679	1	31	0.00849539	3	3	26.9298	28.376	53.588	11.162
4	0.17023	1	31	0.00739607	3	3	27.1	28.511	53.854	11.208
4	0.214337	1	31	0.00691321	5	5	27.3143	28.707	54.246	11.288
4	0.144137	1	32	0.0173056	3	3	27.4585	28.843	54.501	11.338
4	0.125506	1	32	0.0122268	3	3	27.584	28.966	54.76	11.383
4	0.14039	1	32	0.00840969	3	3	27.7244	29.106	55.008	11.43
4	0.170328	1	32	0.00736348	3	3	27.8947	29.239	55.276	11.477
4	0.214816	1	32	0.00689353	5	5	28.1095	29.453	55.701	11.548
4	0.139489	1	33	0.0181003	3	3	28.249	29.579	55.95	11.595
4	0.124501	1	33	0.0118057	3	3	28.3735	29.705	56.192	11.64
4	0.140176	1	33	0.00832265	3	3	28.5137	29.843	56.5	11.711
4	0.170533	1	33	0.00732985	3	3	28.6842	29.991	56.761	11.758
4	0.215441	1	33	0.00687327	5	5	28.8996	30.173	57.127	11.831
4	0.134825	1	34	0.018969	3	3	29.0345	30.299	57.384	11.88
4	0.123539	1	34	0.0113703	3	3	29.158	30.426	57.632	11.926
4	0.140106	1	34	0.0082263	3	3	29.2981	30.555	57.9	11.975
4	0.170968	1	34	0.00729229	3	3	29.4691	30.691	58.159	12.029
4	0.216399	1	34	0.00685092	5	5	29.6855	30.877	58.539	12.11
4	0.129913	1	35	0.0199857	3	3	29.8154	31.031	58.822	12.168
4	0.122644	1	35	0.0108891	3	3	29.938	31.164	59.076	12.221
4	0.0619617	1	35	0.00811337	3	3	30	31.295	59.357	12.272
5	0.107665	1	35	0.00363255	3	3	30.1077	31.433	59.661	12.324
5	0.0789474	1	35	0.00522818	3	3	30.1866	31.824	60.413	12.491
5	0.141621	1	35	0.00336184	4	4	30.3282	31.98	60.722	12.548
5	0.168476	1	36	0.00760902	4	4	30.4967	32.134	61.025	12.604
5	0.115967	1	36	0.0167918	3	3	30.6127	32.262	61.301	12.648
5	0.122778	1	36	0.0091679	3	3	30.7355	32.39	61.59	12.703
5	0.14562	1	36	0.00764714	3	3	30.8811	32.52	61.847	12.754
5	0.181225	1	36	0.00705292	4	4	31.0623	32.689	62.167	12.819
5	0.242952	1	36	0.00618896	6	6	31.3053	32.926	62.637	12.962
5	0.130083	1	37	0.023015	3	3	31.4353	33.051	62.88	13.011
5	0.13374	1	37	0.00958987	3	3	31.5691	33.173	63.13	13.06
5	0.158154	1	37	0.00768445	3	3	31.7272	33.302	63.377	13.111
5	0.197627	1	37	0.007004	4	4	31.9249	33.47	63.699	13.173
5	0.149048	1	38	0.0148888	3	3	32.0739	33.597	63.949	13.215
5	0.120521	1	38	0.0135506	3	3	32.1944	33.727	64.205	13.258
5	0.132475	1	38	0.0086464	3	3	32.3269	33.865	64.449	13.303
5	0.159796	1	38	0.00743545	3	3	32.4867	33.992	64.698	13.348
5	0.201114	1	38	0.00691829	4	4	32.6878	34.143	65.002	13.405
5	0.143511	1	39	0.0160208	3	3	32.8313	34.264	65.24	13.447
5	0.11969	1	39	0.0129853	3	3	32.951	34.385	65.48	13.489
5	0.132576	1	39	0.00854207	3	3	33.0836	34.507	65.764	13.543
5	0.160472	1	39	0.00739247	3	3	33.2441	34.632	66.009	13.582
5	0.202452	1	39	0.0068896	5	5	33.4465	34.83	66.41	13.654
5	0.135948	1	40	0.0173378	3	3	33.5825	34.956	66.657	13.698
5	0.118343	1	40	0.0122315	3	3	33.7008	35.085	66.909	13.743
5	0.13246	1	40	0.00840128	3	3	33.8333	35.212	67.153	13.789
5	0.16098	1	40	0.00734257	3	3	33.9942	35.339	67.395	13.833
5	0.203555	1	40	0.0068626	5	5	34.1978	35.527	67.763	13.908
5	0.129897	1	41	0.0185057	3	3	34.3277	35.676	68.081	13.971
5	0.117214	1	41	0.0116231	3	3	34.4449	35.803	68.336	14.017
5	0.132442	1	41	0.00827531	3	3	34.5773	35.94	68.599	14.058
5	0.161569	1	41	0.00729586	3	3	34.7389	36.067	68.862	14.107
5	0.204752	1	41	0.00683649	5	5	34.9437	36.272	69.266	14.189
5	0.124148	1	42	0.0197388	3	3	35.0678	36.419	69.54	14.237
5	0.116189	1	42	0.0110275	3	3	35.184	36.545	69.777	14.279
5	0.132639	1	42	0.00813966	3	3	35.3166	36.666	70.026	14.324
5	0.162492	1	42	0.00724419	3	3	35.4791	36.788	70.265	14.373
5	0.206427	1	42	0.00680751	5	5	35.6856	36.975	70.629	14.448
5	0.118256	1	43	0.0211838	3	3	35.8038	37.096	70.873	14.491
5	0.115306	1	43	0.0103838	3	3	35.9191	37.221	71.113	14.533
5	0.133261	1	43	0.00797902	3	3	36.0524	37.355	71.395	14.576
5	0.0820501	1	43	0.00718105	3	3	36.1344	37.753	72.219	14.754
5	0.139652	1	43	0.003813	4	4	36.2741	37.925	72.559	14.818
5	0.169671	1	44	0.00734609	4	4	36.4438	38.09	72.882	14.874
5	0.112107	1	44	0.0177022	3	3	36.5559	38.217	73.133	14.917
5	0.118084	1	44	0.00924065	3	3	36.674	38.34	73.383	14.964
5	0.140144	1	44	0.00763889	3	3	36.8141	38.47	73.642	15.009
5	0.174881	1	44	0.00702051	4	4	36.989	38.638	73.981	15.074
5	0.111919	1	45	0.00671927	3	3	37.1009	39.036	74.726	15.242
5	0.092246	1	45	0.013199	3	3	37.1931	39.164	74.972	15.285
5	0.0993341	1	45	0.00892965	3	3	37.2925	39.301	75.281	15.356
5	0.117285	1	45	0.00770422	3	3	37.4098	39.435	75.545	15.397
5	0.144602	1	45	0.00716626	3	3	37.5544	39.562	75.792	15.442
5	0.183343	1	45	0.00683051	4	4	37.7377	39.719	76.098	15.497
5	0.171762	1	46	0.0110113	4	4	37.9095	39.876	76.415	15.554
5	0.117042	1	46	0.0170128	3	3	38.0265	40.001	76.666	15.595
5	0.124645	1	46	0.0090851	3	3	38.1512	40.123	76.91	15.639
5	0.149158	1	46	0.00753488	3	3	38.3003	40.248	77.153	15.683
5	0.187632	1	46	0.00692421	4	4	38.4879	40.404	77.461	15.74
5	0.132414	1	47	0.0162552	3	3	38.6204	40.527	77.707	15.784
5	0.111404	1	47	0.0128288	3	3	38.7318	40.648	77.954	15.827
5	0.123568	1	47	0.00852346	3	3	38.8553	40.798	78.199	15.873
5	0.149693	1	47	0.00738215	3	3	39.005	40.924	78.445	15.919
5	0.189097	1	47	0.00687429	5	5	39.1941	41.132	78.851	15.994
5	0.127554	1	48	0.0172373	3	3	39.3217	41.259	79.1	16.039
5	0.110435	1	48	0.0123252	3	3	39.4321	41.392	79.353	16.083
5	0.123394	1	48	0.00842468	3	3	39.5555	41.521	79.6	16.125
5	0.149941	1	48	0.0073442	3	3	39.7054	41.649	79.853	16.168
5	0.189765	1	48	0.00685211	5	5	39.8952	41.838	80.231	16.242
5	0.104788	1	49	0.0183643	3	3	40	41.959	80.483	16.287
6	0.101845	1	49	0.0104335	3	3	40.1018	42.11	80.773	16.343
6	0.116565	1	49	0.00810577	3	3	40.2184	42.299	81.074	16.383
6	0.142337	1	49	0.00728402	3	3	40.3607	42.481	81.392	16.431
6	0.180031	1	49	0.00685944	4	4	40.5408	42.711	81.772	16.524
6	0.141888	1	50	0.0140323	3	3	40.6827	42.83	82.017	16.564
6	0.109818	1	50	0.0143803	3	3	40.7925	42.955	82.262	16.607
6	0.119599	1	50	0.00877338	3	3	40.9121	43.081	82.548	16.656
6	0.14404	1	50	0.00745476	3	3	41.0561	43.21	82.802	16.7
6	0.181571	1	50	0.00689946	4	4	41.2377	43.373	83.117	16.759
6	0.1288	1	51	0.0161457	3	3	41.3665	43.495	83.375	16.802
6	0.10764	1	51	0.0129487	3	3	41.4741	43.637	83.723	16.852
6	0.119197	1	51	0.00854566	3	3	41.5933	43.774	83.995	16.892
6	0.144366	1	51	0.00738485	3	3	41.7377	43.912	84.264	16.936
6	0.182439	1	51	0.00686971	5	5	41.9201	44.1	84.686	17
6	0.12262	1	52	0.0173175	3	3	42.0428	44.237	84.935	17.042
6	0.106351	1	52	0.0122947	3	3	42.1491	44.359	85.179	17.085
6	0.118849	1	52	0.00842262	3	3	42.268	44.495	85.435	17.128
6	0.144449	1	52	0.0073416	3	3	42.4124	44.629	85.687	17.172
6	0.182893	1	52	0.00684701	5	5	42.5953	44.826	86.052	17.255
6	0.117281	1	53	0.0183917	3	3	42.7126	44.96	86.303	17.299
6	0.105137	1	53	0.0117325	3	3	42.8177	45.081	86.548	17.344
6	0.118509	1	53	0.00830747	3	3	42.9362	45.204	86.805	17.387
6	0.144523	1	53	0.00730004	3	3	43.0807	45.336	87.082	17.441
6	0.183329	1	53	0.00682487	5	5	43.2641	45.525	87.456	17.514
6	0.112378	1	54	0.0194703	3	3	43.3765	45.65	87.704	17.558
6	0.104007	1	54	0.0112074	3	3	43.4805	45.771	87.955	17.598
6	0.118275	1	54	0.00819042	3	3	43.5987	45.897	88.206	17.644
6	0.144751	1	54	0.00725643	3	3	43.7435	46.022	88.456	17.689
6	0.183987	1	54	0.00680121	5	5	43.9275	46.208	88.845	17.766
6	0.107514	1	55	0.0206692	3	3	44.035	46.329	89.097	17.808
6	0.102956	1	55	0.010664	3	3	44.1379	46.455	89.345	17.855
6	0.118264	1	55	0.00805841	3	3	44.2562	46.588	89.588	17.905
6	0.14534	1	55	0.00720565	3	3	44.4015	46.713	89.83	17.954
6	0.185172	1	55	0.00677334	5	5	44.5867	46.893	90.199	18.038
6	0.102391	1	56	0.0221273	3	3	44.6891	47.011	90.439	18.088
6	0.10202	1	56	0.0100544	3	3	44.7911	47.13	90.68	18.136
6	0.118676	1	56	0.0078948	3	3	44.9098	47.25	90.924	18.186
6	0.146628	1	56	0.00714055	4	4	45.0564	47.402	91.225	18.252
6	0.190119	1	56	0.00656867	6	6	45.2466	47.613	91.643	18.349
6	0.102235	1	57	0.0228944	3	3	45.3488	47.733	91.885	18.397
6	0.10413	1	57	0.00972701	3	3	45.4529	47.853	92.125	18.451
6	0.122268	1	57	0.00777483	3	3	45.5752	47.974	92.375	18.501
6	0.151948	1	57	0.00707005	4	4	45.7271	48.133	92.685	18.572
6	0.10393	1	58	0.0059651	3	3	45.8311	48.513	93.442	18.741
6	0.0826438	1	58	0.0138635	3	3	45.9137	48.641	93.695	18.801
6	0.0880829	1	58	0.00907376	3	3	46.0018	48.764	93.947	18.851
6	0.103628	1	58	0.00774981	3	3	46.1054	48.894	94.2	18.896
6	0.127635	1	58	0.0071787	3	3	46.2331	49.019	94.456	18.941
6	0.161862	1	58	0.00682812	4	4	46.3949	49.184	94.773	19.003
6	0.151405	1	59	0.011036	4	4	46.5463	49.363	95.089	19.068
6	0.103053	1	59	0.0170378	3	3	46.6494	49.481	95.331	19.119
6	0.109498	1	59	0.00911719	3	3	46.7589	49.6	95.576	19.169
6	0.130922	1	59	0.00754534	3	3	46.8898	49.724	95.829	19.227
6	0.164729	1	59	0.00692161	4	4	47.0545	49.879	96.147	19.286
6	0.117868	1	60	0.0159635	3	3	47.1724	50.004	96.398	19.332
6	0.0978826	1	60	0.0130627	3	3	47.2703	50.131	96.67	19.399
6	0.108046	1	60	0.00858902	3	3	47.3783	50.255	96.934	19.456
6	0.13065	1	60	0.0074048	3	3	47.509	50.39	97.201	19.515
6	0.164989	1	60	0.00687805	5	5	47.674	50.583	97.599	19.591
6	0.114529	1	61	0.0166088	3	3	47.7885	50.706	97.853	19.633
6	0.0968255	1	61	0.0127426	3	3	47.8853	50.824	98.095	19.677
6	0.107355	1	61	0.00852883	3	3	47.9927	50.943	98.337	19.719
6	0.130053	1	61	0.00738199	3	3	48.1227	51.062	98.582	19.764
6	0.16442	1	61	0.00686475	5	5	48.2871	51.242	98.951	19.836
6	0.110514	1	62	0.0173166	3	3	48.3977	51.359	99.199	19.884
6	0.0955493	1	62	0.0123493	3	3	48.4932	51.482	99.44	19.928
6	0.106522	1	62	0.00845488	3	3	48.5997	51.601	99.682	19.972
6	0.129307	1	62	0.00735681	3	3	48.729	51.726	99.924	20.019
6	0.16365	1	62	0.00685216	5	5	48.8927	51.904	100.295	20.095
6	0.107175	1	63	0.0179041	3	3	48.9999	52.03	100.542	20.139
6	0.094333	1	63	0.0120421	3	3	49.0942	52.152	100.791	20.185
6	0.105642	1	63	0.00839422	3	3	49.1998	52.273	101.046	20.23
6	0.128459	1	63	0.00733568	3	3	49.3283	52.393	101.294	20.275
6	0.162726	1	63	0.0068413	5	5	49.491	52.576	101.679	20.348
6	0.104174	1	64	0.018431	3	3	49.5952	52.694	101.927	20.397
6	0.093137	1	64	0.0117775	3	3	49.6883	52.815	102.169	20.441
6	0.104728	1	64	0.00833987	3	3	49.7931	52.937	102.421	20.486
6	0.127545	1	64	0.00731654	3	3	49.9206	53.074	102.69	20.547
6	0.0793923	1	64	0.00683141	4	4	50	53.228	103.006	20.609
7	0.084736	1	65	0.00905407	3	3	50.0847	53.364	103.265	20.657
7	0.0744213	1	65	0.012079	3	3	50.1592	53.487	103.51	20.701
7	0.0815488	1	65	0.00868897	3	3	50.2407	53.606	103.755	20.747
7	0.0968905	1	65	0.00762489	3	3	50.3376	53.726	104.007	20.79
7	0.119884	1	65	0.00712303	3	3	50.4575	53.849	104.257	20.834
7	0.152464	1	65	0.00679469	4	4	50.6099	54.009	104.573	20.895
7	0.136643	1	66	0.0117367	4	4	50.7466	54.166	104.889	20.981
7	0.094664	1	66	0.0166518	3	3	50.8413	54.284	105.132	21.026
7	0.10071	1	66	0.00909947	3	3	50.942	54.401	105.378	21.07
7	0.120415	1	66	0.00754539	3	3	51.0624	54.521	105.631	21.113
7	0.15153	1	66	0.00691989	4	4	51.2139	54.675	105.944	21.174
7	0.108996	1	67	0.0158535	3	3	51.3229	54.797	106.188	21.219
7	0.0899304	1	67	0.0131801	3	3	51.4128	54.914	106.432	21.264
7	0.0989346	1	67	0.00863482	3	3	51.5118	55.036	106.672	21.314
7	0.119405	1	67	0.00742843	3	3	51.6312	55.155	106.916	21.359
7	0.150615	1	67	0.00689177	4	4	51.7818	55.304	107.226	21.427
7	0.108022	1	68	0.0159145	3	3	51.8898	55.424	107.48	21.478
7	0.0890235	1	68	0.0132012	3	3	51.9788	55.545	107.727	21.522
7	0.0979185	1	68	0.00863738	3	3	52.0768	55.672	107.988	21.569
7	0.118191	1	68	0.00742713	3	3	52.1949	55.795	108.235	21.613
7	0.14911	1	68	0.00688967	5	5	52.3441	55.98	108.62	21.687
7	0.105728	1	69	0.0161548	3	3	52.4498	56.103	108.877	21.738
7	0.0878115	1	69	0.0130605	3	3	52.5376	56.222	109.127	21.783
7	0.096745	1	69	0.00861489	3	3	52.6343	56.34	109.373	21.826
7	0.116839	1	69	0.00742033	3	3	52.7512	56.484	109.657	21.908
7	0.14744	1	69	0.00688676	5	5	52.8986	56.667	110.037	21.984
7	0.103921	1	70	0.0162815	3	3	53.0025	56.798	110.31	22.029
7	0.0866266	1	70	0.0129947	3	3	53.0892	56.931	110.585	22.077
7	0.0955029	1	70	0.00860585	3	3	53.1847	57.051	110.835	22.125
7	0.11536	1	70	0.00741798	3	3	53.3	57.179	111.079	22.179
7	0.145586	1	70	0.0068858	5	5	53.4456	57.358	111.448	22.264
7	0.102436	1	71	0.0163187	3	3	53.548	57.483	111.693	22.313
7	0.0854488	1	71	0.0129819	3	3	53.6335	57.603	111.937	22.362
7	0.0941975	1	71	0.00860686	3	3	53.7277	57.72	112.186	22.41
7	0.113772	1	71	0.00741922	3	3	53.8415	57.842	112.446	22.46
7	0.143571	1	71	0.00688666	5	5	53.985	58.025	112.838	22.545
7	0.101254	1	72	0.016269	3	3	54.0863	58.148	113.093	22.597
7	0.0842822	1	72	0.0130205	3	3	54.1706	58.271	113.368	22.658
7	0.092838	1	72	0.00861763	3	3	54.2634	58.396	113.622	22.702
7	0.112088	1	72	0.00742389	3	3	54.3755	58.524	113.894	22.761
7	0.141415	1	72	0.00688926	5	5	54.5169	58.709	114.277	22.836
7	0.100346	1	73	0.0161392	3	3	54.6173	58.829	114.532	22.883
7	0.0831273	1	73	0.013107	3	3	54.7004	58.952	114.788	22.926
7	0.0914333	1	73	0.00863736	3	3	54.7918	59.073	115.056	22.973
7	0.110323	1	73	0.00743167	3	3	54.9021	59.198	115.311	23.026
7	0.13914	1	73	0.00689341	4	4	55.0413	59.356	115.63	23.087
7	0.0996765	1	74	0.0159387	3	3	55.141	59.477	115.886	23.131
7	0.0819841	1	74	0.013237	3	3	55.2229	59.596	116.134	23.173
7	0.0899935	1	74	0.008665	3	3	55.3129	59.713	116.376	23.223
7	0.108495	1	74	0.00744212	3	3	55.4214	59.829	116.623	23.266
7	0.136771	1	74	0.00689888	4	4	55.5582	59.975	116.94	23.324
7	0.0992025	1	75	0.0156806	3	3	55.6574	60.093	117.184	23.377
7	0.0808516	1	75	0.0134046	3	3	55.7383	60.222	117.434	23.425
7	0.0885297	1	75	0.00869906	3	3	55.8268	60.368	117.751	23.5
7	0.106622	1	75	0.00745467	3	3	55.9334	60.486	118	23.546
7	0.134338	1	75	0.00690532	4	4	56.0677	60.632	118.307	23.606
7	0.0988692	1	76	0.0153811	3	3	56.1666	60.749	118.554	23.649
7	0.0797271	1	76	0.0136014	3	3	56.2463	60.868	118.802	23.693
7	0.0870529	1	76	0.00873769	3	3	56.3334	60.986	119.057	23.739
7	0.104727	1	76	0.00746861	3	3	56.4381	61.107	119.301	23.782
7	0.131871	1	76	0.00691236	4	4	56.57	61.258	119.608	23.842
7	0.0986118	1	77	0.0150591	3	3	56.6686	61.375	119.854	23.886
7	0.0786059	1	77	0.0138176	3	3	56.7472	61.492	120.1	23.931
7	0.0855725	1	77	0.00877883	3	3	56.8328	61.607	120.349	23.975
7	0.102825	1	77	0.00748319	3	3	56.9356	61.725	120.597	24.02
7	0.129399	1	77	0.0069196	4	4	57.065	61.872	120.901	24.081
7	0.0983626	1	78	0.0147329	3	3	57.1634	61.994	121.147	24.126
7	0.077482	1	78	0.0140423	3	3	57.2409	62.112	121.391	24.17
7	0.084095	1	78	0.00882045	3	3	57.3249	62.23	121.641	24.214
7	0.100933	1	78	0.0074977	3	3	57.4259	62.349	121.884	24.258
7	0.126942	1	78	0.00692666	4	4	57.5528	62.496	122.199	24.317
7	0.098062	1	79	0.0144175	3	3	57.6509	62.613	122.445	24.362
7	0.0763485	1	79	0.014266	3	3	57.7272	62.728	122.691	24.404
7	0.0826227	1	79	0.00886093	3	3	57.8099	62.844	122.937	24.447
7	0.0990555	1	79	0.00751159	3	3	57.9089	62.961	123.186	24.491
7	0.124512	1	79	0.00693326	4	4	58.0334	63.108	123.492	24.548
7	0.097668	1	80	0.0141227	3	3	58.1311	63.224	123.739	24.591
7	0.0751997	1	80	0.0144817	3	3	58.2063	63.339	123.987	24.635
7	0.0811551	1	80	0.00889925	3	3	58.2874	63.455	124.232	24.68
7	0.0971955	1	80	0.00752452	3	3	58.3846	63.571	124.483	24.723
7	0.122113	1	80	0.00693925	4	4	58.5068	63.719	124.799	24.783
7	0.0971603	1	81	0.0138522	3	3	58.6039	63.833	125.053	24.83
7	0.0740315	1	81	0.0146863	3	3	58.6779	63.949	125.298	24.875
7	0.0796893	1	81	0.00893502	3	3	58.7576	64.064	125.548	24.918
7	0.0953496	1	81	0.00753639	3	3	58.853	64.18	125.792	24.965
7	0.11974	1	81	0.00694454	4	4	58.9727	64.327	126.104	25.022
7	0.0965372	1	82	0.0136053	3	3	59.0693	64.443	126.354	25.079
7	0.0728417	1	82	0.0148795	3	3	59.1421	64.564	126.603	25.123
7	0.0782216	1	82	0.00896835	3	3	59.2203	64.686	126.849	25.166
7	0.0935128	1	82	0.0075472	3	3	59.3138	64.802	127.1	25.21
7	0.117389	1	82	0.00694913	4	4	59.4312	64.951	127.406	25.272
7	0.0958078	1	83	0.0133788	3	3	59.527	65.067	127.66	25.314
7	0.0716297	1	83	0.0150632	3	3	59.5987	65.188	127.904	25.359
7	0.0767484	1	83	0.00899958	3	3	59.6754	65.306	128.148	25.404
7	0.0916797	1	83	0.00755704	3	3	59.7671	65.424	128.397	25.448
7	0.11505	1	83	0.00695304	4	4	59.8821	65.569	128.707	25.506
7	0.0949847	1	84	0.0131687	3	3	59.9771	65.684	128.953	25.55
7	0.0228715	1	84	0.0152396	3	3	60	65.801	129.203	25.595
8	0.0406974	1	84	0.00342984	3	3	60.0407	65.917	129.447	25.639
8	0.0593633	1	84	0.00528346	3	3	60.1001	66.033	129.696	25.682
8	0.0788143	1	84	0.00629807	3	3	60.1789	66.156	129.95	25.727
8	0.102139	1	84	0.00657456	4	4	60.281	66.302	130.263	25.785
8	0.141185	1	84	0.00585165	6	6	60.4222	66.502	130.694	25.872
8	0.0746771	1	85	0.023359	3	3	60.4969	66.619	130.941	25.917
8	0.0758309	1	85	0.00977178	3	3	60.5727	66.736	131.192	25.96
8	0.0892895	1	85	0.00773904	3	3	60.662	66.855	131.441	26.008
8	0.111621	1	85	0.00699907	4	4	60.7736	67.001	131.748	26.065
8	0.0832198	1	86	0.0151191	3	3	60.8568	67.119	131.999	26.111
8	0.0665367	1	86	0.013761	3	3	60.9234	67.235	132.248	26.156
8	0.0722434	1	86	0.00881511	3	3	60.9956	67.35	132.503	26.201
8	0.0866458	1	86	0.00750668	3	3	61.0823	67.466	132.753	26.245
8	0.10889	1	86	0.00693577	4	4	61.1912	67.618	133.065	26.306
8	0.0899637	1	87	0.0131557	3	3	61.2811	67.732	133.312	26.351
8	0.0663341	1	87	0.0153433	3	3	61.3475	67.848	133.56	26.395
8	0.0707997	1	87	0.00905388	3	3	61.4182	67.968	133.807	26.438
8	0.0844835	1	87	0.00757046	3	3	61.5027	68.089	134.054	26.482
8	0.106013	1	87	0.00695372	4	4	61.6087	68.234	134.362	26.54
8	0.0899821	1	88	0.0126724	4	4	61.6987	68.378	134.671	26.599
8	0.0651033	1	88	0.0157322	3	3	61.7638	68.495	134.922	26.643
8	0.0692063	1	88	0.00911071	3	3	61.833	68.609	135.17	26.689
8	0.0824805	1	88	0.00758593	3	3	61.9155	68.724	135.425	26.733
8	0.103462	1	88	0.0069581	4	4	62.019	68.872	135.736	26.792
8	0.0894994	1	89	0.0123401	4	4	62.1085	69.017	136.042	26.853
8	0.0638259	1	89	0.0160336	3	3	62.1723	69.133	136.29	26.897
8	0.0676485	1	89	0.00915239	3	3	62.24	69.249	136.541	26.941
8	0.0805646	1	89	0.00759521	3	3	62.3205	69.372	136.789	26.985
8	0.101053	1	89	0.00695874	4	4	62.4216	69.519	137.097	27.042
8	0.0883782	1	90	0.0121513	4	4	62.51	69.663	137.413	27.102
8	0.0624464	1	90	0.016229	3	3	62.5724	69.779	137.663	27.146
8	0.0660644	1	90	0.00917853	3	3	62.6385	69.894	137.914	27.19
8	0.0786544	1	90	0.00759899	3	3	62.7171	70.009	138.166	27.233
8	0.0986769	1	90	0.00695636	4	4	62.8158	70.15	138.478	27.294
8	0.0870719	1	91	0.0119992	4	4	62.9029	70.293	138.786	27.355
8	0.0610187	1	91	0.0164046	3	3	62.9639	70.413	139.033	27.402
8	0.0644553	1	91	0.00920023	3	3	63.0283	70.529	139.285	27.447
8	0.0767322	1	91	0.00760006	3	3	63.1051	70.647	139.539	27.492
8	0.0963025	1	91	0.00695175	4	4	63.2014	70.794	139.848	27.551
8	0.0856411	1	92	0.0118673	4	4	63.287	70.943	140.159	27.611
8	0.059545	1	92	0.0165739	3	3	63.3466	71.059	140.408	27.657
8	0.0628165	1	92	0.00921879	3	3	63.4094	71.176	140.655	27.701
8	0.0747906	1	92	0.00759848	3	3	63.4842	71.291	140.909	27.745
8	0.0939211	1	92	0.00694471	4	4	63.5781	71.437	141.228	27.803
8	0.0841056	1	93	0.0117506	4	4	63.6622	71.581	141.545	27.866
8	0.0580232	1	93	0.0167428	3	3	63.7202	71.7	141.911	27.916
8	0.0611441	1	93	0.00923438	3	3	63.7814	71.943	142.253	27.965
8	0.0728271	1	93	0.00759367	3	3	63.8542	72.064	142.511	28.007
8	0.091532	1	93	0.0069347	4	4	63.9457	72.21	142.837	28.07
8	0.0824561	1	94	0.011651	4	4	64.0282	72.365	143.168	28.127
8	0.056446	1	94	0.0169119	3	3	64.0846	72.48	143.422	28.168
8	0.0594345	1	94	0.00924578	3	3	64.1441	72.601	143.713	28.21
8	0.0708403	1	94	0.0075849	3	3	64.2149	72.721	143.968	28.251
8	0.0891374	1	94	0.00692097	4	4	64.304	72.869	144.287	28.306
8	0.0806764	1	95	0.0115731	4	4	64.3847	73.015	144.6	28.36
8	0.0548041	1	95	0.0170813	3	3	64.4395	73.134	144.86	28.401
8	0.0576823	1	95	0.00925154	3	3	64.4972	73.253	145.123	28.443
8	0.0688297	1	95	0.00757066	3	3	64.566	73.368	145.372	28.485
8	0.0867426	1	95	0.0069024	4	4	64.6528	73.51	145.687	28.538
8	0.0787288	1	96	0.0115269	4	4	64.7315	73.656	146.004	28.59
8	0.0530828	1	96	0.017247	3	3	64.7846	73.772	146.254	28.632
8	0.055882	1	96	0.00924864	3	3	64.8405	73.888	146.511	28.672
8	0.0667964	1	96	0.00754903	3	3	64.9073	74.004	146.759	28.713
8	0.0843571	1	96	0.00687743	4	4	64.9916	74.149	147.085	28.77
8	0.0766062	1	97	0.0115177	4	4	65.0682	74.293	147.396	28.828
8	0.0512691	1	97	0.017413	3	3	65.1195	74.407	147.645	28.869
8	0.0540278	1	97	0.00923408	3	3	65.1735	74.526	147.897	28.908
8	0.0647473	1	97	0.00751661	3	3	65.2383	74.645	148.157	28.949
8	0.082001	1	97	0.00684388	4	4	65.3203	74.788	148.474	29.002
8	0.0742328	1	98	0.0115697	4	4	65.3945	74.933	148.787	29.058
8	0.0493354	1	98	0.0175698	3	3	65.4438	75.048	149.044	29.095
8	0.0521146	1	98	0.00920006	3	3	65.496	75.168	149.3	29.138
8	0.0626951	1	98	0.00746858	3	3	65.5586	75.292	149.588	29.182
8	0.079706	1	98	0.0067987	4	4	65.6384	75.445	149.925	29.237
8	0.0715302	1	99	0.0117145	4	4	65.7099	75.601	150.273	29.297
8	0.0472476	1	99	0.0177092	3	3	65.7571	75.718	150.534	29.339
8	0.0501431	1	99	0.00913383	3	3	65.8073	75.848	150.806	29.39
8	0.060672	1	99	0.00739693	3	3	65.8679	75.966	151.06	29.436
8	0.0775348	1	99	0.0067377	4	4	65.9455	76.115	151.385	29.499
8	0.0683494	1	100	0.0120158	4	4	66.0138	76.264	151.707	29.565
8	0.0449519	1	100	0.0178075	3	3	66.0588	76.383	151.959	29.609
8	0.0481306	1	100	0.00900936	3	3	66.1069	76.503	152.218	29.656
8	0.0587516	1	100	0.00728832	3	3	66.1657	76.623	152.472	29.705
8	0.0756082	1	100	0.0066558	4	4	66.2413	76.775	152.798	29.766
8	0.0644111	1	101	0.0126076	3	3	66.3057	76.894	153.057	29.813
8	0.0423615	1	101	0.0178076	2	2	66.348	76.986	153.278	29.947
8	0.0461537	1	101	0.00876753	2	2	66.3942	77.075	153.478	29.984
8	0.057115	1	101	0.00712126	2	2	66.4513	77.166	153.675	30.018
8	0.0741717	1	101	0.00655057	2	2	66.5255	77.26	153.875	30.05
8	0.0986954	1	101	0.00627281	2	2	66.6242	77.349	154.069	30.079
8	0.133464	1	101	0.00609235	2	2	66.7576	77.435	154.259	30.108
8	0.182826	1	101	0.00595007	2	2	66.9405	77.522	154.45	30.136
8	0.253219	1	101	0.00583013	2	2	67.1937	77.615	154.674	30.211
8	0.353873	1	101	0.00573347	2	2	67.5476	77.711	154.873	30.24
8	0.497501	1	101	0.00566953	3	3	68.0451	77.833	155.134	30.287
8	0.700784	1	101	0.0056488	3	3	68.7458	77.956	155.391	30.33
8	0.981947	1	101	0.00570502	4	4	69.7278	78.103	155.718	30.391
8	0.272206	1	2	0.00643225	2	2	70	78.2	155.92	30.422
9	0.601774	1	2	0.00178509	2	2	70.6018	78.286	156.108	30.452
9	1.00871	1	2	0.00394868	3	3	71.6105	78.403	156.36	30.499
9	1.3041	1	2	0.00660238	3	3	72.9146	78.546	156.642	30.542
9	1.45126	1	2	0.00847895	3	3	74.3658	78.699	157.063	30.681
9	1.51782	1	2	0.00934217	3	3	75.8837	78.883	157.596	30.863
9	1.55381	1	2	0.00965258	2	2	77.4375	79.014	157.847	30.921
9	1.58046	1	2	0.00974705	2	2	79.0179	79.135	158.068	30.965
9	0.982063	1	3	0.00978692	2	2	80	79.237	158.286	30.998
10	1.33366	1	3	0.00604552	2	2	81.3337	79.327	158.482	31.028
10	1.52236	1	3	0.00814073	2	2	82.856	79.421	158.689	31.062
10	1.60828	1	3	0.00919865	2	2	84.4643	79.516	158.889	31.091
10	1.6513	1	3	0.00960922	2	2	86.1156	79.608	159.094	31.12
10	1.6795	1	3	0.00974815	2	2	87.7951	79.696	159.292	31.148
10	1.70346	1	3	0.00978898	2	2	89.4985	79.792	159.491	31.178
10	0.501454	1	3	0.00979608	1	1	90	79.852	159.621	31.191
11	0.955502	1	3	0.0028721	2	2	90.9555	79.942	159.818	31.224
11	1.37412	1	3	0.00543035	2	2	92.3296	80.037	160.011	31.26
11	1.62043	1	3	0.0077199	2	2	93.9501	80.126	160.202	31.292
11	1.73836	1	4	0.0089824	2	2	95.6884	80.23	160.446	31.345
11	1.79417	1	4	0.00953346	2	2	97.4826	80.317	160.639	31.382
11	1.82739	1	4	0.0097273	2	2	99.31	80.407	160.828	31.411
11	0.690023	1	4	0.00978811	1	1	100	80.47	160.956	31.424
