Results for well: MSWell_1_Seg.out in the reservoir: MSWell_1_Seg.out

t	BHP	q(Gas)	q(Oil)
days	psi	Mscf/d	stb/d
0         	0         	-         	0         	0         	

Seg No.	BHP	Temp	Vm(m/s)	Vsg	Vso	Vsw	alpha_G	alpha_O	alpha_W
Seg 0	4700	40.33	94.1404	0	94.1404	0	0	1	0
Seg 1	4700	40.33	17.1718	0	17.1718	0	0	1	0
Seg 2	4700	40.33	17.1718	0	17.1718	0	0	1	0
Seg 3	4700	40.33	17.1718	0	17.1718	0	0	1	0
Seg 4	4700	40.33	17.1718	0	17.1718	0	0	1	0
Seg 5	4700	40.33	17.1718	0	17.1718	0	0	1	0
Seg 6	4700	40.33	17.1718	0	17.1718	0	0	1	0
Seg 7	4700	40.33	17.1718	0	17.1718	0	0	1	0
Seg 8	4700	40.33	17.1718	0	17.1718	0	0	1	0
Seg 9	4700	40.33	17.1718	0	17.1718	0	0	1	0
Seg 10	4700	40.33	17.1718	0	17.1718	0	0	1	0
Seg 11	4700	40.33	17.1718	0	17.1718	0	0	1	0
Seg 12	4700	40.33	17.1718	0	17.1718	0	0	1	0
Seg 13	4700	40.33	17.1718	0	17.1718	0	0	1	0
Seg 14	4700	40.33	17.1718	0	17.1718	0	0	1	0
Seg 15	4700	40.33	17.1718	0	17.1718	0	0	1	0
Seg 16	4712.64	40.33	76.9686	0	76.9686	0	0	1	0
Seg 17	4725.27	40.33	76.9686	0	76.9686	0	0	1	0
Seg 18	4737.91	40.33	38.434	0	38.434	0	0	1	0
Seg 19	4750.54	40.33	38.434	0	38.434	0	0	1	0
Seg 20	4725.27	40.33	38.5346	0	38.5346	0	0	1	0
Seg 21	4725.27	40.33	38.5346	0	38.5346	0	0	1	0
Seg 22	4725.27	40.33	38.5346	0	38.5346	0	0	1	0
Seg 23	4725.27	40.33	38.5346	0	38.5346	0	0	1	0
Seg 24	4725.27	40.33	38.5346	0	38.5346	0	0	1	0
Seg 25	4725.27	40.33	38.5346	0	38.5346	0	0	1	0
Seg 26	4725.27	40.33	38.5346	0	38.5346	0	0	1	0
Seg 27	4725.27	40.33	38.5346	0	38.5346	0	0	1	0
Seg 28	4725.27	40.33	38.5346	0	38.5346	0	0	1	0
Seg 29	4725.27	40.33	38.5346	0	38.5346	0	0	1	0
Seg 30	4725.27	40.33	38.5346	0	38.5346	0	0	1	0
Seg 31	4725.27	40.33	38.5346	0	38.5346	0	0	1	0
Seg 32	4725.27	40.33	38.5346	0	38.5346	0	0	1	0
Seg 33	4725.27	40.33	38.5346	0	38.5346	0	0	1	0
Seg 34	4725.27	40.33	38.5346	0	38.5346	0	0	1	0


0.01      	4700      	-         	3643.59   	3168.34   	

Seg No.	BHP	Temp	Vm(m/s)	Vsg	Vso	Vsw	alpha_G	alpha_O	alpha_W
Seg 0	4700	40.33	2.26877	0.106671	2.1621	0	0.0470171	0.952983	0
Seg 1	4700	40.33	2.26517	0.0913133	2.17386	0	0.040307	0.959693	0
Seg 2	4745.12	40.33	2.25202	0.0778453	2.17417	0	0.0345627	0.965437	0
Seg 3	4789.93	40.33	2.23952	0.069574	2.16995	0	0.0310626	0.968937	0
Seg 4	4834.47	40.33	2.22767	0.061111	2.16656	0	0.0274293	0.972571	0
Seg 5	4878.77	40.33	2.21643	0.0524202	2.16401	0	0.0236478	0.976352	0
Seg 6	4922.84	40.33	2.20579	0.0434645	2.16232	0	0.0197023	0.980298	0
Seg 7	4966.71	40.33	2.19572	0.0342056	2.16152	0	0.0155763	0.984424	0
Seg 8	5010.42	40.33	2.18622	0.024604	2.16162	0	0.0112527	0.988747	0
Seg 9	5053.97	40.33	2.17729	0.0146351	2.16265	0	0.00672084	0.993279	0
Seg 10	5097.39	40.33	2.16886	0.00421598	2.16464	0	0.00194362	0.998056	0
Seg 11	5140.83	40.33	2.16644	1.6665e-009	2.16644	0	7.6914e-010	1	0
Seg 12	5184.36	40.33	2.1679	1.38004e-009	2.1679	0	6.36498e-010	1	0
Seg 13	5227.98	40.33	2.16947	1.07784e-009	2.16947	0	4.96758e-010	1	0
Seg 14	5271.7	40.33	2.17113	7.58845e-010	2.17113	0	3.49471e-010	1	0
Seg 15	5316.33	40.33	2.17287	3.74195e-010	2.17287	0	1.72191e-010	1	0
Seg 16	4876.54	40.33	8.88103	0.255247	8.62578	0	0.0276217	0.972378	0
Seg 17	5049.85	40.33	8.69693	0.066654	8.63027	0	0.00735769	0.992642	0
Seg 18	5180.55	40.33	7.42094	0	7.42094	0	0	1	0
Seg 19	5320.26	40.33	7.4029	0	7.4029	0	0	1	0
Seg 20	5049.86	40.33	1.21099	0.00864401	1.20235	0	0.00713633	0.992864	0
Seg 21	5074.83	40.33	1.20745	0.00499927	1.20245	0	0.00413942	0.995861	0
Seg 22	5099.82	40.33	1.20651	0.00193793	1.20457	0	0.00160587	0.998394	0
Seg 23	5124.89	40.33	1.20697	0	1.20697	0	0	1	0
Seg 24	5150.06	40.33	1.20934	0	1.20934	0	0	1	0
Seg 25	5175.35	40.33	1.21177	0	1.21177	0	0	1	0
Seg 26	5200.75	40.33	1.21427	0	1.21427	0	0	1	0
Seg 27	5226.27	40.33	1.21681	0	1.21681	0	0	1	0
Seg 28	5251.91	40.33	1.21942	0	1.21942	0	0	1	0
Seg 29	5277.67	40.33	1.22209	0	1.22209	0	0	1	0
Seg 30	5303.56	40.33	1.22482	0	1.22482	0	0	1	0
Seg 31	5329.58	40.33	1.2276	0	1.2276	0	0	1	0
Seg 32	5355.74	40.33	1.23045	3.83973e-009	1.23045	0	3.1199e-009	1	0
Seg 33	5382.03	40.33	1.23335	1.23288e-008	1.23335	0	9.99396e-009	1	0
Seg 34	5408.72	40.33	1.23631	8.78365e-009	1.23631	0	7.10315e-009	1	0


0.11      	4700      	-         	3616.77   	3145.02   	

Seg No.	BHP	Temp	Vm(m/s)	Vsg	Vso	Vsw	alpha_G	alpha_O	alpha_W
Seg 0	4700	40.33	2.2717	0.115765	2.15594	0	0.0509597	0.94904	0
Seg 1	4700	40.33	2.27613	0.115646	2.16048	0	0.0508024	0.949198	0
Seg 2	4745.28	40.33	2.26277	0.101975	2.16079	0	0.045061	0.954939	0
Seg 3	4790.29	40.33	2.24975	0.088787	2.16096	0	0.0394606	0.960539	0
Seg 4	4835.04	40.33	2.23704	0.0758917	2.16115	0	0.0339208	0.966079	0
Seg 5	4879.55	40.33	2.22465	0.063279	2.16137	0	0.028441	0.971559	0
Seg 6	4923.81	40.33	2.21255	0.05094	2.16161	0	0.0230204	0.97698	0
Seg 7	4967.84	40.33	2.20073	0.0388663	2.16187	0	0.0176584	0.982342	0
Seg 8	5011.64	40.33	2.18919	0.0270506	2.16214	0	0.0123549	0.987645	0
Seg 9	5055.21	40.33	2.17793	0.0155045	2.16243	0	0.00711798	0.992882	0
Seg 10	5098.56	40.33	2.1669	0.00417714	2.16273	0	0.00192746	0.998073	0
Seg 11	5141.81	40.33	2.1618	2.55851e-008	2.1618	0	1.18336e-008	1	0
Seg 12	5185.03	40.33	2.16014	1.82171e-008	2.16014	0	8.43223e-009	1	0
Seg 13	5228.21	40.33	2.15848	1.26892e-008	2.15848	0	5.87801e-009	1	0
Seg 14	5271.36	40.33	2.15682	9.74288e-009	2.15682	0	4.51666e-009	1	0
Seg 15	5315.26	40.33	2.15514	1.01881e-008	2.15514	0	4.72674e-009	1	0
Seg 16	4876.3	40.33	8.87511	0.256706	8.6184	0	0.0277976	0.972202	0
Seg 17	5049.38	40.33	8.69118	0.0679788	8.6232	0	0.00750872	0.992491	0
Seg 18	5179.26	40.33	7.39515	0	7.39515	0	0	1	0
Seg 19	5318.07	40.33	7.37692	0	7.37692	0	0	1	0
Seg 20	5049.39	40.33	1.23072	0.00961571	1.22111	0	0.0078113	0.992189	0
Seg 21	5075.16	40.33	1.227	0.00579116	1.22121	0	0.00471871	0.995281	0
Seg 22	5100.86	40.33	1.22332	0.00201974	1.2213	0	0.00165066	0.998349	0
Seg 23	5126.51	40.33	1.2211	6.63955e-009	1.2211	0	5.43612e-009	1	0
Seg 24	5152.16	40.33	1.22054	6.53042e-009	1.22054	0	5.34921e-009	1	0
Seg 25	5177.79	40.33	1.21999	4.21377e-009	1.21999	0	3.45317e-009	1	0
Seg 26	5203.4	40.33	1.21943	3.33762e-010	1.21943	0	2.73641e-010	1	0
Seg 27	5229.01	40.33	1.21888	0	1.21888	0	0	1	0
Seg 28	5254.61	40.33	1.21832	0	1.21832	0	0	1	0
Seg 29	5280.19	40.33	1.21777	0	1.21777	0	0	1	0
Seg 30	5305.76	40.33	1.21722	0	1.21722	0	0	1	0
Seg 31	5331.33	40.33	1.21667	0	1.21667	0	0	1	0
Seg 32	5356.88	40.33	1.21611	0	1.21611	0	0	1	0
Seg 33	5382.42	40.33	1.21556	0	1.21556	0	0	1	0
Seg 34	5408.19	40.33	1.215	2.59564e-009	1.215	0	2.13584e-009	1	0


0.402091  	4700      	-         	3610.46   	3139.53   	

Seg No.	BHP	Temp	Vm(m/s)	Vsg	Vso	Vsw	alpha_G	alpha_O	alpha_W
Seg 0	4700	40.33	2.26774	0.11576	2.15198	0	0.0510465	0.948954	0
Seg 1	4700	40.33	2.27246	0.115997	2.15646	0	0.0510388	0.948961	0
Seg 2	4745.13	40.33	2.25916	0.102391	2.15677	0	0.0453171	0.954683	0
Seg 3	4789.99	40.33	2.2462	0.0891186	2.15708	0	0.0396705	0.96033	0
Seg 4	4834.6	40.33	2.23356	0.076165	2.15739	0	0.0340962	0.965904	0
Seg 5	4878.96	40.33	2.22122	0.063518	2.1577	0	0.0285925	0.971407	0
Seg 6	4923.09	40.33	2.20917	0.0511657	2.158	0	0.0231577	0.976842	0
Seg 7	4966.98	40.33	2.1974	0.039097	2.15831	0	0.0177901	0.98221	0
Seg 8	5010.64	40.33	2.18591	0.0273013	2.15861	0	0.0124881	0.987512	0
Seg 9	5054.07	40.33	2.1747	0.0157867	2.15891	0	0.00725834	0.992742	0
Seg 10	5097.29	40.33	2.16371	0.00450007	2.15921	0	0.00207953	0.99792	0
Seg 11	5140.4	40.33	2.15834	0	2.15834	0	0	1	0
Seg 12	5183.48	40.33	2.15669	0	2.15669	0	0	1	0
Seg 13	5226.52	40.33	2.15504	0	2.15504	0	0	1	0
Seg 14	5269.54	40.33	2.15339	0	2.15339	0	0	1	0
Seg 15	5313.3	40.33	2.15172	0	2.15172	0	0	1	0
Seg 16	4875.72	40.33	8.85963	0.25691	8.60272	0	0.0278664	0.972134	0
Seg 17	5048.23	40.33	8.67658	0.0690698	8.60751	0	0.00764156	0.992358	0
Seg 18	5177.66	40.33	7.38084	0	7.38084	0	0	1	0
Seg 19	5315.97	40.33	7.36271	0	7.36271	0	0	1	0
Seg 20	5048.24	40.33	1.22976	0.00978852	1.21998	0	0.0079579	0.992042	0
Seg 21	5073.97	40.33	1.22605	0.00597219	1.22008	0	0.00486999	0.99513	0
Seg 22	5099.63	40.33	1.22238	0.00220013	1.22018	0	0.00179947	0.998201	0
Seg 23	5125.24	40.33	1.22001	0	1.22001	0	0	1	0
Seg 24	5150.83	40.33	1.21945	0	1.21945	0	0	1	0
Seg 25	5176.41	40.33	1.2189	0	1.2189	0	0	1	0
Seg 26	5201.99	40.33	1.21834	0	1.21834	0	0	1	0
Seg 27	5227.55	40.33	1.21779	0	1.21779	0	0	1	0
Seg 28	5253.1	40.33	1.21723	0	1.21723	0	0	1	0
Seg 29	5278.63	40.33	1.21668	0	1.21668	0	0	1	0
Seg 30	5304.16	40.33	1.21613	0	1.21613	0	0	1	0
Seg 31	5329.68	40.33	1.21558	0	1.21558	0	0	1	0
Seg 32	5355.18	40.33	1.21503	0	1.21503	0	0	1	0
Seg 33	5380.67	40.33	1.21448	0	1.21448	0	0	1	0
Seg 34	5406.4	40.33	1.21392	0	1.21392	0	0	1	0


1.25793   	4700      	-         	3600.27   	3130.67   	

Seg No.	BHP	Temp	Vm(m/s)	Vsg	Vso	Vsw	alpha_G	alpha_O	alpha_W
Seg 0	4700	40.33	2.26134	0.115435	2.14591	0	0.051047	0.948953	0
Seg 1	4700	40.33	2.26614	0.115678	2.15046	0	0.0510403	0.94896	0
Seg 2	4744.88	40.33	2.25295	0.102184	2.15077	0	0.0453501	0.95465	0
Seg 3	4789.49	40.33	2.2401	0.0890178	2.15108	0	0.0397336	0.960266	0
Seg 4	4833.86	40.33	2.22755	0.0761666	2.15138	0	0.0341888	0.965811	0
Seg 5	4877.98	40.33	2.21531	0.0636181	2.15169	0	0.028714	0.971286	0
Seg 6	4921.87	40.33	2.20335	0.0513608	2.15199	0	0.0233074	0.976693	0
Seg 7	4965.52	40.33	2.19168	0.0393835	2.1523	0	0.0179673	0.982033	0
Seg 8	5008.95	40.33	2.18027	0.027676	2.1526	0	0.0126922	0.987308	0
Seg 9	5052.15	40.33	2.16914	0.0162459	2.1529	0	0.00748859	0.992511	0
Seg 10	5095.14	40.33	2.15824	0.00504241	2.15319	0	0.00233606	0.997664	0
Seg 11	5138.02	40.33	2.15243	0	2.15243	0	0	1	0
Seg 12	5180.86	40.33	2.1508	0	2.1508	0	0	1	0
Seg 13	5223.67	40.33	2.14916	0	2.14916	0	0	1	0
Seg 14	5266.44	40.33	2.14753	0	2.14753	0	0	1	0
Seg 15	5309.96	40.33	2.14586	0	2.14586	0	0	1	0
Seg 16	4874.81	40.33	8.83543	0.257203	8.57822	0	0.0279717	0.972028	0
Seg 17	5046.45	40.33	8.65371	0.0707464	8.58297	0	0.00784693	0.992153	0
Seg 18	5175.2	40.33	7.35967	0	7.35967	0	0	1	0
Seg 19	5312.79	40.33	7.34169	0	7.34169	0	0	1	0
Seg 20	5046.45	40.33	1.22702	0.0100302	1.21699	0	0.00817266	0.991827	0
Seg 21	5072.07	40.33	1.22333	0.00623854	1.21709	0	0.0050985	0.994901	0
Seg 22	5097.6	40.33	1.21968	0.00249058	1.21719	0	0.00204154	0.997958	0
Seg 23	5123.08	40.33	1.21707	0	1.21707	0	0	1	0
Seg 24	5148.56	40.33	1.21652	0	1.21652	0	0	1	0
Seg 25	5174.02	40.33	1.21597	0	1.21597	0	0	1	0
Seg 26	5199.46	40.33	1.21542	0	1.21542	0	0	1	0
Seg 27	5224.9	40.33	1.21487	0	1.21487	0	0	1	0
Seg 28	5250.33	40.33	1.21432	0	1.21432	0	0	1	0
Seg 29	5275.74	40.33	1.21377	0	1.21377	0	0	1	0
Seg 30	5301.15	40.33	1.21322	0	1.21322	0	0	1	0
Seg 31	5326.54	40.33	1.21268	0	1.21268	0	0	1	0
Seg 32	5351.92	40.33	1.21213	0	1.21213	0	0	1	0
Seg 33	5377.29	40.33	1.21158	0	1.21158	0	0	1	0
Seg 34	5402.9	40.33	1.21103	0	1.21103	0	0	1	0


3.73106   	4700      	-         	3579.45   	3112.56   	

Seg No.	BHP	Temp	Vm(m/s)	Vsg	Vso	Vsw	alpha_G	alpha_O	alpha_W
Seg 0	4700	40.33	2.24827	0.114767	2.1335	0	0.0510467	0.948953	0
Seg 1	4700	40.33	2.25361	0.115037	2.13857	0	0.0510396	0.94896	0
Seg 2	4744.39	40.33	2.24064	0.101763	2.13888	0	0.0454114	0.954589	0
Seg 3	4788.52	40.33	2.22799	0.0888082	2.13918	0	0.0398554	0.960145	0
Seg 4	4832.4	40.33	2.21564	0.0761602	2.13948	0	0.0343696	0.96563	0
Seg 5	4876.05	40.33	2.20359	0.0638071	2.13978	0	0.0289524	0.971048	0
Seg 6	4919.47	40.33	2.19182	0.0517377	2.14008	0	0.023602	0.976398	0
Seg 7	4962.65	40.33	2.18032	0.0399415	2.14038	0	0.0183168	0.981683	0
Seg 8	5005.62	40.33	2.16908	0.0284084	2.14067	0	0.0130953	0.986905	0
Seg 9	5048.37	40.33	2.15811	0.0171456	2.14097	0	0.00794371	0.992056	0
Seg 10	5090.9	40.33	2.14737	0.00610701	2.14126	0	0.00284358	0.997156	0
Seg 11	5133.31	40.33	2.14072	0	2.14072	0	0	1	0
Seg 12	5175.68	40.33	2.1391	0	2.1391	0	0	1	0
Seg 13	5218.02	40.33	2.13749	0	2.13749	0	0	1	0
Seg 14	5260.33	40.33	2.13589	0	2.13589	0	0	1	0
Seg 15	5303.38	40.33	2.13425	0	2.13425	0	0	1	0
Seg 16	4872.92	40.33	8.78511	0.257788	8.52732	0	0.0281896	0.97181	0
Seg 17	5042.75	40.33	8.60617	0.0741909	8.53198	0	0.00827265	0.991727	0
Seg 18	5170.09	40.33	7.31528	0	7.31528	0	0	1	0
Seg 19	5306.17	40.33	7.2976	0	7.2976	0	0	1	0
Seg 20	5042.75	40.33	1.22172	0.0105306	1.21119	0	0.00861757	0.991382	0
Seg 21	5068.13	40.33	1.21807	0.00678618	1.21129	0	0.00556997	0.99443	0
Seg 22	5093.44	40.33	1.21447	0.00308484	1.21139	0	0.00253949	0.997461	0
Seg 23	5118.68	40.33	1.21138	0	1.21138	0	0	1	0
Seg 24	5143.92	40.33	1.21084	0	1.21084	0	0	1	0
Seg 25	5169.14	40.33	1.2103	0	1.2103	0	0	1	0
Seg 26	5194.35	40.33	1.20975	0	1.20975	0	0	1	0
Seg 27	5219.55	40.33	1.20921	0	1.20921	0	0	1	0
Seg 28	5244.74	40.33	1.20867	0	1.20867	0	0	1	0
Seg 29	5269.91	40.33	1.20813	0	1.20813	0	0	1	0
Seg 30	5295.08	40.33	1.20759	0	1.20759	0	0	1	0
Seg 31	5320.23	40.33	1.20705	0	1.20705	0	0	1	0
Seg 32	5345.38	40.33	1.20651	0	1.20651	0	0	1	0
Seg 33	5370.51	40.33	1.20597	0	1.20597	0	0	1	0
Seg 34	5395.88	40.33	1.20543	0	1.20543	0	0	1	0


10.5983   	4700      	-         	3532.12   	3071.41   	

Seg No.	BHP	Temp	Vm(m/s)	Vsg	Vso	Vsw	alpha_G	alpha_O	alpha_W
Seg 0	4700	40.33	2.21854	0.113249	2.10529	0	0.0510468	0.948953	0
Seg 1	4700	40.33	2.22517	0.113586	2.11159	0	0.0510397	0.94896	0
Seg 2	4743.28	40.33	2.21268	0.100803	2.11188	0	0.0455512	0.954449	0
Seg 3	4786.32	40.33	2.20049	0.0883197	2.11217	0	0.0401314	0.959869	0
Seg 4	4829.12	40.33	2.18859	0.0761251	2.11246	0	0.0347784	0.965222	0
Seg 5	4871.7	40.33	2.17696	0.0642083	2.11275	0	0.0294908	0.970509	0
Seg 6	4914.05	40.33	2.1656	0.0525588	2.11304	0	0.0242668	0.975733	0
Seg 7	4956.19	40.33	2.15449	0.0411669	2.11333	0	0.019105	0.980895	0
Seg 8	4998.12	40.33	2.14363	0.0300234	2.11361	0	0.014004	0.985996	0
Seg 9	5039.84	40.33	2.13303	0.0191333	2.11389	0	0.00896888	0.991031	0
Seg 10	5081.36	40.33	2.12264	0.00846262	2.11418	0	0.00398632	0.996014	0
Seg 11	5122.71	40.33	2.1141	0	2.1141	0	0	1	0
Seg 12	5164.03	40.33	2.11255	0	2.11255	0	0	1	0
Seg 13	5205.32	40.33	2.111	0	2.111	0	0	1	0
Seg 14	5246.58	40.33	2.10945	0	2.10945	0	0	1	0
Seg 15	5288.56	40.33	2.10788	0	2.10788	0	0	1	0
Seg 16	4868.67	40.33	8.67055	0.258986	8.41156	0	0.0286801	0.97132	0
Seg 17	5034.4	40.33	8.49783	0.0817865	8.41605	0	0.00923125	0.990769	0
Seg 18	5158.57	40.33	7.21426	0	7.21426	0	0	1	0
Seg 19	5291.24	40.33	7.19726	0	7.19726	0	0	1	0
Seg 20	5034.41	40.33	1.20967	0.0116409	1.19802	0	0.00962104	0.990379	0
Seg 21	5059.27	40.33	1.20612	0.00800239	1.19812	0	0.00663329	0.993367	0
Seg 22	5084.06	40.33	1.20262	0.00440498	1.19822	0	0.00366198	0.996338	0
Seg 23	5108.78	40.33	1.19916	0.000847692	1.19831	0	0.000706744	0.999293	0
Seg 24	5133.47	40.33	1.19793	0	1.19793	0	0	1	0
Seg 25	5158.15	40.33	1.19741	0	1.19741	0	0	1	0
Seg 26	5182.83	40.33	1.19688	0	1.19688	0	0	1	0
Seg 27	5207.49	40.33	1.19636	0	1.19636	0	0	1	0
Seg 28	5232.14	40.33	1.19583	0	1.19583	0	0	1	0
Seg 29	5256.78	40.33	1.19531	0	1.19531	0	0	1	0
Seg 30	5281.41	40.33	1.19479	0	1.19479	0	0	1	0
Seg 31	5306.03	40.33	1.19426	0	1.19426	0	0	1	0
Seg 32	5330.64	40.33	1.19374	0	1.19374	0	0	1	0
Seg 33	5355.24	40.33	1.19322	1.06865e-010	1.19322	0	8.954e-011	1	0
Seg 34	5380.07	40.33	1.19269	0	1.19269	0	0	1	0


20.5983   	4700      	-         	3466.58   	3014.42   	

Seg No.	BHP	Temp	Vm(m/s)	Vsg	Vso	Vsw	alpha_G	alpha_O	alpha_W
Seg 0	4700	40.33	2.17737	0.111148	2.06623	0	0.0510467	0.948953	0
Seg 1	4700	40.33	2.18504	0.111537	2.07351	0	0.0510395	0.94896	0
Seg 2	4741.74	40.33	2.17321	0.0994267	2.07378	0	0.0457453	0.954255	0
Seg 3	4783.26	40.33	2.16165	0.0875904	2.07406	0	0.040515	0.959485	0
Seg 4	4824.56	40.33	2.15035	0.0760183	2.07434	0	0.035347	0.964653	0
Seg 5	4865.65	40.33	2.13931	0.0647008	2.07461	0	0.0302399	0.96976	0
Seg 6	4906.53	40.33	2.12851	0.0536289	2.07488	0	0.0251923	0.974808	0
Seg 7	4947.21	40.33	2.11795	0.0427938	2.07515	0	0.0202027	0.979797	0
Seg 8	4987.69	40.33	2.10761	0.0321873	2.07542	0	0.01527	0.98473	0
Seg 9	5027.97	40.33	2.0975	0.02181	2.07569	0	0.0103967	0.989603	0
Seg 10	5068.07	40.33	2.08761	0.0116469	2.07596	0	0.00557834	0.994422	0
Seg 11	5107.98	40.33	2.07789	0.00166683	2.07623	0	0.000802066	0.999198	0
Seg 12	5147.84	40.33	2.07505	0	2.07505	0	0	1	0
Seg 13	5187.67	40.33	2.07358	0	2.07358	0	0	1	0
Seg 14	5227.47	40.33	2.07211	0	2.07211	0	0	1	0
Seg 15	5267.96	40.33	2.07062	0	2.07062	0	0	1	0
Seg 16	4862.93	40.33	8.51318	0.260337	8.25284	0	0.0293413	0.970659	0
Seg 17	5023.13	40.33	8.34878	0.0916872	8.2571	0	0.010526	0.989474	0
Seg 18	5143.05	40.33	7.07669	0	7.07669	0	0	1	0
Seg 19	5271.16	40.33	7.06059	0	7.06059	0	0	1	0
Seg 20	5023.13	40.33	1.19201	0.0130894	1.17892	0	0.0109784	0.989022	0
Seg 21	5047.25	40.33	1.18862	0.0096029	1.17901	0	0.00807718	0.991923	0
Seg 22	5071.29	40.33	1.18526	0.00615468	1.1791	0	0.00519148	0.994809	0
Seg 23	5095.27	40.33	1.18194	0.00274386	1.1792	0	0.00232094	0.997679	0
Seg 24	5119.19	40.33	1.17917	0	1.17917	0	0	1	0
Seg 25	5143.1	40.33	1.17867	0	1.17867	0	0	1	0
Seg 26	5167	40.33	1.17817	0	1.17817	0	0	1	0
Seg 27	5190.9	40.33	1.17767	0	1.17767	0	0	1	0
Seg 28	5214.78	40.33	1.17717	0	1.17717	0	0	1	0
Seg 29	5238.65	40.33	1.17667	0	1.17667	0	0	1	0
Seg 30	5262.51	40.33	1.17617	0	1.17617	0	0	1	0
Seg 31	5286.37	40.33	1.17567	0	1.17567	0	0	1	0
Seg 32	5310.21	40.33	1.17518	0	1.17518	0	0	1	0
Seg 33	5334.04	40.33	1.17468	0	1.17468	0	0	1	0
Seg 34	5358.1	40.33	1.17418	2.2933e-010	1.17418	0	1.95266e-010	1	0


30.5983   	4700      	-         	3401.64   	2957.94   	

Seg No.	BHP	Temp	Vm(m/s)	Vsg	Vso	Vsw	alpha_G	alpha_O	alpha_W
Seg 0	4700	40.33	2.13658	0.109065	2.02752	0	0.0510467	0.948953	0
Seg 1	4700	40.33	2.14487	0.109487	2.03538	0	0.0510394	0.948961	0
Seg 2	4740.23	40.33	2.13367	0.0980253	2.03565	0	0.0459362	0.954064	0
Seg 3	4780.25	40.33	2.12272	0.0868145	2.03591	0	0.0408925	0.959108	0
Seg 4	4820.07	40.33	2.11201	0.0758452	2.03617	0	0.0359067	0.964093	0
Seg 5	4859.69	40.33	2.10154	0.0651091	2.03643	0	0.0309776	0.969022	0
Seg 6	4899.12	40.33	2.09128	0.054598	2.03669	0	0.026104	0.973896	0
Seg 7	4938.36	40.33	2.08125	0.0443042	2.03694	0	0.0212845	0.978715	0
Seg 8	4977.42	40.33	2.07142	0.0342204	2.0372	0	0.0165181	0.983482	0
Seg 9	5016.29	40.33	2.06179	0.0243408	2.03745	0	0.0118041	0.988196	0
Seg 10	5054.99	40.33	2.05238	0.0146724	2.03771	0	0.007148	0.992852	0
Seg 11	5093.51	40.33	2.04313	0.0051724	2.03796	0	0.00253126	0.997469	0
Seg 12	5131.93	40.33	2.03747	3.36755e-012	2.03747	0	1.65258e-012	1	0
Seg 13	5170.32	40.33	2.03608	3.38187e-011	2.03608	0	1.66075e-011	1	0
Seg 14	5208.68	40.33	2.03469	8.00183e-011	2.03469	0	3.93216e-011	1	0
Seg 15	5247.72	40.33	2.03328	0	2.03328	0	0	1	0
Seg 16	4857.38	40.33	8.3578	0.261343	8.09646	0	0.0299799	0.97002	0
Seg 17	5012.21	40.33	8.20136	0.100874	8.10049	0	0.0117803	0.98822	0
Seg 18	5128.04	40.33	6.94161	0	6.94161	0	0	1	0
Seg 19	5251.76	40.33	6.92636	0	6.92636	0	0	1	0
Seg 20	5012.21	40.33	1.17396	0.0144378	1.15952	0	0.0122955	0.987705	0
Seg 21	5035.57	40.33	1.17071	0.0111016	1.15961	0	0.00948058	0.990519	0
Seg 22	5058.87	40.33	1.1675	0.00780207	1.15969	0	0.00668116	0.993319	0
Seg 23	5082.1	40.33	1.16432	0.00453729	1.15978	0	0.00389603	0.996104	0
Seg 24	5105.28	40.33	1.16117	0.00130667	1.15987	0	0.00112503	0.998875	0
Seg 25	5128.42	40.33	1.15962	0	1.15962	0	0	1	0
Seg 26	5151.55	40.33	1.15914	0	1.15914	0	0	1	0
Seg 27	5174.67	40.33	1.15866	0	1.15866	0	0	1	0
Seg 28	5197.78	40.33	1.15819	0	1.15819	0	0	1	0
Seg 29	5220.88	40.33	1.15771	0	1.15771	0	0	1	0
Seg 30	5243.98	40.33	1.15724	0	1.15724	0	0	1	0
Seg 31	5267.06	40.33	1.15676	0	1.15676	0	0	1	0
Seg 32	5290.14	40.33	1.15629	0	1.15629	0	0	1	0
Seg 33	5313.21	40.33	1.15581	0	1.15581	0	0	1	0
Seg 34	5336.49	40.33	1.15533	1.99477e-010	1.15533	0	1.72617e-010	1	0


40.5983   	4700      	-         	3336.91   	2901.66   	

Seg No.	BHP	Temp	Vm(m/s)	Vsg	Vso	Vsw	alpha_G	alpha_O	alpha_W
Seg 0	4700	40.33	2.09593	0.10699	1.98894	0	0.0510467	0.948953	0
Seg 1	4700	40.33	2.10468	0.107435	1.99725	0	0.0510393	0.948961	0
Seg 2	4738.75	40.33	2.0941	0.0966003	1.9975	0	0.0461238	0.953876	0
Seg 3	4777.3	40.33	2.08374	0.0859935	1.99775	0	0.0412635	0.958737	0
Seg 4	4815.66	40.33	2.0736	0.0756071	1.99799	0	0.036457	0.963543	0
Seg 5	4853.84	40.33	2.06367	0.0654338	1.99824	0	0.0317033	0.968297	0
Seg 6	4891.85	40.33	2.05395	0.0554663	1.99848	0	0.0270011	0.972999	0
Seg 7	4929.67	40.33	2.04442	0.0456978	1.99872	0	0.0223494	0.977651	0
Seg 8	4967.33	40.33	2.03509	0.0361219	1.99897	0	0.0177472	0.982253	0
Seg 9	5004.81	40.33	2.02594	0.0267324	1.99921	0	0.0131933	0.986807	0
Seg 10	5042.13	40.33	2.01698	0.0175373	1.99945	0	0.00869362	0.991306	0
Seg 11	5079.28	40.33	2.00819	0.00850479	1.99968	0	0.00423447	0.995766	0
Seg 12	5116.29	40.33	1.99986	5.9876e-012	1.99986	0	2.9936e-012	1	0
Seg 13	5153.26	40.33	1.99854	3.14066e-011	1.99854	0	1.57126e-011	1	0
Seg 14	5190.22	40.33	1.99723	7.10586e-011	1.99723	0	3.55737e-011	1	0
Seg 15	5227.82	40.33	1.99589	0	1.99589	0	0	1	0
Seg 16	4851.95	40.33	8.20295	0.262026	7.94092	0	0.0306021	0.969398	0
Seg 17	5001.53	40.33	8.05422	0.109476	7.94474	0	0.0130086	0.986991	0
Seg 18	5113.39	40.33	6.80826	0.00106144	6.8072	0	0.000148012	0.999852	0
Seg 19	5232.84	40.33	6.79295	0	6.79295	0	0	1	0
Seg 20	5001.54	40.33	1.1557	0.0157071	1.13999	0	0.0135878	0.986412	0
Seg 21	5024.15	40.33	1.15259	0.0125148	1.14007	0	0.0108555	0.989145	0
Seg 22	5046.71	40.33	1.14952	0.00936161	1.14016	0	0.008142	0.991858	0
Seg 23	5069.2	40.33	1.14648	0.00624061	1.14024	0	0.00544198	0.994558	0
Seg 24	5091.64	40.33	1.14347	0.00315131	1.14032	0	0.00275525	0.997245	0
Seg 25	5114.01	40.33	1.14049	9.31663e-005	1.1404	0	8.16696e-005	0.999918	0
Seg 26	5136.38	40.33	1.13996	0	1.13996	0	0	1	0
Seg 27	5158.74	40.33	1.13951	0	1.13951	0	0	1	0
Seg 28	5181.09	40.33	1.13906	0	1.13906	0	0	1	0
Seg 29	5203.43	40.33	1.13861	0	1.13861	0	0	1	0
Seg 30	5225.77	40.33	1.13815	0	1.13815	0	0	1	0
Seg 31	5248.09	40.33	1.1377	0	1.1377	0	0	1	0
Seg 32	5270.41	40.33	1.13725	0	1.13725	0	0	1	0
Seg 33	5292.71	40.33	1.1368	0	1.1368	0	0	1	0
Seg 34	5315.23	40.33	1.13634	1.85795e-010	1.13634	0	1.63463e-010	1	0


50        	4700      	-         	3275.96   	2848.66   	

Seg No.	BHP	Temp	Vm(m/s)	Vsg	Vso	Vsw	alpha_G	alpha_O	alpha_W
Seg 0	4700	40.33	2.05764	0.105036	1.95261	0	0.0510466	0.948953	0
Seg 1	4700	40.33	2.06684	0.105503	1.96134	0	0.0510391	0.948961	0
Seg 2	4737.37	40.33	2.05681	0.0952371	1.96157	0	0.0462972	0.953703	0
Seg 3	4774.57	40.33	2.04699	0.0851796	1.96181	0	0.0416067	0.958393	0
Seg 4	4811.59	40.33	2.03736	0.075324	1.96204	0	0.0369663	0.963034	0
Seg 5	4848.43	40.33	2.02794	0.0656637	1.96227	0	0.0323752	0.967625	0
Seg 6	4885.11	40.33	2.0187	0.0561923	1.9625	0	0.0278322	0.972168	0
Seg 7	4921.63	40.33	2.00964	0.0469039	1.96273	0	0.0233363	0.976664	0
Seg 8	4957.98	40.33	2.00076	0.0377926	1.96296	0	0.0188866	0.981113	0
Seg 9	4994.18	40.33	1.99205	0.028853	1.96319	0	0.0144821	0.985518	0
Seg 10	5030.22	40.33	1.98351	0.0200888	1.96342	0	0.0101265	0.989873	0
Seg 11	5066.11	40.33	1.97513	0.0114848	1.96365	0	0.0058139	0.994186	0
Seg 12	5101.85	40.33	1.96689	0.00301971	1.96387	0	0.00153506	0.998465	0
Seg 13	5137.52	40.33	1.96316	0	1.96316	0	0	1	0
Seg 14	5173.17	40.33	1.96191	0	1.96191	0	0	1	0
Seg 15	5209.44	40.33	1.96065	0	1.96065	0	0	1	0
Seg 16	4846.93	40.33	8.05684	0.262384	7.79446	0	0.0311761	0.968824	0
Seg 17	4991.65	40.33	7.91516	0.117073	7.79809	0	0.0141453	0.985855	0
Seg 18	5099.95	40.33	6.69057	0.0117923	6.67878	0	0.00167185	0.998328	0
Seg 19	5215.43	40.33	6.66715	0	6.66715	0	0	1	0
Seg 20	4991.66	40.33	1.13847	0.0168375	1.12163	0	0.014786	0.985214	0
Seg 21	5013.58	40.33	1.13549	0.0137768	1.12171	0	0.01213	0.98787	0
Seg 22	5035.44	40.33	1.13255	0.0107574	1.12179	0	0.00949605	0.990504	0
Seg 23	5057.25	40.33	1.12964	0.00776834	1.12187	0	0.00687516	0.993125	0
Seg 24	5079.01	40.33	1.12676	0.00480882	1.12195	0	0.0042668	0.995733	0
Seg 25	5100.71	40.33	1.1239	0.00187833	1.12203	0	0.00167084	0.998329	0
Seg 26	5122.37	40.33	1.12192	2.96507e-009	1.12192	0	2.6422e-009	1	0
Seg 27	5144.02	40.33	1.12149	3.43071e-009	1.12149	0	3.05831e-009	1	0
Seg 28	5165.67	40.33	1.12106	3.89549e-009	1.12106	0	3.47397e-009	1	0
Seg 29	5187.3	40.33	1.12063	4.35938e-009	1.12063	0	3.88916e-009	1	0
Seg 30	5208.93	40.33	1.1202	4.82235e-009	1.1202	0	4.30385e-009	1	0
Seg 31	5230.55	40.33	1.11977	5.28439e-009	1.11977	0	4.71803e-009	1	0
Seg 32	5252.17	40.33	1.11934	5.74547e-009	1.11934	0	5.13167e-009	1	0
Seg 33	5273.77	40.33	1.11891	6.20557e-009	1.11891	0	5.54474e-009	1	0
Seg 34	5295.58	40.33	1.11847	0	1.11847	0	0	1	0


