
 Simulation Finished Successfully 


 -------------------------- Performance Report -------------------------- 


 ------------ Mass Balance Error Report ------------- 

 OCIP     :	1.06975e+009	6.4185e+007	1.49765e+008	4.279e+008	3.20925e+008	1.06975e+008	4.79775e+009	

 Residual :	1.14587e+009	6.7992e+007	1.46615e+008	4.12479e+008	3.09312e+008	1.03104e+008	4.79773e+009	
 Facilty  :	-1.14743e+008	-6.12833e+006	-2.26828e+006	-62096.9	-230.387	0	0	
 Facilty  :	3.86268e+007	2.32133e+006	5.41875e+006	1.54836e+007	1.16129e+007	3.87097e+006	19760.7	

 MB_Error :	-39.4906	-2.03774	-20.748	-69.1321	-51.1913	-16.5347	-0.105623	
 Rel_Error:	3.69157e-006%	3.17479e-006%	1.38537e-005%	1.61561e-005%	1.59512e-005%	1.54566e-005%	2.2015e-009%	


 ---- Total EoS counters ----
 flash iters SSI    =       4582, flash iters Newton =          0
 Stab. iters SSI    =     211187, Stab. iters Newton =      46407

 No of Satb for Oil = 22139, No of Satb for gas =  6407, No of flash =   383
 time of Satb for Oil = 0.499, time of Satb for gas = 0.297, time for flash = 0.016



Statistics of bypass stability analysis:
Total No:				 668561
Bypass No:				 646844
Failed Pressure No:	 17807
Failed Composition  No: 1210

 Variable Type : -----------------  Natural Variables
 Number of Implicit levels: ------        1
                    ImpVar --- TransImpLvl --- CFL_Limit --- Percent
       Scheme 0 :     7             4             1           100%

 Linear solver choice : ----------        5
 Preconditioner choice : ---------        4
 Linear solver Tolerance : -------     0.01

 Total running time: -------------       33 sec  ( 100 % )
   -Initialization time: ---------        0 sec  (   0 % )
   -Property Calc  time: ---------    3.377 sec  (  10 % )
   -Linearization  time: ---------    9.577 sec  (  29 % )
   -Newton Update  time: ---------    0.191 sec  (   1 % )
   -Solver running time: ---------   12.959 sec  (  39 % )
      --(B)ILU Pre fac time: -----    3.356 sec  (  10 % )
      --(B)ILU Pre slv time: -----    1.722 sec  (   5 % )
      --Pres dcpl time: ----------    1.736 sec  (   5 % )
      --Pres slv time: -----------    0.408 sec  (   1 % )
   -Timestep Calc  time: ---------        0 sec  (   0 % )
   -CFL No.  Calc  time: ---------        0 sec  (   0 % )


 Compositional simulation only:
 Initialization time for reservoir: ---------    0.266 sec
 Phase equilibrium running time: ------------    0.531 sec


 No. of timesteps: ---------------       47

 No. of Newton Iters : -----------      199
 No. of Waste Newton Iters : -----        0

 No. of Solver Iters : -----------      527
 No. of Waste Solver Iters : -----        0

 No. of Pres slvr iters : --------      527
 No. of Waste Pres slvr iters: ---        0

 Total elapsed = 33, steps = 47, Newton = 199, linear = 527

