Results for well: MSWell_1_Seg.out in the reservoir: MSWell_1_Seg.out

  t       BHP	     q(Gas)       q(Oil)    q(Water)
(days)   (psia)    (MSCF/day)   (STB/day)  (STB/day)
0         5200        0           0           0         
 -------Segment BHP        Vm        Vsg        Vsw        alpha G        alpha O        alpha W
 -------Seg 0	 5200         0	0	 0	 0  1  0
 -------Seg 1	 -1           0	0	 0	 0  1  0
 -------Seg 2	 -1           0	0	 0	 0  1  0
 -------Seg 3	 -1           0	0	 0	 0  1  0
 -------Seg 4	 -1           0	0	 0	 0  1  0
 -------Seg 5	 -1           0	0	 0	 0  1  0
 -------Seg 6	 -1           0	0	 0	 0  1  0
 -------Seg 7	 -1           0	0	 0	 0  1  0
 -------Seg 8	 -1           0	0	 0	 0  1  0
 -------Seg 9	 -1           0	0	 0	 0  1  0
 -------Seg 10	 -1           0	0	 0	 0  1  0
 -------Seg 11	 -1           0	0	 0	 0  1  0


0.01      5200        1943.8758   1690.33     533.017   
 -------Segment BHP        Vm        Vsg        Vsw        alpha G        alpha O        alpha W
 -------Seg 0	 5200         3.82239	4.99551e-011	 0.603013	 1.30691e-011  0.842242  0.157758
 -------Seg 1	 5233.07      3.82044	4.47148e-011	 0.626773	 1.17041e-011  0.835942  0.164058
 -------Seg 2	 5266.14      3.81849	-4.71333e-011	 0.627593	 -1.23434e-011  0.835644  0.164356
 -------Seg 3	 5299.21      3.81655	-1.36199e-010	 0.627661	 -3.56863e-011  0.835542  0.164458
 -------Seg 4	 5332.28      3.81462	-2.15319e-010	 0.627706	 -5.64458e-011  0.835447  0.164553
 -------Seg 5	 5365.34      3.81269	-2.8431e-010	 0.627753	 -7.45693e-011  0.835352  0.164648
 -------Seg 6	 5398.41      3.81077	-3.43335e-010	 0.627801	 -9.00959e-011  0.835256  0.164744
 -------Seg 7	 5432.85      3.80877	-3.847e-010	 0.627849	 -1.01004e-010  0.835157  0.164843
 -------Seg 8	 5450.26      1.54892	-9.6344e-011	 0.269922	 -6.22008e-011  0.825735  0.174265
 -------Seg 9	 5467.68      1.54854	-2.31407e-010	 0.271336	 -1.49436e-010  0.82478  0.17522
 -------Seg 10	 5485.1       1.54816	-2.66618e-010	 0.271724	 -1.72216e-010  0.824486  0.175514
 -------Seg 11	 5502.92      1.54778	-1.68613e-010	 0.272036	 -1.08939e-010  0.824241  0.175759


0.11      5200        1925.9964   1674.78     527.979   
 -------Segment BHP        Vm        Vsg        Vsw        alpha G        alpha O        alpha W
 -------Seg 0	 5200         3.78737	1.94577e-010	 0.59913	 5.13754e-011  0.841808  0.158192
 -------Seg 1	 5232.73      3.78546	1.75668e-010	 0.622948	 4.64061e-011  0.835436  0.164564
 -------Seg 2	 5265.47      3.78354	1.75355e-010	 0.623688	 4.63469e-011  0.835158  0.164842
 -------Seg 3	 5298.21      3.78163	1.75133e-010	 0.623659	 4.63115e-011  0.835082  0.164918
 -------Seg 4	 5330.94      3.77972	1.74947e-010	 0.623606	 4.62858e-011  0.835013  0.164987
 -------Seg 5	 5363.67      3.77781	1.74793e-010	 0.623551	 4.62684e-011  0.834944  0.165056
 -------Seg 6	 5396.4       3.7759	1.74667e-010	 0.623497	 4.62582e-011  0.834875  0.165125
 -------Seg 7	 5430.46      3.77392	1.73111e-010	 0.62344	 4.58704e-011  0.834803  0.165197
 -------Seg 8	 5447.9       1.55412	4.71369e-010	 0.271865	 3.03303e-010  0.825068  0.174932
 -------Seg 9	 5465.34      1.5537	4.78419e-010	 0.273046	 3.07922e-010  0.824261  0.175739
 -------Seg 10	 5482.79      1.55328	4.86547e-010	 0.273129	 3.13238e-010  0.82416  0.17584
 -------Seg 11	 5500.63      1.55286	4.9611e-010	 0.273125	 3.19482e-010  0.824114  0.175886


0.399924  5200        1918.5038   1668.26     525.879   
 -------Segment BHP        Vm        Vsg        Vsw        alpha G        alpha O        alpha W
 -------Seg 0	 5200         3.77258	2.30969e-010	 0.596757	 6.1223e-011  0.841817  0.158183
 -------Seg 1	 5232.59      3.77069	2.08574e-010	 0.620573	 5.53146e-011  0.835422  0.164578
 -------Seg 2	 5265.18      3.76879	2.07526e-010	 0.621316	 5.50643e-011  0.835142  0.164858
 -------Seg 3	 5297.77      3.76689	2.06526e-010	 0.621287	 5.48266e-011  0.835066  0.164934
 -------Seg 4	 5330.36      3.765	2.05536e-010	 0.621233	 5.45913e-011  0.834998  0.165002
 -------Seg 5	 5362.95      3.7631	2.04556e-010	 0.621178	 5.43583e-011  0.834929  0.165071
 -------Seg 6	 5395.53      3.76121	2.03585e-010	 0.621124	 5.41276e-011  0.834861  0.165139
 -------Seg 7	 5429.43      3.75924	2.02247e-010	 0.621066	 5.38e-011  0.83479  0.16521
 -------Seg 8	 5446.93      1.57106	3.46198e-010	 0.274556	 2.2036e-010  0.825241  0.174759
 -------Seg 9	 5464.44      1.57063	3.4693e-010	 0.275713	 2.20886e-010  0.824457  0.175543
 -------Seg 10	 5481.96      1.57021	3.47941e-010	 0.275792	 2.21589e-010  0.82436  0.17564
 -------Seg 11	 5499.87      1.56977	3.49553e-010	 0.275787	 2.22677e-010  0.824314  0.175686


1.24467   5200        1915.6336   1665.77     525.094   
 -------Segment BHP        Vm        Vsg        Vsw        alpha G        alpha O        alpha W
 -------Seg 0	 5200         3.76694	1.02819e-009	 0.595865	 2.72951e-010  0.841817  0.158183
 -------Seg 1	 5232.53      3.76505	9.2822e-010	 0.619682	 2.46536e-010  0.835412  0.164588
 -------Seg 2	 5265.07      3.76316	9.22321e-010	 0.620426	 2.45092e-010  0.835132  0.164868
 -------Seg 3	 5297.61      3.76127	9.16614e-010	 0.620397	 2.43698e-010  0.835056  0.164944
 -------Seg 4	 5330.14      3.75938	9.10969e-010	 0.620344	 2.42319e-010  0.834988  0.165012
 -------Seg 5	 5362.67      3.75749	9.05378e-010	 0.620289	 2.40953e-010  0.834919  0.165081
 -------Seg 6	 5395.2       3.7556	8.99841e-010	 0.620234	 2.396e-010  0.834851  0.165149
 -------Seg 7	 5429.02      3.75364	8.89775e-010	 0.620177	 2.37043e-010  0.83478  0.16522
 -------Seg 8	 5446.63      1.59603	1.90916e-009	 0.278545	 1.19619e-009  0.825477  0.174523
 -------Seg 9	 5464.24      1.5956	1.90823e-009	 0.279672	 1.19593e-009  0.824723  0.175277
 -------Seg 10	 5481.86      1.59517	1.90839e-009	 0.279747	 1.19636e-009  0.824628  0.175372
 -------Seg 11	 5499.89      1.59472	1.9101e-009	 0.279742	 1.19776e-009  0.824582  0.175418


3.68784   5200        1910.7196   1661.5      523.731   
 -------Segment BHP        Vm        Vsg        Vsw        alpha G        alpha O        alpha W
 -------Seg 0	 5200         3.75726	5.33467e-010	 0.594319	 1.41983e-010  0.841821  0.158179
 -------Seg 1	 5232.44      3.75538	4.8177e-010	 0.618135	 1.28288e-010  0.8354  0.1646
 -------Seg 2	 5264.88      3.7535	4.78966e-010	 0.618881	 1.27605e-010  0.835119  0.164881
 -------Seg 3	 5297.32      3.75162	4.76259e-010	 0.618853	 1.26948e-010  0.835044  0.164956
 -------Seg 4	 5329.76      3.74974	4.73581e-010	 0.6188	 1.26297e-010  0.834975  0.165025
 -------Seg 5	 5362.2       3.74786	4.70928e-010	 0.618746	 1.25652e-010  0.834907  0.165093
 -------Seg 6	 5394.64      3.74599	4.68301e-010	 0.618691	 1.25014e-010  0.834839  0.165161
 -------Seg 7	 5428.35      3.74404	4.65556e-010	 0.618635	 1.24346e-010  0.834768  0.165232
 -------Seg 8	 5446         1.60902	5.50669e-010	 0.280613	 3.42239e-010  0.8256  0.1744
 -------Seg 9	 5463.67      1.60858	5.49538e-010	 0.281724	 3.41629e-010  0.824862  0.175138
 -------Seg 10	 5481.34      1.60814	5.48653e-010	 0.281797	 3.41172e-010  0.824768  0.175232
 -------Seg 11	 5499.43      1.60769	5.48438e-010	 0.281792	 3.41134e-010  0.824723  0.175277


6.68784   5200        1905.2864   1656.77     522.214   
 -------Segment BHP        Vm        Vsg        Vsw        alpha G        alpha O        alpha W
 -------Seg 0	 5200         3.74654	1.02906e-009	 0.592596	 2.7467e-010  0.841829  0.158171
 -------Seg 1	 5232.34      3.74467	9.29116e-010	 0.616413	 2.48117e-010  0.83539  0.16461
 -------Seg 2	 5264.68      3.7428	9.23716e-010	 0.617161	 2.46798e-010  0.835107  0.164893
 -------Seg 3	 5297.01      3.74094	9.18502e-010	 0.617134	 2.45527e-010  0.835032  0.164968
 -------Seg 4	 5329.35      3.73907	9.13342e-010	 0.617081	 2.4427e-010  0.834964  0.165036
 -------Seg 5	 5361.68      3.7372	9.08232e-010	 0.617027	 2.43025e-010  0.834896  0.165104
 -------Seg 6	 5394.01      3.73534	9.03172e-010	 0.616973	 2.41791e-010  0.834828  0.165172
 -------Seg 7	 5427.61      3.7334	8.97588e-010	 0.616916	 2.40421e-010  0.834758  0.165242
 -------Seg 8	 5445.27      1.60859	1.09021e-009	 0.280536	 6.77738e-010  0.825602  0.174398
 -------Seg 9	 5462.93      1.60815	1.08798e-009	 0.281645	 6.76541e-010  0.824864  0.175136
 -------Seg 10	 5480.6       1.60772	1.08624e-009	 0.281718	 6.75642e-010  0.824771  0.175229
 -------Seg 11	 5498.68      1.60727	1.08586e-009	 0.281713	 6.75596e-010  0.824726  0.175274


9.68784   5200        1900.6358   1652.73     520.915   
 -------Segment BHP        Vm        Vsg        Vsw        alpha G        alpha O        alpha W
 -------Seg 0	 5200         3.73737	9.58411e-010	 0.591122	 2.5644e-010  0.841835  0.158165
 -------Seg 1	 5232.25      3.73551	8.65142e-010	 0.614938	 2.316e-010  0.83538  0.16462
 -------Seg 2	 5264.5       3.73365	8.6012e-010	 0.615689	 2.3037e-010  0.835097  0.164903
 -------Seg 3	 5296.75      3.73179	8.5527e-010	 0.615662	 2.29185e-010  0.835022  0.164978
 -------Seg 4	 5328.99      3.72993	8.50473e-010	 0.615609	 2.28013e-010  0.834954  0.165046
 -------Seg 5	 5361.24      3.72808	8.45721e-010	 0.615555	 2.26852e-010  0.834887  0.165113
 -------Seg 6	 5393.48      3.72622	8.41016e-010	 0.615502	 2.25702e-010  0.834819  0.165181
 -------Seg 7	 5426.98      3.7243	8.35797e-010	 0.615446	 2.24417e-010  0.834748  0.165252
 -------Seg 8	 5444.63      1.60572	1.01885e-009	 0.280069	 6.34512e-010  0.82558  0.17442
 -------Seg 9	 5462.28      1.60528	1.01676e-009	 0.281179	 6.33383e-010  0.824841  0.175159
 -------Seg 10	 5479.93      1.60484	1.01512e-009	 0.281253	 6.32535e-010  0.824748  0.175252
 -------Seg 11	 5498.01      1.6044	1.01476e-009	 0.281247	 6.32484e-010  0.824702  0.175298


10        5200        1900.16     1652.31     520.782   
 -------Segment BHP        Vm        Vsg        Vsw        alpha G        alpha O        alpha W
 -------Seg 0	 5200         3.73643	-3.65519e-010	 0.590972	 -9.78256e-011  0.841835  0.158165
 -------Seg 1	 5232.24      3.73457	-3.29881e-010	 0.614787	 -8.83318e-011  0.83538  0.16462
 -------Seg 2	 5264.48      3.73271	-3.28318e-010	 0.615538	 -8.7957e-011  0.835096  0.164904
 -------Seg 3	 5296.72      3.73086	-3.26833e-010	 0.615511	 -8.76025e-011  0.835021  0.164979
 -------Seg 4	 5328.96      3.729	-3.25362e-010	 0.615459	 -8.72519e-011  0.834953  0.165047
 -------Seg 5	 5361.19      3.72714	-3.23906e-010	 0.615405	 -8.69045e-011  0.834886  0.165114
 -------Seg 6	 5393.43      3.72529	-3.22462e-010	 0.615351	 -8.65602e-011  0.834818  0.165182
 -------Seg 7	 5426.92      3.72336	-3.20593e-010	 0.615295	 -8.61031e-011  0.834748  0.165252
 -------Seg 8	 5444.56      1.6054	-4.85591e-010	 0.280017	 -3.02473e-010  0.825578  0.174422
 -------Seg 9	 5462.21      1.60496	-4.86775e-010	 0.281128	 -3.03293e-010  0.824838  0.175162
 -------Seg 10	 5479.87      1.60453	-4.88328e-010	 0.281202	 -3.04344e-010  0.824745  0.175255
 -------Seg 11	 5497.94      1.60408	-4.90382e-010	 0.281196	 -3.05709e-010  0.824699  0.175301


