
 Simulation Finished Successfully 


 -------------------------- Performance Report -------------------------- 


 ------------ Mass Balance Error Report ------------- 

 OCIP     :	4.85173e+006	7.77881e+006	2.646e+008	3.48443e+007	2.36973e+007	3.87738e+007	1.9026e+007	6.07469e+006	1.3232e+006	

 Residual :	4.83614e+006	7.7414e+006	2.63468e+008	3.47436e+007	2.36286e+007	3.84624e+007	1.86484e+007	4.16571e+006	884645	
 Facilty  :	-1.64214e+006	-2.63384e+006	-8.9586e+007	-1.17875e+007	-7.99682e+006	-1.28203e+007	-6.05281e+006	-125169	-2.16784	
 Facilty  :	1.65773e+006	2.67125e+006	9.07181e+007	1.18881e+007	8.06549e+006	1.31317e+007	6.43047e+006	2.03415e+006	438558	

 MB_Error :	0.62503	0.975881	33.4935	4.52147	3.10775	5.14781	2.49796	0.486124	0.0450292	
 Rel_Error:	1.28826e-005%	1.25454e-005%	1.26582e-005%	1.29762e-005%	1.31144e-005%	1.32765e-005%	1.31292e-005%	8.00244e-006%	3.40305e-006%	


 ---- Total EoS counters ----
 flash iters SSI    =     708487, flash iters Newton =       1852
 Stab. iters SSI    =   43294818, Stab. iters Newton =    1069569

 No of Satb for Oil =  3324, No of Satb for gas = 245750, No of flash =  1251
 time of Satb for Oil = 1.118, time of Satb for gas = 172.863, time for flash = 2.811



Statistics of bypass stability analysis:
Total No:				 242138
Bypass No:				 0
Failed Pressure No:	 0
Failed Composition  No: 0

 Variable Type : -----------------  Natural Variables
 Number of Implicit levels: ------        1
                    ImpVar --- TransImpLvl --- CFL_Limit --- Percent
       Scheme 0 :     9             4             1           100%

 Linear solver choice : ----------        4
 Preconditioner choice : ---------        4
 Linear solver Tolerance : -------     0.01

 Total running time: -------------      244 sec  ( 100 % )
   -Initialization time: ---------        3 sec  (   1 % )
   -Property Calc  time: ---------  178.589 sec  (  73 % )
   -Linearization  time: ---------   14.544 sec  (   6 % )
   -Newton Update  time: ---------     0.08 sec  (   0 % )
   -Solver running time: ---------   42.237 sec  (  17 % )
      --(B)ILU Pre fac time: -----   33.607 sec  (  14 % )
      --(B)ILU Pre slv time: -----    1.314 sec  (   1 % )
      --Pres dcpl time: ----------    1.813 sec  (   1 % )
      --Pres slv time: -----------     0.53 sec  (   0 % )
   -Timestep Calc  time: ---------        0 sec  (   0 % )
   -CFL No.  Calc  time: ---------        0 sec  (   0 % )


 Compositional simulation only:
 Initialization time for reservoir: ---------    2.031 sec
 Phase equilibrium running time: ------------   174.51 sec


 No. of timesteps: ---------------      179

 No. of Newton Iters : -----------      640
 No. of Waste Newton Iters : -----       84

 No. of Solver Iters : -----------     1130
 No. of Waste Solver Iters : -----      168

 No. of Pres slvr iters : --------     1130
 No. of Waste Pres slvr iters: ---      168

 Total elapsed = 244, steps = 179, Newton = 640, linear = 1130

