Results for well: RES1_PROD.out in the reservoir: RES1_PROD.out

time	BHP	Temp	q(Gas)	q(Oil)	 q(Water)
days	psi	F	Mscf/d	stb/d	stb/d
0         	0         	-         	0         	0         	0         	
0.01      	3000      	160       	21927.6   	39590.9   	0.018797  	
0.11      	3000      	160       	19615.2   	35415.7   	0.0817145 	
0.252976  	3000      	160       	17976.7   	32457.5   	0.115844  	
0.494008  	3000      	160       	16651.7   	30065.1   	0.137329  	
0.937882  	3000      	160       	15546.2   	28069.2   	0.151186  	
1.81271   	3000      	160       	14632.4   	26419.2   	0.159912  	
3.48083   	3000      	160       	13894.4   	25086.8   	0.165191  	
6.37154   	3000      	160       	13108.4   	23667.7   	0.169113  	
10.8172   	3000      	160       	12038.3   	21735.5   	0.171685  	
17.1062   	3000      	160       	10704.7   	19327.7   	0.170519  	
26.3511   	3000      	160       	9135.52   	16494.4   	0.163109  	
36.3511   	3000      	160       	7861.83   	14194.8   	0.152437  	
46.3511   	3000      	160       	6926.03   	12505.2   	0.142013  	
56.3511   	3000      	160       	6236.01   	11259.3   	0.132961  	
66.3511   	3000      	160       	5715.68   	10319.8   	0.125386  	
76.3511   	3000      	160       	5312.89   	9592.57   	0.11909   	
86.3511   	3000      	160       	4999.8    	9027.28   	0.113943  	
96.3511   	3000      	160       	4751.75   	8579.41   	0.109713  	
106.351   	3000      	160       	4563.28   	8239.13   	0.106419  	
116.351   	3000      	160       	4419.81   	7980.08   	0.103873  	
126.351   	3000      	160       	4308.77   	7779.61   	0.101885  	
136.351   	3000      	160       	4221.52   	7622.08   	0.100319  	
146.351   	3000      	160       	4151.62   	7495.87   	0.0990653 	
156.351   	3000      	160       	4093.66   	7391.21   	0.0980299 	
166.351   	3000      	160       	4044.01   	7301.58   	0.097147  	
176.351   	3000      	160       	4002.89   	7227.33   	0.096424  	
186.351   	3000      	160       	3965.68   	7160.15   	0.0957731 	
196.351   	3000      	160       	3929.97   	7095.67   	0.0951473 	
206.351   	3000      	160       	3898.29   	7038.47   	0.0945977 	
216.351   	3000      	160       	3868.2    	6984.15   	0.0940767 	
226.351   	3000      	160       	3838.6    	6930.7    	0.0935623 	
236.351   	3000      	160       	3812.49   	6883.57   	0.0931153 	
246.351   	3000      	160       	3792.03   	6846.62   	0.0927802 	
256.351   	3000      	160       	3775.22   	6816.27   	0.0925177 	
266.351   	3000      	160       	3760.73   	6790.11   	0.0923012 	
276.351   	3000      	160       	3747.97   	6767.06   	0.0921189 	
286.351   	3000      	160       	3736.36   	6746.1    	0.0919594 	
296.351   	3000      	160       	3725.34   	6726.2    	0.0918114 	
306.351   	3000      	160       	3714.65   	6706.91   	0.0916695 	
316.351   	3000      	160       	3704.62   	6688.79   	0.0915404 	
326.351   	3000      	160       	3694.93   	6671.3    	0.0914179 	
336.351   	3000      	160       	3686.12   	6655.39   	0.091313  	
346.351   	3000      	160       	3677.89   	6640.54   	0.0912199 	
356.351   	3000      	160       	3670.42   	6627.05   	0.0911419 	
366.351   	3000      	160       	3663.15   	6613.93   	0.0910677 	
376.351   	3000      	160       	3655.35   	6599.84   	0.090982  	
386.351   	3000      	160       	3646.95   	6584.66   	0.0908833 	
396.351   	3000      	160       	3639.96   	6572.05   	0.0908139 	
406.351   	3000      	160       	3633.34   	6560.09   	0.0907517 	
416.351   	3000      	160       	3627.63   	6549.8    	0.0907085 	
426.351   	3000      	160       	3621.85   	6539.35   	0.0906633 	
436.351   	3000      	160       	3615.66   	6528.17   	0.0906093 	
446.351   	3000      	160       	3609.23   	6516.56   	0.0905499 	
456.351   	3000      	160       	3602.34   	6504.12   	0.0904804 	
466.351   	3000      	160       	3596.53   	6493.63   	0.0904335 	
476.351   	3000      	160       	3592.18   	6485.78   	0.0904174 	
486.351   	3000      	160       	3588.18   	6478.56   	0.0904083 	
496.351   	3000      	160       	3584.12   	6471.23   	0.0903978 	
506.351   	3000      	160       	3580.28   	6464.3    	0.0903919 	
516.351   	3000      	160       	3576.25   	6457.02   	0.0903817 	
526.351   	3000      	160       	3571.93   	6449.22   	0.090365  	
536.351   	3000      	160       	3567.83   	6441.81   	0.090353  	
546.351   	3000      	160       	3563.48   	6433.96   	0.0903353 	
556.351   	3000      	160       	3558.68   	6425.29   	0.0903079 	
566.351   	3000      	160       	3553.43   	6415.82   	0.0902705 	
576.351   	3000      	160       	3547.48   	6405.07   	0.0902178 	
586.351   	3000      	160       	3542.53   	6396.14   	0.0901865 	
596.351   	3000      	160       	3538.23   	6388.38   	0.0901688 	
606.351   	3000      	160       	3534.09   	6380.91   	0.0901544 	
616.351   	3000      	160       	3529.75   	6373.06   	0.0901353 	
626.351   	3000      	160       	3525.03   	6364.54   	0.090108  	
636.351   	3000      	160       	3519.94   	6355.34   	0.0900722 	
646.351   	3000      	160       	3517.13   	6350.27   	0.0900858 	
656.351   	3000      	160       	3514.96   	6346.35   	0.0901133 	
666.351   	3000      	160       	3513.02   	6342.85   	0.0901456 	
676.351   	3000      	160       	3510.97   	6339.15   	0.0901754 	
686.351   	3000      	160       	3508.74   	6335.14   	0.0902014 	
696.351   	3000      	160       	3506.58   	6331.23   	0.0902285 	
706.351   	3000      	160       	3504.31   	6327.13   	0.0902532 	
716.351   	3000      	160       	3501.88   	6322.74   	0.0902743 	
726.351   	3000      	160       	3499.17   	6317.85   	0.0902891 	
730       	3000      	160       	3498.12   	6315.96   	0.0902932 	
731       	3000      	160       	3497.25   	6314.38   	0.0902814 	
732       	3000      	160       	3494.83   	6310.02   	0.0902358 	
733       	3000      	160       	3490.34   	6301.9    	0.0901444 	
734       	3000      	160       	3484.25   	6290.91   	0.090018  	
735       	3000      	160       	3478.14   	6279.87   	0.0898909 	
736       	3000      	160       	3474.25   	6272.86   	0.0898127 	
737       	3000      	160       	3475.07   	6274.34   	0.0898382 	
738       	3000      	160       	3484.02   	6290.5    	0.0900425 	
738.557   	3000      	160       	3492.13   	6305.15   	0.0902251 	
739.557   	3000      	160       	3520.07   	6355.59   	0.0908459 	
740.557   	3000      	160       	3563.77   	6434.48   	0.0918093 	
741.557   	3000      	160       	3624.56   	6544.25   	0.0931397 	
742.557   	3000      	160       	3702.88   	6685.66   	0.0948395 	
743.557   	3000      	160       	3798.47   	6858.24   	0.0968935 	
744.557   	3000      	160       	3910.47   	7060.47   	0.0992731 	
745.557   	3000      	160       	4037.65   	7290.08   	0.101939  	
746.557   	3000      	160       	4178.89   	7545.1    	0.104857  	
747.557   	3000      	160       	4333.18   	7823.68   	0.107991  	
748.557   	3000      	160       	4499.95   	8124.78   	0.111317  	
749.088   	3000      	160       	4592      	8290.99   	0.113125  	
750.088   	3000      	160       	4775.73   	8622.71   	0.116675  	
751.088   	3000      	160       	4968.2    	8970.22   	0.12031   	
752.088   	3000      	160       	5167.78   	9330.58   	0.123988  	
753.088   	3000      	160       	5373.78   	9702.51   	0.127685  	
754.088   	3000      	160       	5585.84   	10085.4   	0.131388  	
755.088   	3000      	160       	5803.63   	10478.6   	0.135079  	
756.088   	3000      	160       	6026.6    	10881.2   	0.138742  	
757.088   	3000      	160       	6254.47   	11292.6   	0.142362  	
758.088   	3000      	160       	6487.21   	11712.8   	0.14593   	
759.088   	3000      	160       	6724.47   	12141.2   	0.149434  	
760.088   	3000      	160       	6965.54   	12576.5   	0.152853  	
761.088   	3000      	160       	7209.63   	13017.2   	0.15617   	
762.088   	3000      	160       	7455.81   	13461.7   	0.159368  	
762.593   	3000      	160       	7580.56   	13686.9   	0.160931  	
763.593   	3000      	160       	7828.19   	14134     	0.16392   	
764.096   	3000      	160       	7952.79   	14359     	0.165366  	
765.096   	3000      	160       	8200.06   	14805.4   	0.168122  	
766.096   	3000      	160       	8446.41   	15250.2   	0.170714  	
767.096   	3000      	160       	8691.38   	15692.5   	0.173139  	
768.096   	3000      	160       	8934.53   	16131.5   	0.175396  	
769.096   	3000      	160       	9175.46   	16566.6   	0.177484  	
770.096   	3000      	160       	9413.79   	16996.9   	0.179402  	
771.096   	3000      	160       	9649.25   	17422     	0.181153  	
772.096   	3000      	160       	9881.61   	17841.5   	0.182741  	
772.641   	3000      	160       	10007.2   	18068.4   	0.18354   	
773.641   	3000      	160       	10234.4   	18478.5   	0.184881  	
774.641   	3000      	160       	10457.8   	18881.9   	0.186067  	
775.641   	3000      	160       	10677.2   	19278     	0.187103  	
776.641   	3000      	160       	10892.3   	19666.3   	0.187995  	
777.641   	3000      	160       	11101.1   	20043.4   	0.188743  	
778.125   	3000      	160       	11200.9   	20223.5   	0.189059  	
779.125   	3000      	160       	11401.6   	20585.8   	0.189614  	
780.125   	3000      	160       	11597.6   	20939.8   	0.190051  	
781.125   	3000      	160       	11789.1   	21285.6   	0.190377  	
782.125   	3000      	160       	11974.5   	21620.4   	0.190597  	
782.601   	3000      	160       	12061.3   	21777.1   	0.190668  	
783.601   	3000      	160       	12239     	22097.8   	0.190748  	
784.601   	3000      	160       	12412.2   	22410.6   	0.190743  	
785.601   	3000      	160       	12581.2   	22715.8   	0.190658  	
786.601   	3000      	160       	12746     	23013.3   	0.190498  	
787.601   	3000      	160       	12906.6   	23303.2   	0.19027   	
788.601   	3000      	160       	13062.8   	23585.3   	0.189978  	
789.601   	3000      	160       	13214.6   	23859.3   	0.189629  	
790.601   	3000      	160       	13361.8   	24125.1   	0.189228  	
791.601   	3000      	160       	13504.5   	24382.8   	0.188781  	
792.601   	3000      	160       	13642.7   	24632.3   	0.188293  	
793.601   	3000      	160       	13776.4   	24873.7   	0.187768  	
794.601   	3000      	160       	13905.7   	25107.1   	0.187213  	
795.601   	3000      	160       	14029.1   	25329.9   	0.186637  	
796.065   	3000      	160       	14085.2   	25431.3   	0.186361  	
797.065   	3000      	160       	14202.2   	25642.4   	0.185756  	
798.065   	3000      	160       	14312.8   	25842.1   	0.185147  	
798.513   	3000      	160       	14361.3   	25929.7   	0.184869  	
799.513   	3000      	160       	14466.1   	26119     	0.184244  	
800.513   	3000      	160       	14568     	26302.8   	0.183606  	
801.513   	3000      	160       	14666.7   	26481.1   	0.182958  	
802.513   	3000      	160       	14762.3   	26653.7   	0.182303  	
803.513   	3000      	160       	14854.6   	26820.4   	0.181645  	
804.513   	3000      	160       	14943.7   	26981.3   	0.180986  	
805.513   	3000      	160       	15029.7   	27136.5   	0.180327  	
806.513   	3000      	160       	15112.6   	27286.2   	0.179671  	
807.513   	3000      	160       	15192.5   	27430.5   	0.179018  	
808.513   	3000      	160       	15269.6   	27569.7   	0.178371  	
809.513   	3000      	160       	15343.9   	27703.8   	0.17773   	
810.513   	3000      	160       	15415.4   	27832.9   	0.177097  	
811.513   	3000      	160       	15484.2   	27957.2   	0.176472  	
812.513   	3000      	160       	15550.5   	28076.8   	0.175857  	
813.513   	3000      	160       	15614.3   	28192.1   	0.175252  	
814.513   	3000      	160       	15675.8   	28303.1   	0.174656  	
815.513   	3000      	160       	15735.1   	28410.2   	0.174071  	
816.513   	3000      	160       	15791.4   	28511.9   	0.173504  	
816.881   	3000      	160       	15811.8   	28548.6   	0.173297  	
817.881   	3000      	160       	15865.4   	28645.4   	0.172745  	
818.881   	3000      	160       	15917.3   	28739.2   	0.172201  	
819.881   	3000      	160       	15967.8   	28830.3   	0.171665  	
820.881   	3000      	160       	16016.7   	28918.6   	0.171137  	
821.881   	3000      	160       	16064.2   	29004.3   	0.170617  	
822.881   	3000      	160       	16110.2   	29087.3   	0.170106  	
823.881   	3000      	160       	16154.8   	29167.9   	0.169603  	
824.881   	3000      	160       	16196.3   	29242.7   	0.16913   	
825.236   	3000      	160       	16210.8   	29268.9   	0.168964  	
826.236   	3000      	160       	16250.9   	29341.3   	0.168498  	
827.236   	3000      	160       	16290.4   	29412.6   	0.168035  	
828.236   	3000      	160       	16329.1   	29482.6   	0.167575  	
829.236   	3000      	160       	16367     	29551     	0.167121  	
830       	3000      	160       	16395.5   	29602.5   	0.166776  	
832.245   	3000      	160       	16290.3   	29412.4   	0.167969  	
834.872   	3000      	160       	15899.5   	28706.7   	0.172189  	
838.749   	3000      	160       	15083.2   	27232.7   	0.179583  	
844.721   	3000      	160       	13817     	24946.2   	0.187254  	
853.36    	3000      	160       	12256.3   	22127.3   	0.190497  	
863.36    	3000      	160       	10843     	19573.7   	0.187684  	
873.36    	3000      	160       	9805.41   	17698     	0.182239  	
878.495   	3000      	160       	9330.79   	16839.8   	0.178809  	
888.495   	3000      	160       	8591.95   	15502.7   	0.172323  	
898.495   	3000      	160       	7977.93   	14390.4   	0.165876  	
908.495   	3000      	160       	7472.74   	13474     	0.159859  	
910.995   	3000      	160       	7353.66   	13258     	0.158346  	
912.435   	3000      	160       	7288.6    	13139.9   	0.157505  	
914.2     	3000      	160       	7213.28   	13003.2   	0.156519  	
917.812   	3000      	160       	7081.22   	12763.1   	0.154756  	
923.616   	3000      	160       	6886.75   	12409     	0.15208   	
930.156   	3000      	160       	6695.42   	12059.9   	0.149354  	
940.156   	3000      	160       	6476.58   	11658     	0.14612   	
950.156   	3000      	160       	6307.09   	11344.2   	0.143522  	
960.156   	3000      	160       	6174.16   	11095.1   	0.141418  	
970.156   	3000      	160       	6068.23   	10893.3   	0.139688  	
980.156   	3000      	160       	5983.45   	10728.1   	0.138256  	
990.156   	3000      	160       	5920.64   	10600.8   	0.137146  	
1000.16   	3000      	160       	5877.54   	10507     	0.13633   	
1010.16   	3000      	160       	5845.99   	10431.9   	0.135676  	
1020.16   	3000      	160       	5823.87   	10371.4   	0.135148  	
1030.16   	3000      	160       	5813.13   	10328.8   	0.134779  	
1040.16   	3000      	160       	5811.65   	10300.6   	0.13454   	
1050.16   	3000      	160       	5814.78   	10277     	0.134333  	
1060.16   	3000      	160       	5822.45   	10259.1   	0.134172  	
1070.16   	3000      	160       	5831.64   	10240.6   	0.133996  	
1080.16   	3000      	160       	5841.9    	10220.6   	0.133796  	
1090.16   	3000      	160       	5858.14   	10206.8   	0.133642  	
1100.16   	3000      	160       	5879.36   	10198.8   	0.133537  	
1110.16   	3000      	160       	5903.33   	10191.8   	0.133429  	
1120.16   	3000      	160       	5929.79   	10185.2   	0.133314  	
1130.16   	3000      	160       	5957.1    	10176.1   	0.133164  	
1140.16   	3000      	160       	5984.74   	10163.8   	0.132971  	
1150.16   	3000      	160       	6012.91   	10148.6   	0.13274   	
1160.16   	3000      	160       	6041.7    	10130.8   	0.132473  	
1170.16   	3000      	160       	6072.12   	10112.3   	0.132189  	
1180.16   	3000      	160       	6103.77   	10092.6   	0.131882  	
1190.16   	3000      	160       	6135.74   	10070     	0.131536  	
1200.16   	3000      	160       	6172.97   	10053.2   	0.13124   	
1210.16   	3000      	160       	6214.08   	10040.4   	0.130974  	
1220.16   	3000      	160       	6253.92   	10023     	0.130656  	
1230.16   	3000      	160       	6294.11   	10003.8   	0.130314  	
1240.16   	3000      	160       	6335.25   	9984.19   	0.129961  	
1250.16   	3000      	160       	6376.01   	9962.27   	0.129581  	
1260.16   	3000      	160       	6415.86   	9937.55   	0.129168  	
1270.16   	3000      	160       	6453.63   	9908.6    	0.128709  	
1280.16   	3000      	160       	6499.02   	9890.46   	0.128355  	
1290.16   	3000      	160       	6542.03   	9867.97   	0.127955  	
1300.16   	3000      	160       	6584.53   	9844.27   	0.127542  	
1310.16   	3000      	160       	6627.38   	9821.03   	0.127133  	
1320.16   	3000      	160       	6677.43   	9808.1    	0.126825  	
1330.16   	3000      	160       	6724.6    	9790.92   	0.126475  	
1340.16   	3000      	160       	6770.26   	9771.76   	0.126107  	
1350.16   	3000      	160       	6814.02   	9750.3    	0.125718  	
1360.16   	3000      	160       	6853.69   	9723.99   	0.125283  	
1370.16   	3000      	160       	6899.36   	9706.62   	0.124939  	
1380.16   	3000      	160       	6939.64   	9682.9    	0.124535  	
1390.16   	3000      	160       	6983.91   	9665.39   	0.124196  	
1400.16   	3000      	160       	7022.64   	9641.42   	0.123796  	
1410.16   	3000      	160       	7058.36   	9614.69   	0.123373  	
1420.16   	3000      	160       	7090.91   	9585.53   	0.122931  	
1430.16   	3000      	160       	7132.91   	9570.19   	0.122632  	
1440.16   	3000      	160       	7171.51   	9551.75   	0.122306  	
1450.16   	3000      	160       	7206.81   	9530.53   	0.121957  	
1460.16   	3000      	160       	7238.54   	9506.31   	0.121584  	
1470.16   	3000      	160       	7266.7    	9479.26   	0.121188  	
1480.16   	3000      	160       	7293.83   	9452.78   	0.120804  	
1490.16   	3000      	160       	7321.5    	9428.87   	0.120452  	
1500.16   	3000      	160       	7346.33   	9403.62   	0.120093  	
1510.16   	3000      	160       	7375.52   	9385.37   	0.11981   	
1520.16   	3000      	160       	7400.08   	9363.14   	0.119493  	
1530.16   	3000      	160       	7423.78   	9341.76   	0.11919   	
1540.16   	3000      	160       	7446.85   	9321.5    	0.118905  	
1550.16   	3000      	160       	7468.31   	9301.13   	0.118626  	
1560      	3000      	160       	7488.42   	9281.68   	0.118362  	
1560.5    	3000      	160       	7488.37   	9279.38   	0.118336  	
1561.5    	3000      	160       	7490.08   	9277.06   	0.118306  	
1562.5    	3000      	160       	7492.31   	9275.41   	0.118283  	
1563.5    	3000      	160       	7494.98   	9274.32   	0.118265  	
1564.5    	3000      	160       	7498.18   	9273.89   	0.118255  	
1565.5    	3000      	160       	7502.1    	9274.38   	0.118254  	
1566.5    	3000      	160       	7507.08   	9276.19   	0.118267  	
1567.5    	3000      	160       	7513.51   	9279.82   	0.118298  	
1568.5    	3000      	160       	7521.89   	9285.84   	0.118354  	
1569.5    	3000      	160       	7532.67   	9294.85   	0.11844   	
1570.5    	3000      	160       	7546.51   	9307.63   	0.118566  	
1571.5    	3000      	160       	7564.39   	9325.39   	0.118742  	
1572.22   	3000      	160       	7580.28   	9341.91   	0.118907  	
1573.22   	3000      	160       	7613.04   	9378      	0.11927   	
1573.94   	3000      	160       	7643.26   	9412.14   	0.119614  	
1574.94   	3000      	160       	7697.67   	9474.83   	0.120246  	
1575.94   	3000      	160       	7762.83   	9550.68   	0.121009  	
1576.94   	3000      	160       	7836.99   	9637.52   	0.121879  	
1577.94   	3000      	160       	7918.88   	9733.76   	0.122839  	
1578.94   	3000      	160       	8007.81   	9838.54   	0.123879  	
1579.94   	3000      	160       	8103.52   	9951.52   	0.124993  	
1580.94   	3000      	160       	8206.04   	10072.7   	0.126182  	
1581.94   	3000      	160       	8315.5    	10202.3   	0.127443  	
1582.94   	3000      	160       	8432.41   	10340.8   	0.128782  	
1583.94   	3000      	160       	8556.83   	10488.4   	0.130196  	
1584.94   	3000      	160       	8688.35   	10644.5   	0.131679  	
1585.94   	3000      	160       	8826.86   	10808.9   	0.133226  	
1586.94   	3000      	160       	8972.24   	10981.5   	0.134834  	
1587.94   	3000      	160       	9124.8    	11162.7   	0.136504  	
1588.94   	3000      	160       	9285.42   	11353.5   	0.138243  	
1589.94   	3000      	160       	9456.13   	11556.3   	0.140069  	
1590.55   	3000      	160       	9564.91   	11685.6   	0.141221  	
1591.55   	3000      	160       	9750.49   	11906.1   	0.143164  	
1592.55   	3000      	160       	9944.91   	12137.1   	0.14517   	
1593.18   	3000      	160       	10071     	12287     	0.146455  	
1594.18   	3000      	160       	10277.3   	12531.9   	0.148528  	
1595.18   	3000      	160       	10486.2   	12779.6   	0.150588  	
1596.18   	3000      	160       	10696.1   	13028.2   	0.15262   	
1597.18   	3000      	160       	10906.6   	13277.1   	0.154619  	
1598.18   	3000      	160       	11118.2   	13527.1   	0.156591  	
1599.18   	3000      	160       	11331.2   	13778.2   	0.158534  	
1600.18   	3000      	160       	11550.1   	14036.2   	0.160493  	
1600.79   	3000      	160       	11684.6   	14194.6   	0.161677  	
1601.79   	3000      	160       	11911     	14461     	0.163634  	
1602.79   	3000      	160       	12139.1   	14729     	0.165561  	
1603.79   	3000      	160       	12367.7   	14997.2   	0.167447  	
1604.79   	3000      	160       	12596.1   	15264.8   	0.169286  	
1605.79   	3000      	160       	12824.2   	15531.5   	0.171078  	
1606.79   	3000      	160       	13052     	15797.4   	0.172822  	
1607.79   	3000      	160       	13279.5   	16062.5   	0.174518  	
1608.79   	3000      	160       	13506.5   	16326.6   	0.176166  	
1609.79   	3000      	160       	13733.3   	16589.9   	0.177769  	
1610.79   	3000      	160       	13960.3   	16853.1   	0.179329  	
1611.79   	3000      	160       	14187.7   	17116.4   	0.180848  	
1612.79   	3000      	160       	14417.5   	17382.1   	0.182339  	
1613.33   	3000      	160       	14542.7   	17526.7   	0.183133  	
1614.33   	3000      	160       	14774     	17793.7   	0.184565  	
1615.33   	3000      	160       	15004.2   	18058.8   	0.185945  	
1616.33   	3000      	160       	15232.5   	18321     	0.187268  	
1617.33   	3000      	160       	15458.8   	18580.6   	0.188536  	
1618.33   	3000      	160       	15689.6   	18845.2   	0.189788  	
1618.88   	3000      	160       	15818.9   	18993.3   	0.190469  	
1619.88   	3000      	160       	16052     	19260     	0.191663  	
1620.88   	3000      	160       	16283.9   	19524.8   	0.192806  	
1621.88   	3000      	160       	16514.2   	19787.3   	0.193896  	
1622.88   	3000      	160       	16742.7   	20047.3   	0.194935  	
1623.88   	3000      	160       	16969.3   	20304.5   	0.195921  	
1624.88   	3000      	160       	17194.6   	20559.8   	0.19686   	
1625.88   	3000      	160       	17418.7   	20813.4   	0.197752  	
1626.59   	3000      	160       	17575.5   	20990.6   	0.198353  	
1627.59   	3000      	160       	17796.9   	21240.2   	0.199165  	
1628.59   	3000      	160       	18017.3   	21488.4   	0.199935  	
1629.11   	3000      	160       	18132.4   	21617.9   	0.200322  	
1630.11   	3000      	160       	18351.1   	21863.5   	0.201026  	
1631.11   	3000      	160       	18567     	22105.4   	0.201683  	
1632.11   	3000      	160       	18777.7   	22340.9   	0.202288  	
1633.11   	3000      	160       	18982.9   	22569.5   	0.202842  	
1634.11   	3000      	160       	19182.9   	22791.5   	0.203348  	
1635.11   	3000      	160       	19378.1   	23007.7   	0.203812  	
1636.11   	3000      	160       	19568.7   	23218.2   	0.204235  	
1637.11   	3000      	160       	19754.9   	23423.2   	0.20462   	
1638.11   	3000      	160       	19936.8   	23622.8   	0.20497   	
1639.11   	3000      	160       	20114.4   	23817.2   	0.205287  	
1640.11   	3000      	160       	20288.5   	24007.3   	0.205573  	
1640.62   	3000      	160       	20376.5   	24103.1   	0.205709  	
1640.87   	3000      	160       	20418.7   	24149     	0.205772  	
1641.61   	3000      	160       	20540.5   	24281.1   	0.205946  	
1642.61   	3000      	160       	20702.3   	24456.2   	0.20616   	
1643.61   	3000      	160       	20860.7   	24627     	0.20635   	
1644.61   	3000      	160       	21013.7   	24791.4   	0.206515  	
1645.11   	3000      	160       	21089.6   	24872.8   	0.206591  	
1646.11   	3000      	160       	21237.8   	25031.3   	0.206726  	
1647.11   	3000      	160       	21383.1   	25186.2   	0.206843  	
1648.11   	3000      	160       	21525.5   	25337.6   	0.206942  	
1649.11   	3000      	160       	21665.1   	25485.5   	0.207026  	
1650.11   	3000      	160       	21801.8   	25629.9   	0.207094  	
1651.11   	3000      	160       	21935.7   	25770.9   	0.207147  	
1652.11   	3000      	160       	22066.8   	25908.6   	0.207188  	
1653.11   	3000      	160       	22195.4   	26043     	0.207216  	
1654.11   	3000      	160       	22321.4   	26174.4   	0.207232  	
1655.11   	3000      	160       	22445.2   	26303     	0.207238  	
1656.11   	3000      	160       	22566.8   	26428.9   	0.207233  	
1657.11   	3000      	160       	22686.4   	26552.2   	0.207218  	
1658.11   	3000      	160       	22800     	26668.4   	0.207196  	
1658.58   	3000      	160       	22853     	26722.5   	0.207183  	
1659.58   	3000      	160       	22965.4   	26836.9   	0.207149  	
1660      	3000      	160       	23007.8   	26879.3   	0.207134  	
1661.22   	3000      	160       	23097.2   	26962.8   	0.207102  	
1662.99   	3000      	160       	23059.4   	26887.3   	0.20713   	
1665.69   	3000      	160       	22612.8   	26318.9   	0.207216  	
1669.64   	3000      	160       	21558.3   	25025.5   	0.206599  	
1675.69   	3000      	160       	19814.5   	22911.5   	0.203209  	
1684.44   	3000      	160       	17398.7   	20006.7   	0.193876  	
1689.59   	3000      	160       	16232.6   	18606.5   	0.187493  	
1692.58   	3000      	160       	15620.2   	17872     	0.183665  	
1699.63   	3000      	160       	14490.7   	16508.8   	0.175695  	
1709.63   	3000      	160       	13333.3   	15098.1   	0.166268  	
1715.54   	3000      	160       	12770.6   	14409.3   	0.161235  	
1719.06   	3000      	160       	12434.1   	13999.7   	0.158114  	
1727.95   	3000      	160       	11830.1   	13249.5   	0.15213   	
1737.95   	3000      	160       	11316     	12601.4   	0.14669   	
1747.95   	3000      	160       	10905.2   	12078.1   	0.142121  	
1757.95   	3000      	160       	10541.2   	11615.8   	0.137964  	
1767.95   	3000      	160       	10232.4   	11223.9   	0.134358  	
1777.95   	3000      	160       	9994.64   	10918.7   	0.131502  	
1787.95   	3000      	160       	9783.95   	10651.2   	0.128974  	
1797.95   	3000      	160       	9596.56   	10416.9   	0.126748  	
1807.95   	3000      	160       	9434.16   	10215.9   	0.124835  	
1817.95   	3000      	160       	9300.08   	10050.7   	0.123264  	
1827.95   	3000      	160       	9175.54   	9903.17   	0.121876  	
1837.95   	3000      	160       	9049.61   	9762.22   	0.120566  	
1847.95   	3000      	160       	8938.42   	9643.85   	0.119492  	
1857.95   	3000      	160       	8832.38   	9537      	0.118546  	
1867.95   	3000      	160       	8727.06   	9436.35   	0.117672  	
1877.95   	3000      	160       	8621.48   	9340.34   	0.116856  	
1887.95   	3000      	160       	8510.8    	9243.95   	0.116046  	
1897.95   	3000      	160       	8411.14   	9164.47   	0.115422  	
1907.95   	3000      	160       	8309.76   	9090.87   	0.114882  	
1917.95   	3000      	160       	8201.86   	9019.34   	0.114392  	
1927.95   	3000      	160       	8094.02   	8958.91   	0.114054  	
1937.95   	3000      	160       	7988.07   	8913.29   	0.113917  	
1947.95   	3000      	160       	7867.98   	8865.57   	0.113807  	
1957.95   	3000      	160       	7739.09   	8821.37   	0.113786  	
1967.95   	3000      	160       	7631.42   	8804.53   	0.114073  	
1977.95   	3000      	160       	7557.28   	8817.7    	0.114655  	
1987.95   	3000      	160       	7499.23   	8840.09   	0.115306  	
1997.95   	3000      	160       	7467.12   	8886.31   	0.116191  	
2005.08   	3000      	160       	7448.39   	8921.31   	0.116835  	
2015.08   	3000      	160       	7418.84   	8962.12   	0.117634  	
2025.08   	3000      	160       	7385.84   	8994.04   	0.118323  	
2035.08   	3000      	160       	7345.69   	9008.34   	0.118787  	
2045.08   	3000      	160       	7313.73   	9017.94   	0.119142  	
2055.08   	3000      	160       	7289.16   	9016.52   	0.119299  	
2065.08   	3000      	160       	7280.05   	9014.16   	0.119365  	
2075.08   	3000      	160       	7325.32   	9069.57   	0.120029  	
2085.08   	3000      	160       	7343.76   	9091.56   	0.120342  	
2095.08   	3000      	160       	7353.16   	9102.48   	0.120547  	
2105.08   	3000      	160       	7353.75   	9103.65   	0.120665  	
2115.08   	3000      	160       	7345.7    	9095.04   	0.120697  	
2125.08   	3000      	160       	7347.21   	9088.94   	0.120727  	
2135.08   	3000      	160       	7350.02   	9070.89   	0.120576  	
2145.08   	3000      	160       	7358.26   	9041.93   	0.120238  	
2155.08   	3000      	160       	7374.21   	9002.36   	0.119703  	
2165.08   	3000      	160       	7406.86   	8954.66   	0.118957  	
2175.08   	3000      	160       	7455.87   	8904.98   	0.118096  	
2185.08   	3000      	160       	7528.68   	8869.55   	0.117333  	
2192.28   	3000      	160       	7583.23   	8841.71   	0.11674   	
2202.28   	3000      	160       	7653.65   	8794.39   	0.115818  	
2212.28   	3000      	160       	7717.53   	8742.48   	0.114866  	
2222.28   	3000      	160       	7771.01   	8685.28   	0.113891  	
2232.28   	3000      	160       	7816.01   	8627.27   	0.112951  	
2242.28   	3000      	160       	7857.21   	8574.65   	0.112117  	
2252.28   	3000      	160       	7889.27   	8521.69   	0.111328  	
2262.28   	3000      	160       	7915.61   	8471.95   	0.110619  	
2272.28   	3000      	160       	7935.2    	8423.8    	0.109971  	
2282.28   	3000      	160       	7954.46   	8383.43   	0.109448  	
2292.28   	3000      	160       	7968.31   	8344.54   	0.108977  	
2302.28   	3000      	160       	7978.03   	8307.8    	0.10856   	
2312.28   	3000      	160       	7984.49   	8273.39   	0.108195  	
2322.28   	3000      	160       	7985.79   	8238.66   	0.107851  	
2332.28   	3000      	160       	7984.13   	8205.31   	0.107542  	
2342.28   	3000      	160       	7980.03   	8173.27   	0.107264  	
2352.28   	3000      	160       	7977.63   	8146.28   	0.107057  	
2362.28   	3000      	160       	7978.15   	8124.92   	0.106926  	
2372.28   	3000      	160       	7974.59   	8101.66   	0.106782  	
2382.28   	3000      	160       	7967.81   	8077.17   	0.106633  	
2390      	3000      	160       	7968.38   	8065.34   	0.106602  	
2391      	3000      	160       	7968.72   	8064.09   	0.106602  	
2392      	3000      	160       	7969.34   	8063.16   	0.106605  	
2393      	3000      	160       	7970.27   	8062.55   	0.106611  	
2394      	3000      	160       	7971.54   	8062.31   	0.106622  	
2395      	3000      	160       	7973.18   	8062.46   	0.106638  	
2396      	3000      	160       	7975.33   	8063.15   	0.10666   	
2397      	3000      	160       	7978.33   	8064.71   	0.106692  	
2398      	3000      	160       	7982.23   	8067.22   	0.106735  	
2399      	3000      	160       	7987.1    	8070.73   	0.106789  	
2400      	3000      	160       	7993.19   	8075.5    	0.106858  	
2401      	3000      	160       	8000.76   	8081.77   	0.106944  	
2402      	3000      	160       	8010.08   	8089.85   	0.107051  	
2403      	3000      	160       	8021.54   	8100.11   	0.107183  	
2404      	3000      	160       	8035.61   	8113.05   	0.107346  	
2405      	3000      	160       	8052.86   	8129.22   	0.107546  	
2406      	3000      	160       	8074.06   	8149.42   	0.107791  	
2407      	3000      	160       	8099.59   	8174.03   	0.108087  	
2408      	3000      	160       	8129.9    	8203.49   	0.108438  	
2408.71   	3000      	160       	8154.15   	8227.17   	0.108719  	
2409.71   	3000      	160       	8194.85   	8267.18   	0.10919   	
2410.42   	3000      	160       	8227.16   	8299.06   	0.109563  	
2411.42   	3000      	160       	8280.99   	8352.38   	0.110183  	
2412.11   	3000      	160       	8322.26   	8393.33   	0.110658  	
2413.11   	3000      	160       	8389.09   	8459.75   	0.111424  	
2414.11   	3000      	160       	8463.62   	8533.9    	0.112275  	
2414.79   	3000      	160       	8518.08   	8588.1    	0.112895  	
2415.79   	3000      	160       	8605.08   	8674.7    	0.113881  	
2416.79   	3000      	160       	8700.16   	8769.33   	0.114953  	
2417.5    	3000      	160       	8771.79   	8840.62   	0.115757  	
2418.5    	3000      	160       	8881.09   	8949.36   	0.116977  	
2419.25   	3000      	160       	8966.72   	9034.51   	0.117928  	
2420.25   	3000      	160       	9089.22   	9156.21   	0.11928   	
2421.02   	3000      	160       	9188.52   	9254.79   	0.12037   	
2422.02   	3000      	160       	9324.15   	9389.27   	0.121847  	
2423.02   	3000      	160       	9468.77   	9532.54   	0.123411  	
2423.69   	3000      	160       	9569.76   	9632.53   	0.124496  	
2424.69   	3000      	160       	9726.6    	9787.54   	0.126167  	
2425.69   	3000      	160       	9887      	9945.67   	0.127859  	
2426.69   	3000      	160       	10048.9   	10104.8   	0.129549  	
2427.69   	3000      	160       	10211.3   	10263.8   	0.131225  	
2428.69   	3000      	160       	10373.6   	10422.2   	0.132881  	
2429.69   	3000      	160       	10535.7   	10579.9   	0.134516  	
2430.69   	3000      	160       	10697.6   	10736.6   	0.13613   	
2431.69   	3000      	160       	10858.7   	10892     	0.137717  	
2432.69   	3000      	160       	11018.7   	11045.9   	0.139275  	
2433.69   	3000      	160       	11177.5   	11197.9   	0.140804  	
2434.69   	3000      	160       	11335.6   	11348.7   	0.142308  	
2435.34   	3000      	160       	11438.7   	11446.8   	0.143281  	
2436.34   	3000      	160       	11596     	11596     	0.144752  	
2437.34   	3000      	160       	11752.6   	11744.1   	0.146201  	
2438.34   	3000      	160       	11908.2   	11890.8   	0.147626  	
2439.34   	3000      	160       	12062.6   	12035.9   	0.149025  	
2440.34   	3000      	160       	12215.8   	12179.4   	0.150399  	
2441.34   	3000      	160       	12367.7   	12321.2   	0.151747  	
2442.34   	3000      	160       	12518.2   	12461.4   	0.15307   	
2443.34   	3000      	160       	12667.3   	12599.9   	0.154368  	
2444.34   	3000      	160       	12814.9   	12736.6   	0.155642  	
2445.34   	3000      	160       	12961     	12871.6   	0.156891  	
2446.34   	3000      	160       	13105.7   	13005     	0.158118  	
2447.34   	3000      	160       	13248.7   	13136.6   	0.15932   	
2448.34   	3000      	160       	13390     	13266.4   	0.160498  	
2449.34   	3000      	160       	13539.8   	13404.8   	0.161748  	
2449.96   	3000      	160       	13635.5   	13493.4   	0.162544  	
2450.96   	3000      	160       	13791.9   	13638.4   	0.163839  	
2451.96   	3000      	160       	13946.3   	13781.3   	0.165107  	
2452.96   	3000      	160       	14097.5   	13921     	0.166337  	
2453.96   	3000      	160       	14249.9   	14061.6   	0.167567  	
2454.57   	3000      	160       	14344.5   	14148.9   	0.168326  	
2455.57   	3000      	160       	14498.9   	14291     	0.169554  	
2456.57   	3000      	160       	14652     	14431.5   	0.17076   	
2457.57   	3000      	160       	14802.8   	14569.4   	0.171933  	
2458.57   	3000      	160       	14950.5   	14703.8   	0.173069  	
2459.57   	3000      	160       	15093.9   	14833.6   	0.174158  	
2460.57   	3000      	160       	15232.8   	14958.7   	0.1752    	
2461.57   	3000      	160       	15367.4   	15079.2   	0.176197  	
2462.57   	3000      	160       	15498.7   	15196.3   	0.177161  	
2463.57   	3000      	160       	15627.2   	15310.3   	0.178093  	
2464.57   	3000      	160       	15753.3   	15421.8   	0.178999  	
2465.57   	3000      	160       	15877.3   	15531     	0.179882  	
2466.57   	3000      	160       	15999.4   	15638.3   	0.180744  	
2467.57   	3000      	160       	16120.1   	15743.9   	0.181588  	
2468.57   	3000      	160       	16239.3   	15848     	0.182415  	
2469.57   	3000      	160       	16357.1   	15950.6   	0.183225  	
2470.57   	3000      	160       	16473.5   	16051.6   	0.184019  	
2471.57   	3000      	160       	16588.9   	16151.3   	0.184798  	
2472.57   	3000      	160       	16704.3   	16250.5   	0.185567  	
2473.57   	3000      	160       	16819     	16348.4   	0.18632   	
2474.57   	3000      	160       	16931.7   	16443.9   	0.187051  	
2475.57   	3000      	160       	17042.6   	16537.1   	0.187758  	
2476.57   	3000      	160       	17151.8   	16628.2   	0.188446  	
2477.57   	3000      	160       	17259.6   	16717.6   	0.189116  	
2478.57   	3000      	160       	17366.2   	16805.4   	0.18977   	
2479.57   	3000      	160       	17471.8   	16891.9   	0.190411  	
2480.57   	3000      	160       	17576.5   	16977.2   	0.191039  	
2481.57   	3000      	160       	17680.5   	17061.5   	0.191657  	
2482.57   	3000      	160       	17784     	17145     	0.192265  	
2483.57   	3000      	160       	17887.2   	17227.9   	0.192865  	
2484.57   	3000      	160       	18003.6   	17323.5   	0.193552  	
2485.16   	3000      	160       	18077.3   	17384.8   	0.193989  	
2485.51   	3000      	160       	18121.8   	17421.8   	0.194253  	
2486.51   	3000      	160       	18253.6   	17531.5   	0.195029  	
2487.51   	3000      	160       	18383.4   	17638.8   	0.195781  	
2488.51   	3000      	160       	18510.3   	17742.6   	0.196503  	
2489.51   	3000      	160       	18634.1   	17842.9   	0.197196  	
2490      	3000      	160       	18694.3   	17891.3   	0.197529  	
2491.44   	3000      	160       	18857.3   	18019.7   	0.198408  	
2493.64   	3000      	160       	19022     	18134.1   	0.199192  	
2497.14   	3000      	160       	18972.2   	18025     	0.198516  	
2502.37   	3000      	160       	18387.3   	17414.5   	0.194485  	
2510.26   	3000      	160       	17100.6   	16191.6   	0.185943  	
2520.26   	3000      	160       	15563.3   	14764.2   	0.175162  	
2530.26   	3000      	160       	14260.3   	13546.6   	0.165225  	
2540.26   	3000      	160       	12981.6   	12336.5   	0.15455   	
2547.23   	3000      	160       	12291.8   	11682.1   	0.148559  	
2552.12   	3000      	160       	11896.1   	11305.6   	0.145071  	
2562.12   	3000      	160       	11176.5   	10612.6   	0.138548  	
2569.13   	3000      	160       	10729.4   	10178.9   	0.134393  	
2573.86   	3000      	160       	10490     	9944.8    	0.132183  	
2583.86   	3000      	160       	10166.6   	9616.21   	0.129367  	
2593.86   	3000      	160       	9935.84   	9367.31   	0.127481  	
2603.86   	3000      	160       	9797.55   	9197.33   	0.126593  	
2613.86   	3000      	160       	9724.13   	9079.81   	0.126466  	
2623.86   	3000      	160       	9657.91   	8959.66   	0.12649   	
2633.86   	3000      	160       	9615.1    	8852.24   	0.126883  	
2643.86   	3000      	160       	9596.22   	8757.13   	0.127676  	
2653.86   	3000      	160       	9572.54   	8646.47   	0.128541  	
2663.86   	3000      	160       	9578.22   	8549.99   	0.129879  	
2673.86   	3000      	160       	9604.13   	8456.57   	0.131561  	
2683.86   	3000      	160       	9644.12   	8357.58   	0.133474  	
2693.86   	3000      	160       	9703.87   	8253.68   	0.135609  	
2703.86   	3000      	160       	9651.51   	8107.16   	0.141217  	
2713.86   	3000      	160       	9501.51   	7917.49   	0.150636  	
2723.86   	3000      	160       	9335.85   	7708.84   	0.16589   	
2733.86   	3000      	160       	9159.63   	7485.8    	0.187943  	
2743.86   	3000      	160       	8968.19   	7245.47   	0.217915  	
2753.86   	3000      	160       	8777.78   	6986.87   	0.256983  	
2763.86   	3000      	160       	8593.35   	6717.03   	0.306572  	
2773.86   	3000      	160       	8416.19   	6449.17   	0.36872   	
2783.86   	3000      	160       	8249.79   	6187.44   	0.445472  	
2793.86   	3000      	160       	8398.38   	6101.54   	0.528091  	
2803.86   	3000      	160       	8583.14   	6025.59   	0.623377  	
2813.86   	3000      	160       	8776.22   	5958.68   	0.751329  	
2819.71   	3000      	160       	8893.01   	5922.43   	0.840009  	
2829.71   	3000      	160       	9074.04   	5855.09   	1.02849   	
2839.71   	3000      	160       	9232.37   	5780.1    	1.25975   	
2845.68   	3000      	160       	9317.15   	5730.81   	1.41523   	
2855.68   	3000      	160       	9434.29   	5641.64   	1.72005   	
2865.68   	3000      	160       	9536.47   	5553.8    	2.07605   	
2875.68   	3000      	160       	9638.92   	5475.1    	2.49024   	
2885.68   	3000      	160       	9760.21   	5422.55   	3.00167   	
2895.68   	3000      	160       	9868.25   	5373.77   	3.61676   	
2901.54   	3000      	160       	9918.35   	5340.55   	4.01467   	
2911.54   	3000      	160       	9973.62   	5273.54   	4.79911   	
2921.54   	3000      	160       	10012.4   	5201.57   	5.70638   	
2931.54   	3000      	160       	10052.7   	5132.53   	6.75898   	
2937.78   	3000      	160       	10055.1   	5077.5    	7.46901   	
2947.78   	3000      	160       	10029.3   	4975.33   	8.75209   	
2957.78   	3000      	160       	9994.41   	4880.23   	10.2541   	
2967.78   	3000      	160       	9945.43   	4788      	12.0063   	
2977.78   	3000      	160       	9890.44   	4701.45   	17.5757   	
2987.78   	3000      	160       	9843.95   	4626.75   	31.9362   	
2997.78   	3000      	160       	9771.86   	4543.54   	48.2346   	
3003.86   	3000      	160       	9692.81   	4477.12   	58.9444   	
3013.86   	3000      	160       	9519.76   	4352.52   	78.3461   	
3023.86   	3000      	160       	9313.22   	4218.3    	99.7349   	
3033.86   	3000      	160       	9076.05   	4077.04   	123.25    	
3043.86   	3000      	160       	8895.31   	3969.86   	165.588   	
3053.86   	3000      	160       	8761.86   	3887.95   	225.758   	
3063.86   	3000      	160       	8607      	3798.76   	288.352   	
3073.86   	3000      	160       	8445.49   	3706.93   	353.299   	
3079.83   	3000      	160       	8312.42   	3635.3    	392.409   	
3089.83   	3000      	160       	8147.59   	3531.01   	456.535   	
3095.78   	3000      	160       	8128.81   	3490.23   	493.969   	
3105.78   	3000      	160       	8048.48   	3404.78   	555.474   	
3115.78   	3000      	160       	7968.51   	3323.6    	625.259   	
3125.78   	3000      	160       	7915.33   	3261.56   	718.517   	
3135.78   	3000      	160       	7853.78   	3198.31   	807.162   	
3141.67   	3000      	160       	7802.41   	3155.9    	857.767   	
3151.67   	3000      	160       	7692.68   	3078.08   	938.424   	
3161.67   	3000      	160       	7555.48   	2992.87   	1015.93   	
3171.67   	3000      	160       	7486.39   	2935.25   	1093.19   	
3177.82   	3000      	160       	7409.87   	2888.16   	1138.47   	
3187.82   	3000      	160       	7313.1    	2823.63   	1211.67   	
3193.51   	3000      	160       	7221.31   	2774.47   	1251.37   	
3203.51   	3000      	160       	7017.83   	2675.66   	1317.52   	
3213.51   	3000      	160       	6791.54   	2571.5    	1383.34   	
3220      	3000      	160       	6633.69   	2501.19   	1426.69   	
3221      	3000      	160       	6608.65   	2490.16   	1433.43   	
3222      	3000      	160       	6583.42   	2479.08   	1440.18   	
3223      	3000      	160       	6558.04   	2467.97   	1446.98   	
3224      	3000      	160       	6532.58   	2456.86   	1453.8    	
3225      	3000      	160       	6507.08   	2445.75   	1460.68   	
3226      	3000      	160       	6481.53   	2434.64   	1467.6    	
3227      	3000      	160       	6455.94   	2423.54   	1474.58   	
3228      	3000      	160       	6430.34   	2412.46   	1481.62   	
3229      	3000      	160       	6404.84   	2401.43   	1488.73   	
3230      	3000      	160       	6392.31   	2394.94   	1496.83   	
3230.54   	3000      	160       	6386.77   	2391.86   	1501.34   	
3231.54   	3000      	160       	6379.22   	2387.14   	1509.75   	
3232.54   	3000      	160       	6371.94   	2382.52   	1518.13   	
3233.54   	3000      	160       	6364.59   	2377.89   	1526.46   	
3234.54   	3000      	160       	6357.47   	2373.36   	1534.77   	
3235.54   	3000      	160       	6351.71   	2369.31   	1543.14   	
3236.54   	3000      	160       	6348.06   	2365.99   	1551.64   	
3237.54   	3000      	160       	6347.2    	2363.65   	1560.31   	
3238.54   	3000      	160       	6351.79   	2363.2    	1569.28   	
3239.54   	3000      	160       	6361.11   	2364.38   	1578.51   	
3240.54   	3000      	160       	6374.78   	2367.06   	1587.96   	
3241.54   	3000      	160       	6392.63   	2371.16   	1597.63   	
3242.54   	3000      	160       	6414.55   	2376.62   	1607.51   	
3243.54   	3000      	160       	6440.42   	2383.42   	1617.59   	
3244.54   	3000      	160       	6470.19   	2391.51   	1627.86   	
3245.54   	3000      	160       	6505.55   	2400.89   	1638.3    	
3246.54   	3000      	160       	6548.59   	2411.6    	1648.87   	
3247.54   	3000      	160       	6595.45   	2423.49   	1659.57   	
3248.54   	3000      	160       	6646.14   	2436.56   	1670.42   	
3249.54   	3000      	160       	6700.6    	2450.78   	1681.39   	
3250.54   	3000      	160       	6758.73   	2466.11   	1692.48   	
3251.54   	3000      	160       	6820.35   	2482.49   	1703.67   	
3252.54   	3000      	160       	6885.2    	2499.82   	1714.95   	
3253.54   	3000      	160       	6953.01   	2518.01   	1726.29   	
3254.54   	3000      	160       	7023.42   	2536.93   	1737.67   	
3255.54   	3000      	160       	7096.74   	2556.69   	1749.1    	
3256.54   	3000      	160       	7172.64   	2577.18   	1760.54   	
3257.54   	3000      	160       	7250.6    	2598.22   	1771.96   	
3258.54   	3000      	160       	7330.27   	2619.69   	1783.34   	
3259.54   	3000      	160       	7411.24   	2641.48   	1794.65   	
3260.54   	3000      	160       	7493.84   	2663.69   	1805.91   	
3261.54   	3000      	160       	7577.65   	2686.17   	1817.09   	
3262.54   	3000      	160       	7662.03   	2708.73   	1828.15   	
3263.54   	3000      	160       	7746.47   	2731.21   	1839.08   	
3264.54   	3000      	160       	7830.54   	2753.48   	1849.87   	
3265.54   	3000      	160       	7913.81   	2775.41   	1860.5    	
3266.54   	3000      	160       	7995.92   	2796.89   	1870.98   	
3267.54   	3000      	160       	8076.5    	2817.8    	1881.29   	
3268.54   	3000      	160       	8155.21   	2838.05   	1891.45   	
3269.54   	3000      	160       	8231.77   	2857.54   	1901.45   	
3270.54   	3000      	160       	8302.38   	2875.1    	1911.26   	
3271.54   	3000      	160       	8341.05   	2882.72   	1920.46   	
3272.54   	3000      	160       	8357.68   	2883.37   	1929.64   	
3273.54   	3000      	160       	8359.03   	2879.08   	1939.14   	
3274.54   	3000      	160       	8349.29   	2871.12   	1949.17   	
3275.54   	3000      	160       	8358.27   	2870.09   	1963.69   	
3276.54   	3000      	160       	8359.02   	2866.5    	1979.18   	
3277.54   	3000      	160       	8352.03   	2860.44   	1995.54   	
3278.54   	3000      	160       	8338.91   	2852.38   	2012.84   	
3279.54   	3000      	160       	8461.66   	2884.66   	2034.54   	
3280.09   	3000      	160       	8504.88   	2895.24   	2045.15   	
3281.09   	3000      	160       	8541.64   	2902.05   	2063.04   	
3282.09   	3000      	160       	8568.2    	2905.78   	2080.9    	
3283.09   	3000      	160       	8588.99   	2907.72   	2098.96   	
3284.09   	3000      	160       	8605.56   	2908.35   	2117.28   	
3285.09   	3000      	160       	8618.89   	2907.95   	2135.9    	
3286.09   	3000      	160       	8629.55   	2906.7    	2154.83   	
3287.09   	3000      	160       	8637.89   	2904.7    	2174.09   	
3288.09   	3000      	160       	8644.12   	2902.03   	2193.66   	
3289.09   	3000      	160       	8648.38   	2898.73   	2213.53   	
3290.09   	3000      	160       	8650.8    	2894.84   	2233.7    	
3291.09   	3000      	160       	8651.47   	2890.4    	2254.14   	
3292.09   	3000      	160       	8650.46   	2885.42   	2274.86   	
3293.09   	3000      	160       	8647.96   	2879.98   	2295.83   	
3294.09   	3000      	160       	8644.53   	2874.23   	2317.08   	
3295.09   	3000      	160       	8639.75   	2868.05   	2338.55   	
3296.09   	3000      	160       	8633.68   	2861.48   	2360.25   	
3297.09   	3000      	160       	8626.39   	2854.54   	2382.16   	
3298.09   	3000      	160       	8617.97   	2847.25   	2404.27   	
3299.09   	3000      	160       	8609.7    	2839.98   	2426.61   	
3300.09   	3000      	160       	8601.99   	2832.87   	2449.15   	
3301.09   	3000      	160       	8594.18   	2825.73   	2471.82   	
3302.09   	3000      	160       	8585.94   	2818.47   	2494.6    	
3303.09   	3000      	160       	8577.09   	2811.04   	2517.46   	
3304.09   	3000      	160       	8567.58   	2803.44   	2540.38   	
3305.09   	3000      	160       	8557.35   	2795.64   	2563.34   	
3306.09   	3000      	160       	8546.41   	2787.66   	2586.35   	
3307.09   	3000      	160       	8534.84   	2779.52   	2609.38   	
3308.09   	3000      	160       	8523.33   	2771.42   	2632.49   	
3309.09   	3000      	160       	8511.79   	2763.33   	2655.65   	
3310.09   	3000      	160       	8500      	2755.19   	2678.85   	
3311.09   	3000      	160       	8487.85   	2746.97   	2702.06   	
3312.09   	3000      	160       	8475.24   	2738.66   	2725.24   	
3313.09   	3000      	160       	8462.1    	2730.24   	2748.39   	
3314.09   	3000      	160       	8448.37   	2721.68   	2771.49   	
3315.09   	3000      	160       	8435.16   	2713.31   	2794.58   	
3316.09   	3000      	160       	8422.07   	2705.02   	2817.62   	
3317.09   	3000      	160       	8408.54   	2696.65   	2840.57   	
3318.09   	3000      	160       	8394.52   	2688.19   	2863.41   	
3319.09   	3000      	160       	8380.62   	2679.81   	2886.17   	
3320      	3000      	160       	8368.99   	2672.51   	2906.85   	
3322.64   	3000      	160       	8321.69   	2648.11   	2964.39   	
3327.03   	3000      	160       	8157.38   	2585.98   	3046.62   	
3334.27   	3000      	160       	7698.93   	2438.16   	3140.61   	
3344.27   	3000      	160       	7009.26   	2227.26   	3213.33   	
3354.27   	3000      	160       	6365.27   	2029.81   	3277.6    	
3364.27   	3000      	160       	5738.16   	1834.19   	3352.53   	
3374.27   	3000      	160       	5113.89   	1633.49   	3469.11   	
3384.27   	3000      	160       	4514.12   	1437.71   	3610.8    	
3394.27   	3000      	160       	3967.94   	1257.88   	3763.98   	
3404.27   	3000      	160       	3488.45   	1100.02   	3913.53   	
3414.27   	3000      	160       	3111.15   	975.805   	4044.66   	
3424.27   	3000      	160       	2818.14   	879.838   	4151.55   	
3434.27   	3000      	160       	2631.2    	818.533   	4226.08   	
3440.27   	3000      	160       	2537.49   	788.012   	4262.5    	
3450.27   	3000      	160       	2416.42   	748.597   	4311.19   	
3460.27   	3000      	160       	2317.15   	716.237   	4353.18   	
3470.27   	3000      	160       	2232.96   	688.698   	4391.05   	
3480.27   	3000      	160       	2176.14   	670.311   	4431.02   	
3490.27   	3000      	160       	2137.79   	658.353   	4476.08   	
3500.27   	3000      	160       	2091.4    	644.029   	4522.72   	
3510.27   	3000      	160       	2050.69   	631.256   	4569.92   	
3520.27   	3000      	160       	2001.41   	616.401   	4626.4    	
3530.27   	3000      	160       	1938.12   	597.827   	4686.27   	
3540.27   	3000      	160       	1869.2    	577.911   	4745.21   	
3550.27   	3000      	160       	1805.19   	559.269   	4799.15   	
3560.27   	3000      	160       	1744.99   	541.902   	4850.34   	
3570.27   	3000      	160       	1690.8    	526.433   	4897.75   	
3580.27   	3000      	160       	1642.07   	512.663   	4940.28   	
3590.27   	3000      	160       	1598.55   	500.487   	4978.05   	
3596.71   	3000      	160       	1774.49   	557.132   	4848.82   	
3606.71   	3000      	160       	1881.43   	593.001   	4752.62   	
3616.71   	3000      	160       	1901.37   	601.378   	4734.35   	
3626.71   	3000      	160       	1873.86   	594.505   	4756.41   	
3636.71   	3000      	160       	1826.36   	581.089   	4798.33   	
3646.71   	3000      	160       	1772.37   	565.397   	4846.42   	
3656.71   	3000      	160       	1719.56   	549.877   	4893.53   	
3666.71   	3000      	160       	1672.06   	535.86    	4936      	
3676.71   	3000      	160       	1631.88   	524.003   	4972.04   	
3686.71   	3000      	160       	1599.81   	514.575   	5000.91   	
3696.71   	3000      	160       	1575.99   	507.625   	5022.5    	
3706.71   	3000      	160       	1560.23   	503.096   	5037.18   	
3716.71   	3000      	160       	1552.13   	500.85    	5045.21   	
3726.71   	3000      	160       	1551.19   	500.722   	5047.01   	
3736.71   	3000      	160       	1556.93   	502.538   	5043.07   	
3746.71   	3000      	160       	1568.92   	506.13    	5034.08   	
3756.71   	3000      	160       	5721.75   	1840.45   	5042.94   	
3763.52   	3000      	160       	4963.81   	1592.14   	5327.29   	
3773.52   	3000      	160       	4297.85   	1370.51   	5672.47   	
3783.52   	3000      	160       	3853.47   	1219.18   	5942.65   	
3793.52   	3000      	160       	3557.57   	1114.69   	6130.38   	
3800      	3000      	160       	3414.83   	1062.31   	6207.54   	
