Results for well: MSWell_1_Seg.out in the reservoir: MSWell_1_Seg.out

t		BHP		q(Gas)		q(Oil)		 q(Water)
days		psi		Mscf/d		stb/d		stb/d

0         	4500      	0         	0         	0         	
 ------Seg No.	BHP		Vm(m/s)		Vsg		Vsw		alpha G		alpha O		alpha W
 -------Seg 0	4500      	15.4736	0	2.46481	0	0.840709	0.159291
 -------Seg 1	4507.31   	15.4736	0	2.46481	0	0.840709	0.159291
 -------Seg 2	4514.61   	15.4736	0	2.46481	0	0.840709	0.159291
 -------Seg 3	4521.92   	15.4736	0	2.46481	0	0.840709	0.159291
 -------Seg 4	4529.22   	15.4736	0	2.46481	0	0.840709	0.159291
 -------Seg 5	4536.53   	15.4736	0	2.46481	0	0.840709	0.159291
 -------Seg 6	4543.84   	15.4736	0	2.46481	0	0.840709	0.159291
 -------Seg 7	4551.14   	15.4736	0	2.46481	0	0.840709	0.159291
 -------Seg 8	4558.45   	15.4736	0	2.46481	0	0.840709	0.159291
 -------Seg 9	4565.76   	15.4736	0	2.46481	0	0.840709	0.159291
 -------Seg 10	4573.06   	15.4736	0	2.46481	0	0.840709	0.159291
 -------Seg 11	4580.37   	15.4736	0	2.46481	0	0.840709	0.159291



0.01      	4500      	2657.5    	2310.87   	730.655   	
 ------Seg No.	BHP		Vm(m/s)		Vsg		Vsw		alpha G		alpha O		alpha W
 -------Seg 0	4500      	5.5852	0.350539	0.832056	0.0627621	0.788263	0.148975
 -------Seg 1	4566.25   	5.5419	0.306691	0.831854	0.0553403	0.794557	0.150103
 -------Seg 2	4632.2    	5.50019	0.265594	0.83146	0.0482882	0.800542	0.151169
 -------Seg 3	4697.86   	5.45998	0.225832	0.831094	0.0413612	0.806423	0.152216
 -------Seg 4	4763.23   	5.4212	0.187327	0.830756	0.0345546	0.812203	0.153242
 -------Seg 5	4828.34   	5.38377	0.150012	0.830445	0.0278638	0.817886	0.15425
 -------Seg 6	4893.19   	5.34762	0.113822	0.83016	0.0212847	0.823476	0.155239
 -------Seg 7	4957.8    	5.31271	0.0786979	0.829902	0.0148131	0.828976	0.156211
 -------Seg 8	5022.17   	5.27896	0.0445929	0.829668	0.00844728	0.834388	0.157165
 -------Seg 9	5086.33   	5.24634	0.0114499	0.82946	0.00218246	0.839715	0.158103
 -------Seg 10	5150.37   	5.22995	0	0.829276	0	0.841437	0.158563
 -------Seg 11	5219.54   	5.22554	0	0.829092	0	0.841339	0.158661



0.11      	4500      	2649.04   	2303.52   	728.036   	
 ------Seg No.	BHP		Vm(m/s)		Vsg		Vsw		alpha G		alpha O		alpha W
 -------Seg 0	4500      	5.57632	0.365251	0.82791	0.0655004	0.786031	0.148469
 -------Seg 1	4565.97   	5.53316	0.32133	0.827745	0.0580735	0.792329	0.149597
 -------Seg 2	4631.64   	5.49144	0.278857	0.82758	0.0507804	0.798516	0.150704
 -------Seg 3	4697.03   	5.45109	0.237751	0.827416	0.0436153	0.804595	0.151789
 -------Seg 4	4762.14   	5.41203	0.197941	0.827253	0.0365742	0.810571	0.152855
 -------Seg 5	4826.98   	5.37419	0.159361	0.82709	0.029653	0.816447	0.1539
 -------Seg 6	4891.57   	5.33753	0.121951	0.826929	0.0228479	0.822225	0.154927
 -------Seg 7	4955.92   	5.30198	0.0856553	0.826768	0.0161554	0.827909	0.155936
 -------Seg 8	5020.02   	5.26749	0.0504276	0.826608	0.00957336	0.8335	0.156926
 -------Seg 9	5083.9    	5.23403	0.0162277	0.826448	0.00310043	0.839001	0.157899
 -------Seg 10	5147.65   	5.21551	0	0.82629	0	0.841571	0.158429
 -------Seg 11	5216.48   	5.20997	0	0.826118	0	0.841435	0.158565



0.397858  	4500      	2643.65   	2298.82   	726.339   	
 ------Seg No.	BHP		Vm(m/s)		Vsg		Vsw		alpha G		alpha O		alpha W
 -------Seg 0	4500      	5.56471	0.364546	0.825972	0.0655103	0.786059	0.14843
 -------Seg 1	4565.75   	5.52178	0.320858	0.825809	0.0581076	0.792338	0.149555
 -------Seg 2	4631.2    	5.48028	0.278599	0.825646	0.0508366	0.798506	0.150658
 -------Seg 3	4696.37   	5.44013	0.237696	0.825484	0.043693	0.804567	0.15174
 -------Seg 4	4761.27   	5.40127	0.198078	0.825323	0.0366725	0.810526	0.152802
 -------Seg 5	4825.91   	5.36362	0.159682	0.825162	0.0297712	0.816385	0.153844
 -------Seg 6	4890.29   	5.32713	0.122446	0.825002	0.0229854	0.822147	0.154868
 -------Seg 7	4954.43   	5.29175	0.0863165	0.824843	0.0163115	0.827815	0.155873
 -------Seg 8	5018.33   	5.25742	0.0512449	0.824684	0.00974717	0.833392	0.156861
 -------Seg 9	5082      	5.22411	0.0171999	0.824526	0.00329241	0.838877	0.157831
 -------Seg 10	5145.55   	5.20481	8.65536e-016	0.824369	1.66295e-016	0.841614	0.158386
 -------Seg 11	5214.14   	5.1993	8.31277e-016	0.824199	1.59882e-016	0.841479	0.158521



1.23563   	4500      	2636.7    	2292.79   	724.161   	
 ------Seg No.	BHP		Vm(m/s)		Vsg		Vsw		alpha G		alpha O		alpha W
 -------Seg 0	4500      	5.54979	0.363589	0.823495	0.0655139	0.786103	0.148383
 -------Seg 1	4565.47   	5.50716	0.320199	0.823333	0.0581424	0.792355	0.149502
 -------Seg 2	4630.64   	5.46593	0.278224	0.823171	0.0509014	0.798498	0.1506
 -------Seg 3	4695.54   	5.42605	0.237588	0.823011	0.0437866	0.804536	0.151678
 -------Seg 4	4760.16   	5.38743	0.198224	0.82285	0.0367939	0.810471	0.152735
 -------Seg 5	4824.53   	5.35002	0.160069	0.822691	0.0299193	0.816307	0.153773
 -------Seg 6	4888.64   	5.31375	0.123063	0.822532	0.0231593	0.822048	0.154793
 -------Seg 7	4952.52   	5.27858	0.0871503	0.822374	0.0165102	0.827695	0.155795
 -------Seg 8	5016.15   	5.24445	0.0522826	0.822217	0.00996912	0.833252	0.156778
 -------Seg 9	5079.57   	5.21134	0.0184392	0.82206	0.00353827	0.838717	0.157744
 -------Seg 10	5142.85   	5.19105	2.91544e-016	0.821903	5.61629e-017	0.841669	0.158331
 -------Seg 11	5211.15   	5.18558	2.2513e-016	0.821735	4.34147e-017	0.841535	0.158465



3.61688   	4500      	2618.58   	2277.03   	718.487   	
 ------Seg No.	BHP		Vm(m/s)		Vsg		Vsw		alpha G		alpha O		alpha W
 -------Seg 0	4500      	5.51085	0.361089	0.817043	0.0655233	0.786216	0.148261
 -------Seg 1	4564.73   	5.46898	0.318474	0.816883	0.0582328	0.7924	0.149367
 -------Seg 2	4629.18   	5.42847	0.27723	0.816725	0.0510697	0.798478	0.150452
 -------Seg 3	4693.36   	5.38927	0.237289	0.816567	0.0440298	0.804453	0.151517
 -------Seg 4	4757.28   	5.35129	0.198583	0.81641	0.0371093	0.810328	0.152563
 -------Seg 5	4820.94   	5.31449	0.161052	0.816253	0.0303042	0.816106	0.15359
 -------Seg 6	4884.36   	5.27881	0.124639	0.816098	0.0236112	0.82179	0.154599
 -------Seg 7	4947.55   	5.24419	0.0892908	0.815942	0.0170266	0.827384	0.15559
 -------Seg 8	5010.51   	5.21058	0.0549582	0.815788	0.0105474	0.832889	0.156564
 -------Seg 9	5073.25   	5.17797	0.021631	0.815634	0.0041775	0.838303	0.15752
 -------Seg 10	5135.83   	5.15514	3.41407e-016	0.81548	6.62266e-017	0.841812	0.158188
 -------Seg 11	5203.38   	5.14976	3.88411e-016	0.815315	7.54231e-017	0.841679	0.158321



10.0133   	4500      	2568.96   	2233.88   	703.025   	
 ------Seg No.	BHP		Vm(m/s)		Vsg		Vsw		alpha G		alpha O		alpha W
 -------Seg 0	4500      	5.40433	0.354247	0.79946	0.0655488	0.786521	0.14793
 -------Seg 1	4562.75   	5.36448	0.313699	0.799309	0.0584771	0.792523	0.149
 -------Seg 2	4625.25   	5.3259	0.274415	0.799159	0.0515246	0.798424	0.150051
 -------Seg 3	4687.49   	5.28852	0.236331	0.799009	0.0446876	0.804229	0.151084
 -------Seg 4	4749.5    	5.25228	0.199389	0.79886	0.0379624	0.80994	0.152098
 -------Seg 5	4811.26   	5.21712	0.163535	0.798711	0.0313458	0.81556	0.153094
 -------Seg 6	4872.81   	5.18299	0.128717	0.798563	0.0248344	0.821092	0.154074
 -------Seg 7	4934.13   	5.14986	0.094887	0.798416	0.0184252	0.826538	0.155037
 -------Seg 8	4995.25   	5.11766	0.0620011	0.798269	0.0121151	0.831902	0.155983
 -------Seg 9	5056.16   	5.0864	0.0300532	0.798123	0.00590855	0.837178	0.156913
 -------Seg 10	5116.89   	5.05684	0	0.797977	0	0.842198	0.157802
 -------Seg 11	5182.38   	5.05172	2.58839e-016	0.79782	5.12377e-017	0.84207	0.15793



20.0133   	4500      	2491.67   	2166.67   	679.157   	
 ------Seg No.	BHP		Vm(m/s)		Vsg		Vsw		alpha G		alpha O		alpha W
 -------Seg 0	4500      	5.23865	0.34359	0.772318	0.0655875	0.786986	0.147427
 -------Seg 1	4559.75   	5.20183	0.306117	0.772179	0.058848	0.792708	0.148444
 -------Seg 2	4619.28   	5.16611	0.269753	0.772041	0.0522158	0.798341	0.149443
 -------Seg 3	4678.59   	5.13145	0.234445	0.771903	0.0456878	0.803886	0.150426
 -------Seg 4	4737.68   	5.0978	0.200144	0.771765	0.0392609	0.809347	0.151392
 -------Seg 5	4796.57   	5.0651	0.166805	0.771629	0.0329322	0.814726	0.152342
 -------Seg 6	4855.26   	5.03333	0.134384	0.771492	0.0266988	0.820024	0.153277
 -------Seg 7	4913.76   	5.00242	0.102841	0.771357	0.0205581	0.825245	0.154197
 -------Seg 8	4972.08   	4.97236	0.0721374	0.771221	0.0145077	0.830391	0.155102
 -------Seg 9	5030.21   	4.94312	0.0422577	0.771086	0.00854881	0.835459	0.155992
 -------Seg 10	5088.17   	4.91463	0.0131619	0.770949	0.00267809	0.840454	0.156868
 -------Seg 11	5150.55   	4.89907	4.62416e-016	0.770807	9.43886e-017	0.842663	0.157337



30.0133   	4500      	2414.78   	2099.81   	655.657   	
 ------Seg No.	BHP		Vm(m/s)		Vsg		Vsw		alpha G		alpha O		alpha W
 -------Seg 0	4500      	5.0741	0.332987	0.745595	0.0656249	0.787434	0.146941
 -------Seg 1	4556.87   	5.04012	0.298403	0.745467	0.0592056	0.792888	0.147907
 -------Seg 2	4613.54   	5.0071	0.26479	0.74534	0.0528829	0.798261	0.148856
 -------Seg 3	4670.01   	4.97502	0.232104	0.745213	0.0466538	0.803555	0.149791
 -------Seg 4	4726.31   	4.94381	0.200303	0.745087	0.0405159	0.808773	0.150711
 -------Seg 5	4782.42   	4.91346	0.169351	0.744961	0.0344667	0.813917	0.151616
 -------Seg 6	4838.36   	4.88391	0.13921	0.744835	0.0285038	0.818988	0.152508
 -------Seg 7	4894.13   	4.85514	0.109846	0.74471	0.0226248	0.823989	0.153386
 -------Seg 8	4949.74   	4.82711	0.0812289	0.744586	0.0168276	0.828922	0.154251
 -------Seg 9	5005.19   	4.7998	0.0533268	0.744462	0.0111102	0.833787	0.155103
 -------Seg 10	5060.48   	4.77321	0.0261465	0.744338	0.00547777	0.838581	0.155941
 -------Seg 11	5119.86   	4.74726	0	0.744205	0	0.843235	0.156765



40.0133   	4500      	2338.24   	2033.26   	632.503   	
 ------Seg No.	BHP		Vm(m/s)		Vsg		Vsw		alpha G		alpha O		alpha W
 -------Seg 0	4500      	4.91057	0.322432	0.719264	0.0656609	0.787866	0.146473
 -------Seg 1	4554.09   	4.87925	0.290561	0.719147	0.0595503	0.793061	0.147389
 -------Seg 2	4608.01   	4.84878	0.259537	0.71903	0.0535262	0.798183	0.148291
 -------Seg 3	4661.76   	4.81912	0.229324	0.718914	0.0475864	0.803234	0.149179
 -------Seg 4	4715.35   	4.79024	0.19989	0.718798	0.0417285	0.808217	0.150055
 -------Seg 5	4768.78   	4.7621	0.1712	0.718682	0.0359506	0.813132	0.150917
 -------Seg 6	4822.07   	4.73467	0.143226	0.718567	0.0302505	0.817983	0.151767
 -------Seg 7	4875.2    	4.70793	0.115939	0.718452	0.0246263	0.822769	0.152605
 -------Seg 8	4928.2    	4.68185	0.0893121	0.718337	0.0190762	0.827494	0.15343
 -------Seg 9	4981.06   	4.6564	0.0633197	0.718223	0.0135984	0.832157	0.154244
 -------Seg 10	5033.78   	4.63158	0.0379589	0.718109	0.00819566	0.836758	0.155046
 -------Seg 11	5090.33   	4.60553	0.0113385	0.717985	0.00246192	0.841642	0.155896



50        	4500      	2262.3    	1967.21   	609.752   	
 ------Seg No.	BHP		Vm(m/s)		Vsg		Vsw		alpha G		alpha O		alpha W
 -------Seg 0	4500      	4.74856	0.31196	0.693392	0.0656956	0.788283	0.146021
 -------Seg 1	4551.43   	4.71974	0.282624	0.693285	0.0598813	0.793228	0.146891
 -------Seg 2	4602.71   	4.69165	0.254026	0.693178	0.0541444	0.798109	0.147747
 -------Seg 3	4653.84   	4.66427	0.226138	0.693071	0.048483	0.802925	0.148592
 -------Seg 4	4704.84   	4.63757	0.19893	0.692964	0.0428953	0.807681	0.149424
 -------Seg 5	4755.7    	4.61152	0.172376	0.692858	0.0373795	0.812375	0.150245
 -------Seg 6	4806.44   	4.5861	0.146452	0.692752	0.0319339	0.817011	0.151055
 -------Seg 7	4857.04   	4.56129	0.121133	0.692647	0.0265567	0.82159	0.151853
 -------Seg 8	4907.52   	4.53705	0.0963965	0.692542	0.0212465	0.826112	0.152641
 -------Seg 9	4957.88   	4.51338	0.0722215	0.692437	0.0160016	0.83058	0.153419
 -------Seg 10	5008.13   	4.49025	0.0485876	0.692332	0.0108207	0.834994	0.154186
 -------Seg 11	5061.98   	4.46601	0.0238134	0.69222	0.00533215	0.83967	0.154997


