
 Simulation Finished Successfully 


 -------------------------- Performance Report -------------------------- 


 ------------ Mass Balance Error Report ------------- 

 OCIP     :	1.06975e+009	6.4185e+007	1.49765e+008	4.279e+008	3.20925e+008	1.06975e+008	4.79775e+009	

 Residual :	1.14587e+009	6.7992e+007	1.46615e+008	4.12479e+008	3.09312e+008	1.03104e+008	4.79773e+009	
 Facilty  :	-1.14743e+008	-6.12832e+006	-2.26827e+006	-62096.9	-230.387	0	0	
 Facilty  :	3.86268e+007	2.32133e+006	5.41876e+006	1.54836e+007	1.16129e+007	3.87097e+006	19760.7	

 MB_Error :	-39.502	-2.0383	-20.7484	-69.1325	-51.1916	-16.5348	-0.105606	
 Rel_Error:	3.69264e-006%	3.17567e-006%	1.38539e-005%	1.61562e-005%	1.59513e-005%	1.54567e-005%	2.20117e-009%	


 ---- Total EoS counters ----
 flash iters SSI    =       4582, flash iters Newton =          0
 Stab. iters SSI    =   15563262, Stab. iters Newton =    2567321

 No of Satb for Oil = 667715, No of Satb for gas = 627711, No of flash =   383
 time of Satb for Oil = 27.863, time of Satb for gas = 15.494, time for flash = 0.015



Statistics of bypass stability analysis:
Total No:				 668561
Bypass No:				 0
Failed Pressure No:	 0
Failed Composition  No: 0

 Variable Type : -----------------  Natural Variables
 Number of Implicit levels: ------        1
                    ImpVar --- TransImpLvl --- CFL_Limit --- Percent
       Scheme 0 :     7             4             1           100%

 Linear solver choice : ----------        5
 Preconditioner choice : ---------        4
 Linear solver Tolerance : -------     0.01

 Total running time: -------------       76 sec  ( 100 % )
   -Initialization time: ---------        1 sec  (   1 % )
   -Property Calc  time: ---------    45.74 sec  (  60 % )
   -Linearization  time: ---------    9.451 sec  (  12 % )
   -Newton Update  time: ---------    0.188 sec  (   0 % )
   -Solver running time: ---------   12.913 sec  (  17 % )
      --(B)ILU Pre fac time: -----     3.26 sec  (   4 % )
      --(B)ILU Pre slv time: -----    1.811 sec  (   2 % )
      --Pres dcpl time: ----------    1.613 sec  (   2 % )
      --Pres slv time: -----------    0.673 sec  (   1 % )
   -Timestep Calc  time: ---------        0 sec  (   0 % )
   -CFL No.  Calc  time: ---------        0 sec  (   0 % )


 Compositional simulation only:
 Initialization time for reservoir: ---------    0.547 sec
 Phase equilibrium running time: ------------   43.244 sec


 No. of timesteps: ---------------       47

 No. of Newton Iters : -----------      199
 No. of Waste Newton Iters : -----        0

 No. of Solver Iters : -----------      527
 No. of Waste Solver Iters : -----        0

 No. of Pres slvr iters : --------      527
 No. of Waste Pres slvr iters: ---        0

 Total elapsed = 76, steps = 47, Newton = 199, linear = 527

