Results for well: RES1_PROD.out in the reservoir: RES1_PROD.out

time	BHP	Temp	q(Gas)	q(Oil)	 q(Water)
days	psi	F	Mscf/d	stb/d	stb/d
0         	0         	-         	0         	0         	0         	
0.01      	3000      	160       	21927.6   	39590.9   	0.018797  	
0.0329912 	3000      	160       	21069.6   	38041.8   	0.044198  	
0.0819232 	3000      	160       	19892.9   	35917.2   	0.075082  	
0.176161  	3000      	160       	18547.9   	33488.8   	0.104907  	
0.34812   	3000      	160       	17246.7   	31139.5   	0.128346  	
0.665748  	3000      	160       	16083.7   	29039.6   	0.144905  	
1.23468   	3000      	160       	15136.4   	27329.2   	0.155402  	
2.18563   	3000      	160       	14520.6   	26217.3   	0.160811  	
3.18563   	3000      	160       	14337.9   	25887.5   	0.162204  	
3.51862   	3000      	160       	14316     	25848     	0.162363  	
4.2882    	3000      	160       	14401.2   	26001.8   	0.161729  	
4.7882    	3000      	160       	14500.8   	26181.6   	0.160962  	
5.7882    	3000      	160       	14813.2   	26745.6   	0.158369  	
6.7882    	3000      	160       	15194.9   	27434.8   	0.154813  	
7.7882    	3000      	160       	15614.4   	28192.3   	0.150411  	
8.7882    	3000      	160       	16049.2   	28977.3   	0.145296  	
9.12114   	3000      	160       	16194.9   	29240.3   	0.143456  	
10.0101   	3000      	160       	16580.6   	29936.7   	0.138275  	
11.0101   	3000      	160       	17000.2   	30694.3   	0.132124  	
12.0101   	3000      	160       	17399.1   	31414.6   	0.125776  	
13.0101   	3000      	160       	17773.6   	32090.7   	0.119368  	
14.0101   	3000      	160       	18121.6   	32719     	0.113021  	
15.0101   	3000      	160       	18442.8   	33299     	0.106826  	
16.0101   	3000      	160       	18737.7   	33831.5   	0.10085   	
17.0101   	3000      	160       	19007.5   	34318.5   	0.0951438 	
18.0101   	3000      	160       	19253.4   	34762.5   	0.0897381 	
18.3429   	3000      	160       	19332.7   	34905.7   	0.0879543 	
19.2869   	3000      	160       	19538.2   	35276.8   	0.0832344 	
19.6011   	3000      	160       	19604.5   	35396.5   	0.0816818 	
20.5005   	3000      	160       	19778.5   	35710.6   	0.077542  	
21.5005   	3000      	160       	19953.9   	36027.4   	0.0732673 	
22.5005   	3000      	160       	20112.9   	36314.5   	0.0693045 	
23.5005   	3000      	160       	20257.2   	36574.9   	0.0656378 	
24.5005   	3000      	160       	20388.1   	36811.3   	0.0622492 	
25.5005   	3000      	160       	20507.1   	37026.1   	0.0591215 	
26.5005   	3000      	160       	20615.2   	37221.3   	0.0562372 	
27.5005   	3000      	160       	20713.5   	37398.9   	0.0535779 	
28.5005   	3000      	160       	20803.2   	37560.8   	0.0511248 	
29.5005   	3000      	160       	20885.2   	37708.7   	0.0488591 	
30.5005   	3000      	160       	20960.2   	37844.3   	0.0467631 	
31.5005   	3000      	160       	21029.2   	37968.8   	0.0448198 	
32.5005   	3000      	160       	21092.8   	38083.6   	0.0430137 	
33.5005   	3000      	160       	21151.6   	38189.7   	0.0413306 	
34.5005   	3000      	160       	21206.1   	38288.2   	0.0397577 	
35.5005   	3000      	160       	21256.9   	38379.9   	0.0382837 	
35.8334   	3000      	160       	21273.4   	38409.8   	0.0378023 	
36.8196   	3000      	160       	21319.3   	38492.5   	0.0364607 	
37.8196   	3000      	160       	21362.9   	38571.3   	0.0351774 	
38.8196   	3000      	160       	21404     	38645.4   	0.0339628 	
39.8196   	3000      	160       	21442.8   	38715.5   	0.0328094 	
40.1525   	3000      	160       	21455.4   	38738.4   	0.0324309 	
41.1416   	3000      	160       	21491.3   	38803.1   	0.0313589 	
42.1416   	3000      	160       	21525.8   	38865.4   	0.0303225 	
43.1416   	3000      	160       	21558.7   	38924.9   	0.0293287 	
44.1416   	3000      	160       	21590.3   	38981.8   	0.0283732 	
45.1416   	3000      	160       	21620.6   	39036.5   	0.0274522 	
46.1416   	3000      	160       	21649.7   	39089.2   	0.0265624 	
47.1416   	3000      	160       	21677.9   	39140     	0.0257008 	
48.1416   	3000      	160       	21705.1   	39189.1   	0.0248646 	
49.1416   	3000      	160       	21731.5   	39236.8   	0.0240513 	
50.1416   	3000      	160       	21757.1   	39283     	0.0232595 	
51.1416   	3000      	160       	21782     	39327.9   	0.022488  	
52.1416   	3000      	160       	21806.2   	39371.6   	0.021735  	
53.1416   	3000      	160       	21829.8   	39414.2   	0.020999  	
54.1416   	3000      	160       	21852.8   	39455.9   	0.0202783 	
55.1416   	3000      	160       	21875.4   	39496.5   	0.0195717 	
55.4745   	3000      	160       	21882.8   	39510     	0.0193372 	
56.4673   	3000      	160       	21904.6   	39549.4   	0.0186506 	
57.4673   	3000      	160       	21926.2   	39588.3   	0.0179716 	
58.4673   	3000      	160       	21947.3   	39626.4   	0.0173042 	
59.4673   	3000      	160       	21968     	39663.9   	0.0166474 	
59.8002   	3000      	160       	21974.9   	39676.3   	0.0164292 	
60.7935   	3000      	160       	21995.1   	39712.8   	0.0157873 	
61.7935   	3000      	160       	22015.2   	39748.9   	0.0151504 	
62.7935   	3000      	160       	22034.9   	39784.5   	0.0145222 	
63.7935   	3000      	160       	22054.4   	39819.6   	0.013902  	
64.7935   	3000      	160       	22073.5   	39854.3   	0.013289  	
65.7935   	3000      	160       	22092.5   	39888.5   	0.0126822 	
66.7935   	3000      	160       	22111.3   	39922.3   	0.0120809 	
67.7935   	3000      	160       	22129.9   	39955.9   	0.0114842 	
68.1263   	3000      	160       	22136.1   	39967.1   	0.0112853 	
69.12     	3000      	160       	22154.4   	40000.2   	0.0106953 	
70.12     	3000      	160       	22172.8   	40033.2   	0.0101056 	
71.12     	3000      	160       	22191     	40066.1   	0.00951934	
72.12     	3000      	160       	22209.1   	40098.6   	0.00893671	
73.12     	3000      	160       	22227     	40131     	0.00835732	
73.4529   	3000      	160       	22233     	40141.8   	0.00816404	
74.447    	3000      	160       	22250.8   	40173.7   	0.00759092	
75.447    	3000      	160       	22268.5   	40205.6   	0.00701823	
76.447    	3000      	160       	22286.1   	40237.3   	0.00644829	
77.447    	3000      	160       	22303.7   	40268.9   	0.00587996	
78.447    	3000      	160       	22321.2   	40300.4   	0.0053124 	
79.447    	3000      	160       	22338.7   	40331.8   	0.00474552	
79.7799   	3000      	160       	22344.5   	40342.3   	0.00455604	
80.7741   	3000      	160       	22362     	40373.6   	0.00399056	
81.7741   	3000      	160       	22379.5   	40405.1   	0.00342185	
82.7741   	3000      	160       	22397.1   	40436.5   	0.00285242	
83.7741   	3000      	160       	22414.7   	40468.1   	0.0022815 	
84.7741   	3000      	160       	22432.4   	40499.7   	0.00170855	
85.7741   	3000      	160       	22450.1   	40531.4   	0.00113343	
86.7741   	3000      	160       	22467.9   	40563.1   	0.000556237	
87.7741   	3000      	160       	22485.8   	40595     	0         	
88.7741   	3000      	160       	22503.7   	40626.9   	0         	
89.7741   	3000      	160       	22521.8   	40658.9   	0         	
90.7741   	3000      	160       	22539.9   	40691     	0         	
91.7741   	3000      	160       	22558.2   	40723.3   	0         	
92.7741   	3000      	160       	22576.6   	40755.8   	0         	
93.107    	3000      	160       	22582.8   	40766.7   	0         	
94.1014   	3000      	160       	22601.3   	40799.4   	0         	
95.1014   	3000      	160       	22620.1   	40832.4   	0         	
96.1014   	3000      	160       	22639.1   	40865.6   	0         	
97.1014   	3000      	160       	22658.2   	40899     	0         	
98.1014   	3000      	160       	22677.5   	40932.6   	0         	
99.1014   	3000      	160       	22697.1   	40966.5   	0         	
100.101   	3000      	160       	22716.8   	41000.6   	0         	
101.101   	3000      	160       	22736.8   	41034.9   	0         	
102.101   	3000      	160       	22756.9   	41069.5   	0         	
102.434   	3000      	160       	22763.7   	41081.1   	0         	
103.429   	3000      	160       	22784.2   	41116     	0         	
104.429   	3000      	160       	22805     	41151.3   	0         	
105.429   	3000      	160       	22826.2   	41187     	0         	
106.429   	3000      	160       	22847.6   	41223     	0         	
107.429   	3000      	160       	22869.4   	41259.3   	0         	
108.429   	3000      	160       	22891.5   	41295.9   	0         	
109.429   	3000      	160       	22914     	41333     	0         	
110.429   	3000      	160       	22936.9   	41370.5   	0         	
111.429   	3000      	160       	22960.3   	41408.3   	0         	
111.762   	3000      	160       	22968.1   	41421     	0         	
112.756   	3000      	160       	22991.9   	41459.3   	0         	
113.756   	3000      	160       	23016.3   	41498.1   	0         	
114.756   	3000      	160       	23041.2   	41537.5   	0         	
115.756   	3000      	160       	23066.7   	41577.3   	0         	
116.756   	3000      	160       	23092.7   	41617.7   	0         	
117.756   	3000      	160       	23119.4   	41658.7   	0         	
118.756   	3000      	160       	23146.8   	41700.3   	0         	
119.756   	3000      	160       	23174.9   	41742.5   	0         	
120.756   	3000      	160       	23203.8   	41785.6   	0         	
121.089   	3000      	160       	23213.6   	41800.1   	0         	
122.083   	3000      	160       	23243.5   	41844     	0         	
123.083   	3000      	160       	23274.4   	41888.8   	0         	
124.083   	3000      	160       	23306.2   	41934.2   	0         	
124.416   	3000      	160       	23316.9   	41949.5   	0         	
125.41    	3000      	160       	23349.7   	41995.7   	0         	
126.41    	3000      	160       	23383.8   	42042.9   	0         	
127.41    	3000      	160       	23418.9   	42091     	0         	
128.41    	3000      	160       	23455.2   	42139.9   	0         	
128.743   	3000      	160       	23467.4   	42156.3   	0         	
129.737   	3000      	160       	23505.1   	42206.1   	0         	
130.737   	3000      	160       	23544.3   	42257.1   	0         	
131.737   	3000      	160       	23584.8   	42309.1   	0         	
132.737   	3000      	160       	23626.8   	42362     	0         	
133.737   	3000      	160       	23670.4   	42415.9   	0         	
134.07    	3000      	160       	23685.1   	42434.1   	0         	
135.064   	3000      	160       	23730.6   	42489.3   	0         	
136.064   	3000      	160       	23778.1   	42545.7   	0         	
137.064   	3000      	160       	23827.4   	42603.3   	0         	
138.064   	3000      	160       	23878.6   	42662     	0         	
139.064   	3000      	160       	23898.5   	42662.3   	0         	
139.507   	3000      	160       	23907.5   	42662.3   	0         	
140.507   	3000      	160       	23941.4   	42683.9   	0         	
141.507   	3000      	160       	23984.8   	42719.7   	0         	
142.507   	3000      	160       	24034.4   	42763.5   	0         	
143.507   	3000      	160       	24088.1   	42811.5   	0         	
144.507   	3000      	160       	24145     	42861.6   	0         	
145.507   	3000      	160       	24207.6   	42918.2   	0         	
146.507   	3000      	160       	24275.6   	42980.4   	0         	
147.507   	3000      	160       	24350.4   	43050.3   	0         	
147.84    	3000      	160       	24376.2   	43074.7   	0         	
148.71    	3000      	160       	24448.4   	43143.5   	0         	
149       	3000      	160       	24473.1   	43167.1   	0         	
149.771   	3000      	160       	24542.5   	43233.7   	0         	
150.771   	3000      	160       	24638     	43324.4   	0         	
151.771   	3000      	160       	24739.1   	43419.2   	0         	
152.771   	3000      	160       	24846.6   	43519.2   	0         	
153.771   	3000      	160       	24960.3   	43623.9   	0         	
154.771   	3000      	160       	25079.8   	43731.6   	0         	
155.771   	3000      	160       	25202.9   	43838.4   	0         	
156.771   	3000      	160       	25271.1   	43842.4   	0         	
157.222   	3000      	160       	25302     	43843.1   	0         	
158.222   	3000      	160       	25393.2   	43876.4   	0         	
159.222   	3000      	160       	25501.8   	43931.4   	0         	
160.222   	3000      	160       	25622.6   	43998.6   	0         	
161.222   	3000      	160       	25752.5   	44072     	0         	
161.554   	3000      	160       	25797     	44097.4   	0         	
162.499   	3000      	160       	25929.7   	44171.9   	0         	
163.499   	3000      	160       	26078     	44253.3   	0         	
164.499   	3000      	160       	26235.7   	44339.4   	0         	
165.499   	3000      	160       	26404.2   	44431.8   	0         	
166.499   	3000      	160       	26583.3   	44529.4   	0         	
167.499   	3000      	160       	26772.6   	44630.9   	0         	
168.499   	3000      	160       	26972.4   	44735.8   	0         	
168.832   	3000      	160       	27040.5   	44771.6   	0         	
169.788   	3000      	160       	27244.9   	44875.7   	0         	
170.788   	3000      	160       	27471     	44989.2   	0         	
171.788   	3000      	160       	27710.3   	45107.7   	0         	
172.788   	3000      	160       	27962.7   	45230.1   	0         	
173.788   	3000      	160       	28228.5   	45355.8   	0         	
174.788   	3000      	160       	28508     	45484.4   	0         	
175.121   	3000      	160       	28603.3   	45528.4   	0         	
176.091   	3000      	160       	28892.8   	45656.7   	0         	
177.091   	3000      	160       	29206.2   	45791.7   	0         	
178.091   	3000      	160       	29401.3   	45722.6   	0         	
178.52    	3000      	160       	29491.5   	45700     	0         	
179.52    	3000      	160       	29760.6   	45719.3   	0         	
180.52    	3000      	160       	30069.8   	45779.3   	0         	
181.52    	3000      	160       	30404.8   	45856.9   	0         	
182.52    	3000      	160       	30763.8   	45947.8   	0         	
183.52    	3000      	160       	31143     	46045.5   	0         	
184.52    	3000      	160       	31540.9   	46146.6   	0         	
185.52    	3000      	160       	31956.8   	46249.9   	0         	
186.52    	3000      	160       	32390.9   	46354.8   	0         	
187.52    	3000      	160       	32846.9   	46466.1   	0         	
188.52    	3000      	160       	33328.5   	46588.2   	0         	
188.853   	3000      	160       	33493.1   	46631.4   	0         	
189.815   	3000      	160       	33983.9   	46755.2   	0         	
190.815   	3000      	160       	34514.5   	46886.4   	0         	
191.815   	3000      	160       	35064.4   	47018.5   	0         	
192.815   	3000      	160       	35633     	47150.6   	0         	
193.815   	3000      	160       	36219.8   	47282.4   	0         	
194.815   	3000      	160       	36821.2   	47409.3   	0         	
195.148   	3000      	160       	37025.4   	47453.1   	0         	
196.073   	3000      	160       	37596.6   	47562.3   	0         	
197.073   	3000      	160       	38217.2   	47663.6   	0         	
198.073   	3000      	160       	38843.7   	47752.4   	0         	
199.073   	3000      	160       	39479.5   	47834.3   	0         	
200.073   	3000      	160       	40113.7   	47897.7   	0         	
201.073   	3000      	160       	40749.5   	47948.2   	0         	
202.073   	3000      	160       	41387.7   	47988.5   	0         	
203.073   	3000      	160       	42029.5   	48021.5   	0         	
204.073   	3000      	160       	42667.8   	48041.4   	0         	
205.073   	3000      	160       	43298.9   	48046.5   	0         	
206.073   	3000      	160       	43923.5   	48040.5   	0         	
207.073   	3000      	160       	44540.4   	48024.5   	0.00322691	
208.073   	3000      	160       	45149     	48000.2   	0.00737822	
209.073   	3000      	160       	45702.7   	47922     	0.0121935 	
209.186   	3000      	160       	45765     	47913     	0.0127304 	
209.297   	3000      	160       	45825.6   	47903.5   	0.0132672 	
209.343   	3000      	160       	45850.8   	47899.5   	0.0134906 	
209.479   	3000      	160       	45925.5   	47887.9   	0.0141452 	
209.593   	3000      	160       	45988.1   	47878.6   	0.0146831 	
209.792   	3000      	160       	46097.3   	47863     	0.0156079 	
210.081   	3000      	160       	46255.1   	47839.1   	0.016958  	
210.792   	3000      	160       	46646.7   	47789.6   	0.0200692 	
211.195   	3000      	160       	46869.8   	47764.2   	0.02176   	
212.195   	3000      	160       	47411.9   	47700.6   	0.0258219 	
213.195   	3000      	160       	47922.2   	47618.2   	0.0299671 	
214.195   	3000      	160       	48395.6   	47515.4   	0.0341959 	
214.695   	3000      	160       	48627.1   	47462.8   	0.0362645 	
214.717   	3000      	160       	48637.4   	47460.5   	0.0363556 	
214.731   	3000      	160       	48643.7   	47459.1   	0.0364108 	
214.769   	3000      	160       	48661.5   	47455     	0.0365684 	
214.802   	3000      	160       	48676.7   	47451.6   	0.0367029 	
214.891   	3000      	160       	48717.1   	47442     	0.0370673 	
215.135   	3000      	160       	48824.1   	47412.5   	0.0381031 	
215.834   	3000      	160       	49101.8   	47310.2   	0.0412134 	
216.834   	3000      	160       	49515.4   	47200.6   	0.0449963 	
217.334   	3000      	160       	49746.2   	47172.4   	0.0464997 	
217.584   	3000      	160       	49857.5   	47155.5   	0.0472744 	
217.659   	3000      	160       	49892     	47151.5   	0.0474927 	
217.663   	3000      	160       	49893.4   	47151.1   	0.0475049 	
217.673   	3000      	160       	49897.6   	47150.2   	0.047538  	
217.674   	3000      	160       	49898     	47150.2   	0.0475411 	
217.674   	3000      	160       	49898     	47150.2   	0.0475412 	
217.684   	3000      	160       	49902.2   	47149.3   	0.0475743 	
217.694   	3000      	160       	49906.5   	47148.4   	0.0476071 	
217.719   	3000      	160       	49917     	47146.4   	0.0476873 	
217.739   	3000      	160       	49925.8   	47144.8   	0.0477535 	
217.777   	3000      	160       	49942     	47141.7   	0.0478751 	
217.857   	3000      	160       	49976.3   	47135.4   	0.0481315 	
218.081   	3000      	160       	50071.3   	47118.6   	0.0488235 	
218.735   	3000      	160       	50341.5   	47074     	0.0507214 	
219.735   	3000      	160       	50732.2   	47012.3   	0.0533638 	
220.735   	3000      	160       	51098.4   	46955.2   	0.055771  	
221.735   	3000      	160       	51439.1   	46902.3   	0.0579597 	
222.735   	3000      	160       	51754.8   	46853.7   	0.0599394 	
223.735   	3000      	160       	52046.5   	46809.6   	0.0617198 	
224.735   	3000      	160       	52315.2   	46770     	0.0633124 	
225.735   	3000      	160       	52562.1   	46734.9   	0.0647294 	
226.735   	3000      	160       	52791.9   	46706.3   	0.0659629 	
227.735   	3000      	160       	53000.8   	46680.9   	0.0670572 	
228.735   	3000      	160       	53197.4   	46663.4   	0.0679747 	
229.735   	3000      	160       	53385.6   	46655.2   	0.0687134 	
230.735   	3000      	160       	53561.9   	46651.3   	0.0693395 	
231.735   	3000      	160       	53727.5   	46651     	0.0698696 	
232.735   	3000      	160       	53883.1   	46653.5   	0.0703217 	
233.735   	3000      	160       	54039.2   	46664.7   	0.0706451 	
234.735   	3000      	160       	54214     	46692     	0.070794  	
235.735   	3000      	160       	54394     	46722.5   	0.070917  	
236.735   	3000      	160       	54581.2   	46755.6   	0.0710268 	
237.735   	3000      	160       	54776.7   	46791     	0.0711351 	
238.735   	3000      	160       	54981.6   	46828.3   	0.0712499 	
239.735   	3000      	160       	55196.3   	46867.1   	0.0713771 	
240.735   	3000      	160       	55420.9   	46907.1   	0.0715214 	
241.735   	3000      	160       	55655.5   	46948.2   	0.0716852 	
242.735   	3000      	160       	55890.6   	46987.2   	0.0718784 	
243.068   	3000      	160       	55985.2   	47015.5   	0.0717714 	
244.035   	3000      	160       	56215.7   	47067.8   	0.0717467 	
245.035   	3000      	160       	56428     	47111.2   	0.0717847 	
246.035   	3000      	160       	56622.9   	47150.3   	0.0718228 	
247.035   	3000      	160       	56803.7   	47187.1   	0.0718452 	
248.035   	3000      	160       	56972.4   	47222     	0.0718513 	
249.035   	3000      	160       	57129.8   	47255.2   	0.0718424 	
250.035   	3000      	160       	57234.5   	47261.4   	0.0720548 	
251.035   	3000      	160       	57294.2   	47249.5   	0.0723835 	
251.368   	3000      	160       	57309     	47243.5   	0.0725055 	
251.479   	3000      	160       	57313.1   	47241.2   	0.0725483 	
251.808   	3000      	160       	57322.6   	47233.9   	0.0726727 	
252.768   	3000      	160       	57320.6   	47205.8   	0.0730379 	
253.768   	3000      	160       	57285.1   	47166.5   	0.0734564 	
254.768   	3000      	160       	57219.1   	47116.6   	0.0739325 	
255.768   	3000      	160       	57123     	47056.5   	0.0744608 	
256.768   	3000      	160       	56996.6   	46985.4   	0.0750527 	
257.768   	3000      	160       	56837.9   	46903.4   	0.0756986 	
258.768   	3000      	160       	56651.2   	46812.8   	0.0763785 	
259.101   	3000      	160       	56584.7   	46780.7   	0.076618  	
260.082   	3000      	160       	56374.6   	46686.3   	0.0772787 	
261.082   	3000      	160       	56169.4   	46602.4   	0.0778073 	
262.082   	3000      	160       	56010     	46548.2   	0.0780654 	
263.082   	3000      	160       	55850.4   	46489.3   	0.0783938 	
264.082   	3000      	160       	55691.1   	46428.3   	0.0787537 	
265.082   	3000      	160       	55532     	46367     	0.0791209 	
266.082   	3000      	160       	55373.3   	46306.6   	0.0794783 	
267.082   	3000      	160       	55214.9   	46247.7   	0.079815  	
268.082   	3000      	160       	55055.2   	46189.8   	0.0801333 	
269.082   	3000      	160       	54895.8   	46134.1   	0.0804219 	
270.082   	3000      	160       	54735.3   	46079.7   	0.0806879 	
271.082   	3000      	160       	54573.3   	46026.4   	0.0809336 	
271.415   	3000      	160       	54518.9   	46008.5   	0.0810145 	
272.382   	3000      	160       	54361.1   	45959     	0.0812182 	
272.704   	3000      	160       	54308.1   	45942.4   	0.0812856 	
273.637   	3000      	160       	54155.5   	45897.2   	0.0814451 	
274.637   	3000      	160       	53991.7   	45850.5   	0.0815884 	
274.97    	3000      	160       	53936.5   	45834.6   	0.0816374 	
275.927   	3000      	160       	53780.7   	45793.1   	0.0817324 	
276.927   	3000      	160       	53621.8   	45754.1   	0.0817798 	
277.927   	3000      	160       	53478.7   	45727.3   	0.0817077 	
278.927   	3000      	160       	53412.6   	45751.3   	0.0811718 	
279.927   	3000      	160       	53392.1   	45796.8   	0.0804796 	
280.927   	3000      	160       	53401.1   	45850.5   	0.0797626 	
281.927   	3000      	160       	53432.3   	45907.5   	0.0790686 	
282.927   	3000      	160       	53481.1   	45964.9   	0.0784211 	
283.26    	3000      	160       	53499.2   	45984.2   	0.0782092 	
284.229   	3000      	160       	53566.2   	46039.8   	0.0776441 	
285.229   	3000      	160       	53647.6   	46095.7   	0.0771205 	
286.229   	3000      	160       	53740.2   	46150     	0.0766537 	
287.229   	3000      	160       	53843.4   	46203.2   	0.0762361 	
287.562   	3000      	160       	53878.8   	46220.8   	0.076103  	
287.673   	3000      	160       	53889.4   	46225.6   	0.0760692 	
288.004   	3000      	160       	53919.3   	46238.6   	0.0759831 	
288.978   	3000      	160       	54042.3   	46294.5   	0.0755898 	
289.978   	3000      	160       	54171.6   	46345.9   	0.0752804 	
290.978   	3000      	160       	54307.4   	46395.2   	0.0750228 	
291.978   	3000      	160       	54449.9   	46443     	0.0748067 	
292.978   	3000      	160       	54598.8   	46489.7   	0.0746272 	
293.978   	3000      	160       	54753.6   	46535.4   	0.0744808 	
294.978   	3000      	160       	54912.1   	46578.1   	0.0743887 	
295.311   	3000      	160       	54960.1   	46589.3   	0.0743854 	
295.422   	3000      	160       	54978.6   	46594.8   	0.0743672 	
295.752   	3000      	160       	55029.2   	46607.7   	0.0743477 	
296.718   	3000      	160       	55200.1   	46655.5   	0.074219  	
297.718   	3000      	160       	55377.2   	46700.3   	0.0741541 	
298.718   	3000      	160       	55557.8   	46743.4   	0.0741225 	
299.718   	3000      	160       	55742.5   	46785.6   	0.0741147 	
300.718   	3000      	160       	55931.6   	46827.5   	0.0741246 	
301.718   	3000      	160       	56125.9   	46869.9   	0.0741416 	
302.718   	3000      	160       	56325.6   	46913.1   	0.0741619 	
303.718   	3000      	160       	56530.4   	46957     	0.0741872 	
304.718   	3000      	160       	56739.8   	47001.3   	0.0742191 	
305.718   	3000      	160       	56953.5   	47045.7   	0.0742591 	
306.718   	3000      	160       	57171     	47090.2   	0.0743077 	
307.718   	3000      	160       	57392.3   	47134.8   	0.074365  	
308.718   	3000      	160       	57617.8   	47180     	0.0744233 	
309.718   	3000      	160       	57848.2   	47226.3   	0.0744779 	
310.718   	3000      	160       	58082.4   	47273     	0.0745353 	
311.718   	3000      	160       	58319.7   	47319.7   	0.0746001 	
312.718   	3000      	160       	58559.7   	47366     	0.0746744 	
313.718   	3000      	160       	58806.6   	47413.9   	0.0747462 	
314.718   	3000      	160       	59061.3   	47462     	0.0748357 	
315.718   	3000      	160       	59321.1   	47509.4   	0.0749475 	
316.718   	3000      	160       	59584.7   	47556.1   	0.0750764 	
317.718   	3000      	160       	59819.7   	47576.6   	0.0754845 	
318.147   	3000      	160       	59918.3   	47583.2   	0.0756826 	
318.29    	3000      	160       	59950.4   	47585.1   	0.0757507 	
318.711   	3000      	160       	60046.6   	47590.8   	0.0759531 	
319.711   	3000      	160       	60281.5   	47608.8   	0.0763864 	
320.711   	3000      	160       	60517.4   	47627.1   	0.0768127 	
321.711   	3000      	160       	60749.8   	47642.4   	0.0772655 	
322.044   	3000      	160       	60824.8   	47647.7   	0.077406  	
323.008   	3000      	160       	61060.2   	47671.5   	0.0777451 	
324.008   	3000      	160       	61301.6   	47693.8   	0.0781151 	
325.008   	3000      	160       	61542.8   	47716     	0.0784812 	
326.008   	3000      	160       	61784.4   	47738.6   	0.0788383 	
327.008   	3000      	160       	62026.5   	47761.7   	0.0791853 	
328.008   	3000      	160       	62269.5   	47785.3   	0.0795218 	
329.008   	3000      	160       	62506.9   	47804.6   	0.0798985 	
329.341   	3000      	160       	62582.5   	47810.4   	0.0800213 	
330.31    	3000      	160       	62823.3   	47837.3   	0.0802981 	
331.31    	3000      	160       	63068.4   	47862.2   	0.0806095 	
332.31    	3000      	160       	63313.3   	47886.5   	0.0809224 	
333.31    	3000      	160       	63559.1   	47911.2   	0.0812288 	
334.31    	3000      	160       	63806.9   	47937     	0.0815209 	
334.642   	3000      	160       	63881.6   	47941.7   	0.0816487 	
335.617   	3000      	160       	64130.5   	47971.8   	0.0818829 	
336.617   	3000      	160       	64384.8   	48001     	0.0821375 	
337.617   	3000      	160       	64640.2   	48030.4   	0.0823884 	
338.617   	3000      	160       	64893     	48057     	0.082666  	
338.95    	3000      	160       	64973.5   	48065.3   	0.0827559 	
339.928   	3000      	160       	65236.3   	48102     	0.0829219 	
340.928   	3000      	160       	65509.8   	48140.9   	0.0830827 	
341.928   	3000      	160       	65776.2   	48171     	0.0833349 	
342.928   	3000      	160       	66052.5   	48205.7   	0.0835484 	
343.26    	3000      	160       	66136.1   	48212.9   	0.0836543 	
344.24    	3000      	160       	66408.6   	48244.7   	0.0838913 	
345.24    	3000      	160       	66684.2   	48273     	0.0841758 	
346.24    	3000      	160       	66959.1   	48299.1   	0.0844824 	
347.24    	3000      	160       	67232.6   	48323.1   	0.0848092 	
348.24    	3000      	160       	67504.3   	48345     	0.0851535 	
349.24    	3000      	160       	67773.2   	48364.7   	0.0855147 	
350.24    	3000      	160       	68038.1   	48381.8   	0.0858942 	
351.24    	3000      	160       	68298.1   	48396.2   	0.0862921 	
352.24    	3000      	160       	68552.3   	48407.7   	0.0867078 	
353.24    	3000      	160       	68800     	48416.4   	0.0871397 	
354.24    	3000      	160       	69040.6   	48422.3   	0.087586  	
355.24    	3000      	160       	69273.6   	48425.4   	0.0880448 	
356.24    	3000      	160       	69498.4   	48425.8   	0.0885143 	
357.24    	3000      	160       	69714.5   	48423.5   	0.088993  	
358.24    	3000      	160       	69911.1   	48411.2   	0.0895464 	
358.693   	3000      	160       	69997.1   	48404.2   	0.0898063 	
358.898   	3000      	160       	70035.3   	48400.7   	0.0899265 	
359.486   	3000      	160       	70139.1   	48388.1   	0.0902874 	
360.486   	3000      	160       	70305.2   	48364     	0.090908  	
361.486   	3000      	160       	70460.9   	48337.6   	0.0915284 	
362.486   	3000      	160       	70605.1   	48308.6   	0.0921523 	
362.819   	3000      	160       	70652.8   	48299.3   	0.0923543 	
362.93    	3000      	160       	70669.2   	48296.8   	0.0924162 	
363.255   	3000      	160       	70714.5   	48287.6   	0.0926106 	
364.166   	3000      	160       	70837.1   	48263.7   	0.0931254 	
365.166   	3000      	160       	70959     	48234.5   	0.0936961 	
366.166   	3000      	160       	71075.1   	48207.4   	0.0942271 	
367.166   	3000      	160       	71180.1   	48178.6   	0.0947521 	
368.166   	3000      	160       	71274.8   	48148.9   	0.0952649 	
369.166   	3000      	160       	71311.3   	48084.3   	0.0960597 	
369.594   	3000      	160       	71306.5   	48043.5   	0.0965088 	
369.776   	3000      	160       	71300.9   	48023.8   	0.0967183 	
370.281   	3000      	160       	71274.8   	47963.6   	0.0973424 	
371.281   	3000      	160       	71231.1   	47857.3   	0.0984405 	
372.281   	3000      	160       	71200.7   	47768.1   	0.0993664 	
373.281   	3000      	160       	71179.1   	47692.5   	0.100153  	
374.281   	3000      	160       	71163.7   	47628.6   	0.100818  	
375.281   	3000      	160       	71177.8   	47591.8   	0.101238  	
376.281   	3000      	160       	71212.4   	47575     	0.101477  	
377.281   	3000      	160       	71251     	47566.1   	0.101637  	
378.281   	3000      	160       	71290.7   	47561.7   	0.101748  	
379.281   	3000      	160       	71327.7   	47558.7   	0.10184   	
380.281   	3000      	160       	71361     	47555.6   	0.101926  	
381.281   	3000      	160       	71391.5   	47552.5   	0.102005  	
382.281   	3000      	160       	71421.1   	47550.5   	0.102072  	
383.281   	3000      	160       	71452.4   	47550.8   	0.102118  	
383.614   	3000      	160       	71463.8   	47551.5   	0.102127  	
384.584   	3000      	160       	71495.2   	47553.7   	0.102153  	
385.584   	3000      	160       	71530.6   	47558.4   	0.102158  	
386.584   	3000      	160       	71567.3   	47564.1   	0.102154  	
387.584   	3000      	160       	71605.3   	47570.6   	0.102145  	
388.584   	3000      	160       	71644.6   	47577.8   	0.102131  	
389.584   	3000      	160       	71685.4   	47585.5   	0.102114  	
390.584   	3000      	160       	71729.4   	47594.8   	0.102085  	
391.584   	3000      	160       	71777.5   	47606.2   	0.102042  	
392.584   	3000      	160       	71831.3   	47620.7   	0.101976  	
393.584   	3000      	160       	71890.7   	47638.1   	0.101888  	
394.584   	3000      	160       	71954.7   	47657.6   	0.101786  	
395.584   	3000      	160       	72023.4   	47679.2   	0.101669  	
396.584   	3000      	160       	72096.5   	47702.5   	0.101542  	
397.584   	3000      	160       	72173.4   	47727.1   	0.101407  	
398.584   	3000      	160       	72253.7   	47752.7   	0.101267  	
399.584   	3000      	160       	72337.2   	47778.5   	0.101132  	
399.917   	3000      	160       	72363.3   	47786     	0.101095  	
400.89    	3000      	160       	72444.5   	47809.7   	0.100977  	
401.89    	3000      	160       	72531.5   	47835     	0.100852  	
402.89    	3000      	160       	72620.9   	47860.4   	0.10073   	
403.89    	3000      	160       	72713.5   	47886.4   	0.100607  	
404.223   	3000      	160       	72743.7   	47894.6   	0.10057   	
405.204   	3000      	160       	72838.1   	47920.6   	0.10045   	
406.204   	3000      	160       	72937.8   	47947.9   	0.100324  	
407.204   	3000      	160       	73028.7   	47966.9   	0.100273  	
407.648   	3000      	160       	73067.2   	47973.8   	0.100264  	
408.648   	3000      	160       	73154     	47988.4   	0.100252  	
409.648   	3000      	160       	73249.4   	48007.5   	0.100208  	
410.648   	3000      	160       	73354.2   	48031.5   	0.100126  	
411.648   	3000      	160       	73466.1   	48058.9   	0.10002   	
412.648   	3000      	160       	73583.9   	48088.5   	0.0998993 	
413.648   	3000      	160       	73706.6   	48119.8   	0.0997681 	
414.648   	3000      	160       	73833.3   	48152     	0.0996335 	
415.648   	3000      	160       	73963.1   	48184.4   	0.0995014 	
416.648   	3000      	160       	74096.3   	48217.2   	0.0993698 	
417.648   	3000      	160       	74231.8   	48249.2   	0.0992508 	
417.981   	3000      	160       	74276.9   	48259.6   	0.0992133 	
418.922   	3000      	160       	74405     	48288.5   	0.099115  	
419.922   	3000      	160       	74542.7   	48318.4   	0.0990202 	
420.922   	3000      	160       	74660.2   	48332.1   	0.0990673 	
421.359   	3000      	160       	74708.3   	48335.5   	0.09911   	
422.359   	3000      	160       	74815.7   	48340.3   	0.0992359 	
423.359   	3000      	160       	74779.9   	48244.8   	0.100201  	
423.79    	3000      	160       	74754.4   	48196.5   	0.100674  	
424.79    	3000      	160       	74733.8   	48112.4   	0.101536  	
425.122   	3000      	160       	74732     	48088.2   	0.101789  	
426.001   	3000      	160       	74756.2   	48045.6   	0.102279  	
426.294   	3000      	160       	74767.2   	48033.6   	0.102424  	
427.064   	3000      	160       	74665.8   	47951.2   	0.102339  	
428.064   	3000      	160       	74607.7   	47883.8   	0.102076  	
429.064   	3000      	160       	74594.8   	47838.9   	0.101716  	
430.064   	3000      	160       	74606.5   	47805.3   	0.101296  	
431.064   	3000      	160       	74628.6   	47775.5   	0.100839  	
432.064   	3000      	160       	74648.5   	47742.2   	0.100361  	
433.064   	3000      	160       	74667.8   	47706.3   	0.0998571 	
434.064   	3000      	160       	74695.2   	47672.7   	0.0993156 	
435.064   	3000      	160       	74740.8   	47646.7   	0.0987207 	
436.064   	3000      	160       	74804.4   	47628.3   	0.0980733 	
437.064   	3000      	160       	74875.2   	47611.4   	0.0973866 	
437.397   	3000      	160       	74901.5   	47607     	0.0971508 	
438.341   	3000      	160       	74619.1   	47398.4   	0.0970022 	
438.748   	3000      	160       	74480     	47298.7   	0.0969571 	
439.748   	3000      	160       	74256.2   	47116.3   	0.0966238 	
440.748   	3000      	160       	74141.9   	46991.7   	0.0960877 	
441.748   	3000      	160       	74106.9   	46908.3   	0.095402  	
442.748   	3000      	160       	74134.1   	46856.6   	0.0945961 	
443.748   	3000      	160       	74202.2   	46825.1   	0.0937065 	
444.748   	3000      	160       	74293.8   	46804.4   	0.0927623 	
445.748   	3000      	160       	74404     	46791.9   	0.0917731 	
446.748   	3000      	160       	74531.1   	46786.7   	0.0907413 	
447.748   	3000      	160       	74697.7   	46801.3   	0.0896382 	
448.748   	3000      	160       	74878.7   	46822.3   	0.0885044 	
449.748   	3000      	160       	75057.9   	46841     	0.0873649 	
450.081   	3000      	160       	75119.4   	46848     	0.086981  	
451.043   	3000      	160       	75293.1   	46865.6   	0.0858788 	
452.043   	3000      	160       	75456.5   	46874     	0.0847577 	
453.043   	3000      	160       	75596.5   	46869.2   	0.0836671 	
453.376   	3000      	160       	75644     	46868     	0.0833009 	
454.346   	3000      	160       	75779.1   	46862.7   	0.0822416 	
455.346   	3000      	160       	75909.9   	46852.5   	0.0811592 	
456.346   	3000      	160       	75218.7   	46406.7   	0.081387  	
456.778   	3000      	160       	74887.5   	46196.9   	0.0815284 	
457.778   	3000      	160       	74369.8   	45844.1   	0.0814085 	
458.778   	3000      	160       	74072.3   	45608.8   	0.0809026 	
459.778   	3000      	160       	73915.7   	45448.4   	0.080151  	
460.778   	3000      	160       	73864.5   	45343.7   	0.0792191 	
461.778   	3000      	160       	73858.8   	45262.8   	0.0782079 	
462.111   	3000      	160       	73857.1   	45235.9   	0.0778695 	
463.059   	3000      	160       	73884.2   	45176.1   	0.0768535 	
464.059   	3000      	160       	73922.4   	45117.6   	0.0757645 	
465.059   	3000      	160       	73969.7   	45063.8   	0.0746604 	
465.392   	3000      	160       	73984.9   	45045.6   	0.0742926 	
466.351   	3000      	160       	74073.6   	45016.7   	0.0731635 	
467.351   	3000      	160       	74188.2   	44998.2   	0.0719555 	
468.351   	3000      	160       	74313.8   	44985.6   	0.0707385 	
469.351   	3000      	160       	74442.5   	44975.2   	0.0695277 	
470.351   	3000      	160       	74570.4   	44964.9   	0.0683319 	
471.351   	3000      	160       	74695.2   	44953.8   	0.0671562 	
472.351   	3000      	160       	74816     	44941.7   	0.0660034 	
473.351   	3000      	160       	74932.6   	44928.5   	0.0648751 	
474.351   	3000      	160       	75044.6   	44914.3   	0.0637719 	
475.351   	3000      	160       	75161.8   	44904.2   	0.0626783 	
476.351   	3000      	160       	75283.8   	44898     	0.0615943 	
477.351   	3000      	160       	75406.8   	44893.7   	0.0605265 	
478.351   	3000      	160       	75527     	44889.6   	0.0594806 	
479.351   	3000      	160       	75642.4   	44884.5   	0.0584583 	
480.351   	3000      	160       	75752.3   	44878     	0.0574594 	
481.351   	3000      	160       	75853.5   	44868.4   	0.0564838 	
481.791   	3000      	160       	75899.3   	44865.1   	0.0560537 	
481.984   	3000      	160       	75919.7   	44863.8   	0.0558647 	
482.539   	3000      	160       	75976.7   	44859.8   	0.0553275 	
483.539   	3000      	160       	76063.9   	44845.9   	0.0543928 	
484.539   	3000      	160       	76147.9   	44831.5   	0.053469  	
485.539   	3000      	160       	76220.4   	44812.2   	0.0525644 	
486.539   	3000      	160       	76217.7   	44755.5   	0.0517815 	
486.975   	3000      	160       	76204.7   	44724.9   	0.0514582 	
487.161   	3000      	160       	76197.3   	44710.9   	0.0513228 	
487.704   	3000      	160       	76169.3   	44667.1   	0.0509364 	
488.704   	3000      	160       	76122.9   	44589.7   	0.0502007 	
489.704   	3000      	160       	76083.9   	44516.4   	0.0494328 	
490.704   	3000      	160       	76052.3   	44447.1   	0.048631  	
491.704   	3000      	160       	76025.7   	44380.2   	0.047798  	
492.704   	3000      	160       	76001.7   	44314.5   	0.0469359 	
493.704   	3000      	160       	75981.3   	44250.2   	0.0460408 	
494.037   	3000      	160       	75962.7   	44223.4   	0.0457695 	
494.996   	3000      	160       	75953.9   	44166.5   	0.0448539 	
495.996   	3000      	160       	75935.6   	44101.8   	0.0438862 	
496.996   	3000      	160       	75912.3   	44033.7   	0.0428942 	
497.996   	3000      	160       	75886.7   	43963.5   	0.0418711 	
498.996   	3000      	160       	75856     	43889.3   	0.0408157 	
499.329   	3000      	160       	75847.3   	43865.3   	0.0404565 	
500       	3000      	160       	75833     	43818     	0.0397127 	
