Results for well: RES1_INJ.out in the reservoir: RES1_INJ.out

time	BHP	Temp	q(Gas)	q(Oil)	 q(Water)
days	psi	F	Mscf/d	stb/d	stb/d
0         	0         	-         	0         	0         	0         	
0.01      	5000      	160       	-85712.8  	0         	0         	
0.0329912 	5000      	160       	-83186.4  	0         	0         	
0.0819232 	5000      	160       	-80299.5  	0         	0         	
0.176161  	5000      	160       	-77684.7  	0         	0         	
0.34812   	5000      	160       	-76525.9  	0         	0         	
0.665748  	5000      	160       	-78368.1  	0         	0         	
1.23468   	5000      	160       	-85658.6  	0         	0         	
2.18563   	5000      	160       	-101029   	0         	0         	
3.18563   	5000      	160       	-115533   	0         	0         	
3.51862   	5000      	160       	-119153   	0         	0         	
4.2882    	5000      	160       	-126673   	0         	0         	
4.7882    	5000      	160       	-129994   	0         	0         	
5.7882    	5000      	160       	-134559   	0         	0         	
6.7882    	5000      	160       	-136427   	0         	0         	
7.7882    	5000      	160       	-136642   	0         	0         	
8.7882    	5000      	160       	-135503   	0         	0         	
9.12114   	5000      	160       	-134718   	0         	0         	
10.0101   	5000      	160       	-132779   	0         	0         	
11.0101   	5000      	160       	-130102   	0         	0         	
12.0101   	5000      	160       	-127149   	0         	0         	
13.0101   	5000      	160       	-124228   	0         	0         	
14.0101   	5000      	160       	-121232   	0         	0         	
15.0101   	5000      	160       	-118333   	0         	0         	
16.0101   	5000      	160       	-115596   	0         	0         	
17.0101   	5000      	160       	-113050   	0         	0         	
18.0101   	5000      	160       	-110739   	0         	0         	
18.3429   	5000      	160       	-109888   	0         	0         	
19.2869   	5000      	160       	-107918   	0         	0         	
19.6011   	5000      	160       	-107230   	0         	0         	
20.5005   	5000      	160       	-105591   	0         	0         	
21.5005   	5000      	160       	-103944   	0         	0         	
22.5005   	5000      	160       	-102465   	0         	0         	
23.5005   	5000      	160       	-101127   	0         	0         	
24.5005   	5000      	160       	-99940    	0         	0         	
25.5005   	5000      	160       	-98910.4  	0         	0         	
26.5005   	5000      	160       	-98013.7  	0         	0         	
27.5005   	5000      	160       	-97226    	0         	0         	
28.5005   	5000      	160       	-96533.5  	0         	0         	
29.5005   	5000      	160       	-95925.5  	0         	0         	
30.5005   	5000      	160       	-95393.1  	0         	0         	
31.5005   	5000      	160       	-94928.1  	0         	0         	
32.5005   	5000      	160       	-94523.3  	0         	0         	
33.5005   	5000      	160       	-94172.1  	0         	0         	
34.5005   	5000      	160       	-93868.5  	0         	0         	
35.5005   	5000      	160       	-93598.2  	0         	0         	
35.8334   	5000      	160       	-93493.1  	0         	0         	
36.8196   	5000      	160       	-93295.8  	0         	0         	
37.8196   	5000      	160       	-93122.4  	0         	0         	
38.8196   	5000      	160       	-92973.9  	0         	0         	
39.8196   	5000      	160       	-92841.5  	0         	0         	
40.1525   	5000      	160       	-92782.4  	0         	0         	
41.1416   	5000      	160       	-92695.9  	0         	0         	
42.1416   	5000      	160       	-92622.7  	0         	0         	
43.1416   	5000      	160       	-92562.1  	0         	0         	
44.1416   	5000      	160       	-92520.1  	0         	0         	
45.1416   	5000      	160       	-92493.2  	0         	0         	
46.1416   	5000      	160       	-92477.7  	0         	0         	
47.1416   	5000      	160       	-92473    	0         	0         	
48.1416   	5000      	160       	-92474.9  	0         	0         	
49.1416   	5000      	160       	-92483.9  	0         	0         	
50.1416   	5000      	160       	-92508.7  	0         	0         	
51.1416   	5000      	160       	-92539.9  	0         	0         	
52.1416   	5000      	160       	-92576.8  	0         	0         	
53.1416   	5000      	160       	-92618.2  	0         	0         	
54.1416   	5000      	160       	-92663.4  	0         	0         	
55.1416   	5000      	160       	-92709    	0         	0         	
55.4745   	5000      	160       	-92712.1  	0         	0         	
56.4673   	5000      	160       	-92771.8  	0         	0         	
57.4673   	5000      	160       	-92833.1  	0         	0         	
58.4673   	5000      	160       	-92895.7  	0         	0         	
59.4673   	5000      	160       	-92954.3  	0         	0         	
59.8002   	5000      	160       	-92963.2  	0         	0         	
60.7935   	5000      	160       	-93034    	0         	0         	
61.7935   	5000      	160       	-93106.4  	0         	0         	
62.7935   	5000      	160       	-93181.2  	0         	0         	
63.7935   	5000      	160       	-93258.3  	0         	0         	
64.7935   	5000      	160       	-93336.8  	0         	0         	
65.7935   	5000      	160       	-93416.4  	0         	0         	
66.7935   	5000      	160       	-93496.6  	0         	0         	
67.7935   	5000      	160       	-93720.6  	0         	0         	
68.1263   	5000      	160       	-93728    	0         	0         	
69.12     	5000      	160       	-93805.9  	0         	0         	
70.12     	5000      	160       	-93884.1  	0         	0         	
71.12     	5000      	160       	-93961.9  	0         	0         	
72.12     	5000      	160       	-94044.2  	0         	0         	
73.12     	5000      	160       	-94124.2  	0         	0         	
73.4529   	5000      	160       	-94141    	0         	0         	
74.447    	5000      	160       	-94230    	0         	0         	
75.447    	5000      	160       	-94316.7  	0         	0         	
76.447    	5000      	160       	-94402    	0         	0         	
77.447    	5000      	160       	-94486    	0         	0         	
78.447    	5000      	160       	-94568.7  	0         	0         	
79.447    	5000      	160       	-94646.1  	0         	0         	
79.7799   	5000      	160       	-94662.1  	0         	0         	
80.7741   	5000      	160       	-94746.3  	0         	0         	
81.7741   	5000      	160       	-94826.9  	0         	0         	
82.7741   	5000      	160       	-94905.1  	0         	0         	
83.7741   	5000      	160       	-94981.5  	0         	0         	
84.7741   	5000      	160       	-95056.2  	0         	0         	
85.7741   	5000      	160       	-95130.5  	0         	0         	
86.7741   	5000      	160       	-95205    	0         	0         	
87.7741   	5000      	160       	-95278.7  	0         	0         	
88.7741   	5000      	160       	-95351.5  	0         	0         	
89.7741   	5000      	160       	-95423.2  	0         	0         	
90.7741   	5000      	160       	-95493.8  	0         	0         	
91.7741   	5000      	160       	-95563.2  	0         	0         	
92.7741   	5000      	160       	-95628.3  	0         	0         	
93.107    	5000      	160       	-95640.8  	0         	0         	
94.1014   	5000      	160       	-95712.5  	0         	0         	
95.1014   	5000      	160       	-95780.7  	0         	0         	
96.1014   	5000      	160       	-95848.1  	0         	0         	
97.1014   	5000      	160       	-95915.2  	0         	0         	
98.1014   	5000      	160       	-95982.1  	0         	0         	
99.1014   	5000      	160       	-96050.2  	0         	0         	
100.101   	5000      	160       	-96120.9  	0         	0         	
101.101   	5000      	160       	-96190.2  	0         	0         	
102.101   	5000      	160       	-96256.5  	0         	0         	
102.434   	5000      	160       	-96270.1  	0         	0         	
103.429   	5000      	160       	-96342.8  	0         	0         	
104.429   	5000      	160       	-96412.8  	0         	0         	
105.429   	5000      	160       	-96483.2  	0         	0         	
106.429   	5000      	160       	-96555.2  	0         	0         	
107.429   	5000      	160       	-96628.1  	0         	0         	
108.429   	5000      	160       	-96701.4  	0         	0         	
109.429   	5000      	160       	-96775.2  	0         	0         	
110.429   	5000      	160       	-96849.6  	0         	0         	
111.429   	5000      	160       	-96922.6  	0         	0         	
111.762   	5000      	160       	-96939.6  	0         	0         	
112.756   	5000      	160       	-97019.3  	0         	0         	
113.756   	5000      	160       	-97098.8  	0         	0         	
114.756   	5000      	160       	-97178.6  	0         	0         	
115.756   	5000      	160       	-97258.8  	0         	0         	
116.756   	5000      	160       	-97339.5  	0         	0         	
117.756   	5000      	160       	-97420.6  	0         	0         	
118.756   	5000      	160       	-97502.2  	0         	0         	
119.756   	5000      	160       	-97584.4  	0         	0         	
120.756   	5000      	160       	-97699.5  	0         	0         	
121.089   	5000      	160       	-97727.5  	0         	0         	
122.083   	5000      	160       	-97813.8  	0         	0         	
123.083   	5000      	160       	-97895.7  	0         	0         	
124.083   	5000      	160       	-97978.2  	0         	0         	
124.416   	5000      	160       	-97998.7  	0         	0         	
125.41    	5000      	160       	-98083.1  	0         	0         	
126.41    	5000      	160       	-98167.5  	0         	0         	
127.41    	5000      	160       	-98252.3  	0         	0         	
128.41    	5000      	160       	-98336.1  	0         	0         	
128.743   	5000      	160       	-98357.6  	0         	0         	
129.737   	5000      	160       	-98446.6  	0         	0         	
130.737   	5000      	160       	-98537.6  	0         	0         	
131.737   	5000      	160       	-98631.2  	0         	0         	
132.737   	5000      	160       	-98727.1  	0         	0         	
133.737   	5000      	160       	-98820.8  	0         	0         	
134.07    	5000      	160       	-98846.6  	0         	0         	
135.064   	5000      	160       	-98947.5  	0         	0         	
136.064   	5000      	160       	-99050.7  	0         	0         	
137.064   	5000      	160       	-99155.8  	0         	0         	
138.064   	5000      	160       	-99263    	0         	0         	
139.064   	5000      	160       	-98974.2  	0         	0         	
139.507   	5000      	160       	-98868.2  	0         	0         	
140.507   	5000      	160       	-98847.3  	0         	0         	
141.507   	5000      	160       	-98928.9  	0         	0         	
142.507   	5000      	160       	-99056    	0         	0         	
143.507   	5000      	160       	-99199.2  	0         	0         	
144.507   	5000      	160       	-99345.3  	0         	0         	
145.507   	5000      	160       	-99520.4  	0         	0         	
146.507   	5000      	160       	-99712.1  	0         	0         	
147.507   	5000      	160       	-99928.5  	0         	0         	
147.84    	5000      	160       	-99998.6  	0         	0         	
148.71    	5000      	160       	-100202   	0         	0         	
149       	5000      	160       	-100267   	0         	0         	
149.771   	5000      	160       	-100456   	0         	0         	
150.771   	5000      	160       	-100699   	0         	0         	
151.771   	5000      	160       	-100936   	0         	0         	
152.771   	5000      	160       	-101176   	0         	0         	
153.771   	5000      	160       	-101431   	0         	0         	
154.771   	5000      	160       	-101687   	0         	0         	
155.771   	5000      	160       	-101920   	0         	0         	
156.771   	5000      	160       	-101503   	0         	0         	
157.222   	5000      	160       	-101340   	0         	0         	
158.222   	5000      	160       	-101294   	0         	0         	
159.222   	5000      	160       	-101414   	0         	0         	
160.222   	5000      	160       	-101611   	0         	0         	
161.222   	5000      	160       	-101842   	0         	0         	
161.554   	5000      	160       	-101917   	0         	0         	
162.499   	5000      	160       	-102152   	0         	0         	
163.499   	5000      	160       	-102407   	0         	0         	
164.499   	5000      	160       	-102678   	0         	0         	
165.499   	5000      	160       	-102973   	0         	0         	
166.499   	5000      	160       	-103280   	0         	0         	
167.499   	5000      	160       	-103593   	0         	0         	
168.499   	5000      	160       	-103907   	0         	0         	
168.832   	5000      	160       	-104007   	0         	0         	
169.788   	5000      	160       	-104311   	0         	0         	
170.788   	5000      	160       	-104641   	0         	0         	
171.788   	5000      	160       	-104983   	0         	0         	
172.788   	5000      	160       	-105332   	0         	0         	
173.788   	5000      	160       	-105686   	0         	0         	
174.788   	5000      	160       	-106042   	0         	0         	
175.121   	5000      	160       	-106157   	0         	0         	
176.091   	5000      	160       	-106511   	0         	0         	
177.091   	5000      	160       	-106882   	0         	0         	
178.091   	5000      	160       	-106518   	0         	0         	
178.52    	5000      	160       	-106368   	0         	0         	
179.52    	5000      	160       	-106390   	0         	0         	
180.52    	5000      	160       	-106640   	0         	0         	
181.52    	5000      	160       	-107003   	0         	0         	
182.52    	5000      	160       	-107430   	0         	0         	
183.52    	5000      	160       	-107892   	0         	0         	
184.52    	5000      	160       	-108374   	0         	0         	
185.52    	5000      	160       	-108871   	0         	0         	
186.52    	5000      	160       	-109380   	0         	0         	
187.52    	5000      	160       	-109910   	0         	0         	
188.52    	5000      	160       	-110479   	0         	0         	
188.853   	5000      	160       	-110668   	0         	0         	
189.815   	5000      	160       	-111235   	0         	0         	
190.815   	5000      	160       	-111834   	0         	0         	
191.815   	5000      	160       	-112438   	0         	0         	
192.815   	5000      	160       	-113047   	0         	0         	
193.815   	5000      	160       	-113663   	0         	0         	
194.815   	5000      	160       	-114216   	0         	0         	
195.148   	5000      	160       	-114390   	0         	0         	
196.073   	5000      	160       	-114863   	0         	0         	
197.073   	5000      	160       	-115117   	0         	0         	
198.073   	5000      	160       	-115413   	0         	0         	
199.073   	5000      	160       	-115787   	0         	0         	
200.073   	5000      	160       	-115998   	0         	0         	
201.073   	5000      	160       	-116216   	0         	0         	
202.073   	5000      	160       	-116465   	0         	0         	
203.073   	5000      	160       	-116779   	0         	0         	
204.073   	5000      	160       	-117137   	0         	0         	
205.073   	5000      	160       	-117592   	0         	0         	
206.073   	5000      	160       	-118102   	0         	0         	
207.073   	5000      	160       	-118655   	0         	0         	
208.073   	5000      	160       	-119245   	0         	0         	
209.073   	5000      	160       	-118216   	0         	0         	
209.186   	5000      	160       	-118112   	0         	0         	
209.297   	5000      	160       	-118183   	0         	0         	
209.343   	5000      	160       	-118245   	0         	0         	
209.479   	5000      	160       	-118362   	0         	0         	
209.593   	5000      	160       	-118403   	0         	0         	
209.792   	5000      	160       	-118422   	0         	0         	
210.081   	5000      	160       	-118450   	0         	0         	
210.792   	5000      	160       	-119153   	0         	0         	
211.195   	5000      	160       	-119537   	0         	0         	
212.195   	5000      	160       	-120334   	0         	0         	
213.195   	5000      	160       	-120667   	0         	0         	
214.195   	5000      	160       	-120909   	0         	0         	
214.695   	5000      	160       	-121268   	0         	0         	
214.717   	5000      	160       	-121281   	0         	0         	
214.731   	5000      	160       	-121288   	0         	0         	
214.769   	5000      	160       	-121284   	0         	0         	
214.802   	5000      	160       	-121265   	0         	0         	
214.891   	5000      	160       	-121156   	0         	0         	
215.135   	5000      	160       	-120869   	0         	0         	
215.834   	5000      	160       	-120720   	0         	0         	
216.834   	5000      	160       	-121078   	0         	0         	
217.334   	5000      	160       	-121328   	0         	0         	
217.584   	5000      	160       	-121465   	0         	0         	
217.659   	5000      	160       	-121507   	0         	0         	
217.663   	5000      	160       	-121509   	0         	0         	
217.673   	5000      	160       	-121514   	0         	0         	
217.674   	5000      	160       	-121515   	0         	0         	
217.674   	5000      	160       	-121515   	0         	0         	
217.684   	5000      	160       	-121521   	0         	0         	
217.694   	5000      	160       	-121527   	0         	0         	
217.719   	5000      	160       	-121545   	0         	0         	
217.739   	5000      	160       	-121563   	0         	0         	
217.777   	5000      	160       	-121599   	0         	0         	
217.857   	5000      	160       	-121684   	0         	0         	
218.081   	5000      	160       	-121924   	0         	0         	
218.735   	5000      	160       	-122539   	0         	0         	
219.735   	5000      	160       	-123384   	0         	0         	
220.735   	5000      	160       	-124192   	0         	0         	
221.735   	5000      	160       	-124979   	0         	0         	
222.735   	5000      	160       	-125744   	0         	0         	
223.735   	5000      	160       	-126483   	0         	0         	
224.735   	5000      	160       	-127194   	0         	0         	
225.735   	5000      	160       	-127878   	0         	0         	
226.735   	5000      	160       	-128548   	0         	0         	
227.735   	5000      	160       	-129194   	0         	0         	
228.735   	5000      	160       	-129811   	0         	0         	
229.735   	5000      	160       	-130401   	0         	0         	
230.735   	5000      	160       	-130961   	0         	0         	
231.735   	5000      	160       	-131493   	0         	0         	
232.735   	5000      	160       	-132009   	0         	0         	
233.735   	5000      	160       	-132509   	0         	0         	
234.735   	5000      	160       	-132986   	0         	0         	
235.735   	5000      	160       	-133423   	0         	0         	
236.735   	5000      	160       	-133818   	0         	0         	
237.735   	5000      	160       	-134174   	0         	0         	
238.735   	5000      	160       	-134499   	0         	0         	
239.735   	5000      	160       	-134803   	0         	0         	
240.735   	5000      	160       	-135085   	0         	0         	
241.735   	5000      	160       	-135353   	0         	0         	
242.735   	5000      	160       	-135594   	0         	0         	
243.068   	5000      	160       	-135661   	0         	0         	
244.035   	5000      	160       	-135940   	0         	0         	
245.035   	5000      	160       	-136231   	0         	0         	
246.035   	5000      	160       	-136514   	0         	0         	
247.035   	5000      	160       	-136789   	0         	0         	
248.035   	5000      	160       	-137054   	0         	0         	
249.035   	5000      	160       	-137328   	0         	0         	
250.035   	5000      	160       	-137608   	0         	0         	
251.035   	5000      	160       	-137848   	0         	0         	
251.368   	5000      	160       	-137912   	0         	0         	
251.479   	5000      	160       	-137931   	0         	0         	
251.808   	5000      	160       	-137991   	0         	0         	
252.768   	5000      	160       	-138128   	0         	0         	
253.768   	5000      	160       	-138221   	0         	0         	
254.768   	5000      	160       	-138270   	0         	0         	
255.768   	5000      	160       	-138280   	0         	0         	
256.768   	5000      	160       	-138256   	0         	0         	
257.768   	5000      	160       	-138202   	0         	0         	
258.768   	5000      	160       	-138134   	0         	0         	
259.101   	5000      	160       	-138106   	0         	0         	
260.082   	5000      	160       	-138002   	0         	0         	
261.082   	5000      	160       	-137872   	0         	0         	
262.082   	5000      	160       	-137720   	0         	0         	
263.082   	5000      	160       	-137554   	0         	0         	
264.082   	5000      	160       	-137382   	0         	0         	
265.082   	5000      	160       	-137203   	0         	0         	
266.082   	5000      	160       	-137011   	0         	0         	
267.082   	5000      	160       	-136808   	0         	0         	
268.082   	5000      	160       	-136601   	0         	0         	
269.082   	5000      	160       	-136391   	0         	0         	
270.082   	5000      	160       	-136180   	0         	0         	
271.082   	5000      	160       	-135963   	0         	0         	
271.415   	5000      	160       	-135887   	0         	0         	
272.382   	5000      	160       	-135660   	0         	0         	
272.704   	5000      	160       	-135582   	0         	0         	
273.637   	5000      	160       	-135354   	0         	0         	
274.637   	5000      	160       	-135115   	0         	0         	
274.97    	5000      	160       	-135033   	0         	0         	
275.927   	5000      	160       	-134805   	0         	0         	
276.927   	5000      	160       	-134591   	0         	0         	
277.927   	5000      	160       	-134394   	0         	0         	
278.927   	5000      	160       	-134209   	0         	0         	
279.927   	5000      	160       	-134038   	0         	0         	
280.927   	5000      	160       	-133903   	0         	0         	
281.927   	5000      	160       	-133782   	0         	0         	
282.927   	5000      	160       	-133661   	0         	0         	
283.26    	5000      	160       	-133620   	0         	0         	
284.229   	5000      	160       	-133505   	0         	0         	
285.229   	5000      	160       	-133391   	0         	0         	
286.229   	5000      	160       	-133284   	0         	0         	
287.229   	5000      	160       	-133185   	0         	0         	
287.562   	5000      	160       	-133152   	0         	0         	
287.673   	5000      	160       	-133140   	0         	0         	
288.004   	5000      	160       	-133101   	0         	0         	
288.978   	5000      	160       	-133029   	0         	0         	
289.978   	5000      	160       	-132972   	0         	0         	
290.978   	5000      	160       	-132929   	0         	0         	
291.978   	5000      	160       	-132900   	0         	0         	
292.978   	5000      	160       	-132887   	0         	0         	
293.978   	5000      	160       	-132889   	0         	0         	
294.978   	5000      	160       	-132905   	0         	0         	
295.311   	5000      	160       	-132903   	0         	0         	
295.422   	5000      	160       	-132904   	0         	0         	
295.752   	5000      	160       	-132905   	0         	0         	
296.718   	5000      	160       	-132949   	0         	0         	
297.718   	5000      	160       	-133005   	0         	0         	
298.718   	5000      	160       	-133068   	0         	0         	
299.718   	5000      	160       	-133140   	0         	0         	
300.718   	5000      	160       	-133226   	0         	0         	
301.718   	5000      	160       	-133339   	0         	0         	
302.718   	5000      	160       	-133471   	0         	0         	
303.718   	5000      	160       	-133618   	0         	0         	
304.718   	5000      	160       	-133774   	0         	0         	
305.718   	5000      	160       	-133939   	0         	0         	
306.718   	5000      	160       	-134111   	0         	0         	
307.718   	5000      	160       	-134290   	0         	0         	
308.718   	5000      	160       	-134485   	0         	0         	
309.718   	5000      	160       	-134695   	0         	0         	
310.718   	5000      	160       	-134914   	0         	0         	
311.718   	5000      	160       	-135137   	0         	0         	
312.718   	5000      	160       	-135365   	0         	0         	
313.718   	5000      	160       	-135599   	0         	0         	
314.718   	5000      	160       	-135836   	0         	0         	
315.718   	5000      	160       	-136076   	0         	0         	
316.718   	5000      	160       	-136319   	0         	0         	
317.718   	5000      	160       	-136196   	0         	0         	
318.147   	5000      	160       	-136166   	0         	0         	
318.29    	5000      	160       	-136160   	0         	0         	
318.711   	5000      	160       	-136190   	0         	0         	
319.711   	5000      	160       	-136388   	0         	0         	
320.711   	5000      	160       	-136627   	0         	0         	
321.711   	5000      	160       	-136878   	0         	0         	
322.044   	5000      	160       	-136955   	0         	0         	
323.008   	5000      	160       	-137200   	0         	0         	
324.008   	5000      	160       	-137457   	0         	0         	
325.008   	5000      	160       	-137716   	0         	0         	
326.008   	5000      	160       	-137976   	0         	0         	
327.008   	5000      	160       	-138237   	0         	0         	
328.008   	5000      	160       	-138501   	0         	0         	
329.008   	5000      	160       	-138769   	0         	0         	
329.341   	5000      	160       	-138851   	0         	0         	
330.31    	5000      	160       	-139111   	0         	0         	
331.31    	5000      	160       	-139379   	0         	0         	
332.31    	5000      	160       	-139646   	0         	0         	
333.31    	5000      	160       	-139914   	0         	0         	
334.31    	5000      	160       	-140189   	0         	0         	
334.642   	5000      	160       	-140275   	0         	0         	
335.617   	5000      	160       	-140544   	0         	0         	
336.617   	5000      	160       	-140820   	0         	0         	
337.617   	5000      	160       	-141092   	0         	0         	
338.617   	5000      	160       	-141306   	0         	0         	
338.95    	5000      	160       	-141371   	0         	0         	
339.928   	5000      	160       	-141593   	0         	0         	
340.928   	5000      	160       	-141827   	0         	0         	
341.928   	5000      	160       	-142066   	0         	0         	
342.928   	5000      	160       	-142314   	0         	0         	
343.26    	5000      	160       	-142390   	0         	0         	
344.24    	5000      	160       	-142633   	0         	0         	
345.24    	5000      	160       	-142880   	0         	0         	
346.24    	5000      	160       	-143123   	0         	0         	
347.24    	5000      	160       	-143361   	0         	0         	
348.24    	5000      	160       	-143593   	0         	0         	
349.24    	5000      	160       	-143820   	0         	0         	
350.24    	5000      	160       	-144041   	0         	0         	
351.24    	5000      	160       	-144258   	0         	0         	
352.24    	5000      	160       	-144470   	0         	0         	
353.24    	5000      	160       	-144677   	0         	0         	
354.24    	5000      	160       	-144880   	0         	0         	
355.24    	5000      	160       	-145079   	0         	0         	
356.24    	5000      	160       	-145274   	0         	0         	
357.24    	5000      	160       	-145466   	0         	0         	
358.24    	5000      	160       	-145313   	0         	0         	
358.693   	5000      	160       	-145073   	0         	0         	
358.898   	5000      	160       	-144992   	0         	0         	
359.486   	5000      	160       	-144962   	0         	0         	
360.486   	5000      	160       	-145103   	0         	0         	
361.486   	5000      	160       	-145300   	0         	0         	
362.486   	5000      	160       	-145510   	0         	0         	
362.819   	5000      	160       	-145579   	0         	0         	
362.93    	5000      	160       	-145602   	0         	0         	
363.255   	5000      	160       	-145670   	0         	0         	
364.166   	5000      	160       	-145849   	0         	0         	
365.166   	5000      	160       	-146052   	0         	0         	
366.166   	5000      	160       	-146259   	0         	0         	
367.166   	5000      	160       	-146456   	0         	0         	
368.166   	5000      	160       	-146643   	0         	0         	
369.166   	5000      	160       	-146585   	0         	0         	
369.594   	5000      	160       	-146450   	0         	0         	
369.776   	5000      	160       	-146383   	0         	0         	
370.281   	5000      	160       	-146256   	0         	0         	
371.281   	5000      	160       	-146246   	0         	0         	
372.281   	5000      	160       	-146354   	0         	0         	
373.281   	5000      	160       	-146529   	0         	0         	
374.281   	5000      	160       	-146769   	0         	0         	
375.281   	5000      	160       	-147054   	0         	0         	
376.281   	5000      	160       	-147230   	0         	0         	
377.281   	5000      	160       	-147331   	0         	0         	
378.281   	5000      	160       	-147401   	0         	0         	
379.281   	5000      	160       	-147458   	0         	0         	
380.281   	5000      	160       	-147507   	0         	0         	
381.281   	5000      	160       	-147552   	0         	0         	
382.281   	5000      	160       	-147601   	0         	0         	
383.281   	5000      	160       	-147655   	0         	0         	
383.614   	5000      	160       	-147668   	0         	0         	
384.584   	5000      	160       	-147724   	0         	0         	
385.584   	5000      	160       	-147779   	0         	0         	
386.584   	5000      	160       	-147831   	0         	0         	
387.584   	5000      	160       	-147879   	0         	0         	
388.584   	5000      	160       	-147923   	0         	0         	
389.584   	5000      	160       	-147964   	0         	0         	
390.584   	5000      	160       	-148008   	0         	0         	
391.584   	5000      	160       	-148057   	0         	0         	
392.584   	5000      	160       	-148114   	0         	0         	
393.584   	5000      	160       	-148177   	0         	0         	
394.584   	5000      	160       	-148241   	0         	0         	
395.584   	5000      	160       	-148308   	0         	0         	
396.584   	5000      	160       	-148375   	0         	0         	
397.584   	5000      	160       	-148442   	0         	0         	
398.584   	5000      	160       	-148509   	0         	0         	
399.584   	5000      	160       	-148575   	0         	0         	
399.917   	5000      	160       	-148592   	0         	0         	
400.89    	5000      	160       	-148654   	0         	0         	
401.89    	5000      	160       	-148717   	0         	0         	
402.89    	5000      	160       	-148778   	0         	0         	
403.89    	5000      	160       	-148838   	0         	0         	
404.223   	5000      	160       	-148853   	0         	0         	
405.204   	5000      	160       	-148906   	0         	0         	
406.204   	5000      	160       	-148961   	0         	0         	
407.204   	5000      	160       	-148622   	0         	0         	
407.648   	5000      	160       	-148544   	0         	0         	
408.648   	5000      	160       	-148550   	0         	0         	
409.648   	5000      	160       	-148614   	0         	0         	
410.648   	5000      	160       	-148700   	0         	0         	
411.648   	5000      	160       	-148797   	0         	0         	
412.648   	5000      	160       	-148900   	0         	0         	
413.648   	5000      	160       	-149005   	0         	0         	
414.648   	5000      	160       	-149110   	0         	0         	
415.648   	5000      	160       	-149214   	0         	0         	
416.648   	5000      	160       	-149323   	0         	0         	
417.648   	5000      	160       	-149426   	0         	0         	
417.981   	5000      	160       	-149459   	0         	0         	
418.922   	5000      	160       	-149545   	0         	0         	
419.922   	5000      	160       	-149634   	0         	0         	
420.922   	5000      	160       	-149050   	0         	0         	
421.359   	5000      	160       	-148923   	0         	0         	
422.359   	5000      	160       	-148975   	0         	0         	
423.359   	5000      	160       	-148682   	0         	0         	
423.79    	5000      	160       	-148555   	0         	0         	
424.79    	5000      	160       	-148463   	0         	0         	
425.122   	5000      	160       	-148455   	0         	0         	
426.001   	5000      	160       	-148527   	0         	0         	
426.294   	5000      	160       	-148558   	0         	0         	
427.064   	5000      	160       	-148686   	0         	0         	
428.064   	5000      	160       	-148901   	0         	0         	
429.064   	5000      	160       	-149140   	0         	0         	
430.064   	5000      	160       	-149281   	0         	0         	
431.064   	5000      	160       	-149354   	0         	0         	
432.064   	5000      	160       	-149408   	0         	0         	
433.064   	5000      	160       	-149458   	0         	0         	
434.064   	5000      	160       	-149510   	0         	0         	
435.064   	5000      	160       	-149570   	0         	0         	
436.064   	5000      	160       	-149638   	0         	0         	
437.064   	5000      	160       	-149707   	0         	0         	
437.397   	5000      	160       	-149731   	0         	0         	
438.341   	5000      	160       	-149534   	0         	0         	
438.748   	5000      	160       	-149426   	0         	0         	
439.748   	5000      	160       	-149231   	0         	0         	
440.748   	5000      	160       	-149116   	0         	0         	
441.748   	5000      	160       	-149058   	0         	0         	
442.748   	5000      	160       	-149049   	0         	0         	
443.748   	5000      	160       	-149070   	0         	0         	
444.748   	5000      	160       	-149106   	0         	0         	
445.748   	5000      	160       	-149158   	0         	0         	
446.748   	5000      	160       	-149247   	0         	0         	
447.748   	5000      	160       	-149380   	0         	0         	
448.748   	5000      	160       	-149546   	0         	0         	
449.748   	5000      	160       	-149683   	0         	0         	
450.081   	5000      	160       	-149715   	0         	0         	
451.043   	5000      	160       	-149744   	0         	0         	
452.043   	5000      	160       	-149745   	0         	0         	
453.043   	5000      	160       	-149731   	0         	0         	
453.376   	5000      	160       	-149725   	0         	0         	
454.346   	5000      	160       	-149701   	0         	0         	
455.346   	5000      	160       	-149672   	0         	0         	
456.346   	5000      	160       	-149062   	0         	0         	
456.778   	5000      	160       	-148756   	0         	0         	
457.778   	5000      	160       	-148201   	0         	0         	
458.778   	5000      	160       	-147813   	0         	0         	
459.778   	5000      	160       	-147537   	0         	0         	
460.778   	5000      	160       	-147332   	0         	0         	
461.778   	5000      	160       	-147171   	0         	0         	
462.111   	5000      	160       	-147120   	0         	0         	
463.059   	5000      	160       	-146999   	0         	0         	
464.059   	5000      	160       	-146886   	0         	0         	
465.059   	5000      	160       	-146786   	0         	0         	
465.392   	5000      	160       	-146755   	0         	0         	
466.351   	5000      	160       	-146684   	0         	0         	
467.351   	5000      	160       	-146629   	0         	0         	
468.351   	5000      	160       	-146586   	0         	0         	
469.351   	5000      	160       	-146551   	0         	0         	
470.351   	5000      	160       	-146519   	0         	0         	
471.351   	5000      	160       	-146489   	0         	0         	
472.351   	5000      	160       	-146460   	0         	0         	
473.351   	5000      	160       	-146431   	0         	0         	
474.351   	5000      	160       	-146401   	0         	0         	
475.351   	5000      	160       	-146374   	0         	0         	
476.351   	5000      	160       	-146351   	0         	0         	
477.351   	5000      	160       	-146329   	0         	0         	
478.351   	5000      	160       	-146308   	0         	0         	
479.351   	5000      	160       	-146286   	0         	0         	
480.351   	5000      	160       	-146263   	0         	0         	
481.351   	5000      	160       	-146075   	0         	0         	
481.791   	5000      	160       	-145913   	0         	0         	
481.984   	5000      	160       	-145848   	0         	0         	
482.539   	5000      	160       	-145759   	0         	0         	
483.539   	5000      	160       	-145713   	0         	0         	
484.539   	5000      	160       	-145695   	0         	0         	
485.539   	5000      	160       	-145682   	0         	0         	
486.539   	5000      	160       	-145141   	0         	0         	
486.975   	5000      	160       	-144918   	0         	0         	
487.161   	5000      	160       	-144832   	0         	0         	
487.704   	5000      	160       	-144693   	0         	0         	
488.704   	5000      	160       	-144626   	0         	0         	
489.704   	5000      	160       	-144631   	0         	0         	
490.704   	5000      	160       	-144655   	0         	0         	
491.704   	5000      	160       	-144681   	0         	0         	
492.704   	5000      	160       	-144702   	0         	0         	
493.704   	5000      	160       	-144716   	0         	0         	
494.037   	5000      	160       	-144719   	0         	0         	
494.996   	5000      	160       	-144721   	0         	0         	
495.996   	5000      	160       	-144713   	0         	0         	
496.996   	5000      	160       	-144698   	0         	0         	
497.996   	5000      	160       	-144676   	0         	0         	
498.996   	5000      	160       	-144656   	0         	0         	
499.329   	5000      	160       	-144649   	0         	0         	
500       	5000      	160       	-144632   	0         	0         	
