Results for well: RES1_PROD.out in the reservoir: RES1_PROD.out

time	BHP	Temp	q(Gas)	q(Oil)	 q(Water)
days	psi	F	Mscf/d	stb/d	stb/d
0         	0         	-         	0         	0         	0         	
0.01      	1150      	160       	15.3085   	1043.22   	0         	
0.0397645 	1150      	160       	15.1454   	1049.47   	0         	
0.0617188 	1150      	160       	15.1023   	1048.15   	0         	
0.0698708 	1150      	160       	15.0863   	1047.08   	0         	
0.0759641 	1150      	160       	15.0771   	1046.4    	0         	
0.0942004 	1150      	160       	15.0485   	1044.46   	0.000612637	
0.148572  	1150      	160       	14.9762   	1038.53   	0.000222864	
0.309437  	1150      	160       	14.8061   	1026.69   	0.000364994	
0.779716  	1150      	160       	14.459    	1007.48   	0.000601202	
2.13517   	1150      	160       	13.7319   	978.824   	0.000952714	
5.81439   	1150      	160       	12.2551   	942.231   	0.00136897	
10.8144   	1150      	160       	10.6757   	916.932   	0.00157129	
15.8144   	1150      	160       	9.35521   	899.86    	0.00161427	
20.8144   	1150      	160       	8.21596   	884.952   	0.0015826 	
25.8144   	1150      	160       	7.22454   	870.52    	0.0015082 	
30.8144   	1150      	160       	6.36493   	857.172   	0.0014053 	
35.8144   	1150      	160       	5.61022   	843.043   	0.00129129	
40.8144   	1150      	160       	4.94359   	827.323   	0.00117573	
45.8144   	1150      	160       	4.35438   	810.005   	0.00106287	
50.8144   	1150      	160       	3.8387    	792.353   	0.000952882	
55.8144   	1150      	160       	3.51613   	786.245   	0.000863142	
60.8144   	1150      	160       	3.34434   	793.529   	0.000790258	
65.8144   	1150      	160       	3.19147   	801.32    	0.000719611	
70.8144   	1150      	160       	3.05793   	810.221   	0.000651756	
75.8144   	1150      	160       	2.94174   	820.234   	0.000586303	
80.8144   	1150      	160       	2.84093   	831.327   	0.000522779	
85.8144   	1150      	160       	2.75378   	843.444   	0.000460768	
90.8144   	1150      	160       	2.67887   	856.531   	0.000399937	
95.8144   	1150      	160       	2.61565   	870.723   	0.000340153	
100.814   	1150      	160       	2.56322   	885.966   	0.000281147	
105.814   	1150      	160       	2.52245   	902.819   	0.000220954	
110.814   	1150      	160       	2.49768   	921.877   	0.000157946	
115.814   	1150      	160       	2.49342   	943.462   	9.12459e-005	
120.814   	1150      	160       	2.50594   	966.246   	2.24377e-005	
125.814   	1150      	160       	2.53496   	989.935   	0         	
130.814   	1150      	160       	2.58043   	1014.29   	1.66855e-008	
135.814   	1150      	160       	2.63717   	1039.2    	1.59612e-008	
140.814   	1150      	160       	2.70389   	1064.14   	0         	
145.814   	1150      	160       	2.78136   	1089.03   	5.65996e-018	
150.814   	1150      	160       	2.86999   	1113.72   	0         	
155.814   	1150      	160       	2.97033   	1138.12   	5.85885e-010	
160.814   	1150      	160       	3.08295   	1162.12   	4.7367e-009	
165.814   	1150      	160       	3.20841   	1185.61   	0         	
170.814   	1150      	160       	3.34471   	1207.74   	3.60367e-012	
175.814   	1150      	160       	3.49933   	1230.44   	0         	
180.814   	1150      	160       	3.66874   	1252.58   	0         	
185.814   	1150      	160       	4.04747   	1293.19   	0         	
190.814   	1150      	160       	4.25915   	1311.71   	0         	
195.814   	1150      	160       	4.48612   	1328.87   	0         	
200.814   	1150      	160       	4.48794   	1329.3    	0         	
205.814   	1150      	160       	4.72906   	1344.84   	0         	
210.814   	1150      	160       	4.98485   	1358.8    	4.03702e-017	
215.814   	1150      	160       	5.25522   	1371.12   	0         	
220.814   	1150      	160       	5.53862   	1381.9    	3.33422e-009	
225.814   	1150      	160       	5.83415   	1391.05   	1.7204e-009	
230.814   	1150      	160       	6.14105   	1398.51   	0         	
235.814   	1150      	160       	6.45878   	1404.3    	0         	
240.814   	1150      	160       	6.78673   	1408.44   	0         	
245.814   	1150      	160       	7.24328   	1415.86   	0         	
250.814   	1150      	160       	7.85452   	1425.67   	0         	
255.814   	1150      	160       	8.47803   	1432.75   	0         	
260.814   	1150      	160       	9.11101   	1437.14   	0         	
265.814   	1150      	160       	9.7499    	1439.1    	0         	
270.814   	1150      	160       	10.3914   	1438.9    	0         	
275.814   	1150      	160       	11.0325   	1436.76   	0         	
280.814   	1150      	160       	11.6703   	1432.94   	0         	
285.814   	1150      	160       	12.3026   	1427.66   	0         	
290.814   	1150      	160       	12.927    	1421.12   	0         	
295.814   	1150      	160       	13.5419   	1413.52   	0         	
300.814   	1150      	160       	14.1457   	1405.03   	0         	
305.814   	1150      	160       	14.737    	1395.83   	0         	
310.814   	1150      	160       	15.3148   	1386.04   	0         	
315.814   	1150      	160       	15.8783   	1375.81   	0         	
320.814   	1150      	160       	16.4287   	1365.21   	0         	
325.814   	1150      	160       	16.9681   	1354.26   	0         	
330.814   	1150      	160       	17.4952   	1343.06   	0         	
335.814   	1150      	160       	17.9984   	1334.03   	2.48885e-009	
340.814   	1150      	160       	18.4992   	1322.54   	3.75958e-016	
345.814   	1150      	160       	18.9865   	1310.98   	0         	
350.814   	1150      	160       	19.46     	1299.42   	0         	
355.814   	1150      	160       	19.9195   	1287.89   	0         	
360.814   	1150      	160       	20.365    	1276.45   	0         	
365.814   	1150      	160       	20.7965   	1265.12   	1.14142e-016	
370.814   	1150      	160       	21.2141   	1253.94   	0         	
375.814   	1150      	160       	21.618    	1242.93   	0         	
380.814   	1150      	160       	22.0082   	1232.12   	5.90398e-018	
385.814   	1150      	160       	22.3851   	1221.51   	0         	
390.814   	1150      	160       	22.7483   	1211.15   	3.84029e-016	
395.814   	1150      	160       	23.0985   	1201.01   	6.46426e-016	
400.814   	1150      	160       	23.435    	1191.17   	4.29139e-018	
405.814   	1150      	160       	23.7585   	1181.59   	3.66311e-016	
410.814   	1150      	160       	24.0694   	1172.29   	6.51686e-016	
415.814   	1150      	160       	24.368    	1163.27   	2.93995e-016	
420.814   	1150      	160       	24.6547   	1154.53   	0         	
425.814   	1150      	160       	24.93     	1146.06   	4.56632e-016	
430.814   	1150      	160       	25.1941   	1137.86   	7.75313e-017	
435.814   	1150      	160       	25.4134   	1132.92   	0         	
440.814   	1150      	160       	25.6536   	1125.28   	0         	
445.814   	1150      	160       	25.8688   	1119.64   	6.12364e-019	
450.814   	1150      	160       	26.0776   	1114.12   	1.44379e-017	
455.814   	1150      	160       	26.2802   	1108.71   	0         	
460.814   	1150      	160       	26.4766   	1103.42   	0         	
465.814   	1150      	160       	26.667    	1098.24   	0         	
470.814   	1150      	160       	26.8516   	1093.18   	1.48812e-010	
475.814   	1150      	160       	27.0305   	1088.24   	0         	
480.814   	1150      	160       	27.2039   	1083.41   	0         	
485.814   	1150      	160       	27.372    	1078.69   	0         	
490.814   	1150      	160       	27.5348   	1074.09   	0         	
495.814   	1150      	160       	27.6925   	1069.59   	8.41593e-017	
500.814   	1150      	160       	27.8454   	1065.21   	0         	
505.814   	1150      	160       	27.9934   	1060.93   	8.07903e-017	
510.814   	1150      	160       	28.1369   	1056.75   	0         	
515.814   	1150      	160       	28.2758   	1052.68   	0         	
520.814   	1150      	160       	28.4104   	1048.71   	0         	
525.814   	1150      	160       	28.5409   	1044.83   	0         	
530.814   	1150      	160       	28.6683   	1041.03   	0         	
535.814   	1150      	160       	28.7929   	1037.29   	0         	
540.814   	1150      	160       	28.9145   	1033.62   	0         	
545.814   	1150      	160       	29.0332   	1030.01   	0         	
550.814   	1150      	160       	29.1489   	1026.47   	2.22659e-017	
555.814   	1150      	160       	29.2618   	1023      	0         	
560.814   	1150      	160       	29.3717   	1019.6    	8.38615e-018	
565.814   	1150      	160       	29.4787   	1016.27   	0         	
570.814   	1150      	160       	29.5828   	1013.02   	0         	
575.814   	1150      	160       	29.684    	1009.83   	0         	
580.814   	1150      	160       	29.7825   	1006.72   	1.14884e-018	
585.814   	1150      	160       	29.8782   	1003.68   	1.07132e-018	
590.814   	1150      	160       	29.9713   	1000.71   	0         	
595.814   	1150      	160       	30.0616   	997.806   	0         	
600.814   	1150      	160       	30.1494   	994.974   	0         	
605.814   	1150      	160       	30.2346   	992.214   	0         	
610.814   	1150      	160       	30.3173   	989.522   	7.31916e-018	
615.814   	1150      	160       	30.3975   	986.897   	0         	
620.814   	1150      	160       	30.4754   	984.338   	6.60353e-018	
625.814   	1150      	160       	30.551    	981.846   	0         	
630.814   	1150      	160       	30.6243   	979.418   	0         	
635.814   	1150      	160       	30.6954   	977.054   	0         	
640.814   	1150      	160       	30.7643   	974.751   	8.01195e-019	
645.814   	1150      	160       	30.8312   	972.51    	3.31009e-018	
650.814   	1150      	160       	30.896    	970.328   	2.28815e-018	
655.814   	1150      	160       	30.9589   	968.206   	3.91138e-018	
660.814   	1150      	160       	31.0199   	966.14    	6.08559e-018	
665.814   	1150      	160       	31.0791   	964.141   	3.34516e-018	
670.814   	1150      	160       	31.1363   	962.191   	0         	
675.814   	1150      	160       	31.1918   	960.303   	4.05487e-018	
680.814   	1150      	160       	31.2454   	958.47    	3.19696e-018	
685.814   	1150      	160       	31.2974   	956.693   	0         	
690.814   	1150      	160       	31.3477   	954.968   	0         	
695.814   	1150      	160       	31.3963   	953.294   	4.58144e-018	
700.814   	1150      	160       	31.4434   	951.674   	0         	
705.814   	1150      	160       	31.489    	950.096   	0         	
710.814   	1150      	160       	31.5332   	948.571   	0         	
715.814   	1150      	160       	31.5759   	947.09    	0         	
720.814   	1150      	160       	31.6172   	945.654   	0         	
725.814   	1150      	160       	31.6573   	944.259   	8.97712e-018	
730.814   	1150      	160       	31.6961   	942.91    	0         	
735.814   	1150      	160       	31.7337   	941.599   	0         	
740.814   	1150      	160       	31.7702   	940.327   	0         	
745.814   	1150      	160       	31.8055   	939.095   	5.4615e-018	
750.814   	1150      	160       	31.8397   	937.9     	5.86841e-018	
755.814   	1150      	160       	31.9095   	934.898   	0         	
760.814   	1150      	160       	31.9407   	933.801   	0         	
765.814   	1150      	160       	31.9709   	932.763   	0         	
770.814   	1150      	160       	32.0003   	931.757   	2.49342e-016	
775.814   	1150      	160       	32.0288   	930.781   	1.74702e-017	
780.814   	1150      	160       	32.0565   	929.833   	0         	
785.814   	1150      	160       	32.0835   	928.914   	0         	
790.814   	1150      	160       	32.1097   	928.022   	2.54955e-015	
795.814   	1150      	160       	32.1352   	927.155   	0         	
800.814   	1150      	160       	32.1601   	926.316   	0         	
805.814   	1150      	160       	32.1843   	925.502   	0         	
810.814   	1150      	160       	32.2079   	924.714   	0         	
815.814   	1150      	160       	32.2308   	923.95    	1.82547e-017	
820.814   	1150      	160       	32.2532   	923.209   	0         	
825.814   	1150      	160       	32.275    	922.49    	0         	
830.814   	1150      	160       	32.2963   	921.792   	0         	
835.814   	1150      	160       	32.317    	921.116   	0         	
840.814   	1150      	160       	32.3373   	920.459   	1.79766e-018	
845.814   	1150      	160       	32.3571   	919.823   	0         	
850.814   	1150      	160       	32.3765   	919.203   	0         	
855.814   	1150      	160       	32.3955   	918.602   	0         	
860.814   	1150      	160       	32.414    	918.019   	1.12484e-016	
865.814   	1150      	160       	32.4322   	917.453   	0         	
870.814   	1150      	160       	32.45     	916.901   	1.35787e-015	
875.814   	1150      	160       	32.4675   	916.367   	5.60723e-018	
880.814   	1150      	160       	32.4846   	915.847   	7.11048e-019	
885.814   	1150      	160       	32.5014   	915.343   	2.46335e-023	
890.814   	1150      	160       	32.5179   	914.851   	1.73552e-015	
895.814   	1150      	160       	32.5341   	914.374   	1.3192e-015	
900.814   	1150      	160       	32.55     	913.911   	2.40703e-016	
905.814   	1150      	160       	32.5657   	913.458   	0         	
910.814   	1150      	160       	32.5812   	913.015   	0         	
915.814   	1150      	160       	32.5964   	912.585   	0         	
920.814   	1150      	160       	32.6113   	912.169   	1.29547e-015	
925.814   	1150      	160       	32.6262   	911.761   	0         	
930.814   	1150      	160       	32.6407   	911.365   	0         	
935.814   	1150      	160       	32.655    	910.978   	0         	
940.814   	1150      	160       	32.6693   	910.6     	1.85148e-017	
945.814   	1150      	160       	32.6832   	910.233   	0         	
950.814   	1150      	160       	32.6971   	909.874   	9.53031e-016	
955.814   	1150      	160       	32.7108   	909.521   	8.44565e-016	
960.814   	1150      	160       	32.7244   	909.18    	0         	
965.814   	1150      	160       	32.7377   	908.849   	6.9177e-016	
970.814   	1150      	160       	32.751    	908.522   	5.2765e-017	
975.814   	1150      	160       	32.7641   	908.202   	0         	
980.814   	1150      	160       	32.7772   	907.89    	0         	
985.814   	1150      	160       	32.7901   	907.585   	0         	
990.814   	1150      	160       	32.8029   	907.288   	0         	
995.814   	1150      	160       	32.8157   	906.994   	0         	
1000.81   	1150      	160       	32.8282   	906.708   	0         	
1005.81   	1150      	160       	32.8409   	906.426   	7.92383e-016	
1010.81   	1150      	160       	32.8533   	906.153   	0         	
1015.81   	1150      	160       	32.8658   	905.882   	7.57545e-016	
1020.81   	1150      	160       	32.878    	905.619   	8.14886e-016	
1025.81   	1150      	160       	32.8904   	905.358   	5.49525e-017	
1030.81   	1150      	160       	32.9033   	905.091   	1.02871e-015	
1035.81   	1150      	160       	32.9163   	904.822   	0         	
1040.81   	1150      	160       	32.9295   	904.55    	0         	
1045.81   	1150      	160       	32.9427   	904.279   	2.2834e-015	
1050.81   	1150      	160       	32.956    	904.006   	2.18011e-015	
1055.81   	1150      	160       	32.9695   	903.73    	0         	
1060.81   	1150      	160       	32.983    	903.455   	0         	
1065.81   	1150      	160       	32.9966   	903.181   	0         	
1070.81   	1150      	160       	33.0104   	902.906   	1.04304e-015	
1075.81   	1150      	160       	33.0242   	902.628   	0         	
1080.81   	1150      	160       	33.0381   	902.352   	4.81268e-018	
1085.81   	1150      	160       	33.052    	902.075   	6.02221e-018	
1090.81   	1150      	160       	33.0659   	901.799   	9.50555e-016	
1095.81   	1150      	160       	33.08     	901.521   	2.43406e-017	
1100.81   	1150      	160       	33.0941   	901.244   	1.2445e-017	
1105.81   	1150      	160       	33.1083   	900.968   	0         	
1110.81   	1150      	160       	33.1224   	900.693   	8.14139e-016	
1115.81   	1150      	160       	33.1366   	900.417   	0         	
1120.81   	1150      	160       	33.1509   	900.142   	0         	
1125.81   	1150      	160       	33.1652   	899.867   	7.80297e-016	
1130.81   	1150      	160       	33.1795   	899.595   	0         	
1135.81   	1150      	160       	33.1937   	899.324   	0         	
1140.81   	1150      	160       	33.2079   	899.054   	6.8083e-016	
1145.81   	1150      	160       	33.2222   	898.785   	6.89055e-016	
1150.81   	1150      	160       	33.2364   	898.518   	0         	
1155.81   	1150      	160       	33.2508   	898.252   	0         	
1160.81   	1150      	160       	33.265    	897.986   	8.40068e-016	
1165.81   	1150      	160       	33.2792   	897.723   	1.50553e-015	
1170.81   	1150      	160       	33.2933   	897.461   	0         	
1175.81   	1150      	160       	33.3075   	897.2     	1.43395e-015	
1180.81   	1150      	160       	33.3216   	896.94    	6.76963e-016	
1185.81   	1150      	160       	33.3357   	896.682   	7.16869e-016	
1190.81   	1150      	160       	33.3497   	896.425   	7.0242e-016	
1195.81   	1150      	160       	33.3638   	896.169   	0         	
1200.81   	1150      	160       	33.3778   	895.915   	7.1849e-016	
1205.81   	1150      	160       	33.3918   	895.663   	0         	
1210.81   	1150      	160       	33.4057   	895.412   	2.80812e-017	
1215.81   	1150      	160       	33.4196   	895.162   	0         	
1220.81   	1150      	160       	33.4335   	894.914   	0         	
1225.81   	1150      	160       	33.4473   	894.667   	0         	
1230.81   	1150      	160       	33.4611   	894.422   	1.12948e-015	
1235.81   	1150      	160       	33.4748   	894.178   	1.66911e-015	
1240.81   	1150      	160       	33.4885   	893.936   	0         	
1245.81   	1150      	160       	33.5022   	893.696   	4.6364e-016	
1250.81   	1150      	160       	33.5158   	893.457   	4.91785e-016	
1255.81   	1150      	160       	33.5293   	893.22    	0         	
1260.81   	1150      	160       	33.5428   	892.985   	0         	
1265.81   	1150      	160       	33.5563   	892.751   	0         	
1270.81   	1150      	160       	33.5697   	892.518   	0         	
1275.81   	1150      	160       	33.583    	892.288   	4.16534e-016	
1280.81   	1150      	160       	33.5963   	892.059   	0         	
1285.81   	1150      	160       	33.6095   	891.832   	3.93773e-016	
1290.81   	1150      	160       	33.6227   	891.607   	3.43627e-017	
1295.81   	1150      	160       	33.6358   	891.385   	0         	
1300.81   	1150      	160       	33.6488   	891.164   	2.37252e-015	
1305.81   	1150      	160       	33.6618   	890.945   	1.90076e-016	
1310.81   	1150      	160       	33.6747   	890.727   	0         	
1315.81   	1150      	160       	33.6875   	890.512   	2.41705e-015	
1320.81   	1150      	160       	33.6849   	890.897   	0         	
1325.81   	1150      	160       	33.6976   	890.684   	4.49278e-017	
1330.81   	1150      	160       	33.7103   	890.476   	2.66976e-018	
1335.81   	1150      	160       	33.7229   	890.269   	0         	
1340.81   	1150      	160       	33.7355   	890.064   	0         	
1345.81   	1150      	160       	33.748    	889.861   	4.56603e-017	
1350.81   	1150      	160       	33.7604   	889.661   	4.30759e-017	
1355.81   	1150      	160       	33.7727   	889.462   	0         	
1360.81   	1150      	160       	33.7849   	889.266   	4.56002e-017	
1365.81   	1150      	160       	33.7971   	889.073   	0         	
1370.81   	1150      	160       	33.8092   	888.881   	4.53094e-017	
1375.81   	1150      	160       	33.8212   	888.692   	0         	
1380.81   	1150      	160       	33.8332   	888.505   	0         	
1385.81   	1150      	160       	33.845    	888.321   	4.65622e-017	
1390.81   	1150      	160       	33.8568   	888.139   	4.50814e-017	
1395.81   	1150      	160       	33.8684   	887.96    	4.50819e-017	
1400.81   	1150      	160       	33.88     	887.783   	9.06369e-018	
1405.81   	1150      	160       	33.8915   	887.608   	4.54339e-017	
1410.81   	1150      	160       	33.9029   	887.436   	0         	
1415.81   	1150      	160       	33.9143   	887.266   	0         	
1420.81   	1150      	160       	33.9255   	887.099   	0         	
1425.81   	1150      	160       	33.9366   	886.935   	4.61958e-017	
1430.81   	1150      	160       	33.9477   	886.773   	0         	
1435.81   	1150      	160       	33.9586   	886.614   	4.38575e-017	
1440.81   	1150      	160       	33.9695   	886.458   	4.56883e-017	
1445.81   	1150      	160       	33.9802   	886.304   	4.64269e-017	
1450.81   	1150      	160       	33.9909   	886.153   	0         	
1455.81   	1150      	160       	34.0014   	886.005   	4.54413e-017	
1460.81   	1150      	160       	34.0119   	885.861   	0         	
1465.81   	1150      	160       	34.0222   	885.719   	0         	
1470.81   	1150      	160       	34.0324   	885.58    	0         	
1475.81   	1150      	160       	34.0425   	885.444   	4.48675e-017	
1480.81   	1150      	160       	34.0526   	885.311   	4.60756e-017	
1485.81   	1150      	160       	34.0625   	885.181   	4.78267e-017	
1490.81   	1150      	160       	34.0723   	885.053   	0         	
1495.81   	1150      	160       	34.0819   	884.929   	0         	
1500.81   	1150      	160       	34.0915   	884.808   	0         	
1505.81   	1150      	160       	34.101    	884.689   	0         	
1510.81   	1150      	160       	34.1104   	884.574   	0         	
1515.81   	1150      	160       	34.1196   	884.461   	5.28252e-017	
1520.81   	1150      	160       	34.1288   	884.351   	0         	
1525.81   	1150      	160       	34.1378   	884.244   	0         	
1530.81   	1150      	160       	34.1467   	884.14    	3.66483e-017	
1535.81   	1150      	160       	34.1555   	884.039   	0         	
1540.81   	1150      	160       	34.1643   	883.941   	4.92038e-017	
1545.81   	1150      	160       	34.1729   	883.846   	0         	
1550.81   	1150      	160       	34.1814   	883.754   	0         	
1555.81   	1150      	160       	34.1897   	883.664   	0         	
1560.81   	1150      	160       	34.198    	883.578   	4.46679e-017	
1565.81   	1150      	160       	34.2062   	883.494   	0         	
1570.81   	1150      	160       	34.2142   	883.413   	0         	
1575.81   	1150      	160       	34.2222   	883.335   	0         	
1580.81   	1150      	160       	34.23     	883.26    	4.92213e-017	
1585.81   	1150      	160       	34.2378   	883.188   	0         	
1590.81   	1150      	160       	34.2454   	883.119   	0         	
1595.81   	1150      	160       	34.2529   	883.053   	0         	
1600.81   	1150      	160       	34.2604   	882.989   	0         	
1605.81   	1150      	160       	34.2677   	882.929   	3.90713e-017	
1610.81   	1150      	160       	34.2749   	882.871   	0         	
1615.81   	1150      	160       	34.282    	882.816   	0         	
1620.81   	1150      	160       	34.289    	882.764   	4.36453e-017	
1625.81   	1150      	160       	34.2958   	882.715   	0         	
1630.81   	1150      	160       	34.3026   	882.668   	4.97658e-017	
1635.81   	1150      	160       	34.3093   	882.625   	0         	
1640.81   	1150      	160       	34.3159   	882.584   	4.01391e-017	
1645.81   	1150      	160       	34.3223   	882.546   	4.46315e-017	
1650.81   	1150      	160       	34.3287   	882.511   	3.08894e-017	
1655.81   	1150      	160       	34.3349   	882.478   	0         	
1660.81   	1150      	160       	34.3411   	882.449   	0         	
1665.81   	1150      	160       	34.3471   	882.422   	0         	
1670.81   	1150      	160       	34.3531   	882.398   	0         	
1675.81   	1150      	160       	34.3589   	882.376   	0         	
1680.81   	1150      	160       	34.3647   	882.357   	4.00308e-017	
1685.81   	1150      	160       	34.3703   	882.341   	5.66454e-018	
1690.81   	1150      	160       	34.3759   	882.327   	1.61129e-017	
1695.81   	1150      	160       	34.3813   	882.317   	2.57599e-017	
1700.81   	1150      	160       	34.3866   	882.309   	0         	
1705.81   	1150      	160       	34.3919   	882.304   	0         	
1710.81   	1150      	160       	34.3971   	882.3     	0         	
1715.81   	1150      	160       	34.4022   	882.296   	0         	
1720.81   	1150      	160       	34.4074   	882.292   	4.44304e-017	
1725.81   	1150      	160       	34.4125   	882.289   	4.96479e-017	
1730.81   	1150      	160       	34.4176   	882.285   	0         	
1735.81   	1150      	160       	34.4227   	882.283   	0         	
1740.81   	1150      	160       	34.4277   	882.281   	4.47845e-017	
1745.81   	1150      	160       	34.4327   	882.28    	0         	
1750.81   	1150      	160       	34.4377   	882.279   	3.59106e-017	
1755.81   	1150      	160       	34.4426   	882.28    	0         	
1760.81   	1150      	160       	34.4474   	882.282   	0         	
1765.81   	1150      	160       	34.4522   	882.285   	0         	
1770.81   	1150      	160       	34.4569   	882.29    	0         	
1775.81   	1150      	160       	34.4615   	882.297   	2.34099e-017	
1780.81   	1150      	160       	34.4661   	882.305   	1.75386e-017	
1785.81   	1150      	160       	34.4706   	882.315   	1.47788e-017	
1790.81   	1150      	160       	34.4751   	882.327   	0         	
1795.81   	1150      	160       	34.4795   	882.341   	0         	
1800.81   	1150      	160       	34.4838   	882.358   	0         	
1805.81   	1150      	160       	34.4881   	882.377   	4.73463e-017	
1810.81   	1150      	160       	34.4924   	882.399   	0         	
1815.81   	1150      	160       	34.4967   	882.425   	5.1727e-017	
1820.81   	1150      	160       	34.5009   	882.453   	3.12127e-017	
1825.81   	1150      	160       	34.5051   	882.485   	3.98592e-017	
1830.81   	1150      	160       	34.5093   	882.52    	4.37099e-017	
1835.81   	1150      	160       	34.5135   	882.558   	3.52432e-017	
1840.81   	1150      	160       	34.5176   	882.6     	2.11443e-018	
1845.81   	1150      	160       	34.5217   	882.645   	0         	
1850.81   	1150      	160       	34.5257   	882.694   	5.48476e-017	
1855.81   	1150      	160       	34.5297   	882.746   	0         	
1860.81   	1150      	160       	34.5336   	882.801   	4.43828e-017	
1865.81   	1150      	160       	34.5375   	882.859   	0         	
1870.81   	1150      	160       	34.5413   	882.921   	3.7186e-017	
1875.81   	1150      	160       	34.545    	882.986   	3.65876e-017	
1880.81   	1150      	160       	34.5487   	883.054   	0         	
1885.81   	1150      	160       	34.5523   	883.126   	5.30342e-017	
1890.81   	1150      	160       	34.5559   	883.201   	0         	
1895.81   	1150      	160       	34.5594   	883.279   	0         	
1900.81   	1150      	160       	34.5628   	883.36    	1.30378e-017	
1905.81   	1150      	160       	34.5662   	883.445   	3.51964e-017	
1910.81   	1150      	160       	34.5694   	883.532   	0         	
1915.81   	1150      	160       	34.5727   	883.623   	2.39636e-019	
1920.81   	1150      	160       	34.5758   	883.716   	0         	
1925.81   	1150      	160       	34.5789   	883.813   	1.14687e-017	
1930.81   	1150      	160       	34.5819   	883.912   	3.44862e-017	
1935.81   	1150      	160       	34.5848   	884.015   	5.56591e-017	
1940.81   	1150      	160       	34.5876   	884.12    	3.43435e-017	
1945.81   	1150      	160       	34.5904   	884.228   	0         	
1950.81   	1150      	160       	34.5931   	884.339   	1.04513e-017	
1955.81   	1150      	160       	34.5957   	884.453   	4.48128e-017	
1960.81   	1150      	160       	34.5983   	884.569   	2.06241e-017	
1965.81   	1150      	160       	34.6008   	884.688   	0         	
1970.81   	1150      	160       	34.6032   	884.809   	9.45223e-018	
1975.81   	1150      	160       	34.6055   	884.934   	0         	
1980.81   	1150      	160       	34.6078   	885.061   	1.10928e-017	
1985.81   	1150      	160       	34.61     	885.19    	0         	
1990.81   	1150      	160       	34.6121   	885.322   	0         	
1995.81   	1150      	160       	34.6142   	885.456   	4.48056e-017	
2000.81   	1150      	160       	34.6162   	885.592   	2.54217e-017	
2005.81   	1150      	160       	34.6181   	885.731   	0         	
2010.81   	1150      	160       	34.6199   	885.872   	0         	
2015.81   	1150      	160       	34.6217   	886.015   	0         	
2020.81   	1150      	160       	34.6234   	886.161   	6.95013e-019	
2025.81   	1150      	160       	34.6251   	886.308   	0         	
2030.81   	1150      	160       	34.6266   	886.458   	0         	
2035.81   	1150      	160       	34.6282   	886.61    	4.54385e-017	
2040.81   	1150      	160       	34.6296   	886.763   	0         	
2045.81   	1150      	160       	34.631    	886.919   	0         	
2050.81   	1150      	160       	34.6323   	887.077   	0         	
2055.81   	1150      	160       	34.6336   	887.236   	8.51436e-018	
2060.81   	1150      	160       	34.6348   	887.398   	0         	
2065.81   	1150      	160       	34.636    	887.562   	0         	
2070.81   	1150      	160       	34.6371   	887.727   	0         	
2075.81   	1150      	160       	34.6382   	887.894   	2.61971e-017	
2080.81   	1150      	160       	34.6392   	888.063   	0         	
2085.81   	1150      	160       	34.6401   	888.233   	0         	
2090.81   	1150      	160       	34.641    	888.406   	4.48514e-017	
2095.81   	1150      	160       	34.6418   	888.579   	0         	
2100.81   	1150      	160       	34.6426   	888.755   	3.72362e-018	
2105.81   	1150      	160       	34.6433   	888.932   	0         	
2110.81   	1150      	160       	34.644    	889.11    	0         	
2115.81   	1150      	160       	34.6446   	889.29    	0         	
2120.81   	1150      	160       	34.6452   	889.471   	0         	
2125.81   	1150      	160       	34.6457   	889.654   	2.16023e-018	
2130.81   	1150      	160       	34.6461   	889.837   	0         	
2135.81   	1150      	160       	34.6466   	890.023   	1.00117e-017	
2140.81   	1150      	160       	34.647    	890.209   	2.97963e-017	
2145.81   	1150      	160       	34.6473   	890.397   	2.55537e-020	
2150.81   	1150      	160       	34.6476   	890.586   	1.05991e-017	
2155.81   	1150      	160       	34.6478   	890.776   	3.10491e-017	
2160.81   	1150      	160       	34.6481   	890.967   	1.2675e-017	
2165.81   	1150      	160       	34.6482   	891.159   	0         	
2170.81   	1150      	160       	34.6484   	891.352   	2.05794e-017	
2175.81   	1150      	160       	34.6485   	891.547   	1.93559e-017	
2180.81   	1150      	160       	34.6485   	891.742   	0         	
2185.81   	1150      	160       	34.6485   	891.939   	3.54975e-017	
2190.81   	1150      	160       	34.6485   	892.136   	0         	
2195.81   	1150      	160       	34.6485   	892.335   	0         	
2200.81   	1150      	160       	34.6484   	892.535   	3.19216e-018	
2205.81   	1150      	160       	34.6483   	892.735   	0         	
2210.81   	1150      	160       	34.6481   	892.937   	1.18933e-017	
2215.81   	1150      	160       	34.6479   	893.139   	5.01366e-017	
2220.81   	1150      	160       	34.6477   	893.342   	2.05649e-017	
2225.81   	1150      	160       	34.6474   	893.545   	0         	
2230.81   	1150      	160       	34.6472   	893.75    	6.51218e-018	
2235.81   	1150      	160       	34.6469   	893.955   	2.38355e-018	
2240.81   	1150      	160       	34.6466   	894.159   	0         	
2245.81   	1150      	160       	34.6463   	894.364   	3.08559e-018	
2250.81   	1150      	160       	34.646    	894.569   	4.29836e-018	
2255.81   	1150      	160       	34.6457   	894.775   	0         	
2260.81   	1150      	160       	34.6454   	894.98    	2.23304e-017	
2265.81   	1150      	160       	34.645    	895.186   	2.15652e-018	
2270.81   	1150      	160       	34.6447   	895.391   	0         	
2275.81   	1150      	160       	34.6443   	895.597   	6.70988e-018	
2280.81   	1150      	160       	34.6439   	895.803   	0         	
2285.81   	1150      	160       	34.6435   	896.009   	1.05823e-017	
2290.81   	1150      	160       	34.6431   	896.215   	0         	
2295.81   	1150      	160       	34.6427   	896.421   	1.345e-017	
2300.81   	1150      	160       	34.6423   	896.627   	0         	
2305.81   	1150      	160       	34.6419   	896.833   	3.62309e-017	
2310.81   	1150      	160       	34.6414   	897.039   	1.10649e-017	
2315.81   	1150      	160       	34.641    	897.246   	0         	
2320.81   	1150      	160       	34.6406   	897.452   	0         	
2325.81   	1150      	160       	34.6401   	897.659   	7.98089e-018	
2330.81   	1150      	160       	34.6396   	897.865   	0         	
2335.81   	1150      	160       	34.6392   	898.072   	0         	
2340.81   	1150      	160       	34.6387   	898.278   	0         	
2345.81   	1150      	160       	34.6382   	898.485   	7.81633e-018	
2350.81   	1150      	160       	34.6377   	898.691   	9.52974e-018	
2355.81   	1150      	160       	34.6372   	898.897   	0         	
2360.81   	1150      	160       	34.6367   	899.104   	0         	
2365.81   	1150      	160       	34.6362   	899.31    	0         	
2370.81   	1150      	160       	34.6357   	899.516   	6.81702e-018	
2375.81   	1150      	160       	34.6352   	899.722   	0         	
2380.81   	1150      	160       	34.6347   	899.928   	0         	
2385.81   	1150      	160       	34.6342   	900.133   	8.84575e-018	
2390.81   	1150      	160       	34.6337   	900.339   	1.48656e-017	
2395.81   	1150      	160       	34.6332   	900.544   	0         	
2400.81   	1150      	160       	34.6326   	900.749   	0         	
2405.81   	1150      	160       	34.6321   	900.954   	0         	
2410.81   	1150      	160       	34.6316   	901.159   	0         	
2415.81   	1150      	160       	34.6311   	901.363   	1.65915e-018	
2420.81   	1150      	160       	34.6305   	901.567   	7.23469e-018	
2425.81   	1150      	160       	34.63     	901.771   	0         	
2430.81   	1150      	160       	34.6295   	901.975   	1.35404e-017	
2435.81   	1150      	160       	34.6289   	902.178   	0         	
2440.81   	1150      	160       	34.6284   	902.381   	0         	
2445.81   	1150      	160       	34.6279   	902.584   	2.41858e-017	
2450.81   	1150      	160       	34.6274   	902.786   	1.19172e-017	
2455.81   	1150      	160       	34.6268   	902.988   	0         	
2460.81   	1150      	160       	34.6263   	903.19    	0         	
2465.81   	1150      	160       	34.6258   	903.391   	9.45819e-018	
2470.81   	1150      	160       	34.6253   	903.592   	3.58527e-017	
2475.81   	1150      	160       	34.6248   	903.792   	0         	
2480.81   	1150      	160       	34.6243   	903.992   	2.98853e-018	
2485.81   	1150      	160       	34.6238   	904.192   	0         	
2490.81   	1150      	160       	34.6233   	904.391   	5.38393e-018	
2495.81   	1150      	160       	34.6228   	904.59    	7.76623e-018	
2500.81   	1150      	160       	34.6223   	904.788   	5.67723e-018	
2505.81   	1150      	160       	34.6218   	904.985   	2.7204e-017	
2510.81   	1150      	160       	34.6213   	905.183   	0         	
2515.81   	1150      	160       	34.6209   	905.379   	0         	
2520.81   	1150      	160       	34.6204   	905.575   	3.85075e-019	
2525.81   	1150      	160       	34.6199   	905.771   	0         	
2530.81   	1150      	160       	34.6195   	905.966   	7.39555e-019	
2535.81   	1150      	160       	34.619    	906.16    	9.31112e-018	
2540.81   	1150      	160       	34.6186   	906.354   	4.22812e-018	
2545.81   	1150      	160       	34.6181   	906.548   	0         	
2550.81   	1150      	160       	34.6177   	906.74    	1.32539e-017	
2555.81   	1150      	160       	34.6173   	906.933   	3.01771e-017	
2560.81   	1150      	160       	34.6169   	907.124   	1.66452e-017	
2565.81   	1150      	160       	34.6165   	907.315   	9.38108e-018	
2570.81   	1150      	160       	34.6161   	907.506   	0         	
2575.81   	1150      	160       	34.6157   	907.695   	1.53124e-017	
2580.81   	1150      	160       	34.6154   	907.885   	0         	
2585.81   	1150      	160       	34.615    	908.073   	0         	
2590.81   	1150      	160       	34.6147   	908.261   	1.32707e-017	
2595.81   	1150      	160       	34.6143   	908.448   	0         	
2600.81   	1150      	160       	34.614    	908.635   	5.89054e-018	
2605.81   	1150      	160       	34.6137   	908.821   	3.54515e-018	
2610.81   	1150      	160       	34.6134   	909.006   	0         	
2615.81   	1150      	160       	34.6131   	909.19    	0         	
2620.81   	1150      	160       	34.6128   	909.374   	9.09624e-018	
2625.81   	1150      	160       	34.6125   	909.557   	5.86536e-018	
2630.81   	1150      	160       	34.6123   	909.74    	0         	
2635.81   	1150      	160       	34.612    	909.921   	0         	
2640.81   	1150      	160       	34.6118   	910.102   	7.97391e-018	
2645.81   	1150      	160       	34.6115   	910.282   	1.10302e-017	
2650.81   	1150      	160       	34.6113   	910.462   	2.95603e-017	
2655.81   	1150      	160       	34.6111   	910.641   	0         	
2660.81   	1150      	160       	34.6109   	910.819   	4.05987e-017	
2665.81   	1150      	160       	34.6108   	910.996   	3.24383e-017	
2670.81   	1150      	160       	34.6106   	911.173   	0         	
2675.81   	1150      	160       	34.6105   	911.348   	0         	
2680.81   	1150      	160       	34.6103   	911.523   	0         	
2685.81   	1150      	160       	34.6102   	911.697   	2.46189e-017	
2690.81   	1150      	160       	34.6101   	911.871   	5.46699e-017	
2695.81   	1150      	160       	34.61     	912.043   	0         	
2700.81   	1150      	160       	34.6099   	912.215   	0         	
2705.81   	1150      	160       	34.6098   	912.386   	4.66977e-019	
2710.81   	1150      	160       	34.6098   	912.556   	0         	
2715.81   	1150      	160       	34.6097   	912.726   	0         	
2720.81   	1150      	160       	34.6097   	912.894   	0         	
2725.81   	1150      	160       	34.6097   	913.062   	0         	
2730.81   	1150      	160       	34.6097   	913.229   	0         	
2735.81   	1150      	160       	34.6097   	913.395   	4.46491e-017	
2740.81   	1150      	160       	34.6097   	913.56    	4.14947e-017	
2745.81   	1150      	160       	34.6097   	913.725   	0         	
2750.81   	1150      	160       	34.6098   	913.888   	3.08012e-017	
2755.81   	1150      	160       	34.6098   	914.051   	0         	
2760.81   	1150      	160       	34.6099   	914.213   	4.29071e-017	
2765.81   	1150      	160       	34.61     	914.374   	2.78451e-017	
2770.81   	1150      	160       	34.6101   	914.534   	0         	
2775.81   	1150      	160       	34.6102   	914.694   	1.8022e-017	
2780.81   	1150      	160       	34.6104   	914.852   	0         	
2785.81   	1150      	160       	34.6105   	915.01    	0         	
2790.81   	1150      	160       	34.6107   	915.167   	0         	
2795.81   	1150      	160       	34.6109   	915.323   	1.2421e-017	
2800.81   	1150      	160       	34.6111   	915.478   	0         	
2805.81   	1150      	160       	34.6113   	915.632   	3.16394e-017	
2810.81   	1150      	160       	34.6115   	915.785   	1.80512e-017	
2815.81   	1150      	160       	34.6117   	915.938   	1.83757e-017	
2820.81   	1150      	160       	34.612    	916.089   	2.24103e-017	
2825.81   	1150      	160       	34.6122   	916.24    	0         	
2830.81   	1150      	160       	34.6125   	916.39    	1.56885e-017	
2835.81   	1150      	160       	34.6128   	916.539   	0         	
2840.81   	1150      	160       	34.6131   	916.687   	0         	
2845.81   	1150      	160       	34.6134   	916.834   	0         	
2850.81   	1150      	160       	34.6138   	916.981   	7.90201e-018	
2855.81   	1150      	160       	34.6141   	917.126   	0         	
2860.81   	1150      	160       	34.6145   	917.271   	6.92149e-018	
2865.81   	1150      	160       	34.6149   	917.414   	0         	
2870.81   	1150      	160       	34.6153   	917.557   	2.66578e-017	
2875.81   	1150      	160       	34.6157   	917.699   	0         	
2880.81   	1150      	160       	34.6161   	917.84    	3.16506e-017	
2885.81   	1150      	160       	34.6166   	917.98    	2.78021e-017	
2890.81   	1150      	160       	34.617    	918.12    	0         	
2895.81   	1150      	160       	34.6175   	918.258   	0         	
2900.81   	1150      	160       	34.618    	918.396   	3.30734e-017	
2905.81   	1150      	160       	34.6185   	918.532   	0         	
2910.81   	1150      	160       	34.619    	918.668   	9.26729e-018	
2915.81   	1150      	160       	34.6195   	918.803   	0         	
2920.81   	1150      	160       	34.6201   	918.938   	2.69471e-017	
2925.81   	1150      	160       	34.6206   	919.071   	2.45575e-017	
2930.81   	1150      	160       	34.6212   	919.203   	1.98727e-017	
2935.81   	1150      	160       	34.6218   	919.335   	0         	
2940.81   	1150      	160       	34.6224   	919.465   	0         	
2945.81   	1150      	160       	34.623    	919.595   	0         	
2950.81   	1150      	160       	34.6237   	919.724   	1.02077e-017	
2955.81   	1150      	160       	34.6243   	919.852   	1.12426e-018	
2960.81   	1150      	160       	34.625    	919.979   	9.17694e-018	
2965.81   	1150      	160       	34.6257   	920.106   	0         	
2970.81   	1150      	160       	34.6263   	920.231   	1.36896e-017	
2975.81   	1150      	160       	34.627    	920.356   	0         	
2980.81   	1150      	160       	34.6278   	920.48    	6.84383e-019	
2985.81   	1150      	160       	34.6285   	920.603   	1.45038e-017	
2990.81   	1150      	160       	34.6292   	920.725   	0         	
2995.81   	1150      	160       	34.63     	920.846   	0         	
3000.81   	1150      	160       	34.6308   	920.966   	0         	
3005.81   	1150      	160       	34.6315   	921.085   	0         	
3010.81   	1150      	160       	34.6323   	921.204   	1.89397e-017	
3015.81   	1150      	160       	34.6331   	921.322   	0         	
3020.81   	1150      	160       	34.634    	921.439   	0         	
3025.81   	1150      	160       	34.6348   	921.555   	0         	
3030.81   	1150      	160       	34.6356   	921.67    	1.95192e-017	
3035.81   	1150      	160       	34.6365   	921.784   	0         	
3040.81   	1150      	160       	34.6374   	921.897   	0         	
3045.81   	1150      	160       	34.6382   	922.01    	3.908e-017	
3050.81   	1150      	160       	34.6391   	922.122   	4.36379e-017	
3055.81   	1150      	160       	34.64     	922.233   	5.62159e-018	
3060.81   	1150      	160       	34.641    	922.343   	0         	
3065.81   	1150      	160       	34.6419   	922.452   	1.72003e-018	
3070.81   	1150      	160       	34.6428   	922.56    	0         	
3075.81   	1150      	160       	34.6438   	922.668   	1.04568e-017	
3080.81   	1150      	160       	34.6447   	922.775   	4.73777e-017	
3085.81   	1150      	160       	34.6457   	922.881   	0         	
3090.81   	1150      	160       	34.6467   	922.986   	7.96023e-019	
3095.81   	1150      	160       	34.6477   	923.09    	2.22671e-017	
3100.81   	1150      	160       	34.6487   	923.193   	3.42142e-017	
3105.81   	1150      	160       	34.6498   	923.296   	2.65713e-017	
3110.81   	1150      	160       	34.6508   	923.398   	7.85892e-018	
3115.81   	1150      	160       	34.6518   	923.499   	9.26672e-019	
3120.81   	1150      	160       	34.6529   	923.599   	0         	
3125.81   	1150      	160       	34.654    	923.698   	0         	
3130.81   	1150      	160       	34.655    	923.797   	0         	
3135.81   	1150      	160       	34.6561   	923.895   	0         	
3140.81   	1150      	160       	34.6572   	923.992   	0         	
3145.81   	1150      	160       	34.6584   	924.088   	0         	
3150.81   	1150      	160       	34.6595   	924.183   	7.17444e-018	
3155.81   	1150      	160       	34.6606   	924.278   	4.30825e-017	
3160.81   	1150      	160       	34.6617   	924.372   	0         	
3165.81   	1150      	160       	34.6629   	924.465   	5.1134e-018	
3170.81   	1150      	160       	34.6641   	924.557   	0         	
3175.81   	1150      	160       	34.6652   	924.649   	2.75028e-017	
3180.81   	1150      	160       	34.6664   	924.739   	0         	
3185.81   	1150      	160       	34.6676   	924.83    	0         	
3190.81   	1150      	160       	34.6688   	924.919   	0         	
3195.81   	1150      	160       	34.67     	925.007   	0         	
3200.81   	1150      	160       	34.6713   	925.095   	0         	
3205.81   	1150      	160       	34.6725   	925.182   	0         	
3210.81   	1150      	160       	34.6737   	925.268   	8.30107e-018	
3215.81   	1150      	160       	34.675    	925.354   	1.15979e-017	
3220.81   	1150      	160       	34.6763   	925.439   	6.27826e-018	
3225.81   	1150      	160       	34.6775   	925.523   	4.00802e-017	
3230.81   	1150      	160       	34.6788   	925.606   	0         	
3235.81   	1150      	160       	34.6801   	925.689   	1.21626e-017	
3240.81   	1150      	160       	34.6814   	925.771   	0         	
3245.81   	1150      	160       	34.6827   	925.852   	1.92109e-017	
3250.81   	1150      	160       	34.6841   	925.933   	1.91347e-017	
3255.81   	1150      	160       	34.6854   	926.013   	1.58626e-017	
3260.81   	1150      	160       	34.6868   	926.091   	0         	
3265.81   	1150      	160       	34.6882   	926.169   	3.3644e-017	
3270.81   	1150      	160       	34.6897   	926.245   	0         	
3275.81   	1150      	160       	34.6911   	926.32    	4.59882e-017	
3280.81   	1150      	160       	34.6926   	926.394   	4.0133e-017	
3285.81   	1150      	160       	34.6941   	926.467   	0         	
3290.81   	1150      	160       	34.6956   	926.539   	0         	
3295.81   	1150      	160       	34.6971   	926.611   	0         	
3300.81   	1150      	160       	34.6986   	926.681   	1.85242e-017	
3305.81   	1150      	160       	34.7002   	926.75    	0         	
3310.81   	1150      	160       	34.7018   	926.818   	2.96045e-017	
3315.81   	1150      	160       	34.7034   	926.885   	1.97598e-017	
3320.81   	1150      	160       	34.705    	926.952   	4.52683e-017	
3325.81   	1150      	160       	34.7066   	927.017   	0         	
3330.81   	1150      	160       	34.7082   	927.082   	0         	
3335.81   	1150      	160       	34.7099   	927.146   	0         	
3340.81   	1150      	160       	34.7115   	927.208   	4.5237e-017	
3345.81   	1150      	160       	34.7132   	927.271   	0         	
3350.81   	1150      	160       	34.7149   	927.332   	1.71142e-018	
3355.81   	1150      	160       	34.7166   	927.392   	0         	
3360.81   	1150      	160       	34.7182   	927.452   	0         	
3365.81   	1150      	160       	34.72     	927.511   	0         	
3370.81   	1150      	160       	34.7217   	927.569   	4.51524e-017	
3375.81   	1150      	160       	34.7234   	927.626   	4.37253e-017	
3380.81   	1150      	160       	34.7251   	927.683   	4.53265e-017	
3385.81   	1150      	160       	34.7269   	927.739   	0         	
3390.81   	1150      	160       	34.7287   	927.794   	0         	
3395.81   	1150      	160       	34.7304   	927.849   	4.46414e-017	
3400.81   	1150      	160       	34.7322   	927.902   	4.54347e-017	
3405.81   	1150      	160       	34.734    	927.955   	4.58926e-017	
3410.81   	1150      	160       	34.7358   	928.008   	4.57841e-017	
3415.81   	1150      	160       	34.7376   	928.06    	2.25536e-017	
3420.81   	1150      	160       	34.7394   	928.111   	0         	
3425.81   	1150      	160       	34.7412   	928.161   	0         	
3430.81   	1150      	160       	34.743    	928.211   	1.37387e-017	
3435.81   	1150      	160       	34.7448   	928.26    	4.06845e-017	
3440.81   	1150      	160       	34.7466   	928.308   	0         	
3445.81   	1150      	160       	34.7485   	928.356   	0         	
3450.81   	1150      	160       	34.7503   	928.403   	0         	
3455.81   	1150      	160       	34.7522   	928.45    	1.03249e-017	
3460.81   	1150      	160       	34.754    	928.496   	5.8925e-017	
3465.81   	1150      	160       	34.7559   	928.541   	6.57851e-017	
3470.81   	1150      	160       	34.7578   	928.586   	4.60516e-017	
3475.81   	1150      	160       	34.7596   	928.63    	0         	
3480.81   	1150      	160       	34.7615   	928.674   	5.33522e-017	
3485.81   	1150      	160       	34.7634   	928.717   	4.61442e-017	
3490.81   	1150      	160       	34.7653   	928.76    	1.02527e-017	
3495.81   	1150      	160       	34.7672   	928.801   	4.62717e-017	
3500.81   	1150      	160       	34.7691   	928.843   	4.57234e-017	
3505.81   	1150      	160       	34.771    	928.884   	0         	
3510.81   	1150      	160       	34.7729   	928.924   	1.86784e-017	
3515.81   	1150      	160       	34.7748   	928.964   	1.78204e-017	
3520.81   	1150      	160       	34.7767   	929.003   	3.1252e-017	
3525.81   	1150      	160       	34.7786   	929.042   	4.54811e-017	
3530.81   	1150      	160       	34.7805   	929.081   	3.7836e-017	
3535.81   	1150      	160       	34.7825   	929.118   	0         	
3540.81   	1150      	160       	34.7844   	929.156   	0         	
3545.81   	1150      	160       	34.7863   	929.193   	4.59041e-017	
3550.81   	1150      	160       	34.7883   	929.229   	0         	
3555.81   	1150      	160       	34.7902   	929.265   	1.42579e-017	
3560.81   	1150      	160       	34.7922   	929.3     	2.67928e-017	
3565.81   	1150      	160       	34.7941   	929.335   	0         	
3570.81   	1150      	160       	34.7961   	929.37    	3.31991e-017	
3575.81   	1150      	160       	34.798    	929.404   	2.27781e-018	
3580.81   	1150      	160       	34.8      	929.438   	0         	
3585.81   	1150      	160       	34.8019   	929.471   	0         	
3590.81   	1150      	160       	34.8039   	929.504   	0         	
3595.81   	1150      	160       	34.8059   	929.537   	5.79424e-017	
3600.81   	1150      	160       	34.8078   	929.569   	0         	
3605.81   	1150      	160       	34.8098   	929.6     	2.11174e-017	
3610.81   	1150      	160       	34.8118   	929.632   	4.76623e-017	
3615.81   	1150      	160       	34.8137   	929.662   	0         	
3620.81   	1150      	160       	34.8157   	929.693   	2.0055e-017	
3625.81   	1150      	160       	34.8177   	929.723   	4.06758e-017	
3630.81   	1150      	160       	34.8197   	929.752   	0         	
3635.81   	1150      	160       	34.8216   	929.782   	1.21538e-017	
3640.81   	1150      	160       	34.8236   	929.811   	2.29142e-018	
3645.81   	1150      	160       	34.8256   	929.839   	1.84134e-017	
3650.81   	1150      	160       	34.8276   	929.867   	0         	
3655.81   	1150      	160       	34.8295   	929.895   	1.32656e-017	
3660.81   	1150      	160       	34.8315   	929.923   	0         	
3665.81   	1150      	160       	34.8335   	929.95    	0         	
3670.81   	1150      	160       	34.8355   	929.976   	3.89321e-018	
3675.81   	1150      	160       	34.8374   	930.003   	0         	
3680.81   	1150      	160       	34.8394   	930.029   	6.36357e-018	
3685.81   	1150      	160       	34.8414   	930.054   	1.23844e-017	
3690.81   	1150      	160       	34.8434   	930.08    	2.52179e-017	
3695.81   	1150      	160       	34.8453   	930.105   	0         	
3700.81   	1150      	160       	34.8473   	930.129   	3.09282e-018	
3705.81   	1150      	160       	34.8493   	930.154   	2.29758e-017	
3710.81   	1150      	160       	34.8513   	930.178   	6.75781e-018	
3715.81   	1150      	160       	34.8532   	930.201   	0         	
3720.81   	1150      	160       	34.8552   	930.225   	0         	
3725.81   	1150      	160       	34.8572   	930.248   	1.53681e-017	
3730.81   	1150      	160       	34.8591   	930.27    	2.7153e-017	
3735.81   	1150      	160       	34.8611   	930.293   	9.3972e-018	
3740.81   	1150      	160       	34.8631   	930.315   	2.57429e-017	
3745.81   	1150      	160       	34.865    	930.337   	7.81472e-018	
3750.81   	1150      	160       	34.867    	930.358   	1.61257e-017	
3755.81   	1150      	160       	34.869    	930.379   	3.26315e-017	
3760.81   	1150      	160       	34.8709   	930.4     	2.59342e-018	
3765.81   	1150      	160       	34.8729   	930.42    	0         	
3770.81   	1150      	160       	34.8749   	930.44    	0         	
3775.81   	1150      	160       	34.8769   	930.458   	2.70685e-017	
3780.81   	1150      	160       	34.8789   	930.477   	0         	
3785.81   	1150      	160       	34.8809   	930.495   	1.51061e-019	
3790.81   	1150      	160       	34.8829   	930.513   	0         	
3795.81   	1150      	160       	34.8849   	930.53    	0         	
3800.81   	1150      	160       	34.8869   	930.546   	3.92844e-018	
3805.81   	1150      	160       	34.8889   	930.563   	6.75729e-018	
3810.81   	1150      	160       	34.8909   	930.579   	0         	
3815.81   	1150      	160       	34.8929   	930.594   	0         	
3820.81   	1150      	160       	34.8949   	930.609   	5.78738e-018	
3825.81   	1150      	160       	34.8969   	930.624   	3.88439e-018	
3830.81   	1150      	160       	34.8989   	930.639   	4.13146e-018	
3835.81   	1150      	160       	34.9009   	930.653   	2.81596e-018	
3840.81   	1150      	160       	34.903    	930.667   	0         	
3845.81   	1150      	160       	34.905    	930.68    	7.46689e-018	
3850.81   	1150      	160       	34.907    	930.694   	0         	
3855.81   	1150      	160       	34.909    	930.707   	9.17834e-019	
3860.81   	1150      	160       	34.911    	930.72    	8.38902e-018	
3865.81   	1150      	160       	34.913    	930.732   	0         	
3870.81   	1150      	160       	34.915    	930.745   	0         	
3875.81   	1150      	160       	34.9171   	930.757   	2.61331e-017	
3880.81   	1150      	160       	34.9191   	930.769   	1.455e-018	
3885.81   	1150      	160       	34.9211   	930.781   	9.44917e-018	
3890.81   	1150      	160       	34.9231   	930.793   	0         	
3895.81   	1150      	160       	34.9251   	930.804   	0         	
3900.81   	1150      	160       	34.9271   	930.816   	0         	
3905.81   	1150      	160       	34.9291   	930.827   	0         	
3910.81   	1150      	160       	34.9311   	930.838   	8.78182e-019	
3915.81   	1150      	160       	34.9331   	930.849   	1.66649e-017	
3920.81   	1150      	160       	34.9351   	930.859   	0         	
3925.81   	1150      	160       	34.9371   	930.87    	0         	
3930.81   	1150      	160       	34.9391   	930.881   	0         	
3935.81   	1150      	160       	34.9411   	930.891   	4.26028e-018	
3940.81   	1150      	160       	34.9431   	930.902   	2.70594e-017	
3945.81   	1150      	160       	34.945    	930.912   	0         	
3950.81   	1150      	160       	34.947    	930.922   	0         	
3955.81   	1150      	160       	34.949    	930.932   	0         	
3960.81   	1150      	160       	34.951    	930.942   	8.78091e-019	
3965.81   	1150      	160       	34.9529   	930.952   	2.17819e-017	
3970.81   	1150      	160       	34.9549   	930.962   	4.05519e-017	
3975.81   	1150      	160       	34.9568   	930.972   	0         	
3980.81   	1150      	160       	34.9588   	930.982   	0         	
3985.81   	1150      	160       	34.9607   	930.991   	0         	
3990.81   	1150      	160       	34.9627   	931.001   	0         	
3995.81   	1150      	160       	34.9646   	931.011   	0         	
4000.81   	1150      	160       	34.9665   	931.02    	1.89889e-017	
4005.81   	1150      	160       	34.9684   	931.029   	2.40498e-017	
4010.81   	1150      	160       	34.9704   	931.039   	7.36214e-019	
4015.81   	1150      	160       	34.9723   	931.048   	3.78824e-018	
4020.81   	1150      	160       	34.9742   	931.057   	0         	
4025.81   	1150      	160       	34.9761   	931.067   	9.41632e-018	
4030.81   	1150      	160       	34.978    	931.076   	0         	
4035.81   	1150      	160       	34.9799   	931.085   	0         	
4040.81   	1150      	160       	34.9818   	931.094   	1.33234e-017	
4045.81   	1150      	160       	34.9837   	931.103   	1.99999e-017	
4050.81   	1150      	160       	34.9855   	931.112   	0         	
4055.81   	1150      	160       	34.9874   	931.121   	0         	
4060.81   	1150      	160       	34.9893   	931.13    	0         	
4065.81   	1150      	160       	34.9911   	931.139   	6.05059e-018	
4070.81   	1150      	160       	34.993    	931.148   	0         	
4075.81   	1150      	160       	34.9948   	931.156   	3.33142e-018	
4080.81   	1150      	160       	34.9967   	931.165   	2.90418e-017	
4085.81   	1150      	160       	34.9985   	931.174   	5.031e-018	
4090.81   	1150      	160       	35.0004   	931.183   	1.79434e-017	
4095.81   	1150      	160       	35.0022   	931.192   	0         	
4100.81   	1150      	160       	35.004    	931.2     	0         	
4105.81   	1150      	160       	35.0058   	931.209   	9.80056e-018	
4110.81   	1150      	160       	35.0076   	931.218   	1.31326e-017	
4115.81   	1150      	160       	35.0094   	931.227   	2.35601e-017	
4120.81   	1150      	160       	35.0112   	931.236   	1.07689e-017	
4125.81   	1150      	160       	35.013    	931.244   	9.32421e-018	
4130.81   	1150      	160       	35.0148   	931.253   	5.62191e-018	
4135.81   	1150      	160       	35.0166   	931.262   	1.65112e-018	
4140.81   	1150      	160       	35.0184   	931.271   	2.01474e-018	
4145.81   	1150      	160       	35.0201   	931.28    	0         	
4150.81   	1150      	160       	35.0219   	931.289   	0         	
4155.81   	1150      	160       	35.0236   	931.297   	0         	
4160.81   	1150      	160       	35.0254   	931.306   	1.6196e-017	
4165.81   	1150      	160       	35.0271   	931.315   	0         	
4170.81   	1150      	160       	35.0289   	931.324   	0         	
4175.81   	1150      	160       	35.0306   	931.333   	0         	
4180.81   	1150      	160       	35.0323   	931.342   	1.23472e-017	
4185      	1150      	160       	35.034    	931.319   	4.54028e-017	
