Results for well: RES1_INJ.out in the reservoir: RES1_INJ.out

time	BHP	Temp	q(Gas)	q(Oil)	 q(Water)
days	psi	F	Mscf/d	stb/d	stb/d
0         	0         	-         	0         	0         	0         	
0.01      	1500      	160       	-2328.6   	0         	0         	
0.0397645 	1500      	160       	-2294.6   	0         	0         	
0.0617188 	1500      	160       	-2274.9   	0         	0         	
0.0698708 	1500      	160       	-2268.22  	0         	0         	
0.0759641 	1500      	160       	-2263.54  	0         	0         	
0.0942004 	1500      	160       	-2251.59  	0         	0         	
0.148572  	1500      	160       	-2225.77  	0         	0         	
0.309437  	1500      	160       	-2181.86  	0         	0         	
0.779716  	1500      	160       	-2128.48  	0         	0         	
2.13517   	1500      	160       	-2078.05  	0         	0         	
5.81439   	1500      	160       	-2069.66  	0         	0         	
10.8144   	1500      	160       	-2093.76  	0         	0         	
15.8144   	1500      	160       	-2113.81  	0         	0         	
20.8144   	1500      	160       	-2173.13  	0         	0         	
25.8144   	1500      	160       	-2400.68  	0         	0         	
30.8144   	1500      	160       	-2582.83  	0         	0         	
35.8144   	1500      	160       	-2735.14  	0         	0         	
40.8144   	1500      	160       	-2866.6   	0         	0         	
45.8144   	1500      	160       	-2984.19  	0         	0         	
50.8144   	1500      	160       	-3154.05  	0         	0         	
55.8144   	1500      	160       	-3403.86  	0         	0         	
60.8144   	1500      	160       	-3630.75  	0         	0         	
65.8144   	1500      	160       	-3843.94  	0         	0         	
70.8144   	1500      	160       	-4044.06  	0         	0         	
75.8144   	1500      	160       	-4230.97  	0         	0         	
80.8144   	1500      	160       	-4404.35  	0         	0         	
85.8144   	1500      	160       	-4563.9   	0         	0         	
90.8144   	1500      	160       	-4709.37  	0         	0         	
95.8144   	1500      	160       	-4883.07  	0         	0         	
100.814   	1500      	160       	-5066.59  	0         	0         	
105.814   	1500      	160       	-5219.86  	0         	0         	
110.814   	1500      	160       	-5352.15  	0         	0         	
115.814   	1500      	160       	-5468.39  	0         	0         	
120.814   	1500      	160       	-5565.16  	0         	0         	
125.814   	1500      	160       	-5642.23  	0         	0         	
130.814   	1500      	160       	-5700.47  	0         	0         	
135.814   	1500      	160       	-5741.14  	0         	0         	
140.814   	1500      	160       	-5765.59  	0         	0         	
145.814   	1500      	160       	-5775.24  	0         	0         	
150.814   	1500      	160       	-5771.47  	0         	0         	
155.814   	1500      	160       	-5755.61  	0         	0         	
160.814   	1500      	160       	-5729.7   	0         	0         	
165.814   	1500      	160       	-5695.66  	0         	0         	
170.814   	1500      	160       	-5652.78  	0         	0         	
175.814   	1500      	160       	-5601.82  	0         	0         	
180.814   	1500      	160       	-5540.17  	0         	0         	
185.814   	1500      	160       	-5467.34  	0         	0         	
190.814   	1500      	160       	-5390.74  	0         	0         	
195.814   	1500      	160       	-5311.1   	0         	0         	
200.814   	1500      	160       	-5228.8   	0         	0         	
205.814   	1500      	160       	-5144.43  	0         	0         	
210.814   	1500      	160       	-5058.74  	0         	0         	
215.814   	1500      	160       	-4972.33  	0         	0         	
220.814   	1500      	160       	-4885.59  	0         	0         	
225.814   	1500      	160       	-4798.73  	0         	0         	
230.814   	1500      	160       	-4712.21  	0         	0         	
235.814   	1500      	160       	-4626.69  	0         	0         	
240.814   	1500      	160       	-4542.5   	0         	0         	
245.814   	1500      	160       	-4459.93  	0         	0         	
250.814   	1500      	160       	-4379.29  	0         	0         	
255.814   	1500      	160       	-4300.87  	0         	0         	
260.814   	1500      	160       	-4224.94  	0         	0         	
265.814   	1500      	160       	-4151.69  	0         	0         	
270.814   	1500      	160       	-4081.98  	0         	0         	
275.814   	1500      	160       	-4015.41  	0         	0         	
280.814   	1500      	160       	-3951.62  	0         	0         	
285.814   	1500      	160       	-3890.61  	0         	0         	
290.814   	1500      	160       	-3832.39  	0         	0         	
295.814   	1500      	160       	-3776.94  	0         	0         	
300.814   	1500      	160       	-3724.2   	0         	0         	
305.814   	1500      	160       	-3674.1   	0         	0         	
310.814   	1500      	160       	-3626.62  	0         	0         	
315.814   	1500      	160       	-3581.56  	0         	0         	
320.814   	1500      	160       	-3538.91  	0         	0         	
325.814   	1500      	160       	-3498.65  	0         	0         	
330.814   	1500      	160       	-3460.67  	0         	0         	
335.814   	1500      	160       	-3424.87  	0         	0         	
340.814   	1500      	160       	-3391.19  	0         	0         	
345.814   	1500      	160       	-3359.53  	0         	0         	
350.814   	1500      	160       	-3329.81  	0         	0         	
355.814   	1500      	160       	-3301.95  	0         	0         	
360.814   	1500      	160       	-3275.88  	0         	0         	
365.814   	1500      	160       	-3251.52  	0         	0         	
370.814   	1500      	160       	-3228.78  	0         	0         	
375.814   	1500      	160       	-3207.6   	0         	0         	
380.814   	1500      	160       	-3187.91  	0         	0         	
385.814   	1500      	160       	-3169.64  	0         	0         	
390.814   	1500      	160       	-3152.71  	0         	0         	
395.814   	1500      	160       	-3137.06  	0         	0         	
400.814   	1500      	160       	-3122.63  	0         	0         	
405.814   	1500      	160       	-3109.36  	0         	0         	
410.814   	1500      	160       	-3097.18  	0         	0         	
415.814   	1500      	160       	-3086.04  	0         	0         	
420.814   	1500      	160       	-3075.87  	0         	0         	
425.814   	1500      	160       	-3066.7   	0         	0         	
430.814   	1500      	160       	-3058.52  	0         	0         	
435.814   	1500      	160       	-3051.16  	0         	0         	
440.814   	1500      	160       	-3044.55  	0         	0         	
445.814   	1500      	160       	-3038.65  	0         	0         	
450.814   	1500      	160       	-3033.41  	0         	0         	
455.814   	1500      	160       	-3028.78  	0         	0         	
460.814   	1500      	160       	-3024.74  	0         	0         	
465.814   	1500      	160       	-3021.24  	0         	0         	
470.814   	1500      	160       	-3018.26  	0         	0         	
475.814   	1500      	160       	-3015.76  	0         	0         	
480.814   	1500      	160       	-3013.73  	0         	0         	
485.814   	1500      	160       	-3012.12  	0         	0         	
490.814   	1500      	160       	-3010.92  	0         	0         	
495.814   	1500      	160       	-3010.11  	0         	0         	
500.814   	1500      	160       	-3009.65  	0         	0         	
505.814   	1500      	160       	-3009.54  	0         	0         	
510.814   	1500      	160       	-3009.74  	0         	0         	
515.814   	1500      	160       	-3010.24  	0         	0         	
520.814   	1500      	160       	-3011.01  	0         	0         	
525.814   	1500      	160       	-3012.05  	0         	0         	
530.814   	1500      	160       	-3013.33  	0         	0         	
535.814   	1500      	160       	-3014.77  	0         	0         	
540.814   	1500      	160       	-3016.28  	0         	0         	
545.814   	1500      	160       	-3017.95  	0         	0         	
550.814   	1500      	160       	-3019.91  	0         	0         	
555.814   	1500      	160       	-3022.15  	0         	0         	
560.814   	1500      	160       	-3024.64  	0         	0         	
565.814   	1500      	160       	-3027.37  	0         	0         	
570.814   	1500      	160       	-3030.31  	0         	0         	
575.814   	1500      	160       	-3033.46  	0         	0         	
580.814   	1500      	160       	-3036.8   	0         	0         	
585.814   	1500      	160       	-3040.32  	0         	0         	
590.814   	1500      	160       	-3044     	0         	0         	
595.814   	1500      	160       	-3047.83  	0         	0         	
600.814   	1500      	160       	-3051.81  	0         	0         	
605.814   	1500      	160       	-3055.92  	0         	0         	
610.814   	1500      	160       	-3060.14  	0         	0         	
615.814   	1500      	160       	-3064.48  	0         	0         	
620.814   	1500      	160       	-3068.92  	0         	0         	
625.814   	1500      	160       	-3073.46  	0         	0         	
630.814   	1500      	160       	-3078.07  	0         	0         	
635.814   	1500      	160       	-3082.76  	0         	0         	
640.814   	1500      	160       	-3087.52  	0         	0         	
645.814   	1500      	160       	-3092.47  	0         	0         	
650.814   	1500      	160       	-3097.51  	0         	0         	
655.814   	1500      	160       	-3102.59  	0         	0         	
660.814   	1500      	160       	-3107.71  	0         	0         	
665.814   	1500      	160       	-3112.85  	0         	0         	
670.814   	1500      	160       	-3118.02  	0         	0         	
675.814   	1500      	160       	-3123.21  	0         	0         	
680.814   	1500      	160       	-3128.42  	0         	0         	
685.814   	1500      	160       	-3133.65  	0         	0         	
690.814   	1500      	160       	-3138.81  	0         	0         	
695.814   	1500      	160       	-3143.81  	0         	0         	
700.814   	1500      	160       	-3148.84  	0         	0         	
705.814   	1500      	160       	-3153.88  	0         	0         	
710.814   	1500      	160       	-3158.94  	0         	0         	
715.814   	1500      	160       	-3163.99  	0         	0         	
720.814   	1500      	160       	-3169.04  	0         	0         	
725.814   	1500      	160       	-3174.08  	0         	0         	
730.814   	1500      	160       	-3179.11  	0         	0         	
735.814   	1500      	160       	-3184.12  	0         	0         	
740.814   	1500      	160       	-3189.11  	0         	0         	
745.814   	1500      	160       	-3194.08  	0         	0         	
750.814   	1500      	160       	-3199.02  	0         	0         	
755.814   	1500      	160       	-3203.94  	0         	0         	
760.814   	1500      	160       	-3208.82  	0         	0         	
765.814   	1500      	160       	-3213.68  	0         	0         	
770.814   	1500      	160       	-3218.99  	0         	0         	
775.814   	1500      	160       	-3224.48  	0         	0         	
780.814   	1500      	160       	-3229.71  	0         	0         	
785.814   	1500      	160       	-3234.81  	0         	0         	
790.814   	1500      	160       	-3239.84  	0         	0         	
795.814   	1500      	160       	-3244.79  	0         	0         	
800.814   	1500      	160       	-3249.68  	0         	0         	
805.814   	1500      	160       	-3254.5   	0         	0         	
810.814   	1500      	160       	-3259.25  	0         	0         	
815.814   	1500      	160       	-3263.95  	0         	0         	
820.814   	1500      	160       	-3268.58  	0         	0         	
825.814   	1500      	160       	-3273.14  	0         	0         	
830.814   	1500      	160       	-3277.65  	0         	0         	
835.814   	1500      	160       	-3282.09  	0         	0         	
840.814   	1500      	160       	-3286.47  	0         	0         	
845.814   	1500      	160       	-3290.78  	0         	0         	
850.814   	1500      	160       	-3295.03  	0         	0         	
855.814   	1500      	160       	-3299.22  	0         	0         	
860.814   	1500      	160       	-3303.35  	0         	0         	
865.814   	1500      	160       	-3307.41  	0         	0         	
870.814   	1500      	160       	-3311.41  	0         	0         	
875.814   	1500      	160       	-3315.35  	0         	0         	
880.814   	1500      	160       	-3319.23  	0         	0         	
885.814   	1500      	160       	-3323.05  	0         	0         	
890.814   	1500      	160       	-3326.81  	0         	0         	
895.814   	1500      	160       	-3330.51  	0         	0         	
900.814   	1500      	160       	-3334.15  	0         	0         	
905.814   	1500      	160       	-3337.73  	0         	0         	
910.814   	1500      	160       	-3341.25  	0         	0         	
915.814   	1500      	160       	-3344.71  	0         	0         	
920.814   	1500      	160       	-3348.12  	0         	0         	
925.814   	1500      	160       	-3351.47  	0         	0         	
930.814   	1500      	160       	-3354.77  	0         	0         	
935.814   	1500      	160       	-3358.01  	0         	0         	
940.814   	1500      	160       	-3361.19  	0         	0         	
945.814   	1500      	160       	-3364.32  	0         	0         	
950.814   	1500      	160       	-3367.39  	0         	0         	
955.814   	1500      	160       	-3370.42  	0         	0         	
960.814   	1500      	160       	-3373.5   	0         	0         	
965.814   	1500      	160       	-3376.55  	0         	0         	
970.814   	1500      	160       	-3379.55  	0         	0         	
975.814   	1500      	160       	-3382.49  	0         	0         	
980.814   	1500      	160       	-3385.38  	0         	0         	
985.814   	1500      	160       	-3388.22  	0         	0         	
990.814   	1500      	160       	-3391     	0         	0         	
995.814   	1500      	160       	-3393.73  	0         	0         	
1000.81   	1500      	160       	-3396.41  	0         	0         	
1005.81   	1500      	160       	-3399.05  	0         	0         	
1010.81   	1500      	160       	-3401.63  	0         	0         	
1015.81   	1500      	160       	-3404.17  	0         	0         	
1020.81   	1500      	160       	-3406.66  	0         	0         	
1025.81   	1500      	160       	-3409.1   	0         	0         	
1030.81   	1500      	160       	-3411.5   	0         	0         	
1035.81   	1500      	160       	-3413.86  	0         	0         	
1040.81   	1500      	160       	-3416.17  	0         	0         	
1045.81   	1500      	160       	-3418.44  	0         	0         	
1050.81   	1500      	160       	-3420.66  	0         	0         	
1055.81   	1500      	160       	-3422.86  	0         	0         	
1060.81   	1500      	160       	-3425.06  	0         	0         	
1065.81   	1500      	160       	-3427.23  	0         	0         	
1070.81   	1500      	160       	-3429.35  	0         	0         	
1075.81   	1500      	160       	-3431.43  	0         	0         	
1080.81   	1500      	160       	-3433.48  	0         	0         	
1085.81   	1500      	160       	-3435.49  	0         	0         	
1090.81   	1500      	160       	-3437.47  	0         	0         	
1095.81   	1500      	160       	-3439.41  	0         	0         	
1100.81   	1500      	160       	-3441.32  	0         	0         	
1105.81   	1500      	160       	-3443.19  	0         	0         	
1110.81   	1500      	160       	-3445.04  	0         	0         	
1115.81   	1500      	160       	-3446.85  	0         	0         	
1120.81   	1500      	160       	-3448.64  	0         	0         	
1125.81   	1500      	160       	-3450.39  	0         	0         	
1130.81   	1500      	160       	-3452.12  	0         	0         	
1135.81   	1500      	160       	-3453.82  	0         	0         	
1140.81   	1500      	160       	-3455.49  	0         	0         	
1145.81   	1500      	160       	-3457.14  	0         	0         	
1150.81   	1500      	160       	-3458.76  	0         	0         	
1155.81   	1500      	160       	-3460.35  	0         	0         	
1160.81   	1500      	160       	-3461.92  	0         	0         	
1165.81   	1500      	160       	-3463.46  	0         	0         	
1170.81   	1500      	160       	-3464.98  	0         	0         	
1175.81   	1500      	160       	-3466.47  	0         	0         	
1180.81   	1500      	160       	-3467.94  	0         	0         	
1185.81   	1500      	160       	-3469.39  	0         	0         	
1190.81   	1500      	160       	-3470.81  	0         	0         	
1195.81   	1500      	160       	-3472.21  	0         	0         	
1200.81   	1500      	160       	-3473.59  	0         	0         	
1205.81   	1500      	160       	-3474.95  	0         	0         	
1210.81   	1500      	160       	-3476.28  	0         	0         	
1215.81   	1500      	160       	-3477.6   	0         	0         	
1220.81   	1500      	160       	-3478.89  	0         	0         	
1225.81   	1500      	160       	-3480.17  	0         	0         	
1230.81   	1500      	160       	-3481.42  	0         	0         	
1235.81   	1500      	160       	-3482.66  	0         	0         	
1240.81   	1500      	160       	-3483.87  	0         	0         	
1245.81   	1500      	160       	-3485.07  	0         	0         	
1250.81   	1500      	160       	-3486.25  	0         	0         	
1255.81   	1500      	160       	-3487.41  	0         	0         	
1260.81   	1500      	160       	-3488.55  	0         	0         	
1265.81   	1500      	160       	-3489.68  	0         	0         	
1270.81   	1500      	160       	-3490.79  	0         	0         	
1275.81   	1500      	160       	-3491.88  	0         	0         	
1280.81   	1500      	160       	-3492.96  	0         	0         	
1285.81   	1500      	160       	-3494.01  	0         	0         	
1290.81   	1500      	160       	-3495.05  	0         	0         	
1295.81   	1500      	160       	-3496.08  	0         	0         	
1300.81   	1500      	160       	-3497.09  	0         	0         	
1305.81   	1500      	160       	-3498.09  	0         	0         	
1310.81   	1500      	160       	-3499.13  	0         	0         	
1315.81   	1500      	160       	-3500.17  	0         	0         	
1320.81   	1500      	160       	-3501.21  	0         	0         	
1325.81   	1500      	160       	-3502.23  	0         	0         	
1330.81   	1500      	160       	-3503.23  	0         	0         	
1335.81   	1500      	160       	-3504.21  	0         	0         	
1340.81   	1500      	160       	-3505.18  	0         	0         	
1345.81   	1500      	160       	-3506.14  	0         	0         	
1350.81   	1500      	160       	-3507.08  	0         	0         	
1355.81   	1500      	160       	-3508.02  	0         	0         	
1360.81   	1500      	160       	-3508.94  	0         	0         	
1365.81   	1500      	160       	-3509.85  	0         	0         	
1370.81   	1500      	160       	-3510.75  	0         	0         	
1375.81   	1500      	160       	-3511.62  	0         	0         	
1380.81   	1500      	160       	-3512.48  	0         	0         	
1385.81   	1500      	160       	-3513.33  	0         	0         	
1390.81   	1500      	160       	-3514.16  	0         	0         	
1395.81   	1500      	160       	-3514.97  	0         	0         	
1400.81   	1500      	160       	-3515.77  	0         	0         	
1405.81   	1500      	160       	-3516.55  	0         	0         	
1410.81   	1500      	160       	-3517.32  	0         	0         	
1415.81   	1500      	160       	-3518.08  	0         	0         	
1420.81   	1500      	160       	-3518.82  	0         	0         	
1425.81   	1500      	160       	-3519.55  	0         	0         	
1430.81   	1500      	160       	-3520.27  	0         	0         	
1435.81   	1500      	160       	-3520.97  	0         	0         	
1440.81   	1500      	160       	-3521.66  	0         	0         	
1445.81   	1500      	160       	-3522.33  	0         	0         	
1450.81   	1500      	160       	-3523     	0         	0         	
1455.81   	1500      	160       	-3523.65  	0         	0         	
1460.81   	1500      	160       	-3524.29  	0         	0         	
1465.81   	1500      	160       	-3524.91  	0         	0         	
1470.81   	1500      	160       	-3525.53  	0         	0         	
1475.81   	1500      	160       	-3526.13  	0         	0         	
1480.81   	1500      	160       	-3526.72  	0         	0         	
1485.81   	1500      	160       	-3527.3   	0         	0         	
1490.81   	1500      	160       	-3527.87  	0         	0         	
1495.81   	1500      	160       	-3528.43  	0         	0         	
1500.81   	1500      	160       	-3528.98  	0         	0         	
1505.81   	1500      	160       	-3529.51  	0         	0         	
1510.81   	1500      	160       	-3530.03  	0         	0         	
1515.81   	1500      	160       	-3530.55  	0         	0         	
1520.81   	1500      	160       	-3531.05  	0         	0         	
1525.81   	1500      	160       	-3531.54  	0         	0         	
1530.81   	1500      	160       	-3532.02  	0         	0         	
1535.81   	1500      	160       	-3532.49  	0         	0         	
1540.81   	1500      	160       	-3532.96  	0         	0         	
1545.81   	1500      	160       	-3533.41  	0         	0         	
1550.81   	1500      	160       	-3533.85  	0         	0         	
1555.81   	1500      	160       	-3534.28  	0         	0         	
1560.81   	1500      	160       	-3534.7   	0         	0         	
1565.81   	1500      	160       	-3535.11  	0         	0         	
1570.81   	1500      	160       	-3535.51  	0         	0         	
1575.81   	1500      	160       	-3535.9   	0         	0         	
1580.81   	1500      	160       	-3536.29  	0         	0         	
1585.81   	1500      	160       	-3536.66  	0         	0         	
1590.81   	1500      	160       	-3537.03  	0         	0         	
1595.81   	1500      	160       	-3537.38  	0         	0         	
1600.81   	1500      	160       	-3537.73  	0         	0         	
1605.81   	1500      	160       	-3538.06  	0         	0         	
1610.81   	1500      	160       	-3538.39  	0         	0         	
1615.81   	1500      	160       	-3538.71  	0         	0         	
1620.81   	1500      	160       	-3539.03  	0         	0         	
1625.81   	1500      	160       	-3539.33  	0         	0         	
1630.81   	1500      	160       	-3539.62  	0         	0         	
1635.81   	1500      	160       	-3539.91  	0         	0         	
1640.81   	1500      	160       	-3540.19  	0         	0         	
1645.81   	1500      	160       	-3540.46  	0         	0         	
1650.81   	1500      	160       	-3540.72  	0         	0         	
1655.81   	1500      	160       	-3540.97  	0         	0         	
1660.81   	1500      	160       	-3541.22  	0         	0         	
1665.81   	1500      	160       	-3541.46  	0         	0         	
1670.81   	1500      	160       	-3541.69  	0         	0         	
1675.81   	1500      	160       	-3541.91  	0         	0         	
1680.81   	1500      	160       	-3542.13  	0         	0         	
1685.81   	1500      	160       	-3542.34  	0         	0         	
1690.81   	1500      	160       	-3542.54  	0         	0         	
1695.81   	1500      	160       	-3542.73  	0         	0         	
1700.81   	1500      	160       	-3542.92  	0         	0         	
1705.81   	1500      	160       	-3543.09  	0         	0         	
1710.81   	1500      	160       	-3543.27  	0         	0         	
1715.81   	1500      	160       	-3543.43  	0         	0         	
1720.81   	1500      	160       	-3543.58  	0         	0         	
1725.81   	1500      	160       	-3543.73  	0         	0         	
1730.81   	1500      	160       	-3543.87  	0         	0         	
1735.81   	1500      	160       	-3543.95  	0         	0         	
1740.81   	1500      	160       	-3544.1   	0         	0         	
1745.81   	1500      	160       	-3544.24  	0         	0         	
1750.81   	1500      	160       	-3544.39  	0         	0         	
1755.81   	1500      	160       	-3544.54  	0         	0         	
1760.81   	1500      	160       	-3544.65  	0         	0         	
1765.81   	1500      	160       	-3544.79  	0         	0         	
1770.81   	1500      	160       	-3544.89  	0         	0         	
1775.81   	1500      	160       	-3545.02  	0         	0         	
1780.81   	1500      	160       	-3545.11  	0         	0         	
1785.81   	1500      	160       	-3545.24  	0         	0         	
1790.81   	1500      	160       	-3546.05  	0         	0         	
1795.81   	1500      	160       	-3548.33  	0         	0         	
1800.81   	1500      	160       	-3550.3   	0         	0         	
1805.81   	1500      	160       	-3552.08  	0         	0         	
1810.81   	1500      	160       	-3553.79  	0         	0         	
1815.81   	1500      	160       	-3555.39  	0         	0         	
1820.81   	1500      	160       	-3556.89  	0         	0         	
1825.81   	1500      	160       	-3558.31  	0         	0         	
1830.81   	1500      	160       	-3559.65  	0         	0         	
1835.81   	1500      	160       	-3560.91  	0         	0         	
1840.81   	1500      	160       	-3562.12  	0         	0         	
1845.81   	1500      	160       	-3563.27  	0         	0         	
1850.81   	1500      	160       	-3564.36  	0         	0         	
1855.81   	1500      	160       	-3565.41  	0         	0         	
1860.81   	1500      	160       	-3566.4   	0         	0         	
1865.81   	1500      	160       	-3567.35  	0         	0         	
1870.81   	1500      	160       	-3568.25  	0         	0         	
1875.81   	1500      	160       	-3569.1   	0         	0         	
1880.81   	1500      	160       	-3569.91  	0         	0         	
1885.81   	1500      	160       	-3570.68  	0         	0         	
1890.81   	1500      	160       	-3571.42  	0         	0         	
1895.81   	1500      	160       	-3572.11  	0         	0         	
1900.81   	1500      	160       	-3572.76  	0         	0         	
1905.81   	1500      	160       	-3573.38  	0         	0         	
1910.81   	1500      	160       	-3573.97  	0         	0         	
1915.81   	1500      	160       	-3574.52  	0         	0         	
1920.81   	1500      	160       	-3575.04  	0         	0         	
1925.81   	1500      	160       	-3575.53  	0         	0         	
1930.81   	1500      	160       	-3575.99  	0         	0         	
1935.81   	1500      	160       	-3576.42  	0         	0         	
1940.81   	1500      	160       	-3576.82  	0         	0         	
1945.81   	1500      	160       	-3577.2   	0         	0         	
1950.81   	1500      	160       	-3577.56  	0         	0         	
1955.81   	1500      	160       	-3577.88  	0         	0         	
1960.81   	1500      	160       	-3578.19  	0         	0         	
1965.81   	1500      	160       	-3578.47  	0         	0         	
1970.81   	1500      	160       	-3578.73  	0         	0         	
1975.81   	1500      	160       	-3578.97  	0         	0         	
1980.81   	1500      	160       	-3579.19  	0         	0         	
1985.81   	1500      	160       	-3579.39  	0         	0         	
1990.81   	1500      	160       	-3579.57  	0         	0         	
1995.81   	1500      	160       	-3579.73  	0         	0         	
2000.81   	1500      	160       	-3579.87  	0         	0         	
2005.81   	1500      	160       	-3580     	0         	0         	
2010.81   	1500      	160       	-3580.11  	0         	0         	
2015.81   	1500      	160       	-3580.21  	0         	0         	
2020.81   	1500      	160       	-3580.29  	0         	0         	
2025.81   	1500      	160       	-3580.35  	0         	0         	
2030.81   	1500      	160       	-3580.4   	0         	0         	
2035.81   	1500      	160       	-3580.44  	0         	0         	
2040.81   	1500      	160       	-3580.47  	0         	0         	
2045.81   	1500      	160       	-3580.48  	0         	0         	
2050.81   	1500      	160       	-3580.48  	0         	0         	
2055.81   	1500      	160       	-3580.47  	0         	0         	
2060.81   	1500      	160       	-3580.44  	0         	0         	
2065.81   	1500      	160       	-3580.41  	0         	0         	
2070.81   	1500      	160       	-3580.37  	0         	0         	
2075.81   	1500      	160       	-3580.31  	0         	0         	
2080.81   	1500      	160       	-3580.25  	0         	0         	
2085.81   	1500      	160       	-3580.18  	0         	0         	
2090.81   	1500      	160       	-3580.1   	0         	0         	
2095.81   	1500      	160       	-3580.01  	0         	0         	
2100.81   	1500      	160       	-3579.91  	0         	0         	
2105.81   	1500      	160       	-3579.8   	0         	0         	
2110.81   	1500      	160       	-3579.69  	0         	0         	
2115.81   	1500      	160       	-3579.56  	0         	0         	
2120.81   	1500      	160       	-3579.43  	0         	0         	
2125.81   	1500      	160       	-3579.33  	0         	0         	
2130.81   	1500      	160       	-3579.24  	0         	0         	
2135.81   	1500      	160       	-3579.14  	0         	0         	
2140.81   	1500      	160       	-3579.03  	0         	0         	
2145.81   	1500      	160       	-3578.91  	0         	0         	
2150.81   	1500      	160       	-3578.79  	0         	0         	
2155.81   	1500      	160       	-3578.65  	0         	0         	
2160.81   	1500      	160       	-3578.5   	0         	0         	
2165.81   	1500      	160       	-3578.35  	0         	0         	
2170.81   	1500      	160       	-3578.19  	0         	0         	
2175.81   	1500      	160       	-3578.03  	0         	0         	
2180.81   	1500      	160       	-3577.86  	0         	0         	
2185.81   	1500      	160       	-3577.68  	0         	0         	
2190.81   	1500      	160       	-3577.5   	0         	0         	
2195.81   	1500      	160       	-3577.32  	0         	0         	
2200.81   	1500      	160       	-3577.12  	0         	0         	
2205.81   	1500      	160       	-3576.93  	0         	0         	
2210.81   	1500      	160       	-3576.72  	0         	0         	
2215.81   	1500      	160       	-3576.51  	0         	0         	
2220.81   	1500      	160       	-3576.3   	0         	0         	
2225.81   	1500      	160       	-3576.09  	0         	0         	
2230.81   	1500      	160       	-3575.87  	0         	0         	
2235.81   	1500      	160       	-3575.64  	0         	0         	
2240.81   	1500      	160       	-3575.41  	0         	0         	
2245.81   	1500      	160       	-3575.18  	0         	0         	
2250.81   	1500      	160       	-3574.94  	0         	0         	
2255.81   	1500      	160       	-3574.7   	0         	0         	
2260.81   	1500      	160       	-3574.46  	0         	0         	
2265.81   	1500      	160       	-3574.22  	0         	0         	
2270.81   	1500      	160       	-3573.97  	0         	0         	
2275.81   	1500      	160       	-3573.72  	0         	0         	
2280.81   	1500      	160       	-3573.46  	0         	0         	
2285.81   	1500      	160       	-3573.22  	0         	0         	
2290.81   	1500      	160       	-3572.98  	0         	0         	
2295.81   	1500      	160       	-3572.73  	0         	0         	
2300.81   	1500      	160       	-3572.5   	0         	0         	
2305.81   	1500      	160       	-3572.29  	0         	0         	
2310.81   	1500      	160       	-3572.08  	0         	0         	
2315.81   	1500      	160       	-3571.87  	0         	0         	
2320.81   	1500      	160       	-3571.66  	0         	0         	
2325.81   	1500      	160       	-3571.44  	0         	0         	
2330.81   	1500      	160       	-3571.22  	0         	0         	
2335.81   	1500      	160       	-3571     	0         	0         	
2340.81   	1500      	160       	-3570.77  	0         	0         	
2345.81   	1500      	160       	-3570.54  	0         	0         	
2350.81   	1500      	160       	-3570.3   	0         	0         	
2355.81   	1500      	160       	-3570.06  	0         	0         	
2360.81   	1500      	160       	-3569.82  	0         	0         	
2365.81   	1500      	160       	-3569.58  	0         	0         	
2370.81   	1500      	160       	-3569.34  	0         	0         	
2375.81   	1500      	160       	-3569.09  	0         	0         	
2380.81   	1500      	160       	-3568.84  	0         	0         	
2385.81   	1500      	160       	-3568.59  	0         	0         	
2390.81   	1500      	160       	-3568.33  	0         	0         	
2395.81   	1500      	160       	-3568.08  	0         	0         	
2400.81   	1500      	160       	-3567.82  	0         	0         	
2405.81   	1500      	160       	-3567.56  	0         	0         	
2410.81   	1500      	160       	-3567.3   	0         	0         	
2415.81   	1500      	160       	-3567.04  	0         	0         	
2420.81   	1500      	160       	-3566.78  	0         	0         	
2425.81   	1500      	160       	-3566.52  	0         	0         	
2430.81   	1500      	160       	-3566.25  	0         	0         	
2435.81   	1500      	160       	-3565.99  	0         	0         	
2440.81   	1500      	160       	-3565.72  	0         	0         	
2445.81   	1500      	160       	-3565.45  	0         	0         	
2450.81   	1500      	160       	-3565.18  	0         	0         	
2455.81   	1500      	160       	-3564.92  	0         	0         	
2460.81   	1500      	160       	-3564.65  	0         	0         	
2465.81   	1500      	160       	-3564.38  	0         	0         	
2470.81   	1500      	160       	-3564.11  	0         	0         	
2475.81   	1500      	160       	-3563.84  	0         	0         	
2480.81   	1500      	160       	-3563.57  	0         	0         	
2485.81   	1500      	160       	-3563.3   	0         	0         	
2490.81   	1500      	160       	-3563.03  	0         	0         	
2495.81   	1500      	160       	-3562.76  	0         	0         	
2500.81   	1500      	160       	-3562.49  	0         	0         	
2505.81   	1500      	160       	-3562.21  	0         	0         	
2510.81   	1500      	160       	-3561.94  	0         	0         	
2515.81   	1500      	160       	-3561.67  	0         	0         	
2520.81   	1500      	160       	-3561.4   	0         	0         	
2525.81   	1500      	160       	-3561.13  	0         	0         	
2530.81   	1500      	160       	-3560.86  	0         	0         	
2535.81   	1500      	160       	-3560.59  	0         	0         	
2540.81   	1500      	160       	-3560.33  	0         	0         	
2545.81   	1500      	160       	-3560.08  	0         	0         	
2550.81   	1500      	160       	-3559.83  	0         	0         	
2555.81   	1500      	160       	-3559.59  	0         	0         	
2560.81   	1500      	160       	-3559.34  	0         	0         	
2565.81   	1500      	160       	-3559.09  	0         	0         	
2570.81   	1500      	160       	-3558.84  	0         	0         	
2575.81   	1500      	160       	-3558.59  	0         	0         	
2580.81   	1500      	160       	-3558.34  	0         	0         	
2585.81   	1500      	160       	-3558.09  	0         	0         	
2590.81   	1500      	160       	-3557.84  	0         	0         	
2595.81   	1500      	160       	-3557.59  	0         	0         	
2600.81   	1500      	160       	-3557.34  	0         	0         	
2605.81   	1500      	160       	-3557.1   	0         	0         	
2610.81   	1500      	160       	-3556.85  	0         	0         	
2615.81   	1500      	160       	-3556.6   	0         	0         	
2620.81   	1500      	160       	-3556.35  	0         	0         	
2625.81   	1500      	160       	-3556.1   	0         	0         	
2630.81   	1500      	160       	-3555.86  	0         	0         	
2635.81   	1500      	160       	-3555.61  	0         	0         	
2640.81   	1500      	160       	-3555.36  	0         	0         	
2645.81   	1500      	160       	-3555.12  	0         	0         	
2650.81   	1500      	160       	-3554.87  	0         	0         	
2655.81   	1500      	160       	-3554.62  	0         	0         	
2660.81   	1500      	160       	-3554.38  	0         	0         	
2665.81   	1500      	160       	-3554.14  	0         	0         	
2670.81   	1500      	160       	-3553.89  	0         	0         	
2675.81   	1500      	160       	-3553.65  	0         	0         	
2680.81   	1500      	160       	-3553.41  	0         	0         	
2685.81   	1500      	160       	-3553.17  	0         	0         	
2690.81   	1500      	160       	-3552.93  	0         	0         	
2695.81   	1500      	160       	-3552.69  	0         	0         	
2700.81   	1500      	160       	-3552.45  	0         	0         	
2705.81   	1500      	160       	-3552.21  	0         	0         	
2710.81   	1500      	160       	-3551.98  	0         	0         	
2715.81   	1500      	160       	-3551.74  	0         	0         	
2720.81   	1500      	160       	-3551.51  	0         	0         	
2725.81   	1500      	160       	-3551.27  	0         	0         	
2730.81   	1500      	160       	-3551.04  	0         	0         	
2735.81   	1500      	160       	-3550.81  	0         	0         	
2740.81   	1500      	160       	-3550.58  	0         	0         	
2745.81   	1500      	160       	-3550.35  	0         	0         	
2750.81   	1500      	160       	-3550.12  	0         	0         	
2755.81   	1500      	160       	-3549.89  	0         	0         	
2760.81   	1500      	160       	-3549.67  	0         	0         	
2765.81   	1500      	160       	-3549.44  	0         	0         	
2770.81   	1500      	160       	-3549.22  	0         	0         	
2775.81   	1500      	160       	-3549     	0         	0         	
2780.81   	1500      	160       	-3548.77  	0         	0         	
2785.81   	1500      	160       	-3548.55  	0         	0         	
2790.81   	1500      	160       	-3548.33  	0         	0         	
2795.81   	1500      	160       	-3548.12  	0         	0         	
2800.81   	1500      	160       	-3547.9   	0         	0         	
2805.81   	1500      	160       	-3547.68  	0         	0         	
2810.81   	1500      	160       	-3547.47  	0         	0         	
2815.81   	1500      	160       	-3547.26  	0         	0         	
2820.81   	1500      	160       	-3547.04  	0         	0         	
2825.81   	1500      	160       	-3546.83  	0         	0         	
2830.81   	1500      	160       	-3546.62  	0         	0         	
2835.81   	1500      	160       	-3546.42  	0         	0         	
2840.81   	1500      	160       	-3546.21  	0         	0         	
2845.81   	1500      	160       	-3546     	0         	0         	
2850.81   	1500      	160       	-3545.8   	0         	0         	
2855.81   	1500      	160       	-3545.6   	0         	0         	
2860.81   	1500      	160       	-3545.39  	0         	0         	
2865.81   	1500      	160       	-3545.2   	0         	0         	
2870.81   	1500      	160       	-3545.02  	0         	0         	
2875.81   	1500      	160       	-3544.84  	0         	0         	
2880.81   	1500      	160       	-3544.66  	0         	0         	
2885.81   	1500      	160       	-3544.49  	0         	0         	
2890.81   	1500      	160       	-3544.32  	0         	0         	
2895.81   	1500      	160       	-3544.14  	0         	0         	
2900.81   	1500      	160       	-3543.97  	0         	0         	
2905.81   	1500      	160       	-3543.8   	0         	0         	
2910.81   	1500      	160       	-3543.63  	0         	0         	
2915.81   	1500      	160       	-3543.46  	0         	0         	
2920.81   	1500      	160       	-3543.29  	0         	0         	
2925.81   	1500      	160       	-3543.12  	0         	0         	
2930.81   	1500      	160       	-3542.95  	0         	0         	
2935.81   	1500      	160       	-3542.79  	0         	0         	
2940.81   	1500      	160       	-3542.62  	0         	0         	
2945.81   	1500      	160       	-3542.45  	0         	0         	
2950.81   	1500      	160       	-3542.29  	0         	0         	
2955.81   	1500      	160       	-3542.12  	0         	0         	
2960.81   	1500      	160       	-3541.94  	0         	0         	
2965.81   	1500      	160       	-3541.76  	0         	0         	
2970.81   	1500      	160       	-3541.59  	0         	0         	
2975.81   	1500      	160       	-3541.41  	0         	0         	
2980.81   	1500      	160       	-3541.24  	0         	0         	
2985.81   	1500      	160       	-3541.07  	0         	0         	
2990.81   	1500      	160       	-3540.91  	0         	0         	
2995.81   	1500      	160       	-3540.74  	0         	0         	
3000.81   	1500      	160       	-3540.57  	0         	0         	
3005.81   	1500      	160       	-3540.41  	0         	0         	
3010.81   	1500      	160       	-3540.25  	0         	0         	
3015.81   	1500      	160       	-3540.08  	0         	0         	
3020.81   	1500      	160       	-3539.92  	0         	0         	
3025.81   	1500      	160       	-3539.75  	0         	0         	
3030.81   	1500      	160       	-3539.59  	0         	0         	
3035.81   	1500      	160       	-3539.44  	0         	0         	
3040.81   	1500      	160       	-3539.28  	0         	0         	
3045.81   	1500      	160       	-3539.13  	0         	0         	
3050.81   	1500      	160       	-3538.98  	0         	0         	
3055.81   	1500      	160       	-3538.83  	0         	0         	
3060.81   	1500      	160       	-3538.67  	0         	0         	
3065.81   	1500      	160       	-3538.52  	0         	0         	
3070.81   	1500      	160       	-3538.38  	0         	0         	
3075.81   	1500      	160       	-3538.23  	0         	0         	
3080.81   	1500      	160       	-3538.09  	0         	0         	
3085.81   	1500      	160       	-3537.94  	0         	0         	
3090.81   	1500      	160       	-3537.8   	0         	0         	
3095.81   	1500      	160       	-3537.66  	0         	0         	
3100.81   	1500      	160       	-3537.51  	0         	0         	
3105.81   	1500      	160       	-3537.37  	0         	0         	
3110.81   	1500      	160       	-3537.24  	0         	0         	
3115.81   	1500      	160       	-3537.09  	0         	0         	
3120.81   	1500      	160       	-3536.96  	0         	0         	
3125.81   	1500      	160       	-3536.83  	0         	0         	
3130.81   	1500      	160       	-3536.69  	0         	0         	
3135.81   	1500      	160       	-3536.56  	0         	0         	
3140.81   	1500      	160       	-3536.43  	0         	0         	
3145.81   	1500      	160       	-3536.3   	0         	0         	
3150.81   	1500      	160       	-3536.17  	0         	0         	
3155.81   	1500      	160       	-3536.04  	0         	0         	
3160.81   	1500      	160       	-3535.92  	0         	0         	
3165.81   	1500      	160       	-3535.79  	0         	0         	
3170.81   	1500      	160       	-3535.67  	0         	0         	
3175.81   	1500      	160       	-3535.54  	0         	0         	
3180.81   	1500      	160       	-3535.42  	0         	0         	
3185.81   	1500      	160       	-3535.3   	0         	0         	
3190.81   	1500      	160       	-3535.18  	0         	0         	
3195.81   	1500      	160       	-3535.06  	0         	0         	
3200.81   	1500      	160       	-3534.96  	0         	0         	
3205.81   	1500      	160       	-3534.87  	0         	0         	
3210.81   	1500      	160       	-3534.79  	0         	0         	
3215.81   	1500      	160       	-3534.71  	0         	0         	
3220.81   	1500      	160       	-3534.62  	0         	0         	
3225.81   	1500      	160       	-3534.53  	0         	0         	
3230.81   	1500      	160       	-3534.45  	0         	0         	
3235.81   	1500      	160       	-3534.36  	0         	0         	
3240.81   	1500      	160       	-3534.28  	0         	0         	
3245.81   	1500      	160       	-3534.2   	0         	0         	
3250.81   	1500      	160       	-3534.11  	0         	0         	
3255.81   	1500      	160       	-3534.03  	0         	0         	
3260.81   	1500      	160       	-3533.95  	0         	0         	
3265.81   	1500      	160       	-3533.86  	0         	0         	
3270.81   	1500      	160       	-3533.78  	0         	0         	
3275.81   	1500      	160       	-3533.71  	0         	0         	
3280.81   	1500      	160       	-3533.63  	0         	0         	
3285.81   	1500      	160       	-3533.54  	0         	0         	
3290.81   	1500      	160       	-3533.45  	0         	0         	
3295.81   	1500      	160       	-3533.38  	0         	0         	
3300.81   	1500      	160       	-3533.31  	0         	0         	
3305.81   	1500      	160       	-3533.23  	0         	0         	
3310.81   	1500      	160       	-3533.15  	0         	0         	
3315.81   	1500      	160       	-3533.07  	0         	0         	
3320.81   	1500      	160       	-3532.99  	0         	0         	
3325.81   	1500      	160       	-3532.92  	0         	0         	
3330.81   	1500      	160       	-3532.86  	0         	0         	
3335.81   	1500      	160       	-3532.79  	0         	0         	
3340.81   	1500      	160       	-3532.71  	0         	0         	
3345.81   	1500      	160       	-3532.64  	0         	0         	
3350.81   	1500      	160       	-3532.57  	0         	0         	
3355.81   	1500      	160       	-3532.5   	0         	0         	
3360.81   	1500      	160       	-3532.43  	0         	0         	
3365.81   	1500      	160       	-3532.36  	0         	0         	
3370.81   	1500      	160       	-3532.29  	0         	0         	
3375.81   	1500      	160       	-3532.22  	0         	0         	
3380.81   	1500      	160       	-3532.16  	0         	0         	
3385.81   	1500      	160       	-3532.1   	0         	0         	
3390.81   	1500      	160       	-3532.04  	0         	0         	
3395.81   	1500      	160       	-3531.98  	0         	0         	
3400.81   	1500      	160       	-3531.92  	0         	0         	
3405.81   	1500      	160       	-3531.86  	0         	0         	
3410.81   	1500      	160       	-3531.8   	0         	0         	
3415.81   	1500      	160       	-3531.74  	0         	0         	
3420.81   	1500      	160       	-3531.68  	0         	0         	
3425.81   	1500      	160       	-3531.63  	0         	0         	
3430.81   	1500      	160       	-3531.58  	0         	0         	
3435.81   	1500      	160       	-3531.53  	0         	0         	
3440.81   	1500      	160       	-3531.48  	0         	0         	
3445.81   	1500      	160       	-3531.43  	0         	0         	
3450.81   	1500      	160       	-3531.38  	0         	0         	
3455.81   	1500      	160       	-3531.33  	0         	0         	
3460.81   	1500      	160       	-3531.29  	0         	0         	
3465.81   	1500      	160       	-3531.24  	0         	0         	
3470.81   	1500      	160       	-3531.2   	0         	0         	
3475.81   	1500      	160       	-3531.16  	0         	0         	
3480.81   	1500      	160       	-3531.12  	0         	0         	
3485.81   	1500      	160       	-3531.09  	0         	0         	
3490.81   	1500      	160       	-3531.07  	0         	0         	
3495.81   	1500      	160       	-3531.04  	0         	0         	
3500.81   	1500      	160       	-3531.01  	0         	0         	
3505.81   	1500      	160       	-3530.99  	0         	0         	
3510.81   	1500      	160       	-3530.96  	0         	0         	
3515.81   	1500      	160       	-3530.94  	0         	0         	
3520.81   	1500      	160       	-3530.92  	0         	0         	
3525.81   	1500      	160       	-3530.89  	0         	0         	
3530.81   	1500      	160       	-3530.86  	0         	0         	
3535.81   	1500      	160       	-3530.85  	0         	0         	
3540.81   	1500      	160       	-3530.83  	0         	0         	
3545.81   	1500      	160       	-3530.82  	0         	0         	
3550.81   	1500      	160       	-3530.8   	0         	0         	
3555.81   	1500      	160       	-3530.79  	0         	0         	
3560.81   	1500      	160       	-3530.73  	0         	0         	
3565.81   	1500      	160       	-3530.68  	0         	0         	
3570.81   	1500      	160       	-3530.64  	0         	0         	
3575.81   	1500      	160       	-3530.6   	0         	0         	
3580.81   	1500      	160       	-3530.57  	0         	0         	
3585.81   	1500      	160       	-3530.54  	0         	0         	
3590.81   	1500      	160       	-3530.52  	0         	0         	
3595.81   	1500      	160       	-3530.5   	0         	0         	
3600.81   	1500      	160       	-3530.48  	0         	0         	
3605.81   	1500      	160       	-3530.46  	0         	0         	
3610.81   	1500      	160       	-3530.45  	0         	0         	
3615.81   	1500      	160       	-3530.44  	0         	0         	
3620.81   	1500      	160       	-3530.42  	0         	0         	
3625.81   	1500      	160       	-3530.41  	0         	0         	
3630.81   	1500      	160       	-3530.4   	0         	0         	
3635.81   	1500      	160       	-3530.39  	0         	0         	
3640.81   	1500      	160       	-3530.38  	0         	0         	
3645.81   	1500      	160       	-3530.38  	0         	0         	
3650.81   	1500      	160       	-3530.35  	0         	0         	
3655.81   	1500      	160       	-3530.32  	0         	0         	
3660.81   	1500      	160       	-3530.3   	0         	0         	
3665.81   	1500      	160       	-3530.27  	0         	0         	
3670.81   	1500      	160       	-3530.25  	0         	0         	
3675.81   	1500      	160       	-3530.24  	0         	0         	
3680.81   	1500      	160       	-3530.22  	0         	0         	
3685.81   	1500      	160       	-3530.2   	0         	0         	
3690.81   	1500      	160       	-3530.2   	0         	0         	
3695.81   	1500      	160       	-3530.19  	0         	0         	
3700.81   	1500      	160       	-3530.17  	0         	0         	
3705.81   	1500      	160       	-3530.18  	0         	0         	
3710.81   	1500      	160       	-3530.17  	0         	0         	
3715.81   	1500      	160       	-3530.15  	0         	0         	
3720.81   	1500      	160       	-3530.14  	0         	0         	
3725.81   	1500      	160       	-3530.13  	0         	0         	
3730.81   	1500      	160       	-3530.14  	0         	0         	
3735.81   	1500      	160       	-3530.14  	0         	0         	
3740.81   	1500      	160       	-3530.13  	0         	0         	
3745.81   	1500      	160       	-3530.12  	0         	0         	
3750.81   	1500      	160       	-3530.12  	0         	0         	
3755.81   	1500      	160       	-3530.14  	0         	0         	
3760.81   	1500      	160       	-3530.14  	0         	0         	
3765.81   	1500      	160       	-3530.14  	0         	0         	
3770.81   	1500      	160       	-3530.14  	0         	0         	
3775.81   	1500      	160       	-3530.14  	0         	0         	
3780.81   	1500      	160       	-3530.14  	0         	0         	
3785.81   	1500      	160       	-3530.16  	0         	0         	
3790.81   	1500      	160       	-3530.17  	0         	0         	
3795.81   	1500      	160       	-3530.18  	0         	0         	
3800.81   	1500      	160       	-3530.18  	0         	0         	
3805.81   	1500      	160       	-3530.19  	0         	0         	
3810.81   	1500      	160       	-3530.19  	0         	0         	
3815.81   	1500      	160       	-3530.2   	0         	0         	
3820.81   	1500      	160       	-3530.21  	0         	0         	
3825.81   	1500      	160       	-3530.22  	0         	0         	
3830.81   	1500      	160       	-3530.23  	0         	0         	
3835.81   	1500      	160       	-3530.24  	0         	0         	
3840.81   	1500      	160       	-3530.26  	0         	0         	
3845.81   	1500      	160       	-3530.29  	0         	0         	
3850.81   	1500      	160       	-3530.32  	0         	0         	
3855.81   	1500      	160       	-3530.35  	0         	0         	
3860.81   	1500      	160       	-3530.39  	0         	0         	
3865.81   	1500      	160       	-3530.43  	0         	0         	
3870.81   	1500      	160       	-3530.47  	0         	0         	
3875.81   	1500      	160       	-3530.51  	0         	0         	
3880.81   	1500      	160       	-3530.55  	0         	0         	
3885.81   	1500      	160       	-3530.59  	0         	0         	
3890.81   	1500      	160       	-3530.62  	0         	0         	
3895.81   	1500      	160       	-3530.66  	0         	0         	
3900.81   	1500      	160       	-3530.7   	0         	0         	
3905.81   	1500      	160       	-3530.74  	0         	0         	
3910.81   	1500      	160       	-3530.78  	0         	0         	
3915.81   	1500      	160       	-3530.81  	0         	0         	
3920.81   	1500      	160       	-3530.85  	0         	0         	
3925.81   	1500      	160       	-3530.89  	0         	0         	
3930.81   	1500      	160       	-3530.93  	0         	0         	
3935.81   	1500      	160       	-3530.97  	0         	0         	
3940.81   	1500      	160       	-3531     	0         	0         	
3945.81   	1500      	160       	-3531.04  	0         	0         	
3950.81   	1500      	160       	-3531.08  	0         	0         	
3955.81   	1500      	160       	-3531.12  	0         	0         	
3960.81   	1500      	160       	-3531.16  	0         	0         	
3965.81   	1500      	160       	-3531.19  	0         	0         	
3970.81   	1500      	160       	-3531.23  	0         	0         	
3975.81   	1500      	160       	-3531.27  	0         	0         	
3980.81   	1500      	160       	-3531.31  	0         	0         	
3985.81   	1500      	160       	-3531.34  	0         	0         	
3990.81   	1500      	160       	-3531.38  	0         	0         	
3995.81   	1500      	160       	-3531.42  	0         	0         	
4000.81   	1500      	160       	-3531.45  	0         	0         	
4005.81   	1500      	160       	-3531.49  	0         	0         	
4010.81   	1500      	160       	-3531.53  	0         	0         	
4015.81   	1500      	160       	-3531.56  	0         	0         	
4020.81   	1500      	160       	-3531.6   	0         	0         	
4025.81   	1500      	160       	-3531.64  	0         	0         	
4030.81   	1500      	160       	-3531.67  	0         	0         	
4035.81   	1500      	160       	-3531.71  	0         	0         	
4040.81   	1500      	160       	-3531.74  	0         	0         	
4045.81   	1500      	160       	-3531.78  	0         	0         	
4050.81   	1500      	160       	-3531.81  	0         	0         	
4055.81   	1500      	160       	-3531.84  	0         	0         	
4060.81   	1500      	160       	-3531.87  	0         	0         	
4065.81   	1500      	160       	-3531.9   	0         	0         	
4070.81   	1500      	160       	-3531.94  	0         	0         	
4075.81   	1500      	160       	-3531.97  	0         	0         	
4080.81   	1500      	160       	-3532     	0         	0         	
4085.81   	1500      	160       	-3532.03  	0         	0         	
4090.81   	1500      	160       	-3532.06  	0         	0         	
4095.81   	1500      	160       	-3532.1   	0         	0         	
4100.81   	1500      	160       	-3532.13  	0         	0         	
4105.81   	1500      	160       	-3532.16  	0         	0         	
4110.81   	1500      	160       	-3532.19  	0         	0         	
4115.81   	1500      	160       	-3532.23  	0         	0         	
4120.81   	1500      	160       	-3532.26  	0         	0         	
4125.81   	1500      	160       	-3532.29  	0         	0         	
4130.81   	1500      	160       	-3532.32  	0         	0         	
4135.81   	1500      	160       	-3532.35  	0         	0         	
4140.81   	1500      	160       	-3532.39  	0         	0         	
4145.81   	1500      	160       	-3532.42  	0         	0         	
4150.81   	1500      	160       	-3532.45  	0         	0         	
4155.81   	1500      	160       	-3532.48  	0         	0         	
4160.81   	1500      	160       	-3532.51  	0         	0         	
4165.81   	1500      	160       	-3532.54  	0         	0         	
4170.81   	1500      	160       	-3532.57  	0         	0         	
4175.81   	1500      	160       	-3532.6   	0         	0         	
4180.81   	1500      	160       	-3532.63  	0         	0         	
4185      	1500      	160       	-3532.66  	0         	0         	
