1	0.01	-1	-1	-1	6	12	0.01	0.031	0.032	0
1	0.0297645	0	0	3.74422e-005	3	8	0.0397645	0.062	0.032	0
1	0.0219543	0	49	8.31459e-005	3	7	0.0617188	0.108	0.142	0.079
1	0.00815198	0	49	8.11638e-005	3	6	0.0698708	0.17	0.33	0.189
1	0.0060933	0	49	3.22636e-005	8	12	0.0759641	0.201	0.503	0.267
1	0.0182363	0	49	2.50856e-005	13	22	0.0942004	0.201	0.55	0.314
1	0.0543713	0	49	7.98886e-005	4	12	0.148572	0.201	0.565	0.33
1	0.160866	0	0	0.000283944	4	12	0.309437	0.201	0.596	0.33
1	0.470278	0	0	0.00107765	4	14	0.779716	0.217	0.596	0.345
1	1.35546	0	0	0.00363289	4	17	2.13517	0.233	0.627	0.345
1	3.67922	1	0	0.0105228	4	21	5.81439	0.233	0.642	0.361
1	5	1	0	0.0254986	4	24	10.8144	0.248	0.658	0.377
1	5	1	0	0.0292531	4	26	15.8144	0.248	0.689	0.393
1	5	1	0	0.0241471	4	28	20.8144	0.248	0.704	0.424
1	5	1	0	0.0200566	4	27	25.8144	0.264	0.72	0.439
1	5	1	48	0.0182798	4	29	30.8144	0.264	0.752	0.454
1	5	1	48	0.0172426	4	31	35.8144	0.279	0.768	0.47
1	5	1	48	0.0161332	4	33	40.8144	0.294	0.784	0.47
1	5	1	48	0.0150499	4	34	45.8144	0.31	0.799	0.486
1	5	1	48	0.0140072	4	35	50.8144	0.341	0.799	0.502
1	5	1	48	0.0130115	5	44	55.8144	0.341	0.83	0.533
1	5	1	48	0.012417	4	36	60.8144	0.341	0.861	0.549
1	5	1	48	0.0118827	4	36	65.8144	0.341	0.877	0.58
1	5	1	48	0.0113606	4	37	70.8144	0.341	0.908	0.596
1	5	1	48	0.0108521	4	38	75.8144	0.373	0.924	0.611
1	5	1	48	0.0103594	4	38	80.8144	0.373	0.955	0.627
1	5	1	41	0.00990125	4	38	85.8144	0.373	0.97	0.659
1	5	1	47	0.00951029	4	39	90.8144	0.373	1.001	0.675
1	5	1	41	0.00912885	4	43	95.8144	0.388	1.016	0.691
1	5	1	41	0.00875746	4	42	100.814	0.388	1.048	0.706
1	5	1	41	0.00839044	4	44	105.814	0.418	1.064	0.722
1	5	1	41	0.00791533	4	42	110.814	0.418	1.096	0.737
1	5	1	41	0.00746156	4	43	115.814	0.418	1.112	0.767
1	5	1	44	0.00703274	4	42	120.814	0.434	1.112	0.798
1	5	1	20	0.00662639	4	43	125.814	0.434	1.142	0.814
1	5	1	13	0.0062395	4	42	130.814	0.449	1.158	0.83
1	5	1	43	0.0058717	4	43	135.814	0.449	1.189	0.861
1	5	1	6	0.00552245	4	41	140.814	0.464	1.205	0.877
1	5	1	97	0.00533031	4	41	145.814	0.464	1.237	0.892
1	5	1	97	0.00536719	4	41	150.814	0.48	1.237	0.923
1	5	1	97	0.00538759	4	41	155.814	0.48	1.269	0.938
1	5	1	97	0.00539312	4	40	160.814	0.496	1.284	0.954
1	5	1	97	0.00538495	4	43	165.814	0.496	1.3	0.985
1	5	1	97	0.00536468	3	32	170.814	0.496	1.316	1.001
1	5	1	97	0.00533346	3	30	175.814	0.511	1.316	1.017
1	5	1	97	0.00529234	3	32	180.814	0.511	1.348	1.032
1	5	1	97	0.00524122	2	21	185.814	0.511	1.364	1.047
1	5	1	97	0.00519685	2	20	190.814	0.511	1.38	1.062
1	5	1	97	0.00516622	2	20	195.814	0.511	1.396	1.077
1	5	1	97	0.00512327	4	44	200.814	0.511	1.411	1.109
1	5	1	97	0.00506954	4	44	205.814	0.511	1.442	1.109
1	5	1	97	0.0050066	4	45	210.814	0.511	1.457	1.125
1	5	1	97	0.00493564	4	42	215.814	0.511	1.473	1.156
1	5	1	97	0.00485781	4	47	220.814	0.527	1.489	1.171
1	5	1	97	0.00482712	4	44	225.814	0.542	1.52	1.187
1	5	1	97	0.00479667	4	47	230.814	0.542	1.536	1.218
1	5	1	97	0.00476064	4	50	235.814	0.558	1.551	1.234
1	5	1	97	0.0047197	4	53	240.814	0.573	1.583	1.25
1	5	1	97	0.0046744	4	54	245.814	0.589	1.613	1.266
1	5	1	97	0.00463037	4	58	250.814	0.605	1.629	1.297
1	5	1	97	0.00458737	4	58	255.814	0.605	1.644	1.313
1	5	1	97	0.00453937	4	58	260.814	0.605	1.675	1.344
1	5	1	97	0.00448739	4	57	265.814	0.621	1.691	1.375
1	5	1	97	0.00443208	4	56	270.814	0.621	1.707	1.405
1	5	1	97	0.00437393	4	55	275.814	0.636	1.723	1.421
1	5	1	97	0.00431338	4	55	280.814	0.652	1.738	1.452
1	5	1	97	0.00425081	4	55	285.814	0.652	1.769	1.468
1	5	1	97	0.00418656	4	54	290.814	0.668	1.785	1.499
1	5	1	97	0.00412094	4	54	295.814	0.668	1.816	1.53
1	5	1	97	0.00405424	4	54	300.814	0.683	1.848	1.53
1	5	1	97	0.00398671	4	54	305.814	0.683	1.879	1.53
1	5	1	97	0.00391859	4	54	310.814	0.683	1.895	1.577
1	5	1	97	0.00385008	4	54	315.814	0.699	1.91	1.608
1	5	1	97	0.00378136	4	54	320.814	0.715	1.925	1.624
1	5	1	97	0.00369845	4	54	325.814	0.715	1.941	1.654
1	5	1	97	0.00359757	4	53	330.814	0.73	1.957	1.67
1	5	1	97	0.00349884	3	40	335.814	0.73	1.972	1.701
1	5	1	97	0.00340229	3	40	340.814	0.746	1.988	1.716
1	5	1	97	0.00330792	3	40	345.814	0.746	2.003	1.732
1	5	1	97	0.00321572	3	40	350.814	0.762	2.003	1.763
1	5	1	97	0.00312569	3	40	355.814	0.778	2.018	1.779
1	5	1	97	0.00303781	3	39	360.814	0.778	2.049	1.795
1	5	1	97	0.00295208	3	39	365.814	0.793	2.049	1.811
1	5	1	97	0.00286846	3	39	370.814	0.809	2.064	1.826
1	5	1	97	0.00278695	3	39	375.814	0.809	2.08	1.857
1	5	1	97	0.00270751	3	39	380.814	0.809	2.095	1.857
1	5	1	97	0.00263012	3	39	385.814	0.825	2.111	1.872
1	5	1	49	0.00257683	3	39	390.814	0.825	2.126	1.904
1	5	1	49	0.00255179	3	40	395.814	0.841	2.126	1.919
1	5	1	49	0.0025274	3	38	400.814	0.856	2.142	1.935
1	5	1	49	0.00250362	3	38	405.814	0.871	2.142	1.951
1	5	1	49	0.00248044	3	38	410.814	0.871	2.158	1.967
1	5	1	49	0.00245782	3	38	415.814	0.871	2.189	1.983
1	5	1	49	0.00243574	3	38	420.814	0.887	2.204	1.999
1	5	1	49	0.00241416	3	37	425.814	0.887	2.22	2.014
1	5	1	49	0.00238843	3	38	430.814	0.903	2.235	2.029
1	5	1	49	0.00235657	3	39	435.814	0.903	2.251	2.06
1	5	1	49	0.00232598	3	37	440.814	0.903	2.266	2.076
1	5	1	49	0.0022961	3	37	445.814	0.903	2.282	2.091
1	5	1	49	0.00226674	3	36	450.814	0.903	2.297	2.122
1	5	1	49	0.00223783	3	36	455.814	0.903	2.312	2.138
1	5	1	49	0.00220932	3	35	460.814	0.918	2.328	2.154
1	5	1	49	0.00218118	3	36	465.814	0.918	2.359	2.17
1	5	1	49	0.00215338	3	35	470.814	0.933	2.375	2.186
1	5	1	49	0.0021259	3	35	475.814	0.933	2.391	2.201
1	5	1	49	0.00209871	3	35	480.814	0.933	2.406	2.217
1	5	1	49	0.0020718	3	35	485.814	0.948	2.422	2.233
1	5	1	49	0.00204513	3	34	490.814	0.964	2.437	2.249
1	5	1	49	0.0020187	3	33	495.814	0.964	2.453	2.265
1	5	1	49	0.00199249	3	32	500.814	0.964	2.469	2.28
1	5	1	49	0.00196647	3	34	505.814	0.964	2.501	2.295
1	5	1	49	0.00194063	3	35	510.814	0.98	2.501	2.326
1	5	1	49	0.00191496	3	33	515.814	0.98	2.517	2.342
1	5	1	49	0.00188945	3	34	520.814	0.996	2.533	2.342
1	5	1	49	0.00186408	3	34	525.814	0.996	2.548	2.358
1	5	1	49	0.00183883	3	33	530.814	0.996	2.564	2.374
1	5	1	49	0.00181371	3	37	535.814	1.012	2.58	2.389
1	5	1	49	0.00178865	3	33	540.814	1.012	2.596	2.405
1	5	1	49	0.00177851	3	33	545.814	1.028	2.596	2.421
1	5	1	49	0.00175422	3	33	550.814	1.028	2.611	2.437
1	5	1	49	0.00172607	3	32	555.814	1.044	2.626	2.453
1	5	1	49	0.00169815	3	34	560.814	1.044	2.641	2.469
1	5	1	49	0.00167044	3	33	565.814	1.06	2.641	2.485
1	5	1	49	0.00164293	3	31	570.814	1.06	2.657	2.501
1	5	1	49	0.00161561	3	31	575.814	1.075	2.657	2.517
1	5	1	49	0.00158847	3	32	580.814	1.075	2.689	2.532
1	5	1	49	0.0015615	3	32	585.814	1.091	2.705	2.547
1	5	1	49	0.00153471	3	32	590.814	1.106	2.721	2.563
1	5	1	90	0.00151716	3	31	595.814	1.106	2.737	2.579
1	5	1	96	0.00150894	3	30	600.814	1.122	2.737	2.594
1	5	1	90	0.00150075	3	31	605.814	1.122	2.769	2.609
1	5	1	96	0.0014926	3	31	610.814	1.138	2.785	2.624
1	5	1	90	0.0014845	3	32	615.814	1.138	2.801	2.64
1	5	1	90	0.00147641	3	33	620.814	1.154	2.801	2.656
1	5	1	96	0.00146837	3	30	625.814	1.154	2.816	2.672
1	5	1	96	0.00146035	3	32	630.814	1.169	2.832	2.688
1	5	1	90	0.00145235	3	32	635.814	1.169	2.864	2.703
1	5	1	90	0.00144437	3	32	640.814	1.184	2.864	2.735
1	5	1	90	0.00143643	3	32	645.814	1.184	2.88	2.751
1	5	1	90	0.0014285	3	33	650.814	1.2	2.88	2.751
1	5	1	96	0.0014206	3	33	655.814	1.216	2.896	2.766
1	5	1	96	0.0014127	3	34	660.814	1.216	2.911	2.782
1	5	1	96	0.00140484	3	34	665.814	1.232	2.927	2.782
1	5	1	90	0.00139961	3	32	670.814	1.232	2.943	2.798
1	5	1	90	0.00139486	3	32	675.814	1.247	2.943	2.814
1	5	1	96	0.00139001	3	32	680.814	1.247	2.975	2.829
1	5	1	56	0.00139067	3	33	685.814	1.247	3.007	2.844
1	5	1	56	0.00139539	3	34	690.814	1.263	3.022	2.86
1	5	1	50	0.00140042	3	32	695.814	1.278	3.038	2.876
1	5	1	56	0.00140646	3	34	700.814	1.278	3.054	2.891
1	5	1	56	0.00141281	3	34	705.814	1.278	3.086	2.906
1	5	1	50	0.00141916	3	32	710.814	1.278	3.118	2.921
1	5	1	50	0.00142538	3	33	715.814	1.294	3.133	2.937
1	5	1	56	0.00143141	3	32	720.814	1.309	3.149	2.953
1	5	1	50	0.00143723	3	31	725.814	1.309	3.165	2.968
1	5	1	50	0.00144284	3	34	730.814	1.309	3.196	2.968
1	5	1	56	0.00144821	3	32	735.814	1.309	3.212	2.999
1	5	1	50	0.00145335	3	31	740.814	1.324	3.212	3.031
1	5	1	56	0.00145825	3	33	745.814	1.324	3.228	3.047
1	5	1	50	0.00146292	3	32	750.814	1.34	3.243	3.047
1	5	1	56	0.00146735	2	23	755.814	1.34	3.259	3.062
1	5	1	50	0.00147154	2	22	760.814	1.34	3.274	3.062
1	5	1	50	0.00147549	2	22	765.814	1.34	3.29	3.077
1	5	1	56	0.0014792	2	17	770.814	1.34	3.306	3.077
1	5	1	50	0.00147918	2	22	775.814	1.355	3.306	3.093
1	5	1	56	0.00147568	2	24	780.814	1.355	3.322	3.093
1	5	1	50	0.00147164	2	24	785.814	1.371	3.322	3.109
1	5	1	50	0.00146753	2	24	790.814	1.386	3.338	3.109
1	5	1	56	0.00146344	2	25	795.814	1.386	3.354	3.125
1	5	1	50	0.00145939	2	24	800.814	1.401	3.354	3.141
1	5	1	56	0.00145537	2	25	805.814	1.401	3.369	3.157
1	5	1	50	0.00145139	2	25	810.814	1.401	3.385	3.173
1	5	1	50	0.00144744	2	25	815.814	1.401	3.4	3.189
1	5	1	50	0.00144352	2	24	820.814	1.401	3.416	3.204
1	5	1	56	0.00143963	2	25	825.814	1.401	3.431	3.22
1	5	1	50	0.00143577	2	25	830.814	1.401	3.447	3.235
1	5	1	56	0.00143193	2	25	835.814	1.401	3.463	3.25
1	5	1	50	0.0014281	2	25	840.814	1.401	3.479	3.25
1	5	1	56	0.0014243	2	25	845.814	1.401	3.495	3.265
1	5	1	50	0.00142051	2	24	850.814	1.401	3.51	3.281
1	5	1	50	0.00141673	2	24	855.814	1.416	3.51	3.281
1	5	1	50	0.00141296	2	24	860.814	1.416	3.526	3.296
1	5	1	56	0.0014092	2	24	865.814	1.416	3.541	3.312
1	5	1	50	0.00140546	2	23	870.814	1.416	3.557	3.327
1	5	1	56	0.00140172	2	24	875.814	1.432	3.572	3.327
1	5	1	50	0.00139798	2	24	880.814	1.432	3.588	3.343
1	5	1	56	0.00139425	2	23	885.814	1.432	3.604	3.343
1	5	1	50	0.00139052	2	23	890.814	1.432	3.62	3.359
1	5	1	56	0.00138679	2	23	895.814	1.432	3.636	3.359
1	5	1	50	0.00138307	2	23	900.814	1.448	3.636	3.374
1	5	1	50	0.00137934	2	21	905.814	1.448	3.652	3.39
1	5	1	50	0.00137561	2	24	910.814	1.448	3.667	3.406
1	5	1	56	0.00137187	2	22	915.814	1.448	3.683	3.421
1	5	1	50	0.00136813	2	24	920.814	1.448	3.698	3.437
1	5	1	50	0.00136438	2	22	925.814	1.464	3.698	3.452
1	5	1	56	0.00136063	2	24	930.814	1.464	3.713	3.452
1	5	1	56	0.00135687	2	24	935.814	1.464	3.728	3.468
1	5	1	50	0.00135309	2	24	940.814	1.464	3.743	3.468
1	5	1	50	0.00134931	2	24	945.814	1.464	3.743	3.499
1	5	1	56	0.00134551	2	24	950.814	1.464	3.758	3.499
1	5	1	56	0.0013417	2	24	955.814	1.464	3.773	3.499
1	5	1	50	0.00133788	2	24	960.814	1.464	3.773	3.53
1	5	1	56	0.00133688	2	24	965.814	1.464	3.804	3.53
1	5	1	50	0.00133573	2	24	970.814	1.464	3.82	3.545
1	5	1	56	0.00133443	2	24	975.814	1.464	3.82	3.576
1	5	1	56	0.00133308	2	24	980.814	1.464	3.835	3.592
1	5	1	50	0.0013317	2	24	985.814	1.495	3.835	3.592
1	5	1	56	0.0013303	2	24	990.814	1.51	3.851	3.592
1	5	1	50	0.00132887	2	24	995.814	1.51	3.866	3.608
1	5	1	56	0.00132742	2	24	1000.81	1.51	3.882	3.623
1	5	1	56	0.00132595	2	23	1005.81	1.51	3.882	3.654
1	5	1	50	0.00132448	2	24	1010.81	1.51	3.914	3.654
1	5	1	56	0.001323	2	24	1015.81	1.51	3.929	3.67
1	5	1	50	0.0013215	2	24	1020.81	1.525	3.945	3.67
1	5	1	56	0.00132	2	24	1025.81	1.525	3.96	3.686
1	5	1	50	0.0013185	2	24	1030.81	1.525	3.975	3.686
1	5	1	50	0.00131701	2	23	1035.81	1.525	3.991	3.701
1	5	1	56	0.00131551	2	24	1040.81	1.525	4.022	3.701
1	5	1	56	0.00131402	2	24	1045.81	1.525	4.038	3.716
1	5	1	50	0.00131253	2	24	1050.81	1.525	4.053	3.732
1	5	1	50	0.00131104	2	23	1055.81	1.525	4.069	3.747
1	5	1	56	0.00130944	2	24	1060.81	1.525	4.085	3.762
1	5	1	56	0.00130732	2	24	1065.81	1.525	4.1	3.778
1	5	1	50	0.00130512	2	24	1070.81	1.525	4.115	3.778
1	5	1	56	0.00130289	2	24	1075.81	1.525	4.115	3.809
1	5	1	50	0.00130068	2	23	1080.81	1.525	4.146	3.809
1	5	1	50	0.00129846	2	24	1085.81	1.525	4.146	3.84
1	5	1	50	0.00129626	2	24	1090.81	1.525	4.161	3.84
1	5	1	50	0.00129406	2	24	1095.81	1.54	4.161	3.856
1	5	1	56	0.00129186	2	24	1100.81	1.54	4.176	3.856
1	5	1	50	0.00128966	2	24	1105.81	1.556	4.207	3.856
1	5	1	56	0.00128747	2	24	1110.81	1.556	4.223	3.871
1	5	1	50	0.00128528	2	24	1115.81	1.556	4.239	3.886
1	5	1	50	0.00128309	2	24	1120.81	1.556	4.27	3.886
1	5	1	56	0.00128089	2	24	1125.81	1.556	4.27	3.917
1	5	1	56	0.0012787	2	24	1130.81	1.556	4.301	3.917
1	5	1	56	0.0012765	2	24	1135.81	1.556	4.317	3.932
1	5	1	50	0.0012743	2	24	1140.81	1.572	4.332	3.932
1	5	1	56	0.0012721	2	24	1145.81	1.588	4.347	3.932
1	5	1	50	0.00126989	2	24	1150.81	1.588	4.347	3.963
1	5	1	50	0.00126767	2	23	1155.81	1.588	4.363	3.978
1	5	1	56	0.00126545	2	23	1160.81	1.603	4.379	3.978
1	5	1	56	0.00126322	2	23	1165.81	1.603	4.395	3.993
1	5	1	50	0.00126098	2	23	1170.81	1.618	4.411	3.993
1	5	1	50	0.00125874	2	24	1175.81	1.618	4.427	4.008
1	5	1	56	0.00125649	2	23	1180.81	1.618	4.443	4.008
1	5	1	56	0.00125423	2	23	1185.81	1.618	4.459	4.023
1	5	1	56	0.00125196	2	23	1190.81	1.618	4.475	4.023
1	5	1	56	0.0012497	2	23	1195.81	1.618	4.491	4.039
1	5	1	50	0.00124744	2	23	1200.81	1.618	4.507	4.039
1	5	1	56	0.00124517	2	23	1205.81	1.618	4.523	4.039
1	5	1	50	0.00124288	2	23	1210.81	1.634	4.523	4.055
1	5	1	56	0.00124059	2	23	1215.81	1.634	4.539	4.055
1	5	1	50	0.00123828	2	23	1220.81	1.65	4.539	4.071
1	5	1	50	0.00123595	2	23	1225.81	1.65	4.555	4.071
1	5	1	56	0.00123361	2	23	1230.81	1.666	4.555	4.086
1	5	1	56	0.00123126	2	23	1235.81	1.666	4.571	4.086
1	5	1	56	0.00122888	2	23	1240.81	1.666	4.587	4.101
1	5	1	50	0.00122649	2	23	1245.81	1.666	4.602	4.101
1	5	1	50	0.00122409	2	23	1250.81	1.666	4.602	4.132
1	5	1	56	0.00122166	2	23	1255.81	1.682	4.602	4.147
1	5	1	56	0.00121922	2	23	1260.81	1.682	4.617	4.147
1	5	1	50	0.00121675	2	23	1265.81	1.698	4.617	4.162
1	5	1	50	0.00121427	2	23	1270.81	1.698	4.632	4.162
1	5	1	50	0.00121177	2	23	1275.81	1.698	4.647	4.178
1	5	1	56	0.00120925	2	23	1280.81	1.714	4.647	4.193
1	5	1	50	0.00120671	2	23	1285.81	1.714	4.662	4.209
1	5	1	56	0.00120384	2	23	1290.81	1.714	4.678	4.225
1	5	1	56	0.00120041	2	23	1295.81	1.73	4.693	4.225
1	5	1	50	0.00119708	2	23	1300.81	1.73	4.709	4.241
1	5	1	56	0.00119383	2	22	1305.81	1.73	4.725	4.257
1	5	1	50	0.00119051	2	23	1310.81	1.73	4.741	4.257
1	5	1	56	0.00118419	2	23	1315.81	1.73	4.741	4.273
1	5	1	56	0.00117809	3	34	1320.81	1.73	4.757	4.289
1	5	1	50	0.00117207	3	34	1325.81	1.73	4.788	4.305
1	5	1	50	0.00116608	3	36	1330.81	1.73	4.804	4.32
1	5	1	56	0.00116011	3	36	1335.81	1.745	4.819	4.336
1	5	1	50	0.00115415	3	36	1340.81	1.745	4.835	4.351
1	5	1	56	0.00114819	3	36	1345.81	1.76	4.851	4.367
1	5	1	50	0.00114223	3	35	1350.81	1.776	4.866	4.383
1	5	1	56	0.00113623	3	36	1355.81	1.792	4.881	4.399
1	5	1	50	0.00113006	3	36	1360.81	1.808	4.897	4.414
1	5	1	50	0.00112382	3	36	1365.81	1.808	4.912	4.43
1	5	1	56	0.00111755	3	36	1370.81	1.808	4.928	4.445
1	5	1	50	0.00111128	3	36	1375.81	1.823	4.944	4.461
1	5	1	56	0.00110498	3	35	1380.81	1.823	4.96	4.476
1	5	1	50	0.00109868	3	35	1385.81	1.823	4.976	4.491
1	5	1	50	0.00109236	3	35	1390.81	1.823	4.991	4.523
1	5	1	50	0.00108603	3	35	1395.81	1.839	5.006	4.523
1	5	1	56	0.00107969	3	35	1400.81	1.839	5.022	4.554
1	5	1	56	0.00107334	3	35	1405.81	1.855	5.037	4.569
1	5	1	50	0.00106697	3	35	1410.81	1.855	5.053	4.6
1	5	1	56	0.00106059	3	35	1415.81	1.871	5.068	4.6
1	5	1	56	0.0010542	3	35	1420.81	1.887	5.084	4.615
1	5	1	56	0.00104779	3	35	1425.81	1.887	5.099	4.647
1	5	1	50	0.00104138	3	35	1430.81	1.887	5.114	4.647
1	5	1	56	0.00103495	3	35	1435.81	1.903	5.13	4.662
1	5	1	50	0.00102851	3	36	1440.81	1.903	5.161	4.662
1	5	1	50	0.00102206	3	35	1445.81	1.903	5.176	4.694
1	5	1	56	0.0010156	3	35	1450.81	1.919	5.192	4.709
1	5	1	50	0.00100913	3	36	1455.81	1.919	5.207	4.741
1	5	1	50	0.00100266	3	36	1460.81	1.935	5.223	4.741
1	5	1	56	0.000996169	3	36	1465.81	1.951	5.239	4.756
1	5	1	56	0.000989673	3	36	1470.81	1.951	5.254	4.772
1	5	1	50	0.000983169	3	36	1475.81	1.967	5.269	4.787
1	5	1	56	0.000976658	3	36	1480.81	1.967	5.285	4.818
1	5	1	56	0.00097014	3	36	1485.81	1.967	5.316	4.818
1	5	1	50	0.000963614	3	36	1490.81	1.983	5.332	4.833
1	5	1	50	0.000957083	3	36	1495.81	1.983	5.347	4.865
1	5	1	50	0.000950545	3	36	1500.81	1.983	5.378	4.865
1	5	1	56	0.000944002	3	36	1505.81	1.999	5.393	4.881
1	5	1	50	0.000937455	3	36	1510.81	1.999	5.424	4.896
1	5	1	56	0.000930902	3	36	1515.81	1.999	5.44	4.927
1	5	1	50	0.000924346	3	36	1520.81	1.999	5.471	4.927
1	5	1	56	0.000917787	3	36	1525.81	1.999	5.487	4.958
1	5	1	57	0.000915153	3	36	1530.81	1.999	5.502	4.989
1	5	1	57	0.000917154	3	36	1535.81	1.999	5.517	5.005
1	5	1	57	0.00091912	3	36	1540.81	1.999	5.549	5.02
1	5	1	57	0.000921053	3	36	1545.81	2.014	5.565	5.036
1	5	1	57	0.000922952	3	36	1550.81	2.03	5.581	5.036
1	5	1	57	0.000924817	3	36	1555.81	2.03	5.596	5.052
1	5	1	57	0.000926647	3	36	1560.81	2.03	5.612	5.067
1	5	1	57	0.000928442	3	36	1565.81	2.03	5.642	5.083
1	5	1	57	0.000930203	3	36	1570.81	2.046	5.642	5.114
1	5	1	57	0.000931929	3	36	1575.81	2.062	5.657	5.114
1	5	1	57	0.000933619	3	36	1580.81	2.078	5.673	5.129
1	5	1	57	0.000935274	3	36	1585.81	2.094	5.688	5.145
1	5	1	57	0.000936894	3	36	1590.81	2.094	5.704	5.16
1	5	1	57	0.000938478	3	36	1595.81	2.11	5.719	5.16
1	5	1	57	0.000940026	3	36	1600.81	2.11	5.735	5.191
1	5	1	57	0.000941538	3	36	1605.81	2.11	5.751	5.207
1	5	1	57	0.000943014	3	36	1610.81	2.11	5.766	5.239
1	5	1	57	0.000944454	3	36	1615.81	2.11	5.782	5.27
1	5	1	57	0.000945857	3	36	1620.81	2.126	5.798	5.285
1	5	1	57	0.000947224	3	36	1625.81	2.141	5.814	5.3
1	5	1	57	0.000948554	3	36	1630.81	2.157	5.814	5.331
1	5	1	57	0.000949846	3	36	1635.81	2.157	5.829	5.347
1	5	1	57	0.000951102	3	36	1640.81	2.157	5.829	5.379
1	5	1	57	0.000952321	3	36	1645.81	2.157	5.845	5.394
1	5	1	57	0.000953502	3	35	1650.81	2.157	5.861	5.409
1	5	1	57	0.000954646	3	35	1655.81	2.157	5.877	5.425
1	5	1	57	0.000955752	3	35	1660.81	2.157	5.892	5.441
1	5	1	57	0.00095682	3	35	1665.81	2.157	5.924	5.456
1	5	1	57	0.00095785	3	35	1670.81	2.173	5.939	5.472
1	5	1	57	0.000958842	3	35	1675.81	2.189	5.955	5.472
1	5	1	57	0.000959796	3	37	1680.81	2.205	5.955	5.488
1	5	1	57	0.000960712	3	37	1685.81	2.205	5.987	5.503
1	5	1	57	0.000961588	3	37	1690.81	2.221	6.002	5.519
1	5	1	57	0.000962427	3	37	1695.81	2.221	6.017	5.535
1	5	1	57	0.000963226	3	36	1700.81	2.221	6.033	5.551
1	5	1	57	0.000963987	3	36	1705.81	2.221	6.049	5.566
1	5	1	57	0.000964708	3	36	1710.81	2.236	6.065	5.566
1	5	1	57	0.000965391	3	36	1715.81	2.252	6.081	5.581
1	5	1	57	0.000966034	3	36	1720.81	2.252	6.111	5.597
1	5	1	57	0.000966638	3	36	1725.81	2.268	6.111	5.628
1	5	1	57	0.000967202	3	32	1730.81	2.284	6.111	5.628
1	5	1	57	0.000967735	3	36	1735.81	2.284	6.127	5.643
1	5	1	57	0.000968251	3	36	1740.81	2.3	6.143	5.658
1	5	1	57	0.000968787	3	36	1745.81	2.3	6.173	5.674
1	5	1	57	0.000969094	3	31	1750.81	2.331	6.189	5.674
1	5	1	57	0.000969263	3	35	1755.81	2.346	6.189	5.69
1	5	1	57	0.000969331	3	34	1760.81	2.346	6.22	5.706
1	5	1	57	0.000969354	3	35	1765.81	2.346	6.236	5.722
1	5	1	57	0.000969337	3	35	1770.81	2.361	6.252	5.738
1	5	1	57	0.000969248	3	35	1775.81	2.361	6.283	5.754
1	5	1	57	0.000969127	3	35	1780.81	2.377	6.298	5.769
1	5	1	57	0.000968935	3	35	1785.81	2.377	6.314	5.8
1	5	1	57	0.000968707	3	36	1790.81	2.377	6.345	5.8
1	5	1	57	0.00096866	3	34	1795.81	2.393	6.345	5.815
1	5	1	57	0.000969093	3	36	1800.81	2.409	6.36	5.831
1	5	1	57	0.000969515	3	34	1805.81	2.424	6.376	5.847
1	5	1	57	0.000969819	3	34	1810.81	2.424	6.408	5.862
1	5	1	57	0.000969968	3	36	1815.81	2.44	6.423	5.878
1	5	1	57	0.00097003	3	33	1820.81	2.44	6.439	5.878
1	5	1	57	0.000970026	3	35	1825.81	2.44	6.455	5.909
1	5	1	57	0.000970121	3	36	1830.81	2.44	6.471	5.94
1	5	1	57	0.00097091	3	36	1835.81	2.44	6.502	5.94
1	5	1	57	0.00097311	3	36	1840.81	2.456	6.517	5.956
1	5	1	57	0.000975106	3	36	1845.81	2.471	6.533	5.972
1	5	1	57	0.000976989	3	36	1850.81	2.487	6.548	5.988
1	5	1	57	0.000978774	3	36	1855.81	2.487	6.579	6.004
1	5	1	57	0.000980454	3	36	1860.81	2.487	6.595	6.035
1	5	1	57	0.000982042	3	36	1865.81	2.503	6.61	6.051
1	5	1	57	0.00098355	3	36	1870.81	2.503	6.626	6.066
1	5	1	57	0.000984984	3	36	1875.81	2.503	6.641	6.098
1	5	1	57	0.00098635	3	36	1880.81	2.503	6.657	6.129
1	5	1	57	0.000987651	3	36	1885.81	2.503	6.688	6.129
1	5	1	57	0.000988889	3	36	1890.81	2.519	6.704	6.144
1	5	1	57	0.000990067	3	36	1895.81	2.519	6.719	6.16
1	5	1	57	0.000991186	3	36	1900.81	2.519	6.735	6.175
1	5	1	57	0.000992248	3	36	1905.81	2.519	6.751	6.206
1	5	1	57	0.000993255	3	36	1910.81	2.519	6.783	6.206
1	5	1	57	0.000994208	3	36	1915.81	2.535	6.798	6.222
1	5	1	57	0.000995106	3	36	1920.81	2.535	6.814	6.253
1	5	1	57	0.000995953	3	36	1925.81	2.535	6.829	6.269
1	5	1	57	0.000996747	3	36	1930.81	2.551	6.844	6.284
1	5	1	57	0.00099749	3	36	1935.81	2.551	6.86	6.315
1	5	1	57	0.000998182	3	36	1940.81	2.567	6.86	6.346
1	5	1	57	0.000998824	3	36	1945.81	2.583	6.891	6.346
1	5	1	57	0.000999416	3	36	1950.81	2.583	6.923	6.361
1	5	1	57	0.000999958	3	36	1955.81	2.583	6.938	6.377
1	5	1	57	0.00100045	3	37	1960.81	2.583	6.954	6.393
1	5	1	57	0.0010009	3	37	1965.81	2.598	6.97	6.409
1	5	1	57	0.00100129	3	37	1970.81	2.614	6.986	6.424
1	5	1	57	0.00100164	3	37	1975.81	2.614	7.001	6.44
1	5	1	57	0.00100195	3	37	1980.81	2.63	7.016	6.456
1	5	1	57	0.0010022	3	37	1985.81	2.63	7.032	6.487
1	5	1	57	0.00100241	3	37	1990.81	2.645	7.048	6.487
1	5	1	57	0.00100257	3	37	1995.81	2.645	7.064	6.518
1	5	1	57	0.00100269	3	37	2000.81	2.645	7.079	6.549
1	5	1	57	0.00100276	3	37	2005.81	2.645	7.111	6.564
1	5	1	57	0.00100279	3	37	2010.81	2.661	7.126	6.58
1	5	1	57	0.00100277	3	37	2015.81	2.661	7.142	6.596
1	5	1	57	0.00100271	3	37	2020.81	2.661	7.158	6.627
1	5	1	57	0.0010026	3	37	2025.81	2.676	7.174	6.627
1	5	1	57	0.00100245	3	37	2030.81	2.676	7.189	6.659
1	5	1	57	0.00100226	3	37	2035.81	2.676	7.204	6.675
1	5	1	57	0.00100203	3	37	2040.81	2.692	7.22	6.69
1	5	1	57	0.00100175	3	37	2045.81	2.692	7.235	6.706
1	5	1	57	0.00100143	3	37	2050.81	2.692	7.251	6.722
1	5	1	57	0.00100107	3	37	2055.81	2.708	7.266	6.722
1	5	1	57	0.00100067	3	37	2060.81	2.708	7.282	6.753
1	5	1	57	0.00100024	3	37	2065.81	2.708	7.297	6.785
1	5	1	57	0.000999756	3	37	2070.81	2.708	7.313	6.8
1	5	1	57	0.000999239	3	37	2075.81	2.723	7.329	6.816
1	5	1	57	0.000998683	3	37	2080.81	2.723	7.345	6.847
1	5	1	57	0.000998089	3	37	2085.81	2.723	7.361	6.863
1	5	1	57	0.000997458	3	37	2090.81	2.739	7.376	6.879
1	5	1	57	0.000996789	3	37	2095.81	2.739	7.392	6.91
1	5	1	57	0.000996085	3	37	2100.81	2.739	7.423	6.91
1	5	1	57	0.000995344	3	37	2105.81	2.754	7.439	6.925
1	5	1	57	0.000994567	3	37	2110.81	2.754	7.439	6.972
1	5	1	57	0.000993756	3	37	2115.81	2.769	7.455	6.972
1	5	1	57	0.00099291	3	37	2120.81	2.769	7.471	7.003
1	5	1	57	0.00099203	3	37	2125.81	2.785	7.487	7.018
1	5	1	57	0.000990985	3	37	2130.81	2.785	7.518	7.034
1	5	1	57	0.000989768	3	37	2135.81	2.801	7.518	7.065
1	5	1	57	0.000988462	3	37	2140.81	2.801	7.549	7.065
1	5	1	57	0.000987104	3	37	2145.81	2.801	7.564	7.096
1	5	1	57	0.000985711	3	36	2150.81	2.801	7.595	7.112
1	5	1	57	0.000984288	3	37	2155.81	2.801	7.626	7.127
1	5	1	57	0.000982839	3	37	2160.81	2.801	7.658	7.142
1	5	1	57	0.000981364	3	37	2165.81	2.817	7.658	7.173
1	5	1	57	0.000979864	3	37	2170.81	2.817	7.69	7.173
1	5	1	57	0.00097834	3	37	2175.81	2.817	7.706	7.204
1	5	1	57	0.000976792	3	37	2180.81	2.833	7.722	7.219
1	5	1	57	0.000975221	3	37	2185.81	2.848	7.738	7.25
1	5	1	57	0.000973627	3	37	2190.81	2.864	7.738	7.281
1	5	1	57	0.000972011	3	36	2195.81	2.864	7.77	7.281
1	5	1	57	0.000970373	3	36	2200.81	2.88	7.77	7.312
1	5	1	57	0.000968714	3	36	2205.81	2.896	7.77	7.343
1	5	1	57	0.000967034	3	36	2210.81	2.896	7.801	7.343
1	5	1	57	0.000965333	3	36	2215.81	2.912	7.817	7.358
1	5	1	57	0.000963611	3	36	2220.81	2.912	7.848	7.358
1	5	1	57	0.00096187	3	36	2225.81	2.912	7.864	7.389
1	5	1	57	0.000960109	3	36	2230.81	2.927	7.88	7.405
1	5	1	57	0.000958329	3	36	2235.81	2.942	7.912	7.405
1	5	1	57	0.00095653	3	36	2240.81	2.942	7.943	7.421
1	5	1	57	0.000954713	3	36	2245.81	2.958	7.943	7.452
1	5	1	57	0.000952878	3	36	2250.81	2.958	7.975	7.452
1	5	1	57	0.000951025	3	36	2255.81	2.958	7.991	7.483
1	5	1	57	0.000949155	3	36	2260.81	2.958	8.022	7.499
1	5	1	57	0.000947268	3	36	2265.81	2.958	8.053	7.499
1	5	1	57	0.000945364	3	36	2270.81	2.974	8.053	7.53
1	5	1	57	0.000943444	3	36	2275.81	2.974	8.084	7.53
1	5	1	57	0.000941508	3	36	2280.81	2.974	8.1	7.561
1	5	1	57	0.000939557	3	36	2285.81	2.974	8.116	7.592
1	5	1	57	0.000935758	3	36	2290.81	2.974	8.132	7.608
1	5	1	57	0.000931938	3	36	2295.81	2.99	8.147	7.624
1	5	1	57	0.000928118	3	36	2300.81	3.006	8.163	7.639
1	5	1	57	0.000924266	3	36	2305.81	3.022	8.179	7.654
1	5	1	57	0.000920329	3	36	2310.81	3.037	8.194	7.67
1	5	1	57	0.000916344	3	36	2315.81	3.037	8.21	7.685
1	5	1	57	0.000912333	3	36	2320.81	3.037	8.225	7.701
1	5	1	57	0.000908306	3	36	2325.81	3.037	8.256	7.717
1	5	1	57	0.000904267	3	36	2330.81	3.052	8.272	7.733
1	5	1	57	0.000900219	3	36	2335.81	3.068	8.287	7.733
1	5	1	57	0.000896162	3	36	2340.81	3.068	8.303	7.764
1	5	1	57	0.000892098	3	36	2345.81	3.068	8.319	7.795
1	5	1	57	0.000888029	3	36	2350.81	3.084	8.335	7.795
1	5	1	57	0.000883953	3	36	2355.81	3.1	8.35	7.795
1	5	1	57	0.000879874	3	36	2360.81	3.1	8.365	7.827
1	5	1	57	0.00087579	3	36	2365.81	3.116	8.38	7.843
1	5	1	57	0.000871703	3	36	2370.81	3.116	8.411	7.859
1	5	1	57	0.000867612	3	36	2375.81	3.116	8.427	7.89
1	5	1	57	0.000863519	3	36	2380.81	3.131	8.443	7.905
1	5	1	57	0.000859424	3	36	2385.81	3.131	8.459	7.936
1	5	1	57	0.000855326	3	36	2390.81	3.131	8.49	7.936
1	5	1	57	0.000851226	3	36	2395.81	3.131	8.506	7.967
1	5	1	57	0.000847125	3	36	2400.81	3.147	8.537	7.967
1	5	1	57	0.000843022	3	36	2405.81	3.163	8.552	7.983
1	5	1	57	0.000838918	3	36	2410.81	3.163	8.568	8.014
1	5	1	57	0.000834813	3	36	2415.81	3.163	8.584	8.045
1	5	1	57	0.000830707	3	36	2420.81	3.178	8.615	8.045
1	5	1	57	0.0008266	3	36	2425.81	3.194	8.615	8.076
1	5	1	57	0.000822493	3	36	2430.81	3.209	8.631	8.076
1	5	1	57	0.000818385	3	36	2435.81	3.209	8.647	8.107
1	5	1	57	0.000814278	3	36	2440.81	3.209	8.678	8.123
1	5	1	57	0.00081017	3	36	2445.81	3.209	8.709	8.139
1	5	1	57	0.000806062	3	36	2450.81	3.209	8.724	8.171
1	5	1	63	0.000802623	3	36	2455.81	3.225	8.724	8.202
1	5	1	63	0.000802453	3	36	2460.81	3.257	8.739	8.202
1	5	1	51	0.00080228	3	36	2465.81	3.273	8.754	8.218
1	5	1	63	0.000802105	3	36	2470.81	3.273	8.769	8.25
1	5	1	51	0.000801928	3	36	2475.81	3.289	8.784	8.25
1	5	1	63	0.000801749	3	36	2480.81	3.289	8.8	8.281
1	5	1	51	0.000801568	3	36	2485.81	3.289	8.831	8.296
1	5	1	51	0.000801385	3	36	2490.81	3.289	8.847	8.327
1	5	1	63	0.000801199	3	36	2495.81	3.304	8.863	8.343
1	5	1	51	0.000801012	3	36	2500.81	3.304	8.894	8.359
1	5	1	63	0.000800822	3	36	2505.81	3.32	8.909	8.359
1	5	1	51	0.00080063	3	36	2510.81	3.32	8.909	8.391
1	5	1	51	0.000800435	3	36	2515.81	3.336	8.924	8.407
1	5	1	51	0.000800236	3	36	2520.81	3.352	8.955	8.407
1	5	1	51	0.000800035	3	36	2525.81	3.352	8.97	8.439
1	5	1	63	0.000799832	3	36	2530.81	3.367	8.986	8.455
1	5	1	51	0.000799626	3	36	2535.81	3.367	9.017	8.471
1	5	1	63	0.000799417	3	37	2540.81	3.367	9.032	8.502
1	5	1	51	0.000799158	3	36	2545.81	3.383	9.048	8.502
1	5	1	63	0.000798765	3	36	2550.81	3.383	9.079	8.502
1	5	1	63	0.000798325	3	37	2555.81	3.399	9.11	8.502
1	5	1	63	0.000797866	3	36	2560.81	3.399	9.141	8.518
1	5	1	63	0.0007974	3	36	2565.81	3.414	9.141	8.55
1	5	1	51	0.000796927	3	36	2570.81	3.414	9.172	8.55
1	5	1	51	0.000796448	3	36	2575.81	3.414	9.187	8.582
1	5	1	51	0.000795964	3	36	2580.81	3.414	9.218	8.598
1	5	1	63	0.000795473	3	36	2585.81	3.414	9.234	8.629
1	5	1	63	0.000794978	3	36	2590.81	3.43	9.234	8.66
1	5	1	51	0.000794476	3	36	2595.81	3.43	9.265	8.66
1	5	1	51	0.000793968	3	36	2600.81	3.446	9.265	8.691
1	5	1	63	0.000793455	3	36	2605.81	3.446	9.28	8.722
1	5	1	51	0.000792935	3	36	2610.81	3.462	9.28	8.753
1	5	1	51	0.00079241	3	36	2615.81	3.462	9.311	8.753
1	5	1	63	0.000791878	3	36	2620.81	3.478	9.327	8.768
1	5	1	51	0.000791341	3	36	2625.81	3.478	9.342	8.784
1	5	1	63	0.000790798	3	36	2630.81	3.478	9.358	8.799
1	5	1	63	0.000790249	3	36	2635.81	3.478	9.373	8.815
1	5	1	63	0.000789694	3	36	2640.81	3.494	9.389	8.83
1	5	1	63	0.000789132	3	36	2645.81	3.509	9.405	8.846
1	5	1	51	0.000788565	3	36	2650.81	3.525	9.421	8.846
1	5	1	51	0.000787991	3	36	2655.81	3.525	9.436	8.862
1	5	1	63	0.000787411	3	36	2660.81	3.525	9.452	8.877
1	5	1	63	0.000786824	3	36	2665.81	3.525	9.482	8.893
1	5	1	51	0.000786231	3	36	2670.81	3.541	9.498	8.908
1	5	1	51	0.000785631	3	36	2675.81	3.541	9.513	8.924
1	5	1	63	0.000785025	3	36	2680.81	3.557	9.529	8.939
1	5	1	51	0.000784413	3	36	2685.81	3.557	9.56	8.955
1	5	1	51	0.000783794	3	36	2690.81	3.557	9.576	8.986
1	5	1	51	0.000783168	3	36	2695.81	3.573	9.607	8.986
1	5	1	51	0.000782535	3	36	2700.81	3.588	9.607	9.017
1	5	1	63	0.000781896	3	36	2705.81	3.604	9.607	9.048
1	5	1	63	0.00078125	3	36	2710.81	3.619	9.639	9.048
1	5	1	51	0.000780597	3	36	2715.81	3.634	9.639	9.08
1	5	1	51	0.000779937	3	36	2720.81	3.634	9.654	9.08
1	5	1	63	0.00077927	3	36	2725.81	3.65	9.654	9.111
1	5	1	51	0.000778597	3	36	2730.81	3.666	9.669	9.111
1	5	1	51	0.000777916	3	36	2735.81	3.666	9.685	9.142
1	5	1	51	0.000777228	3	36	2740.81	3.666	9.716	9.157
1	5	1	63	0.000776533	3	36	2745.81	3.666	9.732	9.188
1	5	1	51	0.000775831	3	36	2750.81	3.681	9.748	9.204
1	5	1	63	0.000775121	3	36	2755.81	3.697	9.763	9.22
1	5	1	63	0.000774405	3	36	2760.81	3.697	9.779	9.251
1	5	1	51	0.000773681	3	36	2765.81	3.697	9.795	9.282
1	5	1	51	0.00077295	3	36	2770.81	3.697	9.811	9.298
1	5	1	63	0.000772211	3	36	2775.81	3.697	9.827	9.329
1	5	1	63	0.000771465	3	36	2780.81	3.713	9.843	9.344
1	5	1	63	0.000770712	3	36	2785.81	3.728	9.859	9.359
1	5	1	51	0.000769951	3	36	2790.81	3.728	9.875	9.39
1	5	1	51	0.000769183	3	36	2795.81	3.728	9.89	9.39
1	5	1	63	0.000768407	3	36	2800.81	3.743	9.89	9.422
1	5	1	63	0.000767623	3	36	2805.81	3.743	9.906	9.453
1	5	1	51	0.000766832	3	36	2810.81	3.759	9.937	9.453
1	5	1	63	0.000766033	3	36	2815.81	3.775	9.953	9.468
1	5	1	51	0.000765227	3	36	2820.81	3.791	9.953	9.499
1	5	1	63	0.000764413	3	36	2825.81	3.791	9.985	9.499
1	5	1	63	0.000763591	3	36	2830.81	3.791	10.001	9.53
1	5	1	51	0.000762761	3	36	2835.81	3.791	10.033	9.545
1	5	1	63	0.000761924	3	36	2840.81	3.791	10.048	9.576
1	5	1	51	0.000761078	3	36	2845.81	3.807	10.048	9.607
1	5	1	63	0.000760225	3	36	2850.81	3.807	10.079	9.607
1	5	1	63	0.000759364	3	36	2855.81	3.823	10.094	9.607
1	5	1	51	0.000758494	3	36	2860.81	3.823	10.11	9.638
1	5	1	51	0.000757617	3	35	2865.81	3.823	10.125	9.67
1	5	1	51	0.000755936	3	36	2870.81	3.839	10.141	9.685
1	5	1	63	0.000753911	3	36	2875.81	3.855	10.141	9.716
1	5	1	63	0.000751905	3	36	2880.81	3.855	10.173	9.716
1	5	1	51	0.000749894	3	36	2885.81	3.855	10.189	9.747
1	5	1	51	0.000747871	3	36	2890.81	3.855	10.205	9.762
1	5	1	63	0.000745833	3	36	2895.81	3.855	10.22	9.793
1	5	1	63	0.000743783	3	35	2900.81	3.87	10.236	9.809
1	5	1	51	0.000741721	3	35	2905.81	3.886	10.251	9.824
1	5	1	63	0.000739648	3	35	2910.81	3.886	10.283	9.839
1	5	1	51	0.000737566	3	35	2915.81	3.901	10.299	9.855
1	5	1	63	0.000735474	3	35	2920.81	3.916	10.315	9.871
1	5	1	63	0.000733373	3	35	2925.81	3.931	10.315	9.903
1	5	1	51	0.000731264	3	34	2930.81	3.946	10.331	9.903
1	5	1	51	0.000729147	3	34	2935.81	3.962	10.346	9.919
1	5	1	51	0.000727022	3	34	2940.81	3.962	10.362	9.934
1	5	1	51	0.000724889	3	34	2945.81	3.962	10.377	9.95
1	5	1	51	0.00072275	3	34	2950.81	3.977	10.393	9.966
1	5	1	63	0.000720602	3	34	2955.81	3.977	10.409	9.982
1	5	1	51	0.000718462	3	34	2960.81	3.977	10.424	10.014
1	5	1	63	0.000716347	3	34	2965.81	3.977	10.44	10.045
1	5	1	63	0.000714243	3	34	2970.81	3.977	10.455	10.061
1	5	1	63	0.00071214	3	34	2975.81	3.977	10.471	10.076
1	5	1	63	0.000710031	3	34	2980.81	3.977	10.486	10.108
1	5	1	51	0.000707915	3	34	2985.81	3.977	10.502	10.139
1	5	1	51	0.000705792	3	34	2990.81	3.977	10.517	10.155
1	5	1	63	0.000703659	3	34	2995.81	3.977	10.533	10.17
1	5	1	63	0.000701165	3	34	3000.81	3.977	10.563	10.186
1	5	1	51	0.000698711	3	34	3005.81	3.977	10.594	10.202
1	5	1	51	0.000696297	3	34	3010.81	3.977	10.609	10.234
1	5	1	63	0.000693913	3	34	3015.81	3.993	10.625	10.249
1	5	1	51	0.000691552	3	34	3020.81	4.008	10.641	10.265
1	5	1	58	0.000690742	3	34	3025.81	4.008	10.656	10.297
1	5	1	64	0.000691097	3	34	3030.81	4.024	10.671	10.313
1	5	1	58	0.000691507	3	34	3035.81	4.024	10.687	10.344
1	5	1	58	0.00069183	3	34	3040.81	4.024	10.718	10.344
1	5	1	64	0.000692127	3	34	3045.81	4.024	10.734	10.375
1	5	1	58	0.00069241	3	32	3050.81	4.024	10.749	10.39
1	5	1	58	0.000692684	3	35	3055.81	4.024	10.765	10.421
1	5	1	64	0.000692946	3	35	3060.81	4.04	10.78	10.437
1	5	1	58	0.000693193	3	34	3065.81	4.056	10.795	10.453
1	5	1	64	0.000693472	3	34	3070.81	4.072	10.811	10.468
1	5	1	58	0.000693681	3	31	3075.81	4.072	10.827	10.499
1	5	1	64	0.000693871	3	35	3080.81	4.087	10.843	10.515
1	5	1	58	0.000694049	3	35	3085.81	4.087	10.859	10.546
1	5	1	58	0.000694217	3	34	3090.81	4.103	10.874	10.562
1	5	1	64	0.000694406	3	35	3095.81	4.118	10.874	10.593
1	5	1	58	0.000694534	3	35	3100.81	4.134	10.905	10.593
1	5	1	64	0.000694647	3	34	3105.81	4.134	10.936	10.608
1	5	1	58	0.000694785	3	35	3110.81	4.15	10.952	10.623
1	5	1	58	0.00069486	3	35	3115.81	4.165	10.952	10.639
1	5	1	64	0.000694926	3	34	3120.81	4.165	10.983	10.655
1	5	1	64	0.000695009	3	31	3125.81	4.18	10.999	10.671
1	5	1	58	0.000695041	3	35	3130.81	4.196	11.014	10.671
1	5	1	58	0.000695064	3	34	3135.81	4.196	11.029	10.687
1	5	1	64	0.0006951	3	35	3140.81	4.196	11.061	10.702
1	5	1	58	0.000695073	3	35	3145.81	4.211	11.077	10.718
1	5	1	64	0.000695046	3	35	3150.81	4.211	11.093	10.734
1	5	1	64	0.000695021	3	35	3155.81	4.211	11.108	10.75
1	5	1	58	0.000694965	3	35	3160.81	4.211	11.124	10.765
1	5	1	64	0.000694908	3	35	3165.81	4.226	11.139	10.781
1	5	1	58	0.000694818	3	35	3170.81	4.242	11.155	10.796
1	5	1	64	0.000694726	3	35	3175.81	4.242	11.17	10.812
1	5	1	64	0.000694602	3	35	3180.81	4.242	11.186	10.843
1	5	1	58	0.000694475	3	35	3185.81	4.242	11.201	10.875
1	5	1	64	0.00069432	3	35	3190.81	4.258	11.216	10.875
1	5	1	58	0.000694156	3	35	3195.81	4.258	11.232	10.906
1	5	1	64	0.000693972	3	36	3200.81	4.258	11.263	10.921
1	5	1	58	0.000694209	3	31	3205.81	4.273	11.279	10.937
1	5	1	64	0.000694736	3	35	3210.81	4.273	11.31	10.953
1	5	1	58	0.000695157	3	35	3215.81	4.289	11.325	10.969
1	5	1	64	0.000695556	3	35	3220.81	4.289	11.357	10.984
1	5	1	64	0.00069593	3	35	3225.81	4.305	11.373	10.999
1	5	1	64	0.000696272	3	35	3230.81	4.305	11.404	11.015
1	5	1	58	0.000696598	3	35	3235.81	4.32	11.42	11.031
1	5	1	64	0.000696914	3	34	3240.81	4.336	11.435	11.047
1	5	1	58	0.000697205	3	35	3245.81	4.352	11.45	11.062
1	5	1	64	0.000697485	3	35	3250.81	4.352	11.482	11.077
1	5	1	58	0.000697752	3	35	3255.81	4.352	11.513	11.093
1	5	1	58	0.00069799	3	35	3260.81	4.368	11.528	11.109
1	5	1	64	0.00069823	3	31	3265.81	4.368	11.56	11.124
1	5	1	58	0.000698464	3	34	3270.81	4.368	11.576	11.155
1	5	1	64	0.000698667	3	36	3275.81	4.383	11.592	11.171
1	5	1	58	0.000698887	3	36	3280.81	4.399	11.607	11.171
1	5	1	58	0.000699097	3	36	3285.81	4.414	11.607	11.187
1	5	1	64	0.000699306	3	35	3290.81	4.414	11.639	11.202
1	5	1	58	0.000699507	3	34	3295.81	4.43	11.654	11.218
1	5	1	64	0.000699674	3	36	3300.81	4.43	11.67	11.233
1	5	1	58	0.000699853	3	36	3305.81	4.43	11.702	11.248
1	5	1	64	0.000700025	3	36	3310.81	4.446	11.717	11.264
1	5	1	58	0.000700196	3	36	3315.81	4.446	11.733	11.28
1	5	1	64	0.000700363	3	32	3320.81	4.446	11.733	11.312
1	5	1	58	0.000700523	3	33	3325.81	4.446	11.748	11.328
1	5	1	64	0.000700641	3	36	3330.81	4.446	11.763	11.344
1	5	1	58	0.000700783	3	36	3335.81	4.461	11.763	11.36
1	5	1	64	0.000700914	3	36	3340.81	4.461	11.779	11.391
1	5	1	64	0.000701045	3	36	3345.81	4.461	11.81	11.407
1	5	1	58	0.000701171	3	36	3350.81	4.476	11.825	11.423
1	5	1	64	0.00070129	3	36	3355.81	4.476	11.84	11.439
1	5	1	64	0.000701403	3	36	3360.81	4.491	11.84	11.455
1	5	1	58	0.000701508	3	36	3365.81	4.491	11.871	11.471
1	5	1	58	0.000701607	3	36	3370.81	4.491	11.902	11.487
1	5	1	58	0.000701698	3	36	3375.81	4.506	11.902	11.518
1	5	1	64	0.000701783	3	36	3380.81	4.506	11.918	11.533
1	5	1	58	0.000701861	3	36	3385.81	4.506	11.934	11.548
1	5	1	58	0.000701932	3	36	3390.81	4.506	11.95	11.548
1	5	1	58	0.000701996	3	36	3395.81	4.506	11.966	11.563
1	5	1	64	0.000702054	3	35	3400.81	4.522	11.966	11.578
1	5	1	58	0.000702106	3	34	3405.81	4.522	11.982	11.593
1	5	1	64	0.000702153	3	35	3410.81	4.522	11.998	11.608
1	5	1	64	0.000702194	3	36	3415.81	4.537	12.014	11.608
1	5	1	64	0.000702234	3	36	3420.81	4.537	12.03	11.623
1	5	1	64	0.000702294	3	36	3425.81	4.537	12.045	11.654
1	5	1	58	0.000702312	3	36	3430.81	4.552	12.061	11.67
1	5	1	58	0.000702314	3	36	3435.81	4.552	12.077	11.685
1	5	1	58	0.00070231	3	35	3440.81	4.567	12.093	11.685
1	5	1	64	0.000702303	3	36	3445.81	4.583	12.093	11.7
1	5	1	64	0.000702299	3	36	3450.81	4.583	12.123	11.716
1	5	1	64	0.000702315	3	36	3455.81	4.583	12.138	11.732
1	5	1	58	0.000702291	3	35	3460.81	4.583	12.17	11.747
1	5	1	64	0.000702255	3	36	3465.81	4.599	12.185	11.763
1	5	1	58	0.000702222	3	36	3470.81	4.599	12.201	11.779
1	5	1	58	0.000702207	3	36	3475.81	4.599	12.217	11.794
1	5	1	58	0.000702155	3	32	3480.81	4.599	12.232	11.81
1	5	1	58	0.000702092	3	35	3485.81	4.599	12.248	11.841
1	5	1	64	0.000701991	3	36	3490.81	4.599	12.279	11.857
1	5	1	58	0.000701872	3	36	3495.81	4.615	12.295	11.857
1	5	1	58	0.000701758	3	35	3500.81	4.63	12.311	11.873
1	5	1	64	0.000701608	3	36	3505.81	4.645	12.327	11.873
1	5	1	58	0.000701453	3	36	3510.81	4.645	12.342	11.904
1	5	1	58	0.00070131	3	35	3515.81	4.645	12.358	11.935
1	5	1	58	0.000701134	3	36	3520.81	4.645	12.374	11.95
1	5	1	58	0.000700956	3	36	3525.81	4.645	12.39	11.965
1	5	1	64	0.000700788	3	36	3530.81	4.645	12.421	11.981
1	5	1	58	0.000700601	3	36	3535.81	4.66	12.437	11.996
1	5	1	64	0.000700412	3	35	3540.81	4.66	12.452	12.012
1	5	1	58	0.000700183	3	36	3545.81	4.66	12.468	12.043
1	5	1	64	0.000699952	3	35	3550.81	4.675	12.484	12.059
1	5	1	58	0.00069973	3	36	3555.81	4.675	12.516	12.074
1	5	1	64	0.00069949	3	37	3560.81	4.675	12.532	12.105
1	5	1	64	0.000699357	3	35	3565.81	4.69	12.564	12.105
1	5	1	58	0.000699293	3	35	3570.81	4.706	12.564	12.136
1	5	1	64	0.00069929	3	34	3575.81	4.706	12.595	12.136
1	5	1	64	0.000699318	3	35	3580.81	4.721	12.595	12.167
1	5	1	58	0.000699342	3	35	3585.81	4.737	12.61	12.167
1	5	1	58	0.000699365	3	35	3590.81	4.737	12.626	12.198
1	5	1	64	0.000699368	3	35	3595.81	4.737	12.642	12.214
1	5	1	64	0.000699364	3	35	3600.81	4.737	12.658	12.245
1	5	1	58	0.000699339	3	34	3605.81	4.737	12.673	12.277
1	5	1	58	0.000699304	3	30	3610.81	4.753	12.673	12.293
1	5	1	64	0.000699248	3	35	3615.81	4.753	12.689	12.324
1	5	1	64	0.000699193	3	35	3620.81	4.768	12.705	12.324
1	5	1	64	0.000699121	3	35	3625.81	4.768	12.721	12.355
1	5	1	58	0.000699023	3	34	3630.81	4.768	12.736	12.355
1	5	1	64	0.000698914	3	34	3635.81	4.784	12.751	12.371
1	5	1	58	0.000698789	3	35	3640.81	4.784	12.767	12.387
1	5	1	58	0.000698651	3	36	3645.81	4.784	12.782	12.403
1	5	1	58	0.000698501	3	35	3650.81	4.784	12.798	12.434
1	5	1	58	0.000698467	3	34	3655.81	4.784	12.814	12.449
1	5	1	64	0.000698467	3	36	3660.81	4.784	12.829	12.481
1	5	1	58	0.000698472	3	35	3665.81	4.784	12.845	12.512
1	5	1	58	0.000698487	3	34	3670.81	4.784	12.86	12.528
1	5	1	58	0.000698475	3	36	3675.81	4.784	12.876	12.543
1	5	1	64	0.000698445	3	35	3680.81	4.784	12.906	12.559
1	5	1	58	0.000698414	3	35	3685.81	4.8	12.922	12.574
1	5	1	58	0.000698353	3	36	3690.81	4.816	12.937	12.574
1	5	1	64	0.000698274	3	34	3695.81	4.832	12.937	12.589
1	5	1	58	0.000698196	3	33	3700.81	4.832	12.968	12.605
1	5	1	64	0.000698096	3	36	3705.81	4.832	12.983	12.621
1	5	1	58	0.000697992	3	36	3710.81	4.848	12.999	12.636
1	5	1	58	0.000697891	3	34	3715.81	4.848	13.014	12.652
1	5	1	58	0.000697786	3	34	3720.81	4.848	13.03	12.668
1	5	1	64	0.000697668	3	35	3725.81	4.848	13.045	12.7
1	5	1	64	0.000697507	3	36	3730.81	4.864	13.061	12.715
1	5	1	58	0.000697329	3	36	3735.81	4.864	13.076	12.731
1	5	1	64	0.000697152	3	34	3740.81	4.864	13.092	12.746
1	5	1	64	0.000696969	3	34	3745.81	4.88	13.107	12.762
1	5	1	58	0.000696774	3	35	3750.81	4.88	13.138	12.778
1	5	1	58	0.000696535	3	36	3755.81	4.896	13.138	12.793
1	5	1	64	0.000696282	3	36	3760.81	4.896	13.169	12.809
1	5	1	64	0.000696029	3	36	3765.81	4.896	13.184	12.84
1	5	1	58	0.000695772	3	36	3770.81	4.896	13.2	12.855
1	5	1	58	0.000695502	3	34	3775.81	4.896	13.215	12.871
1	5	1	64	0.000695218	3	35	3780.81	4.912	13.231	12.886
1	5	1	58	0.000694888	3	36	3785.81	4.928	13.246	12.902
1	5	1	64	0.000694549	3	36	3790.81	4.943	13.262	12.917
1	5	1	58	0.000694207	3	36	3795.81	4.959	13.277	12.917
1	5	1	64	0.000693862	3	36	3800.81	4.959	13.292	12.933
1	5	1	64	0.000693504	3	36	3805.81	4.959	13.308	12.949
1	5	1	58	0.000693133	3	36	3810.81	4.959	13.324	12.965
1	5	1	64	0.000692747	3	36	3815.81	4.974	13.34	12.981
1	5	1	58	0.000692346	3	36	3820.81	4.99	13.356	12.996
1	5	1	58	0.000691932	3	36	3825.81	5.006	13.371	13.012
1	5	1	64	0.000691503	3	36	3830.81	5.006	13.387	13.028
1	5	1	64	0.000691059	3	37	3835.81	5.006	13.402	13.06
1	5	1	58	0.000690255	3	36	3840.81	5.006	13.418	13.091
1	5	1	58	0.000688795	3	36	3845.81	5.021	13.434	13.091
1	5	1	64	0.000687351	3	36	3850.81	5.037	13.449	13.106
1	5	1	58	0.000685898	3	36	3855.81	5.037	13.464	13.122
1	5	1	64	0.000684376	3	36	3860.81	5.037	13.48	13.153
1	5	1	58	0.0006828	3	36	3865.81	5.037	13.495	13.185
1	5	1	58	0.000681196	3	36	3870.81	5.053	13.511	13.185
1	5	1	64	0.000679572	3	36	3875.81	5.053	13.527	13.216
1	5	1	58	0.000677931	3	36	3880.81	5.053	13.543	13.247
1	5	1	58	0.000676274	3	36	3885.81	5.068	13.559	13.247
1	5	1	58	0.000674602	3	36	3890.81	5.084	13.574	13.263
1	5	1	64	0.000672915	3	36	3895.81	5.084	13.606	13.278
1	5	1	58	0.000671215	3	36	3900.81	5.1	13.622	13.293
1	5	1	64	0.000669502	3	36	3905.81	5.1	13.637	13.325
1	5	1	64	0.000667777	3	36	3910.81	5.116	13.652	13.341
1	5	1	64	0.000666038	3	36	3915.81	5.116	13.652	13.372
1	5	1	64	0.000664288	3	36	3920.81	5.132	13.667	13.372
1	5	1	64	0.000662525	3	36	3925.81	5.132	13.683	13.403
1	5	1	58	0.000660751	3	36	3930.81	5.148	13.698	13.419
1	5	1	64	0.000658966	3	36	3935.81	5.164	13.714	13.434
1	5	1	58	0.000657169	3	36	3940.81	5.18	13.714	13.465
1	5	1	58	0.000655361	3	36	3945.81	5.196	13.73	13.465
1	5	1	58	0.000653543	3	36	3950.81	5.196	13.746	13.496
1	5	1	64	0.000651714	3	36	3955.81	5.196	13.761	13.528
1	5	1	58	0.000649874	3	36	3960.81	5.196	13.777	13.559
1	5	1	64	0.000648024	3	36	3965.81	5.212	13.808	13.559
1	5	1	64	0.000646164	3	36	3970.81	5.212	13.808	13.59
1	5	1	58	0.000644293	3	36	3975.81	5.212	13.824	13.621
1	5	1	58	0.000642412	3	36	3980.81	5.212	13.839	13.652
1	5	1	64	0.000640522	3	36	3985.81	5.212	13.854	13.668
1	5	1	58	0.000638621	3	36	3990.81	5.212	13.901	13.699
1	5	1	64	0.000636711	3	36	3995.81	5.228	13.932	13.699
1	5	1	58	0.000634791	3	36	4000.81	5.228	13.947	13.73
1	5	1	58	0.000632862	3	36	4005.81	5.228	13.962	13.746
1	5	1	64	0.000630923	3	36	4010.81	5.228	13.978	13.777
1	5	1	58	0.000628975	3	36	4015.81	5.243	13.994	13.793
1	5	1	58	0.000627018	3	36	4020.81	5.259	14.01	13.793
1	5	1	64	0.000625052	3	36	4025.81	5.259	14.026	13.824
1	5	1	58	0.000623077	3	36	4030.81	5.259	14.042	13.855
1	5	1	58	0.000621093	3	36	4035.81	5.259	14.057	13.871
1	5	1	58	0.0006191	3	36	4040.81	5.275	14.072	13.887
1	5	1	58	0.000617099	3	36	4045.81	5.29	14.088	13.903
1	5	1	64	0.00061509	3	36	4050.81	5.29	14.103	13.919
1	5	1	58	0.000613075	3	36	4055.81	5.305	14.119	13.935
1	5	1	64	0.000611072	3	36	4060.81	5.305	14.134	13.951
1	5	1	64	0.000609072	3	36	4065.81	5.305	14.15	13.982
1	5	1	64	0.000607067	3	36	4070.81	5.305	14.166	14.013
1	5	1	58	0.000605056	3	36	4075.81	5.305	14.197	14.029
1	5	1	58	0.000603037	3	36	4080.81	5.305	14.229	14.044
1	5	1	64	0.000601011	3	36	4085.81	5.321	14.245	14.059
1	5	1	64	0.000598976	3	36	4090.81	5.336	14.261	14.075
1	5	1	58	0.000596933	3	36	4095.81	5.352	14.261	14.106
1	5	1	64	0.000594883	3	36	4100.81	5.367	14.277	14.106
1	5	1	58	0.000592824	3	36	4105.81	5.367	14.308	14.106
1	5	1	52	0.000591892	3	36	4110.81	5.367	14.324	14.137
1	5	1	70	0.000592037	3	36	4115.81	5.383	14.339	14.152
1	5	1	70	0.000592173	3	36	4120.81	5.383	14.355	14.183
1	5	1	52	0.000592298	3	36	4125.81	5.383	14.371	14.214
1	5	1	52	0.000592414	3	36	4130.81	5.398	14.387	14.23
1	5	1	70	0.00059252	3	36	4135.81	5.414	14.402	14.246
1	5	1	52	0.000592617	3	36	4140.81	5.414	14.433	14.262
1	5	1	70	0.000592704	3	36	4145.81	5.414	14.449	14.293
1	5	1	52	0.000592781	3	36	4150.81	5.429	14.465	14.308
1	5	1	70	0.000592848	3	36	4155.81	5.429	14.496	14.324
1	5	1	52	0.000592906	3	36	4160.81	5.444	14.511	14.34
1	5	1	52	0.000592955	3	36	4165.81	5.444	14.527	14.355
1	5	1	52	0.000592994	3	36	4170.81	5.46	14.542	14.355
1	5	1	52	0.000593024	3	36	4175.81	5.46	14.558	14.386
1	5	1	52	0.000593045	3	36	4180.81	5.46	14.573	14.418
1	4.18561	1	65	0.000593603	3	33	4185	5.476	14.588	14.418
