
 Simulation Finished Successfully 


 -------------------------- Performance Report -------------------------- 


 ------------ Mass Balance Error Report ------------- 

 OCIP     :	4.43327e+008	0	

 Residual :	4.26088e+008	2.51267e+007	
 Facilty  :	9.41171e+006	3.93936e+007	
 Facilty  :	7.82742e+006	3.03812e+007	
 Facilty  :	0	-9.49015e+007	

 MB_Error :	2.2755e-005	-0.00592729	
 Rel_Error:	0%	##	


 Variable Type : -----------------  Natural Variables
 Number of Implicit levels: ------        1
                    ImpVar --- TransImpLvl --- CFL_Limit --- Percent
       Scheme 0 :     2             4             1           100%

 Linear solver choice : ----------        4
 Preconditioner choice : ---------        4
 Linear solver Tolerance : -------   1e-006

 Total running time: -------------       36 sec  ( 100 % )
   -Initialization time: ---------       22 sec  (  61 % )
   -Property Calc  time: ---------    0.627 sec  (   2 % )
   -Linearization  time: ---------     0.33 sec  (   1 % )
   -Newton Update  time: ---------        0 sec  (   0 % )
   -Solver running time: ---------    2.233 sec  (   6 % )
      --(B)ILU Pre fac time: -----    0.189 sec  (   1 % )
      --(B)ILU Pre slv time: -----    0.095 sec  (   0 % )
      --Pres dcpl time: ----------    0.184 sec  (   1 % )
      --Pres slv time: -----------     1.06 sec  (   3 % )
   -Timestep Calc  time: ---------        0 sec  (   0 % )
   -CFL No.  Calc  time: ---------        0 sec  (   0 % )


 Compositional simulation only:
 Initialization time for reservoir: ---------        0 sec
 Phase equilibrium running time: ------------        0 sec


 No. of timesteps: ---------------       32

 No. of Newton Iters : -----------      103
 No. of Waste Newton Iters : -----       12

 No. of Solver Iters : -----------      535
 No. of Waste Solver Iters : -----       53

 No. of Pres slvr iters : --------      535
 No. of Waste Pres slvr iters: ---       53

 Total elapsed = 36, steps = 32, Newton = 103, linear = 535

