
 Simulation Finished Successfully 


 -------------------------- Performance Report -------------------------- 


 ------------ Mass Balance Error Report ------------- 

 OCIP     :	23.4771	35.2157	

 Residual :	39.4051	4.98721e-158	
 Facilty  :	1064.71	35.2153	
 Facilty  :	-1080.65	0	

 MB_Error :	0.0096783	0.000418439	
 Rel_Error:	0%	0%	


 Variable Type : -----------------  Natural Variables
 Number of Implicit levels: ------        1
                    ImpVar --- TransImpLvl --- CFL_Limit --- Percent
       Scheme 0 :     2             4             1           100%

 Linear solver choice : ----------        4
 Preconditioner choice : ---------        4
 Linear solver Tolerance : -------   0.0001

 Total running time: -------------   28.422 sec  ( 100 % )
   -Initialization time: ---------     0.25 sec  (   1 % )
   -Property Calc  time: ---------    1.903 sec  (   7 % )
   -Linearization  time: ---------    0.502 sec  (   2 % )
   -Newton Update  time: ---------        0 sec  (   0 % )
   -Solver running time: ---------    0.866 sec  (   3 % )
      --(B)ILU Pre fac time: -----    0.063 sec  (   0 % )
      --(B)ILU Pre slv time: -----        0 sec  (   0 % )
      --Pres dcpl time: ----------    0.108 sec  (   0 % )
      --Pres slv time: -----------    0.142 sec  (   0 % )
   -Timestep Calc  time: ---------    0.032 sec  (   0 % )
   -CFL No.  Calc  time: ---------        0 sec  (   0 % )


 Compositional simulation only:
 Initialization time for reservoir: ---------    0.015 sec
 Phase equilibrium running time: ------------    1.217 sec


 No. of timesteps: ---------------      505

 No. of Newton Iters : -----------      737
 No. of Waste Newton Iters : -----        0

 No. of Solver Iters : -----------      737
 No. of Waste Solver Iters : -----        0

 No. of Pres slvr iters : --------      737
 No. of Waste Pres slvr iters: ---        0

 Total elapsed = 28.422, steps = 505, Newton = 737, linear = 737

