Results for well: RES1_INJ.out in the reservoir: RES1_INJ.out

time	BHP	Temp	q(Gas)	q(Oil)
days	psi	F	Mscf/d	stb/d
0         	0         	-         	0         	0         	
0.025     	1500      	250       	-3554.52  	0         	
0.035     	1500      	250       	-3041.37  	0         	
0.0462799 	1500      	250       	-2675.64  	0         	
0.0572387 	1500      	250       	-2643.38  	0         	
0.0675261 	1500      	250       	-2802.06  	0         	
0.0777286 	1500      	250       	-3087.85  	0         	
0.0883    	1500      	250       	-3471.47  	0         	
0.0995538 	1500      	250       	-3942.05  	0         	
0.111712  	1500      	250       	-4473.91  	0         	
0.124928  	1500      	250       	-4859.77  	0         	
0.1401    	1500      	250       	-5032.61  	0         	
0.158192  	1500      	250       	-5214.7   	0         	
0.17621   	1500      	250       	-5362.2   	0         	
0.194226  	1500      	250       	-5572.96  	0         	
0.212827  	1500      	250       	-5856.83  	0         	
0.232673  	1500      	250       	-6204.1   	0         	
0.253865  	1500      	250       	-6522.89  	0         	
0.276978  	1500      	250       	-6698.27  	0         	
0.302208  	1500      	250       	-6719.57  	0         	
0.328429  	1500      	250       	-6644.43  	0         	
0.356616  	1500      	250       	-6529.46  	0         	
0.387191  	1500      	250       	-6493.09  	0         	
0.420141  	1500      	250       	-6546.26  	0         	
0.455046  	1500      	250       	-6689.31  	0         	
0.492859  	1500      	250       	-6719.23  	0         	
0.536295  	1500      	250       	-6784.35  	0         	
0.577205  	1500      	250       	-6693.17  	0         	
0.621284  	1500      	250       	-6542.67  	0         	
0.669729  	1500      	250       	-6421.41  	0         	
0.720957  	1500      	250       	-6408.02  	0         	
0.774918  	1500      	250       	-6393.48  	0         	
0.832279  	1500      	250       	-6324.07  	0         	
0.88769   	1500      	250       	-6271.58  	0         	
0.944079  	1500      	250       	-6204.85  	0         	
1.00237   	1500      	250       	-6125.37  	0         	
1.06478   	1500      	250       	-6011.52  	0         	
1.13309   	1500      	250       	-5921.61  	0         	
1.20444   	1500      	250       	-5889.53  	0         	
1.28006   	1500      	250       	-5900.12  	0         	
1.35181   	1500      	250       	-5912.09  	0         	
1.42606   	1500      	250       	-5907.38  	0         	
1.50254   	1500      	250       	-5890.08  	0         	
1.58255   	1500      	250       	-5906.94  	0         	
1.66684   	1500      	250       	-5896.85  	0         	
1.76147   	1500      	250       	-5832.78  	0         	
1.85126   	1500      	250       	-5807.26  	0         	
1.94047   	1500      	250       	-5798.2   	0         	
2.03462   	1500      	250       	-5807.6   	0         	
2.13242   	1500      	250       	-5805.4   	0         	
2.23229   	1500      	250       	-5797.54  	0         	
2.33934   	1500      	250       	-5825.43  	0         	
2.43862   	1500      	250       	-5830.75  	0         	
2.54456   	1500      	250       	-5799.05  	0         	
2.6532    	1500      	250       	-5763.26  	0         	
2.76973   	1500      	250       	-5771.51  	0         	
2.89003   	1500      	250       	-5758.34  	0         	
3.0025    	1500      	250       	-5722.43  	0         	
3.11519   	1500      	250       	-5716.57  	0         	
3.23394   	1500      	250       	-5724.01  	0         	
3.35774   	1500      	250       	-5743.94  	0         	
3.48383   	1500      	250       	-5743.77  	0         	
3.60134   	1500      	250       	-5745.66  	0         	
3.72223   	1500      	250       	-5722.46  	0         	
3.84856   	1500      	250       	-5724.22  	0         	
3.97735   	1500      	250       	-5714.18  	0         	
4.11385   	1500      	250       	-5685.36  	0         	
4.24151   	1500      	250       	-5674.81  	0         	
4.36734   	1500      	250       	-5685.73  	0         	
4.50092   	1500      	250       	-5709.97  	0         	
4.65141   	1500      	250       	-5716.64  	0         	
4.78287   	1500      	250       	-5710.26  	0         	
4.91223   	1500      	250       	-5714.49  	0         	
5.0562    	1500      	250       	-5724.88  	0         	
5.20683   	1500      	250       	-5734.05  	0         	
5.33489   	1500      	250       	-5738.89  	0         	
5.46898   	1500      	250       	-5734.68  	0         	
5.60402   	1500      	250       	-5728.31  	0         	
5.74768   	1500      	250       	-5724.6   	0         	
5.89684   	1500      	250       	-5711.1   	0         	
6.03382   	1500      	250       	-5708.06  	0         	
6.18203   	1500      	250       	-5704.59  	0         	
6.34352   	1500      	250       	-5701.78  	0         	
6.48064   	1500      	250       	-5696.53  	0         	
6.62512   	1500      	250       	-5688.93  	0         	
6.78537   	1500      	250       	-5678.83  	0         	
6.95752   	1500      	250       	-5668.37  	0         	
7.10977   	1500      	250       	-5674.63  	0         	
7.26818   	1500      	250       	-5695.46  	0         	
7.41292   	1500      	250       	-5726.61  	0         	
7.54815   	1500      	250       	-5754.5   	0         	
7.70093   	1500      	250       	-5784.8   	0         	
7.85903   	1500      	250       	-5799.99  	0         	
8.00633   	1500      	250       	-5799.37  	0         	
8.16531   	1500      	250       	-5794.14  	0         	
8.34598   	1500      	250       	-5776.28  	0         	
8.51997   	1500      	250       	-5750.17  	0         	
8.70603   	1500      	250       	-5709.3   	0         	
8.90744   	1500      	250       	-5665.09  	0         	
9.12148   	1500      	250       	-5622.28  	0         	
9.37207   	1500      	250       	-5586.15  	0         	
9.65827   	1500      	250       	-5565.24  	0         	
9.96989   	1500      	250       	-5562.07  	0         	
10.3047   	1500      	250       	-5561     	0         	
10.6753   	1500      	250       	-5552.77  	0         	
11.1095   	1500      	250       	-5560.58  	0         	
11.5809   	1500      	250       	-5601.76  	0         	
12.1563   	1500      	250       	-5695.15  	0         	
12.7119   	1500      	250       	-5809.1   	0         	
13.3267   	1500      	250       	-5954.48  	0         	
14.0581   	1500      	250       	-6160.65  	0         	
14.7904   	1500      	250       	-6394.06  	0         	
15.6211   	1500      	250       	-6660.95  	0         	
16.4748   	1500      	250       	-6944.68  	0         	
17.3257   	1500      	250       	-7237.33  	0         	
18.2304   	1500      	250       	-7547.5   	0         	
19.2416   	1500      	250       	-7877.72  	0         	
20.3818   	1500      	250       	-8229.39  	0         	
21.6362   	1500      	250       	-8578.58  	0         	
22.9336   	1500      	250       	-8909.69  	0         	
24.2805   	1500      	250       	-9238.92  	0         	
25.7402   	1500      	250       	-9576.41  	0         	
27.3552   	1500      	250       	-9923.35  	0         	
28.9586   	1500      	250       	-10231.8  	0         	
30.5112   	1500      	250       	-10500.5  	0         	
32.191    	1500      	250       	-10756.8  	0         	
33.8642   	1500      	250       	-10972.9  	0         	
35.6806   	1500      	250       	-11168.4  	0         	
37.5099   	1500      	250       	-11339.2  	0         	
39.3177   	1500      	250       	-11481.9  	0         	
41.1247   	1500      	250       	-11603.5  	0         	
42.8721   	1500      	250       	-11704.2  	0         	
44.8279   	1500      	250       	-11799.8  	0         	
46.7828   	1500      	250       	-11878.4  	0         	
48.6752   	1500      	250       	-11946.6  	0         	
50.4981   	1500      	250       	-12006.6  	0         	
52.4427   	1500      	250       	-12062.2  	0         	
54.6346   	1500      	250       	-12113.1  	0         	
56.8027   	1500      	250       	-12156.1  	0         	
58.8933   	1500      	250       	-12192.3  	0         	
61.329    	1500      	250       	-12230.7  	0         	
63.7798   	1500      	250       	-12264.5  	0         	
66.0895   	1500      	250       	-12290.7  	0         	
68.3067   	1500      	250       	-12313.4  	0         	
70.6159   	1500      	250       	-12335.5  	0         	
72.9752   	1500      	250       	-12356.2  	0         	
75.4252   	1500      	250       	-12374    	0         	
77.8498   	1500      	250       	-12389.7  	0         	
80.2148   	1500      	250       	-12405    	0         	
82.7145   	1500      	250       	-12421.1  	0         	
85.257    	1500      	250       	-12435.8  	0         	
87.7447   	1500      	250       	-12447.9  	0         	
90.1748   	1500      	250       	-12460.2  	0         	
92.7057   	1500      	250       	-12472.6  	0         	
95.15     	1500      	250       	-12484.3  	0         	
96.3453   	1500      	250       	-12488.8  	0         	
98.1236   	1500      	250       	-12495.7  	0         	
100       	1500      	250       	-12502.9  	0         	
