Results of block pressure and saturations for reservoir: RES1

BlockNo		P		T		Sg		So		Y[i]		X[i]
 t = 0       (days)
0           40.647      649.67      1               0               0.8             0.2             1e-020          1e-020          1e-020          0.8             0.2             1e-020          1e-020          1e-020          0.7             0.00341374      0.00723422      
1           40.647      70          1               0               0.8             0.2             1e-020          1e-020          1e-020          0.8             0.2             1e-020          1e-020          1e-020          0.7             0.00723422      0.00723422      
2           40.647      70          1               0               0.8             0.2             1e-020          1e-020          1e-020          0.8             0.2             1e-020          1e-020          1e-020          0.7             0.00723422      0.00723422      
3           40.647      70          1               0               0.8             0.2             1e-020          1e-020          1e-020          0.8             0.2             1e-020          1e-020          1e-020          0.7             0.00723422      0.00723422      
4           40.647      70          1               0               0.8             0.2             1e-020          1e-020          1e-020          0.8             0.2             1e-020          1e-020          1e-020          0.7             0.00723422      0.00723422      
5           40.647      70          1               0               0.8             0.2             1e-020          1e-020          1e-020          0.8             0.2             1e-020          1e-020          1e-020          0.7             0.00723422      0.00723422      
6           40.647      70          1               0               0.8             0.2             1e-020          1e-020          1e-020          0.8             0.2             1e-020          1e-020          1e-020          0.7             0.00723422      0.00723422      
7           40.647      70          1               0               0.8             0.2             1e-020          1e-020          1e-020          0.8             0.2             1e-020          1e-020          1e-020          0.7             0.00723422      0.00723422      
8           40.647      70          1               0               0.8             0.2             1e-020          1e-020          1e-020          0.8             0.2             1e-020          1e-020          1e-020          0.7             0.00723422      0.00723422      
9           40.647      70          1               0               0.8             0.2             1e-020          1e-020          1e-020          0.8             0.2             1e-020          1e-020          1e-020          0.7             0.00723422      0.00723422      
10          40.647      649.67      1               0               0.8             0.2             1e-020          1e-020          1e-020          0.8             0.2             1e-020          1e-020          1e-020          0.7             0.00341374      0.00723422      

 t = 2       (days)
0           30.1553     649.669     0.999889        0.000111311     0.0598651       3.82252e-010    0.707898        0.215024        0.0172123       0.000538776     2.06409e-012    0.00759483      0.0646665       0.9272          0.601259        0.00255002      0.0833077       
1           30.1019     149.141     0.832934        0.167066        0.0778832       6.89224e-007    0.920058        0.00205831      3.04388e-010    0.00176849      2.27983e-009    0.0243634       0.90023         0.0736381       0.7             0.00465448      0.250069        
2           30.0782     76.1689     0.999647        0.000353054     0.0780674       9.12889e-006    0.921746        0.000177475     1.27894e-013    0.00301399      2.91354e-008    0.0386546       0.956174        0.00215698      0.7             0.00530885      0.302361        
3           30.0651     70.3588     0.999993        6.53513e-006    0.0781994       4.21762e-005    0.921618        0.000140911     9.67276e-020    0.00317877      1.35067e-007    0.0404493       0.956372        2.49701e-009    0.7             0.00536727      0.304919        
4           30.0522     70.0172     1               2.48313e-007    0.0785368       0.000131827     0.921192        0.000139017     2.23629e-020    0.00320096      4.22181e-007    0.0405268       0.956272        5.93438e-010    0.7             0.00536853      0.304972        
5           30.0393     70.0014     1               3.75138e-009    0.0787758       0.000195861     0.920889        0.000138979     1.24694e-019    0.00320979      6.26991e-007    0.0405015       0.956288        3.3125e-009     0.7             0.00536635      0.304971        
6           30.0522     70.0172     1               2.48313e-007    0.0785368       0.000131827     0.921192        0.000139017     2.23629e-020    0.00320096      4.22181e-007    0.0405268       0.956272        5.93438e-010    0.7             0.00536853      0.304972        
7           30.0651     70.3588     0.999993        6.53513e-006    0.0781994       4.21762e-005    0.921618        0.000140911     9.67276e-020    0.00317877      1.35067e-007    0.0404493       0.956372        2.49701e-009    0.7             0.00536727      0.304919        
8           30.0782     76.1689     0.999647        0.000353054     0.0780674       9.12889e-006    0.921746        0.000177475     1.27894e-013    0.00301399      2.91354e-008    0.0386546       0.956174        0.00215698      0.7             0.00530885      0.302361        
9           30.1019     149.141     0.832934        0.167066        0.0778832       6.89224e-007    0.920058        0.00205831      3.04388e-010    0.00176849      2.27983e-009    0.0243634       0.90023         0.0736381       0.7             0.00465448      0.250069        
10          30.1553     649.669     0.999889        0.000111311     0.0598651       3.82252e-010    0.707898        0.215024        0.0172123       0.000538776     2.06409e-012    0.00759483      0.0646665       0.9272          0.601259        0.00255002      0.0833077       

 t = 10      (days)
0           30.1535     649.669     0.999939        6.07648e-005    0.0598309       2.43548e-032    0.708038        0.214917        0.0172135       0.000538433     1.31502e-034    0.00759583      0.0646306       0.927235        0.328623        0.00254985      0.0833059       
1           30.1243     315.246     0.445432        0.554568        0.0714801       6.10098e-026    0.845788        0.0827313       8.25059e-007    0.000843281     2.07172e-028    0.012076        0.90714         0.0799403       0.7             0.00365357      0.230215        
2           30.0473     142.492     0.889318        0.110682        0.0778317       3.93058e-020    0.920453        0.00171486      1.60584e-010    0.001837        1.25987e-022    0.0250523       0.927603        0.0455078       0.7             0.00469879      0.265705        
3           30.0362     86.2397     0.999392        0.000607878     0.0779463       1.84456e-018    0.921791        0.000263208     3.20383e-014    0.00275944      5.78719e-021    0.0356748       0.961328        0.000238102     0.7             0.00519937      0.302134        
4           30.0287     73.0183     0.999954        4.58594e-005    0.0779555       2.51686e-017    0.921887        0.000157076     4.10031e-021    0.00309074      8.02141e-020    0.0395484       0.957361        8.53083e-011    0.7             0.00533272      0.304455        
5           30.0216     70.9123     0.99999         9.77129e-006    0.077957        4.67749e-017    0.921899        0.0001443       1.23169e-021    0.00314869      1.49462e-019    0.0402216       0.95663         3.0372e-011     0.7             0.00535355      0.30481         
6           30.0287     73.0183     0.999954        4.58594e-005    0.0779555       2.51686e-017    0.921887        0.000157076     4.10031e-021    0.00309074      8.02142e-020    0.0395484       0.957361        8.53083e-011    0.7             0.00533272      0.304455        
7           30.0362     86.2397     0.999392        0.000607878     0.0779463       1.84456e-018    0.921791        0.000263208     3.20383e-014    0.00275944      5.7872e-021     0.0356748       0.961328        0.000238102     0.7             0.00519937      0.302134        
8           30.0473     142.492     0.889318        0.110682        0.0778317       3.93058e-020    0.920453        0.00171486      1.60584e-010    0.001837        1.25987e-022    0.0250523       0.927603        0.0455078       0.7             0.00469879      0.265705        
9           30.1243     315.246     0.445432        0.554568        0.0714801       6.10098e-026    0.845788        0.0827313       8.25059e-007    0.000843281     2.07172e-028    0.012076        0.90714         0.0799403       0.7             0.00365357      0.230215        
10          30.1535     649.669     0.999939        6.07648e-005    0.0598309       2.43548e-032    0.708038        0.214917        0.0172135       0.000538433     1.31503e-034    0.00759583      0.0646306       0.927235        0.328623        0.00254985      0.0833059       

 t = 60      (days)
0           30.0119     649.669     0.999999        1.43167e-006    0.0575026       2.20386e-070    0.717187        0.208007        0.0173037       0.000514894     1.18397e-072    0.00765579      0.0622799       0.929549        0.00858384      0.00253725      0.0831855       
1           30.0111     499.522     0.999199        0.000800623     0.0565029       1.59101e-068    0.734695        0.207875        0.000927091     0.000527341     7.34033e-071    0.00830596      0.189383        0.801784        0.694077        0.00294123      0.0955053       
2           30.0101     367.156     0.390683        0.609317        0.0569143       1.02165e-058    0.749498        0.193585        2.32088e-006    0.000591109     3.44546e-061    0.00940998      0.958465        0.0315342       0.69999         0.00342756      0.246277        
3           30.0045     266.802     0.503014        0.496986        0.0675998       2.49209e-045    0.896578        0.0358226       6.79061e-008    0.000899993     7.79619e-048    0.0142498       0.953183        0.0316671       0.7             0.00387764      0.259352        
4           30.002      205.335     0.990115        0.00988487      0.0686934       4.70577e-041    0.921735        0.00957172      2.44742e-009    0.00115681      1.42061e-043    0.0181598       0.965336        0.0153469       0.7             0.0042384       0.276312        
5           30.0015     184.723     0.998873        0.00112674      0.0685056       1.97725e-024    0.925688        0.00580616      1.55282e-014    0.00126985      5.83604e-027    0.0198163       0.978914        2.3062e-007     0.7             0.00437654      0.288845        
6           30.002      205.335     0.990115        0.00988487      0.0686934       1.96616e-024    0.921735        0.00957172      2.44742e-009    0.00115681      5.93559e-027    0.0181598       0.965336        0.0153469       0.7             0.0042384       0.276312        
7           30.0045     266.802     0.503014        0.496986        0.0675998       2.00623e-026    0.896578        0.0358226       6.79061e-008    0.000899993     6.27622e-029    0.0142498       0.953183        0.0316671       0.7             0.00387764      0.259352        
8           30.0101     367.156     0.390683        0.609317        0.0569143       4.30413e-028    0.749498        0.193585        2.32088e-006    0.000591109     1.45155e-030    0.00940998      0.958465        0.0315342       0.69999         0.00342756      0.246277        
9           30.0111     499.522     0.999199        0.000800623     0.0565029       1.49889e-028    0.734695        0.207875        0.000927091     0.000527341     6.9153e-031     0.00830596      0.189383        0.801784        0.694077        0.00294123      0.0955053       
10          30.0119     649.669     0.999999        1.43167e-006    0.0575026       2.20386e-070    0.717187        0.208007        0.0173037       0.000514894     1.18397e-072    0.00765579      0.0622799       0.929549        0.00858384      0.00253725      0.0831855       

 t = 120     (days)
0           30.0323     649.669     1               0               0.0366846       9.6619e-073     0.83269         0.126203        0.00442156      0.0366846       9.6619e-073     0.83269         0.126203        0.00442156      0.000128234     0.00253071      0.0828818       
1           30.0322     553.333     0.999698        0.000302112     0.0583137       1.29286e-074    0.727035        0.211587        0.00306442      0.000528939     6.27111e-077    0.00794463      0.122239        0.869288        0.618023        0.0027836       0.0895273       
2           30.0298     468.716     0.997747        0.00225321      0.0545598       1.20987e-074    0.697897        0.247146        0.000397081     0.0005239       5.43659e-077    0.00814172      0.305534        0.685801        0.698076        0.00305014      0.105399        
3           30.0275     401.25      0.388237        0.611763        0.0485433       1.04904e-064    0.637787        0.313666        3.48085e-006    0.000476607     3.62967e-067    0.00756935      0.975864        0.0160905       0.699933        0.0033165       0.249018        
4           30.0129     357.995     0.497935        0.502065        0.0583104       2.36541e-054    0.770363        0.171325        1.10725e-006    0.00061218      7.78048e-057    0.00975584      0.971119        0.0185133       0.699994        0.00346268      0.254425        
5           30.0055     343.083     0.930184        0.0698159       0.060517        2.86294e-020    0.801957        0.137525        4.75407e-007    0.000652242     9.20169e-023    0.0104026       0.976721        0.0122239       0.699997        0.00352079      0.260099        
6           30.0129     357.995     0.497935        0.502065        0.0583104       2.99771e-020    0.770363        0.171325        1.10725e-006    0.00061218      9.86027e-023    0.00975584      0.971119        0.0185133       0.699994        0.00346268      0.254425        
7           30.0275     401.25      0.388237        0.611763        0.0485433       4.69372e-021    0.637787        0.313666        3.48085e-006    0.000476607     1.62403e-023    0.00756935      0.975864        0.0160905       0.699933        0.0033165       0.249018        
8           30.0298     468.716     0.997747        0.00225321      0.0545598       2.56731e-022    0.697897        0.247146        0.000397081     0.0005239       1.15363e-024    0.00814172      0.305534        0.685801        0.698076        0.00305014      0.105399        
9           30.0322     553.333     0.999698        0.000302112     0.0583137       2.16476e-042    0.727035        0.211587        0.00306442      0.000528939     1.05003e-044    0.00794463      0.122239        0.869288        0.618023        0.0027836       0.0895273       
10          30.0323     649.669     1               0               0.0366846       9.66192e-073    0.83269         0.126203        0.00442156      0.0366846       9.66192e-073    0.83269         0.126203        0.00442156      0.000128234     0.00253071      0.0828818       

 t = 180     (days)
0           30.0358     649.668     1               0               0.0249828       5.58155e-073    0.94849         0.0264669       6.06683e-005    0.0249828       5.58155e-073    0.94849         0.0264669       6.06683e-005    1.48803e-006    0.00252561      0.0828818       
1           30.0358     584.456     0.999855        0.000145204     0.0587829       5.9766e-076     0.722633        0.212953        0.00563038      0.000528356     2.99059e-078    0.00779912      0.09755         0.894123        0.405925        0.00269958      0.087138        
2           30.0311     530.152     0.999526        0.000473674     0.0584468       4.81252e-076    0.727272        0.212406        0.00187443      0.000535753     2.28402e-078    0.00805046      0.147989        0.843425        0.667759        0.00285029      0.0918215       
3           30.0256     487.384     0.999101        0.00089883      0.0583182       4.67295e-076    0.72879         0.21221         0.000682353     0.000549703     2.13435e-078    0.00833113      0.216886        0.774234        0.695383        0.0029821       0.0978327       
4           30.0203     459.768     0.997495        0.00250475      0.057951        4.6401e-076     0.729548        0.212177        0.000323509     0.000559794     2.06792e-078    0.00856947      0.286599        0.704272        0.698758        0.00307408      0.104151        
5           30.0152     450.217     0.996473        0.00352657      0.0556334       6.09194e-043    0.702686        0.241449        0.00023131      0.0005437       2.68761e-045    0.008358        0.364011        0.627087        0.69922         0.00311209      0.111337        
6           30.0203     459.768     0.997495        0.00250475      0.057951        8.21531e-043    0.729548        0.212177        0.000323509     0.000559794     3.66126e-045    0.00856947      0.286599        0.704272        0.698758        0.00307408      0.104151        
7           30.0256     487.384     0.999101        0.00089883      0.0583182       6.78195e-044    0.72879         0.21221         0.000682353     0.000549703     3.09762e-046    0.00833113      0.216886        0.774234        0.695383        0.0029821       0.0978327       
8           30.0311     530.152     0.999526        0.000473674     0.0584468       5.26278e-059    0.727272        0.212406        0.00187443      0.000535753     2.49771e-061    0.00805046      0.147989        0.843425        0.667759        0.00285029      0.0918215       
9           30.0358     584.456     0.999855        0.000145204     0.0587829       6.19377e-076    0.722633        0.212953        0.00563038      0.000528356     3.09926e-078    0.00779912      0.09755         0.894123        0.405925        0.00269958      0.087138        
10          30.0358     649.668     1               0               0.0249828       5.58156e-073    0.94849         0.0264669       6.06683e-005    0.0249828       5.58156e-073    0.94849         0.0264669       6.06683e-005    1.48803e-006    0.00252561      0.0828818       

 t = 240     (days)
0           30.0541     649.668     1               0               0.0228627       5.09498e-073    0.970721        0.00641464      1.85962e-006    0.0228627       5.09498e-073    0.970721        0.00641464      1.85962e-006    4.46251e-008    0.00252643      0.0828818       
1           30.0541     604.029     0.999951        4.93682e-005    0.0589621       1.62644e-076    0.719806        0.213192        0.00803977      0.000528628     8.31259e-079    0.00773256      0.0853153       0.906423        0.167736        0.00265089      0.0858528       
2           30.0504     566.363     0.999763        0.000236852     0.0586343       8.36971e-077    0.724635        0.212754        0.00397652      0.000529784     4.11439e-079    0.00787688      0.111306        0.880288        0.53018         0.00274935      0.0884831       
3           30.0436     538.566     0.999606        0.000393884     0.058485        6.83852e-077    0.726761        0.212506        0.00224848      0.00053409      3.27235e-079    0.00800768      0.13817         0.853289        0.644042        0.00282688      0.0909491       
4           30.0356     521.068     0.999507        0.000493152     0.0584211       6.22558e-077    0.727661        0.212387        0.00153062      0.000538281     2.93071e-079    0.00810381      0.159858        0.8315          0.673411        0.0028778       0.0928614       
5           30.027      515.052     0.999477        0.000523023     0.0584032       9.55771e-055    0.727912        0.212351        0.00133442      0.000539896     4.4737e-057     0.00813836      0.168363        0.822959        0.679518        0.00289519      0.0936035       
6           30.0356     521.068     0.999507        0.000493152     0.0584211       1.07026e-054    0.727661        0.212387        0.00153062      0.000538281     5.0383e-057     0.00810381      0.159858        0.8315          0.673411        0.0028778       0.0928614       
7           30.0436     538.566     0.999606        0.000393884     0.058485        6.64824e-056    0.726761        0.212506        0.00224848      0.00053409      3.1813e-058     0.00800768      0.13817         0.853289        0.644042        0.00282688      0.0909491       
8           30.0504     566.363     0.999763        0.000236852     0.0586343       1.01245e-070    0.724635        0.212754        0.00397652      0.000529784     4.97702e-073    0.00787688      0.111306        0.880288        0.53018         0.00274935      0.0884831       
9           30.0541     604.029     0.999951        4.93682e-005    0.0589621       1.62645e-076    0.719806        0.213192        0.00803977      0.000528628     8.31261e-079    0.00773256      0.0853153       0.906423        0.167736        0.00265089      0.0858528       
10          30.0541     649.668     1               0               0.0228627       5.095e-073      0.970721        0.00641464      1.85962e-006    0.0228627       5.095e-073      0.970721        0.00641464      1.85962e-006    4.46251e-008    0.00252643      0.0828818       

 t = 300     (days)
0           30.0616     649.668     1               0               0.022358        4.9821e-073     0.976032        0.00161001      5.66313e-008    0.022358        4.9821e-073     0.976032        0.00161001      5.66313e-008    1.3511e-009     0.0025269       0.0828818       
1           30.0616     616.744     0.999989        1.10495e-005    0.0588298       1.05733e-076    0.71905         0.212082        0.0100381       0.000527038     5.48031e-079    0.00770778      0.0780376       0.913728        0.0429217       0.00261984      0.0850616       
2           30.0602     587.817     0.999891        0.000108964     0.0587439       2.68774e-077    0.72252         0.212746        0.00599021      0.000528069     1.35067e-079    0.00779601      0.095231        0.896445        0.310675        0.00269298      0.0869046       
3           30.0548     567.259     0.999782        0.000217929     0.0586118       1.67013e-077    0.724706        0.212635        0.00404688      0.000529509     8.21854e-080    0.00787583      0.110513        0.881082        0.497513        0.0027473       0.0884096       
4           30.0464     555         0.999717        0.000283302     0.0585493       1.29878e-077    0.725724        0.212559        0.00316801      0.000531014     6.3132e-080     0.00792796      0.121269        0.870272        0.572284        0.00278036      0.0894186       
5           30.0357     550.904     0.999696        0.000303742     0.0585318       2.34973e-067    0.726018        0.212536        0.00291412      0.000531511     1.13728e-069    0.00794435      0.125157        0.866367        0.591438        0.00279086      0.0897766       
6           30.0464     555         0.999717        0.000283302     0.0585493       3.01211e-067    0.725724        0.212559        0.00316801      0.000531014     1.46415e-069    0.00792796      0.121269        0.870272        0.572284        0.00278036      0.0894186       
7           30.0548     567.259     0.999782        0.000217929     0.0586118       3.86361e-068    0.724706        0.212635        0.00404688      0.000529509     1.90124e-070    0.00787583      0.110513        0.881082        0.497513        0.0027473       0.0884096       
8           30.0602     587.817     0.999891        0.000108964     0.0587439       2.68782e-077    0.72252         0.212746        0.00599021      0.000528069     1.35071e-079    0.00779601      0.095231        0.896445        0.310675        0.00269298      0.0869046       
9           30.0616     616.744     0.999989        1.10495e-005    0.0588298       1.05734e-076    0.71905         0.212082        0.0100381       0.000527038     5.48033e-079    0.00770778      0.0780376       0.913728        0.0429217       0.00261984      0.0850616       
10          30.0616     649.668     1               0               0.022358        4.98211e-073    0.976032        0.00161001      5.66313e-008    0.022358        4.98211e-073    0.976032        0.00161001      5.66313e-008    1.3511e-009     0.0025269       0.0828818       

 t = 400     (days)
0           30.0415     649.668     1               0               0.0222064       4.9483e-073     0.977628        0.000165727     1.78161e-010    0.0222064       4.9483e-073     0.977628        0.000165727     1.78161e-010    4.24778e-012    0.00252516      0.0828818       
1           30.0415     628.476     1               3.26243e-007    0.0533018       1.93421e-076    0.744134        0.190279        0.0122853       0.000476678     1.01409e-078    0.00795294      0.0649447       0.926626        0.00191128      0.00258782      0.0840083       
2           30.0414     608.603     0.999983        1.6922e-005     0.0584949       1.20641e-077    0.721683        0.211099        0.00872232      0.000523935     6.1931e-080     0.00774147      0.0818999       0.909835        0.0602497       0.00263811      0.0855246       
3           30.0397     592.785     0.999937        6.25584e-005    0.0586588       4.34023e-078    0.722501        0.212272        0.00656872      0.000526457     2.19084e-080    0.00777914      0.0917107       0.899984        0.187776        0.0026782       0.0865542       
4           30.0353     583.021     0.999896        0.00010442      0.0586561       2.54438e-078    0.723355        0.212507        0.0054812       0.000527362     1.27124e-080    0.00781028      0.0983502       0.893312        0.283462        0.00270327      0.0872275       
5           30.0277     579.757     0.99988         0.000120037     0.0586508       2.1088e-078     0.723636        0.212558        0.00515493      0.000527578     1.04984e-080    0.00781995      0.100685        0.890967        0.315332        0.00271121      0.0874601       
6           30.0353     583.021     0.999896        0.00010442      0.0586561       2.54439e-078    0.723355        0.212507        0.0054812       0.000527362     1.27124e-080    0.00781028      0.0983502       0.893312        0.283462        0.00270327      0.0872275       
7           30.0397     592.785     0.999937        6.25584e-005    0.0586588       4.34025e-078    0.722501        0.212272        0.00656872      0.000526457     2.19084e-080    0.00777914      0.0917107       0.899984        0.187776        0.0026782       0.0865542       
8           30.0414     608.603     0.999983        1.6922e-005     0.0584949       1.20641e-077    0.721683        0.211099        0.00872232      0.000523935     6.19311e-080    0.00774147      0.0818999       0.909835        0.0602497       0.00263811      0.0855246       
9           30.0415     628.476     1               3.26243e-007    0.0533018       1.93421e-076    0.744134        0.190279        0.0122853       0.000476678     1.01409e-078    0.00795294      0.0649447       0.926626        0.00191128      0.00258782      0.0840083       
10          30.0415     649.668     1               0               0.0222064       4.94831e-073    0.977628        0.000165727     1.78161e-010    0.0222064       4.94831e-073    0.977628        0.000165727     1.78161e-010    4.24778e-012    0.00252516      0.0828818       

 t = 500     (days)
0           30.0148     649.668     1               0               0.0221908       4.94483e-073    0.977792        1.73343e-005    2.8669e-013     0.0221908       4.94483e-073    0.977792        1.73343e-005    2.8669e-013     1.43523e-014    0.00252291      0.0828818       
1           30.0148     635.92      1               0               0.0332547       3.84195e-076    0.875671        0.0893431       0.00173155      0.0332547       3.84195e-076    0.875671        0.0893431       0.00173155      4.03784e-005    0.00255889      0.0836014       
2           30.0148     623.08      0.999999        9.94016e-007    0.0550089       2.15857e-077    0.738637        0.195128        0.011226        0.000491595     1.1241e-079     0.00789321      0.0688505       0.922765        0.00455538      0.00259885      0.0843798       
3           30.0146     612.24      0.999992        8.31177e-006    0.0579492       4.00642e-078    0.724391        0.208353        0.00930647      0.000518376     2.06274e-080    0.00775746      0.0788476       0.912877        0.0308177       0.00262646      0.0852465       
4           30.0135     604.94      0.99998         2.01273e-005    0.0584426       1.63937e-078    0.722561        0.210811        0.00818481      0.000523153     8.37454e-081    0.00774938      0.0837427       0.907985        0.0686664       0.00264478      0.0857384       
5           30.0108     602.377     0.999974        2.58897e-005    0.0585266       1.22297e-078    0.722375        0.211278        0.00782034      0.000524019     6.22985e-081    0.00775123      0.0853845       0.90634         0.0857604       0.00265104      0.0859075       
6           30.0135     604.94      0.99998         2.01273e-005    0.0584426       1.63937e-078    0.722561        0.210811        0.00818481      0.000523153     8.37456e-081    0.00774938      0.0837427       0.907985        0.0686664       0.00264478      0.0857384       
7           30.0146     612.24      0.999992        8.31177e-006    0.0579492       4.00642e-078    0.724391        0.208353        0.00930647      0.000518376     2.06274e-080    0.00775746      0.0788476       0.912877        0.0308177       0.00262646      0.0852465       
8           30.0148     623.08      0.999999        9.94016e-007    0.0550089       2.15857e-077    0.738637        0.195128        0.011226        0.000491595     1.1241e-079     0.00789321      0.0688505       0.922765        0.00455538      0.00259885      0.0843798       
9           30.0148     635.92      1               0               0.0332547       3.84196e-076    0.875671        0.0893431       0.00173155      0.0332547       3.84196e-076    0.875671        0.0893431       0.00173155      4.03784e-005    0.00255889      0.0836014       
10          30.0148     649.668     1               0               0.0221908       4.94484e-073    0.977792        1.73343e-005    2.8669e-013     0.0221908       4.94484e-073    0.977792        1.73343e-005    2.8669e-013     1.43523e-014    0.00252291      0.0828818       

 t = 800     (days)
0           30          649.668     1               0               0.022189        4.94443e-073    0.977811        1.98588e-008    1e-020          0.022189        4.94443e-073    0.977811        1.98588e-008    1e-020          3.55353e-021    0.00252166      0.0828818       
1           30          647.605     1               0               0.0230315       4.74739e-076    0.976634        0.000334126     6.09399e-010    0.0230315       4.74739e-076    0.976634        0.000334126     6.09399e-010    1.41215e-011    0.0025264       0.0836014       
2           30          645.743     1               0               0.02327         4.97559e-077    0.973111        0.0036191       4.17078e-007    0.02327         4.97559e-077    0.973111        0.0036191       4.17078e-007    9.47533e-009    0.00253079      0.083475        
3           30          644.265     1               0               0.0238125       1.26013e-077    0.964941        0.0112361       1.03274e-005    0.0238125       1.26013e-077    0.964941        0.0112361       1.03274e-005    2.33618e-007    0.00253447      0.0833219       
4           30          643.315     1               0               0.0245554       5.05903e-078    0.955629        0.0197659       4.95997e-005    0.0245554       5.05903e-078    0.955629        0.0197659       4.95997e-005    1.13386e-006    0.00253698      0.0833115       
5           30          642.988     1               0               0.0248353       3.63044e-078    0.952106        0.0229802       7.88791e-005    0.0248353       3.63044e-078    0.952106        0.0229802       7.88791e-005    1.83477e-006    0.00253786      0.0832977       
6           30          643.315     1               0               0.0245554       5.05904e-078    0.955629        0.0197659       4.95997e-005    0.0245554       5.05904e-078    0.955629        0.0197659       4.95997e-005    1.13386e-006    0.00253698      0.0833115       
7           30          644.265     1               0               0.0238125       1.26013e-077    0.964941        0.0112361       1.03274e-005    0.0238125       1.26013e-077    0.964941        0.0112361       1.03274e-005    2.33618e-007    0.00253447      0.0833219       
8           30          645.743     1               0               0.02327         4.9756e-077     0.973111        0.0036191       4.17078e-007    0.02327         4.9756e-077     0.973111        0.0036191       4.17078e-007    9.47533e-009    0.00253079      0.083475        
9           30          647.605     1               0               0.0230315       4.7474e-076     0.976634        0.000334126     6.09399e-010    0.0230315       4.7474e-076     0.976634        0.000334126     6.09399e-010    1.41215e-011    0.0025264       0.0836014       
10          30          649.668     1               0               0.022189        4.94444e-073    0.977811        1.98588e-008    1e-020          0.022189        4.94444e-073    0.977811        1.98588e-008    1e-020          3.55353e-021    0.00252166      0.0828818       

