Results for well: RES1_PROD.out in the reservoir: RES1_PROD.out

time	BHP	Temp	q(Gas)	q(Oil)
days	psi	F	Mscf/d	stb/d
0         	0         	-         	0         	0         	
0.125     	30        	70        	0.633487  	0         	
0.314589  	30        	70        	0.308993  	0         	
0.529869  	30        	70        	0.300387  	0         	
0.754374  	30        	70        	0.295512  	0         	
0.98386   	30        	70        	0.290688  	0         	
1.21714   	30        	70.0002   	0.285788  	0         	
1.45388   	30        	70.0004   	0.280845  	0         	
1.69406   	30        	70.0007   	0.27588   	0         	
1.93776   	30        	70.0012   	0.270907  	0         	
2         	30        	70.0014   	0.269666  	0         	
2.12462   	30        	70.0017   	0.267139  	0         	
2.31254   	30        	70.0024   	0.263381  	0         	
2.5405    	30        	70.0036   	0.258896  	0         	
2.78835   	30        	70.0053   	0.254105  	0         	
3.04652   	30        	70.0077   	0.249204  	0         	
3.31155   	30        	70.0108   	0.244266  	0         	
3.58253   	30        	70.015    	0.239317  	0         	
3.85947   	30        	70.0204   	0.234359  	0         	
4.14282   	30        	70.0274   	0.22939   	0         	
4.43325   	30        	70.0361   	0.224405  	0         	
4.73168   	30        	70.0472   	0.219394  	0         	
5.03929   	30        	70.061    	0.214346  	0         	
5.3576    	30        	70.0782   	0.209243  	0         	
5.68866   	30        	70.0997   	0.204071  	0         	
6.03488   	30        	70.1265   	0.198795  	0         	
6.39958   	30        	70.16     	0.193387  	0         	
6.78739   	30        	70.2023   	0.187801  	0         	
7.20497   	30        	70.2564   	0.181973  	0         	
7.66236   	30        	70.3268   	0.175804  	0         	
8.17609   	30        	70.4216   	0.169139  	0         	
8.77569   	30        	70.5557   	0.161706  	0         	
9.45184   	30        	70.7398   	0.153749  	0         	
10        	30        	70.9123   	0.147573  	0         	
10.5527   	30        	71.1111   	0.141603  	0         	
11.0774   	30        	71.3237   	0.136163  	0         	
11.5736   	30        	71.5467   	0.131214  	0         	
12.0478   	30        	71.7809   	0.126653  	0         	
12.5066   	30        	72.0277   	0.122395  	0         	
12.9551   	30        	72.2889   	0.118373  	0         	
13.3972   	30        	72.5662   	0.114541  	0         	
13.8359   	30        	72.8612   	0.110866  	0         	
14.2735   	30        	73.1756   	0.107322  	0         	
14.7117   	30        	73.511    	0.103892  	0         	
15.1522   	30        	73.8691   	0.10056   	0         	
15.5961   	30        	74.2517   	0.0973169 	0         	
16.0447   	30        	74.6605   	0.0941535 	0         	
16.4991   	30        	75.0975   	0.0910635 	0         	
16.9599   	30        	75.5646   	0.0880446 	0         	
17.4279   	30        	76.0634   	0.0850926 	1.17063e-007	
17.9036   	30        	76.5961   	0.0822058 	6.13718e-007	
18.3881   	30        	77.1648   	0.0793826 	1.11898e-006	
18.8821   	30        	77.7723   	0.0766211 	1.634e-006	
19.3869   	30        	78.4213   	0.0739197 	2.16016e-006	
19.9037   	30        	79.1155   	0.0712765 	2.69919e-006	
20.4339   	30        	79.8586   	0.06869   	3.25324e-006	
20.9793   	30        	80.6556   	0.0661584 	3.82504e-006	
21.5422   	30        	81.5121   	0.0636795 	4.41812e-006	
22.1254   	30        	82.4358   	0.0612511 	5.03729e-006	
22.7338   	30        	83.438    	0.0588649 	5.69001e-006	
23.3732   	30        	84.5333   	0.056512  	6.38591e-006	
24.0514   	30        	85.741    	0.054185  	7.13817e-006	
24.7799   	30        	87.0903   	0.0518693 	7.96695e-006	
25.5786   	30        	88.6299   	0.0495384 	8.90618e-006	
26.4357   	30        	90.3493   	0.0472663 	9.9574e-006	
27.2937   	30        	92.1353   	0.0451982 	1.10586e-005	
28.1316   	30        	93.939    	0.0433548 	1.21871e-005	
28.9445   	30        	95.7425   	0.0417107 	1.33366e-005	
29.7336   	30        	97.542    	0.0402269 	1.45063e-005	
30.503    	30        	99.3409   	0.0388614 	1.56962e-005	
31.2578   	30        	101.147   	0.0375727 	1.69051e-005	
32.0036   	30        	102.969   	0.0363242 	1.81303e-005	
32.7488   	30        	104.826   	0.0350776 	1.93715e-005	
33.5032   	30        	106.742   	0.0337956 	2.06271e-005	
34.2691   	30        	108.721   	0.0324563 	2.18792e-005	
35.056    	30        	110.789   	0.0310326 	2.31187e-005	
35.8761   	30        	112.98    	0.0295109 	2.43483e-005	
36.7444   	30        	115.335   	0.0278934 	2.55859e-005	
37.6774   	30        	117.906   	0.0261829 	2.68516e-005	
38.6929   	30        	120.746   	0.0243657 	2.8144e-005	
39.8094   	30        	123.915   	0.0224165 	2.94276e-005	
41.0592   	30        	127.513   	0.0203082 	3.06665e-005	
42.478    	30        	131.654   	0.0180728 	3.18687e-005	
44.101    	30        	136.451   	0.0158144 	3.31408e-005	
45.9671   	30        	142.032   	0.0136688 	3.4729e-005	
48.1162   	30        	148.521   	0.0117562 	3.70151e-005	
50.5826   	30        	156.022   	0.0101429 	4.0479e-005	
53.3891   	30        	164.589   	0.00883851	4.56831e-005	
56.5409   	30        	174.21    	0.00782659	5.33705e-005	
60        	30        	184.723   	0.00709796	6.4616e-005	
63.7631   	30        	196.061   	0.00664376	8.14295e-005	
67.7578   	30        	207.944   	0.00646649	0.000106748	
71.8995   	30        	220.066   	0.00655838	0.000144793	
76.1037   	30        	232.139   	0.00690131	0.00020117	
80.3214   	30        	244.001   	0.0074731 	0.000283314	
84.1022   	30        	254.424   	0.00816364	0.00038696	
87.3258   	30        	263.154   	0.00887424	0.000504671	
90.0693   	30        	270.47    	0.00955661	0.000631025	
92.4446   	30        	276.716   	0.0101948 	0.00076306	
94.5416   	30        	282.164   	0.0107856 	0.000899096	
96.425    	30        	287.002   	0.0113348 	0.00103848	
98.1457   	30        	291.376   	0.0118386 	0.00118024	
99.7337   	30        	295.375   	0.0122993 	0.0013236 	
101.21    	30        	299.059   	0.0127188 	0.00146777	
102.592   	30        	302.478   	0.0130991 	0.00161208	
103.893   	30        	305.669   	0.0134424 	0.00175594	
105.123   	30        	308.665   	0.0137511 	0.00189895	
106.293   	30        	311.492   	0.0140274 	0.00204078	
107.409   	30        	314.172   	0.0142733 	0.00218118	
108.479   	30        	316.722   	0.0144902 	0.0023199 	
109.506   	30        	319.156   	0.0146792 	0.00245652	
110.497   	30        	321.486   	0.0148418 	0.00259079	
111.454   	30        	323.725   	0.0149788 	0.00272255	
112.382   	30        	325.884   	0.0150908 	0.00285161	
113.287   	30        	327.975   	0.0151764 	0.00297752	
114.172   	30        	330.009   	0.0152316 	0.00309922	
115.044   	30        	332.002   	0.0152418 	0.00321382	
115.918   	30        	333.985   	0.0151327 	0.00330589	
116.837   	30        	336.06    	0.0145113 	0.00328988	
117.849   	30        	338.326   	0.0137144 	0.0032409 	
119.006   	30        	340.892   	0.014678  	0.00363911	
120       	30        	343.083   	0.015595  	0.00402989	
121.168   	30        	345.634   	0.0162918 	0.00442087	
122.412   	30        	348.325   	0.0168184 	0.00480998	
123.706   	30        	351.098   	0.0172829 	0.00524135	
125.041   	30        	353.928   	0.0177385 	0.00573221	
126.397   	30        	356.773   	0.0182013 	0.00628691	
127.655   	30        	359.389   	0.0186381 	0.00686452	
128.803   	30        	361.755   	0.0190437 	0.00745579	
129.859   	30        	363.913   	0.0194217 	0.00810246	
130.842   	30        	365.907   	0.0197779 	0.00878126	
131.769   	30        	367.775   	0.0201168 	0.00950066	
132.652   	30        	369.543   	0.0204418 	0.010272  	
133.501   	30        	371.231   	0.0207556 	0.0111086 	
134.324   	30        	372.859   	0.0210605 	0.0120267 	
135.127   	30        	374.439   	0.0213586 	0.0130464 	
135.918   	30        	375.985   	0.021651  	0.0141935 	
136.703   	30        	377.511   	0.0219395 	0.015502  	
137.489   	30        	379.029   	0.0222277 	0.0169606 	
138.281   	30        	380.552   	0.0225183 	0.0185197 	
139.085   	30        	382.09    	0.0228093 	0.0202664 	
139.908   	30        	383.654   	0.0231035 	0.0222367 	
140.759   	30        	385.262   	0.0234032 	0.0244737 	
141.649   	30        	386.936   	0.0237111 	0.0270439 	
142.597   	30        	388.707   	0.0240304 	0.0300856 	
143.571   	30        	390.514   	0.0243502 	0.033396  	
144.531   	30        	392.285   	0.0246573 	0.0367794 	
145.466   	30        	393.999   	0.0249477 	0.0401044 	
146.371   	30        	395.65    	0.0252204 	0.0432771 	
147.247   	30        	397.239   	0.0254752 	0.0462373 	
148.095   	30        	398.77    	0.0257123 	0.0489554 	
148.92    	30        	400.25    	0.0259313 	0.0514235 	
149.723   	30        	401.687   	0.0261301 	0.0536467 	
150.51    	30        	403.086   	0.0263015 	0.0556217 	
151.285   	30        	404.459   	0.0264255 	0.057311  	
152.064   	30        	405.831   	0.0264181 	0.0584964 	
152.89    	30        	407.276   	0.0259505 	0.0582724 	
153.973   	30        	409.153   	0.0256578 	0.0577124 	
155.009   	30        	410.933   	0.0266608 	0.0593883 	
155.923   	30        	412.492   	0.0275521 	0.0605826 	
156.774   	30        	413.937   	0.0280979 	0.0609569 	
157.603   	30        	415.334   	0.0284887 	0.0610075 	
158.426   	30        	416.714   	0.0288197 	0.060981  	
159.249   	30        	418.086   	0.0291294 	0.0609571 	
160.074   	30        	419.456   	0.0294309 	0.0609852 	
160.902   	30        	420.821   	0.0297279 	0.0611061 	
161.728   	30        	422.177   	0.0300209 	0.0613372 	
162.549   	30        	423.516   	0.0303073 	0.0617629 	
163.361   	30        	424.835   	0.030587  	0.0622908 	
164.161   	30        	426.13    	0.0308588 	0.0629058 	
164.949   	30        	427.397   	0.0311214 	0.0636001 	
165.723   	30        	428.636   	0.0313739 	0.0643647 	
166.481   	30        	429.844   	0.0316153 	0.0651905 	
167.225   	30        	431.024   	0.0318447 	0.0660807 	
167.952   	30        	432.172   	0.0320609 	0.0670261 	
168.663   	30        	433.29    	0.0322631 	0.0680125 	
169.358   	30        	434.378   	0.0324506 	0.069026  	
170.039   	30        	435.438   	0.0326225 	0.0700502 	
170.707   	30        	436.474   	0.0327765 	0.0710769 	
171.364   	30        	437.488   	0.0329063 	0.0720144 	
172.013   	30        	438.485   	0.0329922 	0.0727227 	
172.664   	30        	439.479   	0.0329422 	0.0728825 	
173.347   	30        	440.512   	0.0323222 	0.0708093 	
174.036   	30        	441.542   	0.0313583 	0.0670654 	
174.512   	30        	442.25    	0.0318649 	0.0670575 	
174.894   	30        	442.816   	0.0327331 	0.0681122 	
175.235   	30        	443.319   	0.0332943 	0.0687091 	
175.556   	30        	443.792   	0.0336417 	0.0689949 	
175.867   	30        	444.249   	0.0338664 	0.0691304 	
176.173   	30        	444.699   	0.0340212 	0.0692721 	
176.478   	30        	445.144   	0.0341343 	0.0695032 	
176.78    	30        	445.586   	0.0342232 	0.0697202 	
177.081   	30        	446.025   	0.0342977 	0.0699215 	
177.382   	30        	446.461   	0.0343626 	0.0700869 	
177.681   	30        	446.895   	0.0344211 	0.0702581 	
177.981   	30        	447.328   	0.0344702 	0.0703775 	
178.28    	30        	447.759   	0.0345037 	0.0700777 	
178.581   	30        	448.192   	0.0344947 	0.0687675 	
178.888   	30        	448.632   	0.034337  	0.0630489 	
179.224   	30        	449.112   	0.0334147 	0.0417906 	
179.74    	30        	449.847   	0.0338174 	0.0216876 	
180       	30        	450.217   	0.0347798 	0.0179825 	
180.759   	30        	451.289   	0.0358483 	0.0161992 	
182.97    	30        	454.362   	0.0367419 	0.0161136 	
189.26    	30        	462.679   	0.0387414 	0.0169721 	
199.26    	30        	474.887   	0.04189   	0.0183963 	
209.26    	30        	486.127   	0.0451213 	0.019876  	
219.26    	30        	496.439   	0.0484045 	0.0213971 	
229.26    	30        	505.859   	0.0517021 	0.0229441 	
239.26    	30        	514.423   	0.0549588 	0.0244926 	
240       	30        	515.052   	0.0552348 	0.024624  	
242.218   	30        	516.894   	0.0559818 	0.0249824 	
248.865   	30        	522.051   	0.0581068 	0.0260096 	
258.865   	30        	529.037   	0.0610209 	0.0274399 	
268.865   	30        	535.303   	0.06361   	0.0287375 	
278.865   	30        	540.909   	0.0657559 	0.0298442 	
288.865   	30        	545.919   	0.0673704 	0.030715  	
298.865   	30        	550.401   	0.068394  	0.0313178 	
300       	30        	550.904   	0.0685279 	0.0313957 	
303.405   	30        	552.351   	0.0687269 	0.0315337 	
313.405   	30        	556.179   	0.0688192 	0.031705  	
323.405   	30        	559.648   	0.0683369 	0.0316064 	
333.405   	30        	562.819   	0.0672912 	0.03124   	
343.405   	30        	565.748   	0.0657397 	0.0306305 	
353.405   	30        	568.483   	0.0637488 	0.0298076 	
363.405   	30        	571.067   	0.0613876 	0.0288026 	
373.405   	30        	573.536   	0.0587241 	0.0276468 	
383.405   	30        	575.92    	0.055822  	0.0263697 	
393.405   	30        	578.244   	0.0527392 	0.0249983 	
400       	30        	579.757   	0.0505913 	0.024035  	
410       	30        	582.024   	0.0473175 	0.0225571 	
420       	30        	584.274   	0.0439945 	0.0210463 	
430       	30        	586.518   	0.0406499 	0.0195153 	
440       	30        	588.764   	0.0373181 	0.0179792 	
450       	30        	591.016   	0.0340263 	0.0164508 	
460       	30        	593.276   	0.0307978 	0.0149419 	
470       	30        	595.545   	0.0276586 	0.0134656 	
480       	30        	597.821   	0.0246325 	0.0120337 	
490       	30        	600.1     	0.0217422 	0.0106576 	
500       	30        	602.377   	0.0190085 	0.00934777	
510       	30        	604.646   	0.0164505 	0.00811422	
520       	30        	606.897   	0.0140848 	0.00696585	
530       	30        	609.122   	0.0119244 	0.00591021	
540       	30        	611.311   	0.00997866	0.00495312	
550       	30        	613.454   	0.00825197	0.00409823	
560       	30        	615.541   	0.00674365	0.00334677	
570       	30        	617.563   	0.00545006	0.00269796	
580       	30        	619.512   	0.00435624	0.00214612	
590       	30        	621.382   	0.00344556	0.00168487	
600       	30        	623.167   	0.00270055	0.00130691	
610       	30        	624.863   	0.00210231	0.00100362	
620       	30        	626.47    	0.00162849	0.000764329	
630       	30        	627.986   	0.00126002	0.000579483	
640       	30        	629.412   	0.000981368	0.000440206	
650       	30        	630.752   	0.000766852	0.000334123	
660       	30        	632.007   	0.00060397	0.00025491	
670       	30        	633.183   	0.000484954	0.000196852	
680       	30        	634.284   	0.000399075	0.000145445	
690       	30        	635.315   	0.000331319	0.000104254	
700       	30        	636.277   	0.00027654	7.35867e-005	
710       	30        	637.176   	0.000231673	5.15077e-005	
720       	30        	638.015   	0.000194428	3.58495e-005	
730       	30        	638.798   	0.000163563	2.48949e-005	
740       	30        	639.528   	0.000137703	1.72495e-005	
750       	30        	640.209   	0.00011595	1.19311e-005	
760       	30        	640.845   	9.76036e-005	8.23972e-006	
770       	30        	641.437   	8.21056e-005	5.68189e-006	
780       	30        	641.99    	6.90045e-005	3.91202e-006	
790       	30        	642.506   	5.79295e-005	2.68902e-006	
800       	30        	642.988   	4.85719e-005	1.84509e-006	
