
 Simulation Finished Successfully 


 -------------------------- Performance Report -------------------------- 


 ------------ Mass Balance Error Report ------------- 

 OCIP     :	5.20634e+008	1.28718e+010	1.82714e+010	

 Residual :	5.17656e+008	1.28713e+010	1.82577e+010	
 Facilty  :	2.97814e+006	518895	1.37477e+007	

 MB_Error :	6.90725e-005	4.15341e-005	0.000634376	
 Rel_Error:	0%	0%	0%	


 Variable Type : -----------------  Natural Variables
 Number of Implicit levels: ------        1
                    ImpVar --- TransImpLvl --- CFL_Limit --- Percent
       Scheme 0 :     3             4             1           100%

 Linear solver choice : ----------        5
 Preconditioner choice : ---------       11
 Linear solver Tolerance : -------   1e-006

 Total running time: -------------       14 sec  ( 100 % )
   -Initialization time: ---------        0 sec  (   0 % )
   -Property Calc  time: ---------    1.622 sec  (  12 % )
   -Linearization  time: ---------    4.847 sec  (  35 % )
   -Newton Update  time: ---------    0.361 sec  (   3 % )
   -Solver running time: ---------    5.544 sec  (  40 % )
      --(B)ILU Pre fac time: -----    4.212 sec  (  30 % )
      --(B)ILU Pre slv time: -----    1.109 sec  (   8 % )
      --Pres dcpl time: ----------        0 sec  (   0 % )
      --Pres slv time: -----------        0 sec  (   0 % )
   -Timestep Calc  time: ---------        0 sec  (   0 % )
   -CFL No.  Calc  time: ---------        0 sec  (   0 % )


 Compositional simulation only:
 Initialization time for reservoir: ---------        0 sec
 Phase equilibrium running time: ------------        0 sec


 No. of timesteps: ---------------       15

 No. of Newton Iters : -----------      157
 No. of Waste Newton Iters : -----        0

 No. of Solver Iters : -----------      782
 No. of Waste Solver Iters : -----        0

 No. of Pres slvr iters : --------        0
 No. of Waste Pres slvr iters: ---        0

 Total elapsed = 14, steps = 15, Newton = 157, linear = 782

