Results for well: INJ in the reservoir: RES1

  t       BHP	     g(Oil)    q(Water)
(days)   (psia)    STB/day)  (STB/day)
0         5250.11     0           0         
1         6846.31     0           -6000     
2         7773.06     0           -6000     
3         8537.13     0           -6000     
4         9222.37     0           -6000     
5         9746.74     0           -6000     
6         10274.8     0           -6000     
7         10811.6     0           -6000     
8         11309       0           -6000     
9         11768.5     0           -6000     
10        12223.3     0           -6000     
11        12670.9     0           -6000     
12        13114.5     0           -6000     
13        13559.1     0           -6000     
14        13982.3     0           -6000     
15        14391.7     0           -6000     
16        14793.1     0           -6000     
17        15192.1     0           -6000     
18        15588.4     0           -6000     
19        15974.1     0           -6000     
20        16337.8     0           -6000     
21        16693.9     0           -6000     
22        17051.3     0           -6000     
23        17402.6     0           -6000     
24        17745.8     0           -6000     
25        18082.5     0           -6000     
26        18411.6     0           -6000     
27        18743.1     0           -6000     
28        19066.4     0           -6000     
29        19382.3     0           -6000     
30        19694.2     0           -6000     
31        20004       0           -6000     
32        20313.6     0           -6000     
33        20614.8     0           -6000     
34        20908.3     0           -6000     
35        21198.9     0           -6000     
36        21490       0           -6000     
37        21780.1     0           -6000     
38        22063.2     0           -6000     
39        22339.3     0           -6000     
40        22613.1     0           -6000     
41        22887.9     0           -6000     
42        23163.3     0           -6000     
43        23431.6     0           -6000     
44        23693.6     0           -6000     
45        23953.2     0           -6000     
46        24213.8     0           -6000     
47        24475.3     0           -6000     
48        24730.8     0           -6000     
49        24980.1     0           -6000     
50        25227       0           -6000     
51        25474.7     0           -6000     
52        25724       0           -6000     
53        25969.3     0           -6000     
54        26208.3     0           -6000     
55        26444.6     0           -6000     
56        26681.3     0           -6000     
57        26920.1     0           -6000     
58        27155.7     0           -6000     
59        27385.5     0           -6000     
60        27612.3     0           -6000     
61        27838.8     0           -6000     
62        28067.1     0           -6000     
63        28293.4     0           -6000     
64        28515.7     0           -6000     
65        28734.7     0           -6000     
66        28952.6     0           -6000     
67        29171.8     0           -6000     
68        29390.2     0           -6000     
69        29605.3     0           -6000     
70        29817.5     0           -6000     
71        30027.5     0           -6000     
72        30238.4     0           -6000     
73        30449.3     0           -6000     
74        30657.6     0           -6000     
75        30863.4     0           -6000     
76        31066.8     0           -6000     
77        31270.3     0           -6000     
78        31474.5     0           -6000     
79        31676.9     0           -6000     
80        31876.5     0           -6000     
81        32074.1     0           -6000     
82        32270.8     0           -6000     
83        32468.4     0           -6000     
84        32664.9     0           -6000     
85        32858.8     0           -6000     
86        33050.9     0           -6000     
87        33241.8     0           -6000     
88        33433       0           -6000     
89        33624.2     0           -6000     
90        33813.4     0           -6000     
91        34000.6     0           -6000     
92        34186.6     0           -6000     
93        34372       0           -6000     
94        34558       0           -6000     
95        34742.8     0           -6000     
96        34925.2     0           -6000     
97        35106.1     0           -6000     
98        35286.4     0           -6000     
99        35467.1     0           -6000     
100       35647.3     0           -6000     
101       35825.7     0           -6000     
102       36002.6     0           -6000     
103       36178.3     0           -6000     
104       36354       0           -6000     
105       36529.8     0           -6000     
106       36704.6     0           -6000     
107       36877.4     0           -6000     
108.003   37049.6     0           -6000     
109.011   37222       0           -6000     
110.018   37394.7     0           -6000     
111.018   37565.6     0           -6000     
112.021   37735.6     0           -6000     
113.036   37906       0           -6000     
114.06    38077       0           -6000     
115.091   38249.2     0           -6000     
116.115   38420.3     0           -6000     
117.141   38590.6     0           -6000     
118.169   38759.7     0           -6000     
119.212   38929.9     0           -6000     
120.263   39101.4     0           -6000     
121.313   39273       0           -6000     
122.355   39442.5     0           -6000     
123.396   39610.4     0           -6000     
124.459   39780.2     0           -6000     
125.53    39950.6     0           -6000     
126.604   40121.8     0           -6000     
127.669   40291.5     0           -6000     
128.741   40460.7     0           -6000     
129.822   40630       0           -6000     
130.912   40799.9     0           -6000     
132.009   40970.9     0           -6000     
133.099   41140.6     0           -6000     
134.194   41310.1     0           -6000     
135.293   41478.8     0           -6000     
136.403   41648.1     0           -6000     
137.522   41818.7     0           -6000     
138.632   41988.1     0           -6000     
139.746   42157       0           -6000     
140.864   42324.8     0           -6000     
141.994   42493.2     0           -6000     
143.133   42662.9     0           -6000     
144.265   42831.5     0           -6000     
145.399   42999.4     0           -6000     
146.536   43166.6     0           -6000     
147.686   43334.5     0           -6000     
148.846   43503.6     0           -6000     
149.999   43671.8     0           -6000     
151.154   43839.5     0           -6000     
152.313   44006.4     0           -6000     
153.485   44174.1     0           -6000     
154.666   44342.9     0           -6000     
155.838   44510.4     0           -6000     
157.015   44677.8     0           -6000     
158.198   44844.7     0           -6000     
159.392   45012.3     0           -6000     
160.593   45180.6     0           -6000     
161.784   45347.6     0           -6000     
162.986   45515       0           -6000     
164.194   45682.1     0           -6000     
165.411   45849.6     0           -6000     
166.631   46017.4     0           -6000     
167.841   46183.6     0           -6000     
169.055   46349.5     0           -6000     
170.287   46516.4     0           -6000     
171.526   46683.8     0           -6000     
172.764   46850.9     0           -6000     
173.992   47016.3     0           -6000     
175.223   47181.1     0           -6000     
176.473   47347.2     0           -6000     
177.734   47514.4     0           -6000     
178.987   47680.4     0           -6000     
180.244   47846.2     0           -6000     
181.507   48011.8     0           -6000     
182.782   48178       0           -6000     
184.062   48344.7     0           -6000     
185.332   48509.8     0           -6000     
186.609   48675       0           -6000     
187.902   48841.1     0           -6000     
189.203   49007.6     0           -6000     
190.499   49173.4     0           -6000     
191.789   49337.8     0           -6000     
193.085   49502       0           -6000     
194.398   49667.2     0           -6000     
195.718   49833.2     0           -6000     
197.028   49997.5     0           -6000     
198.35    50162.6     0           -6000     
199.683   50328.1     0           -6000     
201.025   50493.8     0           -6000     
202.36    50658.7     0           -6000     
203.69    50822.3     0           -6000     
205.027   50986       0           -6000     
206.38    51150.7     0           -6000     
207.74    51315.9     0           -6000     
209.089   51479.4     0           -6000     
210.446   51643.2     0           -6000     
211.821   51808.1     0           -6000     
213.204   51973.3     0           -6000     
214.578   52137.2     0           -6000     
215.952   52300.6     0           -6000     
217.338   52464.4     0           -6000     
218.736   52629       0           -6000     
220.133   52793.1     0           -6000     
221.519   52955.4     0           -6000     
222.913   53117.9     0           -6000     
224.327   53281.8     0           -6000     
225.748   53446       0           -6000     
227.155   53608.4     0           -6000     
228.573   53771.3     0           -6000     
230.009   53935.3     0           -6000     
231.454   54099.7     0           -6000     
232.885   54262.2     0           -6000     
234.324   54425       0           -6000     
235.777   54588.6     0           -6000     
237.24    54752.6     0           -6000     
238.693   54915.1     0           -6000     
240.146   55076.9     0           -6000     
241.612   55239.3     0           -6000     
243.092   55402.6     0           -6000     
244.567   55565       0           -6000     
246.034   55725.9     0           -6000     
247.513   55887.4     0           -6000     
249.011   56050.2     0           -6000     
250.508   56212.5     0           -6000     
251.992   56372.9     0           -6000     
253.487   56533.8     0           -6000     
255.004   56696.3     0           -6000     
256.523   56858.4     0           -6000     
258.027   57018.6     0           -6000     
259.544   57179.3     0           -6000     
261.082   57341.6     0           -6000     
262.622   57503.5     0           -6000     
264.146   57663.4     0           -6000     
265.684   57824       0           -6000     
267.243   57986       0           -6000     
268.803   58147.6     0           -6000     
270.347   58307.2     0           -6000     
271.905   58467.4     0           -6000     
273.484   58629.1     0           -6000     
275.064   58790.4     0           -6000     
276.627   58949.5     0           -6000     
278.204   59109.3     0           -6000     
279.805   59270.7     0           -6000     
281.403   59431.5     0           -6000     
282.985   59590.1     0           -6000     
284.581   59749.3     0           -6000     
286.202   59910.3     0           -6000     
287.817   60070.3     0           -6000     
289.423   60228.8     0           -6000     
291.046   60388.3     0           -6000     
292.689   60549.1     0           -6000     
294.321   60708.3     0           -6000     
295.954   60867.1     0           -6000     
297.605   61026.9     0           -6000     
299.272   61187.7     0           -6000     
300.919   61346.1     0           -6000     
302.581   61505.3     0           -6000     
304.263   61665.7     0           -6000     
305.95    61826.1     0           -6000     
307.614   61983.8     0           -6000     
309.296   62142.5     0           -6000     
310.999   62302.5     0           -6000     
312.699   62461.8     0           -6000     
314.38    62618.7     0           -6000     
316.077   62776.6     0           -6000     
317.8     62936.1     0           -6000     
319.51    63094.1     0           -6000     
321.223   63251.6     0           -6000     
322.955   63410.3     0           -6000     
324.701   63569.7     0           -6000     
326.425   63726.5     0           -6000     
328.168   63884.5     0           -6000     
329.932   64043.6     0           -6000     
331.691   64201.9     0           -6000     
333.432   64357.9     0           -6000     
335.189   64514.8     0           -6000     
336.973   64673.4     0           -6000     
338.739   64830       0           -6000     
340.515   64986.9     0           -6000     
342.315   65145.3     0           -6000     
344.118   65303.4     0           -6000     
345.896   65458.8     0           -6000     
347.693   65615.3     0           -6000     
349.516   65773.3     0           -6000     
351.324   65929.6     0           -6000     
353.134   66085.5     0           -6000     
354.967   66242.9     0           -6000     
356.81    66400.5     0           -6000     
358.626   66555.3     0           -6000     
360.463   66711.3     0           -6000     
362.324   66868.8     0           -6000     
364.17    67024.5     0           -6000     
366.018   67179.8     0           -6000     
367.893   67336.8     0           -6000     
369.773   67493.6     0           -6000     
371.626   67647.6     0           -6000     
373.498   67802.6     0           -6000     
375.398   67959.3     0           -6000     
377.277   68113.9     0           -6000     
379.175   68269.3     0           -6000     
381.094   68426       0           -6000     
383.007   68581.7     0           -6000     
384.901   68735.4     0           -6000     
386.815   68890       0           -6000     
388.751   69045.9     0           -6000     
390.662   69199.3     0           -6000     
392.597   69354.1     0           -6000     
394.555   69510.1     0           -6000     
396.495   69664.3     0           -6000     
398.44    69818.2     0           -6000     
400.412   69973.8     0           -6000     
402.383   70128.8     0           -6000     
404.33    70281.4     0           -6000     
406.298   70435.1     0           -6000     
408.289   70590.1     0           -6000     
410.254   70742.5     0           -6000     
412.243   70896.2     0           -6000     
414.257   71051.2     0           -6000     
416.248   71204       0           -6000     
418.261   71357.9     0           -6000     
420.294   71512.9     0           -6000     
422.315   71666.3     0           -6000     
424.324   71818.5     0           -6000     
426.366   71972.5     0           -6000     
428.409   72126.2     0           -6000     
430.427   72277.5     0           -6000     
432.468   72429.9     0           -6000     
434.53    72583.5     0           -6000     
436.566   72734.6     0           -6000     
438.627   72887       0           -6000     
440.712   73040.7     0           -6000     
442.771   73192       0           -6000     
444.856   73344.7     0           -6000     
446.964   73498.5     0           -6000     
449.047   73650       0           -6000     
451.154   73802.7     0           -6000     
453.28    73956.3     0           -6000     
455.388   74108       0           -6000     
457.499   74259.5     0           -6000     
459.64    74412.5     0           -6000     
461.769   74564.2     0           -6000     
463.888   74714.7     0           -6000     
466.043   74867.3     0           -6000     
468.192   75018.9     0           -6000     
470.325   75168.9     0           -6000     
472.491   75320.8     0           -6000     
474.66    75472.3     0           -6000     
476.808   75621.9     0           -6000     
478.986   75773.1     0           -6000     
481.173   75924.3     0           -6000     
483.336   76073.5     0           -6000     
485.529   76224.1     0           -6000     
487.735   76375.2     0           -6000     
489.914   76524       0           -6000     
492.123   76674.3     0           -6000     
494.348   76825.1     0           -6000     
496.545   76973.5     0           -6000     
498.772   77123.4     0           -6000     
501.015   77273.9     0           -6000     
503.231   77422.1     0           -6000     
505.478   77571.8     0           -6000     
507.74    77722       0           -6000     
509.977   77870.1     0           -6000     
512.245   78019.7     0           -6000     
514.526   78169.6     0           -6000     
516.785   78317.6     0           -6000     
519.078   78467.3     0           -6000     
521.377   78616.9     0           -6000     
523.657   78764.7     0           -6000     
525.979   78914.7     0           -6000     
528.297   79064       0           -6000     
530.606   79212.1     0           -6000     
532.956   79362.4     0           -6000     
535.291   79511.1     0           -6000     
537.635   79659.9     0           -6000     
540.011   79810.1     0           -6000     
542.361   79958.1     0           -6000     
544.744   80107.7     0           -6000     
547.146   80257.9     0           -6000     
549.511   80405.3     0           -6000     
551.909   80554.2     0           -6000     
554.326   80703.7     0           -6000     
556.706   80850.5     0           -6000     
559.122   80998.8     0           -6000     
561.549   81147.4     0           -6000     
563.951   81293.8     0           -6000     
566.398   81442.5     0           -6000     
568.839   81590.2     0           -6000     
571.285   81737.7     0           -6000     
573.77    81886.9     0           -6000     
576.224   82033.6     0           -6000     
578.72    82182.3     0           -6000     
581.23    82331.2     0           -6000     
583.7     82477.2     0           -6000     
586.209   82624.8     0           -6000     
588.726   82772.4     0           -6000     
591.221   82918.2     0           -6000     
593.77    83066.4     0           -6000     
596.297   83212.8     0           -6000     
598.858   83360.6     0           -6000     
601.439   83508.9     0           -6000     
603.979   83654.3     0           -6000     
606.562   83801.5     0           -6000     
609.15    83948.4     0           -6000     
611.723   84093.9     0           -6000     
614.348   84241.6     0           -6000     
616.942   84387       0           -6000     
619.583   84534.4     0           -6000     
622.235   84681.7     0           -6000     
624.84    84825.8     0           -6000     
627.503   84972.5     0           -6000     
630.152   85117.7     0           -6000     
632.835   85264.2     0           -6000     
635.539   85411.1     0           -6000     
638.199   85555       0           -6000     
640.91    85701.1     0           -6000     
643.613   85846       0           -6000     
646.34    85991.6     0           -6000     
649.095   86138       0           -6000     
651.806   86281.4     0           -6000     
654.572   86427       0           -6000     
657.324   86571.3     0           -6000     
660.111   86716.6     0           -6000     
662.919   86862.3     0           -6000     
665.672   87004.5     0           -6000     
668.499   87149.9     0           -6000     
671.298   87293.1     0           -6000     
674.159   87438.7     0           -6000     
677.016   87583.5     0           -6000     
679.85    87726.4     0           -6000     
682.739   87871.3     0           -6000     
685.584   88013.3     0           -6000     
688.493   88157.8     0           -6000     
691.382   88300.7     0           -6000     
694.314   88444.8     0           -6000     
697.256   88588.8     0           -6000     
700.164   88730.4     0           -6000     
703.135   88874.3     0           -6000     
706.057   89015       0           -6000     
709.055   89158.7     0           -6000     
712.023   89300.2     0           -6000     
715.06    89444.2     0           -6000     
718.083   89586.8     0           -6000     
721.1     89728.3     0           -6000     
724.156   89871       0           -6000     
727.161   90010.5     0           -6000     
730.244   90152.9     0           -6000     
733.273   90292       0           -6000     
736.39    90434.5     0           -6000     
739.466   90574.2     0           -6000     
742.619   90716.7     0           -6000     
745.743   90857.1     0           -6000     
748.914   90998.7     0           -6000     
752.079   91139.3     0           -6000     
755.247   91279.2     0           -6000     
758.443   91419.6     0           -6000     
761.612   91558       0           -6000     
764.838   91698.1     0           -6000     
768.015   91835.3     0           -6000     
771.27    91975.2     0           -6000     
774.453   92111.1     0           -6000     
777.737   92250.6     0           -6000     
780.949   92386.3     0           -6000     
784.275   92525.9     0           -6000     
787.528   92661.6     0           -6000     
790.888   92801       0           -6000     
794.175   92936.5     0           -6000     
797.568   93075.6     0           -6000     
800.887   93210.8     0           -6000     
804.312   93349.5     0           -6000     
807.659   93484.2     0           -6000     
811.115   93622.5     0           -6000     
814.487   93756.6     0           -6000     
817.972   93894.3     0           -6000     
821.365   94027.7     0           -6000     
824.878   94164.9     0           -6000     
828.295   94297.5     0           -6000     
831.831   94434       0           -6000     
835.277   94566.1     0           -6000     
838.827   94701.3     0           -6000     
842.308   94833.1     0           -6000     
845.876   94967.4     0           -6000     
849.414   95099.7     0           -6000     
853.009   95233.2     0           -6000     
856.61    95366.2     0           -6000     
860.23    95499       0           -6000     
863.901   95632.8     0           -6000     
867.537   95764.5     0           -6000     
871.283   95899.3     0           -6000     
874.92    96029.3     0           -6000     
878.683   96162.9     0           -6000     
882.335   96291.8     0           -6000     
886.087   96423.3     0           -6000     
889.813   96553.1     0           -6000     
893.575   96683.2     0           -6000     
897.392   96814.4     0           -6000     
900       96903.7     0           -6000     
