Results for well: RES1_INJ.out in the reservoir: RES1_INJ.out

time	BHP	Temp	q(Oil)	q(Water)
days	psi	F	stb/d	stb/d
0         	0         	-         	0         	0         	
0.0001    	6000      	70        	0         	-78.8574  	
0.000134346	6000      	70        	0         	-62.6543  	
0.000163104	6000      	70        	0         	-51.556   	
0.000190786	6000      	70        	0         	-42.7807  	
0.000219404	6000      	70        	0         	-35.9486  	
0.000251071	6000      	70        	0         	-29.7869  	
0.0002869 	6000      	70        	0         	-24.2379  	
0.000328315	6000      	70        	0         	-19.2877  	
0.000377267	6000      	70        	0         	-14.9499  	
0.00043655	6000      	70        	0         	-11.2542  	
0.000510322	6000      	70        	0         	-8.23455  	
0.000604956	6000      	70        	0         	-5.91232  	
0.000730444	6000      	70        	0         	-4.27329  	
0.000902654	6000      	70        	0         	-3.24329  	
0.00114243	6000      	70        	0         	-2.68401  	
0.00146868	6000      	70        	0         	-2.41381  	
0.00190173	6000      	70        	0         	-2.27254  	
0.00246291	6000      	70        	0         	-2.1707   	
0.00317511	6000      	70        	0         	-2.07394  	
0.00406473	6000      	70        	0         	-1.97392  	
0.00516484	6000      	70        	0         	-1.8707   	
0.00651954	6000      	70        	0         	-1.76603  	
0.00818925	6000      	70        	0         	-1.66146  	
0.0102576 	6000      	70        	0         	-1.55792  	
0.0128409 	6000      	70        	0         	-1.4559   	
0.0160717 	6000      	70        	0         	-1.35632  	
0.0200866 	6000      	70        	0         	-1.26277  	
0.0251007 	6000      	70        	0         	-1.17219  	
0.0314378 	6000      	70        	0         	-1.08535  	
0.0396022 	6000      	70        	0         	-1.00289  	
0.0504124 	6000      	70        	0         	-0.925334 	
0.0651067 	6000      	70        	0         	-1.01164  	
0.0835378 	6000      	70        	0         	-1.23273  	
0.100905  	6000      	70        	0         	-1.30461  	
0.118374  	6000      	70        	0         	-1.31389  	
0.137157  	6000      	70        	0         	-1.2928   	
0.158348  	6000      	70        	0         	-1.25846  	
0.183226  	6000      	70        	0         	-1.21068  	
0.213093  	6000      	70        	0         	-1.15618  	
0.249776  	6000      	70        	0         	-1.39184  	
0.286987  	6000      	70        	0         	-1.44134  	
0.327029  	6000      	70        	0         	-1.45056  	
0.370612  	6000      	70        	0         	-1.4255   	
0.418809  	6000      	70        	0         	-1.37901  	
0.473121  	6000      	70        	0         	-1.36623  	
0.535906  	6000      	70        	0         	-1.48863  	
0.603662  	6000      	70        	0         	-1.59471  	
0.67828   	6000      	70        	0         	-1.61743  	
0.75995   	6000      	70        	0         	-1.65176  	
0.852406  	6000      	70        	0         	-1.79552  	
0.954608  	6000      	70        	0         	-1.88515  	
1.06691   	6000      	70        	0         	-1.95422  	
1.18969   	6000      	70        	0         	-2.00994  	
1.32234   	6000      	70        	0         	-2.03395  	
1.46488   	6000      	70        	0         	-2.03882  	
1.61308   	6000      	70        	0         	-2.03862  	
1.76317   	6000      	70        	0         	-2.02981  	
1.91428   	6000      	70        	0         	-2.01108  	
2.06799   	6000      	70        	0         	-1.98573  	
2.22391   	6000      	70        	0         	-1.95606  	
2.38418   	6000      	70        	0         	-1.92276  	
2.54962   	6000      	70        	0         	-1.8883   	
2.72184   	6000      	70        	0         	-1.85545  	
2.90497   	6000      	70        	0         	-1.81769  	
3.1061    	6000      	70        	0         	-1.77508  	
3.33819   	6000      	70        	0         	-1.73501  	
3.60047   	6000      	70        	0         	-1.69134  	
3.89446   	6000      	70        	0         	-1.63752  	
4.24604   	6000      	70        	0         	-1.59309  	
4.64179   	6000      	70        	0         	-1.55321  	
5.09975   	6000      	70        	0         	-1.51045  	
5.61703   	6000      	70        	0         	-1.46474  	
6.20852   	6000      	70        	0         	-1.41561  	
6.87659   	6000      	70        	0         	-1.36673  	
7.63018   	6000      	70        	0         	-1.31431  	
8.48487   	6000      	70        	0         	-1.26071  	
9.45374   	6000      	70        	0         	-1.2001   	
10.4537   	6000      	70        	0         	-1.14823  	
11.4537   	6000      	70        	0         	-1.10266  	
12.4537   	6000      	70        	0         	-1.05967  	
13.4537   	6000      	70        	0         	-1.01804  	
14.4537   	6000      	70        	0         	-0.983432 	
15.4537   	6000      	70        	0         	-0.949316 	
16.4537   	6000      	70        	0         	-0.915203 	
17.4537   	6000      	70        	0         	-0.888127 	
18.4537   	6000      	70        	0         	-0.865177 	
19.4537   	6000      	70        	0         	-0.839509 	
20.4537   	6000      	70        	0         	-0.815495 	
21.4537   	6000      	70        	0         	-0.795562 	
22.4537   	6000      	70        	0         	-0.778307 	
23.4537   	6000      	70        	0         	-0.762236 	
24.4537   	6000      	70        	0         	-0.746542 	
25.4537   	6000      	70        	0         	-0.732835 	
26.4537   	6000      	70        	0         	-0.718922 	
27.4537   	6000      	70        	0         	-0.70849  	
28.4537   	6000      	70        	0         	-0.698931 	
29.4537   	6000      	70        	0         	-0.689596 	
30.4537   	6000      	70        	0         	-0.680933 	
31.4537   	6000      	70        	0         	-0.673062 	
32.4537   	6000      	70        	0         	-0.666667 	
33.4537   	6000      	70        	0         	-0.661226 	
34.4537   	6000      	70        	0         	-0.655759 	
35.4537   	6000      	70        	0         	-0.650275 	
36.4537   	6000      	70        	0         	-0.645222 	
37.4537   	6000      	70        	0         	-0.641082 	
38.4537   	6000      	70        	0         	-0.637591 	
39.4537   	6000      	70        	0         	-0.634912 	
40.4537   	6000      	70        	0         	-0.63288  	
41.4537   	6000      	70        	0         	-0.631267 	
42.4537   	6000      	70        	0         	-0.629552 	
43.4537   	6000      	70        	0         	-0.627676 	
44.4537   	6000      	70        	0         	-0.626176 	
45.4537   	6000      	70        	0         	-0.624949 	
46.4537   	6000      	70        	0         	-0.624226 	
47.4537   	6000      	70        	0         	-0.623271 	
48.4537   	6000      	70        	0         	-0.622473 	
49.4537   	6000      	70        	0         	-0.621268 	
50.4537   	6000      	70        	0         	-0.619946 	
51.4537   	6000      	70        	0         	-0.618536 	
52.4537   	6000      	70        	0         	-0.617169 	
53.4537   	6000      	70        	0         	-0.61627  	
54.4537   	6000      	70        	0         	-0.615312 	
55.4537   	6000      	70        	0         	-0.614327 	
56.4537   	6000      	70        	0         	-0.613269 	
57.4537   	6000      	70        	0         	-0.612266 	
58.4537   	6000      	70        	0         	-0.611212 	
59.4537   	6000      	70        	0         	-0.610211 	
60.4537   	6000      	70        	0         	-0.609027 	
61.4537   	6000      	70        	0         	-0.607754 	
62.4537   	6000      	70        	0         	-0.606543 	
63.4537   	6000      	70        	0         	-0.605226 	
64.4537   	6000      	70        	0         	-0.60396  	
65.4537   	6000      	70        	0         	-0.602678 	
66.4537   	6000      	70        	0         	-0.601253 	
67.4537   	6000      	70        	0         	-0.599625 	
68.4537   	6000      	70        	0         	-0.597898 	
69.4537   	6000      	70        	0         	-0.596088 	
70.4537   	6000      	70        	0         	-0.594168 	
71.4537   	6000      	70        	0         	-0.592109 	
72.4537   	6000      	70        	0         	-0.589961 	
73.4537   	6000      	70        	0         	-0.587633 	
74.4537   	6000      	70        	0         	-0.585316 	
75.4537   	6000      	70        	0         	-0.582852 	
76.4537   	6000      	70        	0         	-0.580237 	
77.4537   	6000      	70        	0         	-0.577558 	
78.4537   	6000      	70        	0         	-0.57485  	
79.4537   	6000      	70        	0         	-0.57225  	
80.4537   	6000      	70        	0         	-0.56954  	
81.4537   	6000      	70        	0         	-0.566709 	
82.4537   	6000      	70        	0         	-0.563805 	
83.4537   	6000      	70        	0         	-0.560747 	
84.4537   	6000      	70        	0         	-0.557525 	
85.4537   	6000      	70        	0         	-0.554302 	
86.4537   	6000      	70        	0         	-0.550993 	
87.4537   	6000      	70        	0         	-0.547562 	
88.4537   	6000      	70        	0         	-0.544063 	
89.4537   	6000      	70        	0         	-0.540481 	
90.4537   	6000      	70        	0         	-0.536808 	
91.4537   	6000      	70        	0         	-0.533101 	
92.4537   	6000      	70        	0         	-0.52938  	
93.4537   	6000      	70        	0         	-0.525729 	
94.4537   	6000      	70        	0         	-0.522145 	
95.4537   	6000      	70        	0         	-0.51864  	
96.4537   	6000      	70        	0         	-0.515182 	
97.4537   	6000      	70        	0         	-0.51179  	
98.4537   	6000      	70        	0         	-0.508467 	
99.4537   	6000      	70        	0         	-0.505203 	
100.454   	6000      	70        	0         	-0.502061 	
101.454   	6000      	70        	0         	-0.499001 	
102.454   	6000      	70        	0         	-0.495974 	
103.454   	6000      	70        	0         	-0.492997 	
104.454   	6000      	70        	0         	-0.490163 	
105.454   	6000      	70        	0         	-0.487467 	
106.454   	6000      	70        	0         	-0.484871 	
107.454   	6000      	70        	0         	-0.482326 	
108.454   	6000      	70        	0         	-0.479899 	
109.454   	6000      	70        	0         	-0.477542 	
110.454   	6000      	70        	0         	-0.475319 	
111.454   	6000      	70        	0         	-0.473229 	
112.454   	6000      	70        	0         	-0.471232 	
113.454   	6000      	70        	0         	-0.46933  	
114.454   	6000      	70        	0         	-0.467542 	
115.454   	6000      	70        	0         	-0.465825 	
116.454   	6000      	70        	0         	-0.464166 	
117.454   	6000      	70        	0         	-0.462556 	
118.454   	6000      	70        	0         	-0.461011 	
119.454   	6000      	70        	0         	-0.45952  	
120.454   	6000      	70        	0         	-0.458127 	
121.454   	6000      	70        	0         	-0.456836 	
122.454   	6000      	70        	0         	-0.45559  	
123.454   	6000      	70        	0         	-0.454407 	
124.454   	6000      	70        	0         	-0.453317 	
125.454   	6000      	70        	0         	-0.452251 	
126.454   	6000      	70        	0         	-0.451254 	
127.454   	6000      	70        	0         	-0.450327 	
128.454   	6000      	70        	0         	-0.449469 	
129.454   	6000      	70        	0         	-0.448678 	
130.454   	6000      	70        	0         	-0.447927 	
131.454   	6000      	70        	0         	-0.44727  	
132.454   	6000      	70        	0         	-0.446645 	
133.454   	6000      	70        	0         	-0.446068 	
134.454   	6000      	70        	0         	-0.445546 	
135.454   	6000      	70        	0         	-0.445089 	
136.454   	6000      	70        	0         	-0.444655 	
137.454   	6000      	70        	0         	-0.444244 	
138.454   	6000      	70        	0         	-0.443863 	
139.454   	6000      	70        	0         	-0.443503 	
140.454   	6000      	70        	0         	-0.443171 	
141.454   	6000      	70        	0         	-0.442876 	
142.454   	6000      	70        	0         	-0.442659 	
143.454   	6000      	70        	0         	-0.442468 	
144.454   	6000      	70        	0         	-0.442296 	
145.454   	6000      	70        	0         	-0.44214  	
146.454   	6000      	70        	0         	-0.442002 	
147.454   	6000      	70        	0         	-0.441896 	
148.454   	6000      	70        	0         	-0.441826 	
149.454   	6000      	70        	0         	-0.441767 	
150.454   	6000      	70        	0         	-0.441729 	
151.454   	6000      	70        	0         	-0.441707 	
152.454   	6000      	70        	0         	-0.441704 	
153.454   	6000      	70        	0         	-0.441753 	
154.454   	6000      	70        	0         	-0.441833 	
155.454   	6000      	70        	0         	-0.441933 	
156.454   	6000      	70        	0         	-0.44204  	
157.454   	6000      	70        	0         	-0.442147 	
158.454   	6000      	70        	0         	-0.442269 	
159.454   	6000      	70        	0         	-0.442397 	
160.454   	6000      	70        	0         	-0.442526 	
161.454   	6000      	70        	0         	-0.442659 	
162.454   	6000      	70        	0         	-0.442812 	
163.454   	6000      	70        	0         	-0.442972 	
164.454   	6000      	70        	0         	-0.443128 	
165.454   	6000      	70        	0         	-0.443303 	
166.454   	6000      	70        	0         	-0.443471 	
167.454   	6000      	70        	0         	-0.443643 	
168.454   	6000      	70        	0         	-0.443841 	
169.454   	6000      	70        	0         	-0.444041 	
170.454   	6000      	70        	0         	-0.444292 	
171.454   	6000      	70        	0         	-0.444579 	
172.454   	6000      	70        	0         	-0.444918 	
173.454   	6000      	70        	0         	-0.44529  	
174.454   	6000      	70        	0         	-0.445693 	
175.454   	6000      	70        	0         	-0.446109 	
176.454   	6000      	70        	0         	-0.446549 	
177.454   	6000      	70        	0         	-0.447012 	
178.454   	6000      	70        	0         	-0.447477 	
179.454   	6000      	70        	0         	-0.447946 	
180.454   	6000      	70        	0         	-0.448431 	
181.454   	6000      	70        	0         	-0.448917 	
182.454   	6000      	70        	0         	-0.449416 	
183.454   	6000      	70        	0         	-0.449935 	
184.454   	6000      	70        	0         	-0.450449 	
185.454   	6000      	70        	0         	-0.450958 	
186.454   	6000      	70        	0         	-0.451469 	
187.454   	6000      	70        	0         	-0.452001 	
188.454   	6000      	70        	0         	-0.452529 	
189.454   	6000      	70        	0         	-0.453067 	
190.454   	6000      	70        	0         	-0.453627 	
191.454   	6000      	70        	0         	-0.454206 	
192.454   	6000      	70        	0         	-0.454792 	
193.454   	6000      	70        	0         	-0.455386 	
194.454   	6000      	70        	0         	-0.45599  	
195.454   	6000      	70        	0         	-0.456641 	
196.454   	6000      	70        	0         	-0.457332 	
197.454   	6000      	70        	0         	-0.458026 	
198.454   	6000      	70        	0         	-0.458737 	
199.454   	6000      	70        	0         	-0.459457 	
200       	6000      	70        	0         	-0.459852 	
