
 Simulation Finished Successfully 


 -------------------------- Performance Report -------------------------- 


 ------------ Mass Balance Error Report ------------- 

 OCIP     :	3.4492e-019	3.4492e-019	34.492	

 Residual :	52.1557	6.36585e-026	2.56883e-015	
 Facilty  :	556.994	1.73398e-017	34.5297	
 Facilty  :	-609.23	0	0	

 MB_Error :	0.080523	-1.69949e-017	-0.0376998	
 Rel_Error:	##	##	0.1093%	


 ---- Total EoS counters ----
 flash iters SSI    =         13, flash iters Newton =          0
 Stab. iters SSI    =     112268, Stab. iters Newton =          0

 No of Satb for Oil =  1992, No of Satb for gas = 44391, No of flash =     6
 time of Satb for Oil = 0.034, time of Satb for gas = 0.656, time for flash = 0.007



Statistics of bypass stability analysis:
Total No:				 42699
Bypass No:				 0
Failed Pressure No:	 0
Failed Composition  No: 0

 Variable Type : -----------------  Natural Variables
 Number of Implicit levels: ------        1
                    ImpVar --- TransImpLvl --- CFL_Limit --- Percent
       Scheme 0 :     6             4             1           100%

 Linear solver choice : ----------        1
 Preconditioner choice : ---------        4
 Linear solver Tolerance : -------   0.0001

 Total running time: -------------       34 sec  ( 100 % )
   -Initialization time: ---------        0 sec  (   0 % )
   -Property Calc  time: ---------    1.411 sec  (   4 % )
   -Linearization  time: ---------    0.724 sec  (   2 % )
   -Newton Update  time: ---------     0.01 sec  (   0 % )
   -Solver running time: ---------   26.075 sec  (  77 % )
      --(B)ILU Pre fac time: -----        0 sec  (   0 % )
      --(B)ILU Pre slv time: -----        0 sec  (   0 % )
      --Pres dcpl time: ----------        0 sec  (   0 % )
      --Pres slv time: -----------        0 sec  (   0 % )
   -Timestep Calc  time: ---------    0.001 sec  (   0 % )
   -CFL No.  Calc  time: ---------        0 sec  (   0 % )


 Compositional simulation only:
 Initialization time for reservoir: ---------    0.008 sec
 Phase equilibrium running time: ------------    0.655 sec


 No. of timesteps: ---------------      163

 No. of Newton Iters : -----------      254
 No. of Waste Newton Iters : -----        5

 No. of Solver Iters : -----------        0
 No. of Waste Solver Iters : -----        0

 No. of Pres slvr iters : --------        0
 No. of Waste Pres slvr iters: ---        0

 Total elapsed = 34, steps = 163, Newton = 254, linear = 0

