 % Reservoir Output 
 % Unit for Total Component: B.O. ~ lb/day || Compositional ~ mol/day 

time	pres	temp	comp0	comp1	comp2	min0	min1	min2	
day	psi	F	**	**	**	
         0	   290.009	       573	3.4492e-019	3.4492e-019	34.492	0	0	0.0375877	
   0.00025	   291.078	       573	0.424857	3.42497e-019	34.2497	6.02668e-008	4.02372e-027	0.0375877	
0.000462352	   291.152	       573	0.527638	3.41733e-019	34.1733	1.21198e-007	7.43028e-027	0.0375877	
0.000912721	    291.35	       573	0.641626	3.40988e-019	34.0988	2.77408e-007	1.46305e-026	0.0375876	
0.00185461	   291.791	       573	0.808348	3.40074e-019	34.0074	6.85185e-007	2.96256e-026	0.0375874	
0.00384222	   292.527	       573	1.05673	3.38813e-019	33.8813	1.79395e-006	6.10817e-026	0.037587	
0.00789954	   293.632	       573	1.41273	3.37074e-019	33.7074	4.76711e-006	1.24753e-025	0.037586	
 0.0161889	   295.266	       573	1.92238	3.34654e-019	33.4654	1.2877e-005	2.5324e-025	0.0375833	
 0.0331339	   297.662	       573	2.6519	3.31264e-019	33.1264	3.52883e-005	5.11052e-025	0.0375758	
 0.0678044	   301.152	       573	3.69652	3.26489e-019	32.649	9.77565e-005	1.02357e-024	0.0375555	
       0.1	   303.751	       573	4.47806	3.22948e-019	32.2949	0.000166375	1.48894e-024	0.0375333	
   0.17569	   308.449	       573	5.86424	3.16721e-019	31.6725	0.000371528	2.5351e-024	0.0374674	
  0.341335	   315.978	       573	8.0622	3.06898e-019	30.6905	0.000960741	4.64348e-024	0.0372779	
  0.690152	   327.128	       573	11.3733	4.1744e-019	29.1726	0.00257013	3.52895e-019	0.0367562	
   1.42625	    341.78	       573	16.5007	2.44739e-018	26.4417	0.00680097	1.407e-017	0.0353468	
   2.42625	     353.1	       573	22.2193	4.92549e-018	22.7279	0.0134492	1.1741e-017	0.0330567	
         3	   357.607	       573	25.256	6.07571e-018	20.5718	0.0173494	1.05397e-017	0.0316593	
         4	   362.746	       573	30.0197	7.63006e-018	16.9126	0.0244639	8.79526e-018	0.0290008	
         5	   366.639	       573	34.2887	8.78934e-018	13.5348	0.0315885	7.3397e-018	0.0262195	
         6	   370.006	       573	38.0437	9.52997e-018	10.5523	0.0384916	6.12507e-018	0.0234134	
         7	   373.065	       573	41.2651	9.87083e-018	8.01463	0.0449704	5.11146e-018	0.0206726	
         8	   375.829	       573	43.9515	9.89848e-018	5.92676	0.0508739	4.26565e-018	0.0180695	
         9	   378.264	       573	46.1253	9.6647e-018	4.26452	0.0561115	3.55982e-018	0.0156556	
        10	   380.345	       573	47.8303	9.23507e-018	2.98429	0.0607519	2.96524e-018	0.0134529	
        11	   382.075	       573	49.1269	8.66529e-018	2.03075	0.0646802	2.47001e-018	0.0114836	
        12	   383.473	       573	50.0832	7.99085e-018	1.34396	0.0679407	2.05749e-018	0.00974844	
        13	   384.575	       573	50.7681	7.26176e-018	0.865449	0.0706001	1.71388e-018	0.00823785	
        14	   385.422	       573	51.245	6.51421e-018	0.542758	0.0727359	1.42767e-018	0.00693584	
        15	   386.058	       573	51.5685	5.77868e-018	0.331943	0.0744276	1.18926e-018	0.00582276	
        16	   386.524	       573	51.7828	5.07581e-018	0.198368	0.0757515	9.90674e-019	0.00487743	
        17	    386.86	       573	51.9217	4.42022e-018	0.116173	0.0767765	8.25238e-019	0.00407874	
        18	   387.097	       573	52.0101	3.82067e-018	0.0669649	0.077563	6.87443e-019	0.00340668	
        19	   387.261	       573	52.0656	3.28359e-018	0.0382194	0.0780828	5.78046e-019	0.00286826	
        20	   387.372	       573	52.0999	2.80364e-018	0.0218073	0.0784921	4.8606e-019	0.00241383	
        21	   387.447	       573	52.121	2.41271e-018	0.0126022	0.0788133	4.08724e-019	0.00203079	
        22	   387.497	       573	52.1339	2.06737e-018	0.00749731	0.0790646	3.43686e-019	0.0017082	
        23	    387.53	       573	52.1418	1.74546e-018	0.00467113	0.0792608	2.88996e-019	0.00143668	
        24	    387.55	       573	52.1465	1.73276e-018	0.0031297	0.0794895	2.31611e-019	0.00115189	
        25	   387.563	       573	52.1495	1.51843e-018	0.00223374	0.0796426	1.85628e-019	0.000923442	
        26	   387.572	       573	52.1514	1.35305e-018	0.00168284	0.0797449	1.48776e-019	0.000740248	
        27	   387.578	       573	52.1527	1.1949e-018	0.00131907	0.0798133	1.19244e-019	0.000593375	
        28	   387.582	       573	52.1535	1.06272e-018	0.00106062	0.079859	9.55758e-020	0.000475635	
        29	   387.584	       573	52.1541	9.76861e-019	0.000865297	0.0798895	7.6608e-020	0.000381255	
        30	   387.586	       573	52.1545	8.95163e-019	0.00071103	0.0799099	6.14071e-020	0.000305605	
        31	   387.587	       573	52.1548	8.11017e-019	0.000585817	0.0799235	4.9225e-020	0.000244967	
        32	   387.587	       573	52.155	7.24402e-019	0.000482663	0.0799326	3.94619e-020	0.000196363	
        33	   387.588	       573	52.1551	6.49672e-019	0.000397094	0.0799387	3.16371e-020	0.000157404	
        34	   387.588	       573	52.1552	5.73769e-019	0.000325961	0.0799428	2.53656e-020	0.000126176	
        35	   387.588	       573	52.1553	4.99306e-019	0.000266866	0.0799455	2.03389e-020	0.000101144	
        36	   387.588	       573	52.1554	4.37527e-019	0.000217875	0.0799474	1.63094e-020	8.10792e-005	
        37	   387.588	       573	52.1554	3.726e-019	0.000177386	0.0799486	1.30793e-020	6.49954e-005	
        38	   387.588	       573	52.1555	3.13498e-019	0.000144039	0.0799495	1.04896e-020	5.21025e-005	
        39	   387.588	       573	52.1555	2.60678e-019	0.000116675	0.0799501	8.41318e-021	4.17675e-005	
        40	   387.588	       573	52.1555	2.14395e-019	9.43039e-005	0.0799505	6.74811e-021	3.34826e-005	
        41	   387.588	       573	52.1556	1.74356e-019	7.60783e-005	0.0799508	5.41279e-021	2.68412e-005	
        42	   387.588	       573	52.1556	1.48602e-019	6.12777e-005	0.0799509	4.34183e-021	2.15173e-005	
        43	   387.588	       573	52.1556	1.20193e-019	4.92927e-005	0.0799511	3.48294e-021	1.72494e-005	
        44	   387.588	       573	52.1556	9.67391e-020	3.96111e-005	0.0799512	2.79399e-021	1.3828e-005	
        45	   387.588	       573	52.1556	7.75986e-020	3.1806e-005	0.0799512	2.24134e-021	1.10853e-005	
        46	   387.588	       573	52.1556	6.21459e-020	2.55239e-005	0.0799513	1.79801e-021	8.8866e-006	
        47	   387.588	       573	52.1556	4.97768e-020	2.04737e-005	0.0799513	1.44236e-021	7.124e-006	
        48	   387.588	       573	52.1556	3.99397e-020	1.64179e-005	0.0799514	1.15706e-021	5.711e-006	
        49	   387.588	       573	52.1556	3.21389e-020	1.31627e-005	0.0799514	9.28186e-022	4.57826e-006	
        50	   387.588	       573	52.1556	2.59464e-020	1.05515e-005	0.0799514	7.44587e-022	3.67019e-006	
        51	   387.588	       573	52.1556	2.09954e-020	8.45747e-006	0.0799514	5.9731e-022	2.94223e-006	
        52	   387.588	       573	52.1556	1.69913e-020	6.77864e-006	0.0799514	4.7917e-022	2.35866e-006	
        53	   387.588	       573	52.1556	1.37069e-020	5.43287e-006	0.0799514	3.84404e-022	1.89084e-006	
        54	   387.588	       573	52.1556	1.098e-020	4.35417e-006	0.0799514	3.08385e-022	1.5158e-006	
        55	   387.588	       573	52.1556	8.70258e-021	3.48961e-006	0.0799514	2.47403e-022	1.21515e-006	
        56	   387.588	       573	52.1556	6.80293e-021	2.79669e-006	0.0799514	1.98481e-022	9.74135e-007	
        57	   387.588	       573	52.1556	5.23483e-021	2.24135e-006	0.0799514	1.59231e-022	7.80921e-007	
        58	   387.588	       573	52.1556	3.96236e-021	1.79628e-006	0.0799514	1.27738e-022	6.2603e-007	
        59	   387.588	       573	52.1556	2.95164e-021	1.43958e-006	0.0799514	1.02469e-022	5.01861e-007	
        60	   387.588	       573	52.1556	2.16855e-021	1.15372e-006	0.0799514	8.21936e-023	4.0232e-007	
        61	   387.588	       573	52.1556	1.57576e-021	9.24619e-007	0.0799514	6.59245e-023	3.22522e-007	
        62	   387.588	       573	52.1556	1.13719e-021	7.41013e-007	0.0799514	5.2871e-023	2.58552e-007	
        63	   387.588	       573	52.1556	8.19102e-022	5.93866e-007	0.0799514	4.23985e-023	2.0727e-007	
        64	   387.588	       573	52.1556	5.91912e-022	4.75939e-007	0.0799514	3.39975e-023	1.66159e-007	
        65	   387.588	       573	52.1556	4.30944e-022	3.8143e-007	0.0799514	2.72591e-023	1.33202e-007	
        66	   387.588	       573	52.1556	3.17499e-022	3.05687e-007	0.0799514	2.18549e-023	1.06782e-007	
        67	   387.588	       573	52.1556	2.37117e-022	2.44985e-007	0.0799514	1.75211e-023	8.56025e-008	
        68	   387.588	       573	52.1556	1.79628e-022	1.96337e-007	0.0799514	1.40461e-023	6.86237e-008	
        69	   387.588	       573	52.1557	1.37972e-022	1.5735e-007	0.0799514	1.126e-023	5.50125e-008	
        70	   387.588	       573	52.1557	1.07225e-022	1.26104e-007	0.0799514	9.02625e-024	4.41011e-008	
        71	   387.588	       573	52.1557	8.40921e-023	1.01063e-007	0.0799514	7.23554e-024	3.53538e-008	
        72	   387.588	       573	52.1557	6.64348e-023	8.09942e-008	0.0799514	5.80002e-024	2.83416e-008	
        73	   387.588	       573	52.1557	5.27475e-023	6.49107e-008	0.0799514	4.64927e-024	2.27202e-008	
        74	   387.588	       573	52.1557	4.2033e-023	5.20211e-008	0.0799514	3.72681e-024	1.82137e-008	
        75	   387.588	       573	52.1557	3.35751e-023	4.1691e-008	0.0799514	2.98737e-024	1.46011e-008	
        76	   387.588	       573	52.1557	2.68593e-023	3.34122e-008	0.0799514	2.39464e-024	1.1705e-008	
        77	   387.588	       573	52.1557	2.1499e-023	2.67773e-008	0.0799514	1.91951e-024	9.3834e-009	
        78	   387.588	       573	52.1557	1.72199e-023	2.146e-008	0.0799514	1.53865e-024	7.52224e-009	
        79	   387.588	       573	52.1557	1.37966e-023	1.71986e-008	0.0799514	1.23336e-024	6.03023e-009	
        80	   387.588	       573	52.1557	1.10567e-023	1.37834e-008	0.0799514	9.88643e-025	4.83416e-009	
        81	   387.588	       573	52.1557	8.85712e-024	1.10463e-008	0.0799514	7.92481e-025	3.87532e-009	
        82	   387.588	       573	52.1557	7.09493e-024	8.85281e-009	0.0799514	6.35241e-025	3.10667e-009	
        83	   387.588	       573	52.1557	5.68034e-024	7.09486e-009	0.0799514	5.092e-025	2.49047e-009	
        84	   387.588	       573	52.1557	4.54742e-024	5.686e-009	0.0799514	4.08167e-025	1.9965e-009	
        85	   387.588	       573	52.1557	3.64162e-024	4.5569e-009	0.0799514	3.2718e-025	1.6005e-009	
        86	   387.588	       573	52.1557	2.91533e-024	3.65201e-009	0.0799514	2.62262e-025	1.28304e-009	
        87	   387.588	       573	52.1557	2.33415e-024	2.92681e-009	0.0799514	2.10225e-025	1.02856e-009	
        88	   387.588	       573	52.1557	1.8697e-024	2.34562e-009	0.0799514	1.68513e-025	8.24545e-010	
        89	   387.588	       573	52.1557	1.49752e-024	1.87984e-009	0.0799514	1.35077e-025	6.60999e-010	
        90	   387.588	       573	52.1557	1.19967e-024	1.50655e-009	0.0799514	1.08275e-025	5.29892e-010	
        91	   387.588	       573	52.1557	9.60923e-025	1.20738e-009	0.0799514	8.67917e-026	4.2479e-010	
        92	   387.588	       573	52.1557	7.70073e-025	9.67627e-010	0.0799514	6.95706e-026	3.40534e-010	
        93	   387.588	       573	52.1557	6.17189e-025	7.7548e-010	0.0799514	5.57666e-026	2.7299e-010	
        94	   387.588	       573	52.1557	4.94934e-025	6.21489e-010	0.0799514	4.47015e-026	2.18843e-010	
        95	   387.588	       573	52.1557	3.96897e-025	4.98076e-010	0.0799514	3.58319e-026	1.75436e-010	
        96	   387.588	       573	52.1557	3.18146e-025	3.99171e-010	0.0799514	2.87222e-026	1.40639e-010	
        97	   387.588	       573	52.1557	2.54988e-025	3.19905e-010	0.0799514	2.30232e-026	1.12743e-010	
        98	   387.588	       573	52.1557	2.04332e-025	2.5638e-010	0.0799514	1.8455e-026	9.03809e-011	
        99	   387.588	       573	52.1557	1.63753e-025	2.05469e-010	0.0799514	1.47932e-026	7.2454e-011	
       100	   387.588	       573	52.1557	1.31238e-025	1.64668e-010	0.0799514	1.1858e-026	5.80829e-011	
       101	   387.588	       573	52.1557	1.05209e-025	1.31969e-010	0.0799514	9.50512e-027	4.65623e-011	
       102	   387.588	       573	52.1557	8.42882e-026	1.05763e-010	0.0799514	7.61913e-027	3.73267e-011	
       103	   387.588	       573	52.1557	6.75078e-026	8.47612e-011	0.0799514	6.10736e-027	2.9923e-011	
       104	   387.588	       573	52.1557	5.40482e-026	6.79297e-011	0.0799514	4.89555e-027	2.39879e-011	
       105	   387.588	       573	52.1557	4.32949e-026	5.44405e-011	0.0799514	3.92418e-027	1.92299e-011	
       106	   387.588	       573	52.1557	3.46677e-026	4.363e-011	0.0799514	3.14555e-027	1.54157e-011	
       107	   387.588	       573	52.1557	2.77649e-026	3.49661e-011	0.0799514	2.52141e-027	1.2358e-011	
       108	   387.588	       573	52.1557	2.2218e-026	2.80227e-011	0.0799514	2.02112e-027	9.9068e-012	
       109	   387.588	       573	52.1557	1.78111e-026	2.24581e-011	0.0799514	1.62009e-027	7.9418e-012	
       110	   387.588	       573	52.1557	1.42729e-026	1.79985e-011	0.0799514	1.29863e-027	6.36655e-012	
       111	   387.588	       573	52.1557	1.1442e-026	1.44244e-011	0.0799514	1.04095e-027	5.10375e-012	
       112	   387.588	       573	52.1557	9.1589e-027	1.15601e-011	0.0799514	8.34408e-028	4.09142e-012	
       113	   387.588	       573	52.1557	8.22814e-021	9.26452e-012	0.0799514	6.68845e-028	3.27989e-012	
       114	   387.588	       573	52.1557	1.65073e-020	7.42481e-012	0.0799514	1.22623e-025	2.62933e-012	
       115	   387.588	       573	52.1557	1.65066e-020	5.95042e-012	0.0799514	3.46099e-025	2.1078e-012	
       116	   387.588	       573	52.1557	1.65031e-020	4.76882e-012	0.0799514	5.3274e-025	1.68972e-012	
       117	   387.588	       573	52.1557	1.64893e-020	3.82184e-012	0.0799514	6.90953e-025	1.35456e-012	
       118	   387.588	       573	52.1557	1.64469e-020	3.06292e-012	0.0799514	8.27677e-025	1.08589e-012	
       119	   387.588	       573	52.1557	1.63408e-020	2.4547e-012	0.0799514	9.48475e-025	8.70502e-013	
       120	   387.588	       573	52.1557	1.61176e-020	1.96726e-012	0.0799514	1.05731e-024	6.97838e-013	
       121	   387.588	       573	52.1557	1.57115e-020	1.57661e-012	0.0799514	1.15614e-024	5.59421e-013	
       122	   387.588	       573	52.1557	1.50593e-020	1.26353e-012	0.0799514	1.24449e-024	4.4846e-013	
       123	   387.588	       573	52.1557	1.41203e-020	1.01262e-012	0.0799514	1.31943e-024	3.59508e-013	
       124	   387.588	       573	52.1557	1.28928e-020	8.11542e-013	0.0799514	1.37618e-024	2.88199e-013	
       125	   387.588	       573	52.1557	1.14209e-020	6.50389e-013	0.0799514	1.4093e-024	2.31035e-013	
       126	   387.588	       573	52.1557	9.78891e-021	5.21238e-013	0.0799514	1.41416e-024	1.85209e-013	
       127	   387.588	       573	52.1557	8.10364e-021	4.17733e-013	0.0799514	1.38832e-024	1.48473e-013	
       128	   387.588	       573	52.1557	6.4733e-021	3.34781e-013	0.0799514	1.33231e-024	1.19023e-013	
       129	   387.588	       573	52.1557	4.98813e-021	2.68302e-013	0.0799514	1.24968e-024	9.54146e-014	
       130	   387.588	       573	52.1557	3.70847e-021	2.15023e-013	0.0799514	1.14636e-024	7.6489e-014	
       131	   387.588	       573	52.1557	2.66151e-021	1.72325e-013	0.0799514	1.02962e-024	6.13174e-014	
       132	   387.588	       573	52.1557	1.84533e-021	1.38105e-013	0.0799514	9.069e-025	4.9155e-014	
       133	   387.588	       573	52.1557	1.2372e-021	1.10681e-013	0.0799514	7.84858e-025	3.9405e-014	
       134	   387.588	       573	52.1557	8.0294e-022	8.87025e-014	0.0799514	6.68775e-025	3.1589e-014	
       135	   387.588	       573	52.1557	5.04994e-022	7.10883e-014	0.0799514	5.62293e-025	2.53233e-014	
       136	   387.588	       573	52.1557	3.08144e-022	5.69719e-014	0.0799514	4.67481e-025	2.03004e-014	
       137	   387.588	       573	52.1557	1.82644e-022	4.56586e-014	0.0799514	3.8509e-025	1.62737e-014	
       138	   387.588	       573	52.1557	1.05291e-022	3.65919e-014	0.0799514	3.14892e-025	1.30458e-014	
       139	   387.588	       573	52.1557	5.91138e-023	2.93257e-014	0.0799514	2.56017e-025	1.04582e-014	
       140	   387.588	       573	52.1557	3.23714e-023	2.35023e-014	0.0799514	2.07246e-025	8.38376e-015	
       141	   387.588	       573	52.1557	1.73219e-023	1.88353e-014	0.0799514	1.67229e-025	6.72082e-015	
       142	   387.588	       573	52.1557	9.07865e-024	1.50951e-014	0.0799514	1.34628e-025	5.38773e-015	
       143	   387.588	       573	52.1557	4.67599e-024	1.20976e-014	0.0799514	1.08209e-025	4.31906e-015	
       144	   387.588	       573	52.1557	2.37847e-024	9.69527e-015	0.0799514	8.68785e-026	3.46237e-015	
       145	   387.588	       573	52.1557	1.20388e-024	7.77003e-015	0.0799514	6.97024e-026	2.7756e-015	
       146	   387.588	       573	52.1557	6.13392e-025	6.22709e-015	0.0799514	5.58959e-026	2.22505e-015	
       147	   387.588	       573	52.1557	3.19854e-025	4.99054e-015	0.0799514	4.48109e-026	1.78371e-015	
       148	   387.588	       573	52.1557	1.74297e-025	3.99954e-015	0.0799514	3.59177e-026	1.4299e-015	
       149	   387.588	       573	52.1557	1.01331e-025	3.20533e-015	0.0799514	2.87863e-026	1.14628e-015	
       150	   387.588	       573	52.1557	6.36585e-026	2.56883e-015	0.0799514	2.30694e-026	9.1891e-016	
