Results for well: RES1_INJ.out in the reservoir: RES1_INJ.out

time	BHP	Temp	q(Gas)	q(Oil)	 q(Water)
days	psi	F	Mscf/d	stb/d	stb/d
0         	0         	-         	0         	0         	0         	
0.1       	600       	70        	-73.5434  	0         	0         	
0.38633   	600       	70        	-80.1198  	0         	0         	
0.585327  	600       	70        	-84.6597  	0         	0         	
0.869898  	600       	70        	-59.5519  	0         	0         	
1.51017   	600       	70        	-52.0879  	0         	0         	
2.19711   	600       	70        	-51.7098  	0         	0         	
3.04413   	600       	70        	-47.2234  	0         	0         	
4.77477   	600       	70        	-48.8776  	0         	0         	
6.37591   	600       	70        	-45.474   	0         	0         	
7.09468   	600       	70        	-31.8962  	0         	0         	
8.21031   	600       	70        	-27.8867  	0         	0         	
9.91492   	600       	70        	-31.3773  	0         	0         	
12.6788   	600       	70        	-29.979   	0         	0         	
17.4038   	600       	70        	-22.101   	0         	0         	
23.1611   	600       	70        	-25.9932  	0         	0         	
31.5681   	600       	70        	-20.1327  	0         	0         	
41.9411   	600       	70        	-21.6566  	0         	0         	
50        	600       	70        	-21.2761  	0         	0         	
52.8895   	600       	70        	-158.572  	0         	0         	
55.7031   	600       	70        	-203.606  	0         	0         	
59.0367   	600       	70        	-189.41   	0         	0         	
62.5331   	600       	70        	-167.483  	0         	0         	
66.2742   	600       	70        	-157.984  	0         	0         	
71.5966   	600       	70        	-172.007  	0         	0         	
79.307    	600       	70        	-196.872  	0         	0         	
88.2049   	600       	70        	-218.558  	0         	0         	
98.6057   	600       	70        	-233.367  	0         	0         	
100       	600       	70        	-232.952  	0         	0         	
103.444   	600       	70        	-150.211  	0         	0         	
109.615   	600       	70        	-113.497  	0         	0         	
118.726   	600       	70        	-104.715  	0         	0         	
130.942   	600       	70        	-102.202  	0         	0         	
149.736   	600       	70        	-101.441  	0         	0         	
179.736   	600       	70        	-101.119  	0         	0         	
209.736   	600       	70        	-100.938  	0         	0         	
239.736   	600       	70        	-100.807  	0         	0         	
269.736   	600       	70        	-100.686  	0         	0         	
299.736   	600       	70        	-100.58   	0         	0         	
329.736   	600       	70        	-100.497  	0         	0         	
359.736   	600       	70        	-100.425  	0         	0         	
389.736   	600       	70        	-100.364  	0         	0         	
419.736   	600       	70        	-100.314  	0         	0         	
449.736   	600       	70        	-100.267  	0         	0         	
479.736   	600       	70        	-100.228  	0         	0         	
500       	600       	70        	-100.211  	0         	0         	
501.875   	600       	70        	-134.259  	0         	0         	
503.893   	600       	70        	-176.387  	0         	0         	
507.672   	600       	70        	-213.827  	0         	0         	
514.77    	600       	70        	-221.289  	0         	0         	
525.123   	600       	70        	-215.459  	0         	0         	
539.469   	600       	70        	-210.55   	0         	0         	
560.186   	600       	70        	-205.99   	0         	0         	
590.186   	600       	70        	-203.108  	0         	0         	
620.186   	600       	70        	-202.148  	0         	0         	
650.186   	600       	70        	-201.372  	0         	0         	
680.186   	600       	70        	-200.855  	0         	0         	
710.186   	600       	70        	-200.6    	0         	0         	
740.186   	600       	70        	-200.468  	0         	0         	
770.186   	600       	70        	-200.366  	0         	0         	
800.186   	600       	70        	-200.309  	0         	0         	
830.186   	600       	70        	-200.311  	0         	0         	
860.186   	600       	70        	-200.213  	0         	0         	
890.186   	600       	70        	-200.172  	0         	0         	
920.186   	600       	70        	-200.144  	0         	0         	
950.186   	600       	70        	-200.122  	0         	0         	
980.186   	600       	70        	-200.104  	0         	0         	
1000      	600       	70        	-200.097  	0         	0         	
1001.88   	600       	70        	-237.558  	0         	0         	
1004.35   	600       	70        	-282.328  	0         	0         	
1008.89   	600       	70        	-317.348  	0         	0         	
1017.68   	600       	70        	-322.125  	0         	0         	
1031.03   	600       	70        	-317.139  	0         	0         	
1050.79   	600       	70        	-310.89   	0         	0         	
1078.91   	600       	70        	-306.992  	0         	0         	
1108.91   	600       	70        	-304.568  	0         	0         	
1138.91   	600       	70        	-303.593  	0         	0         	
1153.91   	600       	70        	-303.262  	0         	0         	
1183.91   	600       	70        	-302.86   	0         	0         	
1213.91   	600       	70        	-302.087  	0         	0         	
1243.91   	600       	70        	-301.379  	0         	0         	
1273.91   	600       	70        	-301.162  	0         	0         	
1303.91   	600       	70        	-300.909  	0         	0         	
1333.91   	600       	70        	-300.727  	0         	0         	
1363.91   	600       	70        	-300.587  	0         	0         	
1393.91   	600       	70        	-300.476  	0         	0         	
1423.91   	600       	70        	-300.261  	0         	0         	
1438.91   	600       	70        	-300.274  	0         	0         	
1468.91   	600       	70        	-300.242  	0         	0         	
1498.91   	600       	70        	-300.172  	0         	0         	
1528.91   	600       	70        	-300.107  	0         	0         	
1558.91   	600       	70        	-300.065  	0         	0         	
1588.91   	600       	70        	-300.015  	0         	0         	
1618.91   	600       	70        	-299.991  	0         	0         	
1648.91   	600       	70        	-299.973  	0         	0         	
1678.91   	600       	70        	-299.957  	0         	0         	
1708.91   	600       	70        	-299.942  	0         	0         	
1738.91   	600       	70        	-299.93   	0         	0         	
1768.91   	600       	70        	-299.921  	0         	0         	
1798.91   	600       	70        	-299.914  	0         	0         	
1828.91   	600       	70        	-299.908  	0         	0         	
1858.91   	600       	70        	-299.903  	0         	0         	
1888.91   	600       	70        	-299.898  	0         	0         	
1918.91   	600       	70        	-299.894  	0         	0         	
1948.91   	600       	70        	-299.891  	0         	0         	
1978.91   	600       	70        	-299.889  	0         	0         	
2000      	600       	70        	-299.886  	0         	0         	
2000.06   	600       	70        	-303.538  	0         	0         	
2000.19   	600       	70        	-317.74   	0         	0         	
2000.44   	600       	70        	-340.114  	0         	0         	
2000.92   	600       	70        	-365.595  	0         	0         	
2001.9    	600       	70        	-394.566  	0         	0         	
2004.16   	600       	70        	-429.528  	0         	0         	
2009.08   	600       	70        	-467.119  	0         	0         	
2017.4    	600       	70        	-504.012  	0         	0         	
2029.95   	600       	70        	-541.144  	0         	0         	
2046.17   	600       	70        	-577.077  	0         	0         	
2065.86   	600       	70        	-614.119  	0         	0         	
2089.64   	600       	70        	-649.669  	0         	0         	
2116.54   	600       	70        	-679.611  	0         	0         	
2146.54   	600       	70        	-704.911  	0         	0         	
2176.54   	600       	70        	-725.566  	0         	0         	
2206.54   	600       	70        	-743.401  	0         	0         	
2236.54   	600       	70        	-762.974  	0         	0         	
2266.54   	600       	70        	-782.512  	0         	0         	
2296.54   	600       	70        	-799.57   	0         	0         	
2326.54   	600       	70        	-813.51   	0         	0         	
2356.54   	600       	70        	-828.035  	0         	0         	
2386.54   	600       	70        	-840.786  	0         	0         	
2416.54   	600       	70        	-851.871  	0         	0         	
2446.54   	600       	70        	-860.889  	0         	0         	
2476.54   	600       	70        	-868.818  	0         	0         	
2506.54   	600       	70        	-875.329  	0         	0         	
2536.54   	600       	70        	-881.778  	0         	0         	
2566.54   	600       	70        	-888.572  	0         	0         	
2596.54   	600       	70        	-894.606  	0         	0         	
2626.54   	600       	70        	-899.915  	0         	0         	
2656.54   	600       	70        	-904.912  	0         	0         	
2686.54   	600       	70        	-909.542  	0         	0         	
2716.54   	600       	70        	-913.85   	0         	0         	
2746.54   	600       	70        	-918.092  	0         	0         	
2776.54   	600       	70        	-922.408  	0         	0         	
2806.54   	600       	70        	-926.471  	0         	0         	
2836.54   	600       	70        	-930.195  	0         	0         	
2866.54   	600       	70        	-933.748  	0         	0         	
2896.54   	600       	70        	-937.01   	0         	0         	
2926.54   	600       	70        	-940.131  	0         	0         	
2956.54   	600       	70        	-943.097  	0         	0         	
2986.54   	600       	70        	-945.876  	0         	0         	
3016.54   	600       	70        	-948.598  	0         	0         	
3046.54   	600       	70        	-951.327  	0         	0         	
3076.54   	600       	70        	-953.975  	0         	0         	
3106.54   	600       	70        	-956.519  	0         	0         	
3136.54   	600       	70        	-958.971  	0         	0         	
3166.54   	600       	70        	-961.397  	0         	0         	
3196.54   	600       	70        	-963.755  	0         	0         	
3226.54   	600       	70        	-966.029  	0         	0         	
3256.54   	600       	70        	-968.205  	0         	0         	
3286.54   	600       	70        	-970.365  	0         	0         	
3316.54   	600       	70        	-972.509  	0         	0         	
3346.54   	600       	70        	-974.555  	0         	0         	
3376.54   	600       	70        	-976.524  	0         	0         	
3406.54   	600       	70        	-978.436  	0         	0         	
3436.54   	600       	70        	-980.311  	0         	0         	
3466.54   	600       	70        	-982.14   	0         	0         	
3496.54   	600       	70        	-983.944  	0         	0         	
3526.54   	600       	70        	-985.708  	0         	0         	
3556.54   	600       	70        	-987.413  	0         	0         	
3586.54   	600       	70        	-989.134  	0         	0         	
3616.54   	600       	70        	-990.88   	0         	0         	
3646.54   	600       	70        	-992.592  	0         	0         	
3676.54   	600       	70        	-994.277  	0         	0         	
3706.54   	600       	70        	-995.863  	0         	0         	
3736.54   	600       	70        	-997.363  	0         	0         	
3766.54   	600       	70        	-998.798  	0         	0         	
3796.54   	600       	70        	-1000.18  	0         	0         	
3826.54   	600       	70        	-1001.51  	0         	0         	
3856.54   	600       	70        	-1002.78  	0         	0         	
3886.54   	600       	70        	-1003.96  	0         	0         	
3916.54   	600       	70        	-1005.07  	0         	0         	
3946.54   	600       	70        	-1006.12  	0         	0         	
3976.54   	600       	70        	-1007.13  	0         	0         	
4006.54   	600       	70        	-1008.09  	0         	0         	
4036.54   	600       	70        	-1009.01  	0         	0         	
4066.54   	600       	70        	-1009.89  	0         	0         	
4096.54   	600       	70        	-1010.72  	0         	0         	
4126.54   	600       	70        	-1011.52  	0         	0         	
4156.54   	600       	70        	-1012.28  	0         	0         	
4186.54   	600       	70        	-1013     	0         	0         	
4216.54   	600       	70        	-1013.69  	0         	0         	
4246.54   	600       	70        	-1014.34  	0         	0         	
4276.54   	600       	70        	-1014.95  	0         	0         	
4306.54   	600       	70        	-1015.53  	0         	0         	
4336.54   	600       	70        	-1016.08  	0         	0         	
4366.54   	600       	70        	-1016.59  	0         	0         	
4396.54   	600       	70        	-1017.08  	0         	0         	
4426.54   	600       	70        	-1017.56  	0         	0         	
4456.54   	600       	70        	-1018.01  	0         	0         	
4486.54   	600       	70        	-1018.44  	0         	0         	
4516.54   	600       	70        	-1018.86  	0         	0         	
4546.54   	600       	70        	-1019.27  	0         	0         	
4576.54   	600       	70        	-1019.66  	0         	0         	
4606.54   	600       	70        	-1020.04  	0         	0         	
4636.54   	600       	70        	-1020.41  	0         	0         	
4666.54   	600       	70        	-1020.77  	0         	0         	
4696.54   	600       	70        	-1021.12  	0         	0         	
4726.54   	600       	70        	-1021.46  	0         	0         	
4756.54   	600       	70        	-1021.79  	0         	0         	
4786.54   	600       	70        	-1022.12  	0         	0         	
4816.54   	600       	70        	-1022.43  	0         	0         	
4846.54   	600       	70        	-1022.74  	0         	0         	
4876.54   	600       	70        	-1023.04  	0         	0         	
4906.54   	600       	70        	-1023.34  	0         	0         	
4936.54   	600       	70        	-1023.62  	0         	0         	
4966.54   	600       	70        	-1023.91  	0         	0         	
4996.54   	600       	70        	-1024.19  	0         	0         	
5000      	600       	70        	-1024.22  	0         	0         	
5005.18   	600       	70        	-885.435  	0         	0         	
5015.07   	600       	70        	-820.222  	0         	0         	
5034.12   	600       	70        	-802.739  	0         	0         	
5064.12   	600       	70        	-800.178  	0         	0         	
5094.12   	600       	70        	-799.943  	0         	0         	
5124.12   	600       	70        	-799.924  	0         	0         	
5154.12   	600       	70        	-799.925  	0         	0         	
5184.12   	600       	70        	-799.928  	0         	0         	
5214.12   	600       	70        	-799.93   	0         	0         	
5244.12   	600       	70        	-799.933  	0         	0         	
5274.12   	600       	70        	-799.935  	0         	0         	
5304.12   	600       	70        	-799.938  	0         	0         	
5334.12   	600       	70        	-799.938  	0         	0         	
5364.12   	600       	70        	-799.94   	0         	0         	
5394.12   	600       	70        	-799.942  	0         	0         	
5424.12   	600       	70        	-799.945  	0         	0         	
5454.12   	600       	70        	-799.947  	0         	0         	
5484.12   	600       	70        	-799.948  	0         	0         	
5514.12   	600       	70        	-799.95   	0         	0         	
5544.12   	600       	70        	-799.952  	0         	0         	
5574.12   	600       	70        	-799.954  	0         	0         	
5604.12   	600       	70        	-799.955  	0         	0         	
5634.12   	600       	70        	-799.957  	0         	0         	
5664.12   	600       	70        	-799.958  	0         	0         	
5694.12   	600       	70        	-799.96   	0         	0         	
5724.12   	600       	70        	-799.961  	0         	0         	
5754.12   	600       	70        	-799.962  	0         	0         	
5784.12   	600       	70        	-799.964  	0         	0         	
5814.12   	600       	70        	-799.965  	0         	0         	
5844.12   	600       	70        	-799.966  	0         	0         	
5874.12   	600       	70        	-799.967  	0         	0         	
5904.12   	600       	70        	-799.968  	0         	0         	
5934.12   	600       	70        	-799.969  	0         	0         	
5964.12   	600       	70        	-799.97   	0         	0         	
5994.12   	600       	70        	-799.971  	0         	0         	
6000      	600       	70        	-799.973  	0         	0         	
