Results for well: MSWell_1_Seg.out in the reservoir: MSWell_1_Seg.out

  t       BHP	     q(Gas)       q(Oil)    q(Water)
(days)   (psia)    (MSCF/day)   (STB/day)  (STB/day)
0         5100        0           0           0         
 -------Segment BHP        Vm        Vsg        Vsw        alpha G        alpha O        alpha W
 -------Seg 0	 5100         0	0	 0	 0  1  0
 -------Seg 1	 -1           0	0	 0	 0  1  0
 -------Seg 2	 -1           0	0	 0	 0  1  0
 -------Seg 3	 -1           0	0	 0	 0  1  0
 -------Seg 4	 -1           0	0	 0	 0  1  0
 -------Seg 5	 -1           0	0	 0	 0  1  0
 -------Seg 6	 -1           0	0	 0	 0  1  0
 -------Seg 7	 -1           0	0	 0	 0  1  0
 -------Seg 8	 -1           0	0	 0	 0  1  0
 -------Seg 9	 -1           0	0	 0	 0  1  0
 -------Seg 10	 -1           0	0	 0	 0  1  0
 -------Seg 11	 -1           0	0	 0	 0  1  0
 -------Seg 12	 -1           0	0	 0	 0  1  0
 -------Seg 13	 -1           0	0	 0	 0  1  0
 -------Seg 14	 -1           0	0	 0	 0  1  0
 -------Seg 15	 -1           0	0	 0	 0  1  0
 -------Seg 16	 -1           0	0	 0	 0  1  0
 -------Seg 17	 -1           0	0	 0	 0  1  0
 -------Seg 18	 -1           0	0	 0	 0  1  0
 -------Seg 19	 -1           0	0	 0	 0  1  0
 -------Seg 20	 -1           0	0	 0	 0  1  0
 -------Seg 21	 -1           0	0	 0	 0  1  0
 -------Seg 22	 -1           0	0	 0	 0  1  0
 -------Seg 23	 -1           0	0	 0	 0  1  0
 -------Seg 24	 -1           0	0	 0	 0  1  0
 -------Seg 25	 -1           0	0	 0	 0  1  0
 -------Seg 26	 -1           0	0	 0	 0  1  0
 -------Seg 27	 -1           0	0	 0	 0  1  0
 -------Seg 28	 -1           0	0	 0	 0  1  0
 -------Seg 29	 -1           0	0	 0	 0  1  0
 -------Seg 30	 -1           0	0	 0	 0  1  0
 -------Seg 31	 -1           0	0	 0	 0  1  0
 -------Seg 32	 -1           0	0	 0	 0  1  0
 -------Seg 33	 -1           0	0	 0	 0  1  0
 -------Seg 34	 -1           0	0	 0	 0  1  0
 -------Seg 35	 -1           0	0	 0	 0  1  0
 -------Seg 36	 -1           0	0	 0	 0  1  0
 -------Seg 37	 -1           0	0	 0	 0  1  0
 -------Seg 38	 -1           0	0	 0	 0  1  0


0.01      5100        1764.7338   1534.55     476.614   
 -------Segment BHP        Vm        Vsg        Vsw        alpha G        alpha O        alpha W
 -------Seg 0	 5100         3.45289	0.00710008	 0.538392	 0.00205627  0.842018  0.155925
 -------Seg 1	 5100         1.38853	0.00284332	 0.265617	 0.00204771  0.806659  0.191293
 -------Seg 2	 5124.83      1.3863	0.00198287	 0.217835	 0.00143033  0.841436  0.157134
 -------Seg 3	 5149.65      1.38572	0.00191631	 0.217656	 0.0013829  0.841546  0.157071
 -------Seg 4	 5174.46      1.3852	0.00184433	 0.217469	 0.00133145  0.841675  0.156994
 -------Seg 5	 5199.26      1.38476	0.00176636	 0.217269	 0.00127557  0.841824  0.1569
 -------Seg 6	 5224.06      1.38439	0.00168179	 0.217056	 0.00121482  0.841997  0.156788
 -------Seg 7	 5248.85      1.38409	0.00158994	 0.216825	 0.00114873  0.842196  0.156655
 -------Seg 8	 5273.64      1.38386	0.00149009	 0.216572	 0.00107676  0.842424  0.156499
 -------Seg 9	 5298.44      1.3837	0.0013814	 0.216294	 0.000998343  0.842686  0.156316
 -------Seg 10	 5323.23      1.38361	0.001263	 0.215985	 0.000912833  0.842984  0.156103
 -------Seg 11	 5348.19      1.38359	0.00113388	 0.215642	 0.000819519  0.843324  0.155857
 -------Seg 12	 5353.64      0.646623	0.000995879	 0.102065	 0.00154012  0.840617  0.157843
 -------Seg 13	 5359.09      0.647148	0.000960717	 0.102045	 0.00148454  0.840832  0.157684
 -------Seg 14	 5364.55      0.64769	0.000917892	 0.101997	 0.00141718  0.841104  0.157478
 -------Seg 15	 5370.01      0.64825	0.000865735	 0.101914	 0.0013355  0.841451  0.157214
 -------Seg 16	 5375.49      0.648827	0.000802218	 0.101784	 0.00123641  0.841889  0.156875
 -------Seg 17	 5380.98      0.649422	0.000724873	 0.101596	 0.00111618  0.842444  0.15644
 -------Seg 18	 5386.47      0.650037	0.000630701	 0.10133	 0.000970253  0.843146  0.155884
 -------Seg 19	 5391.98      0.650672	0.000516054	 0.100968	 0.00079311  0.844032  0.155175
 -------Seg 20	 5397.49      0.651328	0.000376504	 0.100481	 0.000578057  0.845152  0.15427
 -------Seg 21	 5403.08      0.652005	0.000206664	 0.0998341	 0.000316967  0.846564  0.153119
 -------Seg 22	 5139.3       2.06057	4.34766e-010	 0.344087	 2.10992e-010  0.833014  0.166986
 -------Seg 23	 5178.62      2.05933	4.76716e-010	 0.345748	 2.31491e-010  0.832106  0.167894
 -------Seg 24	 5217.97      2.05809	5.24656e-010	 0.346163	 2.54925e-010  0.831804  0.168196
 -------Seg 25	 5273.64      2.05633	5.25752e-010	 0.376275	 2.55675e-010  0.817016  0.182984
 -------Seg 26	 5328.39      2.05484	1.08678e-009	 0.325736	 5.28888e-010  0.841478  0.158522
 -------Seg 27	 5383.12      2.05349	1.01989e-009	 0.325775	 4.96664e-010  0.841356  0.158644
 -------Seg 28	 5438.31      2.05228	9.54969e-010	 0.325839	 4.65321e-010  0.841231  0.158769
 -------Seg 29	 5442.6       0.573403	9.01106e-010	 0.0910113	 1.5715e-009  0.841279  0.158721
 -------Seg 30	 5446.91      0.574066	7.11045e-010	 0.0911472	 1.23861e-009  0.841225  0.158775
 -------Seg 31	 5451.22      0.574741	5.36398e-010	 0.0912929	 9.33287e-010  0.841158  0.158842
 -------Seg 32	 5455.55      0.575427	3.83058e-010	 0.0914508	 6.65694e-010  0.841073  0.158927
 -------Seg 33	 5459.88      0.576124	2.55385e-010	 0.091624	 4.43282e-010  0.840965  0.159035
 -------Seg 34	 5464.23      0.576834	1.55715e-010	 0.0918167	 2.69948e-010  0.840826  0.159174
 -------Seg 35	 5468.59      0.577554	8.4019e-011	 0.0920342	 1.45474e-010  0.840649  0.159351
 -------Seg 36	 5472.96      0.578287	3.78223e-011	 0.0922834	 6.5404e-011  0.840419  0.159581
 -------Seg 37	 5477.35      0.579031	1.24759e-011	 0.0925733	 2.15461e-011  0.840124  0.159876
 -------Seg 38	 5481.8       0.579787	1.8661e-012	 0.0929158	 3.2186e-012  0.839741  0.160259


0.11      5100        1785.0604   1552.23     445.368   
 -------Segment BHP        Vm        Vsg        Vsw        alpha G        alpha O        alpha W
 -------Seg 0	 5100         3.46992	0.00547851	 0.514705	 0.00157886  0.850088  0.148334
 -------Seg 1	 5100         1.40221	0.00171973	 0.225992	 0.00122644  0.837606  0.161168
 -------Seg 2	 5124.84      1.39989	0.000288253	 0.178492	 0.000205911  0.872289  0.127505
 -------Seg 3	 5149.66      1.39934	0.000269892	 0.177957	 0.000192871  0.872635  0.127172
 -------Seg 4	 5174.46      1.39879	0.000252092	 0.177416	 0.000180222  0.872985  0.126835
 -------Seg 5	 5199.25      1.39824	0.000234915	 0.176871	 0.000168007  0.873337  0.126495
 -------Seg 6	 5224.02      1.3977	0.000218425	 0.176321	 0.000156275  0.873692  0.126151
 -------Seg 7	 5248.78      1.39715	0.000202693	 0.175768	 0.000145076  0.87405  0.125805
 -------Seg 8	 5273.52      1.3966	0.000187798	 0.175211	 0.000134468  0.87441  0.125455
 -------Seg 9	 5298.25      1.39605	0.000173828	 0.17465	 0.000124514  0.874773  0.125103
 -------Seg 10	 5322.96      1.39551	0.000160876	 0.174087	 0.000115282  0.875137  0.124748
 -------Seg 11	 5347.81      1.39496	0.000149045	 0.173521	 0.000106846  0.875502  0.124391
 -------Seg 12	 5353.43      0.665154	0.000138852	 0.0802105	 0.000208751  0.879202  0.120589
 -------Seg 13	 5359.04      0.665099	0.000119998	 0.0795521	 0.000180422  0.88021  0.119609
 -------Seg 14	 5364.66      0.665044	0.000101546	 0.0788792	 0.000152691  0.88124  0.118608
 -------Seg 15	 5370.26      0.664988	8.36684e-005	 0.0781922	 0.000125819  0.88229  0.117584
 -------Seg 16	 5375.87      0.664933	6.65784e-005	 0.0774919	 0.000100128  0.883359  0.116541
 -------Seg 17	 5381.46      0.664877	5.05365e-005	 0.0767791	 7.60087e-005  0.884445  0.115479
 -------Seg 18	 5387.06      0.664821	3.58611e-005	 0.0760554	 5.3941e-005  0.885546  0.1144
 -------Seg 19	 5392.65      0.664764	2.29412e-005	 0.0753224	 3.45103e-005  0.886659  0.113307
 -------Seg 20	 5398.23      0.664707	1.22513e-005	 0.0745826	 1.84311e-005  0.887778  0.112204
 -------Seg 21	 5403.88      0.664649	4.3694e-006	 0.0738394	 6.574e-006  0.888898  0.111095
 -------Seg 22	 5139.51      2.06394	7.11093e-011	 0.358744	 3.44531e-011  0.826185  0.173815
 -------Seg 23	 5179.07      2.06269	7.21767e-011	 0.361919	 3.49916e-011  0.82454  0.17546
 -------Seg 24	 5218.64      2.06143	7.30356e-011	 0.362099	 3.54296e-011  0.824346  0.175654
 -------Seg 25	 5274.78      2.05965	6.72802e-011	 0.392891	 3.26657e-011  0.809244  0.190756
 -------Seg 26	 5329.87      2.05791	8.69349e-011	 0.336179	 4.22442e-011  0.836641  0.163359
 -------Seg 27	 5384.92      2.05617	7.96336e-011	 0.336208	 3.8729e-011  0.836488  0.163512
 -------Seg 28	 5440.41      2.05442	7.27976e-011	 0.336238	 3.54346e-011  0.836334  0.163666
 -------Seg 29	 5444.73      0.572856	6.6809e-011	 0.0993315	 1.16624e-010  0.826603  0.173397
 -------Seg 30	 5449.06      0.572819	4.77084e-011	 0.0995891	 8.32871e-011  0.826142  0.173858
 -------Seg 31	 5453.39      0.572782	3.24126e-011	 0.0998539	 5.65881e-011  0.825668  0.174332
 -------Seg 32	 5457.72      0.572745	2.07262e-011	 0.100126	 3.61876e-011  0.825182  0.174818
 -------Seg 33	 5462.05      0.572708	1.22889e-011	 0.100405	 2.14575e-011  0.824684  0.175316
 -------Seg 34	 5466.38      0.57267	6.6109e-012	 0.100691	 1.1544e-011  0.824173  0.175827
 -------Seg 35	 5470.72      0.572633	3.12171e-012	 0.100983	 5.45149e-012  0.823651  0.176349
 -------Seg 36	 5475.05      0.572596	1.22704e-012	 0.101282	 2.14294e-012  0.823119  0.176881
 -------Seg 37	 5479.39      0.572559	3.69953e-013	 0.101586	 6.46139e-013  0.822576  0.177424
 -------Seg 38	 5483.78      0.572522	8.49133e-014	 0.101894	 1.48315e-013  0.822026  0.177974


0.292066  5100        1813.6651   1577.1      416.308   
 -------Segment BHP        Vm        Vsg        Vsw        alpha G        alpha O        alpha W
 -------Seg 0	 5100         3.48452	0.00529923	 0.477436	 0.00152079  0.861463  0.137016
 -------Seg 1	 5100         1.42357	0.00162923	 0.170656	 0.00114447  0.878977  0.119879
 -------Seg 2	 5124.92      1.42111	1.87162e-005	 0.125864	 1.31701e-005  0.911419  0.0885673
 -------Seg 3	 5149.83      1.42053	1.71541e-005	 0.125477	 1.20758e-005  0.911656  0.0883315
 -------Seg 4	 5174.72      1.41995	1.56907e-005	 0.125092	 1.10502e-005  0.911893  0.0880961
 -------Seg 5	 5199.59      1.41936	1.43232e-005	 0.124707	 1.00913e-005  0.912129  0.0878612
 -------Seg 6	 5224.46      1.41878	1.30483e-005	 0.124323	 9.19686e-006  0.912364  0.0876269
 -------Seg 7	 5249.3       1.4182	1.18624e-005	 0.123941	 8.36438e-006  0.912599  0.0873931
 -------Seg 8	 5274.14      1.41762	1.07613e-005	 0.12356	 7.5911e-006  0.912833  0.0871598
 -------Seg 9	 5298.95      1.41704	9.74064e-006	 0.123179	 6.87393e-006  0.913066  0.0869272
 -------Seg 10	 5323.76      1.41646	8.79542e-006	 0.1228	 6.20943e-006  0.913299  0.0866952
 -------Seg 11	 5348.7       1.41588	7.91994e-006	 0.122423	 5.59366e-006  0.91353  0.086464
 -------Seg 12	 5354.34      0.676573	7.1289e-006	 0.0513436	 1.05368e-005  0.924102  0.0758878
 -------Seg 13	 5359.98      0.67651	5.59131e-006	 0.0509097	 8.26493e-006  0.924738  0.0752534
 -------Seg 14	 5365.61      0.676447	4.2564e-006	 0.0504791	 6.29229e-006  0.92537  0.0746239
 -------Seg 15	 5371.24      0.676384	3.12168e-006	 0.0500522	 4.61525e-006  0.925996  0.0739996
 -------Seg 16	 5376.87      0.676321	2.18261e-006	 0.0496291	 3.22718e-006  0.926616  0.0733809
 -------Seg 17	 5382.5       0.676258	1.43212e-006	 0.0492101	 2.11771e-006  0.92723  0.0727683
 -------Seg 18	 5388.12      0.676195	8.60051e-007	 0.0487955	 1.2719e-006  0.927837  0.0721619
 -------Seg 19	 5393.74      0.676131	4.52432e-007	 0.0483855	 6.69148e-007  0.928437  0.0715623
 -------Seg 20	 5399.35      0.676068	1.90617e-007	 0.0479802	 2.8195e-007  0.92903  0.0709696
 -------Seg 21	 5405.03      0.676004	5.02521e-008	 0.04758	 7.4337e-008  0.929616  0.0703841
 -------Seg 22	 5139.63      2.05723	-2.1446e-011	 0.372601	 -1.04247e-011  0.818882  0.181118
 -------Seg 23	 5179.34      2.05598	-1.17864e-011	 0.378107	 -5.73273e-012  0.816094  0.183906
 -------Seg 24	 5219.06      2.05474	-6.08569e-012	 0.378408	 -2.96178e-012  0.815836  0.184164
 -------Seg 25	 5275.16      2.05298	-8.86239e-012	 0.410333	 -4.31684e-012  0.800128  0.199872
 -------Seg 26	 5330.19      2.05126	-5.3181e-011	 0.351453	 -2.5926e-011  0.828665  0.171335
 -------Seg 27	 5385.16      2.04954	-4.9767e-011	 0.351472	 -2.4282e-011  0.828512  0.171488
 -------Seg 28	 5440.59      2.04781	-3.94269e-011	 0.351491	 -1.92532e-011  0.828357  0.171643
 -------Seg 29	 5444.9       0.567091	-3.84303e-011	 0.113801	 -6.77676e-011  0.799324  0.200676
 -------Seg 30	 5449.22      0.567054	-2.68483e-011	 0.114064	 -4.73469e-011  0.798848  0.201152
 -------Seg 31	 5453.53      0.567018	-1.815e-011	 0.114327	 -3.20096e-011  0.798371  0.201629
 -------Seg 32	 5457.85      0.566982	-1.1782e-011	 0.11459	 -2.07801e-011  0.797895  0.202105
 -------Seg 33	 5462.17      0.566946	-7.26162e-012	 0.114853	 -1.28083e-011  0.797418  0.202582
 -------Seg 34	 5466.49      0.56691	-4.17121e-012	 0.115116	 -7.35781e-012  0.796942  0.203058
 -------Seg 35	 5470.81      0.566873	-2.15403e-012	 0.115378	 -3.79985e-012  0.796466  0.203534
 -------Seg 36	 5475.13      0.566837	-9.1109e-013	 0.11564	 -1.60732e-012  0.795991  0.204009
 -------Seg 37	 5479.46      0.566801	-1.97885e-013	 0.115901	 -3.49126e-013  0.795517  0.204483
 -------Seg 38	 5483.84      0.566764	2.73802e-013	 0.116162	 4.83096e-013  0.795044  0.204956


0.624527  5100        1834.0407   1594.82     396.749   
 -------Segment BHP        Vm        Vsg        Vsw        alpha G        alpha O        alpha W
 -------Seg 0	 5100         3.49618	0.00534762	 0.451156	 0.00152956  0.869428  0.129042
 -------Seg 1	 5100         1.44307	0.00170328	 0.12434	 0.00118032  0.912656  0.0861632
 -------Seg 2	 5125.04      1.44049	5.39703e-007	 0.0816992	 3.74666e-007  0.943283  0.0567161
 -------Seg 3	 5150.06      1.43988	4.8347e-007	 0.0815241	 3.35771e-007  0.943381  0.0566186
 -------Seg 4	 5175.07      1.43927	4.31933e-007	 0.0813497	 3.00105e-007  0.943478  0.0565214
 -------Seg 5	 5200.07      1.43866	3.84795e-007	 0.0811761	 2.67467e-007  0.943575  0.0564247
 -------Seg 6	 5225.05      1.43805	3.41767e-007	 0.0810032	 2.37659e-007  0.943671  0.0563284
 -------Seg 7	 5250.03      1.43744	3.0257e-007	 0.0808311	 2.10492e-007  0.943767  0.0562325
 -------Seg 8	 5274.99      1.43684	2.66937e-007	 0.0806597	 1.85781e-007  0.943863  0.056137
 -------Seg 9	 5299.94      1.43623	2.34613e-007	 0.0804891	 1.63353e-007  0.943958  0.0560419
 -------Seg 10	 5324.87      1.43562	2.05355e-007	 0.0803192	 1.43043e-007  0.944053  0.0559473
 -------Seg 11	 5349.95      1.43501	1.78933e-007	 0.08015	 1.24691e-007  0.944147  0.0558532
 -------Seg 12	 5355.61      0.68475	1.55594e-007	 0.0324658	 2.27227e-007  0.952587  0.0474125
 -------Seg 13	 5361.28      0.684684	1.11832e-007	 0.0323141	 1.63333e-007  0.952804  0.0471957
 -------Seg 14	 5366.93      0.684618	7.74522e-008	 0.0321647	 1.13132e-007  0.953018  0.046982
 -------Seg 15	 5372.59      0.684552	5.12381e-008	 0.0320175	 7.4849e-008  0.953228  0.0467715
 -------Seg 16	 5378.25      0.684486	3.19816e-008	 0.0318725	 4.67236e-008  0.953436  0.0465642
 -------Seg 17	 5383.9       0.68442	1.84968e-008	 0.0317297	 2.70254e-008  0.95364  0.04636
 -------Seg 18	 5389.56      0.684354	9.63491e-009	 0.0315891	 1.40788e-008  0.953841  0.0461589
 -------Seg 19	 5395.21      0.684288	4.30489e-009	 0.0314506	 6.29105e-009  0.954039  0.045961
 -------Seg 20	 5400.86      0.684222	1.49692e-009	 0.0313142	 2.18777e-009  0.954234  0.0457662
 -------Seg 21	 5406.58      0.684155	3.12467e-010	 0.03118	 4.5672e-010  0.954426  0.0455744
 -------Seg 22	 5139.77      2.04943	-2.95643e-012	 0.389397	 -1.44256e-012  0.809998  0.190002
 -------Seg 23	 5179.66      2.0482	8.68177e-013	 0.396981	 4.23873e-013  0.80618  0.19382
 -------Seg 24	 5219.55      2.04696	3.41163e-012	 0.397386	 1.66668e-012  0.805866  0.194134
 -------Seg 25	 5275.62      2.04523	1.90924e-012	 0.4306	 9.33509e-013  0.789461  0.210539
 -------Seg 26	 5330.56      2.04353	-6.44376e-012	 0.36928	 -3.15324e-012  0.819293  0.180707
 -------Seg 27	 5385.46      2.04184	-6.98281e-012	 0.369269	 -3.41986e-012  0.819149  0.180851
 -------Seg 28	 5440.81      2.04013	-3.56037e-012	 0.369258	 -1.74517e-012  0.819003  0.180997
 -------Seg 29	 5445.11      0.559415	-4.3723e-012	 0.133976	 -7.81584e-012  0.760507  0.239493
 -------Seg 30	 5449.41      0.559381	-2.981e-012	 0.13418	 -5.32911e-012  0.760127  0.239873
 -------Seg 31	 5453.72      0.559347	-1.97045e-012	 0.134384	 -3.52277e-012  0.759748  0.240252
 -------Seg 32	 5458.02      0.559312	-1.25644e-012	 0.134587	 -2.24641e-012  0.75937  0.24063
 -------Seg 33	 5462.33      0.559278	-7.68221e-013	 0.13479	 -1.37359e-012  0.758993  0.241007
 -------Seg 34	 5466.63      0.559244	-4.4636e-013	 0.134992	 -7.98148e-013  0.758617  0.241383
 -------Seg 35	 5470.94      0.55921	-2.41869e-013	 0.135194	 -4.3252e-013  0.758242  0.241758
 -------Seg 36	 5475.25      0.559175	-1.15843e-013	 0.135395	 -2.07167e-013  0.757867  0.242133
 -------Seg 37	 5479.56      0.559141	-3.83857e-014	 0.135595	 -6.86512e-014  0.757494  0.242506
 -------Seg 38	 5483.92      0.559107	6.47764e-014	 0.135795	 1.15857e-013  0.757121  0.242879


1.1616    5100        1845.6198   1604.89     388.396   
 -------Segment BHP        Vm        Vsg        Vsw        alpha G        alpha O        alpha W
 -------Seg 0	 5100         3.50593	0.00538318	 0.440351	 0.00153545  0.872863  0.125602
 -------Seg 1	 5100         1.45885	0.00176258	 0.0962039	 0.0012082  0.932847  0.065945
 -------Seg 2	 5125.23      1.45618	7.97351e-009	 0.0545122	 5.47562e-009  0.962565  0.037435
 -------Seg 3	 5150.45      1.45555	6.97576e-009	 0.0544447	 4.79252e-009  0.962595  0.0374049
 -------Seg 4	 5175.66      1.45492	6.08217e-009	 0.0543775	 4.18042e-009  0.962625  0.037375
 -------Seg 5	 5200.86      1.45429	5.28402e-009	 0.0543105	 3.63341e-009  0.962655  0.0373451
 -------Seg 6	 5226.05      1.45366	4.57315e-009	 0.0542438	 3.14597e-009  0.962685  0.0373154
 -------Seg 7	 5251.22      1.45303	3.94192e-009	 0.0541772	 2.7129e-009  0.962714  0.0372858
 -------Seg 8	 5276.38      1.4524	3.3832e-009	 0.0541109	 2.32939e-009  0.962744  0.0372563
 -------Seg 9	 5301.53      1.45177	2.89039e-009	 0.0540448	 1.99094e-009  0.962773  0.0372269
 -------Seg 10	 5326.67      1.45114	2.45734e-009	 0.0539789	 1.69339e-009  0.962802  0.0371976
 -------Seg 11	 5351.96      1.45051	2.07837e-009	 0.0539133	 1.43286e-009  0.962831  0.0371686
 -------Seg 12	 5357.55      0.683781	1.75408e-009	 0.0225426	 2.56526e-009  0.967032  0.0329676
 -------Seg 13	 5363.13      0.683715	1.16419e-009	 0.0224948	 1.70274e-009  0.967099  0.0329008
 -------Seg 14	 5368.72      0.683649	7.39883e-010	 0.0224475	 1.08226e-009  0.967165  0.0328348
 -------Seg 15	 5374.31      0.683583	4.45801e-010	 0.0224006	 6.52153e-010  0.967231  0.0327694
 -------Seg 16	 5379.89      0.683517	2.51114e-010	 0.0223543	 3.67386e-010  0.967295  0.0327048
 -------Seg 17	 5385.48      0.683451	1.29519e-010	 0.0223084	 1.89507e-010  0.967359  0.0326408
 -------Seg 18	 5391.06      0.683385	5.91611e-011	 0.0222629	 8.65706e-011  0.967423  0.0325774
 -------Seg 19	 5396.64      0.683319	2.25115e-011	 0.022218	 3.29443e-011  0.967485  0.0325148
 -------Seg 20	 5402.23      0.683253	6.15912e-012	 0.0221734	 9.0144e-012  0.967547  0.0324527
 -------Seg 21	 5407.87      0.683187	5.16323e-013	 0.0221293	 7.55756e-013  0.967609  0.0323913
 -------Seg 22	 5139.93      2.04345	2.5721e-011	 0.405292	 1.2587e-011  0.801663  0.198337
 -------Seg 23	 5179.98      2.04223	1.93573e-011	 0.414267	 9.47851e-012  0.79715  0.20285
 -------Seg 24	 5220.04      2.041	1.22145e-011	 0.414734	 5.98456e-012  0.796799  0.203201
 -------Seg 25	 5276.13      2.03929	4.56416e-012	 0.44908	 2.23812e-012  0.779786  0.220214
 -------Seg 26	 5331.06      2.03761	-1.7039e-011	 0.385616	 -8.36225e-012  0.810751  0.189249
 -------Seg 27	 5385.95      2.03593	-1.37771e-011	 0.385581	 -6.76695e-012  0.810612  0.189388
 -------Seg 28	 5441.27      2.03425	-5.3495e-012	 0.385545	 -2.62972e-012  0.810473  0.189527
 -------Seg 29	 5445.55      0.550223	-1.97407e-012	 0.156596	 -3.58776e-012  0.715396  0.284604
 -------Seg 30	 5449.83      0.550191	-1.47515e-012	 0.156742	 -2.68116e-012  0.715114  0.284886
 -------Seg 31	 5454.11      0.550159	-1.08867e-012	 0.156888	 -1.97883e-012  0.714832  0.285168
 -------Seg 32	 5458.4       0.550127	-7.93648e-013	 0.157033	 -1.44266e-012  0.714551  0.285449
 -------Seg 33	 5462.68      0.550095	-5.73023e-013	 0.157178	 -1.04168e-012  0.714271  0.285729
 -------Seg 34	 5466.96      0.550063	-4.11692e-013	 0.157323	 -7.48445e-013  0.713991  0.286009
 -------Seg 35	 5471.24      0.550032	-2.9651e-013	 0.157468	 -5.39078e-013  0.713712  0.286288
 -------Seg 36	 5475.52      0.55	-2.16185e-013	 0.157612	 -3.93063e-013  0.713433  0.286567
 -------Seg 37	 5479.81      0.549968	-1.61218e-013	 0.157756	 -2.9314e-013  0.713154  0.286846
 -------Seg 38	 5484.14      0.549936	-3.44558e-014	 0.157899	 -6.26542e-014  0.712877  0.287123


1.97824   5100        1854.0752   1612.24     383.94    
 -------Segment BHP        Vm        Vsg        Vsw        alpha G        alpha O        alpha W
 -------Seg 0	 5100         3.51492	0.005408	 0.435194	 0.00153859  0.874648  0.123813
 -------Seg 1	 5100         1.47137	0.00180572	 0.0775373	 0.00122723  0.946075  0.0526973
 -------Seg 2	 5125.43      1.46864	5.53859e-011	 0.0363424	 3.77123e-011  0.975254  0.0247456
 -------Seg 3	 5150.85      1.46799	4.64302e-011	 0.0363122	 3.16284e-011  0.975264  0.024736
 -------Seg 4	 5176.26      1.46734	3.86408e-011	 0.0362821	 2.63338e-011  0.975274  0.0247264
 -------Seg 5	 5201.65      1.46669	3.18935e-011	 0.036252	 2.17451e-011  0.975283  0.0247168
 -------Seg 6	 5227.04      1.46605	2.60743e-011	 0.0362219	 1.77855e-011  0.975293  0.0247072
 -------Seg 7	 5252.41      1.4654	2.10795e-011	 0.0361919	 1.43848e-011  0.975302  0.0246977
 -------Seg 8	 5277.77      1.46475	1.68143e-011	 0.036162	 1.14793e-011  0.975312  0.0246881
 -------Seg 9	 5303.12      1.4641	1.31925e-011	 0.0361321	 9.01064e-012  0.975321  0.0246786
 -------Seg 10	 5328.46      1.46346	1.01358e-011	 0.0361022	 6.92594e-012  0.975331  0.0246691
 -------Seg 11	 5353.94      1.46281	7.57301e-012	 0.0360724	 5.17703e-012  0.97534  0.0246597
 -------Seg 12	 5359.43      0.679257	6.8088e-012	 0.0172851	 1.00239e-011  0.974553  0.0254471
 -------Seg 13	 5364.91      0.679192	2.99539e-012	 0.0172686	 4.41023e-012  0.974575  0.0254252
 -------Seg 14	 5370.4       0.679127	6.11452e-013	 0.0172522	 9.00349e-013  0.974597  0.0254034
 -------Seg 15	 5375.88      0.679062	-7.57601e-013	 0.0172358	 -1.11566e-012  0.974618  0.0253818
 -------Seg 16	 5381.37      0.678998	-1.43827e-012	 0.0172196	 -2.11822e-012  0.97464  0.0253603
 -------Seg 17	 5386.85      0.678933	-1.67977e-012	 0.0172034	 -2.47413e-012  0.974661  0.0253389
 -------Seg 18	 5392.33      0.678868	-1.6657e-012	 0.0171874	 -2.45364e-012  0.974682  0.0253177
 -------Seg 19	 5397.81      0.678804	-1.52459e-012	 0.0171714	 -2.246e-012  0.974703  0.0252966
 -------Seg 20	 5403.29      0.678739	-1.3412e-012	 0.0171555	 -1.97601e-012  0.974724  0.0252756
 -------Seg 21	 5408.84      0.678673	-1.16553e-012	 0.0171398	 -1.71737e-012  0.974745  0.0252548
 -------Seg 22	 5140.06      2.03995	1.82643e-011	 0.418042	 8.9533e-012  0.795072  0.204928
 -------Seg 23	 5180.25      2.03873	1.26811e-011	 0.427975	 6.22013e-012  0.790077  0.209923
 -------Seg 24	 5220.47      2.0375	6.20778e-012	 0.428482	 3.04675e-012  0.789702  0.210298
 -------Seg 25	 5276.63      2.0358	-9.88186e-013	 0.463687	 -4.85404e-013  0.772234  0.227766
 -------Seg 26	 5331.61      2.03414	-1.86005e-011	 0.398596	 -9.14419e-012  0.804046  0.195954
 -------Seg 27	 5386.55      2.03247	-1.48392e-011	 0.398545	 -7.30106e-012  0.803911  0.196089
 -------Seg 28	 5441.93      2.0308	-6.16503e-012	 0.398493	 -3.03577e-012  0.803775  0.196225
 -------Seg 29	 5446.19      0.541984	-1.26129e-012	 0.179156	 -2.32717e-012  0.669443  0.330557
 -------Seg 30	 5450.46      0.541954	-8.82754e-013	 0.179253	 -1.62884e-012  0.669246  0.330754
 -------Seg 31	 5454.73      0.541924	-5.73839e-013	 0.17935	 -1.05889e-012  0.669049  0.330951
 -------Seg 32	 5459         0.541895	-3.26623e-013	 0.179447	 -6.02743e-013  0.668853  0.331147
 -------Seg 33	 5463.27      0.541865	-1.34855e-013	 0.179543	 -2.48871e-013  0.668657  0.331343
 -------Seg 34	 5467.54      0.541835	7.84917e-015	 0.179639	 1.44863e-014  0.668461  0.331539
 -------Seg 35	 5471.81      0.541805	1.0797e-013	 0.179735	 1.99278e-013  0.668266  0.331734
 -------Seg 36	 5476.08      0.541775	1.723e-013	 0.179831	 3.18029e-013  0.668071  0.331929
 -------Seg 37	 5480.34      0.541746	2.0746e-013	 0.179927	 3.82947e-013  0.667876  0.332124
 -------Seg 38	 5484.67      0.541716	3.08958e-013	 0.180022	 5.70333e-013  0.667681  0.332319


3.24382   5100        1862.7171   1619.75     379.468   
 -------Segment BHP        Vm        Vsg        Vsw        alpha G        alpha O        alpha W
 -------Seg 0	 5100         3.52419	0.0054326	 0.43046	 0.00154152  0.876314  0.122144
 -------Seg 1	 5100         1.48278	0.00184089	 0.0638861	 0.00124151  0.955673  0.0430855
 -------Seg 2	 5125.65      1.48	-6.76039e-012	 0.0231661	 -4.56784e-012  0.984347  0.0156528
 -------Seg 3	 5151.3       1.47933	-6.42743e-012	 0.0231517	 -4.34482e-012  0.98435  0.0156501
 -------Seg 4	 5176.92      1.47867	-6.1014e-012	 0.0231372	 -4.12629e-012  0.984353  0.0156474
 -------Seg 5	 5202.54      1.478	-5.78263e-012	 0.0231228	 -3.91246e-012  0.984355  0.0156446
 -------Seg 6	 5228.15      1.47734	-5.47153e-012	 0.0231084	 -3.70365e-012  0.984358  0.0156419
 -------Seg 7	 5253.74      1.47667	-5.16914e-012	 0.023094	 -3.50053e-012  0.984361  0.0156392
 -------Seg 8	 5279.33      1.47601	-4.87552e-012	 0.0230796	 -3.30317e-012  0.984364  0.0156364
 -------Seg 9	 5304.9       1.47535	-4.5907e-012	 0.0230652	 -3.1116e-012  0.984366  0.0156337
 -------Seg 10	 5330.46      1.47469	-4.31521e-012	 0.0230508	 -2.92619e-012  0.984369  0.015631
 -------Seg 11	 5356.17      1.47402	-4.04099e-012	 0.0230364	 -2.74147e-012  0.984372  0.0156283
 -------Seg 12	 5361.56      0.674488	-3.19497e-012	 0.0128207	 -4.73689e-012  0.980992  0.0190081
 -------Seg 13	 5366.94      0.674424	-2.78217e-012	 0.0128116	 -4.12525e-012  0.981004  0.0189963
 -------Seg 14	 5372.32      0.674361	-2.39927e-012	 0.0128024	 -3.55785e-012  0.981016  0.0189845
 -------Seg 15	 5377.71      0.674297	-2.04789e-012	 0.0127932	 -3.03708e-012  0.981027  0.0189727
 -------Seg 16	 5383.09      0.674234	-1.72893e-012	 0.0127841	 -2.56429e-012  0.981039  0.0189609
 -------Seg 17	 5388.47      0.67417	-1.44239e-012	 0.012775	 -2.1395e-012  0.981051  0.0189492
 -------Seg 18	 5393.85      0.674107	-1.18832e-012	 0.0127659	 -1.7628e-012  0.981063  0.0189375
 -------Seg 19	 5399.23      0.674043	-9.66126e-013	 0.0127568	 -1.43333e-012  0.981074  0.0189257
 -------Seg 20	 5404.61      0.67398	-7.75385e-013	 0.0127477	 -1.15046e-012  0.981086  0.018914
 -------Seg 21	 5410.05      0.673916	-6.13371e-013	 0.0127386	 -9.1016e-013  0.981098  0.0189024
 -------Seg 22	 5140.15      2.03783	6.14847e-012	 0.426246	 3.01716e-012  0.790834  0.209166
 -------Seg 23	 5180.44      2.03662	4.6419e-012	 0.436855	 2.27922e-012  0.785499  0.214501
 -------Seg 24	 5220.75      2.0354	2.38561e-012	 0.437391	 1.17206e-012  0.785108  0.214892
 -------Seg 25	 5276.97      2.0337	-1.4596e-012	 0.47314	 -7.17703e-013  0.767351  0.232649
 -------Seg 26	 5331.99      2.03205	-8.19929e-012	 0.407018	 -4.03499e-012  0.7997  0.2003
 -------Seg 27	 5386.97      2.03039	-7.12489e-012	 0.406957	 -3.50912e-012  0.799567  0.200433
 -------Seg 28	 5442.38      2.02872	-1.33982e-012	 0.406896	 -6.60426e-013  0.799433  0.200567
 -------Seg 29	 5446.64      0.535836	6.57562e-013	 0.195354	 1.22717e-012  0.635421  0.364579
 -------Seg 30	 5450.89      0.535808	6.14984e-013	 0.195399	 1.14777e-012  0.635318  0.364682
 -------Seg 31	 5455.15      0.535779	5.63209e-013	 0.195444	 1.0512e-012  0.635216  0.364784
 -------Seg 32	 5459.4       0.535751	5.05372e-013	 0.195489	 9.43297e-013  0.635113  0.364887
 -------Seg 33	 5463.66      0.535723	4.43302e-013	 0.195533	 8.27483e-013  0.635011  0.364989
 -------Seg 34	 5467.91      0.535695	3.78945e-013	 0.195578	 7.07389e-013  0.634909  0.365091
 -------Seg 35	 5472.17      0.535667	3.14064e-013	 0.195622	 5.86304e-013  0.634807  0.365193
 -------Seg 36	 5476.42      0.535638	2.50642e-013	 0.195666	 4.67932e-013  0.634705  0.365295
 -------Seg 37	 5480.68      0.53561	1.90406e-013	 0.19571	 3.55493e-013  0.634604  0.365396
 -------Seg 38	 5484.99      0.535582	2.04147e-013	 0.195754	 3.81168e-013  0.634502  0.365498


5.05536   5100        1860.0808   1617.46     386.754   
 -------Segment BHP        Vm        Vsg        Vsw        alpha G        alpha O        alpha W
 -------Seg 0	 5100         3.52808	0.00542477	 0.438811	 0.0015376  0.874086  0.124377
 -------Seg 1	 5100         1.4943	0.00186931	 0.056524	 0.00125096  0.960923  0.0378263
 -------Seg 2	 5125.95      1.49148	-1.00454e-012	 0.0151395	 -6.73518e-013  0.989849  0.0101507
 -------Seg 3	 5151.88      1.4908	-9.57586e-013	 0.015133	 -6.42331e-013  0.989849  0.0101509
 -------Seg 4	 5177.81      1.49012	-9.12381e-013	 0.0151265	 -6.12288e-013  0.989849  0.0101512
 -------Seg 5	 5203.72      1.48944	-8.69525e-013	 0.0151199	 -5.83794e-013  0.989849  0.0101514
 -------Seg 6	 5229.62      1.48876	-8.2899e-013	 0.0151134	 -5.56834e-013  0.989848  0.0101517
 -------Seg 7	 5255.5       1.48808	-7.90307e-013	 0.0151069	 -5.31093e-013  0.989848  0.0101519
 -------Seg 8	 5281.38      1.4874	-7.53793e-013	 0.0151004	 -5.06786e-013  0.989848  0.0101522
 -------Seg 9	 5307.25      1.48672	-7.18805e-013	 0.0150939	 -4.83483e-013  0.989848  0.0101524
 -------Seg 10	 5333.1       1.48604	-6.86302e-013	 0.0150873	 -4.61831e-013  0.989847  0.0101527
 -------Seg 11	 5359.1       1.48536	-6.57446e-013	 0.0150808	 -4.42617e-013  0.989847  0.010153
 -------Seg 12	 5364.38      0.668808	-4.32973e-013	 0.00868063	 -6.4738e-013  0.987021  0.0129793
 -------Seg 13	 5369.65      0.668746	-3.85715e-013	 0.00867463	 -5.76773e-013  0.987029  0.0129715
 -------Seg 14	 5374.92      0.668684	-3.42998e-013	 0.00866862	 -5.12945e-013  0.987036  0.0129637
 -------Seg 15	 5380.19      0.668622	-3.04765e-013	 0.00866262	 -4.55811e-013  0.987044  0.0129559
 -------Seg 16	 5385.46      0.66856	-2.70884e-013	 0.00865663	 -4.05176e-013  0.987052  0.0129482
 -------Seg 17	 5390.73      0.668498	-2.41513e-013	 0.00865064	 -3.61277e-013  0.98706  0.0129404
 -------Seg 18	 5396         0.668436	-2.16443e-013	 0.00864465	 -3.23805e-013  0.987067  0.0129326
 -------Seg 19	 5401.26      0.668374	-1.95643e-013	 0.00863867	 -2.92715e-013  0.987075  0.0129249
 -------Seg 20	 5406.53      0.668312	-1.7921e-013	 0.00863269	 -2.68154e-013  0.987083  0.0129171
 -------Seg 21	 5411.86      0.66825	-1.67192e-013	 0.00862671	 -2.50194e-013  0.987091  0.0129094
 -------Seg 22	 5140.29      2.03024	2.35236e-013	 0.442893	 1.15866e-013  0.781852  0.218148
 -------Seg 23	 5180.74      2.02904	3.07896e-014	 0.454148	 1.51745e-014  0.776176  0.223824
 -------Seg 24	 5221.21      2.02783	-2.09057e-013	 0.454705	 -1.03094e-013  0.775768  0.224232
 -------Seg 25	 5277.37      2.02616	-4.47511e-013	 0.491531	 -2.20867e-013  0.757407  0.242593
 -------Seg 26	 5332.3       2.02452	-8.83821e-013	 0.42339	 -4.36558e-013  0.790869  0.209131
 -------Seg 27	 5387.18      2.02289	-6.75988e-013	 0.423329	 -3.34169e-013  0.790731  0.209269
 -------Seg 28	 5442.5       2.02125	-4.15396e-013	 0.423267	 -2.05515e-013  0.790591  0.209409
 -------Seg 29	 5446.74      0.53109	1.19983e-013	 0.208522	 2.25919e-013  0.607369  0.392631
 -------Seg 30	 5450.99      0.531063	1.0812e-013	 0.208547	 2.03591e-013  0.607302  0.392698
 -------Seg 31	 5455.24      0.531036	9.75923e-014	 0.208572	 1.83777e-013  0.607236  0.392764
 -------Seg 32	 5459.49      0.531009	8.82537e-014	 0.208596	 1.662e-013  0.60717  0.39283
 -------Seg 33	 5463.73      0.530982	8.01842e-014	 0.208621	 1.51011e-013  0.607104  0.392896
 -------Seg 34	 5467.98      0.530955	7.344e-014	 0.208645	 1.38317e-013  0.607037  0.392963
 -------Seg 35	 5472.23      0.530928	6.79369e-014	 0.20867	 1.27959e-013  0.606971  0.393029
 -------Seg 36	 5476.48      0.530901	6.37443e-014	 0.208694	 1.20068e-013  0.606905  0.393095
 -------Seg 37	 5480.72      0.530874	6.0888e-014	 0.208719	 1.14694e-013  0.606839  0.393161
 -------Seg 38	 5485.03      0.530846	6.02663e-014	 0.208743	 1.13529e-013  0.606773  0.393227


7.42406   5100        1812.3451   1575.95     436.719   
 -------Segment BHP        Vm        Vsg        Vsw        alpha G        alpha O        alpha W
 -------Seg 0	 5100         3.50552	0.00528606	 0.495243	 0.00150792  0.857217  0.141275
 -------Seg 1	 5100         1.50387	0.00188937	 0.0559758	 0.00125634  0.961523  0.0372212
 -------Seg 2	 5126.21      1.50101	-9.70415e-011	 0.00969938	 -6.46507e-011  0.993538  0.0064619
 -------Seg 3	 5152.4       1.50032	-9.691e-011	 0.00969587	 -6.45931e-011  0.993537  0.00646255
 -------Seg 4	 5178.59      1.49962	-9.68037e-011	 0.00969236	 -6.45521e-011  0.993537  0.00646321
 -------Seg 5	 5204.76      1.49893	-9.67222e-011	 0.00968885	 -6.45276e-011  0.993536  0.00646386
 -------Seg 6	 5230.92      1.49823	-9.66655e-011	 0.00968534	 -6.45196e-011  0.993535  0.00646451
 -------Seg 7	 5257.07      1.49754	-9.66329e-011	 0.00968184	 -6.45277e-011  0.993535  0.00646515
 -------Seg 8	 5283.2       1.49685	-9.66245e-011	 0.00967833	 -6.45519e-011  0.993534  0.0064658
 -------Seg 9	 5309.33      1.49616	-9.66398e-011	 0.00967483	 -6.4592e-011  0.993534  0.00646645
 -------Seg 10	 5335.44      1.49547	-9.66786e-011	 0.00967132	 -6.46478e-011  0.993533  0.00646709
 -------Seg 11	 5361.7       1.49477	-9.68234e-011	 0.00966781	 -6.47747e-011  0.993532  0.00646775
 -------Seg 12	 5366.95      0.667934	-4.26465e-011	 0.0057856	 -6.38484e-011  0.991338  0.00866194
 -------Seg 13	 5372.19      0.667872	-4.27602e-011	 0.00578229	 -6.40246e-011  0.991342  0.00865779
 -------Seg 14	 5377.43      0.66781	-4.29409e-011	 0.00577899	 -6.43011e-011  0.991346  0.00865364
 -------Seg 15	 5382.67      0.667748	-4.31891e-011	 0.00577569	 -6.46786e-011  0.991351  0.0086495
 -------Seg 16	 5387.91      0.667687	-4.35048e-011	 0.00577239	 -6.51575e-011  0.991355  0.00864536
 -------Seg 17	 5393.15      0.667625	-4.38887e-011	 0.0057691	 -6.57386e-011  0.991359  0.00864122
 -------Seg 18	 5398.39      0.667563	-4.43413e-011	 0.0057658	 -6.64227e-011  0.991363  0.00863709
 -------Seg 19	 5403.62      0.667501	-4.4863e-011	 0.00576251	 -6.72103e-011  0.991367  0.00863296
 -------Seg 20	 5408.86      0.66744	-4.54541e-011	 0.00575923	 -6.81021e-011  0.991371  0.00862883
 -------Seg 21	 5414.16      0.667377	-4.61229e-011	 0.00575594	 -6.91106e-011  0.991375  0.00862472
 -------Seg 22	 5140.86      1.9983	-5.23678e-011	 0.506819	 -2.62062e-011  0.746374  0.253626
 -------Seg 23	 5181.89      1.99714	-7.68195e-011	 0.519346	 -3.84649e-011  0.739954  0.260046
 -------Seg 24	 5222.94      1.99597	-1.08787e-010	 0.519914	 -5.45032e-011  0.739519  0.260481
 -------Seg 25	 5278.66      1.9944	-1.28133e-010	 0.560538	 -6.42468e-011  0.718943  0.281057
 -------Seg 26	 5333.05      1.99286	-1.89376e-010	 0.485248	 -9.50274e-011  0.756506  0.243494
 -------Seg 27	 5387.41      1.99132	-1.45661e-010	 0.485195	 -7.31478e-011  0.756345  0.243655
 -------Seg 28	 5442.19      1.98978	-1.67472e-010	 0.48514	 -8.41664e-011  0.756183  0.243817
 -------Seg 29	 5446.48      0.525216	1.42294e-011	 0.235871	 2.70925e-011  0.550906  0.449094
 -------Seg 30	 5450.77      0.525191	1.53122e-011	 0.23591	 2.91554e-011  0.550811  0.449189
 -------Seg 31	 5455.06      0.525166	1.64254e-011	 0.235949	 3.12765e-011  0.550715  0.449285
 -------Seg 32	 5459.34      0.525141	1.75598e-011	 0.235988	 3.34383e-011  0.550619  0.449381
 -------Seg 33	 5463.63      0.525116	1.87155e-011	 0.236027	 3.56406e-011  0.550523  0.449477
 -------Seg 34	 5467.92      0.525091	1.98924e-011	 0.236066	 3.78838e-011  0.550427  0.449573
 -------Seg 35	 5472.2       0.525066	2.10907e-011	 0.236106	 4.01678e-011  0.550331  0.449669
 -------Seg 36	 5476.49      0.52504	2.23104e-011	 0.236145	 4.24928e-011  0.550235  0.449765
 -------Seg 37	 5480.78      0.525015	2.35515e-011	 0.236184	 4.48587e-011  0.550139  0.449861
 -------Seg 38	 5485.12      0.52499	2.37823e-011	 0.236223	 4.53005e-011  0.550043  0.449957


10.0641   5100        1670.4494   1452.56     580.04    
 -------Segment BHP        Vm        Vsg        Vsw        alpha G        alpha O        alpha W
 -------Seg 0	 5100         3.43256	0.00487317	 0.657415	 0.00141969  0.807057  0.191523
 -------Seg 1	 5100         1.51057	0.0018984	 0.0659715	 0.00125675  0.95507  0.0436734
 -------Seg 2	 5126.39      1.50768	1.63909e-012	 0.00604143	 1.08716e-012  0.995993  0.00400709
 -------Seg 3	 5152.77      1.50698	1.63201e-012	 0.00603931	 1.08297e-012  0.995992  0.00400756
 -------Seg 4	 5179.14      1.50627	1.6247e-012	 0.00603719	 1.07862e-012  0.995992  0.00400803
 -------Seg 5	 5205.5       1.50557	1.61822e-012	 0.00603507	 1.07482e-012  0.995992  0.00400849
 -------Seg 6	 5231.84      1.50487	1.61144e-012	 0.00603295	 1.07082e-012  0.995991  0.00400896
 -------Seg 7	 5258.17      1.50417	1.60523e-012	 0.00603084	 1.06719e-012  0.995991  0.00400942
 -------Seg 8	 5284.49      1.50347	1.59916e-012	 0.00602872	 1.06365e-012  0.99599  0.00400988
 -------Seg 9	 5310.8       1.50276	1.59347e-012	 0.0060266	 1.06036e-012  0.99599  0.00401034
 -------Seg 10	 5337.1       1.50206	1.58806e-012	 0.00602448	 1.05725e-012  0.995989  0.0040108
 -------Seg 11	 5363.55      1.50136	1.58293e-012	 0.00602236	 1.05433e-012  0.995989  0.00401127
 -------Seg 12	 5368.79      0.66868	7.4289e-013	 0.00364373	 1.11098e-012  0.994551  0.00544914
 -------Seg 13	 5374.03      0.668618	7.40984e-013	 0.00364152	 1.10823e-012  0.994554  0.00544635
 -------Seg 14	 5379.27      0.668556	7.39253e-013	 0.00363932	 1.10575e-012  0.994556  0.00544356
 -------Seg 15	 5384.51      0.668494	7.37718e-013	 0.00363712	 1.10355e-012  0.994559  0.00544077
 -------Seg 16	 5389.75      0.668432	7.36519e-013	 0.00363492	 1.10186e-012  0.994562  0.00543798
 -------Seg 17	 5394.99      0.66837	7.35787e-013	 0.00363272	 1.10087e-012  0.994565  0.00543519
 -------Seg 18	 5400.23      0.668308	7.35435e-013	 0.00363052	 1.10044e-012  0.994568  0.00543241
 -------Seg 19	 5405.47      0.668246	7.35633e-013	 0.00362832	 1.10084e-012  0.99457  0.00542962
 -------Seg 20	 5410.71      0.668184	7.36416e-013	 0.00362612	 1.10212e-012  0.994573  0.00542683
 -------Seg 21	 5416         0.668121	7.37788e-013	 0.00362393	 1.10427e-012  0.994576  0.00542405
 -------Seg 22	 5142.5       1.91912	9.16604e-013	 0.677831	 4.77618e-013  0.6468  0.3532
 -------Seg 23	 5185.2       1.91807	1.4975e-012	 0.692069	 7.80734e-013  0.639184  0.360816
 -------Seg 24	 5227.92      1.91702	2.27344e-012	 0.692542	 1.18592e-012  0.638741  0.361259
 -------Seg 25	 5282.66      1.91569	2.98982e-012	 0.740522	 1.56071e-012  0.613443  0.386557
 -------Seg 26	 5335.89      1.91438	5.19969e-012	 0.651023	 2.71611e-012  0.659931  0.340069
 -------Seg 27	 5389.09      1.91309	4.73933e-012	 0.650983	 2.47732e-012  0.659721  0.340279
 -------Seg 28	 5442.73      1.91178	3.00818e-012	 0.650943	 1.5735e-012  0.659509  0.340491
 -------Seg 29	 5447.11      0.515552	-6.8784e-013	 0.287767	 -1.33418e-012  0.441827  0.558173
 -------Seg 30	 5451.48      0.515531	-6.68064e-013	 0.287836	 -1.29588e-012  0.44167  0.55833
 -------Seg 31	 5455.86      0.515509	-6.49273e-013	 0.287905	 -1.25948e-012  0.441513  0.558487
 -------Seg 32	 5460.24      0.515488	-6.31564e-013	 0.287975	 -1.22518e-012  0.441355  0.558645
 -------Seg 33	 5464.62      0.515466	-6.15067e-013	 0.288044	 -1.19322e-012  0.441198  0.558802
 -------Seg 34	 5469         0.515445	-5.99752e-013	 0.288113	 -1.16356e-012  0.44104  0.55896
 -------Seg 35	 5473.38      0.515423	-5.85694e-013	 0.288182	 -1.13634e-012  0.440882  0.559118
 -------Seg 36	 5477.76      0.515402	-5.72847e-013	 0.288252	 -1.11146e-012  0.440724  0.559276
 -------Seg 37	 5482.14      0.51538	-5.61288e-013	 0.288321	 -1.08908e-012  0.440567  0.559433
 -------Seg 38	 5486.58      0.515359	-5.67996e-013	 0.28839	 -1.10214e-012  0.440408  0.559592


12.694    5100        1461.3948   1270.78     796.877   
 -------Segment BHP        Vm        Vsg        Vsw        alpha G        alpha O        alpha W
 -------Seg 0	 5100         3.33152	0.00426419	 0.903172	 0.00127995  0.727621  0.271099
 -------Seg 1	 5100         1.51479	0.00189883	 0.0829824	 0.00125352  0.943965  0.0547814
 -------Seg 2	 5126.51      1.51189	4.9182e-011	 0.0038549	 3.25301e-011  0.99745  0.00254972
 -------Seg 3	 5153.01      1.51118	4.79025e-011	 0.00385361	 3.16987e-011  0.99745  0.00255006
 -------Seg 4	 5179.5       1.51047	4.66348e-011	 0.00385233	 3.08743e-011  0.99745  0.00255041
 -------Seg 5	 5205.97      1.50976	4.53785e-011	 0.00385105	 3.00567e-011  0.997449  0.00255076
 -------Seg 6	 5232.44      1.50905	4.41339e-011	 0.00384976	 2.9246e-011  0.997449  0.00255111
 -------Seg 7	 5258.89      1.50835	4.29001e-011	 0.00384848	 2.84418e-011  0.997449  0.00255145
 -------Seg 8	 5285.32      1.50764	4.16776e-011	 0.00384719	 2.76443e-011  0.997448  0.0025518
 -------Seg 9	 5311.75      1.50693	4.04663e-011	 0.00384591	 2.68534e-011  0.997448  0.00255215
 -------Seg 10	 5338.16      1.50623	3.92653e-011	 0.00384463	 2.60686e-011  0.997448  0.00255249
 -------Seg 11	 5364.73      1.50552	3.8066e-011	 0.00384334	 2.52843e-011  0.997447  0.00255284
 -------Seg 12	 5369.98      0.669751	2.3287e-011	 0.00233529	 3.47696e-011  0.996513  0.0034868
 -------Seg 13	 5375.24      0.669689	2.21762e-011	 0.00233393	 3.31142e-011  0.996515  0.0034851
 -------Seg 14	 5380.48      0.669626	2.10655e-011	 0.00233258	 3.14586e-011  0.996517  0.00348341
 -------Seg 15	 5385.73      0.669564	1.99553e-011	 0.00233123	 2.98034e-011  0.996518  0.00348171
 -------Seg 16	 5390.98      0.669502	1.88449e-011	 0.00232988	 2.81476e-011  0.99652  0.00348002
 -------Seg 17	 5396.23      0.66944	1.77349e-011	 0.00232853	 2.64921e-011  0.996522  0.00347833
 -------Seg 18	 5401.48      0.669377	1.6625e-011	 0.00232718	 2.48365e-011  0.996523  0.00347664
 -------Seg 19	 5406.73      0.669315	1.55153e-011	 0.00232583	 2.31809e-011  0.996525  0.00347494
 -------Seg 20	 5411.97      0.669253	1.4406e-011	 0.00232449	 2.15255e-011  0.996527  0.00347325
 -------Seg 21	 5417.28      0.66919	1.32945e-011	 0.00232314	 1.98666e-011  0.996528  0.00347157
 -------Seg 22	 5145.26      1.81454	-1.04174e-011	 0.930479	 -5.74105e-012  0.48721  0.51279
 -------Seg 23	 5190.7       1.81368	2.48244e-012	 0.943598	 1.36873e-012  0.479733  0.520267
 -------Seg 24	 5236.17      1.81282	1.78278e-011	 0.943779	 9.83433e-012  0.479385  0.520615
 -------Seg 25	 5289.7       1.8118	2.7208e-011	 0.993998	 1.50171e-011  0.451376  0.548624
 -------Seg 26	 5341.73      1.81082	6.284e-011	 0.898838	 3.47025e-011  0.503629  0.496371
 -------Seg 27	 5393.73      1.80984	5.62051e-011	 0.898802	 3.10553e-011  0.503379  0.496621
 -------Seg 28	 5446.18      1.80885	2.07824e-011	 0.898765	 1.14893e-011  0.503128  0.496872
 -------Seg 29	 5450.53      0.496314	-3.11209e-011	 0.344385	 -6.27039e-011  0.306114  0.693886
 -------Seg 30	 5454.87      0.496298	-2.94382e-011	 0.344472	 -5.93155e-011  0.305917  0.694083
 -------Seg 31	 5459.21      0.496282	-2.77207e-011	 0.344558	 -5.58568e-011  0.30572  0.69428
 -------Seg 32	 5463.56      0.496266	-2.5971e-011	 0.344645	 -5.23328e-011  0.305523  0.694477
 -------Seg 33	 5467.9       0.49625	-2.41902e-011	 0.344732	 -4.8746e-011  0.305326  0.694674
 -------Seg 34	 5472.24      0.496233	-2.23795e-011	 0.344818	 -4.50987e-011  0.305129  0.694871
 -------Seg 35	 5476.59      0.496217	-2.05402e-011	 0.344905	 -4.13936e-011  0.304931  0.695069
 -------Seg 36	 5480.93      0.496201	-1.86735e-011	 0.344992	 -3.76329e-011  0.304734  0.695266
 -------Seg 37	 5485.28      0.496185	-1.67805e-011	 0.345078	 -3.3819e-011  0.304537  0.695463
 -------Seg 38	 5489.69      0.496169	-1.52272e-011	 0.345165	 -3.06895e-011  0.304339  0.695661


15.604    5100        1227.654    1067.53     1053.53   
 -------Segment BHP        Vm        Vsg        Vsw        alpha G        alpha O        alpha W
 -------Seg 0	 5100         3.23467	0.00358239	 1.1946	 0.0011075  0.629583  0.369309
 -------Seg 1	 5100         1.51776	0.00189546	 0.101865	 0.00124886  0.931635  0.0671158
 -------Seg 2	 5126.6       1.51485	-9.84653e-013	 0.00248587	 -6.50002e-013  0.998359  0.001641
 -------Seg 3	 5153.18      1.51413	-9.88859e-013	 0.00248512	 -6.53087e-013  0.998359  0.00164128
 -------Seg 4	 5179.76      1.51342	-9.92235e-013	 0.00248437	 -6.55626e-013  0.998358  0.00164156
 -------Seg 5	 5206.32      1.5127	-9.94826e-013	 0.00248362	 -6.57647e-013  0.998358  0.00164184
 -------Seg 6	 5232.86      1.51199	-9.97367e-013	 0.00248287	 -6.59639e-013  0.998358  0.00164212
 -------Seg 7	 5259.4       1.51128	-9.99086e-013	 0.00248212	 -6.61086e-013  0.998358  0.0016424
 -------Seg 8	 5285.92      1.51057	-1.0002e-012	 0.00248137	 -6.62137e-013  0.998357  0.00164268
 -------Seg 9	 5312.43      1.50986	-1.00094e-012	 0.00248062	 -6.62939e-013  0.998357  0.00164295
 -------Seg 10	 5338.93      1.50915	-1.00093e-012	 0.00247987	 -6.6324e-013  0.998357  0.00164323
 -------Seg 11	 5365.59      1.50843	-1.00024e-012	 0.00247912	 -6.63102e-013  0.998356  0.00164351
 -------Seg 12	 5370.84      0.670403	-4.61188e-013	 0.00153644	 -6.87926e-013  0.997708  0.00229181
 -------Seg 13	 5376.1       0.67034	-4.70403e-013	 0.00153569	 -7.01738e-013  0.997709  0.00229091
 -------Seg 14	 5381.35      0.670277	-4.78103e-013	 0.00153494	 -7.13291e-013  0.99771  0.00229001
 -------Seg 15	 5386.61      0.670215	-4.84638e-013	 0.00153419	 -7.23109e-013  0.997711  0.0022891
 -------Seg 16	 5391.86      0.670153	-4.89639e-013	 0.00153345	 -7.30638e-013  0.997712  0.0022882
 -------Seg 17	 5397.12      0.67009	-4.93405e-013	 0.0015327	 -7.36327e-013  0.997713  0.0022873
 -------Seg 18	 5402.37      0.670028	-4.95745e-013	 0.00153195	 -7.39887e-013  0.997714  0.0022864
 -------Seg 19	 5407.62      0.669965	-4.96771e-013	 0.00153121	 -7.41488e-013  0.997714  0.0022855
 -------Seg 20	 5412.88      0.669903	-4.96547e-013	 0.00153046	 -7.41222e-013  0.997715  0.0022846
 -------Seg 21	 5418.19      0.66984	-4.94943e-013	 0.00152972	 -7.38899e-013  0.997716  0.00228371
 -------Seg 22	 5148.88      1.71553	3.81543e-013	 1.22101	 2.22406e-013  0.288259  0.711741
 -------Seg 23	 5197.86      1.7149	9.09279e-014	 1.22821	 5.30224e-014  0.283797  0.716203
 -------Seg 24	 5246.86      1.71427	-1.48834e-013	 1.2281	 -8.68209e-014  0.283601  0.716399
 -------Seg 25	 5299.55      1.71359	-1.98927e-013	 1.26669	 -1.16088e-013  0.260795  0.739205
 -------Seg 26	 5351.12      1.71293	-6.5941e-013	 1.1914	 -3.84961e-013  0.304466  0.695534
 -------Seg 27	 5402.67      1.71226	-5.51498e-013	 1.19133	 -3.22087e-013  0.304234  0.695766
 -------Seg 28	 5454.71      1.7116	-2.24268e-013	 1.19127	 -1.31028e-013  0.304001  0.695999
 -------Seg 29	 5458.67      0.460532	7.97838e-013	 0.376331	 1.73243e-012  0.182835  0.817165
 -------Seg 30	 5462.64      0.460522	8.13119e-013	 0.376401	 1.76565e-012  0.182664  0.817336
 -------Seg 31	 5466.6       0.460511	8.24481e-013	 0.376471	 1.79036e-012  0.182493  0.817507
 -------Seg 32	 5470.57      0.460501	8.31924e-013	 0.376541	 1.80656e-012  0.182322  0.817678
 -------Seg 33	 5474.53      0.460491	8.35408e-013	 0.376612	 1.81417e-012  0.182151  0.817849
 -------Seg 34	 5478.5       0.46048	8.34945e-013	 0.376682	 1.8132e-012  0.181981  0.818019
 -------Seg 35	 5482.46      0.46047	8.30524e-013	 0.376752	 1.80364e-012  0.18181  0.81819
 -------Seg 36	 5486.43      0.46046	8.2212e-013	 0.376822	 1.78543e-012  0.181639  0.818361
 -------Seg 37	 5490.39      0.460449	8.09732e-013	 0.376892	 1.75857e-012  0.181468  0.818532
 -------Seg 38	 5494.41      0.460439	7.96687e-013	 0.376962	 1.73028e-012  0.181297  0.818703


18.7333   5100        1071.5093   931.747     1239.16   
 -------Segment BHP        Vm        Vsg        Vsw        alpha G        alpha O        alpha W
 -------Seg 0	 5100         3.18607	0.00312627	 1.40574	 0.000981231  0.557805  0.441213
 -------Seg 1	 5100         1.51984	0.0018934	 0.113923	 0.00124579  0.923797  0.0749574
 -------Seg 2	 5126.66      1.51692	1.28285e-010	 0.00170594	 8.45692e-011  0.998875  0.0011246
 -------Seg 3	 5153.31      1.51621	1.29351e-010	 0.00170551	 8.5312e-011  0.998875  0.00112485
 -------Seg 4	 5179.94      1.51549	1.30406e-010	 0.00170508	 8.6049e-011  0.998875  0.0011251
 -------Seg 5	 5206.57      1.51477	1.31452e-010	 0.00170465	 8.67802e-011  0.998875  0.00112535
 -------Seg 6	 5233.18      1.51406	1.3249e-010	 0.00170422	 8.75065e-011  0.998874  0.0011256
 -------Seg 7	 5259.77      1.51334	1.33518e-010	 0.0017038	 8.82273e-011  0.998874  0.00112585
 -------Seg 8	 5286.36      1.51263	1.34538e-010	 0.00170337	 8.89431e-011  0.998874  0.0011261
 -------Seg 9	 5312.93      1.51191	1.35549e-010	 0.00170294	 8.96538e-011  0.998874  0.00112635
 -------Seg 10	 5339.49      1.5112	1.36551e-010	 0.00170252	 9.03596e-011  0.998873  0.0011266
 -------Seg 11	 5366.21      1.51048	1.37569e-010	 0.00170209	 9.10762e-011  0.998873  0.00112685
 -------Seg 12	 5371.46      0.670202	5.7967e-011	 0.00111779	 8.64918e-011  0.998332  0.00166784
 -------Seg 13	 5376.71      0.67014	5.96302e-011	 0.00111742	 8.89818e-011  0.998333  0.00166744
 -------Seg 14	 5381.96      0.670077	6.12944e-011	 0.00111705	 9.14737e-011  0.998333  0.00166705
 -------Seg 15	 5387.21      0.670015	6.29597e-011	 0.00111668	 9.39676e-011  0.998333  0.00166665
 -------Seg 16	 5392.46      0.669952	6.46259e-011	 0.00111631	 9.64634e-011  0.998334  0.00166626
 -------Seg 17	 5397.71      0.66989	6.62933e-011	 0.00111594	 9.89615e-011  0.998334  0.00166586
 -------Seg 18	 5402.96      0.669827	6.79619e-011	 0.00111558	 1.01462e-010  0.998335  0.00166547
 -------Seg 19	 5408.21      0.669765	6.96315e-011	 0.00111521	 1.03964e-010  0.998335  0.00166508
 -------Seg 20	 5413.45      0.669703	7.13026e-011	 0.00111484	 1.06469e-010  0.998335  0.00166468
 -------Seg 21	 5418.76      0.669639	7.29791e-011	 0.00111447	 1.08983e-010  0.998336  0.00166429
 -------Seg 22	 5151.64      1.66539	-2.38425e-010	 1.42344	 -1.43165e-010  0.14528  0.85472
 -------Seg 23	 5203.32      1.66493	-2.25392e-010	 1.4257	 -1.35376e-010  0.143691  0.856309
 -------Seg 24	 5255.01      1.66447	-2.13828e-010	 1.42548	 -1.28466e-010  0.143585  0.856415
 -------Seg 25	 5307.8       1.66401	-1.87432e-010	 1.44762	 -1.12639e-010  0.13004  0.86996
 -------Seg 26	 5359.94      1.66354	-2.28213e-010	 1.40306	 -1.37185e-010  0.156587  0.843413
 -------Seg 27	 5412.08      1.66308	-2.3756e-010	 1.40292	 -1.42843e-010  0.156435  0.843565
 -------Seg 28	 5464.74      1.66262	-2.31652e-010	 1.40278	 -1.3933e-010  0.156282  0.843718
 -------Seg 29	 5468.18      0.42068	-9.86742e-011	 0.380218	 -2.34559e-010  0.0961812  0.903819
 -------Seg 30	 5471.62      0.420673	-1.04805e-010	 0.380263	 -2.49137e-010  0.0960607  0.903939
 -------Seg 31	 5475.06      0.420667	-1.1096e-010	 0.380308	 -2.63771e-010  0.0959403  0.90406
 -------Seg 32	 5478.5       0.420661	-1.17136e-010	 0.380353	 -2.78458e-010  0.0958199  0.90418
 -------Seg 33	 5481.94      0.420654	-1.23335e-010	 0.380398	 -2.93199e-010  0.0956997  0.9043
 -------Seg 34	 5485.38      0.420648	-1.29557e-010	 0.380443	 -3.07994e-010  0.0955795  0.904421
 -------Seg 35	 5488.82      0.420642	-1.35802e-010	 0.380487	 -3.22844e-010  0.0954593  0.904541
 -------Seg 36	 5492.26      0.420635	-1.42068e-010	 0.380532	 -3.37747e-010  0.0953392  0.904661
 -------Seg 37	 5495.7       0.420629	-1.48358e-010	 0.380577	 -3.52705e-010  0.0952192  0.904781
 -------Seg 38	 5499.19      0.420622	-1.54539e-010	 0.380622	 -3.67406e-010  0.0950992  0.904901


22.5474   5100        985.45315   856.916     1351.63   
 -------Segment BHP        Vm        Vsg        Vsw        alpha G        alpha O        alpha W
 -------Seg 0	 5100         3.17082	0.00287452	 1.53385	 0.000906554  0.515353  0.48374
 -------Seg 1	 5100         1.52147	0.00189322	 0.120283	 0.00124434  0.919698  0.0790573
 -------Seg 2	 5126.71      1.51855	2.24611e-011	 0.00114273	 1.47912e-011  0.999247  0.000752513
 -------Seg 3	 5153.41      1.51783	2.17913e-011	 0.00114246	 1.43569e-011  0.999247  0.000752696
 -------Seg 4	 5180.09      1.51711	2.11278e-011	 0.0011422	 1.39264e-011  0.999247  0.00075288
 -------Seg 5	 5206.76      1.51639	2.04715e-011	 0.00114193	 1.35002e-011  0.999247  0.000753063
 -------Seg 6	 5233.42      1.51567	1.98217e-011	 0.00114167	 1.30779e-011  0.999247  0.000753245
 -------Seg 7	 5260.07      1.51495	1.91786e-011	 0.00114141	 1.26596e-011  0.999247  0.000753428
 -------Seg 8	 5286.71      1.51423	1.85417e-011	 0.00114114	 1.2245e-011  0.999246  0.000753611
 -------Seg 9	 5313.33      1.51352	1.79113e-011	 0.00114088	 1.18342e-011  0.999246  0.000753793
 -------Seg 10	 5339.94      1.5128	1.72871e-011	 0.00114062	 1.14272e-011  0.999246  0.000753975
 -------Seg 11	 5366.71      1.51208	1.66669e-011	 0.00114035	 1.10224e-011  0.999246  0.00075416
 -------Seg 12	 5371.95      0.669604	1.09555e-011	 0.000799742	 1.63612e-011  0.998806  0.00119435
 -------Seg 13	 5377.19      0.669541	1.03332e-011	 0.00079951	 1.54333e-011  0.998806  0.00119412
 -------Seg 14	 5382.42      0.669479	9.71208e-012	 0.000799279	 1.45069e-011  0.998806  0.00119388
 -------Seg 15	 5387.66      0.669417	9.09222e-012	 0.000799047	 1.35823e-011  0.998806  0.00119365
 -------Seg 16	 5392.9       0.669355	8.47369e-012	 0.000798816	 1.26595e-011  0.998807  0.00119341
 -------Seg 17	 5398.14      0.669292	7.85629e-012	 0.000798585	 1.17382e-011  0.998807  0.00119318
 -------Seg 18	 5403.38      0.66923	7.24032e-012	 0.000798354	 1.08189e-011  0.998807  0.00119294
 -------Seg 19	 5408.61      0.669168	6.62557e-012	 0.000798123	 9.90121e-012  0.998807  0.00119271
 -------Seg 20	 5413.85      0.669106	6.01212e-012	 0.000797892	 8.9853e-012  0.998808  0.00119247
 -------Seg 21	 5419.14      0.669043	5.39853e-012	 0.000797661	 8.06903e-012  0.998808  0.00119224
 -------Seg 22	 5153.32      1.64883	-5.54437e-011	 1.54267	 -3.36261e-011  0.0643848  0.935615
 -------Seg 23	 5206.66      1.64848	-5.34111e-011	 1.54298	 -3.24003e-011  0.0639942  0.936006
 -------Seg 24	 5260.01      1.64812	-5.19365e-011	 1.54273	 -3.15126e-011  0.0639433  0.936057
 -------Seg 25	 5313.46      1.64776	-4.56322e-011	 1.55306	 -2.76934e-011  0.0574762  0.942524
 -------Seg 26	 5366.61      1.64741	-5.85304e-011	 1.53154	 -3.55288e-011  0.0703337  0.929666
 -------Seg 27	 5419.74      1.64706	-5.70445e-011	 1.53134	 -3.46342e-011  0.0702582  0.929742
 -------Seg 28	 5473.45      1.6467	-5.60079e-011	 1.53113	 -3.40122e-011  0.0701822  0.929818
 -------Seg 29	 5476.42      0.386646	-3.77999e-011	 0.369289	 -9.77636e-011  0.0448921  0.955108
 -------Seg 30	 5479.39      0.386642	-3.51094e-011	 0.369309	 -9.0806e-011  0.0448289  0.955171
 -------Seg 31	 5482.36      0.386638	-3.24268e-011	 0.369329	 -8.38687e-011  0.0447658  0.955234
 -------Seg 32	 5485.34      0.386633	-2.97523e-011	 0.36935	 -7.69524e-011  0.0447027  0.955297
 -------Seg 33	 5488.31      0.386629	-2.70865e-011	 0.36937	 -7.00581e-011  0.0446397  0.95536
 -------Seg 34	 5491.28      0.386625	-2.44297e-011	 0.36939	 -6.3187e-011  0.0445767  0.955423
 -------Seg 35	 5494.25      0.386621	-2.17823e-011	 0.369411	 -5.63402e-011  0.0445139  0.955486
 -------Seg 36	 5497.22      0.386617	-1.91447e-011	 0.369431	 -4.95186e-011  0.0444511  0.955549
 -------Seg 37	 5500.2       0.386612	-1.65174e-011	 0.369451	 -4.27234e-011  0.0443884  0.955612
 -------Seg 38	 5503.21      0.386608	-1.39033e-011	 0.369471	 -3.59622e-011  0.0443257  0.955674


26.96     5100        948.63938   824.904     1406.82   
 -------Segment BHP        Vm        Vsg        Vsw        alpha G        alpha O        alpha W
 -------Seg 0	 5100         3.17233	0.00276672	 1.59675	 0.000872143  0.495791  0.503337
 -------Seg 1	 5100         1.52261	0.00189401	 0.122922	 0.00124393  0.918025  0.0807312
 -------Seg 2	 5126.75      1.51968	-3.16424e-012	 0.000739421	 -2.08217e-012  0.999513  0.000486562
 -------Seg 3	 5153.48      1.51896	-3.15358e-012	 0.000739255	 -2.07614e-012  0.999513  0.000486684
 -------Seg 4	 5180.2       1.51824	-3.14269e-012	 0.000739089	 -2.06995e-012  0.999513  0.000486806
 -------Seg 5	 5206.9       1.51752	-3.13224e-012	 0.000738924	 -2.06405e-012  0.999513  0.000486928
 -------Seg 6	 5233.6       1.5168	-3.12171e-012	 0.000738758	 -2.05809e-012  0.999513  0.00048705
 -------Seg 7	 5260.28      1.51608	-3.11159e-012	 0.000738592	 -2.05239e-012  0.999513  0.000487172
 -------Seg 8	 5286.95      1.51536	-3.10136e-012	 0.000738427	 -2.04661e-012  0.999513  0.000487293
 -------Seg 9	 5313.6       1.51465	-3.09128e-012	 0.000738261	 -2.04093e-012  0.999513  0.000487415
 -------Seg 10	 5340.25      1.51393	-3.08138e-012	 0.000738096	 -2.03535e-012  0.999512  0.000487536
 -------Seg 11	 5367.05      1.51321	-3.07241e-012	 0.00073793	 -2.0304e-012  0.999512  0.000487659
 -------Seg 12	 5372.28      0.668999	-1.47548e-012	 0.000548285	 -2.2055e-012  0.99918  0.00081956
 -------Seg 13	 5377.51      0.668936	-1.47772e-012	 0.000548126	 -2.20906e-012  0.999181  0.0008194
 -------Seg 14	 5382.74      0.668874	-1.47981e-012	 0.000547968	 -2.21238e-012  0.999181  0.000819239
 -------Seg 15	 5387.97      0.668812	-1.48194e-012	 0.00054781	 -2.21578e-012  0.999181  0.000819078
 -------Seg 16	 5393.19      0.66875	-1.48425e-012	 0.000547651	 -2.21944e-012  0.999181  0.000818918
 -------Seg 17	 5398.42      0.668688	-1.48644e-012	 0.000547493	 -2.22292e-012  0.999181  0.000818757
 -------Seg 18	 5403.65      0.668626	-1.48854e-012	 0.000547335	 -2.22626e-012  0.999181  0.000818596
 -------Seg 19	 5408.87      0.668564	-1.49077e-012	 0.000547176	 -2.22981e-012  0.999182  0.000818436
 -------Seg 20	 5414.1       0.668502	-1.49313e-012	 0.000547018	 -2.23354e-012  0.999182  0.000818275
 -------Seg 21	 5419.38      0.668439	-1.4951e-012	 0.00054686	 -2.2367e-012  0.999182  0.000818115
 -------Seg 22	 5154.15      1.64933	9.09775e-012	 1.60075	 5.51603e-012  0.0294552  0.970545
 -------Seg 23	 5208.3       1.64902	8.83195e-012	 1.60061	 5.35589e-012  0.0293561  0.970644
 -------Seg 24	 5262.47      1.64871	8.661e-012	 1.60035	 5.25321e-012  0.0293321  0.970668
 -------Seg 25	 5316.69      1.64839	7.66014e-012	 1.60505	 4.64703e-012  0.0262947  0.973705
 -------Seg 26	 5370.76      1.64808	1.0148e-011	 1.59473	 6.15746e-012  0.0323722  0.967628
 -------Seg 27	 5424.82      1.64777	1.01196e-011	 1.59449	 6.1414e-012  0.032338  0.967662
 -------Seg 28	 5479.48      1.64746	1.00626e-011	 1.59424	 6.10792e-012  0.0323035  0.967696
 -------Seg 29	 5482.12      0.362465	3.91088e-012	 0.354686	 1.07897e-011  0.0214615  0.978538
 -------Seg 30	 5484.76      0.362462	3.967e-012	 0.354692	 1.09446e-011  0.0214349  0.978565
 -------Seg 31	 5487.4       0.362458	4.01952e-012	 0.354699	 1.10896e-011  0.0214082  0.978592
 -------Seg 32	 5490.04      0.362455	4.06849e-012	 0.354705	 1.12248e-011  0.0213817  0.978618
 -------Seg 33	 5492.68      0.362452	4.11395e-012	 0.354712	 1.13503e-011  0.0213551  0.978645
 -------Seg 34	 5495.32      0.362449	4.15594e-012	 0.354718	 1.14663e-011  0.0213287  0.978671
 -------Seg 35	 5497.95      0.362446	4.1945e-012	 0.354725	 1.15728e-011  0.0213022  0.978698
 -------Seg 36	 5500.59      0.362443	4.22968e-012	 0.354731	 1.16699e-011  0.0212758  0.978724
 -------Seg 37	 5503.23      0.362439	4.26152e-012	 0.354738	 1.17579e-011  0.0212494  0.978751
 -------Seg 38	 5505.91      0.362436	4.28997e-012	 0.354744	 1.18365e-011  0.0212231  0.978777


30        5100        936.51775   814.363     1427.24   
 -------Segment BHP        Vm        Vsg        Vsw        alpha G        alpha O        alpha W
 -------Seg 0	 5100         3.17538	0.00273123	 1.62001	 0.000860126  0.48896  0.51018
 -------Seg 1	 5100         1.52313	0.00189456	 0.123763	 0.00124386  0.9175  0.0812561
 -------Seg 2	 5126.76      1.5202	-1.02493e-011	 0.000537793	 -6.74209e-012  0.999646  0.000353765
 -------Seg 3	 5153.51      1.51948	-9.58717e-012	 0.000537673	 -6.30952e-012  0.999646  0.000353854
 -------Seg 4	 5180.24      1.51875	-8.9304e-012	 0.000537552	 -5.88008e-012  0.999646  0.000353943
 -------Seg 5	 5206.96      1.51803	-8.27886e-012	 0.000537432	 -5.45367e-012  0.999646  0.000354032
 -------Seg 6	 5233.67      1.51731	-7.633e-012	 0.000537312	 -5.0306e-012  0.999646  0.000354121
 -------Seg 7	 5260.37      1.51659	-6.99253e-012	 0.000537192	 -4.61068e-012  0.999646  0.000354209
 -------Seg 8	 5287.06      1.51587	-6.35707e-012	 0.000537071	 -4.19367e-012  0.999646  0.000354298
 -------Seg 9	 5313.73      1.51516	-5.7266e-012	 0.000536951	 -3.77955e-012  0.999646  0.000354387
 -------Seg 10	 5340.39      1.51444	-5.10105e-012	 0.000536831	 -3.36828e-012  0.999646  0.000354475
 -------Seg 11	 5367.21      1.51372	-4.46151e-012	 0.000536711	 -2.94739e-012  0.999645  0.000354565
 -------Seg 12	 5372.43      0.668718	-5.72356e-012	 0.000413071	 -8.55901e-012  0.999382  0.000617707
 -------Seg 13	 5377.65      0.668656	-4.9966e-012	 0.000412948	 -7.4726e-012  0.999382  0.000617579
 -------Seg 14	 5382.88      0.668594	-4.26537e-012	 0.000412824	 -6.37961e-012  0.999383  0.000617452
 -------Seg 15	 5388.1       0.668531	-3.52959e-012	 0.000412701	 -5.27962e-012  0.999383  0.000617324
 -------Seg 16	 5393.32      0.668469	-2.78946e-012	 0.000412577	 -4.17291e-012  0.999383  0.000617197
 -------Seg 17	 5398.54      0.668407	-2.04481e-012	 0.000412454	 -3.05923e-012  0.999383  0.000617069
 -------Seg 18	 5403.76      0.668345	-1.29558e-012	 0.00041233	 -1.93849e-012  0.999383  0.000616942
 -------Seg 19	 5408.98      0.668283	-5.41811e-013	 0.000412207	 -8.1075e-013  0.999383  0.000616814
 -------Seg 20	 5414.2       0.668221	2.1674e-013	 0.000412083	 3.24354e-013  0.999383  0.000616687
 -------Seg 21	 5419.48      0.668159	9.82792e-013	 0.00041196	 1.4709e-012  0.999383  0.00061656
 -------Seg 22	 5154.45      1.65191	2.01859e-011	 1.62232	 1.22198e-011  0.0179113  0.982089
 -------Seg 23	 5208.91      1.65161	2.0169e-011	 1.6221	 1.22117e-011  0.0178684  0.982132
 -------Seg 24	 5263.38      1.65131	2.03443e-011	 1.62183	 1.23201e-011  0.0178538  0.982146
 -------Seg 25	 5318.01      1.65102	1.84199e-011	 1.62461	 1.11567e-011  0.0159933  0.984007
 -------Seg 26	 5372.55      1.65072	2.74933e-011	 1.61816	 1.66553e-011  0.019724  0.980276
 -------Seg 27	 5427.08      1.65042	2.56929e-011	 1.6179	 1.55675e-011  0.019704  0.980296
 -------Seg 28	 5482.23      1.65012	2.38051e-011	 1.61764	 1.44263e-011  0.0196839  0.980316
 -------Seg 29	 5484.73      0.352574	3.21761e-011	 0.347607	 9.12607e-011  0.0140878  0.985912
 -------Seg 30	 5487.23      0.352571	2.8259e-011	 0.347608	 8.01512e-011  0.0140752  0.985925
 -------Seg 31	 5489.74      0.352568	2.43723e-011	 0.34761	 6.91278e-011  0.0140626  0.985937
 -------Seg 32	 5492.24      0.352565	2.05134e-011	 0.347612	 5.81834e-011  0.01405  0.98595
 -------Seg 33	 5494.75      0.352562	1.668e-011	 0.347613	 4.73109e-011  0.0140374  0.985963
 -------Seg 34	 5497.25      0.35256	1.28696e-011	 0.347615	 3.65035e-011  0.0140248  0.985975
 -------Seg 35	 5499.76      0.352557	9.07976e-012	 0.347617	 2.5754e-011  0.0140123  0.985988
 -------Seg 36	 5502.26      0.352554	5.30793e-012	 0.347618	 1.50557e-011  0.0139998  0.986
 -------Seg 37	 5504.77      0.352551	1.5517e-012	 0.34762	 4.40135e-012  0.0139873  0.986013
 -------Seg 38	 5507.31      0.352548	-2.19223e-012	 0.347621	 -6.21825e-012  0.0139748  0.986025


