
 Simulation Finished Successfully 


 -------------------------- Timing Report -------------------------- 

 Variable Type : -----------------  Natural Variables
 Number of Implicit levels: ------        1
                    ImpVar --- TransImpLvl --- CFL_Limit --- Percent
       Scheme 0 :     3             4             1           100%

 Linear solver choice : ----------        5
 Preconditioner choice : ---------       11
 Linear solver Tolerance : -------   1e-006

 Total running time: -------------  694.499 sec  ( 100 % )
   -Initialization time: ---------      0.5 sec  (   0 % )
   -Property Calc  time: ---------    5.168 sec  (   1 % )
   -Linearization  time: ---------    5.468 sec  (   1 % )
   -Newton Update  time: ---------    0.063 sec  (   0 % )
   -Solver running time: ---------  683.145 sec  (  98 % )
      --(B)ILU Pre fac time: -----   10.498 sec  (   2 % )
      --(B)ILU Pre slv time: -----  141.624 sec  (  20 % )
      --Pres dcpl time: ----------        0 sec  (   0 % )
      --Pres slv time: -----------        0 sec  (   0 % )
   -Timestep Calc  time: ---------        0 sec  (   0 % )
   -CFL No.  Calc  time: ---------        0 sec  (   0 % )


 Compositional simulation only:
 Initialization time for reservoir: ---------        0 sec
 Phase equilibrium running time: ------------        0 sec


 No. of timesteps: ---------------       16

 No. of Newton Iters : -----------      114
 No. of Waste Newton Iters : -----        0

 No. of Solver Iters : -----------    11902
 No. of Waste Solver Iters : -----        0

 No. of Pres slvr iters : --------        0
 No. of Waste Pres slvr iters: ---        0


