Results for well: RES1_PROD.out in the reservoir: RES1_PROD.out

time	BHP	Temp	q(Gas)	q(Oil)
days	psi	F	Mscf/d	stb/d
0         	0         	-         	0         	0         	
0.01      	725.189   	85.4      	25.4117   	2974.16   	
0.0226551 	725.189   	85.4      	18.0222   	3023.77   	
0.0429912 	725.189   	85.4      	15.0232   	2684.89   	
0.0781656 	725.189   	85.4      	13.0451   	2309.28   	
0.145664  	725.189   	85.4      	11.3731   	1991.59   	
0.292082  	725.189   	85.4      	9.9042    	1727.62   	
0.602327  	725.189   	85.4      	8.68155   	1520.51   	
1.28167   	725.189   	85.4      	7.65453   	1353.35   	
2.82524   	725.189   	85.4      	6.79468   	1213.91   	
5.82524   	725.189   	85.4      	6.14398   	1106.44   	
8.82524   	725.189   	85.4      	5.79755   	1048.29   	
11.8252   	725.189   	85.4      	5.57324   	1010.46   	
14.8252   	725.189   	85.4      	5.4126    	983.287   	
17.8252   	725.189   	85.4      	5.28921   	962.35    	
20.8252   	725.189   	85.4      	5.1905    	945.54    	
23.8252   	725.189   	85.4      	5.10772   	931.412   	
26.8252   	725.189   	85.4      	5.03699   	919.305   	
29.8252   	725.189   	85.4      	4.97527   	908.708   	
32.8252   	725.189   	85.4      	4.91983   	899.168   	
35.8252   	725.189   	85.4      	4.87049   	890.634   	
38.8252   	725.189   	85.4      	4.82555   	882.829   	
41.8252   	725.189   	85.4      	4.78415   	875.603   	
44.8252   	725.189   	85.4      	4.74561   	868.844   	
47.8252   	725.189   	85.4      	4.70947   	862.47    	
50.8252   	725.189   	85.4      	4.67531   	856.415   	
53.8252   	725.189   	85.4      	4.64283   	850.623   	
56.8252   	725.189   	85.4      	4.61176   	845.052   	
59.8252   	725.189   	85.4      	4.58192   	839.669   	
62.8252   	725.189   	85.4      	4.55312   	834.446   	
65.8252   	725.189   	85.4      	4.52524   	829.36    	
68.8252   	725.189   	85.4      	4.49814   	824.39    	
71.8252   	725.189   	85.4      	4.47158   	819.473   	
74.8252   	725.189   	85.4      	4.44577   	814.691   	
77.8252   	725.189   	85.4      	4.42058   	809.999   	
80.8252   	725.189   	85.4      	4.39587   	805.375   	
83.8252   	725.189   	85.4      	4.3716    	800.813   	
86.8252   	725.189   	85.4      	4.34775   	796.31    	
89.8252   	725.189   	85.4      	4.32427   	791.86    	
92.8252   	725.189   	85.4      	4.30114   	787.459   	
95.8252   	725.189   	85.4      	4.27833   	783.103   	
98.8252   	725.189   	85.4      	4.2558    	778.787   	
101.825   	725.189   	85.4      	4.23356   	774.511   	
104.825   	725.189   	85.4      	4.21159   	770.274   	
107.825   	725.189   	85.4      	4.18986   	766.072   	
110.825   	725.189   	85.4      	4.16837   	761.905   	
113.825   	725.189   	85.4      	4.1471    	757.769   	
116.825   	725.189   	85.4      	4.12603   	753.665   	
119.825   	725.189   	85.4      	4.10518   	749.592   	
122.825   	725.189   	85.4      	4.08452   	745.549   	
125.825   	725.189   	85.4      	4.06405   	741.536   	
128.825   	725.189   	85.4      	4.04377   	737.551   	
131.825   	725.189   	85.4      	4.02366   	733.592   	
134.825   	725.189   	85.4      	4.00371   	729.662   	
137.825   	725.189   	85.4      	3.98394   	725.759   	
140.825   	725.189   	85.4      	3.96433   	721.882   	
143.825   	725.189   	85.4      	3.94489   	718.033   	
146.825   	725.189   	85.4      	3.92559   	714.209   	
149.825   	725.189   	85.4      	3.90644   	710.408   	
152.825   	725.189   	85.4      	3.88743   	706.634   	
155.825   	725.189   	85.4      	3.86858   	702.886   	
158.825   	725.189   	85.4      	3.84986   	699.162   	
161.825   	725.189   	85.4      	3.83129   	695.463   	
164.825   	725.189   	85.4      	3.81285   	691.788   	
167.825   	725.189   	85.4      	3.79453   	688.135   	
170.825   	725.189   	85.4      	3.77636   	684.508   	
173.825   	725.189   	85.4      	3.75831   	680.904   	
176.825   	725.189   	85.4      	3.74039   	677.324   	
179.825   	725.189   	85.4      	3.7226    	673.767   	
182.825   	725.189   	85.4      	3.70492   	670.233   	
185.825   	725.189   	85.4      	3.68736   	666.72    	
188.825   	725.189   	85.4      	3.66992   	663.231   	
191.825   	725.189   	85.4      	3.65261   	659.765   	
194.825   	725.189   	85.4      	3.63541   	656.321   	
197.825   	725.189   	85.4      	3.61832   	652.9     	
200.825   	725.189   	85.4      	3.60134   	649.499   	
203.825   	725.189   	85.4      	3.58447   	646.12    	
206.825   	725.189   	85.4      	3.56771   	642.762   	
209.825   	725.189   	85.4      	3.55106   	639.427   	
212.825   	725.189   	85.4      	3.53453   	636.113   	
215.825   	725.189   	85.4      	3.51809   	632.821   	
218.825   	725.189   	85.4      	3.50176   	629.548   	
221.825   	725.189   	85.4      	3.48655   	626.362   	
224.825   	725.189   	85.4      	3.47092   	622.858   	
227.825   	725.189   	85.4      	3.45576   	619.914   	
230.825   	725.189   	85.4      	3.44009   	616.743   	
233.825   	725.189   	85.4      	3.42451   	613.606   	
236.825   	725.189   	85.4      	3.40898   	610.487   	
239.825   	725.189   	85.4      	3.39352   	607.386   	
242.825   	725.189   	85.4      	3.37815   	604.306   	
245.825   	725.189   	85.4      	3.36288   	601.245   	
248.825   	725.189   	85.4      	3.3477    	598.203   	
251.825   	725.189   	85.4      	3.33261   	595.179   	
254.825   	725.189   	85.4      	3.3176    	592.174   	
257.825   	725.189   	85.4      	3.30266   	589.185   	
260.825   	725.189   	85.4      	3.28782   	586.215   	
263.825   	725.189   	85.4      	3.27307   	583.264   	
266.825   	725.189   	85.4      	3.2584    	580.331   	
269.825   	725.189   	85.4      	3.24408   	577.431   	
272.825   	725.189   	85.4      	3.22985   	574.518   	
275.825   	725.189   	85.4      	3.21571   	571.634   	
278.825   	725.189   	85.4      	3.20153   	568.77    	
281.825   	725.189   	85.4      	3.18736   	565.925   	
284.825   	725.189   	85.4      	3.17323   	563.099   	
287.825   	725.189   	85.4      	3.15916   	560.29    	
290.825   	725.189   	85.4      	3.14515   	557.498   	
293.825   	725.189   	85.4      	3.13226   	554.787   	
296.825   	725.189   	85.4      	3.1182    	551.738   	
299.825   	725.189   	85.4      	3.10549   	549.239   	
302.825   	725.189   	85.4      	3.092     	546.507   	
305.825   	725.189   	85.4      	3.07855   	543.805   	
308.825   	725.189   	85.4      	3.0651    	541.118   	
311.825   	725.189   	85.4      	3.05182   	538.456   	
314.825   	725.189   	85.4      	3.03885   	535.8     	
317.825   	725.189   	85.4      	3.02608   	533.162   	
320.825   	725.189   	85.4      	3.01331   	530.536   	
323.825   	725.189   	85.4      	3.00048   	527.927   	
326.825   	725.189   	85.4      	2.9876    	525.333   	
329.825   	725.189   	85.4      	2.97469   	522.755   	
332.825   	725.189   	85.4      	2.96181   	520.194   	
335.825   	725.189   	85.4      	2.94932   	517.675   	
338.825   	725.189   	85.4      	2.93698   	515.142   	
341.825   	725.189   	85.4      	2.92484   	512.623   	
344.825   	725.189   	85.4      	2.91282   	510.126   	
347.825   	725.189   	85.4      	2.9002    	507.411   	
350.825   	725.189   	85.4      	2.88906   	505.17    	
353.825   	725.189   	85.4      	2.87644   	502.475   	
356.825   	725.189   	85.4      	2.86529   	500.262   	
359.825   	725.189   	85.4      	2.8533    	497.825   	
362.825   	725.189   	85.4      	2.8414    	495.414   	
365.825   	725.189   	85.4      	2.8297    	493.027   	
368.825   	725.189   	85.4      	2.81735   	490.411   	
371.825   	725.189   	85.4      	2.80678   	488.281   	
374.825   	725.189   	85.4      	2.79479   	485.704   	
377.825   	725.189   	85.4      	2.78434   	483.577   	
380.825   	725.189   	85.4      	2.77249   	481.028   	
383.825   	725.189   	85.4      	2.76214   	478.926   	
386.825   	725.189   	85.4      	2.75036   	476.403   	
389.825   	725.189   	85.4      	2.74014   	474.327   	
392.825   	725.189   	85.4      	2.72851   	471.836   	
395.825   	725.189   	85.4      	2.71851   	469.79    	
398.825   	725.189   	85.4      	2.70714   	467.336   	
401.825   	725.189   	85.4      	2.69726   	465.302   	
404.825   	725.189   	85.4      	2.68609   	462.878   	
407.825   	725.189   	85.4      	2.67634   	460.86    	
410.825   	725.189   	85.4      	2.66536   	458.47    	
413.825   	725.189   	85.4      	2.65574   	456.472   	
416.825   	725.189   	85.4      	2.64493   	454.11    	
419.825   	725.189   	85.4      	2.63547   	452.134   	
422.825   	725.189   	85.4      	2.62483   	449.801   	
425.825   	725.189   	85.4      	2.61549   	447.841   	
428.825   	725.189   	85.4      	2.60503   	445.539   	
431.825   	725.189   	85.4      	2.59583   	443.599   	
434.825   	725.189   	85.4      	2.58554   	441.324   	
437.825   	725.189   	85.4      	2.57648   	439.404   	
440.825   	725.189   	85.4      	2.56636   	437.16    	
443.825   	725.189   	85.4      	2.55741   	435.255   	
446.825   	725.189   	85.4      	2.54745   	433.038   	
449.825   	725.189   	85.4      	2.53862   	431.152   	
452.825   	725.189   	85.4      	2.52881   	428.962   	
455.825   	725.189   	85.4      	2.52012   	427.095   	
458.825   	725.189   	85.4      	2.51046   	424.932   	
461.825   	725.189   	85.4      	2.50189   	423.084   	
464.825   	725.189   	85.4      	2.49236   	420.947   	
467.825   	725.189   	85.4      	2.48389   	419.114   	
470.825   	725.189   	85.4      	2.47451   	417.004   	
473.825   	725.189   	85.4      	2.46614   	415.19    	
476.825   	725.189   	85.4      	2.45689   	413.104   	
479.825   	725.189   	85.4      	2.44865   	411.31    	
482.825   	725.189   	85.4      	2.43951   	409.248   	
485.825   	725.189   	85.4      	2.43136   	407.469   	
488.825   	725.189   	85.4      	2.42235   	405.432   	
491.825   	725.189   	85.4      	2.41429   	403.671   	
494.825   	725.189   	85.4      	2.40539   	401.657   	
497.825   	725.189   	85.4      	2.39743   	399.915   	
500       	725.189   	85.4      	2.39099   	398.467   	
