1	0.01	-1	-1	-1	10	30	0.01	0.093	0.141	0.109
1	0.0126551	0	2600	0.0192468	9	27	0.0226551	0.186	0.282	0.203
1	0.020336	0	2600	0.0146622	9	27	0.0429912	0.295	0.422	0.297
1	0.0351745	0	2600	0.0132773	9	36	0.0781656	0.406	0.546	0.391
1	0.0674985	0	2600	0.0112867	9	38	0.145664	0.515	0.672	0.468
1	0.146418	0	2599	0.00936526	9	50	0.292082	0.624	0.796	0.595
1	0.310245	0	2599	0.0101199	9	66	0.602327	0.733	0.924	0.734
1	0.679347	0	2548	0.00966542	8	76	1.28167	0.827	1.03	0.909
1	1.54356	0	2547	0.00918901	8	111	2.82524	0.902	1.174	1.128
1	3	0	2495	0.00882945	8	146	5.82524	0.996	1.314	1.426
1	3	0	2345	0.00769547	7	131	8.82524	1.076	1.408	1.705
1	3	0	2243	0.00455268	6	114	11.8252	1.122	1.517	1.956
1	3	0	2592	0.00314188	6	114	14.8252	1.17	1.627	2.189
1	3	0	2591	0.00236555	6	114	17.8252	1.249	1.719	2.393
1	3	0	2090	0.00188581	5	96	20.8252	1.326	1.798	2.564
1	3	0	2589	0.00156484	5	96	23.8252	1.389	1.891	2.752
1	3	0	2588	0.0013382	5	96	26.8252	1.467	1.985	2.924
1	3	0	1937	0.00117189	5	95	29.8252	1.515	2.047	3.127
1	3	0	2586	0.00104655	4	78	32.8252	1.546	2.108	3.285
1	3	0	2585	0.000950369	4	78	35.8252	1.578	2.17	3.457
1	3	0	2583	0.000875636	4	78	38.8252	1.655	2.234	3.597
1	3	0	1682	0.000817058	4	77	41.8252	1.686	2.312	3.754
1	3	0	1631	0.000770799	4	77	44.8252	1.732	2.374	3.927
1	3	0	2580	0.000734067	4	77	47.8252	1.764	2.436	4.115
1	3	0	2578	0.000705016	4	77	50.8252	1.827	2.514	4.255
1	3	0	1376	0.000681896	4	77	53.8252	1.889	2.575	4.397
1	3	0	1325	0.00066368	4	77	56.8252	1.951	2.639	4.537
1	3	0	1172	0.000649304	4	77	59.8252	2.013	2.702	4.678
1	3	0	2570	0.000638064	4	76	62.8252	2.06	2.78	4.818
1	3	0	2567	0.000629324	4	76	65.8252	2.123	2.857	4.959
1	3	0	713	0.000622636	4	76	68.8252	2.169	2.921	5.13
1	3	0	2556	0.000617606	3	59	71.8252	2.201	2.983	5.255
1	3	0	2550	0.000613604	3	59	74.8252	2.216	3.045	5.396
1	3	0	2550	0.000609671	3	59	77.8252	2.263	3.076	5.537
1	3	0	2550	0.000605739	3	59	80.8252	2.31	3.139	5.646
1	3	0	50	0.000601826	3	59	83.8252	2.372	3.202	5.756
1	3	0	2550	0.000597946	3	59	86.8252	2.403	3.25	5.896
1	3	0	2550	0.000594107	3	59	89.8252	2.434	3.312	6.021
1	3	0	50	0.000590313	3	59	92.8252	2.449	3.376	6.161
1	3	0	2550	0.000586567	3	59	95.8252	2.48	3.423	6.302
1	3	0	0	0.000583885	3	59	98.8252	2.512	3.485	6.427
1	3	0	0	0.000582313	3	59	101.825	2.543	3.531	6.568
1	3	0	0	0.000580473	3	59	104.825	2.591	3.593	6.677
1	3	0	0	0.000578409	3	59	107.825	2.638	3.639	6.787
1	3	0	0	0.000576159	3	59	110.825	2.686	3.686	6.895
1	3	0	0	0.000573753	3	58	113.825	2.732	3.749	7.005
1	3	0	0	0.000571221	3	58	116.825	2.78	3.796	7.114
1	3	0	0	0.000568584	3	58	119.825	2.827	3.857	7.224
1	3	0	0	0.000565863	3	58	122.825	2.874	3.888	7.365
1	3	0	0	0.000563073	3	58	125.825	2.921	3.919	7.506
1	3	0	0	0.00056023	3	58	128.825	2.968	3.965	7.631
1	3	0	0	0.000557344	3	58	131.825	3.015	4.013	7.755
1	3	0	0	0.000554427	3	58	134.825	3.062	4.075	7.865
1	3	0	0	0.000551485	3	58	137.825	3.109	4.107	7.989
1	3	0	0	0.000548527	3	58	140.825	3.156	4.138	8.13
1	3	0	0	0.000545559	3	58	143.825	3.187	4.2	8.255
1	3	0	0	0.000542585	3	58	146.825	3.219	4.262	8.38
1	3	0	0	0.000539609	3	58	149.825	3.25	4.324	8.506
1	3	0	0	0.000536636	3	57	152.825	3.314	4.386	8.599
1	3	0	0	0.000533669	3	57	155.825	3.361	4.432	8.709
1	3	0	0	0.000530709	3	57	158.825	3.393	4.494	8.834
1	3	0	0	0.00052776	3	57	161.825	3.424	4.556	8.959
1	3	0	0	0.000524822	3	57	164.825	3.488	4.587	9.067
1	3	0	0	0.000521898	3	57	167.825	3.519	4.649	9.177
1	3	0	0	0.000518988	3	57	170.825	3.566	4.68	9.317
1	3	0	0	0.000516093	3	57	173.825	3.598	4.742	9.442
1	3	0	0	0.000513215	3	57	176.825	3.645	4.804	9.537
1	3	0	0	0.000510353	3	57	179.825	3.677	4.867	9.646
1	3	0	0	0.000507509	3	57	182.825	3.739	4.898	9.772
1	3	0	0	0.000504682	3	57	185.825	3.77	4.962	9.896
1	3	0	0	0.000501874	3	57	188.825	3.801	5.008	10.022
1	3	0	0	0.000499084	3	57	191.825	3.849	5.071	10.146
1	3	0	0	0.000496312	3	57	194.825	3.881	5.134	10.286
1	3	0	0	0.00049356	3	57	197.825	3.912	5.18	10.427
1	3	0	0	0.000490825	3	57	200.825	3.943	5.242	10.537
1	3	0	0	0.00048811	3	57	203.825	3.974	5.304	10.663
1	3	0	0	0.000485413	3	57	206.825	4.005	5.368	10.787
1	3	0	0	0.000482735	3	57	209.825	4.067	5.414	10.897
1	3	0	0	0.000480076	3	57	212.825	4.114	5.461	11.006
1	3	0	0	0.000477435	3	57	215.825	4.145	5.523	11.116
1	3	0	0	0.000474813	3	57	218.825	4.176	5.587	11.24
1	3	0	0	0.000472209	3	58	221.825	4.239	5.648	11.35
1	3	0	0	0.000469623	2	41	224.825	4.287	5.694	11.412
1	3	0	0	0.000467057	3	56	227.825	4.318	5.756	11.537
1	3	0	0	0.000464507	3	57	230.825	4.382	5.818	11.63
1	3	0	0	0.000461976	3	57	233.825	4.398	5.865	11.786
1	3	0	0	0.000459465	3	57	236.825	4.46	5.928	11.896
1	3	0	0	0.000456972	3	56	239.825	4.491	5.991	12.021
1	3	0	0	0.000454498	3	56	242.825	4.523	6.053	12.146
1	3	0	0	0.000452043	3	56	245.825	4.554	6.115	12.271
1	3	0	0	0.000449607	3	56	248.825	4.585	6.162	12.381
1	3	0	0	0.00044719	3	56	251.825	4.616	6.224	12.506
1	3	0	0	0.000444791	3	56	254.825	4.664	6.286	12.615
1	3	0	0	0.00044241	3	56	257.825	4.726	6.333	12.725
1	3	0	0	0.000440046	3	56	260.825	4.79	6.364	12.834
1	3	0	0	0.0004377	3	56	263.825	4.821	6.426	12.944
1	3	0	0	0.000435371	3	56	266.825	4.868	6.474	13.068
1	3	0	0	0.000433058	3	56	269.825	4.899	6.536	13.193
1	3	0	0	0.000430762	3	56	272.825	4.93	6.6	13.317
1	3	0	0	0.000428482	3	56	275.825	4.962	6.662	13.426
1	3	0	0	0.000426218	3	56	278.825	5.01	6.709	13.534
1	3	0	0	0.00042397	3	56	281.825	5.041	6.771	13.659
1	3	0	0	0.000421738	3	56	284.825	5.103	6.819	13.752
1	3	0	0	0.000419521	3	56	287.825	5.134	6.882	13.861
1	3	0	0	0.00041732	3	56	290.825	5.18	6.944	13.971
1	3	0	0	0.000415134	3	57	293.825	5.228	6.991	14.079
1	3	0	0	0.000412963	2	40	296.825	5.259	7.038	14.157
1	3	0	0	0.000410808	3	56	299.825	5.323	7.069	14.265
1	3	0	0	0.000408666	3	56	302.825	5.354	7.131	14.375
1	3	0	0	0.00040654	3	56	305.825	5.401	7.163	14.499
1	3	0	0	0.000404429	3	56	308.825	5.432	7.225	14.609
1	3	0	0	0.000402333	3	56	311.825	5.463	7.289	14.717
1	3	0	0	0.000400252	3	56	314.825	5.51	7.335	14.827
1	3	0	0	0.000398185	3	56	317.825	5.51	7.397	14.984
1	3	0	0	0.000396133	3	56	320.825	5.54	7.461	15.109
1	3	0	0	0.000394095	3	56	323.825	5.601	7.524	15.219
1	3	0	0	0.000392071	3	56	326.825	5.663	7.587	15.329
1	3	0	0	0.000390061	3	56	329.825	5.727	7.65	15.437
1	3	0	0	0.000388065	3	56	332.825	5.79	7.713	15.546
1	3	0	0	0.000386083	3	56	335.825	5.837	7.744	15.671
1	3	0	0	0.000384114	3	55	338.825	5.899	7.807	15.781
1	3	0	0	0.000382159	3	55	341.825	5.946	7.871	15.889
1	3	0	0	0.000380216	3	55	344.825	5.977	7.933	15.999
1	3	0	0	0.000378287	2	39	347.825	6.008	7.981	16.077
1	3	0	0	0.000376372	3	55	350.825	6.039	8.043	16.203
1	3	0	0	0.000374468	2	39	353.825	6.055	8.09	16.296
1	3	0	0	0.000372578	3	55	356.825	6.101	8.154	16.405
1	3	0	0	0.0003707	3	55	359.825	6.162	8.217	16.515
1	3	0	0	0.000368835	3	55	362.825	6.194	8.279	16.64
1	3	0	0	0.000366984	3	55	365.825	6.225	8.341	16.765
1	3	0	0	0.000365145	2	39	368.825	6.241	8.387	16.859
1	3	0	0	0.00036332	3	55	371.825	6.289	8.434	16.968
1	3	0	0	0.000361506	2	39	374.825	6.335	8.481	17.062
1	3	0	0	0.000359705	3	55	377.825	6.396	8.544	17.172
1	3	0	0	0.000357915	2	39	380.825	6.428	8.59	17.266
1	3	0	0	0.000356139	3	54	383.825	6.475	8.637	17.406
1	3	0	0	0.000354373	2	39	386.825	6.521	8.685	17.484
1	3	0	0	0.00035262	3	54	389.825	6.568	8.716	17.625
1	3	0	0	0.000350878	2	38	392.825	6.6	8.763	17.702
1	3	0	0	0.00034915	3	54	395.825	6.647	8.81	17.842
1	3	0	0	0.000347432	2	39	398.825	6.663	8.858	17.935
1	3	0	0	0.000345727	3	53	401.825	6.679	8.919	18.076
1	3	0	0	0.000344032	2	38	404.825	6.695	8.964	18.186
1	3	0	0	0.00034235	3	53	407.825	6.758	9.01	18.296
1	3	0	0	0.000340678	2	39	410.825	6.773	9.058	18.389
1	3	0	0	0.000339019	3	53	413.825	6.819	9.121	18.499
1	3	0	0	0.00033737	2	39	416.825	6.835	9.168	18.593
1	3	0	0	0.000335733	3	53	419.825	6.883	9.231	18.701
1	3	0	0	0.000334107	2	39	422.825	6.93	9.262	18.795
1	3	0	0	0.000332492	3	53	425.825	6.96	9.325	18.936
1	3	0	0	0.000330888	2	39	428.825	7.007	9.372	19.014
1	3	0	0	0.000329296	3	53	431.825	7.053	9.403	19.155
1	3	0	0	0.000327713	2	38	434.825	7.085	9.45	19.233
1	3	0	0	0.000326143	3	53	437.825	7.133	9.512	19.373
1	3	0	0	0.000324582	2	38	440.825	7.179	9.56	19.451
1	3	0	0	0.000323034	3	53	443.825	7.195	9.622	19.592
1	3	0	0	0.000321494	2	38	446.825	7.227	9.669	19.669
1	3	0	0	0.000319967	3	53	449.825	7.273	9.733	19.809
1	3	0	0	0.000318448	2	38	452.825	7.304	9.764	19.903
1	3	0	0	0.000316942	3	53	455.825	7.352	9.826	20.012
1	3	0	0	0.000315444	2	38	458.825	7.399	9.873	20.09
1	3	0	0	0.000313958	3	53	461.825	7.462	9.935	20.199
1	3	0	0	0.000312481	2	38	464.825	7.477	9.982	20.293
1	3	0	0	0.000311016	3	53	467.825	7.523	10.045	20.403
1	3	0	0	0.000309559	2	38	470.825	7.571	10.092	20.48
1	3	0	0	0.000308114	3	53	473.825	7.603	10.124	20.635
1	3	0	0	0.000306677	2	38	476.825	7.633	10.156	20.729
1	3	0	0	0.000305251	3	53	479.825	7.664	10.204	20.853
1	3	0	0	0.000303834	2	38	482.825	7.695	10.219	20.947
1	3	0	0	0.000302429	3	53	485.825	7.726	10.265	21.057
1	3	0	0	0.000301031	2	38	488.825	7.757	10.295	21.136
1	3	0	0	0.000299644	3	53	491.825	7.788	10.358	21.245
1	3	0	0	0.000298266	2	38	494.825	7.836	10.404	21.307
1	3	0	0	0.000296898	3	53	497.825	7.882	10.435	21.433
1	2.17476	0	0	0.000295539	2	34	500	7.914	10.483	21.51
