
 Simulation Finished Successfully 


 -------------------------- Performance Report -------------------------- 


 ------------ Mass Balance Error Report ------------- 

 OCIP     :	1.06977e+009	6.41863e+007	1.49768e+008	4.27909e+008	3.20932e+008	1.06977e+008	4.79775e+009	

 Residual :	1.14586e+009	6.79921e+007	1.46627e+008	4.12519e+008	3.09343e+008	1.03114e+008	4.79773e+009	
 Facilty  :	-1.14631e+008	-6.12238e+006	-2.26608e+006	-62036.7	-230.163	0	0	
 Facilty  :	3.85469e+007	2.31657e+006	5.40767e+006	1.54519e+007	1.15891e+007	3.86305e+006	19745.1	

 MB_Error :	-28.9662	0.328993	2.88172	8.41539	7.08208	2.50389	-0.105871	
 Rel_Error:	2.70769e-006%	5.12559e-007%	1.92412e-006%	1.96663e-006%	2.20673e-006%	2.34058e-006%	2.20667e-009%	


 ---- Total EoS counters ----
 flash iters SSI    =       5236, flash iters Newton =       1026
 Stab. iters SSI    =      74100, Stab. iters Newton =      90375

 No of Satb for Oil = 58005, No of Satb for gas =  6038, No of flash =   740
 time of Satb for Oil = 0.869, time of Satb for gas = 0.207, time for flash = 0.063

RV flahsh results:
 NSSI =       1864, NNewton =       2607
 Flash time =      0.032



Statistics of bypass stability analysis:
Total No:				 671153
Bypass No:				 613547
Failed Pressure No:	 49503
Failed Composition  No: 2703

 Variable Type : -----------------  Natural Variables
 Number of Implicit levels: ------        1
                    ImpVar --- TransImpLvl --- CFL_Limit --- Percent
       Scheme 0 :     7             4             1           100%

 Linear solver choice : ----------        5
 Preconditioner choice : ---------        4
 Linear solver Tolerance : -------     0.01

 Total running time: -------------       33 sec  ( 100 % )
   -Initialization time: ---------        0 sec  (   0 % )
   -Property Calc  time: ---------    3.675 sec  (  11 % )
   -Linearization  time: ---------    9.589 sec  (  29 % )
   -Newton Update  time: ---------    0.094 sec  (   0 % )
   -Solver running time: ---------   12.823 sec  (  39 % )
      --(B)ILU Pre fac time: -----    3.267 sec  (  10 % )
      --(B)ILU Pre slv time: -----    1.669 sec  (   5 % )
      --Pres dcpl time: ----------    1.784 sec  (   5 % )
      --Pres slv time: -----------    0.457 sec  (   1 % )
   -Timestep Calc  time: ---------        0 sec  (   0 % )
   -CFL No.  Calc  time: ---------        0 sec  (   0 % )


 Compositional simulation only:
 Initialization time for reservoir: ---------     0.25 sec
 Phase equilibrium running time: ------------    0.984 sec


 No. of timesteps: ---------------       47

 No. of Newton Iters : -----------      200
 No. of Waste Newton Iters : -----        0

 No. of Solver Iters : -----------      516
 No. of Waste Solver Iters : -----        0

 No. of Pres slvr iters : --------      516
 No. of Waste Pres slvr iters: ---        0

 Total elapsed = 33, steps = 47, Newton = 200, linear = 516

