Results for well: RES1_PROD.out in the reservoir: RES1_PROD.out

time	BHP	Temp	q(Gas)	q(Oil)
days	psi	F	Mscf/d	stb/d
0         	0         	-         	0         	0         	
0.1       	1000      	70        	67510.8   	2950.1    	
0.316017  	1000      	70        	43898     	1944.85   	
0.450679  	1000      	70        	42618.8   	1910.78   	
0.777657  	1000      	70        	42541.2   	1927.05   	
1.56346   	1000      	70        	41881.7   	1912.14   	
2.10575   	1000      	70        	41411.8   	1893.47   	
3.03109   	1000      	70        	40783     	1871.72   	
3.68269   	1000      	70        	40414.2   	1860.95   	
4.1306    	1000      	70        	40186.4   	1855.31   	
4.44219   	1000      	70        	40037.6   	1852.07   	
4.663     	1000      	70        	39936.8   	1850.1    	
5.25407   	1000      	70        	39687.6   	1846.35   	
5.65674   	1000      	70        	39527.2   	1844.37   	
5.94491   	1000      	70        	39417.1   	1843.25   	
6.71616   	1000      	70        	39151.7   	1842.15   	
7.24463   	1000      	70        	38981.6   	1842      	
8.55385   	1000      	70        	38616.5   	1844.32   	
9.40745   	1000      	70        	38398.6   	1846.51   	
10.0046   	1000      	70        	38255.1   	1848.3    	
10.4202   	1000      	70        	38170.4   	1850.56   	
10.7138   	1000      	70        	38113.8   	1852.29   	
10.9227   	1000      	70        	38074.3   	1853.51   	
11.5172   	1000      	70        	37968     	1857.04   	
11.9334   	1000      	70        	37896.3   	1859.47   	
13.0619   	1000      	70        	37720.9   	1866.06   	
13.8384   	1000      	70        	37608     	1870.5    	
15.8928   	1000      	70        	37357     	1881.41   	
17.2467   	1000      	70        	37209.1   	1887.99   	
18.2065   	1000      	70        	37112.5   	1892.34   	
18.8668   	1000      	70        	37049.8   	1895.16   	
19.3272   	1000      	70        	37007.8   	1897.05   	
20.6386   	1000      	70        	36900.7   	1901.7    	
21.5548   	1000      	70        	36831.5   	1904.57   	
24.0843   	1000      	70        	36673.9   	1909.22   	
25.8029   	1000      	70        	36580.8   	1910.88   	
30.2604   	1000      	70        	36416.3   	1907.08   	
33.3057   	1000      	70        	36334.6   	1901.08   	
41.1506   	1000      	70        	36245.8   	1871.63   	
46.108    	1000      	70        	36229.4   	1849.51   	
58.3321   	1000      	70        	36265.8   	1790.05   	
66.2448   	1000      	70        	36309.1   	1753.7    	
72.0207   	1000      	70        	36344.3   	1729.48   	
75.792    	1000      	70        	36384.8   	1715.91   	
78.3075   	1000      	70        	36413.5   	1707.4    	
85.0705   	1000      	70        	36478.3   	1687.48   	
89.6385   	1000      	70        	36516.9   	1675.47   	
101.332   	1000      	70        	36579.2   	1652.39   	
108.592   	1000      	70        	36606.8   	1640.58   	
113.471   	1000      	70        	36622     	1633.52   	
126.079   	1000      	70        	36638.6   	1618.57   	
133.536   	1000      	70        	36645.1   	1610.95   	
150.684   	1000      	70        	36641.8   	1598.14   	
160.756   	1000      	70        	36634.6   	1591.98   	
167.103   	1000      	70        	36627.2   	1588.49   	
171.147   	1000      	70        	36621.6   	1586.44   	
173.923   	1000      	70        	36617.4   	1585.1    	
175.795   	1000      	70        	36614.4   	1584.24   	
177.042   	1000      	70        	36612.3   	1583.67   	
180.648   	1000      	70        	36605.6   	1582.13   	
183       	1000      	70        	36600.9   	1581.16   	
184.678   	1000      	70        	36597.4   	1580.48   	
185.812   	1000      	70        	36594.9   	1580.03   	
189.063   	1000      	70        	36587.5   	1578.81   	
191.261   	1000      	70        	36582.3   	1578.01   	
192.731   	1000      	70        	36578.7   	1577.5    	
193.728   	1000      	70        	36576.3   	1577.16   	
196.618   	1000      	70        	36569.4   	1576.23   	
204.506   	1000      	70        	36550.4   	1573.99   	
209.511   	1000      	70        	36538.7   	1572.69   	
222.221   	1000      	70        	36511.1   	1569.65   	
230.503   	1000      	70        	36494.2   	1567.8    	
236.467   	1000      	70        	36482.2   	1566.5    	
240.341   	1000      	70        	36474.4   	1565.67   	
242.785   	1000      	70        	36469.5   	1565.15   	
244.428   	1000      	70        	36466.2   	1564.79   	
245.503   	1000      	70        	36464     	1564.56   	
248.632   	1000      	70        	36457.5   	1563.87   	
250.7     	1000      	70        	36453.1   	1563.42   	
256.427   	1000      	70        	36440.7   	1562.18   	
260.163   	1000      	70        	36432.5   	1561.38   	
262.661   	1000      	70        	36427     	1560.86   	
269.567   	1000      	70        	36411.4   	1559.43   	
274.04    	1000      	70        	36401.2   	1558.51   	
276.95    	1000      	70        	36394.5   	1557.92   	
278.865   	1000      	70        	36390.2   	1557.53   	
284.215   	1000      	70        	36378.8   	1556.5    	
288.063   	1000      	70        	36371.1   	1555.77   	
290.521   	1000      	70        	36366.4   	1555.32   	
297.326   	1000      	70        	36354.9   	1554.09   	
301.883   	1000      	70        	36347.8   	1553.26   	
305.176   	1000      	70        	36342.9   	1552.67   	
314.137   	1000      	70        	36330.8   	1551.07   	
319.711   	1000      	70        	36323.3   	1550.08   	
323.39    	1000      	70        	36318.3   	1549.42   	
325.794   	1000      	70        	36315     	1548.98   	
332.506   	1000      	70        	36305.7   	1547.8    	
336.876   	1000      	70        	36299.4   	1547.03   	
339.706   	1000      	70        	36295.3   	1546.54   	
347.444   	1000      	70        	36283.5   	1545.21   	
352.485   	1000      	70        	36275.7   	1544.35   	
355.788   	1000      	70        	36270.5   	1543.79   	
364.831   	1000      	70        	36256.1   	1542.29   	
370.519   	1000      	70        	36246.9   	1541.35   	
374.197   	1000      	70        	36241     	1540.75   	
376.58    	1000      	70        	36237.1   	1540.36   	
378.127   	1000      	70        	36234.6   	1540.11   	
382.543   	1000      	70        	36227.6   	1539.4    	
385.74    	1000      	70        	36222.7   	1538.89   	
394.476   	1000      	70        	36209.5   	1537.51   	
399.829   	1000      	70        	36201.4   	1536.66   	
403.186   	1000      	70        	36196.4   	1536.13   	
405.39    	1000      	70        	36193.1   	1535.79   	
411.636   	1000      	70        	36184.2   	1534.83   	
427.752   	1000      	70        	36164     	1532.48   	
438.482   	1000      	70        	36151.5   	1530.97   	
458.482   	1000      	70        	36130.7   	1528.35   	
478.482   	1000      	70        	36111     	1525.89   	
489.395   	1000      	70        	36100.7   	1524.6    	
509.395   	1000      	70        	36083.1   	1522.38   	
525.153   	1000      	70        	36069.7   	1520.7    	
536.493   	1000      	70        	36060.2   	1519.52   	
556.493   	1000      	70        	36043.8   	1517.53   	
570.842   	1000      	70        	36032.3   	1516.16   	
590.842   	1000      	70        	36017.3   	1514.34   	
610.842   	1000      	70        	36003.1   	1512.61   	
630.842   	1000      	70        	35989.6   	1510.98   	
650.842   	1000      	70        	35976.6   	1509.43   	
670.842   	1000      	70        	35964.1   	1507.98   	
690.842   	1000      	70        	35952.2   	1506.61   	
710.842   	1000      	70        	35940.6   	1505.32   	
730.842   	1000      	70        	35929.6   	1504.12   	
750.842   	1000      	70        	35919.3   	1503.01   	
770.842   	1000      	70        	35910     	1502      	
790.842   	1000      	70        	35901.4   	1501.05   	
810.842   	1000      	70        	35893.6   	1500.18   	
830.842   	1000      	70        	35886.6   	1499.37   	
850.842   	1000      	70        	35880.3   	1498.6    	
870.842   	1000      	70        	35874.8   	1497.86   	
890.842   	1000      	70        	35869.2   	1497.13   	
910.842   	1000      	70        	35864.4   	1496.43   	
930.842   	1000      	70        	35860     	1495.74   	
950.842   	1000      	70        	35855.7   	1495.05   	
970.842   	1000      	70        	35852.1   	1494.38   	
980.842   	1000      	70        	35850.3   	1494.04   	
982.806   	1000      	70        	35850     	1493.98   	
983.085   	1000      	70        	35849.9   	1493.97   	
983.571   	1000      	70        	35849.9   	1493.95   	
984.254   	1000      	70        	35849.7   	1493.93   	
985.342   	1000      	70        	35849.6   	1493.89   	
987.564   	1000      	70        	35849.2   	1493.82   	
991.964   	1000      	70        	35848.7   	1493.69   	
1003.85   	1000      	70        	35847.4   	1493.31   	
1023.85   	1000      	70        	35844.9   	1492.67   	
1043.85   	1000      	70        	35843.7   	1492.09   	
1052.79   	1000      	70        	35843.2   	1491.84   	
1072.79   	1000      	70        	35841.7   	1491.26   	
1092.79   	1000      	70        	35840     	1490.7    	
1112.79   	1000      	70        	35839.3   	1490.2    	
1132.72   	1000      	70        	35838.2   	1489.7    	
1152.72   	1000      	70        	35836.7   	1489.21   	
1172.72   	1000      	70        	35835.4   	1488.76   	
1180      	1000      	70        	35834.9   	1488.6    	
1198.28   	1000      	70        	35833.9   	1488.21   	
1218.28   	1000      	70        	35833.3   	1487.83   	
1238.28   	1000      	70        	35832.9   	1487.49   	
1258.28   	1000      	70        	35832.3   	1487.17   	
1278.28   	1000      	70        	35831.9   	1486.91   	
1296.49   	1000      	70        	35832.1   	1486.72   	
1303.02   	1000      	70        	35832.2   	1486.65   	
1317.56   	1000      	70        	35832.1   	1486.52   	
1321.95   	1000      	70        	35832     	1486.48   	
1330.98   	1000      	70        	35832.3   	1486.43   	
1342.41   	1000      	70        	35832.6   	1486.38   	
1362.41   	1000      	70        	35832.2   	1486.3    	
1382.41   	1000      	70        	35831.1   	1486.26   	
1400      	1000      	70        	35830     	1486.27   	
