 % Watched Cells Output (dead cell outpus 'd' if any)
time	pres(0)	sat(0)	sat(0)	pres(499)	sat(499)	sat(499)	
day	psi	**	**	psi	**	**	
0	3000	1	0	3007.195	1	0	
0.1	3021.286	1	0	2968.317	1	0	
0.3160174	3051.436	1	0	2944.122	0.624856	0.375144	
0.4506793	3066.558	1	0	2931.316	0.6013047	0.3986953	
0.7776575	3091.322	1	0	2906.843	0.5776233	0.4223767	
1.563465	3124.373	1	0	2855.618	0.5541972	0.4458028	
2.105751	3140.554	1	0	2828.487	0.5464599	0.4535401	
3.031091	3159.135	1	0	2795.412	0.5374682	0.4625318	
3.682694	3169.489	1	0	2777.293	0.5325262	0.4674738	
4.130602	3175.659	1	0	2766.509	0.5294767	0.4705233	
4.442195	3179.577	1	0	2759.626	0.5274743	0.4725257	
4.663004	3182.189	1	0	2755.037	0.5261039	0.4738961	
5.254066	3188.288	1	0	2743.958	0.5225848	0.4774152	
5.65674	3192.099	1	0	2736.996	0.5203157	0.4796843	
5.944908	3194.67	1	0	2732.298	0.5187455	0.4812545	
6.716156	3200.679	1	0	2721.293	0.5147323	0.4852677	
7.244626	3204.45	1	0	2714.429	0.5121318	0.4878682	
8.553848	3212.213	1	0	2700.279	0.506202	0.493798	
9.407455	3216.719	1	0	2692.127	0.5026347	0.4973653	
10.00464	3219.629	1	0	2686.872	0.500263	0.499737	
10.42015	3221.545	1	0	2683.413	0.4986771	0.5013229	
10.71379	3222.848	1	0	2681.06	0.4975876	0.5024124	
10.92273	3223.75	1	0	2679.429	0.4968276	0.5031724	
11.51715	3226.132	1	0	2675.093	0.494759	0.505241	
11.93344	3227.716	1	0	2672.2	0.4933659	0.5066341	
13.0619	3231.481	1	0	2665.249	0.4898818	0.5101182	
13.83839	3233.849	1	0	2660.866	0.4876394	0.5123606	
15.89283	3238.876	1	0	2651.371	0.4825468	0.5174532	
17.24669	3241.733	1	0	2645.918	0.4795809	0.5204191	
18.20655	3243.553	1	0	2642.411	0.4776583	0.5223417	
18.86678	3244.714	1	0	2640.153	0.4764186	0.5235814	
19.3272	3245.481	1	0	2638.65	0.4755934	0.5244066	
20.63858	3247.371	1	0	2634.838	0.4735346	0.5264654	
21.55475	3248.562	1	0	2632.392	0.4722428	0.5277572	
24.08434	3251.066	1	0	2626.783	0.4696835	0.5303165	
25.80289	3252.468	1	0	2623.447	0.4683925	0.5316075	
30.2604	3254.676	1	0	2617.227	0.4674068	0.5325932	
33.30572	3255.671	1	0	2613.909	0.4676927	0.5323073	
41.15059	3256.223	1	0	2608.9	0.472284	0.527716	
46.10796	3256.021	1	0	2606.913	0.4762314	0.5237686	
58.33207	3254.094	1	0	2604.306	0.4875584	0.5124416	
66.24476	3252.485	1	0	2603.401	0.4946697	0.5053303	
72.02067	3251.174	1	0	2603.007	0.4994617	0.5005383	
75.79199	3250.279	1	0	2602.725	0.5024679	0.4975321	
78.30752	3249.665	1	0	2602.535	0.5043994	0.4956006	
85.0705	3247.967	1	0	2601.986	0.5088632	0.4911368	
89.6385	3246.803	1	0	2601.624	0.5115343	0.4884657	
101.3322	3243.903	1	0	2600.45	0.5164269	0.4835731	
108.5918	3242.125	1	0	2599.666	0.5188329	0.4811671	
113.4711	3240.916	1	0	2599.14	0.5202393	0.4797607	
126.0786	3238.024	1	0	2597.411	0.5229276	0.4770724	
133.5361	3236.32	1	0	2596.443	0.5242484	0.4757516	
150.6842	3232.55	1	0	2594.243	0.5261966	0.4738034	
160.7558	3230.391	1	0	2592.963	0.5270354	0.4729646	
167.1033	3229.121	1	0	2592.114	0.5274597	0.4725403	
171.1468	3228.325	1	0	2591.565	0.52769	0.47231	
173.923	3227.782	1	0	2591.187	0.5278305	0.4721695	
175.795	3227.421	1	0	2590.931	0.5279178	0.4720822	
177.0417	3227.182	1	0	2590.76	0.5279728	0.4720272	
180.6483	3226.513	1	0	2590.251	0.528108	0.471892	
182.9998	3226.085	1	0	2589.914	0.5281864	0.4718136	
184.6782	3225.784	1	0	2589.671	0.5282376	0.4717624	
185.8118	3225.583	1	0	2589.504	0.5282701	0.4717299	
189.0631	3225.009	1	0	2589.023	0.5283467	0.4716533	
191.2612	3224.623	1	0	2588.696	0.5283914	0.4716086	
192.7314	3224.366	1	0	2588.478	0.5284181	0.4715819	
193.7284	3224.192	1	0	2588.331	0.5284348	0.4715652	
196.6179	3223.681	1	0	2587.916	0.5284737	0.4715263	
204.5063	3222.288	1	0	2586.837	0.5285356	0.4714644	
209.5109	3221.392	1	0	2586.182	0.5285625	0.4714375	
222.2211	3219.225	1	0	2584.644	0.5286252	0.4713748	
230.5029	3217.822	1	0	2583.709	0.5286656	0.4713344	
236.4671	3216.886	1	0	2583.046	0.5286932	0.4713068	
240.3414	3216.286	1	0	2582.618	0.5287096	0.4712904	
242.785	3215.918	1	0	2582.348	0.5287193	0.4712807	
244.4277	3215.679	1	0	2582.165	0.5287269	0.4712731	
245.5033	3215.525	1	0	2582.045	0.5287323	0.4712677	
248.6319	3215.087	1	0	2581.689	0.5287476	0.4712524	
250.6997	3214.795	1	0	2581.453	0.5287572	0.4712428	
256.4271	3214.04	1	0	2580.788	0.5287764	0.4712236	
260.1632	3213.555	1	0	2580.352	0.5287858	0.4712142	
262.6609	3213.224	1	0	2580.062	0.528791	0.471209	
269.5667	3212.373	1	0	2579.248	0.5287991	0.4712009	
274.0399	3211.828	1	0	2578.718	0.5288024	0.4711976	
276.9496	3211.471	1	0	2578.375	0.5288039	0.4711961	
278.8653	3211.231	1	0	2578.151	0.5288047	0.4711953	
284.2153	3210.529	1	0	2577.559	0.52881	0.47119	
288.0633	3210.007	1	0	2577.154	0.5288173	0.4711827	
290.521	3209.666	1	0	2576.905	0.5288239	0.4711761	
297.3256	3208.699	1	0	2576.278	0.5288593	0.4711407	
301.883	3208.062	1	0	2575.88	0.5288908	0.4711092	
305.1758	3207.597	1	0	2575.602	0.5289173	0.4710827	
314.1374	3206.349	1	0	2574.889	0.5290033	0.4709967	
319.7112	3205.64	1	0	2574.449	0.5290595	0.4709405	
323.3903	3205.199	1	0	2574.156	0.5290966	0.4709034	
325.7945	3204.91	1	0	2573.963	0.5291207	0.4708793	
332.5062	3204.104	1	0	2573.421	0.5291819	0.4708181	
336.8762	3203.616	1	0	2573.063	0.5292192	0.4707808	
339.7056	3203.3	1	0	2572.83	0.5292422	0.4707578	
347.4439	3202.471	1	0	2572.178	0.5292957	0.4707043	
352.4847	3201.952	1	0	2571.748	0.5293271	0.4706729	
355.7875	3201.601	1	0	2571.465	0.5293464	0.4706536	
364.8307	3200.678	1	0	2570.688	0.5293927	0.4706073	
370.519	3200.128	1	0	2570.196	0.5294203	0.4705797	
374.1972	3199.772	1	0	2569.878	0.5294375	0.4705625	
376.58	3199.547	1	0	2569.672	0.5294485	0.4705515	
378.1269	3199.401	1	0	2569.539	0.5294556	0.4705444	
382.5431	3198.977	1	0	2569.164	0.5294759	0.4705241	
385.7401	3198.655	1	0	2568.898	0.5294911	0.4705089	
394.476	3197.785	1	0	2568.188	0.5295372	0.4704628	
399.8289	3197.266	1	0	2567.754	0.5295668	0.4704332	
403.1856	3196.954	1	0	2567.482	0.5295856	0.4704144	
405.3902	3196.746	1	0	2567.304	0.529598	0.470402	
411.6357	3196.101	1	0	2566.82	0.5296346	0.4703654	
427.7516	3194.454	1	0	2565.689	0.5297442	0.4702558	
438.4821	3193.309	1	0	2564.982	0.5298227	0.4701773	
458.4821	3191.149	1	0	2563.787	0.5299709	0.4700291	
478.4821	3189.163	1	0	2562.656	0.5301071	0.4698929	
489.395	3188.085	1	0	2562.067	0.5301788	0.4698212	
509.395	3186.225	1	0	2561.05	0.5303028	0.4696972	
525.1534	3184.848	1	0	2560.277	0.5303952	0.4696048	
536.4931	3183.857	1	0	2559.736	0.5304591	0.4695409	
556.4931	3182.272	1	0	2558.801	0.5305608	0.4694392	
570.8421	3181.131	1	0	2558.151	0.53063	0.46937	
590.8421	3179.582	1	0	2557.298	0.5307228	0.4692772	
610.8421	3178.102	1	0	2556.489	0.5308113	0.4691887	
630.8421	3176.696	1	0	2555.719	0.5308935	0.4691065	
650.8421	3175.355	1	0	2554.985	0.5309684	0.4690316	
670.8421	3174.069	1	0	2554.285	0.5310356	0.4689644	
690.8421	3172.862	1	0	2553.616	0.5310948	0.4689052	
710.8421	3171.717	1	0	2552.979	0.5311463	0.4688537	
730.8421	3170.617	1	0	2552.374	0.5311906	0.4688094	
750.8421	3169.539	1	0	2551.809	0.5312295	0.4687705	
770.8421	3168.453	1	0	2551.298	0.5312662	0.4687338	
790.8421	3167.43	1	0	2550.821	0.5312992	0.4687008	
810.8421	3166.417	1	0	2550.388	0.5313309	0.4686691	
830.8421	3165.46	1	0	2549.993	0.5313638	0.4686362	
850.8421	3164.541	1	0	2549.628	0.5313984	0.4686016	
870.8421	3163.656	1	0	2549.301	0.5314371	0.4685629	
890.8421	3162.861	1	0	2548.971	0.5314752	0.4685248	
910.8421	3162.058	1	0	2548.676	0.5315174	0.4684826	
930.8421	3161.331	1	0	2548.394	0.5315636	0.4684364	
950.8421	3160.662	1	0	2548.116	0.5316114	0.4683886	
970.8421	3159.993	1	0	2547.867	0.5316643	0.4683357	
980.8421	3159.67	1	0	2547.745	0.5316918	0.4683082	
982.8055	3159.607	1	0	2547.722	0.5316972	0.4683028	
983.085	3159.598	1	0	2547.718	0.531698	0.468302	
983.5706	3159.583	1	0	2547.712	0.5316994	0.4683006	
984.2539	3159.561	1	0	2547.704	0.5317013	0.4682987	
985.3423	3159.525	1	0	2547.691	0.5317043	0.4682957	
987.5638	3159.448	1	0	2547.666	0.5317104	0.4682896	
991.9638	3159.296	1	0	2547.622	0.5317231	0.4682769	
1003.85	3158.929	1	0	2547.509	0.5317618	0.4682382	
1023.85	3158.372	1	0	2547.306	0.5318247	0.4681753	
1043.85	3157.773	1	0	2547.16	0.5318927	0.4681073	
1052.787	3157.522	1	0	2547.096	0.5319237	0.4680763	
1072.787	3157.008	1	0	2546.937	0.5319873	0.4680127	
1092.787	3156.522	1	0	2546.778	0.5320457	0.4679543	
1112.787	3156.012	1	0	2546.662	0.5321064	0.4678936	
1132.722	3155.569	1	0	2546.531	0.532162	0.467838	
1152.722	3155.166	1	0	2546.389	0.5322103	0.4677897	
1172.722	3154.768	1	0	2546.261	0.5322547	0.4677453	
1179.998	3154.629	1	0	2546.217	0.5322706	0.4677294	
1198.279	3154.298	1	0	2546.111	0.5323078	0.4676922	
1218.279	3153.932	1	0	2546.021	0.5323469	0.4676531	
1238.279	3153.583	1	0	2545.946	0.5323823	0.4676177	
1258.279	3153.26	1	0	2545.864	0.5324091	0.4675909	
1278.279	3152.924	1	0	2545.8	0.5324293	0.4675707	
1296.491	3152.614	1	0	2545.772	0.5324451	0.4675549	
1303.02	3152.507	1	0	2545.762	0.5324503	0.4675497	
1317.559	3152.286	1	0	2545.733	0.5324552	0.4675448	
1321.952	3152.219	1	0	2545.725	0.5324561	0.4675439	
1330.979	3152.07	1	0	2545.724	0.5324568	0.4675432	
1342.406	3151.895	1	0	2545.725	0.5324564	0.4675436	
1362.406	3151.635	1	0	2545.694	0.5324386	0.4675614	
1382.406	3151.397	1	0	2545.644	0.5324033	0.4675967	
1400	3151.197	1	0	2545.601	0.532362	0.467638	
