Results for well: MSWell_1_Seg.out in the reservoir: MSWell_1_Seg.out

  t       BHP	     q(Gas)       q(Oil)    q(Water)
(days)   (psia)    (MSCF/day)   (STB/day)  (STB/day)
0         4800        0           0           0         
 -------Segment BHP        Vm        Vsg        Vsw        alpha G        alpha O        alpha W
 -------Seg 0	 4800         0	0	 0	 0  1  0
 -------Seg 1	 -1           0	0	 0	 0  1  0
 -------Seg 2	 -1           0	0	 0	 0  1  0
 -------Seg 3	 -1           0	0	 0	 0  1  0
 -------Seg 4	 -1           0	0	 0	 0  1  0
 -------Seg 5	 -1           0	0	 0	 0  1  0
 -------Seg 6	 -1           0	0	 0	 0  1  0
 -------Seg 7	 -1           0	0	 0	 0  1  0
 -------Seg 8	 -1           0	0	 0	 0  1  0
 -------Seg 9	 -1           0	0	 0	 0  1  0
 -------Seg 10	 -1           0	0	 0	 0  1  0
 -------Seg 11	 -1           0	0	 0	 0  1  0
 -------Seg 12	 -1           0	0	 0	 0  1  0
 -------Seg 13	 -1           0	0	 0	 0  1  0
 -------Seg 14	 -1           0	0	 0	 0  1  0
 -------Seg 15	 -1           0	0	 0	 0  1  0
 -------Seg 16	 -1           0	0	 0	 0  1  0
 -------Seg 17	 -1           0	0	 0	 0  1  0
 -------Seg 18	 -1           0	0	 0	 0  1  0
 -------Seg 19	 -1           0	0	 0	 0  1  0
 -------Seg 20	 -1           0	0	 0	 0  1  0
 -------Seg 21	 -1           0	0	 0	 0  1  0
 -------Seg 22	 -1           0	0	 0	 0  1  0
 -------Seg 23	 -1           0	0	 0	 0  1  0
 -------Seg 24	 -1           0	0	 0	 0  1  0
 -------Seg 25	 -1           0	0	 0	 0  1  0
 -------Seg 26	 -1           0	0	 0	 0  1  0
 -------Seg 27	 -1           0	0	 0	 0  1  0
 -------Seg 28	 -1           0	0	 0	 0  1  0
 -------Seg 29	 -1           0	0	 0	 0  1  0
 -------Seg 30	 -1           0	0	 0	 0  1  0
 -------Seg 31	 -1           0	0	 0	 0  1  0
 -------Seg 32	 -1           0	0	 0	 0  1  0
 -------Seg 33	 -1           0	0	 0	 0  1  0
 -------Seg 34	 -1           0	0	 0	 0  1  0


0.01      4800        3111.4596   2705.62     846.766   
 -------Segment BHP        Vm        Vsg        Vsw        alpha G        alpha O        alpha W
 -------Seg 0	 4800         6.33051	0.24913	 0.963774	 0.039354  0.808403  0.152243
 -------Seg 1	 4800.01      2.89609	0.103635	 0.443786	 0.0357846  0.810979  0.153236
 -------Seg 2	 4882.67      2.87044	0.0982205	 0.440379	 0.034218  0.812363  0.153419
 -------Seg 3	 4964.52      2.84486	0.0759013	 0.439682	 0.0266802  0.818767  0.154553
 -------Seg 4	 5045.63      2.82045	0.0526312	 0.439152	 0.0186606  0.825637  0.155703
 -------Seg 5	 5126.13      2.79971	0.0314043	 0.43879	 0.011217  0.832056  0.156727
 -------Seg 6	 5206.53      2.79523	0.0278354	 0.438578	 0.00995818  0.833139  0.156903
 -------Seg 7	 5287.69      2.79102	0.0242193	 0.438396	 0.00867758  0.834249  0.157074
 -------Seg 8	 5295.65      0.8803	0.0207955	 0.138246	 0.0236232  0.819333  0.157044
 -------Seg 9	 5303.61      0.879681	0.0191761	 0.138193	 0.021799  0.821106  0.157095
 -------Seg 10	 5311.56      0.879131	0.0173457	 0.138148	 0.0197305  0.823128  0.157142
 -------Seg 11	 5319.52      0.878653	0.0152751	 0.13811	 0.0173846  0.825431  0.157184
 -------Seg 12	 5327.48      0.878256	0.0129315	 0.138079	 0.014724  0.828056  0.15722
 -------Seg 13	 5335.45      0.877947	0.0102774	 0.138053	 0.0117062  0.831048  0.157246
 -------Seg 14	 5343.43      0.877735	0.00727065	 0.138032	 0.00828342  0.834458  0.157259
 -------Seg 15	 5351.54      0.877629	0.00386292	 0.138012	 0.00440154  0.838342  0.157256
 -------Seg 16	 4949.79      7.60573	0.149375	 1.17799	 0.0196398  0.825478  0.154882
 -------Seg 17	 5097.91      7.49265	0.0393655	 1.19279	 0.00525389  0.835551  0.159195
 -------Seg 18	 5194.28      5.85116	0.000880004	 0.945487	 0.000150398  0.83826  0.16159
 -------Seg 19	 5296         5.84195	0.00042189	 0.945671	 7.22174e-005  0.838052  0.161876
 -------Seg 20	 5097.92      1.62451	0.0221394	 0.281454	 0.0136284  0.813117  0.173255
 -------Seg 21	 5147.95      1.62083	0.0271504	 0.254308	 0.016751  0.826349  0.1569
 -------Seg 22	 5197.91      1.61869	0.02483	 0.254188	 0.0153396  0.827627  0.157034
 -------Seg 23	 5247.84      1.61674	0.0223935	 0.254091	 0.013851  0.828987  0.157162
 -------Seg 24	 5297.73      1.61499	0.0198318	 0.254015	 0.0122798  0.830434  0.157286
 -------Seg 25	 5347.61      1.61344	0.0171353	 0.25396	 0.0106204  0.831976  0.157403
 -------Seg 26	 5397.8       1.61207	0.0142932	 0.253925	 0.00886636  0.833619  0.157514
 -------Seg 27	 5400.69      0.387923	0.0113749	 0.0609624	 0.0293225  0.813527  0.157151
 -------Seg 28	 5403.57      0.387581	0.0109013	 0.0609327	 0.0281266  0.81466  0.157213
 -------Seg 29	 5406.45      0.387275	0.0102874	 0.060912	 0.0265636  0.816153  0.157284
 -------Seg 30	 5409.33      0.387016	0.00948964	 0.0609014	 0.02452  0.818118  0.157362
 -------Seg 31	 5412.21      0.386814	0.00845082	 0.060902	 0.0218472  0.820708  0.157445
 -------Seg 32	 5415.09      0.386686	0.00709621	 0.0609145	 0.0183513  0.824119  0.15753
 -------Seg 33	 5417.98      0.386651	0.00532797	 0.0609391	 0.0137798  0.828613  0.157607
 -------Seg 34	 5420.9       0.386735	0.0030182	 0.0609748	 0.00780432  0.83453  0.157665


0.11      4800        3102.7325   2698.03     844.267   
 -------Segment BHP        Vm        Vsg        Vsw        alpha G        alpha O        alpha W
 -------Seg 0	 4800         6.30264	0.208562	 0.959222	 0.0330912  0.814715  0.152194
 -------Seg 1	 4800.01      2.8769	0.0796798	 0.439091	 0.0276964  0.819677  0.152626
 -------Seg 2	 4881.97      2.85181	0.0702196	 0.43645	 0.0246228  0.822334  0.153043
 -------Seg 3	 4963.24      2.8278	0.0455658	 0.436338	 0.0161135  0.829583  0.154303
 -------Seg 4	 5043.86      2.80478	0.021903	 0.436228	 0.00780917  0.836661  0.15553
 -------Seg 5	 5123.9       2.78475	0.00167403	 0.43612	 0.000601142  0.842789  0.15661
 -------Seg 6	 5203.84      2.78132	0.00153387	 0.436014	 0.000551491  0.842683  0.156765
 -------Seg 7	 5284.54      2.77786	0.00140908	 0.435906	 0.000507252  0.842571  0.156922
 -------Seg 8	 5292.56      0.879336	0.00131496	 0.138059	 0.0014954  0.841501  0.157004
 -------Seg 9	 5300.59      0.879288	0.00106419	 0.138055	 0.00121028  0.841782  0.157008
 -------Seg 10	 5308.62      0.879236	0.000831067	 0.138051	 0.000945215  0.842043  0.157012
 -------Seg 11	 5316.64      0.879179	0.000618554	 0.138045	 0.000703559  0.84228  0.157016
 -------Seg 12	 5324.67      0.879116	0.000430005	 0.13804	 0.000489133  0.84249  0.157021
 -------Seg 13	 5332.7       0.879046	0.000269235	 0.138033	 0.000306281  0.842667  0.157026
 -------Seg 14	 5340.73      0.878968	0.000140583	 0.138027	 0.000159941  0.842807  0.157033
 -------Seg 15	 5348.88      0.87888	4.89734e-005	 0.13802	 5.57225e-005  0.842903  0.157041
 -------Seg 16	 4949.39      7.58725	0.124299	 1.17729	 0.0163827  0.828451  0.155166
 -------Seg 17	 5097.19      7.47503	0.0150381	 1.19581	 0.00201178  0.838014  0.159974
 -------Seg 18	 5193.28      5.84043	2.96009e-007	 0.945155	 5.06828e-008  0.83817  0.16183
 -------Seg 19	 5294.7       5.83128	9.55258e-008	 0.945094	 1.63816e-008  0.837927  0.162073
 -------Seg 20	 5097.2       1.61741	0.00401233	 0.301678	 0.00248071  0.811  0.186519
 -------Seg 21	 5147.16      1.6138	0.00259942	 0.253608	 0.00161075  0.84124  0.15715
 -------Seg 22	 5197.08      1.61258	0.0024088	 0.253573	 0.00149376  0.841259  0.157247
 -------Seg 23	 5246.97      1.61136	0.00223437	 0.253538	 0.00138664  0.841269  0.157344
 -------Seg 24	 5296.83      1.61014	0.00207696	 0.253503	 0.00128993  0.841268  0.157442
 -------Seg 25	 5346.65      1.60892	0.00193744	 0.253467	 0.00120419  0.841257  0.157539
 -------Seg 26	 5396.75      1.60768	0.00181667	 0.253431	 0.00112999  0.841233  0.157637
 -------Seg 27	 5399.69      0.389084	0.00172773	 0.0613658	 0.00444049  0.837841  0.157719
 -------Seg 28	 5402.63      0.389136	0.00144683	 0.0613732	 0.00371806  0.838565  0.157717
 -------Seg 29	 5405.57      0.389187	0.0011714	 0.0613798	 0.00300987  0.839277  0.157713
 -------Seg 30	 5408.51      0.389236	0.000905728	 0.0613852	 0.00232694  0.839966  0.157707
 -------Seg 31	 5411.46      0.389281	0.000655498	 0.0613895	 0.00168387  0.840616  0.1577
 -------Seg 32	 5414.4       0.38932	0.000428236	 0.0613926	 0.00109996  0.841208  0.157692
 -------Seg 33	 5417.35      0.389351	0.00023386	 0.0613943	 0.00060064  0.841716  0.157684
 -------Seg 34	 5420.32      0.38937	8.54117e-005	 0.0613948	 0.000219358  0.842104  0.157677


0.398608  4800        3095.4204   2691.67     842.299   
 -------Segment BHP        Vm        Vsg        Vsw        alpha G        alpha O        alpha W
 -------Seg 0	 4800         6.28844	0.204921	 0.957006	 0.0325869  0.815228  0.152185
 -------Seg 1	 4800.01      2.86954	0.0777937	 0.436607	 0.0271102  0.820738  0.152152
 -------Seg 2	 4881.56      2.84464	0.0681892	 0.434029	 0.0239711  0.823451  0.152578
 -------Seg 3	 4962.42      2.82078	0.0438207	 0.433921	 0.015535  0.830635  0.15383
 -------Seg 4	 5042.63      2.7979	0.0204402	 0.433813	 0.00730558  0.837644  0.15505
 -------Seg 5	 5122.26      2.77761	2.77793e-005	 0.433707	 1.00012e-005  0.843846  0.156144
 -------Seg 6	 5201.79      2.77419	2.51365e-005	 0.433601	 9.06085e-006  0.843693  0.156298
 -------Seg 7	 5282.06      2.77075	2.27172e-005	 0.433494	 8.19896e-006  0.843538  0.156454
 -------Seg 8	 5290.13      0.881862	2.07364e-005	 0.138018	 2.35143e-005  0.843469  0.156508
 -------Seg 9	 5298.2       0.881753	1.49697e-005	 0.138012	 1.69772e-005  0.843463  0.15652
 -------Seg 10	 5306.28      0.881644	1.0297e-005	 0.138007	 1.16793e-005  0.843455  0.156533
 -------Seg 11	 5314.35      0.881535	6.64331e-006	 0.138001	 7.53608e-006  0.843446  0.156546
 -------Seg 12	 5322.42      0.881425	3.92062e-006	 0.137995	 4.44805e-006  0.843436  0.156559
 -------Seg 13	 5330.48      0.881315	2.02558e-006	 0.13799	 2.29836e-006  0.843425  0.156572
 -------Seg 14	 5338.55      0.881206	8.37633e-007	 0.137984	 9.50554e-007  0.843413  0.156586
 -------Seg 15	 5346.74      0.881094	2.16597e-007	 0.137979	 2.45828e-007  0.843401  0.156599
 -------Seg 16	 4948.93      7.57255	0.121917	 1.17812	 0.0160999  0.828322  0.155578
 -------Seg 17	 5096.27      7.46093	0.0132643	 1.19663	 0.00177784  0.837836  0.160387
 -------Seg 18	 5192.05      5.82832	3.16023e-011	 0.94613	 5.4222e-012  0.837667  0.162333
 -------Seg 19	 5293.14      5.81923	7.37109e-012	 0.94608	 1.26668e-012  0.837422  0.162578
 -------Seg 20	 5096.28      1.61504	0.00227057	 0.303326	 0.00140589  0.810781  0.187813
 -------Seg 21	 5146.12      1.61133	9.86694e-005	 0.253151	 6.12348e-005  0.842832  0.157107
 -------Seg 22	 5195.93      1.61009	9.18578e-005	 0.253113	 5.70513e-005  0.842739  0.157204
 -------Seg 23	 5245.69      1.60885	8.5545e-005	 0.253075	 5.31714e-005  0.842646  0.157301
 -------Seg 24	 5295.42      1.60762	7.96892e-005	 0.253037	 4.95698e-005  0.842552  0.157399
 -------Seg 25	 5345.11      1.60638	7.42466e-005	 0.252999	 4.62197e-005  0.842458  0.157496
 -------Seg 26	 5395.07      1.60514	6.9168e-005	 0.25296	 4.30914e-005  0.842363  0.157594
 -------Seg 27	 5398.09      0.393887	6.48572e-005	 0.0620864	 0.00016466  0.84221  0.157625
 -------Seg 28	 5401.1       0.393872	4.81478e-005	 0.0620854	 0.000122242  0.842249  0.157628
 -------Seg 29	 5404.12      0.393857	3.40992e-005	 0.0620844	 8.65776e-005  0.842282  0.157632
 -------Seg 30	 5407.13      0.393842	2.26807e-005	 0.0620835	 5.75884e-005  0.842307  0.157636
 -------Seg 31	 5410.15      0.393825	1.38185e-005	 0.0620825	 3.50878e-005  0.842325  0.15764
 -------Seg 32	 5413.16      0.393809	7.38102e-006	 0.0620817	 1.87427e-005  0.842337  0.157644
 -------Seg 33	 5416.18      0.393791	3.16042e-006	 0.0620809	 8.02561e-006  0.842343  0.157649
 -------Seg 34	 5419.22      0.393773	8.47555e-007	 0.0620802	 2.15239e-006  0.842343  0.157655


1.23795   4800        3085.0225   2682.63     839.789   
 -------Segment BHP        Vm        Vsg        Vsw        alpha G        alpha O        alpha W
 -------Seg 0	 4800         6.2677	0.204154	 0.95415	 0.0325724  0.815195  0.152233
 -------Seg 1	 4800.01      2.8626	0.0776534	 0.432141	 0.0271268  0.821912  0.150961
 -------Seg 2	 4881.1       2.83787	0.0682255	 0.429583	 0.0240411  0.824584  0.151375
 -------Seg 3	 4961.51      2.81416	0.0440143	 0.429477	 0.0156403  0.831747  0.152613
 -------Seg 4	 5041.27      2.79142	0.0207792	 0.429371	 0.00744398  0.838738  0.153818
 -------Seg 5	 5120.44      2.77085	1.30107e-007	 0.429267	 4.69559e-008  0.845077  0.154923
 -------Seg 6	 5199.52      2.76745	1.15217e-007	 0.429162	 4.16329e-008  0.844925  0.155075
 -------Seg 7	 5279.33      2.76403	1.01765e-007	 0.429057	 3.68174e-008  0.844771  0.155229
 -------Seg 8	 5287.44      0.884043	9.06626e-008	 0.137282	 1.02555e-007  0.844711  0.155289
 -------Seg 9	 5295.55      0.883931	5.91514e-008	 0.137277	 6.69186e-008  0.844698  0.155302
 -------Seg 10	 5303.65      0.88382	3.63995e-008	 0.137271	 4.11843e-008  0.844684  0.155316
 -------Seg 11	 5311.76      0.88371	2.07469e-008	 0.137266	 2.3477e-008  0.844671  0.155329
 -------Seg 12	 5319.86      0.883599	1.06465e-008	 0.13726	 1.2049e-008  0.844657  0.155343
 -------Seg 13	 5327.96      0.883488	4.68463e-009	 0.137255	 5.30242e-009  0.844644  0.155356
 -------Seg 14	 5336.06      0.883377	1.60391e-009	 0.13725	 1.81566e-009  0.844631  0.155369
 -------Seg 15	 5344.29      0.883264	3.29718e-010	 0.137244	 3.73295e-010  0.844617  0.155383
 -------Seg 16	 4947.97      7.54285	0.121876	 1.18164	 0.0161578  0.827186  0.156656
 -------Seg 17	 5094.38      7.43247	0.0144459	 1.20012	 0.00194361  0.836587  0.161469
 -------Seg 18	 5189.51      5.80175	-1.6738e-012	 0.950369	 -2.885e-013  0.836193  0.163807
 -------Seg 19	 5289.9       5.79278	-3.34383e-012	 0.950369	 -5.77241e-013  0.835939  0.164061
 -------Seg 20	 5094.39      1.6124	0.00241934	 0.302906	 0.00150046  0.810639  0.18786
 -------Seg 21	 5144.05      1.60844	1.10728e-006	 0.252626	 6.88415e-007  0.842937  0.157062
 -------Seg 22	 5193.68      1.60721	1.01757e-006	 0.252588	 6.33126e-007  0.84284  0.157159
 -------Seg 23	 5243.26      1.60598	9.34156e-007	 0.252551	 5.81674e-007  0.842743  0.157256
 -------Seg 24	 5292.81      1.60475	8.56581e-007	 0.252513	 5.33779e-007  0.842646  0.157353
 -------Seg 25	 5342.32      1.60352	7.8442e-007	 0.252475	 4.89186e-007  0.842549  0.15745
 -------Seg 26	 5392.1       1.60229	7.1725e-007	 0.252437	 4.47641e-007  0.842452  0.157548
 -------Seg 27	 5395.2       0.399172	6.593e-007	 0.062902	 1.65167e-006  0.842417  0.157581
 -------Seg 28	 5398.29      0.399153	4.40304e-007	 0.0629013	 1.1031e-006  0.842412  0.157587
 -------Seg 29	 5401.39      0.399134	2.77584e-007	 0.0629007	 6.95467e-007  0.842406  0.157593
 -------Seg 30	 5404.49      0.399115	1.62242e-007	 0.0629	 4.06505e-007  0.842401  0.157599
 -------Seg 31	 5407.58      0.399096	8.54574e-008	 0.0628994	 2.14128e-007  0.842395  0.157605
 -------Seg 32	 5410.68      0.399077	3.86358e-008	 0.0628987	 9.68131e-008  0.842389  0.157611
 -------Seg 33	 5413.77      0.399057	1.36057e-008	 0.0628981	 3.40945e-008  0.842383  0.157617
 -------Seg 34	 5416.9       0.399038	2.87942e-009	 0.0628974	 7.2159e-009  0.842377  0.157623


3.65524   4800        3060.256    2661.09     834.147   
 -------Segment BHP        Vm        Vsg        Vsw        alpha G        alpha O        alpha W
 -------Seg 0	 4800         6.21863	0.202515	 0.94774	 0.0325658  0.815031  0.152403
 -------Seg 1	 4800.01      2.84788	0.0774881	 0.420429	 0.0272091  0.825162  0.147629
 -------Seg 2	 4880.08      2.82348	0.0684509	 0.417922	 0.0242435  0.82774  0.148017
 -------Seg 3	 4959.49      2.80008	0.0445574	 0.41782	 0.0159129  0.83487  0.149217
 -------Seg 4	 5038.26      2.77763	0.0216158	 0.417718	 0.00778208  0.841831  0.150387
 -------Seg 5	 5116.43      2.75642	1.85718e-010	 0.417618	 6.73767e-011  0.848493  0.151507
 -------Seg 6	 5194.5       2.75307	1.61725e-010	 0.417518	 5.87436e-011  0.848345  0.151655
 -------Seg 7	 5273.3       2.74971	1.40491e-010	 0.417417	 5.10932e-011  0.848196  0.151804
 -------Seg 8	 5281.41      0.885608	1.20018e-010	 0.1345	 1.3552e-010  0.848127  0.151873
 -------Seg 9	 5289.53      0.885497	7.21424e-011	 0.134494	 8.14711e-011  0.848114  0.151886
 -------Seg 10	 5297.64      0.885385	4.09054e-011	 0.134489	 4.62007e-011  0.848101  0.151899
 -------Seg 11	 5305.76      0.885273	2.16812e-011	 0.134484	 2.4491e-011  0.848088  0.151912
 -------Seg 12	 5313.87      0.885162	1.07206e-011	 0.134479	 1.21114e-011  0.848075  0.151925
 -------Seg 13	 5321.98      0.88505	5.09212e-012	 0.134473	 5.75348e-012  0.848061  0.151939
 -------Seg 14	 5330.09      0.884939	2.61079e-012	 0.134468	 2.95025e-012  0.848048  0.151952
 -------Seg 15	 5338.33      0.884825	1.75551e-012	 0.134463	 1.98401e-012  0.848035  0.151965
 -------Seg 16	 4945.64      7.46899	0.121879	 1.19327	 0.016318  0.823918  0.159764
 -------Seg 17	 5089.79      7.36165	0.0174727	 1.2117	 0.00237347  0.83303  0.164597
 -------Seg 18	 5183.32      5.73533	-1.88134e-011	 0.963793	 -3.28026e-012  0.831955  0.168045
 -------Seg 19	 5282.04      5.72664	-2.21478e-011	 0.963929	 -3.8675e-012  0.831677  0.168323
 -------Seg 20	 5089.8       1.60624	0.00295214	 0.301849	 0.00183792  0.810239  0.187923
 -------Seg 21	 5139.04      1.6017	3.65366e-009	 0.251407	 2.28112e-009  0.843037  0.156963
 -------Seg 22	 5188.24      1.60048	3.30628e-009	 0.25137	 2.06581e-009  0.842941  0.157059
 -------Seg 23	 5237.4       1.59926	2.98741e-009	 0.251333	 1.86799e-009  0.842845  0.157155
 -------Seg 24	 5286.53      1.59805	2.695e-009	 0.251296	 1.68643e-009  0.842749  0.157251
 -------Seg 25	 5335.62      1.59684	2.42717e-009	 0.251258	 1.51999e-009  0.842652  0.157348
 -------Seg 26	 5384.98      1.59562	2.18202e-009	 0.251221	 1.36751e-009  0.842556  0.157444
 -------Seg 27	 5388.18      0.406017	1.96293e-009	 0.0639437	 4.83459e-009  0.84251  0.15749
 -------Seg 28	 5391.38      0.405997	1.1943e-009	 0.0639431	 2.94166e-009  0.842504  0.157496
 -------Seg 29	 5394.59      0.405977	6.8089e-010	 0.0639424	 1.67716e-009  0.842497  0.157503
 -------Seg 30	 5397.79      0.405957	3.57145e-010	 0.0639417	 8.7976e-010  0.842491  0.157509
 -------Seg 31	 5400.99      0.405937	1.67875e-010	 0.0639411	 4.13551e-010  0.842485  0.157515
 -------Seg 32	 5404.19      0.405917	6.81485e-011	 0.0639404	 1.67888e-010  0.842479  0.157521
 -------Seg 33	 5407.39      0.405896	2.30342e-011	 0.0639397	 5.67488e-011  0.842473  0.157527
 -------Seg 34	 5410.62      0.405876	7.12068e-012	 0.0639391	 1.7544e-011  0.842467  0.157533


10.2524   4800        2996.1878   2605.38     820.231   
 -------Segment BHP        Vm        Vsg        Vsw        alpha G        alpha O        alpha W
 -------Seg 0	 4800         6.09247	0.198274	 0.931927	 0.0325442  0.814492  0.152964
 -------Seg 1	 4800.01      2.8064	0.076932	 0.390202	 0.027413  0.833547  0.13904
 -------Seg 2	 4877.3       2.78296	0.0689766	 0.387828	 0.0247854  0.835856  0.139358
 -------Seg 3	 4953.97      2.76044	0.045977	 0.387736	 0.0166557  0.842883  0.140462
 -------Seg 4	 5030.03      2.7388	0.0238625	 0.387645	 0.00871273  0.849749  0.141538
 -------Seg 5	 5105.52      2.71797	0.00255431	 0.387555	 0.000939787  0.85647  0.14259
 -------Seg 6	 5180.86      2.71266	-9.38174e-012	 0.387465	 -3.4585e-012  0.857164  0.142836
 -------Seg 7	 5256.89      2.70943	-9.27758e-012	 0.387375	 -3.42418e-012  0.857027  0.142973
 -------Seg 8	 5264.9       0.882309	-3.08725e-012	 0.126205	 -3.49905e-012  0.856961  0.143039
 -------Seg 9	 5272.91      0.882199	-3.10823e-012	 0.1262	 -3.52327e-012  0.856949  0.143051
 -------Seg 10	 5280.91      0.882088	-3.11987e-012	 0.126195	 -3.53691e-012  0.856936  0.143064
 -------Seg 11	 5288.91      0.881977	-3.12558e-012	 0.12619	 -3.54383e-012  0.856924  0.143076
 -------Seg 12	 5296.92      0.881867	-3.1276e-012	 0.126185	 -3.54657e-012  0.856912  0.143088
 -------Seg 13	 5304.92      0.881756	-3.12747e-012	 0.12618	 -3.54687e-012  0.856899  0.143101
 -------Seg 14	 5312.92      0.881646	-3.12626e-012	 0.126175	 -3.54594e-012  0.856887  0.143113
 -------Seg 15	 5321.04      0.881533	-3.12451e-012	 0.12617	 -3.54441e-012  0.856874  0.143126
 -------Seg 16	 4940.02      7.28659	0.121533	 1.22502	 0.016679  0.815201  0.16812
 -------Seg 17	 5078.7       7.18656	0.0243807	 1.24331	 0.00339255  0.823603  0.173005
 -------Seg 18	 5168.57      5.57674	-2.93673e-011	 1.00083	 -5.26603e-012  0.820535  0.179465
 -------Seg 19	 5263.39      5.56871	-2.864e-011	 1.00132	 -5.14302e-012  0.820188  0.179812
 -------Seg 20	 5078.71      1.58577	0.00419971	 0.298467	 0.00264837  0.809136  0.188215
 -------Seg 21	 5126.6       1.57985	-1.67222e-011	 0.247527	 -1.05846e-011  0.843322  0.156678
 -------Seg 22	 5174.46      1.57868	-1.6939e-011	 0.247492	 -1.07298e-011  0.843229  0.156771
 -------Seg 23	 5222.27      1.57751	-1.71189e-011	 0.247456	 -1.08518e-011  0.843136  0.156864
 -------Seg 24	 5270.06      1.57635	-1.72657e-011	 0.24742	 -1.09529e-011  0.843042  0.156958
 -------Seg 25	 5317.81      1.57519	-1.73821e-011	 0.247385	 -1.1035e-011  0.842949  0.157051
 -------Seg 26	 5365.81      1.57402	-1.7475e-011	 0.247349	 -1.11022e-011  0.842855  0.157145
 -------Seg 27	 5369.12      0.412834	-4.52065e-012	 0.0648996	 -1.09503e-011  0.842795  0.157205
 -------Seg 28	 5372.43      0.412813	-5.35273e-012	 0.0648989	 -1.29665e-011  0.842789  0.157211
 -------Seg 29	 5375.74      0.412792	-5.86078e-012	 0.0648982	 -1.41979e-011  0.842782  0.157218
 -------Seg 30	 5379.05      0.412771	-6.15239e-012	 0.0648975	 -1.49051e-011  0.842776  0.157224
 -------Seg 31	 5382.36      0.41275	-6.30751e-012	 0.0648968	 -1.52817e-011  0.84277  0.15723
 -------Seg 32	 5385.67      0.412728	-6.38285e-012	 0.0648961	 -1.5465e-011  0.842763  0.157237
 -------Seg 33	 5388.97      0.412707	-6.41614e-012	 0.0648954	 -1.55465e-011  0.842757  0.157243
 -------Seg 34	 5392.31      0.412686	-6.43038e-012	 0.0648947	 -1.55818e-011  0.84275  0.15725


20.2524   4800        2901.0311   2522.64     800.737   
 -------Segment BHP        Vm        Vsg        Vsw        alpha G        alpha O        alpha W
 -------Seg 0	 4800         5.90642	0.191977	 0.909777	 0.0325031  0.813465  0.154032
 -------Seg 1	 4800.01      2.74046	0.0758432	 0.348406	 0.0276753  0.845191  0.127134
 -------Seg 2	 4873.1       2.7185	0.0695506	 0.34622	 0.0255842  0.847059  0.127357
 -------Seg 3	 4945.62      2.69737	0.0479573	 0.346143	 0.0177793  0.853895  0.128326
 -------Seg 4	 5017.6       2.67701	0.0271475	 0.346066	 0.010141  0.860586  0.129273
 -------Seg 5	 5089.05      2.6574	0.00708407	 0.34599	 0.00266579  0.867136  0.130198
 -------Seg 6	 5160.27      2.64857	-3.88817e-011	 0.345914	 -1.46803e-011  0.869396  0.130604
 -------Seg 7	 5232.13      2.64555	-3.84323e-011	 0.345837	 -1.45271e-011  0.869276  0.130724
 -------Seg 8	 5239.85      0.869995	-1.40622e-011	 0.113762	 -1.61635e-011  0.869239  0.130761
 -------Seg 9	 5247.57      0.869888	-1.4051e-011	 0.113757	 -1.61526e-011  0.869228  0.130772
 -------Seg 10	 5255.29      0.869782	-1.40397e-011	 0.113753	 -1.61416e-011  0.869217  0.130783
 -------Seg 11	 5263         0.869676	-1.40285e-011	 0.113749	 -1.61307e-011  0.869206  0.130794
 -------Seg 12	 5270.72      0.869569	-1.40175e-011	 0.113744	 -1.612e-011  0.869195  0.130805
 -------Seg 13	 5278.43      0.869463	-1.40063e-011	 0.11374	 -1.61092e-011  0.869184  0.130816
 -------Seg 14	 5286.15      0.869356	-1.39953e-011	 0.113736	 -1.60985e-011  0.869173  0.130827
 -------Seg 15	 5293.98      0.869249	-1.39843e-011	 0.113731	 -1.60878e-011  0.869162  0.130838
 -------Seg 16	 4932.24      7.02725	0.120453	 1.26852	 0.0171408  0.802345  0.180514
 -------Seg 17	 5063.34      6.93705	0.0330368	 1.28627	 0.00476237  0.809817  0.185421
 -------Seg 18	 5148.28      5.35723	-7.71937e-011	 1.05258	 -1.44093e-011  0.803521  0.196479
 -------Seg 19	 5237.89      5.35006	-7.56441e-011	 1.05359	 -1.41389e-011  0.80307  0.19693
 -------Seg 20	 5063.35      1.55088	0.0058303	 0.29255	 0.00375934  0.807606  0.188634
 -------Seg 21	 5109.04      1.54387	0.000880545	 0.241007	 0.000570349  0.843324  0.156106
 -------Seg 22	 5154.67      1.54206	-7.58694e-011	 0.240974	 -4.92001e-011  0.843732  0.156268
 -------Seg 23	 5200.27      1.54097	-7.52248e-011	 0.240941	 -4.88166e-011  0.843643  0.156357
 -------Seg 24	 5245.84      1.53988	-7.45904e-011	 0.240908	 -4.8439e-011  0.843555  0.156445
 -------Seg 25	 5291.38      1.5388	-7.39657e-011	 0.240875	 -4.80672e-011  0.843466  0.156534
 -------Seg 26	 5337.17      1.53771	-7.34059e-011	 0.240841	 -4.77372e-011  0.843376  0.156624
 -------Seg 27	 5340.47      0.412448	-2.63044e-011	 0.0646223	 -6.37763e-011  0.84332  0.15668
 -------Seg 28	 5343.77      0.412427	-2.63163e-011	 0.0646216	 -6.38085e-011  0.843314  0.156686
 -------Seg 29	 5347.07      0.412406	-2.6328e-011	 0.0646208	 -6.38399e-011  0.843308  0.156692
 -------Seg 30	 5350.37      0.412385	-2.63395e-011	 0.0646201	 -6.38711e-011  0.843301  0.156699
 -------Seg 31	 5353.66      0.412363	-2.63509e-011	 0.0646194	 -6.39021e-011  0.843295  0.156705
 -------Seg 32	 5356.96      0.412342	-2.63623e-011	 0.0646187	 -6.3933e-011  0.843289  0.156711
 -------Seg 33	 5360.26      0.412321	-2.63737e-011	 0.064618	 -6.39639e-011  0.843282  0.156718
 -------Seg 34	 5363.59      0.4123	-2.63849e-011	 0.0646172	 -6.39945e-011  0.843276  0.156724


30.2524   4800        2806.3632   2440.32     782.27    
 -------Segment BHP        Vm        Vsg        Vsw        alpha G        alpha O        alpha W
 -------Seg 0	 4800         5.72239	0.185712	 0.888793	 0.0324537  0.812228  0.155319
 -------Seg 1	 4800.01      2.67229	0.0745346	 0.310768	 0.0278917  0.855815  0.116293
 -------Seg 2	 4868.98      2.65182	0.0698875	 0.308758	 0.0263546  0.857213  0.116433
 -------Seg 3	 4937.45      2.63208	0.0497144	 0.308693	 0.0188879  0.863831  0.117281
 -------Seg 4	 5005.42      2.61303	0.0302341	 0.308628	 0.0115705  0.870318  0.118111
 -------Seg 5	 5072.91      2.59465	0.0114276	 0.308563	 0.00440429  0.876673  0.118923
 -------Seg 6	 5140.08      2.58244	5.49623e-010	 0.308499	 2.12831e-010  0.88054  0.11946
 -------Seg 7	 5207.86      2.57964	5.43499e-010	 0.308435	 2.10688e-010  0.880435  0.119565
 -------Seg 8	 5215.25      0.854236	2.18386e-010	 0.102137	 2.5565e-010  0.880435  0.119565
 -------Seg 9	 5222.63      0.854135	2.18127e-010	 0.102133	 2.55378e-010  0.880425  0.119575
 -------Seg 10	 5230.01      0.854034	2.17869e-010	 0.102129	 2.55105e-010  0.880415  0.119585
 -------Seg 11	 5237.4       0.853933	2.17611e-010	 0.102126	 2.54834e-010  0.880406  0.119594
 -------Seg 12	 5244.78      0.853832	2.17354e-010	 0.102122	 2.54563e-010  0.880396  0.119604
 -------Seg 13	 5252.16      0.853731	2.17098e-010	 0.102118	 2.54293e-010  0.880386  0.119614
 -------Seg 14	 5259.53      0.85363	2.16841e-010	 0.102114	 2.54023e-010  0.880377  0.119623
 -------Seg 15	 5267.02      0.853528	2.16582e-010	 0.10211	 2.53749e-010  0.880367  0.119633
 -------Seg 16	 4924.92      6.77635	0.11887	 1.30575	 0.0175418  0.789766  0.192692
 -------Seg 17	 5048.84      6.69501	0.0402237	 1.32246	 0.00600801  0.796463  0.197529
 -------Seg 18	 5129.23      5.14783	6.55052e-010	 1.09787	 1.27248e-010  0.786731  0.213269
 -------Seg 19	 5214         5.14141	6.30531e-010	 1.09936	 1.22638e-010  0.786176  0.213824
 -------Seg 20	 5048.85      1.51431	0.00725811	 0.286076	 0.00479301  0.806292  0.188915
 -------Seg 21	 5092.34      1.50777	0.00340139	 0.23416	 0.00225592  0.842441  0.155303
 -------Seg 22	 5135.72      1.50395	1.00242e-009	 0.234129	 6.66523e-010  0.844324  0.155676
 -------Seg 23	 5179.08      1.50294	9.94004e-010	 0.234099	 6.61373e-010  0.84424  0.15576
 -------Seg 24	 5222.4       1.50193	9.85718e-010	 0.234068	 6.563e-010  0.844155  0.155845
 -------Seg 25	 5265.69      1.50093	9.77555e-010	 0.234038	 6.51301e-010  0.844071  0.155929
 -------Seg 26	 5309.22      1.49992	9.69101e-010	 0.234007	 6.46104e-010  0.843987  0.156013
 -------Seg 27	 5312.44      0.40742	3.81912e-010	 0.0635776	 9.37392e-010  0.843951  0.156049
 -------Seg 28	 5315.66      0.4074	3.81725e-010	 0.0635768	 9.36979e-010  0.843945  0.156055
 -------Seg 29	 5318.87      0.407379	3.81537e-010	 0.0635761	 9.36566e-010  0.843939  0.156061
 -------Seg 30	 5322.09      0.407359	3.8135e-010	 0.0635754	 9.36152e-010  0.843933  0.156067
 -------Seg 31	 5325.31      0.407338	3.81161e-010	 0.0635747	 9.35736e-010  0.843927  0.156073
 -------Seg 32	 5328.53      0.407318	3.80973e-010	 0.063574	 9.3532e-010  0.84392  0.15608
 -------Seg 33	 5331.74      0.407298	3.80784e-010	 0.0635733	 9.34902e-010  0.843914  0.156086
 -------Seg 34	 5334.99      0.407277	3.80591e-010	 0.0635726	 9.34476e-010  0.843908  0.156092


40.2524   4800        2711.9124   2358.18     764.535   
 -------Segment BHP        Vm        Vsg        Vsw        alpha G        alpha O        alpha W
 -------Seg 0	 4800         5.53956	0.179462	 0.868642	 0.0323965  0.810796  0.156807
 -------Seg 1	 4800.01      2.60253	0.0730428	 0.276939	 0.028066  0.865523  0.106411
 -------Seg 2	 4864.98      2.58354	0.07	 0.275093	 0.0270946  0.866426  0.106479
 -------Seg 3	 4929.49      2.56518	0.051236	 0.275038	 0.0199736  0.872807  0.10722
 -------Seg 4	 4993.55      2.54743	0.0330826	 0.274984	 0.0129866  0.879068  0.107945
 -------Seg 5	 5057.19      2.53028	0.0155267	 0.274929	 0.00613633  0.885208  0.108656
 -------Seg 6	 5120.43      2.51489	-4.19085e-011	 0.274875	 -1.66642e-011  0.890701  0.109299
 -------Seg 7	 5184.26      2.51229	-4.151e-011	 0.274821	 -1.65228e-011  0.890609  0.109391
 -------Seg 8	 5191.29      0.836826	-1.02376e-011	 0.0915088	 -1.22339e-011  0.890648  0.109352
 -------Seg 9	 5198.33      0.83673	-1.02704e-011	 0.0915055	 -1.22744e-011  0.890639  0.109361
 -------Seg 10	 5205.36      0.836635	-1.0303e-011	 0.0915021	 -1.23148e-011  0.890631  0.109369
 -------Seg 11	 5212.39      0.83654	-1.03355e-011	 0.0914987	 -1.23551e-011  0.890622  0.109378
 -------Seg 12	 5219.42      0.836445	-1.03678e-011	 0.0914953	 -1.23951e-011  0.890614  0.109386
 -------Seg 13	 5226.46      0.83635	-1.04003e-011	 0.091492	 -1.24353e-011  0.890606  0.109394
 -------Seg 14	 5233.49      0.836255	-1.04327e-011	 0.0914886	 -1.24755e-011  0.890597  0.109403
 -------Seg 15	 5240.62      0.836158	-1.04656e-011	 0.0914852	 -1.25163e-011  0.890589  0.109411
 -------Seg 16	 4917.92      6.5308	0.116867	 1.3363	 0.0178947  0.77749  0.204616
 -------Seg 17	 5034.99      6.45754	0.0461995	 1.3519	 0.00715434  0.783493  0.209353
 -------Seg 18	 5111.08      4.94574	0.0015411	 1.13607	 0.000311601  0.769983  0.229706
 -------Seg 19	 5191.27      4.93864	-1.15325e-010	 1.13851	 -2.33515e-011  0.769469  0.230531
 -------Seg 20	 5035         1.47714	0.00851803	 0.279208	 0.00576655  0.805215  0.189019
 -------Seg 21	 5076.32      1.47105	0.0057086	 0.22713	 0.00388063  0.841719  0.1544
 -------Seg 22	 5117.48      1.4654	-6.534e-011	 0.227102	 -4.45884e-011  0.845025  0.154975
 -------Seg 23	 5158.61      1.46447	-6.51754e-011	 0.227073	 -4.45044e-011  0.844945  0.155055
 -------Seg 24	 5199.72      1.46354	-6.50129e-011	 0.227045	 -4.44218e-011  0.844865  0.155135
 -------Seg 25	 5240.8       1.46261	-6.48527e-011	 0.227017	 -4.43405e-011  0.844786  0.155214
 -------Seg 26	 5282.1       1.46167	-6.47832e-011	 0.226989	 -4.43213e-011  0.844706  0.155294
 -------Seg 27	 5285.21      0.400425	-1.57164e-011	 0.0621845	 -3.92494e-011  0.844704  0.155296
 -------Seg 28	 5288.31      0.400406	-1.58711e-011	 0.0621838	 -3.96375e-011  0.844698  0.155302
 -------Seg 29	 5291.42      0.400386	-1.60256e-011	 0.0621831	 -4.00254e-011  0.844692  0.155308
 -------Seg 30	 5294.52      0.400367	-1.61801e-011	 0.0621824	 -4.04132e-011  0.844687  0.155313
 -------Seg 31	 5297.63      0.400348	-1.63345e-011	 0.0621817	 -4.08008e-011  0.844681  0.155319
 -------Seg 32	 5300.73      0.400328	-1.64888e-011	 0.062181	 -4.11881e-011  0.844675  0.155325
 -------Seg 33	 5303.84      0.400309	-1.6643e-011	 0.0621803	 -4.15754e-011  0.844669  0.155331
 -------Seg 34	 5306.97      0.40029	-1.67973e-011	 0.0621796	 -4.19629e-011  0.844663  0.155337


50.2524   4800        2617.5248   2276.11     747.275   
 -------Segment BHP        Vm        Vsg        Vsw        alpha G        alpha O        alpha W
 -------Seg 0	 4800         5.35738	0.173215	 0.849031	 0.0323321  0.809189  0.158479
 -------Seg 1	 4800.01      2.53138	0.0713869	 0.246546	 0.0282008  0.874403  0.0973961
 -------Seg 2	 4861.09      2.51382	0.0698967	 0.244852	 0.0278049  0.874793  0.0974025
 -------Seg 3	 4921.76      2.49683	0.0525193	 0.244806	 0.0210344  0.880919  0.098047
 -------Seg 4	 4982.02      2.48036	0.0356764	 0.24476	 0.0143835  0.886937  0.0986792
 -------Seg 5	 5041.91      2.46442	0.0193566	 0.244715	 0.00785441  0.892846  0.0992991
 -------Seg 6	 5101.41      2.44894	0.0034979	 0.244669	 0.00142834  0.898663  0.0999084
 -------Seg 7	 5161.39      2.44366	-1.46548e-012	 0.244624	 -5.99706e-013  0.899895  0.100105
 -------Seg 8	 5168.07      0.818509	1.86839e-012	 0.0818768	 2.28267e-012  0.899968  0.100032
 -------Seg 9	 5174.76      0.81842	1.86115e-012	 0.0818738	 2.27408e-012  0.899961  0.100039
 -------Seg 10	 5181.44      0.818331	1.85396e-012	 0.0818709	 2.26553e-012  0.899954  0.100046
 -------Seg 11	 5188.13      0.818242	1.84678e-012	 0.0818679	 2.25701e-012  0.899947  0.100053
 -------Seg 12	 5194.81      0.818153	1.83959e-012	 0.0818649	 2.24847e-012  0.899939  0.100061
 -------Seg 13	 5201.49      0.818063	1.83252e-012	 0.081862	 2.24008e-012  0.899932  0.100068
 -------Seg 14	 5208.17      0.817974	1.82526e-012	 0.081859	 2.23144e-012  0.899925  0.100075
 -------Seg 15	 5214.96      0.817884	1.81797e-012	 0.081856	 2.22278e-012  0.899917  0.100083
 -------Seg 16	 4911.2       6.28908	0.114493	 1.36037	 0.0182051  0.765489  0.216306
 -------Seg 17	 5021.68      6.22322	0.0511142	 1.37481	 0.00821347  0.770871  0.220916
 -------Seg 18	 5093.69      4.75254	0.00839464	 1.16585	 0.00176635  0.752923  0.24531
 -------Seg 19	 5169.51      4.73994	-2.28046e-011	 1.17114	 -4.81116e-012  0.75292  0.24708
 -------Seg 20	 5021.69      1.43967	0.00962729	 0.272002	 0.00668713  0.80438  0.188933
 -------Seg 21	 5060.88      1.43402	0.00781895	 0.219947	 0.00545249  0.841169  0.153378
 -------Seg 22	 5099.91      1.42846	0.00213423	 0.21992	 0.00149408  0.844549  0.153957
 -------Seg 23	 5138.87      1.42583	-3.18813e-013	 0.219894	 -2.23598e-013  0.845778  0.154222
 -------Seg 24	 5177.81      1.42497	-4.13824e-013	 0.219869	 -2.90408e-013  0.845703  0.154297
 -------Seg 25	 5216.73      1.42411	-5.07349e-013	 0.219843	 -3.56256e-013  0.845628  0.154372
 -------Seg 26	 5255.85      1.42325	-6.15866e-013	 0.219817	 -4.32718e-013  0.845553  0.154447
 -------Seg 27	 5258.83      0.392579	3.19309e-012	 0.0606157	 8.13362e-012  0.845596  0.154404
 -------Seg 28	 5261.82      0.392561	3.17355e-012	 0.060615	 8.08421e-012  0.845591  0.154409
 -------Seg 29	 5264.8       0.392543	3.15405e-012	 0.0606143	 8.03494e-012  0.845585  0.154415
 -------Seg 30	 5267.78      0.392524	3.1346e-012	 0.0606137	 7.98575e-012  0.84558  0.15442
 -------Seg 31	 5270.77      0.392506	3.11519e-012	 0.060613	 7.93668e-012  0.845574  0.154426
 -------Seg 32	 5273.75      0.392488	3.09585e-012	 0.0606123	 7.88775e-012  0.845569  0.154431
 -------Seg 33	 5276.73      0.39247	3.07652e-012	 0.0606116	 7.83889e-012  0.845564  0.154436
 -------Seg 34	 5279.74      0.392451	3.05726e-012	 0.060611	 7.79015e-012  0.845558  0.154442


60.2524   4800        2523.4283   2194.29     730.351   
 -------Segment BHP        Vm        Vsg        Vsw        alpha G        alpha O        alpha W
 -------Seg 0	 4800         5.17608	0.166988	 0.829801	 0.0322615  0.807424  0.160315
 -------Seg 1	 4800.01      2.45921	0.0695931	 0.219275	 0.028299  0.882536  0.0891649
 -------Seg 2	 4857.32      2.44305	0.0695908	 0.217722	 0.0284852  0.882396  0.0891189
 -------Seg 3	 4914.27      2.42738	0.0535632	 0.217683	 0.0220663  0.888255  0.0896783
 -------Seg 4	 4970.86      2.41217	0.0380005	 0.217645	 0.0157537  0.894018  0.0902279
 -------Seg 5	 5027.11      2.39741	0.0228892	 0.217606	 0.00954747  0.899685  0.0907675
 -------Seg 6	 5083.02      2.38307	0.00820007	 0.217569	 0.00344097  0.905261  0.0912977
 -------Seg 7	 5139.28      2.37411	3.88671e-012	 0.21753	 1.63713e-012  0.908374  0.0916263
 -------Seg 8	 5145.62      0.799671	3.86349e-012	 0.0731868	 4.83135e-012  0.908479  0.0915212
 -------Seg 9	 5151.97      0.799587	3.85304e-012	 0.0731842	 4.81879e-012  0.908472  0.0915275
 -------Seg 10	 5158.31      0.799504	3.84249e-012	 0.0731816	 4.80609e-012  0.908466  0.0915338
 -------Seg 11	 5164.65      0.799421	3.83186e-012	 0.073179	 4.7933e-012  0.90846  0.0915401
 -------Seg 12	 5170.99      0.799337	3.82147e-012	 0.0731765	 4.7808e-012  0.908454  0.0915464
 -------Seg 13	 5177.33      0.799254	3.81095e-012	 0.0731739	 4.76814e-012  0.908447  0.0915527
 -------Seg 14	 5183.67      0.799171	3.80051e-012	 0.0731713	 4.75556e-012  0.908441  0.091559
 -------Seg 15	 5190.1       0.799086	3.78979e-012	 0.0731686	 4.74265e-012  0.908435  0.0915654
 -------Seg 16	 4904.76      6.0509	0.111791	 1.37829	 0.0184751  0.753743  0.227782
 -------Seg 17	 5008.9       5.99182	0.0550727	 1.39154	 0.00919132  0.758568  0.23224
 -------Seg 18	 5077         4.56199	0.0141291	 1.1896	 0.00309713  0.73614  0.260762
 -------Seg 19	 5148.63      4.54479	-1.13586e-011	 1.19767	 -2.49927e-012  0.736475  0.263525
 -------Seg 20	 5008.91      1.40214	0.0105973	 0.264518	 0.00755795  0.803789  0.188653
 -------Seg 21	 5046.02      1.3969	0.00974007	 0.212638	 0.00697265  0.840806  0.152222
 -------Seg 22	 5082.99      1.39174	0.00446908	 0.212614	 0.00321114  0.84402  0.152769
 -------Seg 23	 5119.84      1.38726	7.90617e-012	 0.21259	 5.69914e-012  0.846755  0.153245
 -------Seg 24	 5156.67      1.38647	7.76247e-012	 0.212567	 5.59874e-012  0.846685  0.153315
 -------Seg 25	 5193.48      1.38567	7.62117e-012	 0.212543	 5.49997e-012  0.846614  0.153386
 -------Seg 26	 5230.49      1.38488	7.4731e-012	 0.212519	 5.39621e-012  0.846543  0.153457
 -------Seg 27	 5233.35      0.384369	6.06275e-012	 0.0589459	 1.57732e-011  0.846643  0.153357
 -------Seg 28	 5236.2       0.384352	6.03861e-012	 0.0589453	 1.57111e-011  0.846637  0.153363
 -------Seg 29	 5239.06      0.384335	6.01447e-012	 0.0589446	 1.5649e-011  0.846632  0.153368
 -------Seg 30	 5241.92      0.384318	5.99034e-012	 0.058944	 1.55869e-011  0.846627  0.153373
 -------Seg 31	 5244.77      0.384301	5.96627e-012	 0.0589433	 1.5525e-011  0.846622  0.153378
 -------Seg 32	 5247.63      0.384284	5.94216e-012	 0.0589427	 1.54629e-011  0.846617  0.153383
 -------Seg 33	 5250.49      0.384267	5.91806e-012	 0.058942	 1.54009e-011  0.846612  0.153388
 -------Seg 34	 5253.37      0.38425	5.89391e-012	 0.0589413	 1.53388e-011  0.846607  0.153393


70.2524   4800        2429.7806   2112.85     713.622   
 -------Segment BHP        Vm        Vsg        Vsw        alpha G        alpha O        alpha W
 -------Seg 0	 4800         4.99578	0.160791	 0.810794	 0.0321854  0.805519  0.162296
 -------Seg 1	 4800.01      2.38631	0.0676825	 0.194829	 0.0283628  0.889993  0.0816445
 -------Seg 2	 4853.69      2.37149	0.0690947	 0.193406	 0.0291355  0.88931  0.0815547
 -------Seg 3	 4907.05      2.3571	0.05437	 0.193374	 0.0230665  0.894894  0.082039
 -------Seg 4	 4960.1       2.3431	0.0400472	 0.193342	 0.0170915  0.900393  0.0825154
 -------Seg 5	 5012.83      2.32949	0.0261087	 0.19331	 0.0112079  0.905808  0.0829839
 -------Seg 6	 5065.27      2.31626	0.0125561	 0.193278	 0.00542086  0.911135  0.0834442
 -------Seg 7	 5117.94      2.30389	7.99074e-012	 0.193247	 3.46837e-012  0.916121  0.0838785
 -------Seg 8	 5123.95      0.780489	5.3102e-012	 0.0653641	 6.80369e-012  0.916252  0.0837477
 -------Seg 9	 5129.96      0.780411	5.29852e-012	 0.0653619	 6.7894e-012  0.916247  0.0837531
 -------Seg 10	 5135.97      0.780333	5.2867e-012	 0.0653596	 6.77492e-012  0.916241  0.0837585
 -------Seg 11	 5141.98      0.780256	5.27508e-012	 0.0653573	 6.76071e-012  0.916236  0.0837639
 -------Seg 12	 5147.98      0.780178	5.26348e-012	 0.065355	 6.7465e-012  0.916231  0.0837693
 -------Seg 13	 5153.99      0.780101	5.25183e-012	 0.0653527	 6.73224e-012  0.916225  0.0837747
 -------Seg 14	 5159.99      0.780023	5.24024e-012	 0.0653505	 6.71806e-012  0.91622  0.0837802
 -------Seg 15	 5166.09      0.779944	5.2284e-012	 0.0653482	 6.70356e-012  0.916214  0.0837857
 -------Seg 16	 4898.58      5.81593	0.108795	 1.39037	 0.0187064  0.742231  0.239062
 -------Seg 17	 4996.63      5.76306	0.0581643	 1.40243	 0.0100926  0.746559  0.243349
 -------Seg 18	 5060.98      4.37384	0.0188506	 1.20765	 0.00430984  0.719583  0.276107
 -------Seg 19	 5128.62      4.35285	-4.11212e-012	 1.21839	 -9.44697e-013  0.720094  0.279906
 -------Seg 20	 4996.64      1.36454	0.0114359	 0.256783	 0.00838077  0.803436  0.188183
 -------Seg 21	 5031.72      1.35969	0.0114799	 0.205202	 0.00844302  0.840638  0.150919
 -------Seg 22	 5066.68      1.35492	0.00660386	 0.20518	 0.004874  0.843692  0.151434
 -------Seg 23	 5101.52      1.35022	0.0018017	 0.205158	 0.00133438  0.846721  0.151945
 -------Seg 24	 5136.3       1.348	1.34782e-011	 0.205137	 9.99863e-012  0.847822  0.152178
 -------Seg 25	 5171.07      1.34728	1.33151e-011	 0.205115	 9.88296e-012  0.847756  0.152244
 -------Seg 26	 5206.02      1.34655	1.3152e-011	 0.205093	 9.76722e-012  0.847689  0.152311
 -------Seg 27	 5208.75      0.375981	7.94388e-012	 0.0572039	 2.11284e-011  0.847854  0.152146
 -------Seg 28	 5211.48      0.375965	7.9201e-012	 0.0572033	 2.10661e-011  0.84785  0.15215
 -------Seg 29	 5214.21      0.375949	7.8963e-012	 0.0572026	 2.10036e-011  0.847845  0.152155
 -------Seg 30	 5216.94      0.375933	7.87258e-012	 0.057202	 2.09414e-011  0.84784  0.15216
 -------Seg 31	 5219.68      0.375917	7.84881e-012	 0.0572013	 2.08791e-011  0.847835  0.152165
 -------Seg 32	 5222.41      0.375901	7.82511e-012	 0.0572007	 2.08169e-011  0.84783  0.15217
 -------Seg 33	 5225.14      0.375885	7.80129e-012	 0.0572001	 2.07544e-011  0.847826  0.152174
 -------Seg 34	 5227.89      0.375869	7.77752e-012	 0.0571994	 2.06921e-011  0.847821  0.152179


80.2524   4800        2336.5524   2031.78     696.977   
 -------Segment BHP        Vm        Vsg        Vsw        alpha G        alpha O        alpha W
 -------Seg 0	 4800         4.81629	0.154621	 0.791881	 0.0321037  0.803479  0.164417
 -------Seg 1	 4800.01      2.31258	0.0656609	 0.172913	 0.0283929  0.896837  0.0747703
 -------Seg 2	 4850.18      2.29906	0.0684135	 0.17161	 0.0297572  0.895599  0.0746438
 -------Seg 3	 4900.08      2.28589	0.0549431	 0.171583	 0.0240357  0.900902  0.075062
 -------Seg 4	 4949.69      2.27307	0.041818	 0.171557	 0.0183972  0.906129  0.0754738
 -------Seg 5	 4999.03      2.26057	0.0290239	 0.17153	 0.0128392  0.911282  0.0758792
 -------Seg 6	 5048.1       2.24841	0.0165633	 0.171504	 0.00736669  0.916355  0.0762779
 -------Seg 7	 5097.4       2.23641	0.00426695	 0.171477	 0.00190794  0.921417  0.0766752
 -------Seg 8	 5103.09      0.761734	0.000974898	 0.0583213	 0.00127984  0.922156  0.0765639
 -------Seg 9	 5108.77      0.761268	0.00049736	 0.0583193	 0.000653331  0.922739  0.0766082
 -------Seg 10	 5114.45      0.760803	2.0863e-005	 0.0583173	 2.74223e-005  0.92332  0.0766523
 -------Seg 11	 5120.13      0.760713	5.01326e-012	 0.0583153	 6.59021e-012  0.923341  0.0766587
 -------Seg 12	 5125.81      0.760641	4.99993e-012	 0.0583133	 6.57331e-012  0.923337  0.0766633
 -------Seg 13	 5131.49      0.760569	4.98661e-012	 0.0583113	 6.55642e-012  0.923332  0.0766679
 -------Seg 14	 5137.17      0.760497	4.97341e-012	 0.0583093	 6.53968e-012  0.923327  0.0766726
 -------Seg 15	 5142.93      0.760424	4.95976e-012	 0.0583073	 6.52236e-012  0.923323  0.0766773
 -------Seg 16	 4892.65      5.58405	0.105537	 1.39699	 0.0188998  0.730925  0.250175
 -------Seg 17	 4984.87      5.53685	0.060452	 1.40788	 0.0109181  0.734807  0.254275
 -------Seg 18	 5045.63      4.18792	0.02265	 1.22039	 0.00540841  0.703184  0.291408
 -------Seg 19	 5109.46      4.16542	0.00169908	 1.23283	 0.000407901  0.703625  0.295967
 -------Seg 20	 4984.87      1.32699	0.0121487	 0.248853	 0.0091551  0.803312  0.187533
 -------Seg 21	 5017.99      1.3225	0.0130454	 0.19766	 0.00986415  0.840676  0.14946
 -------Seg 22	 5051         1.3181	0.00854467	 0.197641	 0.00648258  0.843574  0.149944
 -------Seg 23	 5083.9       1.31376	0.00410859	 0.197621	 0.00312736  0.846449  0.150424
 -------Seg 24	 5116.7       1.3097	9.33631e-012	 0.197601	 7.12859e-012  0.849125  0.150875
 -------Seg 25	 5149.48      1.30903	9.18067e-012	 0.197581	 7.01333e-012  0.849063  0.150937
 -------Seg 26	 5182.44      1.30836	9.04492e-012	 0.197561	 6.91317e-012  0.849001  0.150999
 -------Seg 27	 5185.05      0.367495	7.43466e-012	 0.0554035	 2.02306e-011  0.84924  0.15076
 -------Seg 28	 5187.65      0.36748	7.40549e-012	 0.0554029	 2.01521e-011  0.849236  0.150764
 -------Seg 29	 5190.26      0.367465	7.37633e-012	 0.0554023	 2.00736e-011  0.849231  0.150769
 -------Seg 30	 5192.87      0.36745	7.34729e-012	 0.0554016	 1.99953e-011  0.849227  0.150773
 -------Seg 31	 5195.47      0.367435	7.31818e-012	 0.055401	 1.99169e-011  0.849222  0.150778
 -------Seg 32	 5198.08      0.36742	7.28909e-012	 0.0554004	 1.98386e-011  0.849218  0.150782
 -------Seg 33	 5200.69      0.367405	7.25998e-012	 0.0553997	 1.97601e-011  0.849214  0.150786
 -------Seg 34	 5203.32      0.36739	7.23091e-012	 0.0553991	 1.96818e-011  0.849209  0.150791


90.2524   4800        2242.7331   1950.2      682.909   
 -------Segment BHP        Vm        Vsg        Vsw        alpha G        alpha O        alpha W
 -------Seg 0	 4800         4.63872	0.14841	 0.775897	 0.0319937  0.800741  0.167265
 -------Seg 1	 4800         2.23838	0.0635479	 0.153294	 0.0283901  0.903126  0.0684841
 -------Seg 2	 4846.81      2.22608	0.0675608	 0.152102	 0.0303497  0.901323  0.0683275
 -------Seg 3	 4893.36      2.21408	0.0552875	 0.15208	 0.0249708  0.906342  0.0686876
 -------Seg 4	 4939.67      2.20238	0.043309	 0.152058	 0.0196646  0.911293  0.0690425
 -------Seg 5	 4985.74      2.19096	0.0316138	 0.152036	 0.0144292  0.916178  0.0693924
 -------Seg 6	 5031.57      2.17982	0.0202009	 0.152014	 0.00926725  0.920996  0.0697369
 -------Seg 7	 5077.62      2.16883	0.0089385	 0.151992	 0.00412134  0.925799  0.07008
 -------Seg 8	 5083         0.743136	0.00261579	 0.0519817	 0.00351994  0.926531  0.0699491
 -------Seg 9	 5088.38      0.742701	0.00217041	 0.0519799	 0.00292232  0.92709  0.0699877
 -------Seg 10	 5093.75      0.742267	0.0017261	 0.0519781	 0.00232544  0.927648  0.0700262
 -------Seg 11	 5099.12      0.741834	0.00128286	 0.0519763	 0.00172931  0.928206  0.0700646
 -------Seg 12	 5104.48      0.741402	0.000840531	 0.0519745	 0.00113371  0.928763  0.0701031
 -------Seg 13	 5109.84      0.740971	0.000399104	 0.0519728	 0.000538623  0.92932  0.0701414
 -------Seg 14	 5115.2       0.740575	-2.12422e-012	 0.051971	 -2.86834e-012  0.929823  0.0701765
 -------Seg 15	 5120.64      0.740508	-2.12737e-012	 0.0519692	 -2.87286e-012  0.929819  0.0701805
 -------Seg 16	 4887.1       5.35698	0.101874	 1.40505	 0.019017  0.718698  0.262285
 -------Seg 17	 4973.83      5.31493	0.0618275	 1.41491	 0.0116328  0.722153  0.266214
 -------Seg 18	 5031.28      4.00684	0.0254716	 1.23499	 0.00635702  0.685422  0.308221
 -------Seg 19	 5091.6       3.98687	0.00697376	 1.2469	 0.00174918  0.685499  0.312752
 -------Seg 20	 4973.83      1.28863	0.0127084	 0.240862	 0.00986196  0.803225  0.186913
 -------Seg 21	 5005.01      1.28451	0.0144124	 0.189902	 0.0112202  0.84094  0.14784
 -------Seg 22	 5036.08      1.28045	0.0102719	 0.189884	 0.00802204  0.843684  0.148294
 -------Seg 23	 5067.06      1.27646	0.00619152	 0.189865	 0.00485053  0.846406  0.148743
 -------Seg 24	 5097.95      1.27253	0.00216606	 0.189847	 0.00170217  0.849108  0.149189
 -------Seg 25	 5128.77      1.27013	-1.35213e-011	 0.18983	 -1.06456e-011  0.850543  0.149457
 -------Seg 26	 5159.77      1.26952	-1.35043e-011	 0.189812	 -1.06374e-011  0.850485  0.149515
 -------Seg 27	 5162.25      0.358825	-2.66617e-012	 0.0535349	 -7.43027e-012  0.850805  0.149195
 -------Seg 28	 5164.73      0.358811	-2.68029e-012	 0.0535343	 -7.46992e-012  0.850801  0.149199
 -------Seg 29	 5167.21      0.358798	-2.69434e-012	 0.0535336	 -7.50935e-012  0.850797  0.149203
 -------Seg 30	 5169.7       0.358784	-2.70843e-012	 0.053533	 -7.54893e-012  0.850793  0.149207
 -------Seg 31	 5172.18      0.35877	-2.72247e-012	 0.0535324	 -7.58835e-012  0.850789  0.149211
 -------Seg 32	 5174.66      0.358756	-2.73652e-012	 0.0535318	 -7.62781e-012  0.850785  0.149215
 -------Seg 33	 5177.14      0.358742	-2.75052e-012	 0.0535312	 -7.66713e-012  0.850781  0.149219
 -------Seg 34	 5179.65      0.358728	-2.76451e-012	 0.0535305	 -7.70643e-012  0.850777  0.149223


100       4800        2152.0229   1871.32     669.438   
 -------Segment BHP        Vm        Vsg        Vsw        alpha G        alpha O        alpha W
 -------Seg 0	 4800         4.46718	0.142405	 0.760591	 0.0318781  0.79786  0.170262
 -------Seg 1	 4800         2.16572	0.0614159	 0.136155	 0.0283581  0.908774  0.062868
 -------Seg 2	 4843.65      2.15455	0.0665768	 0.135064	 0.0309005  0.906412  0.0626876
 -------Seg 3	 4887.08      2.14364	0.0554118	 0.135045	 0.0258494  0.911153  0.062998
 -------Seg 4	 4930.29      2.13298	0.0444979	 0.135027	 0.0208618  0.915834  0.0633043
 -------Seg 5	 4973.28      2.12256	0.0338259	 0.135008	 0.0159364  0.920457  0.0636064
 -------Seg 6	 5016.08      2.11237	0.0233882	 0.13499	 0.011072  0.925023  0.0639045
 -------Seg 7	 5059.08      2.10233	0.0130918	 0.134972	 0.00622732  0.929572  0.0642011
 -------Seg 8	 5064.16      0.724594	0.0040956	 0.0464147	 0.00565227  0.930292  0.064056
 -------Seg 9	 5069.24      0.724189	0.00368088	 0.0464131	 0.00508276  0.930828  0.0640897
 -------Seg 10	 5074.32      0.723785	0.00326711	 0.0464115	 0.00451392  0.931363  0.0641233
 -------Seg 11	 5079.39      0.723382	0.00285428	 0.0464099	 0.00394575  0.931897  0.0641569
 -------Seg 12	 5084.47      0.722979	0.0024424	 0.0464084	 0.00337825  0.932431  0.0641904
 -------Seg 13	 5089.53      0.722578	0.00203146	 0.0464068	 0.00281141  0.932965  0.0642239
 -------Seg 14	 5094.6       0.722177	0.00162145	 0.0464052	 0.00224523  0.933497  0.0642574
 -------Seg 15	 5099.74      0.721772	0.00120629	 0.0464036	 0.00167129  0.934037  0.0642913
 -------Seg 16	 4881.95      5.13935	0.0981014	 1.40908	 0.0190883  0.706737  0.274175
 -------Seg 17	 4963.59      5.10187	0.0625064	 1.418	 0.0122517  0.709812  0.277937
 -------Seg 18	 5017.99      3.83352	0.0274784	 1.2456	 0.00716794  0.667909  0.324923
 -------Seg 19	 5075.07      3.8158	0.0111373	 1.25697	 0.00291874  0.667669  0.329412
 -------Seg 20	 4963.59      1.25106	0.0131369	 0.232954	 0.0105006  0.803294  0.186205
 -------Seg 21	 4992.92      1.24727	0.0155834	 0.182232	 0.0124939  0.841402  0.146104
 -------Seg 22	 5022.16      1.24355	0.011775	 0.182215	 0.00946889  0.844002  0.146529
 -------Seg 23	 5051.32      1.23988	0.00802533	 0.182199	 0.00647267  0.846578  0.146949
 -------Seg 24	 5080.39      1.23626	0.0043233	 0.182183	 0.00349709  0.849137  0.147366
 -------Seg 25	 5109.37      1.23268	0.000667938	 0.182166	 0.000541858  0.851678  0.14778
 -------Seg 26	 5138.5       1.23157	-1.30078e-011	 0.18215	 -1.0562e-011  0.8521  0.1479
 -------Seg 27	 5140.87      0.350309	-2.64571e-012	 0.0516692	 -7.55251e-012  0.852504  0.147496
 -------Seg 28	 5143.23      0.350296	-2.65592e-012	 0.0516686	 -7.58195e-012  0.8525  0.1475
 -------Seg 29	 5145.59      0.350283	-2.66618e-012	 0.051668	 -7.6115e-012  0.852496  0.147504
 -------Seg 30	 5147.96      0.35027	-2.67639e-012	 0.0516674	 -7.64095e-012  0.852493  0.147507
 -------Seg 31	 5150.32      0.350257	-2.68665e-012	 0.0516667	 -7.67051e-012  0.852489  0.147511
 -------Seg 32	 5152.68      0.350244	-2.69682e-012	 0.0516661	 -7.69984e-012  0.852485  0.147515
 -------Seg 33	 5155.05      0.350231	-2.70703e-012	 0.0516655	 -7.72928e-012  0.852482  0.147518
 -------Seg 34	 5157.43      0.350218	-2.71723e-012	 0.0516649	 -7.75868e-012  0.852478  0.147522


