Results for well: RES1_PROD.out in the reservoir: RES1_PROD.out

time	BHP	Temp	q(Oil)	q(Water)
days	psi	F	stb/d	stb/d
0         	0         	-         	0         	0         	
0.0001    	2500      	70        	24.2822   	0         	
0.000247239	2500      	70        	24.2223   	0         	
0.000466257	2500      	70        	24.1744   	0         	
0.000790761	2500      	70        	24.1299   	0         	
0.00126884	2500      	70        	24.0859   	0         	
0.0019676 	2500      	70        	24.0413   	0         	
0.00297789	2500      	70        	23.9963   	0         	
0.00441803	2500      	70        	23.9522   	0         	
0.00643526	2500      	70        	23.9111   	0         	
0.0092045 	2500      	70        	23.8752   	0         	
0.0129271 	2500      	70        	23.8465   	0         	
0.0178357 	2500      	70        	23.8274   	0         	
0.0242126 	2500      	70        	23.8199   	0         	
0.0324307 	2500      	70        	23.8249   	0         	
0.0430236 	2500      	70        	23.8419   	0         	
0.056798  	2500      	70        	23.8738   	0         	
0.0739331 	2500      	70        	23.9345   	0         	
0.092666  	2500      	70        	24.0341   	0         	
0.11301   	2500      	70        	24.1833   	0         	
0.13453   	2500      	70        	24.3805   	0         	
0.157694  	2500      	70        	24.6217   	0         	
0.182396  	2500      	70        	24.907    	0         	
0.209014  	2500      	70        	25.2473   	0         	
0.237542  	2500      	70        	25.6451   	0         	
0.2682    	2500      	70        	26.0995   	0         	
0.301526  	2500      	70        	26.6158   	0         	
0.337181  	2500      	70        	27.1861   	0         	
0.375924  	2500      	70        	27.8201   	0         	
0.417317  	2500      	70        	28.5081   	0         	
0.462043  	2500      	70        	29.2588   	0         	
0.510449  	2500      	70        	30.0758   	0         	
0.563112  	2500      	70        	30.9665   	0         	
0.620477  	2500      	70        	31.9359   	0         	
0.683309  	2500      	70        	32.9947   	0         	
0.751478  	2500      	70        	34.1379   	0         	
0.825405  	2500      	70        	35.37     	0         	
0.905245  	2500      	70        	36.6908   	0         	
0.991471  	2500      	70        	38.105    	0         	
1.08472   	2500      	70        	39.6199   	0         	
1.18575   	2500      	70        	41.2433   	0         	
1.29462   	2500      	70        	42.9723   	0         	
1.41216   	2500      	70        	44.8149   	0         	
1.53983   	2500      	70        	46.7876   	0         	
1.67606   	2500      	70        	48.8602   	0         	
1.82135   	2500      	70        	51.0337   	0         	
1.97817   	2500      	70        	53.3367   	0         	
2.14692   	2500      	70        	55.7653   	0         	
2.32636   	2500      	70        	58.2919   	0         	
2.52041   	2500      	70        	60.9593   	0         	
2.72952   	2500      	70        	63.7588   	0         	
2.9527    	2500      	70        	66.6621   	0         	
3.19187   	2500      	70        	69.6778   	0         	
3.44835   	2500      	70        	72.803    	0         	
3.72146   	2500      	70        	75.9504   	0         	
4.01431   	2500      	70        	78.9706   	0         	
4.32783   	2500      	70        	82.0916   	0         	
4.66388   	2500      	70        	85.299    	0         	
5.02423   	2500      	70        	88.582    	0         	
5.41084   	2500      	70        	91.9295   	0         	
5.82497   	2500      	70        	95.3214   	0         	
6.26759   	2500      	70        	98.734    	0         	
6.73969   	2500      	70        	102.142   	0         	
7.2468    	2500      	70        	105.55    	0         	
7.78907   	2500      	70        	108.92    	0         	
8.36897   	2500      	70        	112.23    	0         	
8.99025   	2500      	70        	115.463   	0         	
9.65443   	2500      	70        	118.59    	0         	
10.3699   	2500      	70        	121.608   	0         	
11.1361   	2500      	70        	124.478   	0         	
11.9554   	2500      	70        	127.176   	0         	
12.8345   	2500      	70        	129.694   	0         	
13.7745   	2500      	70        	131.997   	0         	
14.7745   	2500      	70        	133.929   	0         	
15.7745   	2500      	70        	135.588   	0         	
16.7745   	2500      	70        	137.033   	0         	
17.7745   	2500      	70        	138.277   	0         	
18.7745   	2500      	70        	139.344   	0         	
19.7745   	2500      	70        	140.259   	0         	
20.7745   	2500      	70        	141.042   	0         	
21.7745   	2500      	70        	141.711   	0         	
22.7745   	2500      	70        	142.283   	0         	
23.7745   	2500      	70        	142.771   	0         	
24.7745   	2500      	70        	143.186   	0         	
25.7745   	2500      	70        	143.54    	0         	
26.7745   	2500      	70        	143.841   	0         	
27.7745   	2500      	70        	144.097   	0         	
28.7745   	2500      	70        	144.314   	0         	
29.7745   	2500      	70        	144.499   	0         	
30.7745   	2500      	70        	144.655   	0         	
31.7745   	2500      	70        	144.788   	0         	
32.7745   	2500      	70        	144.9     	0         	
33.7745   	2500      	70        	144.995   	0         	
34.7745   	2500      	70        	145.076   	0         	
35.7745   	2500      	70        	145.144   	0         	
36.7745   	2500      	70        	145.202   	0         	
37.7745   	2500      	70        	145.251   	0         	
38.7745   	2500      	70        	145.293   	0         	
39.7745   	2500      	70        	145.328   	0         	
40.7745   	2500      	70        	145.357   	0         	
41.7745   	2500      	70        	145.383   	0         	
42.7745   	2500      	70        	145.404   	0         	
43.7745   	2500      	70        	145.423   	0         	
44.7745   	2500      	70        	145.438   	0         	
45.7745   	2500      	70        	145.451   	0         	
46.7745   	2500      	70        	145.463   	0         	
47.7745   	2500      	70        	145.473   	0         	
48.7745   	2500      	70        	145.481   	0         	
49.7745   	2500      	70        	145.488   	0         	
50.7745   	2500      	70        	145.495   	0         	
51.7745   	2500      	70        	145.5     	9.96297e-013	
52.7745   	2500      	70        	145.505   	2.41047e-013	
53.7745   	2500      	70        	145.51    	3.6158e-013	
54.7745   	2500      	70        	145.514   	8.03529e-013	
55.7745   	2500      	70        	145.517   	1.81601e-012	
56.7745   	2500      	70        	145.52    	4.07405e-012	
57.7745   	2500      	70        	145.523   	9.09646e-012	
58.7745   	2500      	70        	145.525   	2.02343e-011	
59.7745   	2500      	70        	145.528   	4.48407e-011	
60.7745   	2500      	70        	145.53    	9.90285e-011	
61.7745   	2500      	70        	145.532   	2.18102e-010	
62.7745   	2500      	70        	145.533   	4.7921e-010	
63.7745   	2500      	70        	145.535   	1.05085e-009	
64.7745   	2500      	70        	145.536   	2.3007e-009	
65.7745   	2500      	70        	145.538   	5.03068e-009	
66.7745   	2500      	70        	145.539   	1.09891e-008	
67.7745   	2500      	70        	145.54    	2.39863e-008	
68.7745   	2500      	70        	145.542   	5.23258e-008	
69.7745   	2500      	70        	145.542   	1.14095e-007	
70.7745   	2500      	70        	145.543   	2.48678e-007	
71.7745   	2500      	70        	145.544   	5.41807e-007	
72.7745   	2500      	70        	145.544   	1.17999e-006	
73.7745   	2500      	70        	145.545   	2.56876e-006	
74.7745   	2500      	70        	145.545   	5.5894e-006	
75.7745   	2500      	70        	145.544   	1.21556e-005	
76.7745   	2500      	70        	145.544   	2.64206e-005	
77.7745   	2500      	70        	145.543   	5.73951e-005	
78.7745   	2500      	70        	145.542   	0.000124636	
79.7745   	2500      	70        	145.541   	0.000270644	
80.7745   	2500      	70        	145.538   	0.000588047	
81.7745   	2500      	70        	145.535   	0.00127962	
82.7745   	2500      	70        	145.528   	0.00279193	
83.7745   	2500      	70        	145.516   	0.00611325	
84.7745   	2500      	70        	145.49    	0.0134355 	
85.7745   	2500      	70        	145.437   	0.0296325 	
86.7745   	2500      	70        	145.323   	0.065484  	
87.7745   	2500      	70        	145.078   	0.144395  	
88.7745   	2500      	70        	144.557   	0.315454  	
89.7745   	2500      	70        	143.477   	0.674615  	
90.7745   	2500      	70        	141.366   	1.38553   	
91.7745   	2500      	70        	137.557   	2.68433   	
92.7745   	2500      	70        	131.418   	4.80139   	
93.7745   	2500      	70        	122.773   	7.81987   	
94.7745   	2500      	70        	112.316   	11.5216   	
95.7745   	2500      	70        	101.478   	15.4259   	
96.7745   	2500      	70        	91.5072   	19.0981   	
97.7745   	2500      	70        	83.2417   	22.2297   	
98.7745   	2500      	70        	76.4871   	24.8645   	
99.7745   	2500      	70        	71.4322   	26.9163   	
100       	2500      	70        	70.3737   	27.3509   	
