
 Simulation Finished Successfully 


 -------------------------- Performance Report -------------------------- 


 ------------ Mass Balance Error Report ------------- 

 OCIP     :	1.26925e+006	2.035e+006	6.92214e+007	9.11553e+006	6.1994e+006	1.01435e+007	4.97735e+006	1.58919e+006	346159	

 Residual :	937674	1.45374e+006	5.00317e+007	6.81278e+006	4.7178e+006	7.94983e+006	3.94175e+006	1.30043e+006	286830	
 Facilty  :	331578	581260	1.91898e+007	2.30276e+006	1.4816e+006	2.1937e+006	1.03561e+006	288762	59330.2	

 MB_Error :	-0.73923	-0.7369	-29.12	-5.7718	-4.50115	-9.85862	-5.39936	-2.6888	-1.10467	
 Rel_Error:	0%	0%	0%	0%	0%	0%	0%	0%	0%	


 Variable Type : -----------------  Natural Variables
 Number of Implicit levels: ------        1
                    ImpVar --- TransImpLvl --- CFL_Limit --- Percent
       Scheme 0 :     9             4             1           100%

 Linear solver choice : ----------        4
 Preconditioner choice : ---------        4
 Linear solver Tolerance : -------   0.0001

 Total running time: -------------    29.11 sec  ( 100 % )
   -Initialization time: ---------    0.422 sec  (   1 % )
   -Property Calc  time: ---------    2.497 sec  (   9 % )
   -Linearization  time: ---------   10.266 sec  (  35 % )
   -Newton Update  time: ---------    0.031 sec  (   0 % )
   -Solver running time: ---------   12.052 sec  (  41 % )
      --(B)ILU Pre fac time: -----    6.638 sec  (  23 % )
      --(B)ILU Pre slv time: -----    0.298 sec  (   1 % )
      --Pres dcpl time: ----------    1.952 sec  (   7 % )
      --Pres slv time: -----------    0.234 sec  (   1 % )
   -Timestep Calc  time: ---------        0 sec  (   0 % )
   -CFL No.  Calc  time: ---------        0 sec  (   0 % )


 Compositional simulation only:
 Initialization time for reservoir: ---------        0 sec
 Phase equilibrium running time: ------------    0.419 sec


 No. of timesteps: ---------------       98

 No. of Newton Iters : -----------      347
 No. of Waste Newton Iters : -----      147

 No. of Solver Iters : -----------      970
 No. of Waste Solver Iters : -----      215

 No. of Pres slvr iters : --------      970
 No. of Waste Pres slvr iters: ---      215

 Total elapsed = 29.11, steps = 98, Newton = 347, linear = 970

