
 Simulation Finished Successfully 


 -------------------------- Performance Report -------------------------- 


 ------------ Mass Balance Error Report ------------- 

 OCIP     :	0.320972	0	0.0802431	4.01215e-021	4.01215e-021	

 Residual :	0.00364979	9.70697e-076	0.150294	0.00131618	2.836e-006	
 Facilty  :	4.95505	0.0802424	57.8376	16.5235	0.239749	

 MB_Error :	-4.63773	-0.0802424	-57.9077	-16.5249	-0.239752	
 Rel_Error:	1444.9%	##	72165.3%	##	##	


 ---- Total EoS counters ----
 flash iters SSI    =       4345, flash iters Newton =          0
 Stab. iters SSI    =      16182, Stab. iters Newton =          0

 No of Satb for Oil =    35, No of Satb for gas =  3352, No of flash =   905
 time of Satb for Oil = 0.001, time of Satb for gas = 0.126, time for flash = 0.063



Statistics of bypass stability analysis:
Total No:				 2264
Bypass No:				 0
Failed Pressure No:	 0
Failed Composition  No: 0

 Variable Type : -----------------  Natural Variables
 Number of Implicit levels: ------        1
                    ImpVar --- TransImpLvl --- CFL_Limit --- Percent
       Scheme 0 :     7             4             1           100%

 Linear solver choice : ----------        5
 Preconditioner choice : ---------        4
 Linear solver Tolerance : -------   0.0001

 Total running time: -------------       19 sec  ( 100 % )
   -Initialization time: ---------        0 sec  (   0 % )
   -Property Calc  time: ---------      1.4 sec  (   7 % )
   -Linearization  time: ---------    0.968 sec  (   5 % )
   -Newton Update  time: ---------     0.02 sec  (   0 % )
   -Solver running time: ---------     4.01 sec  (  21 % )
      --(B)ILU Pre fac time: -----    0.149 sec  (   1 % )
      --(B)ILU Pre slv time: -----    0.023 sec  (   0 % )
      --Pres dcpl time: ----------    0.078 sec  (   0 % )
      --Pres slv time: -----------    0.287 sec  (   2 % )
   -Timestep Calc  time: ---------    0.001 sec  (   0 % )
   -CFL No.  Calc  time: ---------        0 sec  (   0 % )


 Compositional simulation only:
 Initialization time for reservoir: ---------    0.002 sec
 Phase equilibrium running time: ------------    0.096 sec


 No. of timesteps: ---------------      273

 No. of Newton Iters : -----------      815
 No. of Waste Newton Iters : -----        0

 No. of Solver Iters : -----------      815
 No. of Waste Solver Iters : -----        0

 No. of Pres slvr iters : --------      815
 No. of Waste Pres slvr iters: ---        0

 Total elapsed = 19, steps = 273, Newton = 815, linear = 815

