Results of block pressure and saturations for reservoir: RES1

BlockNo		P		T		Sg		So		Y[i]		X[i]
 t = 0       (days)
0           40.647      649.67      1               0               0.8             0.2             1e-020          1e-020          1e-020          0.8             0.2             1e-020          1e-020          1e-020          0               
1           40.647      70          1               0               0.8             0.2             1e-020          1e-020          1e-020          0.8             0.2             1e-020          1e-020          1e-020          0               
2           40.647      70          1               0               0.8             0.2             1e-020          1e-020          1e-020          0.8             0.2             1e-020          1e-020          1e-020          0               
3           40.647      70          1               0               0.8             0.2             1e-020          1e-020          1e-020          0.8             0.2             1e-020          1e-020          1e-020          0               
4           40.647      70          1               0               0.8             0.2             1e-020          1e-020          1e-020          0.8             0.2             1e-020          1e-020          1e-020          0               
5           40.647      70          1               0               0.8             0.2             1e-020          1e-020          1e-020          0.8             0.2             1e-020          1e-020          1e-020          0               
6           40.647      70          1               0               0.8             0.2             1e-020          1e-020          1e-020          0.8             0.2             1e-020          1e-020          1e-020          0               
7           40.647      70          1               0               0.8             0.2             1e-020          1e-020          1e-020          0.8             0.2             1e-020          1e-020          1e-020          0               
8           40.647      70          1               0               0.8             0.2             1e-020          1e-020          1e-020          0.8             0.2             1e-020          1e-020          1e-020          0               
9           40.647      70          1               0               0.8             0.2             1e-020          1e-020          1e-020          0.8             0.2             1e-020          1e-020          1e-020          0               
10          40.647      649.67      1               0               0.8             0.2             1e-020          1e-020          1e-020          0.8             0.2             1e-020          1e-020          1e-020          0               

 t = 2       (days)
0           30.1553     649.669     0.999889        0.000111305     0.0598651       1.26298e-010    0.707898        0.215024        0.0172123       0.000538776     6.81987e-013    0.00759483      0.0646664       0.9272          -0.0987740807464  
1           30.1019     149.187     0.832882        0.167118        0.0778812       4.22797e-007    0.920057        0.00206122      3.0525e-010     0.00176794      1.39847e-009    0.0243567       0.900247        0.0736286       -1.21680443499e-013  
2           30.0782     76.1523     0.999646        0.000353792     0.0780532       5.92068e-006    0.921763        0.000177355     1.28863e-013    0.00301386      1.88972e-008    0.0386607       0.956148        0.00217701      0               
3           30.0651     70.3555     0.999993        6.54115e-006    0.0781448       2.86746e-005    0.921686        0.000140892     9.84302e-020    0.00317665      9.18291e-008    0.0404534       0.95637         2.54162e-009    0               
4           30.0522     70.0169     1               2.44542e-007    0.078388        9.35046e-005    0.92138         0.000139016     1.78776e-020    0.0031949       2.99453e-007    0.0405351       0.95627         4.74416e-010    0               
5           30.0393     70.0013     1               3.40591e-009    0.0785626       0.000140464     0.921158        0.00013898      4.64106e-019    0.00320111      4.49654e-007    0.0405134       0.956285        1.23287e-008    0               
6           30.0522     70.0169     1               2.44542e-007    0.078388        9.35046e-005    0.92138         0.000139016     1.78645e-020    0.0031949       2.99453e-007    0.0405351       0.95627         4.74068e-010    0               
7           30.0651     70.3555     0.999993        6.54115e-006    0.0781448       2.86746e-005    0.921686        0.000140892     9.84303e-020    0.00317665      9.18291e-008    0.0404534       0.95637         2.54162e-009    0               
8           30.0782     76.1523     0.999646        0.000353792     0.0780532       5.92068e-006    0.921763        0.000177355     1.28863e-013    0.00301386      1.88972e-008    0.0386607       0.956148        0.00217701      0               
9           30.1019     149.187     0.832882        0.167118        0.0778812       4.22797e-007    0.920057        0.00206122      3.0525e-010     0.00176794      1.39847e-009    0.0243567       0.900247        0.0736286       -1.21680443499e-013  
10          30.1553     649.669     0.999889        0.000111305     0.0598651       1.26298e-010    0.707898        0.215024        0.0172123       0.000538776     6.81987e-013    0.00759483      0.0646664       0.9272          -0.0987740807464  

 t = 10      (days)
0           30.1535     649.669     0.999939        6.07731e-005    0.059831        1.71045e-032    0.708038        0.214917        0.0172135       0.000538433     9.2355e-035     0.00759583      0.0646306       0.927235        -0.371332497341  
1           30.1243     315.217     0.445596        0.554404        0.0714832       5.56241e-026    0.845825        0.0826907       8.242e-007      0.000843378     1.8888e-028     0.0120774       0.907137        0.0799423       -9.82313060893e-008  
2           30.0473     142.488     0.889253        0.110747        0.0778317       3.68742e-020    0.920454        0.00171462      1.60541e-010    0.00183705      1.18193e-022    0.025053        0.927601        0.0455093       -2.23265850252e-013  
3           30.0362     86.2451     0.999391        0.000608828     0.0779463       1.74066e-018    0.92179         0.00026326      3.27489e-014    0.00275932      5.46124e-021    0.0356735       0.961324        0.000243306     -8.881784197e-016  
4           30.0287     73.0218     0.999954        4.59259e-005    0.0779556       2.37334e-017    0.921887        0.000157098     4.224e-021      0.00309065      7.56397e-020    0.0395473       0.957362        8.7857e-011     0               
5           30.0216     70.9143     0.99999         9.79121e-006    0.0779571       4.41072e-017    0.921899        0.000144312     1.44665e-021    0.00314863      1.40938e-019    0.0402209       0.95663         3.56666e-011    0               
6           30.0287     73.0218     0.999954        4.59259e-005    0.0779556       2.37334e-017    0.921887        0.000157098     4.22391e-021    0.00309065      7.56397e-020    0.0395473       0.957362        8.78551e-011    0               
7           30.0362     86.2451     0.999391        0.000608828     0.0779463       1.74066e-018    0.92179         0.00026326      3.27489e-014    0.00275932      5.46124e-021    0.0356735       0.961324        0.000243306     -8.881784197e-016  
8           30.0473     142.488     0.889253        0.110747        0.0778317       3.68742e-020    0.920454        0.00171462      1.60541e-010    0.00183705      1.18193e-022    0.025053        0.927601        0.0455093       -2.23265850252e-013  
9           30.1243     315.217     0.445596        0.554404        0.0714832       5.56241e-026    0.845825        0.0826907       8.242e-007      0.000843378     1.8888e-028     0.0120774       0.907137        0.0799423       -9.82313060893e-008  
10          30.1535     649.669     0.999939        6.07731e-005    0.059831        1.71045e-032    0.708038        0.214917        0.0172135       0.000538433     9.2355e-035     0.00759583      0.0646306       0.927235        -0.371332497341  

 t = 60      (days)
0           30.0119     649.669     0.999999        1.42822e-006    0.0575032       2.02928e-071    0.717185        0.208008        0.0173038       0.000514899     1.09018e-073    0.00765577      0.0622802       0.929549        -0.691434820308  
1           30.0111     499.531     0.999201        0.000798544     0.0565095       1.69977e-069    0.734689        0.207874        0.000927307     0.000527399     7.84218e-072    0.00830582      0.189365        0.801801        -0.00591780856289  
2           30.0101     367.17      0.390661        0.609339        0.0569215       2.90061e-059    0.749452        0.193624        2.32203e-006    0.000591169     9.78235e-062    0.00940919      0.958463        0.0315367       -9.88392237888e-006  
3           30.0045     266.812     0.502983        0.497017        0.0676137       9.10633e-046    0.896557        0.0358295       6.79415e-008    0.00090015      2.84883e-048    0.0142491       0.953179        0.031672        -2.13647903813e-008  
4           30.002      205.34      0.990128        0.00987245      0.0687084       1.85645e-041    0.921719        0.00957286      2.4473e-009     0.00115703      5.60434e-044    0.018159        0.965342        0.0153417       -2.1660528926e-010  
5           30.0015     184.725     0.998874        0.00112552      0.0685206       3.55902e-024    0.925673        0.00580647      1.54298e-014    0.00127011      1.05048e-026    0.0198158       0.978914        2.29135e-007    -3.86803922225e-011  
6           30.002      205.34      0.990128        0.00987245      0.0687084       3.5198e-024     0.921719        0.00957286      2.4473e-009     0.00115703      1.06257e-026    0.018159        0.965342        0.0153417       -2.1660528926e-010  
7           30.0045     266.812     0.502983        0.497017        0.0676137       2.60878e-026    0.896557        0.0358295       6.79415e-008    0.00090015      8.16131e-029    0.0142491       0.953179        0.031672        -2.13647903813e-008  
8           30.0101     367.17      0.390661        0.609339        0.0569215       6.89759e-029    0.749452        0.193624        2.32203e-006    0.000591169     2.32622e-031    0.00940919      0.958463        0.0315367       -9.88392237888e-006  
9           30.0111     499.531     0.999201        0.000798544     0.0565095       2.01835e-029    0.734689        0.207874        0.000927307     0.000527399     9.31198e-032    0.00830582      0.189365        0.801801        -0.0059178085629  
10          30.0119     649.669     0.999999        1.42822e-006    0.0575032       2.02928e-071    0.717185        0.208008        0.0173038       0.000514899     1.09018e-073    0.00765577      0.0622802       0.929549        -0.691434820308  

 t = 120     (days)
0           30.0323     649.669     1               0               0.0365312       6.67923e-074    0.834112        0.12505         0.00430608      0.0365312       6.67923e-074    0.834112        0.12505         0.00430608      -0.699875459644  
1           30.0322     553.365     0.999698        0.000302006     0.0583166       8.7924e-076     0.727027        0.21159         0.00306641      0.000528959     4.26495e-078    0.00794441      0.12221         0.869316        -0.0819839628883  
2           30.0298     468.777     0.997755        0.00224539      0.0545325       8.21786e-076    0.697425        0.247645        0.000397495     0.000523627     3.69293e-078    0.00813597      0.305978        0.685363        -0.00192901612509  
3           30.0275     401.331     0.388827        0.611173        0.0485246       2.07546e-065    0.637473        0.313998        3.49046e-006    0.000476378     7.18202e-068    0.00756495      0.97586         0.0160991       -6.70894793098e-005  
4           30.0129     358.088     0.497605        0.502395        0.0583007       7.03302e-055    0.770136        0.171562        1.11054e-006    0.000611973     2.31359e-057    0.00975136      0.971122        0.0185147       -6.21658455613e-006  
5           30.0055     343.18      0.929801        0.070199        0.0605113       1.81777e-021    0.80176         0.137729        4.77881e-007    0.000652057     5.8432e-024     0.0103982       0.976698        0.0122515       -2.6028143254e-006  
6           30.0129     358.088     0.497605        0.502395        0.0583007       2.42594e-021    0.770136        0.171562        1.11054e-006    0.000611973     7.98037e-024    0.00975136      0.971122        0.0185147       -6.21658455613e-006  
7           30.0275     401.331     0.388827        0.611173        0.0485246       1.08333e-021    0.637473        0.313998        3.49046e-006    0.000476378     3.74881e-024    0.00756495      0.97586         0.0160991       -6.70894793099e-005  
8           30.0298     468.777     0.997755        0.00224539      0.0545325       6.92187e-022    0.697425        0.247645        0.000397495     0.000523627     3.11055e-024    0.00813597      0.305978        0.685363        -0.0019290161251  
9           30.0322     553.365     0.999698        0.000302006     0.0583166       1.66897e-043    0.727027        0.21159         0.00306641      0.000528959     8.0957e-046     0.00794441      0.12221         0.869316        -0.0819839628884  
10          30.0323     649.669     1               0               0.0365312       6.67923e-074    0.834112        0.12505         0.00430608      0.0365312       6.67923e-074    0.834112        0.12505         0.00430608      -0.699875459644  

 t = 180     (days)
0           30.0358     649.668     1               0               0.0249543       3.88653e-074    0.948797        0.0261892       5.89758e-005    0.0249543       3.88653e-074    0.948797        0.0261892       5.89758e-005    -0.699998553962  
1           30.0358     584.474     0.999855        0.000145131     0.0587834       4.11073e-077    0.722628        0.212956        0.00563227      0.000528359     2.05698e-079    0.00779903      0.0975386       0.894134        -0.294208202635  
2           30.0311     530.188     0.999527        0.000473408     0.0584473       3.3098e-077     0.727268        0.212408        0.00187589      0.000535748     1.57088e-079    0.00805025      0.147946        0.843468        -0.0322941417118  
3           30.0256     487.435     0.999102        0.000898018     0.0583186       3.21408e-077    0.728787        0.212211        0.000683235     0.000549686     1.46808e-079    0.00833073      0.216782        0.774338        -0.00462882542342  
4           30.0203     459.828     0.997506        0.00249385      0.057953        3.19212e-077    0.729545        0.212178        0.000324071     0.00055978      1.42269e-079    0.00856887      0.286416        0.704455        -0.00124594268092  
5           30.0152     450.28      0.996493        0.00350704      0.055768        1.03075e-042    0.704352        0.239648        0.000232583     0.000544912     4.54806e-045    0.00837617      0.360887        0.630192        -0.000782488950096  
6           30.0203     459.828     0.997506        0.00249385      0.057953        1.38196e-042    0.729545        0.212178        0.000324071     0.00055978      6.1592e-045     0.00856887      0.286416        0.704455        -0.00124594268092  
7           30.0256     487.435     0.999102        0.000898018     0.0583186       1.14353e-043    0.728787        0.212211        0.000683235     0.000549686     5.22327e-046    0.00833073      0.216782        0.774338        -0.00462882542342  
8           30.0311     530.188     0.999527        0.000473408     0.0584473       1.49725e-058    0.727268        0.212408        0.00187589      0.000535748     7.1062e-061     0.00805025      0.147946        0.843468        -0.0322941417118  
9           30.0358     584.474     0.999855        0.000145131     0.0587834       4.28841e-077    0.722628        0.212956        0.00563227      0.000528359     2.14589e-079    0.00779903      0.0975386       0.894134        -0.294208202635  
10          30.0358     649.668     1               0               0.0249543       3.88653e-074    0.948797        0.0261892       5.89758e-005    0.0249543       3.88653e-074    0.948797        0.0261892       5.89758e-005    -0.699998553962  

 t = 240     (days)
0           30.0541     649.668     1               0               0.0228549       3.5508e-074     0.970813        0.0063304       1.77292e-006    0.0228549       3.5508e-074     0.970813        0.0063304       1.77292e-006    -0.699999957464  
1           30.0541     604.053     0.999951        4.92524e-005    0.0589623       1.12071e-077    0.719803        0.213192        0.00804286      0.000528629     5.72797e-080    0.0077325       0.085303        0.906436        -0.532621679311  
2           30.0504     566.408     0.999763        0.000236739     0.0586346       5.75778e-078    0.724631        0.212755        0.00397977      0.000529781     2.83053e-080    0.0078767       0.111271        0.880322        -0.169791196087  
3           30.0436     538.632     0.999606        0.000393644     0.0584854       4.70149e-078    0.726756        0.212507        0.00225159      0.000534078     2.24988e-080    0.00800734      0.138098        0.853361        -0.0558185328513  
4           30.0356     521.149     0.999507        0.000492758     0.0584215       4.27848e-078    0.727657        0.212388        0.00153339      0.00053826      2.01425e-080    0.00810334      0.159749        0.83161         -0.0264652776914  
5           30.027      515.137     0.999477        0.000522581     0.0584036       1.15895e-054    0.727908        0.212351        0.00133704      0.000539872     5.42514e-057    0.00813783      0.168238        0.823084        -0.0203693691685  
6           30.0356     521.149     0.999507        0.000492758     0.0584215       1.29547e-054    0.727657        0.212388        0.00153339      0.00053826      6.09893e-057    0.00810334      0.159749        0.83161         -0.0264652776914  
7           30.0436     538.632     0.999606        0.000393644     0.0584854       7.96099e-056    0.726756        0.212507        0.00225159      0.000534078     3.80971e-058    0.00800734      0.138098        0.853361        -0.0558185328513  
8           30.0504     566.408     0.999763        0.000236739     0.0586346       1.99539e-070    0.724631        0.212755        0.00397977      0.000529781     9.80938e-073    0.0078767       0.111271        0.880322        -0.169791196087  
9           30.0541     604.053     0.999951        4.92524e-005    0.0589623       1.12071e-077    0.719803        0.213192        0.00804286      0.000528629     5.72797e-080    0.0077325       0.085303        0.906436        -0.532621679311  
10          30.0541     649.668     1               0               0.0228549       3.5508e-074     0.970813        0.0063304       1.77292e-006    0.0228549       3.5508e-074     0.970813        0.0063304       1.77292e-006    -0.699999957464  

 t = 300     (days)
0           30.0616     649.668     1               0               0.022359        3.47349e-074    0.97603         0.00161048      5.86622e-008    0.022359        3.47349e-074    0.97603         0.00161048      5.86622e-008    -0.6999999986   
1           30.0616     616.725     0.999989        1.11174e-005    0.0588305       7.34843e-078    0.719049        0.212087        0.0100339       0.000527043     3.80868e-080    0.00770778      0.0780515       0.913714        -0.656828150195  
2           30.0601     587.789     0.999891        0.000108991     0.0587433       1.87655e-078    0.722527        0.212744        0.00598523      0.000528066     9.42972e-081    0.00779617      0.0952604       0.896415        -0.389421036731  
3           30.0547     567.218     0.999782        0.000217954     0.0586112       1.16691e-078    0.724713        0.212634        0.00404215      0.000529512     5.74185e-081    0.00787608      0.110561        0.881033        -0.202768583377  
4           30.0463     554.949     0.999717        0.000283385     0.0585487       9.07703e-079    0.72573         0.212558        0.00316362      0.000531021     4.41193e-081    0.00792827      0.121332        0.870208        -0.127976181857  
5           30.0356     550.848     0.999696        0.000303851     0.0585313       1.94866e-065    0.726024        0.212535        0.00290985      0.00053152      9.43097e-068    0.00794469      0.125226        0.866298        -0.108804730463  
6           30.0463     554.949     0.999717        0.000283385     0.0585487       2.46053e-065    0.72573         0.212558        0.00316362      0.000531021     1.19596e-067    0.00792827      0.121332        0.870208        -0.127976181857  
7           30.0547     567.218     0.999782        0.000217954     0.0586112       2.7705e-066     0.724713        0.212634        0.00404215      0.000529512     1.36326e-068    0.00787608      0.110561        0.881033        -0.202768583377  
8           30.0601     587.789     0.999891        0.000108991     0.0587433       1.92756e-078    0.722527        0.212744        0.00598523      0.000528066     9.68607e-081    0.00779617      0.0952604       0.896415        -0.389421036731  
9           30.0616     616.725     0.999989        1.11174e-005    0.0588305       7.34843e-078    0.719049        0.212087        0.0100339       0.000527043     3.80868e-080    0.00770778      0.0780515       0.913714        -0.656828150195  
10          30.0616     649.668     1               0               0.022359        3.47349e-074    0.97603         0.00161048      5.86622e-008    0.022359        3.47349e-074    0.97603         0.00161048      5.86622e-008    -0.6999999986   

 t = 400     (days)
0           30.0415     649.668     1               0               0.0222076       3.44996e-074    0.977625        0.000167698     1.98376e-010    0.0222076       3.44996e-074    0.977625        0.000167698     1.98376e-010    -0.699999999995  
1           30.0415     628.461     1               3.37985e-007    0.0533577       1.33401e-077    0.743858        0.190502        0.0122817       0.000477183     6.99407e-080    0.00795008      0.065027        0.926546        -0.698038112878  
2           30.0414     608.578     0.999983        1.70162e-005    0.0584932       8.45978e-079    0.721693        0.211095        0.00871811      0.000523922     4.3427e-081     0.00774162      0.0819134       0.909821        -0.639436263327  
3           30.0398     592.758     0.999937        6.2658e-005     0.0586574       3.0533e-079     0.72251         0.212267        0.00656494      0.000526448     1.54118e-081    0.00777931      0.091729        0.899965        -0.511996157738  
4           30.0353     582.993     0.999896        0.0001045       0.0586551       1.79184e-079    0.723363        0.212504        0.00547775      0.000527356     8.95224e-082    0.00781045      0.0983724       0.89329         -0.416428229803  
5           30.0277     579.73      0.99988         0.000120111     0.0586499       1.48763e-079    0.723643        0.212556        0.00515157      0.000527574     7.40578e-082    0.00782012      0.100709        0.890943        -0.384591110396  
6           30.0353     582.993     0.999896        0.0001045       0.0586551       1.79551e-079    0.723363        0.212504        0.00547775      0.000527356     8.97055e-082    0.00781045      0.0983724       0.89329         -0.416428229803  
7           30.0398     592.758     0.999937        6.2658e-005     0.0586574       3.05535e-079    0.72251         0.212267        0.00656494      0.000526448     1.54221e-081    0.00777931      0.091729        0.899965        -0.511996157739  
8           30.0414     608.578     0.999983        1.70162e-005    0.0584932       8.45978e-079    0.721693        0.211095        0.00871811      0.000523922     4.3427e-081     0.00774162      0.0819134       0.909821        -0.639436263327  
9           30.0415     628.461     1               3.37985e-007    0.0533577       1.33401e-077    0.743858        0.190502        0.0122817       0.000477183     6.99407e-080    0.00795008      0.065027        0.926546        -0.698038112878  
10          30.0415     649.668     1               0               0.0222076       3.44996e-074    0.977625        0.000167698     1.98376e-010    0.0222076       3.44996e-074    0.977625        0.000167698     1.98376e-010    -0.699999999995  

 t = 500     (days)
0           30.0148     649.668     1               0               0.0221918       3.44751e-074    0.977791        1.75404e-005    3.55074e-013    0.0221918       3.44751e-074    0.977791        1.75404e-005    3.55074e-013    -0.7            
1           30.0148     635.912     1               0               0.0333448       2.66165e-077    0.874746        0.0901336       0.0017758       0.0333448       2.66165e-077    0.874746        0.0901336       0.0017758       -0.699958511969  
2           30.0148     623.065     0.999999        1.00137e-006    0.0550209       1.50501e-078    0.738562        0.195194        0.0112231       0.000491704     7.83741e-081    0.00789245      0.0688802       0.922736        -0.695414943992  
3           30.0146     612.221     0.999992        8.33346e-006    0.0579497       2.80327e-079    0.724388        0.208359        0.00930329      0.000518382     1.44326e-081    0.00775746      0.0788601       0.912864        -0.669109560914  
4           30.0135     604.919     0.99998         2.01594e-005    0.0584424       1.14834e-079    0.722564        0.210812        0.00818165      0.000523153     5.86603e-082    0.00774945      0.0837554       0.907972        -0.631240408107  
5           30.0108     602.355     0.999974        2.59256e-005    0.0585263       8.5688e-080     0.722378        0.211278        0.00781723      0.000524018     4.36488e-082    0.0077513       0.0853977       0.906327        -0.614141068127  
6           30.0135     604.919     0.99998         2.01594e-005    0.0584424       1.14834e-079    0.722564        0.210812        0.00818165      0.000523153     5.86603e-082    0.00774945      0.0837554       0.907972        -0.631240408107  
7           30.0146     612.221     0.999992        8.33346e-006    0.0579497       2.80327e-079    0.724388        0.208359        0.00930329      0.000518382     1.44326e-081    0.00775746      0.0788601       0.912864        -0.669109560914  
8           30.0148     623.065     0.999999        1.00137e-006    0.0550209       1.50501e-078    0.738562        0.195194        0.0112231       0.000491704     7.83741e-081    0.00789245      0.0688802       0.922736        -0.695414943992  
9           30.0148     635.912     1               0               0.0333448       2.66165e-077    0.874746        0.0901336       0.0017758       0.0333448       2.66165e-077    0.874746        0.0901336       0.0017758       -0.699958511969  
10          30.0148     649.668     1               0               0.0221918       3.44751e-074    0.977791        1.75404e-005    3.55074e-013    0.0221918       3.44751e-074    0.977791        1.75404e-005    3.55074e-013    -0.7            

 t = 800     (days)
0           30          649.668     1               0               0.02219         3.44722e-074    0.97781         2.00948e-008    1e-020          0.02219         3.44722e-074    0.97781         2.00948e-008    1e-020          -0.7            
1           30          647.603     1               0               0.0230253       3.29218e-077    0.976637        0.000337375     6.26951e-010    0.0230253       3.29218e-077    0.976637        0.000337375     6.26951e-010    -0.699999999985  
2           30          645.74      1               0               0.0232694       3.4707e-078     0.973101        0.00362924      4.20701e-007    0.0232694       3.4707e-078     0.973101        0.00362924      4.20701e-007    -0.699999990442  
3           30          644.261     1               0               0.023815        8.80317e-079    0.964919        0.0112557       1.03795e-005    0.023815        8.80317e-079    0.964919        0.0112557       1.03795e-005    -0.699999765205  
4           30          643.311     1               0               0.0245594       3.53595e-079    0.955594        0.0197971       4.98112e-005    0.0245594       3.53595e-079    0.955594        0.0197971       4.98112e-005    -0.699998861283  
5           30          642.983     1               0               0.0248399       2.53779e-079    0.952065        0.0230161       7.92027e-005    0.0248399       2.53779e-079    0.952065        0.0230161       7.92027e-005    -0.699998157616  
6           30          643.311     1               0               0.0245594       3.53595e-079    0.955594        0.0197971       4.98112e-005    0.0245594       3.53595e-079    0.955594        0.0197971       4.98112e-005    -0.699998861283  
7           30          644.261     1               0               0.023815        8.80317e-079    0.964919        0.0112557       1.03795e-005    0.023815        8.80317e-079    0.964919        0.0112557       1.03795e-005    -0.699999765205  
8           30          645.74      1               0               0.0232694       3.4707e-078     0.973101        0.00362924      4.20701e-007    0.0232694       3.4707e-078     0.973101        0.00362924      4.20701e-007    -0.699999990442  
9           30          647.603     1               0               0.0230253       3.29218e-077    0.976637        0.000337375     6.26951e-010    0.0230253       3.29218e-077    0.976637        0.000337375     6.26951e-010    -0.699999999985  
10          30          649.668     1               0               0.02219         3.44722e-074    0.97781         2.00948e-008    1e-020          0.02219         3.44722e-074    0.97781         2.00948e-008    1e-020          -0.7            

