 % Reservoir Output 
 % Unit for Total Component: B.O. ~ lb/day || Compositional ~ mol/day 

time	pres	temp	comp0	comp1	comp2	comp3	comp4	min0	
day	psi	F	**	**	**	**	**	
         0	    40.647	   1109.67	0.320972	0	0.0802431	4.01215e-021	4.01215e-021	858.858	
      0.01	   31.3356	   1109.67	0.240342	0.0599263	0.00601944	0.00219605	0.000823821	858.738	
  0.037319	   30.2067	   1109.67	0.213724	0.052835	0.0264538	0.00851298	0.00141557	858.412	
  0.107112	   30.1382	   1109.67	0.172992	0.0415962	0.0762956	0.0245891	0.00270368	857.584	
  0.240373	    30.122	   1109.67	0.115465	0.0256588	0.149544	0.0549601	0.00513105	856.018	
  0.424797	   30.1084	   1109.67	0.068591	0.0126727	0.209491	0.0963967	0.0084451	853.88	
   0.63606	   30.0988	   1109.67	0.0423587	0.00542373	0.242781	0.143104	0.0121822	851.471	
  0.859723	   30.0934	   1109.67	0.0303462	0.00212482	0.25762	0.191718	0.0160726	848.963	
   1.08985	   30.0907	   1109.67	0.0253985	0.000784618	0.263245	0.240869	0.0200065	846.428	
   1.32433	   30.0889	   1109.67	0.0234646	0.000277481	0.264901	0.290067	0.0239443	843.89	
   1.56251	   30.0877	   1109.67	0.0227089	9.48921e-005	0.264969	0.339143	0.0278726	841.359	
   1.80423	   30.0866	   1109.67	0.0223874	3.1583e-005	0.264424	0.388044	0.0317871	838.836	
         2	   30.0859	   1109.67	0.0222426	1.18896e-005	0.26381	0.427063	0.0349106	836.823	
   2.22892	   30.0851	   1109.67	0.0221294	4.01118e-006	0.263007	0.471904	0.0385003	834.51	
    2.4739	   30.0842	   1109.67	0.0220298	1.28548e-006	0.262109	0.519004	0.0422711	832.081	
   2.72742	   30.0834	   1109.67	0.0219344	4.01131e-007	0.261165	0.56682	0.0460993	829.614	
   2.98689	   30.0826	   1109.67	0.0218401	1.23081e-007	0.260195	0.614802	0.0499409	827.139	
   3.25162	   30.0819	   1109.67	0.0217457	3.72911e-008	0.259211	0.662782	0.0537825	824.664	
   3.52166	   30.0812	   1109.67	0.021651	1.11748e-008	0.258214	0.710733	0.0576219	822.191	
   3.79737	   30.0806	   1109.67	0.0215561	3.31483e-009	0.257209	0.758677	0.0614607	819.718	
   4.07928	   30.0801	   1109.67	0.0214609	9.73648e-010	0.256196	0.806662	0.0653029	817.243	
   4.36807	   30.0797	   1109.67	0.0213653	2.83138e-010	0.255176	0.854754	0.0691538	814.762	
   4.66463	   30.0795	   1109.67	0.0212695	8.14713e-011	0.254149	0.903042	0.0730202	812.271	
   4.97006	   30.0793	   1109.67	0.0211732	2.31724e-011	0.253116	0.951638	0.0769113	809.765	
   5.28582	   30.0794	   1109.67	0.0210764	6.50421e-012	0.252074	1.00069	0.0808387	807.234	
   5.61382	    30.079	   1109.67	0.0209784	1.79732e-012	0.251019	1.05039	0.0848183	804.671	
   5.95639	   30.0785	   1109.67	0.0208792	4.87579e-013	0.249949	1.10098	0.0888685	802.061	
    6.3166	    30.078	   1109.67	0.0207783	1.29364e-013	0.24886	1.15273	0.0930128	799.392	
   6.69874	   30.0776	   1109.67	0.020675	3.33927e-014	0.247746	1.20608	0.0972844	796.64	
   7.10892	   30.0771	   1109.67	0.0205685	8.32556e-015	0.246598	1.2616	0.10173	793.776	
   7.55627	   30.0766	   1109.67	0.0204571	1.98454e-015	0.245401	1.32014	0.106417	790.757	
   8.05539	    30.076	   1109.67	0.0203385	4.45443e-016	0.244131	1.38304	0.111455	787.512	
   8.63209	   30.0754	   1109.67	0.0202084	9.18972e-017	0.242743	1.45265	0.117029	783.921	
   9.31449	   30.0743	   1109.67	0.020062	1.71652e-017	0.24119	1.53093	0.123296	779.884	
    9.9641	   30.0729	   1109.67	0.0199272	3.45197e-018	0.239765	1.6019	0.12898	776.223	
        10	   30.0729	   1109.67	0.0199196	2.83129e-018	0.239685	1.60581	0.129293	776.021	
   10.0953	   30.0726	   1109.67	0.0198995	1.79248e-018	0.239472	1.61613	0.130119	775.489	
   10.3073	    30.072	   1109.67	0.0198555	7.88761e-019	0.239006	1.63869	0.131926	774.325	
   10.6599	    30.071	   1109.67	0.0197836	2.56923e-019	0.238246	1.67523	0.134851	772.441	
   11.1001	   30.0695	   1109.67	0.0196949	7.31457e-020	0.237309	1.71937	0.138385	770.164	
    11.566	   30.0677	   1109.67	0.0196016	2.04357e-020	0.236325	1.76446	0.141994	767.838	
   12.0295	    30.066	   1109.67	0.019509	5.85579e-021	0.235348	1.80779	0.14546	765.603	
   12.4842	   30.0642	   1109.67	0.0194181	1.73734e-021	0.234388	1.84886	0.148743	763.484	
   12.9307	   30.0624	   1109.67	0.0193286	5.3274e-022	0.233443	1.88785	0.151858	761.473	
   13.3715	   30.0608	   1109.67	0.0192399	1.68117e-022	0.232507	1.9251	0.154829	759.552	
   13.8092	   30.0591	   1109.67	0.0191515	5.43687e-023	0.231575	1.96087	0.157677	757.706	
   14.2459	   30.0576	   1109.67	0.0190629	1.79553e-023	0.230643	1.9954	0.160421	755.925	
   14.6833	   30.0561	   1109.67	0.0189737	6.03813e-024	0.229708	2.02887	0.163073	754.198	
   15.1229	   30.0548	   1109.67	0.0188836	2.06301e-024	0.228768	2.06141	0.165641	752.519	
    15.566	   30.0536	   1109.67	0.0187921	7.14795e-025	0.22782	2.09313	0.168132	750.882	
   16.0138	   30.0525	   1109.67	0.0186991	2.50776e-025	0.226864	2.12411	0.170552	749.283	
   16.4674	   30.0515	   1109.67	0.0186043	8.89752e-026	0.225899	2.15443	0.172901	747.718	
   16.9275	   30.0504	   1109.67	0.018507	3.18941e-026	0.224922	2.18414	0.175181	746.184	
   17.3946	   30.0492	   1109.67	0.0184072	1.15472e-026	0.223935	2.21325	0.177389	744.68	
   17.8696	   30.0482	   1109.67	0.0183046	4.21983e-027	0.222939	2.24181	0.179521	743.205	
   18.3532	   30.0472	   1109.67	0.0181986	1.55541e-027	0.221934	2.26984	0.181574	741.757	
   18.8464	   30.0464	   1109.67	0.0180887	5.77816e-028	0.220919	2.29737	0.183543	740.334	
   19.3503	   30.0456	   1109.67	0.0179743	2.16163e-028	0.219896	2.32444	0.185421	738.934	
   19.8661	    30.045	   1109.67	0.0178546	8.13593e-029	0.218864	2.35109	0.187199	737.555	
   20.3953	   30.0446	   1109.67	0.0177287	3.07744e-029	0.217823	2.37734	0.188867	736.195	
   20.9395	   30.0444	   1109.67	0.0175954	1.16834e-029	0.216774	2.40325	0.190409	734.853	
   21.5011	   30.0444	   1109.67	0.0174534	4.44488e-030	0.215717	2.42886	0.191808	733.525	
   22.0828	   30.0445	   1109.67	0.0173009	1.69102e-030	0.214651	2.45424	0.193042	732.208	
   22.6892	   30.0447	   1109.67	0.0171352	6.41041e-031	0.213574	2.4795	0.194083	730.895	
   23.3264	   30.0453	   1109.67	0.0169533	2.41125e-031	0.212485	2.50477	0.194889	729.58	
   24.0016	   30.0464	   1109.67	0.0167511	8.95568e-032	0.211383	2.53022	0.195405	728.255	
   24.7263	   30.0481	   1109.67	0.0165227	3.26076e-032	0.210268	2.55606	0.195545	726.907	
   25.5195	   30.0507	   1109.67	0.016259	1.15035e-032	0.209133	2.5827	0.195178	725.516	
   26.3756	   30.0531	   1109.67	0.0159575	3.96853e-033	0.208002	2.60966	0.194146	724.106	
   27.2345	   30.0553	   1109.67	0.0156382	1.4019e-033	0.20696	2.63504	0.192444	722.778	
   28.0739	   30.0572	   1109.67	0.0153115	5.14501e-034	0.206031	2.65836	0.190131	721.557	
   28.8883	   30.0584	   1109.67	0.014983	1.96543e-034	0.205209	2.6797	0.187272	720.442	
   29.6788	   30.0587	   1109.67	0.0146565	2.76101e-021	0.20448	2.69929	0.183928	719.42	
   30.4492	   30.0582	   1109.67	0.0143356	2.97779e-021	0.203832	2.71741	0.180152	718.479	
   31.2049	    30.057	   1109.67	0.0140235	1.54108e-020	0.203258	2.73432	0.175988	717.605	
   31.9509	   30.0552	   1109.67	0.013724	1.32894e-020	0.202757	2.75024	0.171476	716.788	
   32.6958	   30.0529	   1109.67	0.01344	7.88324e-021	0.202335	2.76545	0.166632	716.015	
   33.4498	   30.0501	   1109.67	0.0131751	1.46955e-020	0.202009	2.78019	0.161456	715.274	
   34.2148	    30.047	   1109.67	0.0129362	1.03881e-020	0.201808	2.79452	0.156014	714.563	
   34.9999	   30.0436	   1109.67	0.0127289	6.85438e-021	0.201756	2.8086	0.150333	713.872	
   35.8175	   30.0399	   1109.67	0.0125577	4.12045e-021	0.201857	2.82261	0.144438	713.194	
   36.6821	   30.0362	   1109.67	0.0124251	2.30656e-021	0.202055	2.8367	0.138369	712.519	
   37.6103	   30.0326	   1109.67	0.0123312	1.21922e-021	0.202207	2.85098	0.132204	711.84	
   38.6199	   30.0291	   1109.67	0.0122766	6.14578e-022	0.202121	2.86552	0.126081	711.15	
   39.7292	   30.0257	   1109.67	0.0122651	2.9807e-022	0.201625	2.88031	0.120206	710.448	
   40.9691	   30.0224	   1109.67	0.0123051	1.39802e-022	0.200624	2.89545	0.114791	709.725	
   42.3758	   30.0194	   1109.67	0.0124059	6.37789e-023	0.199093	2.91096	0.110088	708.977	
   43.9842	   30.0167	   1109.67	0.0125678	2.85376e-023	0.197061	2.92679	0.106339	708.204	
   45.8333	   30.0142	   1109.67	0.0127729	1.26039e-023	0.19458	2.94283	0.103656	707.409	
   47.9628	   30.0121	   1109.67	0.0129818	5.51482e-024	0.191717	2.95898	0.101961	706.598	
   50.4078	   30.0104	   1109.67	0.0131429	2.39332e-024	0.188551	2.97511	0.101015	705.78	
   53.1918	   30.0091	   1109.67	0.0132123	1.0299e-024	0.185154	2.99107	0.100523	704.961	
   56.3215	   30.0081	   1109.67	0.0131698	4.38753e-025	0.181578	3.00677	0.100242	704.149	
   59.7834	   30.0074	   1109.67	0.0130195	1.84274e-025	0.177861	3.02218	0.100012	703.341	
        60	   30.0073	   1109.67	0.0130097	1.6968e-025	0.177629	3.02314	0.099998	703.29	
    60.585	   30.0072	   1109.67	0.0129808	1.37964e-025	0.177008	3.02567	0.0999616	703.157	
   61.9402	   30.0071	   1109.67	0.0129014	9.06423e-026	0.175601	3.03131	0.0998726	702.858	
   64.3756	   30.0069	   1109.67	0.0127292	4.7214e-026	0.173157	3.04087	0.0996731	702.342	
   67.7398	   30.0069	   1109.67	0.012453	2.07736e-026	0.169908	3.05335	0.0992737	701.65	
   71.6364	   30.0071	   1109.67	0.0120959	8.20414e-027	0.166277	3.06718	0.0985554	700.846	
    75.757	   30.0077	   1109.67	0.0116837	2.98445e-027	0.162558	3.08129	0.0973765	699.964	
   79.9463	   30.0087	   1109.67	0.0112338	1.00137e-027	0.158874	3.09508	0.0955809	699.009	
   83.7567	   30.0099	   1109.67	0.0108049	3.30841e-028	0.155575	3.10694	0.0933197	698.076	
   87.0181	   30.0112	   1109.67	0.0104305	1.12498e-028	0.152767	3.11632	0.0908514	697.22	
    89.794	   30.0125	   1109.67	0.0101137	3.97699e-029	0.150374	3.12355	0.0883404	696.444	
   92.1944	   30.0138	   1109.67	0.00984687	1.45558e-029	0.14829	3.12907	0.0858665	695.735	
   94.3106	    30.015	   1109.67	0.00962095	5.47631e-030	0.146441	3.13328	0.0834654	695.077	
    96.209	   30.0161	   1109.67	0.00942737	2.1039e-030	0.144791	3.13643	0.0811452	694.459	
   97.9413	    30.017	   1109.67	0.00926089	8.19859e-031	0.143286	3.13876	0.0789234	693.872	
   99.5391	   30.0179	   1109.67	0.00911773	3.22986e-031	0.141892	3.14043	0.0768158	693.309	
   101.024	   30.0188	   1109.67	0.00899485	1.28404e-031	0.140587	3.14156	0.0748343	692.767	
   102.413	   30.0195	   1109.67	0.00888962	5.14422e-032	0.139355	3.14227	0.0729857	692.242	
    103.72	   30.0203	   1109.67	0.00879975	2.07424e-032	0.138183	3.14268	0.0712719	691.734	
   104.956	   30.0209	   1109.67	0.00872329	8.40791e-033	0.137062	3.14287	0.0696919	691.239	
    106.13	   30.0216	   1109.67	0.00865857	3.42235e-033	0.135985	3.14294	0.0682419	690.755	
   107.251	   30.0222	   1109.67	0.0086042	1.3974e-033	0.134945	3.14296	0.0669165	690.282	
   108.324	   30.0228	   1109.67	0.00855909	5.71808e-034	0.133939	3.14301	0.0657094	689.817	
   109.356	   30.0233	   1109.67	0.00852241	2.34435e-034	0.132963	3.14317	0.0646145	689.36	
   110.349	   30.0239	   1109.67	0.0084935	9.62589e-035	0.132017	3.14351	0.0636244	688.909	
   111.308	   30.0245	   1109.67	0.00847184	3.95461e-035	0.131097	3.14409	0.0627303	688.465	
   112.239	    30.025	   1109.67	0.00845719	1.62364e-035	0.130207	3.14499	0.0619229	688.025	
   113.146	   30.0255	   1109.67	0.00844973	6.65198e-036	0.129348	3.14627	0.0611934	687.588	
   114.032	   30.0261	   1109.67	0.00845051	2.71687e-036	0.128538	3.14801	0.0605336	687.152	
   114.905	   30.0264	   1109.67	0.00846286	1.37416e-021	0.127823	3.15027	0.0599338	686.715	
   115.776	   30.0266	   1109.67	0.00850087	9.00604e-022	0.127402	3.15316	0.0593822	686.271	
   116.684	   30.0255	   1109.67	0.00864221	6.07966e-022	0.128379	3.15684	0.0588557	685.798	
   117.681	   30.0231	   1109.67	0.00899116	3.67015e-022	0.132264	3.16133	0.0583309	685.269	
   118.819	   30.0237	   1109.67	0.00926376	1.89048e-022	0.135272	3.16602	0.0577885	684.651	
       120	    30.025	   1109.67	0.00936454	8.55044e-023	0.136219	3.1702	0.057275	683.994	
   121.247	   30.0259	   1109.67	0.00936996	3.42129e-023	0.136092	3.17399	0.0567717	683.283	
   122.523	   30.0268	   1109.67	0.00932921	1.25477e-023	0.135505	3.17726	0.0562818	682.537	
   123.831	   30.0277	   1109.67	0.00926578	4.25973e-024	0.134731	3.17989	0.0557891	681.752	
   125.173	   30.0288	   1109.67	0.00918972	1.34919e-024	0.133876	3.18173	0.0552782	680.927	
   126.518	   30.0301	   1109.67	0.00910737	4.07751e-025	0.132997	3.18257	0.0547464	680.08	
   127.763	   30.0314	   1109.67	0.00902787	1.25459e-025	0.132178	3.18236	0.0542276	679.277	
     128.9	   30.0328	   1109.67	0.00895341	3.99603e-026	0.131426	3.18121	0.0537248	678.529	
   129.946	   30.0342	   1109.67	0.00888383	1.31767e-026	0.130733	3.17916	0.0532319	677.828	
   130.922	   30.0356	   1109.67	0.00881838	4.47523e-027	0.130084	3.17627	0.0527421	677.162	
   131.843	   30.0371	   1109.67	0.00875636	1.55758e-027	0.129471	3.17255	0.05225	676.524	
   132.722	   30.0386	   1109.67	0.00869722	5.52932e-028	0.128886	3.16797	0.0517511	675.906	
   133.567	   30.0403	   1109.67	0.00864046	1.99333e-028	0.128322	3.16248	0.0512412	675.303	
   134.388	   30.0421	   1109.67	0.00858566	7.26703e-029	0.127774	3.15599	0.0507163	674.71	
    135.19	    30.044	   1109.67	0.00853244	2.66793e-029	0.127238	3.14837	0.0501719	674.122	
    135.98	   30.0462	   1109.67	0.00848052	9.81968e-030	0.12671	3.13944	0.0496027	673.535	
   136.765	   30.0487	   1109.67	0.00842958	3.6061e-030	0.126186	3.12895	0.0490022	672.945	
   137.551	   30.0511	   1109.67	0.00837908	1.31404e-030	0.125661	3.11665	0.0483636	672.346	
   138.344	   30.0532	   1109.67	0.00832868	4.72772e-031	0.125128	3.10228	0.0476801	671.734	
    139.15	   30.0556	   1109.67	0.00827834	1.67223e-031	0.124587	3.08546	0.0469437	671.104	
   139.976	   30.0583	   1109.67	0.00822778	5.78084e-032	0.124034	3.06565	0.0461432	670.45	
   140.831	   30.0613	   1109.67	0.00817664	1.93863e-032	0.123462	3.04212	0.0452629	669.765	
   141.728	   30.0647	   1109.67	0.00812444	6.24645e-033	0.122864	3.01376	0.0442809	669.035	
   142.686	   30.0685	   1109.67	0.00807053	1.9079e-033	0.122228	2.97887	0.0431631	668.246	
   143.659	   30.0725	   1109.67	0.0080177	5.71037e-034	0.121583	2.93834	0.0419551	667.43	
   144.616	   30.0765	   1109.67	0.00796783	1.7163e-034	0.120951	2.89347	0.0407014	666.618	
   145.547	   30.0803	   1109.67	0.00792144	5.22309e-035	0.12034	2.84509	0.0394246	665.817	
   146.448	   30.0837	   1109.67	0.00787867	1.61485e-035	0.119751	2.7939	0.0381403	665.031	
    147.32	   30.0868	   1109.67	0.00783953	5.07512e-036	0.119187	2.74048	0.0368591	664.261	
   148.165	   30.0895	   1109.67	0.00780401	1.61984e-036	0.118648	2.68527	0.0355881	663.506	
   148.986	   30.0918	   1109.67	0.00777235	5.24216e-037	0.11814	2.62864	0.0343318	662.764	
   149.787	   30.0936	   1109.67	0.00774526	1.71646e-037	0.117673	2.57082	0.0330926	662.032	
   150.571	    30.095	   1109.67	0.00772486	5.67918e-038	0.117274	2.51203	0.031873	661.307	
   151.346	   30.0961	   1109.67	0.00771726	1.89172e-038	0.117025	2.45218	0.0306682	660.584	
   152.127	   30.0961	   1109.67	0.00774622	6.30836e-039	0.117238	2.39076	0.0294634	659.846	
   152.968	   30.0931	   1109.67	0.00790725	1.58142e-020	0.119162	2.32553	0.0281987	659.044	
   154.131	   30.0896	   1109.67	0.00822625	2.21743e-021	0.123101	2.23571	0.026516	657.917	
   155.159	   30.0896	   1109.67	0.00836863	3.37876e-022	0.124789	2.15335	0.0250665	656.907	
   156.063	    30.089	   1109.67	0.0084049	5.66609e-023	0.125139	2.0795	0.0238323	656.009	
    156.91	   30.0876	   1109.67	0.00840454	9.97693e-024	0.125036	2.0098	0.0227157	655.158	
   157.738	   30.0859	   1109.67	0.00839132	1.78872e-024	0.124776	1.94166	0.0216665	654.318	
   158.561	   30.0843	   1109.67	0.00837335	3.21915e-025	0.124459	1.87392	0.020664	653.474	
   159.384	   30.0823	   1109.67	0.00835334	5.78596e-026	0.124118	1.80617	0.0197013	652.621	
    160.21	   30.0804	   1109.67	0.00833245	1.03527e-026	0.123767	1.7381	0.0187738	651.757	
   161.038	   30.0788	   1109.67	0.00831115	1.84664e-027	0.123413	1.66973	0.017882	650.882	
   161.863	   30.0773	   1109.67	0.00828969	3.29565e-028	0.123059	1.6012	0.0170273	650.001	
   162.682	    30.076	   1109.67	0.00826825	5.90869e-029	0.122706	1.53259	0.0162103	649.118	
   163.491	   30.0749	   1109.67	0.00824697	1.06843e-029	0.122358	1.46407	0.0154315	648.237	
   164.289	   30.0739	   1109.67	0.00822599	1.95612e-030	0.122014	1.39576	0.0146903	647.361	
   165.074	   30.0731	   1109.67	0.0082054	3.64106e-031	0.121677	1.32774	0.013986	646.491	
   165.844	   30.0724	   1109.67	0.00818533	6.92279e-032	0.121347	1.26006	0.0133169	645.63	
   166.599	   30.0717	   1109.67	0.00816586	1.35216e-032	0.121025	1.19275	0.0126817	644.778	
    167.34	   30.0712	   1109.67	0.0081471	2.732e-033	0.120711	1.1258	0.0120785	643.936	
   168.063	   30.0707	   1109.67	0.00812925	5.76621e-034	0.120408	1.05934	0.0115067	643.106	
   168.771	   30.0702	   1109.67	0.00811247	1.28265e-034	0.120116	0.993384	0.0109647	642.288	
   169.463	   30.0699	   1109.67	0.00809701	3.02787e-035	0.11984	0.927885	0.0104508	641.483	
    170.14	   30.0695	   1109.67	0.00808325	7.60927e-036	0.119584	0.86277	0.009963	640.687	
   170.806	   30.0689	   1109.67	0.00807201	2.03211e-036	0.119356	0.797932	0.00949925	639.901	
    171.46	   30.0679	   1109.67	0.00806518	5.73644e-037	0.119182	0.733427	0.0090585	639.122	
   172.109	   30.0665	   1109.67	0.00806868	1.69495e-037	0.119136	0.66908	0.00863775	638.345	
   172.763	   30.0642	   1109.67	0.00810659	5.1961e-038	0.119525	0.604602	0.00823138	637.556	
   173.463	   30.0582	   1109.67	0.00828833	1.64945e-038	0.121745	0.539016	0.00782087	636.704	
   174.088	    30.052	   1109.67	0.00856878	6.1599e-039	0.125237	0.483988	0.00747599	635.94	
   174.537	   30.0498	   1109.67	0.00871453	2.83365e-039	0.127038	0.444069	0.00723722	635.388	
   174.908	   30.0484	   1109.67	0.0087825	1.43128e-039	0.127863	0.41058	0.0070462	634.93	
   175.243	    30.047	   1109.67	0.0088157	7.52484e-040	0.128251	0.380084	0.00687868	634.515	
   175.561	   30.0456	   1109.67	0.00883218	4.01632e-040	0.128431	0.351054	0.00672429	634.12	
   175.871	   30.0443	   1109.67	0.00884012	2.15093e-040	0.128504	0.322767	0.00657835	633.733	
   176.177	    30.043	   1109.67	0.00884351	1.14951e-040	0.12852	0.294815	0.00643835	633.351	
   176.481	   30.0417	   1109.67	0.00884451	6.11916e-041	0.128505	0.267011	0.00630315	632.97	
   176.783	   30.0405	   1109.67	0.00884432	3.24371e-041	0.128476	0.239307	0.00617246	632.59	
   177.084	   30.0395	   1109.67	0.00884362	1.71219e-041	0.128441	0.211672	0.00604615	632.21	
   177.384	   30.0385	   1109.67	0.00884285	9.00027e-042	0.128404	0.1841	0.00592427	631.83	
   177.684	    30.037	   1109.67	0.00884221	4.71142e-042	0.128369	0.15655	0.00580633	631.449	
   177.983	   30.0354	   1109.67	0.00884233	2.45731e-042	0.128343	0.129076	0.00569197	631.068	
   178.283	    30.034	   1109.67	0.00884448	1.27708e-042	0.128343	0.101867	0.00558124	630.685	
   178.584	   30.0339	   1109.67	0.0088527	6.60575e-043	0.128421	0.0753706	0.00547164	630.299	
   178.893	   30.0329	   1109.67	0.00888536	3.39878e-043	0.12881	0.05202	0.00536024	629.902	
   179.241	   30.0297	   1109.67	0.00902041	1.71974e-043	0.130505	0.0394164	0.00523525	629.453	
   179.827	   30.0283	   1109.67	0.00918774	6.52606e-044	0.132617	0.034925	0.00503135	628.693	
       180	   30.0284	   1109.67	0.00921838	4.33767e-044	0.133004	0.034264	0.00497186	628.468	
   180.511	   30.0287	   1109.67	0.00923927	1.68514e-044	0.13327	0.0336878	0.00480361	627.801	
    182.01	   30.0292	   1109.67	0.00923496	2.87423e-045	0.133227	0.0332539	0.00437043	625.814	
   186.336	   30.0305	   1109.67	0.00920025	1.80172e-046	0.13284	0.0326131	0.00351283	619.849	
   196.336	   30.0335	   1109.67	0.00911975	4.56757e-048	0.131968	0.0317893	0.00263186	604.871	
   206.336	   30.0364	   1109.67	0.00904501	1.05847e-049	0.131157	0.0312653	0.00225663	588.69	
   216.336	   30.0392	   1109.67	0.00897751	2.26248e-051	0.130407	0.0308636	0.002044	571.291	
   226.336	    30.042	   1109.67	0.00891752	4.49796e-053	0.129719	0.0305319	0.0018925	552.666	
   236.336	   30.0447	   1109.67	0.00886442	8.38581e-055	0.129089	0.0302513	0.00177618	532.822	
       240	   30.0457	   1109.67	0.00884599	4.07407e-056	0.128866	0.0301557	0.00173975	525.38	
       250	   30.0481	   1109.67	0.00880103	7.05924e-058	0.128312	0.0299283	0.00165556	503.907	
       260	   30.0503	   1109.67	0.00876109	1.17187e-059	0.127809	0.0297305	0.0015875	481.351	
       270	   30.0521	   1109.67	0.00872537	1.88414e-061	0.127354	0.0295568	0.00153162	457.841	
       280	   30.0535	   1109.67	0.00869315	2.96801e-063	0.126942	0.0294022	0.00148502	433.541	
       290	   30.0545	   1109.67	0.00866369	4.63632e-065	0.126571	0.0292626	0.00144556	408.649	
       300	   30.0549	   1109.67	0.00863628	7.27175e-067	0.126236	0.0291342	0.00141174	383.386	
       310	   30.0549	   1109.67	0.00861019	1.15977e-068	0.125936	0.0290133	0.00138248	357.981	
       320	   30.0544	   1109.67	0.00858467	1.90511e-070	0.125667	0.0288965	0.00135707	332.66	
       330	   30.0535	   1109.67	0.00855893	3.26545e-072	0.125427	0.0287802	0.00133504	307.639	
       340	   30.0521	   1109.67	0.00853211	6.00582e-074	0.125216	0.028661	0.0013161	283.114	
       350	   30.0504	   1109.67	0.00850329	2.11711e-075	0.125034	0.0285351	0.0013001	259.258	
       360	   30.0485	   1109.67	0.00847148	9.97462e-076	0.124882	0.0283991	0.00128697	236.219	
       370	   30.0463	   1109.67	0.00843565	9.73659e-076	0.12476	0.0282497	0.00127666	214.12	
       380	   30.0439	   1109.67	0.00839481	9.72755e-076	0.124669	0.0280843	0.00126919	193.057	
       390	   30.0414	   1109.67	0.00834806	9.72432e-076	0.124611	0.0279014	0.00126456	173.108	
       400	   30.0388	   1109.67	0.00829475	9.72175e-076	0.124584	0.0277007	0.00126278	154.328	
       410	   30.0362	   1109.67	0.00823446	9.7196e-076	0.124585	0.0274837	0.00126383	136.755	
       420	   30.0335	   1109.67	0.00816714	9.71781e-076	0.124611	0.0272532	0.0012677	120.413	
       430	   30.0309	   1109.67	0.00809298	9.71629e-076	0.124657	0.027013	0.00127435	105.311	
       440	   30.0282	   1109.67	0.00801028	9.71499e-076	0.124786	0.0267266	0.0012567	91.4464	
       450	   30.0257	   1109.67	0.00791941	9.71386e-076	0.125062	0.0263401	0.00119866	78.8056	
       460	   30.0232	   1109.67	0.00782603	9.71288e-076	0.125427	0.0258715	0.0011401	67.3656	
       470	   30.0207	   1109.67	0.00773278	9.71202e-076	0.125837	0.0253498	0.00109424	57.094	
       480	   30.0184	   1109.67	0.00764064	9.71128e-076	0.126265	0.0248002	0.00106372	47.9499	
       490	   30.0162	   1109.67	0.0075495	9.71063e-076	0.126694	0.0242407	0.00104727	39.8838	
       500	   30.0142	   1109.67	0.00745857	9.71007e-076	0.127116	0.0236826	0.00104242	32.8387	
       510	   30.0122	   1109.67	0.00736667	9.70959e-076	0.127529	0.0231315	0.00104665	26.7503	
       520	   30.0105	   1109.67	0.00727232	9.70918e-076	0.127935	0.0225897	0.00105777	21.5481	
       530	   30.0088	   1109.67	0.00717399	9.70883e-076	0.128337	0.0220572	0.00107398	17.1565	
       540	   30.0074	   1109.67	0.00707009	9.70853e-076	0.128739	0.0215331	0.00109388	13.4962	
       550	   30.0061	   1109.67	0.00695908	9.70828e-076	0.129145	0.0210158	0.00111639	10.486	
       560	    30.005	   1109.67	0.0068394	9.70807e-076	0.129561	0.0205039	0.00114065	8.04479	
       570	    30.004	   1109.67	0.006706	9.70789e-076	0.130101	0.0199259	0.00112189	6.09321	
       580	   30.0032	   1109.67	0.00656047	9.70774e-076	0.130786	0.0192463	0.0010742	4.55584	
       590	   30.0026	   1109.67	0.00640623	9.70761e-076	0.131569	0.0184822	0.00102794	3.36268	
       600	    30.002	   1109.67	0.00624465	9.7075e-076	0.132413	0.0176624	0.000992869	2.45041	
       610	   30.0016	   1109.67	0.00607586	9.70741e-076	0.133287	0.0168148	0.000970437	1.76322	
       620	   30.0012	   1109.67	0.0059001	9.70734e-076	0.134168	0.0159653	0.000959037	1.25315	
       630	   30.0009	   1109.67	0.00571726	9.70728e-076	0.135038	0.0151348	0.000956207	0.879965	
       640	   30.0007	   1109.67	0.00552229	9.70723e-076	0.136083	0.0142118	0.000882486	0.610715	
       650	   30.0006	   1109.67	0.00532442	9.70719e-076	0.1372	0.0132275	0.000807504	0.41909	
       660	   30.0005	   1109.67	0.00512847	9.70715e-076	0.138323	0.0122297	0.000746479	0.284486	
       670	   30.0004	   1109.67	0.00493333	9.70712e-076	0.139566	0.0111608	0.000637039	0.191113	
       680	   30.0003	   1109.67	0.00474429	9.70709e-076	0.140925	0.010011	0.000489258	0.127114	
       690	   30.0002	   1109.67	0.00456905	9.70707e-076	0.142289	0.00883697	0.000353947	0.0837459	
       700	   30.0002	   1109.67	0.00441118	9.70705e-076	0.143585	0.00769524	0.000246995	0.054677	
       710	   30.0002	   1109.67	0.00427167	9.70704e-076	0.144772	0.00662575	0.000168035	0.0353926	
       720	   30.0001	   1109.67	0.00415016	9.70702e-076	0.145833	0.00565199	0.000112081	0.0227245	
       730	   30.0001	   1109.67	0.00404551	9.70701e-076	0.146761	0.00478464	7.35535e-005	0.0144785	
       740	   30.0001	   1109.67	0.00395617	9.707e-076	0.147561	0.00402515	4.76056e-005	0.00915772	
       750	   30.0001	   1109.67	0.00388045	9.707e-076	0.148243	0.00336894	3.04426e-005	0.00575252	
       760	   30.0001	   1109.67	0.00381662	9.70699e-076	0.148817	0.00280794	1.92618e-005	0.0035901	
       770	   30.0001	   1109.67	0.00376305	9.70698e-076	0.149297	0.00233232	1.20732e-005	0.00222686	
       780	   30.0001	   1109.67	0.00371825	9.70698e-076	0.149696	0.00193176	7.504e-006	0.00137332	
       790	        30	   1109.67	0.00368089	9.70697e-076	0.150024	0.00159617	4.62891e-006	0.000842352	
       800	        30	   1109.67	0.00364979	9.70697e-076	0.150294	0.00131618	2.836e-006	0.000514038	
