
 Simulation Finished Successfully 


 -------------------------- Performance Report -------------------------- 


 ------------ Mass Balance Error Report ------------- 

 OCIP     :	1.6126e+006	80630.1	2.33827e+006	4.0315e+006	

 Residual :	204408	7.809e+006	3.63873e+006	511019	
 Facilty  :	1.40818e+006	3.63281e+006	3.56864e+006	3.52052e+006	
 Facilty  :	0	-1.13611e+007	-4.86905e+006	0	

 MB_Error :	9.69166	-77.1541	-49.2521	-33.8903	
 Rel_Error:	0.000600995%	0.095689%	0.00210635%	0.000840637%	


 ---- Total EoS counters ----
 flash iters SSI    =       6832, flash iters Newton =       2600
 Stab. iters SSI    =    4992686, Stab. iters Newton =    1706890

 No of Satb for Oil = 242105, No of Satb for gas = 339209, No of flash =  1298
 time of Satb for Oil = 23.332, time of Satb for gas =  4.99, time for flash = 0.016



Statistics of bypass stability analysis:
Total No:				 366000
Bypass No:				 0
Failed Pressure No:	 0
Failed Composition  No: 0

 Variable Type : -----------------  Natural Variables
 Number of Implicit levels: ------        1
                    ImpVar --- TransImpLvl --- CFL_Limit --- Percent
       Scheme 0 :     4             4             1           100%

 Linear solver choice : ----------        5
 Preconditioner choice : ---------       12
 Linear solver Tolerance : -------   0.0001

 Total running time: -------------       37 sec  ( 100 % )
   -Initialization time: ---------        0 sec  (   0 % )
   -Property Calc  time: ---------   29.339 sec  (  79 % )
   -Linearization  time: ---------    3.412 sec  (   9 % )
   -Newton Update  time: ---------    0.063 sec  (   0 % )
   -Solver running time: ---------    3.245 sec  (   9 % )
      --(B)ILU Pre fac time: -----    1.614 sec  (   4 % )
      --(B)ILU Pre slv time: -----    0.403 sec  (   1 % )
      --Pres dcpl time: ----------    0.329 sec  (   1 % )
      --Pres slv time: -----------    0.485 sec  (   1 % )
   -Timestep Calc  time: ---------        0 sec  (   0 % )
   -CFL No.  Calc  time: ---------        0 sec  (   0 % )


 Compositional simulation only:
 Initialization time for reservoir: ---------    0.015 sec
 Phase equilibrium running time: ------------   25.823 sec


 No. of timesteps: ---------------      221

 No. of Newton Iters : -----------      995
 No. of Waste Newton Iters : -----        0

 No. of Solver Iters : -----------     3502
 No. of Waste Solver Iters : -----        0

 No. of Pres slvr iters : --------     3502
 No. of Waste Pres slvr iters: ---        0

 Total elapsed = 37, steps = 221, Newton = 995, linear = 3502

