Results for well: RES1_PROD.out in the reservoir: RES1_PROD.out

time	BHP	Temp	q(Gas)	q(Oil)
days	psi	F	Mscf/d	stb/d
0         	0         	-         	0         	0         	
0.1       	300       	160       	49.2213   	4711.67   	
0.1814    	300       	160       	47.4403   	4545.36   	
0.32666   	300       	160       	46.3112   	4436.3    	
0.595856  	300       	160       	45.9753   	4404.26   	
1.05967   	300       	160       	47.1045   	4512.7    	
1.79823   	300       	160       	50.0706   	4797.12   	
2.94924   	300       	160       	54.6601   	5236.89   	
3.11367   	300       	160       	55.3145   	5298.97   	
3.54534   	300       	160       	56.9128   	5452.16   	
4.50594   	300       	160       	59.8353   	5732.26   	
6.27603   	300       	160       	63.4447   	6078.12   	
6.52889   	300       	160       	63.9273   	6124      	
7.21539   	300       	160       	65.0193   	6228.64   	
8.87864   	300       	160       	66.7727   	6396.72   	
12.4841   	300       	160       	68.6078   	6572.37   	
12.9992   	300       	160       	68.856    	6596.41   	
14.4649   	300       	160       	69.3357   	6642.16   	
18.4191   	300       	160       	70.0205   	6707.68   	
18.984    	300       	160       	70.1246   	6717.75   	
20.6378   	300       	160       	70.3383   	6738.22   	
25.3524   	300       	160       	70.7058   	6773.35   	
26.0259   	300       	160       	70.7738   	6779.87   	
28.012    	300       	160       	70.9144   	6793.44   	
33.7607   	300       	160       	71.1889   	6819.59   	
34.5819   	300       	160       	71.2522   	6825.66   	
37.0072   	300       	160       	71.3744   	6837.52   	
37.3537   	300       	160       	71.4099   	6840.64   	
38.3872   	300       	160       	71.4527   	6844.92   	
41.4436   	300       	160       	71.5791   	6857.17   	
41.8803   	300       	160       	71.6027   	6859.27   	
43.1824   	300       	160       	71.6593   	6864.73   	
47.0316   	300       	160       	71.7871   	6877.16   	
47.5815   	300       	160       	71.815    	6879.6    	
49.2201   	300       	160       	71.8763   	6885.52   	
54.0573   	300       	160       	72.0121   	6898.46   	
54.7483   	300       	160       	72.0454   	6901.64   	
56.8053   	300       	160       	72.1123   	6908.15   	
57.0992   	300       	160       	72.1318   	6909.85   	
57.978    	300       	160       	72.1666   	6913.23   	
60.5932   	300       	160       	72.2328   	6919.72   	
60.9667   	300       	160       	72.2528   	6921.43   	
62.0837   	300       	160       	72.2814   	6924.29   	
65.4048   	300       	160       	72.3626   	6932.17   	
75.1765   	300       	160       	72.5358   	6948.22   	
76.5725   	300       	160       	72.5885   	6953.3    	
80.7012   	300       	160       	72.7039   	6964.25   	
81.291    	300       	160       	72.7292   	6966.44   	
83.0511   	300       	160       	72.7787   	6971.12   	
88.2647   	300       	160       	72.8859   	6980.93   	
89.0095   	300       	160       	72.9158   	6983.43   	
91.2312   	300       	160       	72.9679   	6988.17   	
91.5486   	300       	160       	72.9825   	6989.33   	
92.4986   	300       	160       	73.0144   	6992.28   	
92.6343   	300       	160       	73.0108   	6991.91   	
93.041    	300       	160       	73.0222   	6992.99   	
94.258    	300       	160       	73.0511   	6995.55   	
97.8836   	300       	160       	73.1236   	7001.62   	
98.4016   	300       	160       	73.1413   	7003.02   	
99.9505   	300       	160       	73.1757   	7005.88   	
104.559   	300       	160       	73.2684   	7012.8    	
114.559   	300       	160       	73.5056   	7024.41   	
115.988   	300       	160       	73.5625   	7028.21   	
120.229   	300       	160       	73.7161   	7036.28   	
120.835   	300       	160       	73.7496   	7038.49   	
122.645   	300       	160       	73.814    	7041.44   	
122.904   	300       	160       	73.8284   	7042.34   	
123.678   	300       	160       	73.8706   	7044.86   	
125.991   	300       	160       	73.9502   	7047.52   	
132.857   	300       	160       	74.2553   	7054.16   	
133.838   	300       	160       	74.3387   	7058.58   	
136.764   	300       	160       	74.4846   	7060.74   	
137.182   	300       	160       	74.5221   	7062.59   	
138.433   	300       	160       	74.6256   	7066.86   	
138.611   	300       	160       	74.6078   	7064.5    	
139.147   	300       	160       	74.652    	7066.26   	
140.749   	300       	160       	74.744    	7067.15   	
145.519   	300       	160       	75.0941   	7070.59   	
155.519   	300       	160       	76.2069   	7071.37   	
156.948   	300       	160       	76.4156   	7075.62   	
161.195   	300       	160       	77.0319   	7077.07   	
171.195   	300       	160       	79.1545   	7073.84   	
172.624   	300       	160       	79.4773   	7073.06   	
176.869   	300       	160       	80.6072   	7072.39   	
186.869   	300       	160       	84.2323   	7051.5    	
188.297   	300       	160       	84.805    	7050.44   	
192.536   	300       	160       	86.6759   	7040.33   	
193.142   	300       	160       	86.9462   	7038.34   	
194.95    	300       	160       	87.8273   	7035.31   	
200.305   	300       	160       	90.7811   	7014.51   	
201.07    	300       	160       	91.2303   	7012.59   	
203.351   	300       	160       	92.6179   	7003.06   	
203.677   	300       	160       	92.8147   	7001.2    	
204.652   	300       	160       	93.4474   	6998.3    	
207.555   	300       	160       	95.4237   	6983.27   	
207.969   	300       	160       	95.7196   	6981.77   	
209.209   	300       	160       	96.6164   	6975.73   	
209.386   	300       	160       	96.7332   	6973.83   	
209.916   	300       	160       	97.1322   	6971.81   	
211.501   	300       	160       	98.3486   	6963.18   	
211.727   	300       	160       	98.507    	6960.55   	
212.405   	300       	160       	99.0514   	6957.63   	
214.427   	300       	160       	100.709   	6944.06   	
220.398   	300       	160       	106.355   	6896.41   	
230.398   	300       	160       	117.978   	6792.49   	
231.827   	300       	160       	119.74    	6777.87   	
232.031   	300       	160       	119.987   	6775.13   	
232.642   	300       	160       	120.778   	6770.22   	
234.462   	300       	160       	123.13    	6749.13   	
239.828   	300       	160       	130.711   	6680.55   	
240.594   	300       	160       	131.838   	6671.46   	
242.874   	300       	160       	135.243   	6639.46   	
249.562   	300       	160       	146.115   	6536.92   	
250.518   	300       	160       	147.736   	6523.12   	
250.654   	300       	160       	147.939   	6519.56   	
251.063   	300       	160       	148.651   	6514.32   	
252.284   	300       	160       	150.733   	6494.25   	
252.459   	300       	160       	151.024   	6490.78   	
252.981   	300       	160       	151.955   	6483.71   	
254.539   	300       	160       	154.68    	6457.05   	
259.143   	300       	160       	163.075   	6375.82   	
269.143   	300       	160       	182.169   	6184.67   	
270.572   	300       	160       	184.991   	6157.37   	
270.776   	300       	160       	185.407   	6153.86   	
271.386   	300       	160       	186.631   	6142.34   	
273.208   	300       	160       	190.25    	6105.75   	
273.468   	300       	160       	190.786   	6101.07   	
274.246   	300       	160       	192.362   	6085.91   	
274.357   	300       	160       	192.564   	6082.75   	
274.691   	300       	160       	193.252   	6076.82   	
275.687   	300       	160       	195.256   	6056.43   	
278.649   	300       	160       	201.243   	5995.57   	
279.072   	300       	160       	202.127   	5987.58   	
280.336   	300       	160       	204.696   	5961.18   	
284.084   	300       	160       	212.311   	5882.65   	
294.084   	300       	160       	232.253   	5673.69   	
295.513   	300       	160       	235.164   	5644.05   	
299.743   	300       	160       	243.629   	5555.14   	
309.743   	300       	160       	262.991   	5348.04   	
311.172   	300       	160       	265.825   	5319.17   	
311.376   	300       	160       	266.207   	5314.15   	
311.987   	300       	160       	267.425   	5302.19   	
313.812   	300       	160       	270.986   	5264.72   	
314.072   	300       	160       	271.47    	5258.33   	
314.853   	300       	160       	273.006   	5242.97   	
317.181   	300       	160       	277.472   	5194.58   	
324.055   	300       	160       	290.319   	5053.82   	
334.055   	300       	160       	308.488   	4852.45   	
335.484   	300       	160       	311.157   	4824.47   	
339.727   	300       	160       	318.828   	4738.91   	
340.333   	300       	160       	319.946   	4727.04   	
342.145   	300       	160       	323.23    	4690.94   	
347.521   	300       	160       	332.742   	4582.87   	
348.289   	300       	160       	334.13    	4567.83   	
350.582   	300       	160       	338.198   	4522.22   	
357.377   	300       	160       	349.935   	4386.54   	
358.347   	300       	160       	351.65    	4367.59   	
361.243   	300       	160       	356.665   	4310.37   	
361.656   	300       	160       	357.37    	4301.24   	
361.716   	300       	160       	357.507   	4301.08   	
361.893   	300       	160       	357.785   	4296.81   	
361.918   	300       	160       	357.843   	4296.75   	
361.994   	300       	160       	358       	4295.71   	
362.222   	300       	160       	358.356   	4290.23   	
362.904   	300       	160       	359.542   	4277      	
363.002   	300       	160       	359.756   	4275.87   	
363.294   	300       	160       	360.211   	4268.84   	
364.17    	300       	160       	361.726   	4251.86   	
364.295   	300       	160       	362       	4250.4    	
364.67    	300       	160       	362.583   	4241.4    	
365.793   	300       	160       	364.517   	4219.63   	
365.953   	300       	160       	364.866   	4217.74   	
366.434   	300       	160       	365.611   	4206.23   	
367.873   	300       	160       	368.075   	4178.34   	
372.161   	300       	160       	375.286   	4094.13   	
372.774   	300       	160       	376.304   	4080.78   	
374.606   	300       	160       	379.388   	4045.5    	
380.058   	300       	160       	388.334   	3939.33   	
380.837   	300       	160       	389.605   	3922.59   	
383.165   	300       	160       	393.418   	3878.14   	
390.083   	300       	160       	404.364   	3746.02   	
391.071   	300       	160       	405.932   	3726.16   	
394.023   	300       	160       	410.573   	3670.07   	
402.782   	300       	160       	423.685   	3508.97   	
404.033   	300       	160       	425.567   	3484.74   	
404.212   	300       	160       	425.906   	3482.43   	
404.748   	300       	160       	426.649   	3471.06   	
406.352   	300       	160       	429.042   	3442.06   	
406.581   	300       	160       	429.47    	3439.1    	
407.268   	300       	160       	430.408   	3424.61   	
409.325   	300       	160       	433.416   	3387.72   	
415.454   	300       	160       	442.018   	3279.54   	
416.329   	300       	160       	443.254   	3262.83   	
416.454   	300       	160       	443.471   	3261.82   	
416.829   	300       	160       	444.089   	3256.66   	
417.953   	300       	160       	445.531   	3234.04   	
421.314   	300       	160       	450.105   	3176.85   	
431.304   	300       	160       	462.729   	3014.73   	
432.731   	300       	160       	464.539   	2990.57   	
432.935   	300       	160       	464.861   	2988.07   	
433.546   	300       	160       	0         	93223     	
435.377   	300       	160       	0         	93617.6   	
440.845   	300       	160       	0         	94723.6   	
441.626   	300       	160       	0         	94879.2   	
443.965   	300       	160       	0         	95334     	
450.947   	300       	160       	0         	96589.1   	
451.945   	300       	160       	0         	96765.9   	
452.087   	300       	160       	0         	96798.4   	
452.514   	300       	160       	0         	96866.7   	
453.795   	300       	160       	0         	97090.2   	
457.628   	300       	160       	0         	97727.8   	
467.628   	300       	160       	0         	99221.1   	
477.628   	300       	160       	0         	100558    	
479.057   	300       	160       	0         	100745    	
479.261   	300       	160       	0         	100780    	
479.873   	300       	160       	0         	100851    	
481.707   	300       	160       	0         	101086    	
487.195   	300       	160       	0         	101746    	
487.979   	300       	160       	0         	101839    	
490.328   	300       	160       	0         	102112    	
497.355   	300       	160       	0         	102871    	
500       	300       	160       	0         	103149    	
