Results for well: RES1_INJ.out in the reservoir: RES1_INJ.out

time	BHP	Temp	q(Gas)	q(Oil)
days	psi	F	Mscf/d	stb/d
0         	0         	-         	0         	0         	
0.025     	1500      	160       	-4525.47  	0         	
0.125     	1500      	160       	-4761.29  	0         	
0.225     	1500      	160       	-6181.13  	0         	
0.325     	1500      	160       	-6709.19  	0         	
0.425     	1500      	160       	-7000.78  	0         	
0.525     	1500      	160       	-7114.03  	0         	
0.625     	1500      	160       	-6835.55  	0         	
0.725     	1500      	160       	-6792.15  	0         	
0.825     	1500      	160       	-6847.97  	0         	
0.925     	1500      	160       	-6848.74  	0         	
1.025     	1500      	160       	-6589.88  	0         	
1.125     	1500      	160       	-6400.07  	0         	
1.225     	1500      	160       	-6309.07  	0         	
1.325     	1500      	160       	-6305.6   	0         	
1.425     	1500      	160       	-6285.07  	0         	
1.525     	1500      	160       	-6313.53  	0         	
1.625     	1500      	160       	-6330.31  	0         	
1.725     	1500      	160       	-6255.48  	0         	
1.825     	1500      	160       	-6223.92  	0         	
1.925     	1500      	160       	-6220.14  	0         	
2.025     	1500      	160       	-6240.52  	0         	
2.12508   	1500      	160       	-6230.95  	0         	
2.22518   	1500      	160       	-6227.78  	0         	
2.32518   	1500      	160       	-6261.96  	0         	
2.42518   	1500      	160       	-6272.64  	0         	
2.52763   	1500      	160       	-6233.97  	0         	
2.63394   	1500      	160       	-6213.07  	0         	
2.74693   	1500      	160       	-6237.7   	0         	
2.86492   	1500      	160       	-6218.4   	0         	
2.9754    	1500      	160       	-6176.25  	0         	
3.08538   	1500      	160       	-6172.76  	0         	
3.20187   	1500      	160       	-6192.03  	0         	
3.32141   	1500      	160       	-6216.35  	0         	
3.44359   	1500      	160       	-6220.5   	0         	
3.55699   	1500      	160       	-6234.93  	0         	
3.67355   	1500      	160       	-6216.27  	0         	
3.79563   	1500      	160       	-6215.35  	0         	
3.91933   	1500      	160       	-6200.6   	0         	
4.05185   	1500      	160       	-6146.76  	0         	
4.1743    	1500      	160       	-6135.86  	0         	
4.29489   	1500      	160       	-6155.42  	0         	
4.42128   	1500      	160       	-6188.62  	0         	
4.56514   	1500      	160       	-6205.31  	0         	
4.70641   	1500      	160       	-6197.65  	0         	
4.8349    	1500      	160       	-6203.79  	0         	
4.97369   	1500      	160       	-6224     	0         	
5.12586   	1500      	160       	-6244.91  	0         	
5.2499    	1500      	160       	-6252.52  	0         	
5.37739   	1500      	160       	-6250.67  	0         	
5.50658   	1500      	160       	-6241.03  	0         	
5.642     	1500      	160       	-6241.56  	0         	
5.80114   	1500      	160       	-6232.32  	0         	
5.93603   	1500      	160       	-6229.07  	0         	
6.07871   	1500      	160       	-6227.43  	0         	
6.24336   	1500      	160       	-6222.84  	0         	
6.37646   	1500      	160       	-6212.11  	0         	
6.51625   	1500      	160       	-6200.18  	0         	
6.67289   	1500      	160       	-6183.34  	0         	
6.83738   	1500      	160       	-6168.09  	0         	
6.98259   	1500      	160       	-6174.13  	0         	
7.13231   	1500      	160       	-6197.11  	0         	
7.26904   	1500      	160       	-6231.09  	0         	
7.39546   	1500      	160       	-6269.21  	0         	
7.5333    	1500      	160       	-6305.07  	0         	
7.6784    	1500      	160       	-6324.85  	0         	
7.82077   	1500      	160       	-6331.8   	0         	
7.96472   	1500      	160       	-6329.98  	0         	
8.13575   	1500      	160       	-6316.56  	0         	
8.32679   	1500      	160       	-6297.47  	0         	
8.51682   	1500      	160       	-6253.18  	0         	
8.71052   	1500      	160       	-6196.64  	0         	
8.91098   	1500      	160       	-6140.87  	0         	
9.1333    	1500      	160       	-6091.09  	0         	
9.39412   	1500      	160       	-6049.77  	0         	
9.6831    	1500      	160       	-6037.07  	0         	
9.99028   	1500      	160       	-6036.1   	0         	
10.3412   	1500      	160       	-6028.86  	0         	
10.7384   	1500      	160       	-6029.42  	0         	
11.1595   	1500      	160       	-6070.71  	0         	
11.6624   	1500      	160       	-6158.7   	0         	
12.2235   	1500      	160       	-6308.26  	0         	
12.7891   	1500      	160       	-6489.34  	0         	
13.4031   	1500      	160       	-6695.09  	0         	
14.0365   	1500      	160       	-6939.79  	0         	
14.7588   	1500      	160       	-7240.17  	0         	
15.4718   	1500      	160       	-7527.85  	0         	
16.2185   	1500      	160       	-7844.33  	0         	
16.9989   	1500      	160       	-8182.02  	0         	
17.8434   	1500      	160       	-8544.03  	0         	
18.7894   	1500      	160       	-8929.92  	0         	
19.8386   	1500      	160       	-9336.54  	0         	
21.0389   	1500      	160       	-9765.87  	0         	
22.2114   	1500      	160       	-10146.5  	0         	
23.442    	1500      	160       	-10539.3  	0         	
24.7429   	1500      	160       	-10939.6  	0         	
26.1687   	1500      	160       	-11355.6  	0         	
27.6795   	1500      	160       	-11750    	0         	
29.2038   	1500      	160       	-12110    	0         	
30.8671   	1500      	160       	-12453.4  	0         	
32.6079   	1500      	160       	-12753    	0         	
34.3747   	1500      	160       	-13012.4  	0         	
36.1599   	1500      	160       	-13238    	0         	
37.9467   	1500      	160       	-13429.3  	0         	
39.8733   	1500      	160       	-13606.6  	0         	
41.8172   	1500      	160       	-13755.1  	0         	
43.7694   	1500      	160       	-13882.6  	0         	
45.7987   	1500      	160       	-13996.5  	0         	
47.8142   	1500      	160       	-14096.5  	0         	
49.9228   	1500      	160       	-14189    	0         	
52.0801   	1500      	160       	-14271.5  	0         	
54.2545   	1500      	160       	-14345.3  	0         	
56.4497   	1500      	160       	-14413.3  	0         	
58.6993   	1500      	160       	-14476.1  	0         	
60.9502   	1500      	160       	-14536.5  	0         	
63.2375   	1500      	160       	-14592.3  	0         	
65.5227   	1500      	160       	-14645.3  	0         	
67.8002   	1500      	160       	-14694.4  	0         	
70.1242   	1500      	160       	-14743.6  	0         	
72.4825   	1500      	160       	-14791.7  	0         	
74.8945   	1500      	160       	-14838.6  	0         	
77.2005   	1500      	160       	-14882    	0         	
79.4717   	1500      	160       	-14924.7  	0         	
81.7408   	1500      	160       	-14966.5  	0         	
83.9351   	1500      	160       	-15003.8  	0         	
86.2449   	1500      	160       	-15043.2  	0         	
88.475    	1500      	160       	-15084.3  	0         	
91.1905   	1500      	160       	-15133.4  	0         	
93.3891   	1500      	160       	-15173.3  	0         	
95.4065   	1500      	160       	-15211.8  	0         	
98.2122   	1500      	160       	-15270.8  	0         	
100       	1500      	160       	-15306.7  	0         	
