
 Simulation Finished Successfully 


 -------------------------- Performance Report -------------------------- 


 ------------ Mass Balance Error Report ------------- 

 OCIP     :	1.6126e+006	80630.1	2.33827e+006	4.0315e+006	

 Residual :	2.13043e+006	5.04615e+006	5870.37	145258	
 Facilty  :	1.71152e+007	3.6178e+007	2.33236e+006	3.88583e+006	
 Facilty  :	-1.7632e+007	-4.11414e+007	0	0	

 MB_Error :	-959.726	-2117.43	39.2294	411.072	
 Rel_Error:	0.0595141%	2.62611%	0.00167771%	0.0101965%	


 ---- Total EoS counters ----
 flash iters SSI    =      33060, flash iters Newton =      10058
 Stab. iters SSI    =    4546539, Stab. iters Newton =    1813795

 No of Satb for Oil = 258913, No of Satb for gas = 437371, No of flash =  5002
 time of Satb for Oil = 47.931, time of Satb for gas = 7.869, time for flash = 0.094



Statistics of bypass stability analysis:
Total No:				 530104
Bypass No:				 0
Failed Pressure No:	 0
Failed Composition  No: 0

 Variable Type : -----------------  Natural Variables
 Number of Implicit levels: ------        1
                    ImpVar --- TransImpLvl --- CFL_Limit --- Percent
       Scheme 0 :     4             4             1           100%

 Linear solver choice : ----------        5
 Preconditioner choice : ---------       12
 Linear solver Tolerance : -------   0.0001

 Total running time: -------------       76 sec  ( 100 % )
   -Initialization time: ---------        0 sec  (   0 % )
   -Property Calc  time: ---------    58.92 sec  (  78 % )
   -Linearization  time: ---------    7.051 sec  (   9 % )
   -Newton Update  time: ---------    0.125 sec  (   0 % )
   -Solver running time: ---------    8.662 sec  (  11 % )
      --(B)ILU Pre fac time: -----    2.932 sec  (   4 % )
      --(B)ILU Pre slv time: -----    1.023 sec  (   1 % )
      --Pres dcpl time: ----------    0.677 sec  (   1 % )
      --Pres slv time: -----------     1.66 sec  (   2 % )
   -Timestep Calc  time: ---------        0 sec  (   0 % )
   -CFL No.  Calc  time: ---------        0 sec  (   0 % )


 Compositional simulation only:
 Initialization time for reservoir: ---------    0.015 sec
 Phase equilibrium running time: ------------   55.721 sec


 No. of timesteps: ---------------      393

 No. of Newton Iters : -----------     1657
 No. of Waste Newton Iters : -----      732

 No. of Solver Iters : -----------     7097
 No. of Waste Solver Iters : -----     2496

 No. of Pres slvr iters : --------     7097
 No. of Waste Pres slvr iters: ---     2496

 Total elapsed = 76, steps = 393, Newton = 1657, linear = 7097

