Results for well: RES1_PROD.out in the reservoir: RES1_PROD.out

time	BHP	Temp	q(Gas)	q(Oil)
days	psi	F	Mscf/d	stb/d
0         	0         	-         	0         	0         	
0.1       	300       	160       	49.7652   	4767.32   	
0.138535  	300       	160       	48.6238   	4657.98   	
0.189692  	300       	160       	47.7471   	4573.99   	
0.246165  	300       	160       	47.1269   	4514.58   	
0.293446  	300       	160       	46.7473   	4478.22   	
0.35057   	300       	160       	46.4232   	4447.17   	
0.416148  	300       	160       	46.1734   	4423.24   	
0.484885  	300       	160       	46.0045   	4407.01   	
0.556856  	300       	160       	45.9266   	4399.57   	
0.633789  	300       	160       	45.919    	4398.86   	
0.717695  	300       	160       	45.9792   	4404.65   	
0.810624  	300       	160       	46.1086   	4417.07   	
0.91461   	300       	160       	46.3032   	4435.67   	
1.03172   	300       	160       	46.5883   	4462.98   	
1.16745   	300       	160       	46.9864   	4501.12   	
1.29397   	300       	160       	47.4105   	4541.75   	
1.41597   	300       	160       	47.8607   	4584.88   	
1.54124   	300       	160       	48.3626   	4632.95   	
1.68358   	300       	160       	48.9836   	4692.45   	
1.84814   	300       	160       	49.7629   	4767.1    	
2.01628   	300       	160       	50.6057   	4847.84   	
2.18509   	300       	160       	51.4753   	4931.14   	
2.36125   	300       	160       	52.3848   	5018.27   	
2.55286   	300       	160       	53.3557   	5111.28   	
2.76875   	300       	160       	54.4108   	5212.35   	
3.01856   	300       	160       	55.5715   	5323.55   	
3.31344   	300       	160       	56.8902   	5449.89   	
3.63153   	300       	160       	58.2582   	5580.92   	
3.93304   	300       	160       	59.4928   	5699.19   	
4.23705   	300       	160       	60.6675   	5811.72   	
4.57037   	300       	160       	61.8674   	5926.66   	
4.89422   	300       	160       	62.972    	6032.5    	
5.23228   	300       	160       	64.0539   	6136.12   	
5.59641   	300       	160       	65.1205   	6238.29   	
5.98714   	300       	160       	66.1366   	6335.62   	
6.40101   	300       	160       	67.0634   	6424.41   	
6.84918   	300       	160       	67.9029   	6504.86   	
7.34871   	300       	160       	68.655    	6576.88   	
7.91935   	300       	160       	69.3457   	6643.06   	
8.58572   	300       	160       	69.985    	6704.29   	
9.23429   	300       	160       	70.5058   	6754.22   	
9.90942   	300       	160       	71.0001   	6801.56   	
10.6385   	300       	160       	71.5233   	6851.75   	
11.335    	300       	160       	71.9625   	6893.72   	
11.9849   	300       	160       	72.3145   	6927.93   	
12.6325   	300       	160       	72.593    	6954.17   	
13.3202   	300       	160       	72.8824   	6982.26   	
14.0516   	300       	160       	73.1189   	7004.84   	
14.7847   	300       	160       	73.2932   	7021.45   	
15.5355   	300       	160       	73.418    	7033.32   	
16.3265   	300       	160       	73.4871   	7039.8    	
17.1811   	300       	160       	73.5398   	7044.86   	
18.1257   	300       	160       	73.6162   	7052.26   	
19.2074   	300       	160       	73.7401   	7064.05   	
20.0769   	300       	160       	73.8925   	7078.86   	
20.9243   	300       	160       	74.0318   	7091.98   	
21.7665   	300       	160       	74.1727   	7105.65   	
22.6362   	300       	160       	74.2771   	7115.6    	
23.549    	300       	160       	74.335    	7121.03   	
24.531    	300       	160       	74.4599   	7133.13   	
25.5484   	300       	160       	74.5457   	7141.21   	
26.5451   	300       	160       	74.6138   	7147.75   	
27.5537   	300       	160       	74.6666   	7152.81   	
28.6091   	300       	160       	74.7554   	7161.26   	
29.7623   	300       	160       	74.8504   	7170.4    	
30.7656   	300       	160       	74.9194   	7177.01   	
31.7569   	300       	160       	75.0182   	7186.44   	
32.8146   	300       	160       	75.1429   	7198.58   	
33.8676   	300       	160       	75.2174   	7205.56   	
34.9298   	300       	160       	75.2659   	7210.21   	
36.0353   	300       	160       	75.2846   	7212      	
37.2183   	300       	160       	75.2797   	7211.55   	
38.5148   	300       	160       	75.3348   	7216.76   	
40.0123   	300       	160       	75.4638   	7229.18   	
41.1859   	300       	160       	75.6023   	7242.65   	
42.329    	300       	160       	75.7092   	7252.79   	
43.4494   	300       	160       	75.7526   	7256.82   	
44.5945   	300       	160       	75.7745   	7258.93   	
45.8097   	300       	160       	75.7953   	7260.99   	
47.1491   	300       	160       	75.8767   	7268.77   	
48.4555   	300       	160       	75.9407   	7274.85   	
49.743    	300       	160       	75.9732   	7277.97   	
51.0665   	300       	160       	76.0461   	7284.9    	
52.4967   	300       	160       	76.1378   	7293.74   	
53.7338   	300       	160       	76.1986   	7299.56   	
54.9532   	300       	160       	76.2663   	7306.12   	
56.2516   	300       	160       	76.3475   	7313.82   	
57.5296   	300       	160       	76.4424   	7323.03   	
58.832    	300       	160       	76.4926   	7327.71   	
60.1945   	300       	160       	76.5164   	7330      	
61.6603   	300       	160       	76.5283   	7331.18   	
63.2852   	300       	160       	76.5517   	7333.38   	
64.5755   	300       	160       	76.653    	7343      	
65.8518   	300       	160       	76.7721   	7354.61   	
67.1322   	300       	160       	76.8453   	7361.52   	
68.4325   	300       	160       	76.8827   	7365.05   	
69.8073   	300       	160       	76.9119   	7367.8    	
71.304    	300       	160       	76.92     	7368.56   	
72.9752   	300       	160       	76.9575   	7372.03   	
74.9038   	300       	160       	77.0596   	7381.74   	
76.5725   	300       	160       	77.1379   	7389.21   	
77.9422   	300       	160       	77.1694   	7392.14   	
79.2844   	300       	160       	77.1856   	7393.62   	
80.7134   	300       	160       	77.2237   	7397.2    	
82.3199   	300       	160       	77.3115   	7405.38   	
83.8143   	300       	160       	77.3665   	7410.37   	
85.2983   	300       	160       	77.4233   	7415.62   	
86.8646   	300       	160       	77.4854   	7421.15   	
88.1683   	300       	160       	77.5154   	7423.64   	
89.4537   	300       	160       	77.6343   	7434.55   	
90.8426   	300       	160       	77.7281   	7443.13   	
92.1926   	300       	160       	77.7563   	7445.11   	
93.5716   	300       	160       	77.7822   	7446.83   	
95.0456   	300       	160       	77.7977   	7447.32   	
96.6797   	300       	160       	77.8638   	7452.3    	
98.5755   	300       	160       	78.0401   	7467.02   	
99.9697   	300       	160       	78.1076   	7471.77   	
101.27    	300       	160       	78.1534   	7474.22   	
102.625   	300       	160       	78.2373   	7479.88   	
104.133   	300       	160       	78.2764   	7480.4    	
105.849   	300       	160       	78.3342   	7481.46   	
107.671   	300       	160       	78.5353   	7494.62   	
108.963   	300       	160       	78.6445   	7500.16   	
110.176   	300       	160       	78.7261   	7502.62   	
111.453   	300       	160       	78.8116   	7504.31   	
112.882   	300       	160       	79.0184   	7515.57   	
114.327   	300       	160       	79.1398   	7516.6    	
115.749   	300       	160       	79.2758   	7517.53   	
117.22    	300       	160       	79.4589   	7520.26   	
118.831   	300       	160       	79.7893   	7531.8    	
120.127   	300       	160       	80.0011   	7533.66   	
121.363   	300       	160       	80.2001   	7532.39   	
122.663   	300       	160       	80.4419   	7530.73   	
124.121   	300       	160       	80.7644   	7528.57   	
125.826   	300       	160       	81.352    	7536.86   	
126.975   	300       	160       	81.7282   	7536.27   	
128.049   	300       	160       	82.1141   	7534.35   	
129.194   	300       	160       	82.5762   	7531.14   	
130.503   	300       	160       	83.1979   	7526.9    	
132.073   	300       	160       	84.2404   	7532.49   	
134.066   	300       	160       	86.002    	7545.26   	
135.969   	300       	160       	88.0148   	7551.24   	
137.431   	300       	160       	89.6607   	7540.47   	
138.865   	300       	160       	91.5174   	7524.24   	
140.45    	300       	160       	94.1114   	7515.24   	
141.566   	300       	160       	96.0263   	7495.73   	
142.623   	300       	160       	98.052    	7471.92   	
143.78    	300       	160       	100.624   	7441.26   	
145.153   	300       	160       	104.3     	7397.94   	
146.873   	300       	160       	109.939   	7335.5    	
149.124   	300       	160       	118.17    	7253.49   	
150.677   	300       	160       	125.171   	7192.91   	
151.847   	300       	160       	131.162   	7111.74   	
152.979   	300       	160       	138.02    	7010.71   	
154.275   	300       	160       	146.984   	6877.39   	
155.902   	300       	160       	158.185   	6737.88   	
157.263   	300       	160       	169.142   	6576.91   	
158.784   	300       	160       	181.503   	6390.2    	
160.921   	300       	160       	193.969   	6143.21   	
163.97    	300       	160       	205.905   	5763.67   	
167.057   	300       	160       	218.905   	5470.28   	
170.574   	300       	160       	231.873   	5220.73   	
174.47    	300       	160       	244.965   	4988.22   	
178.995   	300       	160       	259.435   	4750.92   	
184.128   	300       	160       	274.285   	4515.7    	
189.388   	300       	160       	288.391   	4301.81   	
194.335   	300       	160       	300.845   	4118.49   	
199.561   	300       	160       	312.735   	3945.53   	
205.479   	300       	160       	324.78    	3771.38   	
212.045   	300       	160       	337.15    	3603.43   	
217.56    	300       	160       	347.027   	3468.74   	
223.443   	300       	160       	356.426   	3335.16   	
230.166   	300       	160       	365.898   	3200.24   	
236.793   	300       	160       	374.35    	3087.51   	
243.376   	300       	160       	381.852   	2985.37   	
249.569   	300       	160       	388.18    	2898.14   	
256.23    	300       	160       	394.456   	2812.1    	
261.96    	300       	160       	399.419   	2742.82   	
267.737   	300       	160       	404.214   	2680.03   	
270.976   	300       	160       	406.643   	2646.48   	
272.292   	300       	160       	407.694   	2634.2    	
273.035   	300       	160       	408.266   	2627.2    	
273.977   	300       	160       	408.974   	2618.88   	
274.555   	300       	160       	409.422   	2614.03   	
276.068   	300       	160       	410.551   	2603.28   	
279.225   	300       	160       	413.086   	2569.89   	
284.037   	300       	160       	416.943   	2522.42   	
290.189   	300       	160       	421.869   	2457.96   	
297.659   	300       	160       	427.784   	2379.24   	
305.787   	300       	160       	433.999   	2297.14   	
314.678   	300       	160       	440.505   	2218.7    	
319.678   	300       	160       	444.016   	2178.4    	
327.228   	300       	160       	449.456   	2116.05   	
336.869   	300       	160       	456.479   	2033.03   	
346.869   	300       	160       	463.423   	1949.24   	
356.869   	300       	160       	470.026   	1870.57   	
366.869   	300       	160       	476.527   	1799.32   	
376.869   	300       	160       	482.553   	1733.18   	
386.869   	300       	160       	488.18    	1670.67   	
396.869   	300       	160       	493.272   	1615.06   	
406.869   	300       	160       	497.883   	1564.61   	
416.869   	300       	160       	502.241   	1518.87   	
426.869   	300       	160       	506.466   	1478.45   	
436.869   	300       	160       	510.483   	1440.21   	
446.869   	300       	160       	514.253   	1404.45   	
456.869   	300       	160       	517.944   	1370.32   	
466.869   	300       	160       	523.115   	1316.49   	
476.869   	300       	160       	527.536   	1268.59   	
486.869   	300       	160       	531.155   	1232.37   	
496.869   	300       	160       	534.443   	1202.51   	
506.869   	300       	160       	537.419   	1176.48   	
516.869   	300       	160       	540.149   	1152.41   	
526.869   	300       	160       	542.787   	1129.55   	
536.869   	300       	160       	545.454   	1105.93   	
546.869   	300       	160       	548.102   	1081.88   	
556.869   	300       	160       	550.741   	1058.44   	
566.869   	300       	160       	553.363   	1035.01   	
576.869   	300       	160       	555.903   	1011.84   	
586.869   	300       	160       	558.279   	989.841   	
596.869   	300       	160       	560.481   	969.721   	
606.869   	300       	160       	562.663   	951.484   	
611.869   	300       	160       	563.628   	943.841   	
613.937   	300       	160       	564.01    	940.652   	
615.086   	300       	160       	564.238   	939       	
617.977   	300       	160       	564.879   	933.738   	
623.982   	300       	160       	566.538   	919.371   	
633.899   	300       	160       	569.549   	891.832   	
643.899   	300       	160       	572.563   	864.222   	
653.899   	300       	160       	575.542   	837.797   	
663.899   	300       	160       	578.332   	812.788   	
673.899   	300       	160       	580.886   	789.793   	
683.899   	300       	160       	582.975   	770.963   	
693.899   	300       	160       	584.722   	755.102   	
698.899   	300       	160       	585.575   	747.766   	
701.399   	300       	160       	585.983   	744.202   	
702.154   	300       	160       	586.122   	743.144   	
702.682   	300       	160       	586.207   	742.36    	
704.19    	300       	160       	586.526   	740.002   	
708.122   	300       	160       	587.615   	731.894   	
716.629   	300       	160       	590.055   	710.177   	
726.629   	300       	160       	592.897   	686.294   	
736.629   	300       	160       	595.57    	664.711   	
746.629   	300       	160       	598.007   	644.61    	
756.629   	300       	160       	600.279   	625.705   	
766.629   	300       	160       	602.363   	607.855   	
776.629   	300       	160       	604.251   	591.583   	
786.629   	300       	160       	605.962   	576.743   	
796.629   	300       	160       	607.608   	563.456   	
806.629   	300       	160       	609.314   	550.009   	
816.629   	300       	160       	611.008   	536.931   	
826.629   	300       	160       	612.83    	523.533   	
836.629   	300       	160       	614.512   	510.811   	
846.629   	300       	160       	616.145   	497.621   	
856.629   	300       	160       	617.666   	485.012   	
866.629   	300       	160       	619.122   	473.268   	
876.629   	300       	160       	620.461   	462.64    	
886.629   	300       	160       	621.612   	452.733   	
896.629   	300       	160       	622.8     	443.793   	
906.629   	300       	160       	623.893   	435.274   	
916.629   	300       	160       	624.997   	427.258   	
926.629   	300       	160       	626.107   	419.503   	
936.629   	300       	160       	627.211   	412       	
946.629   	300       	160       	628.088   	405.765   	
956.629   	300       	160       	629.081   	398.71    	
966.629   	300       	160       	630.029   	391.765   	
976.629   	300       	160       	630.992   	385.229   	
986.629   	300       	160       	632.084   	378.066   	
996.629   	300       	160       	633.041   	372.238   	
1006.63   	300       	160       	633.978   	366.611   	
1016.63   	300       	160       	634.844   	361.496   	
1026.63   	300       	160       	635.563   	356.647   	
1036.63   	300       	160       	636.458   	350.479   	
1046.63   	300       	160       	637.273   	345.366   	
1056.63   	300       	160       	637.976   	340.296   	
1066.63   	300       	160       	638.699   	335.403   	
1076.63   	300       	160       	639.463   	330.657   	
1086.63   	300       	160       	640.288   	326.318   	
1096.63   	300       	160       	640.943   	321.809   	
1106.63   	300       	160       	641.65    	317.396   	
1116.63   	300       	160       	642.383   	313.321   	
1126.63   	300       	160       	643.072   	309.138   	
1136.63   	300       	160       	643.796   	305.134   	
1146.63   	300       	160       	644.451   	301.157   	
1156.63   	300       	160       	645.092   	297.214   	
1166.63   	300       	160       	645.715   	293.492   	
1176.63   	300       	160       	646.382   	289.807   	
1186.63   	300       	160       	646.939   	286.24    	
1196.63   	300       	160       	647.581   	282.877   	
1206.63   	300       	160       	648.12    	279.498   	
1216.63   	300       	160       	648.666   	276.255   	
1226.63   	300       	160       	649.274   	273.181   	
1236.63   	300       	160       	649.783   	270.184   	
1246.63   	300       	160       	650.303   	267.171   	
1256.63   	300       	160       	650.832   	264.294   	
1266.63   	300       	160       	651.375   	261.59    	
1276.63   	300       	160       	651.892   	259.108   	
1286.63   	300       	160       	652.544   	256.159   	
1296.63   	300       	160       	653.152   	253.332   	
1306.63   	300       	160       	653.622   	250.854   	
1316.63   	300       	160       	654.132   	248.458   	
1326.63   	300       	160       	654.751   	246.049   	
1336.63   	300       	160       	655.377   	243.552   	
1346.63   	300       	160       	655.981   	240.961   	
1356.63   	300       	160       	656.468   	238.561   	
1366.63   	300       	160       	656.896   	236.311   	
1376.63   	300       	160       	657.322   	234.077   	
1386.63   	300       	160       	657.727   	231.819   	
1396.63   	300       	160       	658.179   	229.678   	
1406.63   	300       	160       	658.583   	227.561   	
1416.63   	300       	160       	659.019   	225.529   	
1426.63   	300       	160       	659.706   	222.794   	
1436.63   	300       	160       	660.226   	220.496   	
1446.63   	300       	160       	660.807   	217.863   	
1456.63   	300       	160       	661.328   	215.424   	
1466.63   	300       	160       	661.952   	212.506   	
1476.63   	300       	160       	663.12    	207.968   	
1486.63   	300       	160       	663.797   	204.873   	
1496.63   	300       	160       	664.273   	202.829   	
1506.63   	300       	160       	664.603   	201.174   	
1516.63   	300       	160       	667.321   	188.516   	
1526.63   	300       	160       	669.725   	177.806   	
1536.63   	300       	160       	670.969   	172.077   	
1546.63   	300       	160       	671.844   	168.246   	
1556.63   	300       	160       	672.592   	165.019   	
1566.63   	300       	160       	673.347   	162.027   	
1576.63   	300       	160       	673.957   	159.559   	
1586.63   	300       	160       	674.623   	157.637   	
1596.63   	300       	160       	675.183   	155.581   	
1606.63   	300       	160       	675.671   	153.857   	
1616.63   	300       	160       	676.137   	152.206   	
1626.63   	300       	160       	676.551   	150.685   	
1636.63   	300       	160       	676.954   	149.314   	
1646.63   	300       	160       	677.358   	147.948   	
1656.63   	300       	160       	677.722   	146.621   	
1666.63   	300       	160       	678.137   	145.368   	
1676.63   	300       	160       	678.667   	143.822   	
1686.63   	300       	160       	679.831   	139.915   	
1696.63   	300       	160       	682.607   	132.136   	
1706.63   	300       	160       	685.165   	126.412   	
1716.63   	300       	160       	687.249   	122.02    	
1726.63   	300       	160       	689.137   	120.452   	
1736.63   	300       	160       	690.904   	119.001   	
1746.63   	300       	160       	691.285   	118.68    	
1749.13   	300       	160       	691.279   	118.544   	
1752.26   	300       	160       	691.243   	118.537   	
1754.14   	300       	160       	691.245   	118.539   	
1756.59   	300       	160       	691.236   	118.469   	
1759.67   	300       	160       	691.218   	118.498   	
1761.51   	300       	160       	691.223   	118.498   	
1763.92   	300       	160       	691.217   	118.426   	
1765.42   	300       	160       	691.214   	118.49    	
1767.41   	300       	160       	691.214   	118.465   	
1769.96   	300       	160       	691.206   	118.349   	
1771.52   	300       	160       	691.232   	118.476   	
1773.57   	300       	160       	691.255   	118.451   	
1774.85   	300       	160       	691.268   	118.509   	
1776.55   	300       	160       	691.279   	118.49    	
1777.62   	300       	160       	691.283   	118.513   	
1779.05   	300       	160       	691.292   	118.507   	
1779.97   	300       	160       	691.293   	118.513   	
1781.2    	300       	160       	691.308   	118.52    	
1782      	300       	160       	691.312   	118.522   	
1783.08   	300       	160       	691.325   	118.533   	
1784.5    	300       	160       	691.333   	118.515   	
1785.39   	300       	160       	691.338   	118.541   	
1786.57   	300       	160       	691.346   	118.532   	
1787.33   	300       	160       	691.347   	118.543   	
1788.35   	300       	160       	691.354   	118.537   	
1789.01   	300       	160       	691.352   	118.541   	
1789.92   	300       	160       	692.382   	104.624   	
1792.56   	300       	160       	693.162   	92.7235   	
1799.79   	300       	160       	693.426   	88.1884   	
1809.79   	300       	160       	693.588   	86.0989   	
1819.79   	300       	160       	693.641   	84.5014   	
1829.79   	300       	160       	693.843   	83.1262   	
1839.79   	300       	160       	693.972   	81.8302   	
1849.79   	300       	160       	694.094   	80.519    	
1859.79   	300       	160       	694.231   	79.1769   	
1869.79   	300       	160       	694.363   	77.7963   	
1879.79   	300       	160       	694.525   	76.395    	
1889.79   	300       	160       	694.645   	74.8335   	
1899.79   	300       	160       	694.947   	72.1561   	
1909.79   	300       	160       	695.083   	69.2173   	
1919.79   	300       	160       	695.428   	66.5116   	
1929.79   	300       	160       	695.479   	64.2182   	
1939.79   	300       	160       	695.679   	62.2296   	
1949.79   	300       	160       	695.824   	60.5426   	
1959.79   	300       	160       	695.94    	59.0584   	
1969.79   	300       	160       	696.037   	57.7105   	
1979.79   	300       	160       	696.121   	56.4696   	
1989.79   	300       	160       	696.184   	55.3599   	
1999.79   	300       	160       	696.361   	54.3563   	
2000      	300       	160       	696.315   	54.3261   	
