Results for well: RES1_INJ.out in the reservoir: RES1_INJ.out

time	BHP	Temp	q(Gas)	q(Oil)
days	psi	F	Mscf/d	stb/d
0         	0         	-         	0         	0         	
0.1       	2000      	160       	-14326.9  	0         	
0.138535  	2000      	160       	-14310.2  	0         	
0.189692  	2000      	160       	-13926.7  	0         	
0.246165  	2000      	160       	-12274.9  	0         	
0.293446  	2000      	160       	-11379.2  	0         	
0.35057   	2000      	160       	-10814.1  	0         	
0.416148  	2000      	160       	-10783.7  	0         	
0.484885  	2000      	160       	-11286.5  	0         	
0.556856  	2000      	160       	-12207.1  	0         	
0.633789  	2000      	160       	-13392.8  	0         	
0.717695  	2000      	160       	-14762.3  	0         	
0.810624  	2000      	160       	-16234.7  	0         	
0.91461   	2000      	160       	-17741.6  	0         	
1.03172   	2000      	160       	-18148.3  	0         	
1.16745   	2000      	160       	-18279.8  	0         	
1.29397   	2000      	160       	-18699.8  	0         	
1.41597   	2000      	160       	-19335.2  	0         	
1.54124   	2000      	160       	-19521.9  	0         	
1.68358   	2000      	160       	-19252.3  	0         	
1.84814   	2000      	160       	-19077.2  	0         	
2.01628   	2000      	160       	-19076.8  	0         	
2.18509   	2000      	160       	-19282.7  	0         	
2.36125   	2000      	160       	-19594.2  	0         	
2.55286   	2000      	160       	-20005.4  	0         	
2.76875   	2000      	160       	-20398.7  	0         	
3.01856   	2000      	160       	-20729.2  	0         	
3.31344   	2000      	160       	-19315.2  	0         	
3.63153   	2000      	160       	-18347.2  	0         	
3.93304   	2000      	160       	-17786.3  	0         	
4.23705   	2000      	160       	-17269.1  	0         	
4.57037   	2000      	160       	-16751.1  	0         	
4.89422   	2000      	160       	-16061.1  	0         	
5.23228   	2000      	160       	-15414.5  	0         	
5.59641   	2000      	160       	-14898.4  	0         	
5.98714   	2000      	160       	-14453.4  	0         	
6.40101   	2000      	160       	-13909.7  	0         	
6.84918   	2000      	160       	-13533.1  	0         	
7.34871   	2000      	160       	-13256.1  	0         	
7.91935   	2000      	160       	-12945.7  	0         	
8.58572   	2000      	160       	-12570    	0         	
9.23429   	2000      	160       	-12170.3  	0         	
9.90942   	2000      	160       	-11499.1  	0         	
10.6385   	2000      	160       	-10823    	0         	
11.335    	2000      	160       	-10394.5  	0         	
11.9849   	2000      	160       	-10164.3  	0         	
12.6325   	2000      	160       	-9959.86  	0         	
13.3202   	2000      	160       	-9747.53  	0         	
14.0516   	2000      	160       	-9638.16  	0         	
14.7847   	2000      	160       	-9634.6   	0         	
15.5355   	2000      	160       	-9713.07  	0         	
16.3265   	2000      	160       	-9856.04  	0         	
17.1811   	2000      	160       	-10057    	0         	
18.1257   	2000      	160       	-10092.4  	0         	
19.2074   	2000      	160       	-10028.2  	0         	
20.0769   	2000      	160       	-9844.9   	0         	
20.9243   	2000      	160       	-9709.07  	0         	
21.7665   	2000      	160       	-9582.99  	0         	
22.6362   	2000      	160       	-9544.38  	0         	
23.549    	2000      	160       	-9588.2   	0         	
24.531    	2000      	160       	-9507.36  	0         	
25.5484   	2000      	160       	-9484.11  	0         	
26.5451   	2000      	160       	-9493.36  	0         	
27.5537   	2000      	160       	-9474.29  	0         	
28.6091   	2000      	160       	-9433.48  	0         	
29.7623   	2000      	160       	-9420.67  	0         	
30.7656   	2000      	160       	-9420.29  	0         	
31.7569   	2000      	160       	-9363.81  	0         	
32.8146   	2000      	160       	-9252.93  	0         	
33.8676   	2000      	160       	-9208.21  	0         	
34.9298   	2000      	160       	-9236.3   	0         	
36.0353   	2000      	160       	-9328.89  	0         	
37.2183   	2000      	160       	-9479.03  	0         	
38.5148   	2000      	160       	-9544.87  	0         	
40.0123   	2000      	160       	-9492.36  	0         	
41.1859   	2000      	160       	-9379.58  	0         	
42.329    	2000      	160       	-9311.6   	0         	
43.4494   	2000      	160       	-9308.2   	0         	
44.5945   	2000      	160       	-9364.98  	0         	
45.8097   	2000      	160       	-9410.99  	0         	
47.1491   	2000      	160       	-9364.41  	0         	
48.4555   	2000      	160       	-9348.01  	0         	
49.743    	2000      	160       	-9384.96  	0         	
51.0665   	2000      	160       	-9390.29  	0         	
52.4967   	2000      	160       	-9321.22  	0         	
53.7338   	2000      	160       	-9249.25  	0         	
54.9532   	2000      	160       	-9211.67  	0         	
56.2516   	2000      	160       	-9178.81  	0         	
57.5296   	2000      	160       	-9134.57  	0         	
58.832    	2000      	160       	-9124.93  	0         	
60.1945   	2000      	160       	-9165.87  	0         	
61.6603   	2000      	160       	-9246.08  	0         	
63.2852   	2000      	160       	-9337.59  	0         	
64.5755   	2000      	160       	-9310.47  	0         	
65.8518   	2000      	160       	-9232.29  	0         	
67.1322   	2000      	160       	-9175.52  	0         	
68.4325   	2000      	160       	-9136.27  	0         	
69.8073   	2000      	160       	-9134.99  	0         	
71.304    	2000      	160       	-9154.78  	0         	
72.9752   	2000      	160       	-9200.67  	0         	
74.9038   	2000      	160       	-9207.77  	0         	
76.5725   	2000      	160       	-9194.29  	0         	
77.9422   	2000      	160       	-9192.22  	0         	
79.2844   	2000      	160       	-9210     	0         	
80.7134   	2000      	160       	-9229.73  	0         	
82.3199   	2000      	160       	-9199.37  	0         	
83.8143   	2000      	160       	-9180.1   	0         	
85.2983   	2000      	160       	-9183.33  	0         	
86.8646   	2000      	160       	-9190.3   	0         	
88.1683   	2000      	160       	-9204.56  	0         	
89.4537   	2000      	160       	-9174.01  	0         	
90.8426   	2000      	160       	-9133.33  	0         	
92.1926   	2000      	160       	-9114.39  	0         	
93.5716   	2000      	160       	-9114.36  	0         	
95.0456   	2000      	160       	-9148.92  	0         	
96.6797   	2000      	160       	-9167.64  	0         	
98.5755   	2000      	160       	-9138.05  	0         	
99.9697   	2000      	160       	-9121.13  	0         	
101.27    	2000      	160       	-9120.5   	0         	
102.625   	2000      	160       	-9122.21  	0         	
104.133   	2000      	160       	-9136.85  	0         	
105.849   	2000      	160       	-9179.55  	0         	
107.671   	2000      	160       	-9188.55  	0         	
108.963   	2000      	160       	-9169.45  	0         	
110.176   	2000      	160       	-9150.6   	0         	
111.453   	2000      	160       	-9151.79  	0         	
112.882   	2000      	160       	-9149.6   	0         	
114.327   	2000      	160       	-9149.02  	0         	
115.749   	2000      	160       	-9157.82  	0         	
117.22    	2000      	160       	-9180.19  	0         	
118.831   	2000      	160       	-9190.66  	0         	
120.127   	2000      	160       	-9192.44  	0         	
121.363   	2000      	160       	-9204.16  	0         	
122.663   	2000      	160       	-9218.29  	0         	
124.121   	2000      	160       	-9246     	0         	
125.826   	2000      	160       	-9264.89  	0         	
126.975   	2000      	160       	-9283.5   	0         	
128.049   	2000      	160       	-9302.76  	0         	
129.194   	2000      	160       	-9330.68  	0         	
130.503   	2000      	160       	-9374.44  	0         	
132.073   	2000      	160       	-9397.7   	0         	
134.066   	2000      	160       	-9328.27  	0         	
135.969   	2000      	160       	-9211.61  	0         	
137.431   	2000      	160       	-9123.76  	0         	
138.865   	2000      	160       	-9057.48  	0         	
140.45    	2000      	160       	-9000.24  	0         	
141.566   	2000      	160       	-8969.32  	0         	
142.623   	2000      	160       	-8951.99  	0         	
143.78    	2000      	160       	-8949.88  	0         	
145.153   	2000      	160       	-8948.85  	0         	
146.873   	2000      	160       	-8982.62  	0         	
149.124   	2000      	160       	-9031.81  	0         	
150.677   	2000      	160       	-9050.17  	0         	
151.847   	2000      	160       	-9053.23  	0         	
152.979   	2000      	160       	-9052.22  	0         	
154.275   	2000      	160       	-9054.49  	0         	
155.902   	2000      	160       	-9058.71  	0         	
157.263   	2000      	160       	-9067.1   	0         	
158.784   	2000      	160       	-9084.06  	0         	
160.921   	2000      	160       	-9117.34  	0         	
163.97    	2000      	160       	-9143.93  	0         	
167.057   	2000      	160       	-9139.43  	0         	
170.574   	2000      	160       	-9139.03  	0         	
174.47    	2000      	160       	-9156.42  	0         	
178.995   	2000      	160       	-9193.47  	0         	
184.128   	2000      	160       	-9216.46  	0         	
189.388   	2000      	160       	-9225.39  	0         	
194.335   	2000      	160       	-9238.88  	0         	
199.561   	2000      	160       	-9243.52  	0         	
205.479   	2000      	160       	-9241.23  	0         	
212.045   	2000      	160       	-9224.21  	0         	
217.56    	2000      	160       	-9157.07  	0         	
223.443   	2000      	160       	-9093.16  	0         	
230.166   	2000      	160       	-9040.21  	0         	
236.793   	2000      	160       	-8991.25  	0         	
243.376   	2000      	160       	-8985.93  	0         	
249.569   	2000      	160       	-9014.61  	0         	
256.23    	2000      	160       	-9054.62  	0         	
261.96    	2000      	160       	-9102.51  	0         	
267.737   	2000      	160       	-9146.28  	0         	
270.976   	2000      	160       	-9171.11  	0         	
272.292   	2000      	160       	-9182.8   	0         	
273.035   	2000      	160       	-9189.84  	0         	
273.977   	2000      	160       	-9198.83  	0         	
274.555   	2000      	160       	-9204.1   	0         	
276.068   	2000      	160       	-9212.49  	0         	
279.225   	2000      	160       	-9214.08  	0         	
284.037   	2000      	160       	-9223.41  	0         	
290.189   	2000      	160       	-9242.57  	0         	
297.659   	2000      	160       	-9283.21  	0         	
305.787   	2000      	160       	-9334.07  	0         	
314.678   	2000      	160       	-9361.72  	0         	
319.678   	2000      	160       	-9364.66  	0         	
327.228   	2000      	160       	-9376.83  	0         	
336.869   	2000      	160       	-9396.12  	0         	
346.869   	2000      	160       	-9442.17  	0         	
356.869   	2000      	160       	-9492.42  	0         	
366.869   	2000      	160       	-9523.97  	0         	
376.869   	2000      	160       	-9578.95  	0         	
386.869   	2000      	160       	-9643.93  	0         	
396.869   	2000      	160       	-9709.87  	0         	
406.869   	2000      	160       	-9787.28  	0         	
416.869   	2000      	160       	-9858.87  	0         	
426.869   	2000      	160       	-9913.28  	0         	
436.869   	2000      	160       	-9968.95  	0         	
446.869   	2000      	160       	-10031.6  	0         	
456.869   	2000      	160       	-10089.2  	0         	
466.869   	2000      	160       	-10131.5  	0         	
476.869   	2000      	160       	-10161.3  	0         	
486.869   	2000      	160       	-10170.1  	0         	
496.869   	2000      	160       	-10160.4  	0         	
506.869   	2000      	160       	-10156.8  	0         	
516.869   	2000      	160       	-10166.5  	0         	
526.869   	2000      	160       	-10172.6  	0         	
536.869   	2000      	160       	-10189.1  	0         	
546.869   	2000      	160       	-10217.1  	0         	
556.869   	2000      	160       	-10237.8  	0         	
566.869   	2000      	160       	-10268.1  	0         	
576.869   	2000      	160       	-10302.2  	0         	
586.869   	2000      	160       	-10346.7  	0         	
596.869   	2000      	160       	-10392.9  	0         	
606.869   	2000      	160       	-10436    	0         	
611.869   	2000      	160       	-10449.5  	0         	
613.937   	2000      	160       	-10455.5  	0         	
615.086   	2000      	160       	-10459    	0         	
617.977   	2000      	160       	-10466    	0         	
623.982   	2000      	160       	-10479.5  	0         	
633.899   	2000      	160       	-10511.4  	0         	
643.899   	2000      	160       	-10547.6  	0         	
653.899   	2000      	160       	-10568.2  	0         	
663.899   	2000      	160       	-10598.9  	0         	
673.899   	2000      	160       	-10633.2  	0         	
683.899   	2000      	160       	-10673.1  	0         	
693.899   	2000      	160       	-10712    	0         	
698.899   	2000      	160       	-10733.1  	0         	
701.399   	2000      	160       	-10743.9  	0         	
702.154   	2000      	160       	-10747.2  	0         	
702.682   	2000      	160       	-10749.6  	0         	
704.19    	2000      	160       	-10755.1  	0         	
708.122   	2000      	160       	-10766.7  	0         	
716.629   	2000      	160       	-10790.2  	0         	
726.629   	2000      	160       	-10810.7  	0         	
736.629   	2000      	160       	-10811.1  	0         	
746.629   	2000      	160       	-10826.7  	0         	
756.629   	2000      	160       	-10849.7  	0         	
766.629   	2000      	160       	-10880.9  	0         	
776.629   	2000      	160       	-10909.9  	0         	
786.629   	2000      	160       	-10943.4  	0         	
796.629   	2000      	160       	-10977.8  	0         	
806.629   	2000      	160       	-11008.9  	0         	
816.629   	2000      	160       	-11028.1  	0         	
826.629   	2000      	160       	-11048.6  	0         	
836.629   	2000      	160       	-11074.9  	0         	
846.629   	2000      	160       	-11100.4  	0         	
856.629   	2000      	160       	-11134.2  	0         	
866.629   	2000      	160       	-11167.3  	0         	
876.629   	2000      	160       	-11198.5  	0         	
886.629   	2000      	160       	-11231.4  	0         	
896.629   	2000      	160       	-11257.9  	0         	
906.629   	2000      	160       	-11279.5  	0         	
916.629   	2000      	160       	-11297.3  	0         	
926.629   	2000      	160       	-11313.8  	0         	
936.629   	2000      	160       	-11331.9  	0         	
946.629   	2000      	160       	-11345.2  	0         	
956.629   	2000      	160       	-11365.5  	0         	
966.629   	2000      	160       	-11389.4  	0         	
976.629   	2000      	160       	-11400.7  	0         	
986.629   	2000      	160       	-11410.2  	0         	
996.629   	2000      	160       	-11408.3  	0         	
1006.63   	2000      	160       	-11406.6  	0         	
1016.63   	2000      	160       	-11406.7  	0         	
1026.63   	2000      	160       	-11417.7  	0         	
1036.63   	2000      	160       	-11434    	0         	
1046.63   	2000      	160       	-11447.2  	0         	
1056.63   	2000      	160       	-11462.3  	0         	
1066.63   	2000      	160       	-11475.4  	0         	
1076.63   	2000      	160       	-11487.7  	0         	
1086.63   	2000      	160       	-11496.7  	0         	
1096.63   	2000      	160       	-11508.4  	0         	
1106.63   	2000      	160       	-11525    	0         	
1116.63   	2000      	160       	-11537    	0         	
1126.63   	2000      	160       	-11552.5  	0         	
1136.63   	2000      	160       	-11561.2  	0         	
1146.63   	2000      	160       	-11573.8  	0         	
1156.63   	2000      	160       	-11590.6  	0         	
1166.63   	2000      	160       	-11607.8  	0         	
1176.63   	2000      	160       	-11620.2  	0         	
1186.63   	2000      	160       	-11633.8  	0         	
1196.63   	2000      	160       	-11644.6  	0         	
1206.63   	2000      	160       	-11656.4  	0         	
1216.63   	2000      	160       	-11670.9  	0         	
1226.63   	2000      	160       	-11680    	0         	
1236.63   	2000      	160       	-11688.3  	0         	
1246.63   	2000      	160       	-11700    	0         	
1256.63   	2000      	160       	-11710    	0         	
1266.63   	2000      	160       	-11712.7  	0         	
1276.63   	2000      	160       	-11712.8  	0         	
1286.63   	2000      	160       	-11715.4  	0         	
1296.63   	2000      	160       	-11719.9  	0         	
1306.63   	2000      	160       	-11728.1  	0         	
1316.63   	2000      	160       	-11736.3  	0         	
1326.63   	2000      	160       	-11736.9  	0         	
1336.63   	2000      	160       	-11746.5  	0         	
1346.63   	2000      	160       	-11763.8  	0         	
1356.63   	2000      	160       	-11780.8  	0         	
1366.63   	2000      	160       	-11795.5  	0         	
1376.63   	2000      	160       	-11812    	0         	
1386.63   	2000      	160       	-11828.4  	0         	
1396.63   	2000      	160       	-11840.5  	0         	
1406.63   	2000      	160       	-11850.4  	0         	
1416.63   	2000      	160       	-11861.4  	0         	
1426.63   	2000      	160       	-11871.7  	0         	
1436.63   	2000      	160       	-11882    	0         	
1446.63   	2000      	160       	-11892.6  	0         	
1456.63   	2000      	160       	-11904.3  	0         	
1466.63   	2000      	160       	-11916.7  	0         	
1476.63   	2000      	160       	-11926.4  	0         	
1486.63   	2000      	160       	-11935.8  	0         	
1496.63   	2000      	160       	-11946.9  	0         	
1506.63   	2000      	160       	-11958.6  	0         	
1516.63   	2000      	160       	-11979.1  	0         	
1526.63   	2000      	160       	-12004.3  	0         	
1536.63   	2000      	160       	-12030.8  	0         	
1546.63   	2000      	160       	-12052.5  	0         	
1556.63   	2000      	160       	-12069    	0         	
1566.63   	2000      	160       	-12081.1  	0         	
1576.63   	2000      	160       	-12084.8  	0         	
1586.63   	2000      	160       	-12093.1  	0         	
1596.63   	2000      	160       	-12106.6  	0         	
1606.63   	2000      	160       	-12122.3  	0         	
1616.63   	2000      	160       	-12138.4  	0         	
1626.63   	2000      	160       	-12154    	0         	
1636.63   	2000      	160       	-12166    	0         	
1646.63   	2000      	160       	-12178.7  	0         	
1656.63   	2000      	160       	-12191    	0         	
1666.63   	2000      	160       	-12194.8  	0         	
1676.63   	2000      	160       	-12202.5  	0         	
1686.63   	2000      	160       	-12215.2  	0         	
1696.63   	2000      	160       	-12236.7  	0         	
1706.63   	2000      	160       	-12268    	0         	
1716.63   	2000      	160       	-12302.8  	0         	
1726.63   	2000      	160       	-12338.1  	0         	
1736.63   	2000      	160       	-12369.3  	0         	
1746.63   	2000      	160       	-12395.7  	0         	
1749.13   	2000      	160       	-12401.9  	0         	
1752.26   	2000      	160       	-12408.9  	0         	
1754.14   	2000      	160       	-12412.5  	0         	
1756.59   	2000      	160       	-12416.7  	0         	
1759.67   	2000      	160       	-12421.4  	0         	
1761.51   	2000      	160       	-12424    	0         	
1763.92   	2000      	160       	-12427.2  	0         	
1765.42   	2000      	160       	-12429.2  	0         	
1767.41   	2000      	160       	-12431.5  	0         	
1769.96   	2000      	160       	-12434.4  	0         	
1771.52   	2000      	160       	-12434.8  	0         	
1773.57   	2000      	160       	-12434.5  	0         	
1774.85   	2000      	160       	-12434.3  	0         	
1776.55   	2000      	160       	-12434.2  	0         	
1777.62   	2000      	160       	-12434.3  	0         	
1779.05   	2000      	160       	-12434.5  	0         	
1779.97   	2000      	160       	-12434.6  	0         	
1781.2    	2000      	160       	-12434.5  	0         	
1782      	2000      	160       	-12434.3  	0         	
1783.08   	2000      	160       	-12434    	0         	
1784.5    	2000      	160       	-12433.8  	0         	
1785.39   	2000      	160       	-12433.7  	0         	
1786.57   	2000      	160       	-12433.8  	0         	
1787.33   	2000      	160       	-12433.9  	0         	
1788.35   	2000      	160       	-12434.2  	0         	
1789.01   	2000      	160       	-12434.4  	0         	
1789.92   	2000      	160       	-12434.7  	0         	
1792.56   	2000      	160       	-12437.1  	0         	
1799.79   	2000      	160       	-12447.9  	0         	
1809.79   	2000      	160       	-12462.1  	0         	
1819.79   	2000      	160       	-12473.1  	0         	
1829.79   	2000      	160       	-12475.6  	0         	
1839.79   	2000      	160       	-12477.4  	0         	
1849.79   	2000      	160       	-12479.7  	0         	
1859.79   	2000      	160       	-12483.2  	0         	
1869.79   	2000      	160       	-12487.3  	0         	
1879.79   	2000      	160       	-12486.6  	0         	
1889.79   	2000      	160       	-12489    	0         	
1899.79   	2000      	160       	-12491.7  	0         	
1909.79   	2000      	160       	-12496.6  	0         	
1919.79   	2000      	160       	-12497.7  	0         	
1929.79   	2000      	160       	-12501.5  	0         	
1939.79   	2000      	160       	-12507.5  	0         	
1949.79   	2000      	160       	-12511.8  	0         	
1959.79   	2000      	160       	-12513.7  	0         	
1969.79   	2000      	160       	-12518.5  	0         	
1979.79   	2000      	160       	-12524.5  	0         	
1989.79   	2000      	160       	-12528.1  	0         	
1999.79   	2000      	160       	-12528.7  	0         	
2000      	2000      	160       	-12528.7  	0         	
