
 Simulation Finished Successfully 


 -------------------------- Performance Report -------------------------- 


 ------------ Mass Balance Error Report ------------- 

 OCIP     :	4.86195e+006	7.7952e+006	2.65157e+008	3.49177e+007	2.37472e+007	3.88554e+007	1.90661e+007	6.08749e+006	1.32599e+006	

 Residual :	4.8487e+006	7.76585e+006	2.64249e+008	3.48283e+007	2.36804e+007	3.85255e+007	1.8675e+007	4.16986e+006	883874	
 Facilty  :	-1.64062e+006	-2.63141e+006	-8.95031e+007	-1.17766e+007	-7.98942e+006	-1.28084e+007	-6.04721e+006	-125053	-2.16583	
 Facilty  :	1.65387e+006	2.66076e+006	9.04112e+007	1.18659e+007	8.05624e+006	1.31383e+007	6.43825e+006	2.04268e+006	442115	

 MB_Error :	-0.315385	-0.583305	-18.953	-2.15121	-1.33721	-1.81999	-0.812562	-0.054812	-0.00188971	
 Rel_Error:	6.48681e-006%	7.48288e-006%	7.14785e-006%	6.1608e-006%	5.63101e-006%	4.68399e-006%	4.26182e-006%	9.00404e-007%	1.42513e-007%	


 ---- Total EoS counters ----
 flash iters SSI    =     732730, flash iters Newton =       4034
 Stab. iters SSI    =     188154, Stab. iters Newton =     442122

 No of Satb for Oil =  2667, No of Satb for gas = 61396, No of flash =  2385
 time of Satb for Oil = 0.233, time of Satb for gas = 5.444, time for flash = 3.688

RV flahsh results:
 NSSI =     251048, NNewton =      20775
 Flash time =      1.356



Statistics of bypass stability analysis:
Total No:				 266067
Bypass No:				 208348
Failed Pressure No:	 56840
Failed Composition  No: 379

 Variable Type : -----------------  Natural Variables
 Number of Implicit levels: ------        1
                    ImpVar --- TransImpLvl --- CFL_Limit --- Percent
       Scheme 0 :     9             4             1           100%

 Linear solver choice : ----------        4
 Preconditioner choice : ---------        4
 Linear solver Tolerance : -------     0.01

 Total running time: -------------       77 sec  ( 100 % )
   -Initialization time: ---------        0 sec  (   0 % )
   -Property Calc  time: ---------   12.738 sec  (  17 % )
   -Linearization  time: ---------   14.133 sec  (  18 % )
   -Newton Update  time: ---------     0.14 sec  (   0 % )
   -Solver running time: ---------     43.1 sec  (  56 % )
      --(B)ILU Pre fac time: -----   33.615 sec  (  44 % )
      --(B)ILU Pre slv time: -----    1.154 sec  (   1 % )
      --Pres dcpl time: ----------    1.801 sec  (   2 % )
      --Pres slv time: -----------    0.562 sec  (   1 % )
   -Timestep Calc  time: ---------        0 sec  (   0 % )
   -CFL No.  Calc  time: ---------        0 sec  (   0 % )


 Compositional simulation only:
 Initialization time for reservoir: ---------    0.187 sec
 Phase equilibrium running time: ------------    8.805 sec


 No. of timesteps: ---------------      186

 No. of Newton Iters : -----------      681
 No. of Waste Newton Iters : -----       53

 No. of Solver Iters : -----------     1286
 No. of Waste Solver Iters : -----      108

 No. of Pres slvr iters : --------     1286
 No. of Waste Pres slvr iters: ---      108

 Total elapsed = 77, steps = 186, Newton = 681, linear = 1286

