Results for well: RES1_INJ.out in the reservoir: RES1_INJ.out

time	BHP	Temp	q(Gas)	q(Oil)
days	psi	F	Mscf/d	stb/d
0         	0         	-         	0         	0         	
0.1       	4000      	70        	-38295    	0         	
0.315867  	4000      	70        	-37019.6  	0         	
0.451659  	4000      	70        	-36391.1  	0         	
0.758226  	4000      	70        	-35463    	0         	
1.48602   	4000      	70        	-34332    	0         	
2.03952   	4000      	70        	-33781.4  	0         	
2.41474   	4000      	70        	-33499.1  	0         	
3.18638   	4000      	70        	-33120.6  	0         	
3.78556   	4000      	70        	-32901.6  	0         	
4.21774   	4000      	70        	-32771.9  	0         	
4.56027   	4000      	70        	-32683.2  	0         	
4.82299   	4000      	70        	-32622.1  	0         	
5.02638   	4000      	70        	-32578.4  	0         	
5.18998   	4000      	70        	-32545.4  	0         	
5.60496   	4000      	70        	-32473    	0         	
5.91856   	4000      	70        	-32423.6  	0         	
6.67746   	4000      	70        	-32327.1  	0         	
7.23292   	4000      	70        	-32265.9  	0         	
7.65686   	4000      	70        	-32223.9  	0         	
8.5835    	4000      	70        	-32149.5  	0         	
9.23939   	4000      	70        	-32103.6  	0         	
9.74367   	4000      	70        	-32071.7  	0         	
10.1347   	4000      	70        	-32049    	0         	
10.4367   	4000      	70        	-32032.4  	0         	
11.2062   	4000      	70        	-31996.2  	0         	
11.7806   	4000      	70        	-31971.9  	0         	
12.2261   	4000      	70        	-31954.5  	0         	
12.5697   	4000      	70        	-31942    	0         	
12.836    	4000      	70        	-31932.7  	0         	
13.047    	4000      	70        	-31925.7  	0         	
13.6279   	4000      	70        	-31908.4  	0         	
14.0708   	4000      	70        	-31896.3  	0         	
14.4274   	4000      	70        	-31887.1  	0         	
15.3686   	4000      	70        	-31867    	0         	
16.108    	4000      	70        	-31853.1  	0         	
17.9098   	4000      	70        	-31829.3  	0         	
21.8585   	4000      	70        	-31807.4  	0         	
24.7036   	4000      	70        	-31802.8  	0         	
26.8528   	4000      	70        	-31804.5  	0         	
28.4957   	4000      	70        	-31808.3  	0         	
29.7749   	4000      	70        	-31812.7  	0         	
30.762    	4000      	70        	-31816.8  	0         	
33.4167   	4000      	70        	-31832.6  	0         	
35.4541   	4000      	70        	-31846.8  	0         	
40.6058   	4000      	70        	-31893.7  	0         	
44.3847   	4000      	70        	-31932.3  	0         	
52.8154   	4000      	70        	-32033.3  	0         	
58.8307   	4000      	70        	-32108.2  	0         	
63.3022   	4000      	70        	-32165.1  	0         	
66.7247   	4000      	70        	-32209.1  	0         	
69.2951   	4000      	70        	-32242.4  	0         	
75.9074   	4000      	70        	-32328.2  	0         	
80.7837   	4000      	70        	-32391.4  	0         	
91.7959   	4000      	70        	-32535    	0         	
99.3021   	4000      	70        	-32631.2  	0         	
104.866   	4000      	70        	-32701.1  	0         	
109.035   	4000      	70        	-32752.6  	0         	
112.3     	4000      	70        	-32792.5  	0         	
114.876   	4000      	70        	-32823.9  	0         	
121.742   	4000      	70        	-32904.8  	0         	
126.826   	4000      	70        	-32963.2  	0         	
130.688   	4000      	70        	-33007.4  	0         	
133.525   	4000      	70        	-33039.6  	0         	
135.704   	4000      	70        	-33064.2  	0         	
137.366   	4000      	70        	-33083    	0         	
141.957   	4000      	70        	-33133.9  	0         	
145.454   	4000      	70        	-33172.2  	0         	
154.112   	4000      	70        	-33265.9  	0         	
160.363   	4000      	70        	-33333    	0         	
165.238   	4000      	70        	-33383.7  	0         	
168.843   	4000      	70        	-33420.9  	0         	
178.102   	4000      	70        	-33510.4  	0         	
184.571   	4000      	70        	-33571.6  	0         	
189.442   	4000      	70        	-33616.3  	0         	
192.998   	4000      	70        	-33648.3  	0         	
195.696   	4000      	70        	-33672.1  	0         	
197.747   	4000      	70        	-33690    	0         	
203.32    	4000      	70        	-33738    	0         	
207.313   	4000      	70        	-33771.7  	0         	
210.275   	4000      	70        	-33796.7  	0         	
218.186   	4000      	70        	-33862.8  	0         	
223.724   	4000      	70        	-33909.5  	0         	
236.978   	4000      	70        	-34019.8  	0         	
246.354   	4000      	70        	-34093.1  	0         	
253.101   	4000      	70        	-34143.2  	0         	
257.941   	4000      	70        	-34179.3  	0         	
261.552   	4000      	70        	-34204.9  	0         	
264.182   	4000      	70        	-34223.1  	0         	
266.12    	4000      	70        	-34236.4  	0         	
267.556   	4000      	70        	-34246.2  	0         	
271.609   	4000      	70        	-34273.1  	0         	
274.583   	4000      	70        	-34292.2  	0         	
276.814   	4000      	70        	-34306.2  	0         	
278.519   	4000      	70        	-34316.9  	0         	
283.336   	4000      	70        	-34348.1  	0         	
286.902   	4000      	70        	-34369.9  	0         	
289.542   	4000      	70        	-34385.5  	0         	
291.492   	4000      	70        	-34396.9  	0         	
292.941   	4000      	70        	-34405.2  	0         	
294.03    	4000      	70        	-34411.5  	0         	
294.85    	4000      	70        	-34416.2  	0         	
297.217   	4000      	70        	-34430.2  	0         	
303.637   	4000      	70        	-34469.9  	0         	
308.423   	4000      	70        	-34500.6  	0         	
320.585   	4000      	70        	-34581.2  	0         	
329.307   	4000      	70        	-34637    	0         	
335.567   	4000      	70        	-34677.1  	0         	
340.604   	4000      	70        	-34707.1  	0         	
344.363   	4000      	70        	-34728.9  	0         	
347.091   	4000      	70        	-34744.5  	0         	
349.316   	4000      	70        	-34757.2  	0         	
355.567   	4000      	70        	-34791.6  	0         	
360.136   	4000      	70        	-34815.6  	0         	
363.529   	4000      	70        	-34833.6  	0         	
372.545   	4000      	70        	-34880.3  	0         	
379.058   	4000      	70        	-34912.9  	0         	
383.803   	4000      	70        	-34935.8  	0         	
387.309   	4000      	70        	-34952.1  	0         	
389.875   	4000      	70        	-34964.1  	0         	
396.934   	4000      	70        	-34996.7  	0         	
402.079   	4000      	70        	-35020.9  	0         	
405.779   	4000      	70        	-35038    	0         	
408.46    	4000      	70        	-35050.5  	0         	
415.828   	4000      	70        	-35081.9  	0         	
421.121   	4000      	70        	-35105.4  	0         	
434.725   	4000      	70        	-35169.2  	0         	
443.977   	4000      	70        	-35212.4  	0         	
450.686   	4000      	70        	-35244.9  	0         	
468.018   	4000      	70        	-35325.4  	0         	
480.686   	4000      	70        	-35386    	0         	
500.686   	4000      	70        	-35477.3  	0         	
514.105   	4000      	70        	-35538.6  	0         	
534.105   	4000      	70        	-35628.2  	0         	
554.105   	4000      	70        	-35714.6  	0         	
574.105   	4000      	70        	-35796.9  	0         	
594.105   	4000      	70        	-35875.2  	0         	
614.105   	4000      	70        	-35949.6  	0         	
634.105   	4000      	70        	-36020.2  	0         	
654.105   	4000      	70        	-36087.3  	0         	
674.105   	4000      	70        	-36151.1  	0         	
694.105   	4000      	70        	-36212    	0         	
714.105   	4000      	70        	-36270.2  	0         	
734.105   	4000      	70        	-36327    	0         	
754.105   	4000      	70        	-36382.2  	0         	
774.105   	4000      	70        	-36437    	0         	
794.105   	4000      	70        	-36490.3  	0         	
814.105   	4000      	70        	-36541.7  	0         	
834.105   	4000      	70        	-36591.6  	0         	
854.105   	4000      	70        	-36637.2  	0         	
874.105   	4000      	70        	-36680.9  	0         	
894.105   	4000      	70        	-36719.1  	0         	
904.105   	4000      	70        	-36737.7  	0         	
922.098   	4000      	70        	-36772.8  	0         	
930.84    	4000      	70        	-36788.9  	0         	
939.081   	4000      	70        	-36804.2  	0         	
946.266   	4000      	70        	-36816.7  	0         	
964.714   	4000      	70        	-36845.1  	0         	
969.714   	4000      	70        	-36852.6  	0         	
982.871   	4000      	70        	-36875.4  	0         	
989.366   	4000      	70        	-36886.2  	0         	
1004.54   	4000      	70        	-36908.5  	0         	
1014.54   	4000      	70        	-36922.5  	0         	
1034.54   	4000      	70        	-36949.3  	0         	
1054.54   	4000      	70        	-36977.7  	0         	
1074.54   	4000      	70        	-37002.8  	0         	
1094.54   	4000      	70        	-37026.9  	0         	
1114.54   	4000      	70        	-37049.8  	0         	
1122.1    	4000      	70        	-37057.9  	0         	
1141.72   	4000      	70        	-37076.9  	0         	
1161.72   	4000      	70        	-37095.9  	0         	
1181.72   	4000      	70        	-37117    	0         	
1200.23   	4000      	70        	-37134.5  	0         	
1212.54   	4000      	70        	-37144.9  	0         	
1232.54   	4000      	70        	-37161.3  	0         	
1252.54   	4000      	70        	-37178.3  	0         	
1258.49   	4000      	70        	-37183.2  	0         	
1272.65   	4000      	70        	-37194.5  	0         	
1292.65   	4000      	70        	-37211.1  	0         	
1312.65   	4000      	70        	-37225.7  	0         	
1332.65   	4000      	70        	-37239.5  	0         	
1342.65   	4000      	70        	-37246.9  	0         	
1345.73   	4000      	70        	-37249.2  	0         	
1354.26   	4000      	70        	-37254.8  	0         	
1374.26   	4000      	70        	-37266    	0         	
1394.26   	4000      	70        	-37275.8  	0         	
1400      	4000      	70        	-37278.5  	0         	
