 % Watched Cells Output (dead cell outpus 'd' if any)
time	pres(0)	sat(0)	sat(0)	pres(499)	sat(499)	sat(499)	
day	psi	**	**	psi	**	**	
0	3000	1	0	3007.21	1	0	
0.1	3021.325	1	0	2968.235	1	0	
0.3158668	3051.496	1	0	2940.659	0.6336408	0.3663592	
0.4516585	3066.737	1	0	2928.163	0.6007583	0.3992417	
0.7582264	3090.349	1	0	2905.417	0.5743898	0.4256102	
1.486021	3122.191	1	0	2864.875	0.5530813	0.4469187	
2.039516	3139.161	1	0	2833.618	0.5440612	0.4559388	
2.414743	3148.48	1	0	2816.167	0.5399276	0.4600724	
3.186384	3162.599	1	0	2789.455	0.5333028	0.4666972	
3.785564	3171.573	1	0	2773.192	0.5290797	0.4709203	
4.217737	3177.261	1	0	2763.074	0.5263077	0.4736923	
4.560273	3181.367	1	0	2755.805	0.5242253	0.4757747	
4.822995	3184.311	1	0	2750.569	0.5226859	0.4773141	
5.026384	3186.48	1	0	2746.671	0.5215255	0.4784745	
5.189985	3188.158	1	0	2743.64	0.52061	0.47939	
5.604957	3192.059	1	0	2736.44	0.518345	0.481655	
5.918559	3194.828	1	0	2731.306	0.5166932	0.4833068	
6.677462	3200.704	1	0	2720.414	0.5128671	0.4871329	
7.232923	3204.63	1	0	2713.159	0.5102197	0.4897803	
7.656861	3207.434	1	0	2708	0.5082748	0.4917252	
8.583495	3212.805	1	0	2698.125	0.5042507	0.4957493	
9.239386	3216.279	1	0	2691.79	0.5015595	0.4984405	
9.74367	3218.774	1	0	2687.258	0.4995749	0.5004251	
10.13468	3220.609	1	0	2683.916	0.4980923	0.5019077	
10.43666	3221.972	1	0	2681.433	0.4969789	0.5030211	
11.20622	3225.123	1	0	2675.619	0.4942969	0.5057031	
11.7806	3227.313	1	0	2671.531	0.4923996	0.5076004	
12.22609	3228.921	1	0	2668.517	0.4909838	0.5090162	
12.56968	3230.109	1	0	2666.287	0.4899217	0.5100783	
12.83604	3231	1	0	2664.613	0.4891154	0.5108846	
13.04703	3231.688	1	0	2663.32	0.488487	0.511513	
13.62791	3233.454	1	0	2659.976	0.4868226	0.5131774	
14.07079	3234.731	1	0	2657.544	0.4855985	0.5144015	
14.42742	3235.716	1	0	2655.659	0.4846408	0.5153592	
15.36857	3238.047	1	0	2651.119	0.4822775	0.5177225	
16.10804	3239.73	1	0	2647.81	0.480531	0.519469	
17.90983	3243.095	1	0	2641.038	0.4768292	0.5231708	
21.85846	3248.037	1	0	2630.401	0.4712219	0.5287781	
24.70357	3250.642	1	0	2624.329	0.4684304	0.5315696	
26.85275	3252.165	1	0	2620.45	0.4669727	0.5330273	
28.49566	3253.108	1	0	2617.839	0.4662106	0.5337894	
29.77486	3253.724	1	0	2616.02	0.4658109	0.5341891	
30.76195	3254.135	1	0	2614.728	0.4656148	0.5343852	
33.41668	3254.867	1	0	2611.883	0.4658052	0.5341948	
35.45413	3255.249	1	0	2610.022	0.4663334	0.5336666	
40.6058	3255.419	1	0	2606.585	0.4693139	0.5306861	
44.38467	3255.232	1	0	2604.817	0.4721516	0.5278484	
52.81545	3253.911	1	0	2602.661	0.4797701	0.5202299	
58.83067	3252.721	1	0	2601.581	0.485618	0.514382	
63.30222	3251.736	1	0	2601.031	0.4898867	0.5101133	
66.72474	3250.942	1	0	2600.667	0.4930325	0.5069675	
69.29514	3250.327	1	0	2600.467	0.4952983	0.5047017	
75.90739	3248.683	1	0	2599.958	0.5003652	0.4996348	
80.7837	3247.452	1	0	2599.523	0.5037945	0.4962055	
91.79587	3244.607	1	0	2598.463	0.5097188	0.4902812	
99.30207	3242.69	1	0	2597.707	0.513001	0.486999	
104.8664	3241.293	1	0	2597.087	0.5150554	0.4849446	
109.0352	3240.262	1	0	2596.6	0.5163822	0.4836178	
112.2996	3239.463	1	0	2596.205	0.5173156	0.4826844	
114.876	3238.834	1	0	2595.895	0.5179974	0.4820026	
121.7417	3237.214	1	0	2594.966	0.5195115	0.4804885	
126.8255	3236.043	1	0	2594.24	0.5204837	0.4795163	
130.6881	3235.159	1	0	2593.724	0.521165	0.478835	
133.5254	3234.513	1	0	2593.349	0.5216403	0.4783597	
135.7043	3234.02	1	0	2593.059	0.5219906	0.4780094	
137.3659	3233.644	1	0	2592.837	0.5222488	0.4777512	
141.9573	3232.625	1	0	2592.19	0.5228876	0.4771124	
145.454	3231.858	1	0	2591.695	0.5233276	0.4766724	
154.1123	3229.983	1	0	2590.493	0.5241688	0.4758312	
160.363	3228.642	1	0	2589.679	0.524666	0.475334	
165.2382	3227.628	1	0	2589.047	0.5249977	0.4750023	
168.8434	3226.885	1	0	2588.584	0.525214	0.474786	
178.1019	3225.098	1	0	2587.321	0.5256133	0.4743867	
184.5707	3223.877	1	0	2586.436	0.5258263	0.4741737	
189.4416	3222.985	1	0	2585.762	0.5259555	0.4740445	
192.9983	3222.347	1	0	2585.261	0.5260351	0.4739649	
195.6962	3221.872	1	0	2584.878	0.5260875	0.4739125	
197.7466	3221.515	1	0	2584.586	0.526123	0.473877	
203.3204	3220.559	1	0	2583.79	0.5261918	0.4738082	
207.3129	3219.888	1	0	2583.219	0.5262294	0.4737706	
210.2751	3219.391	1	0	2582.802	0.5262514	0.4737486	
218.186	3218.075	1	0	2581.736	0.526283	0.473717	
223.7237	3217.145	1	0	2581.029	0.526297	0.473703	
236.9781	3214.952	1	0	2579.49	0.5263157	0.4736843	
246.3542	3213.496	1	0	2578.46	0.5263459	0.4736541	
253.1009	3212.5	1	0	2577.724	0.5263721	0.4736279	
257.9406	3211.784	1	0	2577.208	0.5263903	0.4736097	
261.5521	3211.276	1	0	2576.822	0.5264037	0.4735963	
264.1823	3210.914	1	0	2576.54	0.526413	0.473587	
266.1196	3210.651	1	0	2576.331	0.5264194	0.4735806	
267.5557	3210.456	1	0	2576.176	0.5264239	0.4735761	
271.6087	3209.922	1	0	2575.739	0.5264334	0.4735666	
274.5826	3209.544	1	0	2575.415	0.5264405	0.4735595	
276.8141	3209.266	1	0	2575.17	0.5264464	0.4735536	
278.5186	3209.054	1	0	2574.983	0.5264508	0.4735492	
283.3364	3208.434	1	0	2574.467	0.5264622	0.4735378	
286.902	3208.002	1	0	2574.082	0.5264708	0.4735292	
289.542	3207.693	1	0	2573.794	0.526477	0.473523	
291.492	3207.468	1	0	2573.579	0.5264813	0.4735187	
292.9405	3207.303	1	0	2573.419	0.5264843	0.4735157	
294.0301	3207.178	1	0	2573.299	0.5264864	0.4735136	
294.8504	3207.085	1	0	2573.208	0.5264879	0.4735121	
297.2172	3206.808	1	0	2572.949	0.5264919	0.4735081	
303.6371	3206.022	1	0	2572.294	0.5265063	0.4734937	
308.4234	3205.415	1	0	2571.834	0.5265225	0.4734775	
320.5852	3203.819	1	0	2570.8	0.5266042	0.4733958	
329.3066	3202.715	1	0	2570.105	0.5266786	0.4733214	
335.5673	3201.922	1	0	2569.628	0.5267377	0.4732623	
340.6037	3201.329	1	0	2569.249	0.5267876	0.4732124	
344.3631	3200.898	1	0	2568.966	0.5268253	0.4731747	
347.0911	3200.591	1	0	2568.759	0.5268526	0.4731474	
349.3161	3200.34	1	0	2568.59	0.5268746	0.4731254	
355.5669	3199.66	1	0	2568.115	0.5269325	0.4730675	
360.1362	3199.187	1	0	2567.765	0.5269727	0.4730273	
363.5291	3198.831	1	0	2567.505	0.5270015	0.4729985	
372.5449	3197.909	1	0	2566.816	0.5270707	0.4729293	
379.0578	3197.267	1	0	2566.316	0.5271177	0.4728823	
383.8029	3196.814	1	0	2565.95	0.5271504	0.4728496	
387.3088	3196.492	1	0	2565.678	0.5271738	0.4728262	
389.8754	3196.256	1	0	2565.478	0.5271906	0.4728094	
396.934	3195.613	1	0	2564.925	0.5272331	0.4727669	
402.0795	3195.136	1	0	2564.526	0.5272629	0.4727371	
405.7792	3194.799	1	0	2564.241	0.5272842	0.4727158	
408.4598	3194.553	1	0	2564.037	0.5272997	0.4727003	
415.8283	3193.934	1	0	2563.473	0.5273422	0.4726578	
421.1209	3193.471	1	0	2563.073	0.5273726	0.4726274	
434.725	3192.215	1	0	2562.112	0.527455	0.472545	
443.9769	3191.363	1	0	2561.494	0.5275139	0.4724861	
450.6856	3190.725	1	0	2561.066	0.5275584	0.4724416	
468.0178	3189.142	1	0	2560.046	0.5276769	0.4723231	
480.6858	3187.95	1	0	2559.347	0.5277629	0.4722371	
500.6858	3186.156	1	0	2558.313	0.5278865	0.4721135	
514.1055	3184.954	1	0	2557.652	0.5279635	0.4720365	
534.1055	3183.196	1	0	2556.748	0.5280698	0.4719302	
554.1055	3181.503	1	0	2555.909	0.5281699	0.4718301	
574.1055	3179.889	1	0	2555.112	0.528262	0.471738	
594.1055	3178.356	1	0	2554.354	0.5283462	0.4716538	
614.1055	3176.901	1	0	2553.631	0.528423	0.471577	
634.1055	3175.521	1	0	2552.939	0.5284924	0.4715076	
654.1055	3174.21	1	0	2552.281	0.5285551	0.4714449	
674.1055	3172.962	1	0	2551.655	0.5286114	0.4713886	
694.1055	3171.775	1	0	2551.06	0.5286607	0.4713393	
714.1055	3170.638	1	0	2550.495	0.5287034	0.4712966	
734.1055	3169.531	1	0	2549.969	0.5287404	0.4712596	
754.1055	3168.456	1	0	2549.483	0.528772	0.471228	
774.1055	3167.386	1	0	2549.047	0.5287996	0.4712004	
794.1055	3166.349	1	0	2548.658	0.5288227	0.4711773	
814.1055	3165.349	1	0	2548.304	0.5288392	0.4711608	
834.1055	3164.378	1	0	2547.991	0.52885	0.47115	
854.1055	3163.491	1	0	2547.679	0.5288507	0.4711493	
874.1055	3162.64	1	0	2547.396	0.5288452	0.4711548	
894.1055	3161.898	1	0	2547.099	0.5288316	0.4711684	
904.1055	3161.538	1	0	2546.951	0.5288232	0.4711768	
922.0984	3160.855	1	0	2546.72	0.5288116	0.4711884	
930.8404	3160.543	1	0	2546.612	0.528807	0.471193	
939.0815	3160.245	1	0	2546.52	0.5288041	0.4711959	
946.2665	3160.002	1	0	2546.44	0.5288024	0.4711976	
964.7143	3159.451	1	0	2546.214	0.5287961	0.4712039	
969.7143	3159.305	1	0	2546.153	0.5287941	0.4712059	
982.871	3158.863	1	0	2546.035	0.5287944	0.4712056	
989.3655	3158.654	1	0	2545.981	0.5287964	0.4712036	
1004.542	3158.22	1	0	2545.849	0.528803	0.471197	
1014.542	3157.949	1	0	2545.758	0.5288067	0.4711933	
1034.542	3157.429	1	0	2545.585	0.5288136	0.4711864	
1054.542	3156.877	1	0	2545.46	0.528828	0.471172	
1074.542	3156.391	1	0	2545.327	0.5288425	0.4711575	
1094.542	3155.924	1	0	2545.214	0.5288581	0.4711419	
1114.542	3155.481	1	0	2545.098	0.5288721	0.4711279	
1122.103	3155.324	1	0	2545.053	0.528877	0.471123	
1141.724	3154.956	1	0	2544.928	0.5288858	0.4711142	
1161.724	3154.586	1	0	2544.821	0.5288954	0.4711046	
1181.724	3154.18	1	0	2544.777	0.5289129	0.4710871	
1200.227	3153.84	1	0	2544.72	0.5289256	0.4710744	
1212.544	3153.638	1	0	2544.673	0.5289303	0.4710697	
1232.544	3153.321	1	0	2544.61	0.5289331	0.4710669	
1252.544	3152.993	1	0	2544.585	0.5289371	0.4710629	
1258.486	3152.897	1	0	2544.579	0.5289384	0.4710616	
1272.652	3152.677	1	0	2544.568	0.5289396	0.4710604	
1292.652	3152.357	1	0	2544.577	0.5289378	0.4710622	
1312.652	3152.074	1	0	2544.564	0.5289257	0.4710743	
1332.652	3151.807	1	0	2544.551	0.5289044	0.4710956	
1342.652	3151.663	1	0	2544.552	0.5288926	0.4711074	
1345.734	3151.62	1	0	2544.552	0.5288889	0.4711111	
1354.262	3151.511	1	0	2544.551	0.5288774	0.4711226	
1374.262	3151.295	1	0	2544.533	0.5288401	0.4711599	
1394.262	3151.104	1	0	2544.492	0.5287906	0.4712094	
1400	3151.053	1	0	2544.48	0.5287754	0.4712246	
