Results for well: MSWell_1_Seg.out in the reservoir: MSWell_1_Seg.out

t	BHP	q(Gas)	q(Oil)	 q(Water)
days	psi	Mscf/d	stb/d	stb/d
0         	0         	-         	0         	0         	0         	

Seg No.	BHP	Temp	Vm(m/s)	Vsg	Vso	Vsw	alpha_G	alpha_O	alpha_W
Seg 0	4800	40.33	85.7679	0	72.2485	13.5194	0	0.842372	0.157628
Seg 1	4800	40.33	19.6797	0	16.5777	3.10208	0	0.842372	0.157628
Seg 2	4800	40.33	19.6797	0	16.5777	3.10208	0	0.842372	0.157628
Seg 3	4800	40.33	19.6797	0	16.5777	3.10208	0	0.842372	0.157628
Seg 4	4800	40.33	19.6797	0	16.5777	3.10208	0	0.842372	0.157628
Seg 5	4800	40.33	19.6797	0	16.5777	3.10208	0	0.842372	0.157628
Seg 6	4800	40.33	19.6797	0	16.5777	3.10208	0	0.842372	0.157628
Seg 7	4800	40.33	19.6797	0	16.5777	3.10208	0	0.842372	0.157628
Seg 8	4800	40.33	9.83987	0	8.28883	1.55104	0	0.842372	0.157628
Seg 9	4800	40.33	9.83987	0	8.28883	1.55104	0	0.842372	0.157628
Seg 10	4800	40.33	9.83987	0	8.28883	1.55104	0	0.842372	0.157628
Seg 11	4800	40.33	9.83987	0	8.28883	1.55104	0	0.842372	0.157628
Seg 12	4800	40.33	9.83987	0	8.28883	1.55104	0	0.842372	0.157628
Seg 13	4800	40.33	9.83987	0	8.28883	1.55104	0	0.842372	0.157628
Seg 14	4800	40.33	9.83987	0	8.28883	1.55104	0	0.842372	0.157628
Seg 15	4800	40.33	9.83987	0	8.28883	1.55104	0	0.842372	0.157628
Seg 16	4813.1	40.33	66.0881	0	55.6708	10.4173	0	0.842372	0.157628
Seg 17	4826.2	40.33	66.0881	0	55.6708	10.4173	0	0.842372	0.157628
Seg 18	4839.3	40.33	21.9747	0	18.5109	3.46384	0	0.842372	0.157628
Seg 19	4852.4	40.33	21.9747	0	18.5109	3.46384	0	0.842372	0.157628
Seg 20	4826.2	40.33	44.1134	0	37.1599	6.95351	0	0.842372	0.157628
Seg 21	4826.2	40.33	44.1134	0	37.1599	6.95351	0	0.842372	0.157628
Seg 22	4826.2	40.33	44.1134	0	37.1599	6.95351	0	0.842372	0.157628
Seg 23	4826.2	40.33	44.1134	0	37.1599	6.95351	0	0.842372	0.157628
Seg 24	4826.2	40.33	44.1134	0	37.1599	6.95351	0	0.842372	0.157628
Seg 25	4826.2	40.33	44.1134	0	37.1599	6.95351	0	0.842372	0.157628
Seg 26	4826.2	40.33	44.1134	0	37.1599	6.95351	0	0.842372	0.157628
Seg 27	4826.2	40.33	22.0567	0	18.5799	3.47676	0	0.842372	0.157628
Seg 28	4826.2	40.33	22.0567	0	18.5799	3.47676	0	0.842372	0.157628
Seg 29	4826.2	40.33	22.0567	0	18.5799	3.47676	0	0.842372	0.157628
Seg 30	4826.2	40.33	22.0567	0	18.5799	3.47676	0	0.842372	0.157628
Seg 31	4826.2	40.33	22.0567	0	18.5799	3.47676	0	0.842372	0.157628
Seg 32	4826.2	40.33	22.0567	0	18.5799	3.47676	0	0.842372	0.157628
Seg 33	4826.2	40.33	22.0567	0	18.5799	3.47676	0	0.842372	0.157628
Seg 34	4826.2	40.33	22.0567	0	18.5799	3.47676	0	0.842372	0.157628


0.01      	4800      	-         	3125.76   	2718.05   	850.65    	

Seg No.	BHP	Temp	Vm(m/s)	Vsg	Vso	Vsw	alpha_G	alpha_O	alpha_W
Seg 0	4800	40.33	2.26962	0.0715294	1.85089	0.347201	0.031516	0.815506	0.152978
Seg 1	4800.01	40.33	2.87867	0.0876137	2.34983	0.441227	0.0304324	0.816293	0.153275
Seg 2	4882.28	40.33	2.85358	0.0620051	2.35045	0.441118	0.0217267	0.823689	0.154584
Seg 3	4963.83	40.33	2.83003	0.0404943	2.34895	0.440586	0.0143073	0.83001	0.155682
Seg 4	5044.74	40.33	2.80798	0.0189076	2.34885	0.440215	0.00673285	0.836494	0.156773
Seg 5	5125.15	40.33	2.78966	0	2.34965	0.440004	0	0.842273	0.157727
Seg 6	5205.57	40.33	2.7882	0	2.34827	0.439933	0	0.842216	0.157784
Seg 7	5287.02	40.33	2.78688	3.88918e-015	2.347	0.439875	1.39539e-015	0.842162	0.157838
Seg 8	5294.85	40.33	0.867809	4.49071e-016	0.729685	0.138124	5.17306e-016	0.840836	0.159164
Seg 9	5302.72	40.33	0.870077	5.25655e-016	0.731707	0.138371	6.03949e-016	0.840967	0.159033
Seg 10	5310.64	40.33	0.872362	6.7391e-016	0.733762	0.138599	7.72258e-016	0.841122	0.158878
Seg 11	5318.6	40.33	0.874662	7.83705e-016	0.735856	0.138806	8.95715e-016	0.841303	0.158697
Seg 12	5326.6	40.33	0.876979	9.71011e-016	0.73799	0.138988	1.10686e-015	0.841514	0.158486
Seg 13	5334.64	40.33	0.879311	1.06607e-015	0.74017	0.139141	1.21199e-015	0.841761	0.158239
Seg 14	5342.72	40.33	0.88166	1.24613e-015	0.7424	0.13926	1.41293e-015	0.842048	0.157952
Seg 15	5351	40.33	0.884024	1.51778e-015	0.744685	0.139338	1.71635e-015	0.842382	0.157618
Seg 16	4949.46	40.33	7.58745	0.127458	6.28337	1.17662	0.0160012	0.828619	0.15538
Seg 17	5097.33	40.33	7.47533	0.0130424	6.28623	1.17605	0.00166039	0.838159	0.160181
Seg 18	5193.57	40.33	5.84583	7.85174e-010	4.92493	0.920897	1.26135e-010	0.838339	0.161661
Seg 19	5296.14	40.33	5.83681	5.03836e-010	4.91612	0.920688	8.10708e-011	0.838095	0.161905
Seg 20	5097.34	40.33	1.61255	0.00281515	1.3548	0.254937	0.00174547	0.840159	0.158096
Seg 21	5147.08	40.33	1.60899	2.4116e-010	1.35409	0.254899	1.49856e-010	0.841578	0.158422
Seg 22	5196.9	40.33	1.60963	2.00405e-010	1.35464	0.254994	1.24481e-010	0.841582	0.158418
Seg 23	5246.8	40.33	1.61038	1.57061e-010	1.35528	0.255092	9.7513e-011	0.841595	0.158405
Seg 24	5296.78	40.33	1.61123	1.10886e-010	1.35603	0.255191	6.88089e-011	0.841617	0.158383
Seg 25	5346.86	40.33	1.61218	6.16238e-011	1.35689	0.255291	3.82171e-011	0.841649	0.158351
Seg 26	5397.42	40.33	1.61323	1.66737e-011	1.35784	0.255389	1.03338e-011	0.841691	0.158309
Seg 27	5400.19	40.33	0.37734	1.23038e-012	0.317007	0.060333	3.25819e-012	0.84011	0.15989
Seg 28	5403	40.33	0.379745	1.23616e-012	0.319055	0.06069	3.25277e-012	0.840182	0.159818
Seg 29	5405.84	40.33	0.382156	1.23318e-012	0.321119	0.0610368	3.22448e-012	0.840283	0.159717
Seg 30	5408.72	40.33	0.384573	1.21822e-012	0.323203	0.0613697	3.16536e-012	0.840421	0.159579
Seg 31	5411.64	40.33	0.386995	1.18685e-012	0.325312	0.0616832	3.06456e-012	0.84061	0.15939
Seg 32	5414.59	40.33	0.389424	1.13321e-012	0.327453	0.0619703	2.90782e-012	0.840867	0.159133
Seg 33	5417.58	40.33	0.391858	1.04922e-012	0.329637	0.0622213	2.67559e-012	0.841215	0.158785
Seg 34	5420.63	40.33	0.394298	6.89615e-013	0.331875	0.0624234	1.7477e-012	0.841685	0.158315


0.11      	4800      	-         	3100.49   	2696.08   	843.655   	

Seg No.	BHP	Temp	Vm(m/s)	Vsg	Vso	Vsw	alpha_G	alpha_O	alpha_W
Seg 0	4800	40.33	2.26754	0.0738401	1.8485	0.345198	0.032564	0.815201	0.152235
Seg 1	4800.01	40.33	2.87611	0.0936753	2.34584	0.4366	0.0325669	0.815631	0.151803
Seg 2	4881.96	40.33	2.85105	0.0681021	2.34646	0.436492	0.0238843	0.823017	0.153099
Seg 3	4963.22	40.33	2.82703	0.0436098	2.34706	0.436364	0.0154244	0.830221	0.154354
Seg 4	5043.82	40.33	2.80401	0.0201012	2.34767	0.43624	0.007168	0.837255	0.155577
Seg 5	5123.84	40.33	2.78395	0	2.34783	0.436118	0	0.843346	0.156654
Seg 6	5203.76	40.33	2.78051	0	2.34452	0.435998	0	0.843195	0.156805
Seg 7	5284.58	40.33	2.77704	0	2.34116	0.435878	0	0.843042	0.156958
Seg 8	5292.6	40.33	0.879152	0	0.741028	0.138124	0	0.84289	0.15711
Seg 9	5300.63	40.33	0.879042	0	0.740951	0.138091	0	0.842907	0.157093
Seg 10	5308.66	40.33	0.878933	0	0.740872	0.138061	0	0.842922	0.157078
Seg 11	5316.68	40.33	0.878823	0	0.740791	0.138032	0	0.842935	0.157065
Seg 12	5324.7	40.33	0.878714	0	0.740708	0.138006	0	0.842946	0.157054
Seg 13	5332.73	40.33	0.878604	0	0.740622	0.137982	0	0.842953	0.157047
Seg 14	5340.75	40.33	0.878495	0	0.740533	0.137962	0	0.842957	0.157043
Seg 15	5348.91	40.33	0.878384	0	0.740438	0.137946	0	0.842955	0.157045
Seg 16	4949.2	40.33	7.5805	0.127878	6.27801	1.17461	0.0160681	0.828686	0.155245
Seg 17	5096.8	40.33	7.46854	0.0134617	6.28099	1.17409	0.00171526	0.838233	0.160052
Seg 18	5192.7	40.33	5.83336	0	4.91345	0.919915	0	0.838165	0.161835
Seg 19	5294.89	40.33	5.82416	0	4.90453	0.919633	0	0.837921	0.162079
Seg 20	5096.81	40.33	1.61783	0.00291493	1.36101	0.253906	0.00180144	0.841256	0.156943
Seg 21	5146.84	40.33	1.61417	2.55608e-013	1.36031	0.253868	1.58324e-013	0.842726	0.157274
Seg 22	5196.82	40.33	1.61293	0	1.35911	0.253814	0	0.842638	0.157362
Seg 23	5246.77	40.33	1.61168	0	1.35792	0.253761	0	0.842549	0.157451
Seg 24	5296.67	40.33	1.61044	0	1.35673	0.253709	0	0.84246	0.15754
Seg 25	5346.55	40.33	1.6092	0	1.35554	0.253659	0	0.842369	0.157631
Seg 26	5396.75	40.33	1.60795	0	1.35434	0.253611	0	0.842277	0.157723
Seg 27	5399.69	40.33	0.389175	1.59436e-013	0.327664	0.0615109	4.09377e-013	0.841945	0.158055
Seg 28	5402.64	40.33	0.389157	1.35392e-013	0.327672	0.0614845	3.47654e-013	0.842006	0.157994
Seg 29	5405.58	40.33	0.389139	1.10719e-013	0.327681	0.0614582	2.84315e-013	0.842066	0.157934
Seg 30	5408.53	40.33	0.389121	8.56845e-014	0.327689	0.0614325	2.20038e-013	0.842125	0.157875
Seg 31	5411.47	40.33	0.389103	6.07408e-014	0.327696	0.0614079	1.5599e-013	0.842181	0.157819
Seg 32	5414.42	40.33	0.389086	3.6486e-014	0.327701	0.0613852	9.37047e-014	0.842232	0.157768
Seg 33	5417.36	40.33	0.389068	1.369e-014	0.327703	0.0613654	3.51609e-014	0.842276	0.157724
Seg 34	5420.33	40.33	0.38905	0	0.3277	0.0613498	0	0.842309	0.157691


0.398618  	4800      	-         	3093.84   	2690.29   	841.866   	

Seg No.	BHP	Temp	Vm(m/s)	Vsg	Vso	Vsw	alpha_G	alpha_O	alpha_W
Seg 0	4800	40.33	2.26269	0.0737048	1.84463	0.344348	0.032574	0.815241	0.152185
Seg 1	4800.01	40.33	2.86912	0.0935542	2.3415	0.434074	0.032604	0.816104	0.151292
Seg 2	4881.53	40.33	2.84424	0.0681577	2.34211	0.433967	0.023961	0.823461	0.152578
Seg 3	4962.38	40.33	2.82038	0.0437998	2.34272	0.433859	0.0155282	0.830642	0.15383
Seg 4	5042.56	40.33	2.79751	0.0204288	2.34333	0.433752	0.00730176	0.837649	0.155049
Seg 5	5122.17	40.33	2.77721	0	2.34356	0.433645	0	0.843856	0.156144
Seg 6	5201.68	40.33	2.77379	0	2.34025	0.433539	0	0.843702	0.156298
Seg 7	5282.07	40.33	2.77035	0	2.33691	0.433432	0	0.843546	0.156454
Seg 8	5290.14	40.33	0.88169	0	0.743698	0.137992	0	0.843491	0.156509
Seg 9	5298.21	40.33	0.88158	0	0.743594	0.137986	0	0.843479	0.156521
Seg 10	5306.28	40.33	0.88147	0	0.74349	0.13798	0	0.843466	0.156534
Seg 11	5314.35	40.33	0.881359	0	0.743386	0.137974	0	0.843453	0.156547
Seg 12	5322.41	40.33	0.881249	0	0.743281	0.137968	0	0.84344	0.15656
Seg 13	5330.48	40.33	0.881139	0	0.743177	0.137962	0	0.843427	0.156573
Seg 14	5338.54	40.33	0.881029	0	0.743073	0.137957	0	0.843414	0.156586
Seg 15	5346.75	40.33	0.880917	0	0.742966	0.137951	0	0.843401	0.156599
Seg 16	4948.73	40.33	7.56653	0.12796	6.26359	1.17498	0.0161066	0.828319	0.155575
Seg 17	5095.87	40.33	7.45515	0.0141294	6.26656	1.17446	0.00180341	0.837818	0.160378
Seg 18	5191.47	40.33	5.82146	0	4.90059	0.920869	0	0.837663	0.162337
Seg 19	5293.34	40.33	5.81231	0	4.89173	0.920588	0	0.837416	0.162584
Seg 20	5095.88	40.33	1.61596	0.00306342	1.35957	0.253328	0.00189539	0.841338	0.156767
Seg 21	5145.78	40.33	1.61219	0	1.3589	0.25329	0	0.84289	0.15711
Seg 22	5195.63	40.33	1.61095	0	1.3577	0.253252	0	0.842793	0.157207
Seg 23	5245.45	40.33	1.60971	0	1.35649	0.253213	0	0.842696	0.157304
Seg 24	5295.23	40.33	1.60847	0	1.35529	0.253174	0	0.842599	0.157401
Seg 25	5344.98	40.33	1.60723	0	1.3541	0.253136	0	0.842502	0.157498
Seg 26	5395.05	40.33	1.60599	0	1.35289	0.253097	0	0.842404	0.157596
Seg 27	5398.07	40.33	0.394001	0	0.331893	0.0621078	0	0.842366	0.157634
Seg 28	5401.08	40.33	0.393982	0	0.331877	0.0621052	0	0.842365	0.157635
Seg 29	5404.1	40.33	0.393964	0	0.331861	0.0621029	0	0.842364	0.157636
Seg 30	5407.12	40.33	0.393945	0	0.331844	0.0621009	0	0.842362	0.157638
Seg 31	5410.14	40.33	0.393927	0	0.331827	0.0620991	0	0.842359	0.157641
Seg 32	5413.15	40.33	0.393908	0	0.33181	0.0620977	0	0.842355	0.157645
Seg 33	5416.17	40.33	0.39389	0	0.331793	0.0620965	0	0.84235	0.15765
Seg 34	5419.21	40.33	0.393871	0	0.331775	0.0620956	0	0.842345	0.157655


1.23799   	4800      	-         	3083.48   	2681.28   	839.361   	

Seg No.	BHP	Temp	Vm(m/s)	Vsg	Vso	Vsw	alpha_G	alpha_O	alpha_W
Seg 0	4800	40.33	2.25524	0.0734585	1.83846	0.343319	0.0325724	0.815196	0.152232
Seg 1	4800.01	40.33	2.8622	0.0934598	2.33911	0.429625	0.0326499	0.817246	0.150104
Seg 2	4881.07	40.33	2.83747	0.0682298	2.33972	0.42952	0.0240436	0.824582	0.151375
Seg 3	4961.46	40.33	2.81377	0.0440261	2.34033	0.429414	0.0156451	0.831743	0.152612
Seg 4	5041.2	40.33	2.79104	0.0207979	2.34093	0.429309	0.00745089	0.838732	0.153817
Seg 5	5120.35	40.33	2.77045	0	2.34125	0.429205	0	0.845078	0.154922
Seg 6	5199.41	40.33	2.76706	0	2.33796	0.429101	0	0.844925	0.155075
Seg 7	5279.35	40.33	2.76364	0	2.33464	0.428996	0	0.844771	0.155229
Seg 8	5287.45	40.33	0.88387	0	0.746615	0.137255	0	0.844711	0.155289
Seg 9	5295.55	40.33	0.883759	0	0.746509	0.13725	0	0.844698	0.155302
Seg 10	5303.66	40.33	0.883648	0	0.746404	0.137245	0	0.844684	0.155316
Seg 11	5311.76	40.33	0.883538	0	0.746298	0.137239	0	0.844671	0.155329
Seg 12	5319.86	40.33	0.883427	0	0.746193	0.137234	0	0.844657	0.155343
Seg 13	5327.95	40.33	0.883316	0	0.746087	0.137228	0	0.844644	0.155356
Seg 14	5336.05	40.33	0.883205	0	0.745982	0.137223	0	0.844631	0.155369
Seg 15	5344.3	40.33	0.883092	0	0.745875	0.137218	0	0.844617	0.155383
Seg 16	4947.77	40.33	7.53694	0.128038	6.23033	1.17856	0.0161767	0.827173	0.15665
Seg 17	5093.99	40.33	7.42678	0.0154659	6.23327	1.17804	0.00198115	0.836561	0.161458
Seg 18	5188.94	40.33	5.79498	0	4.87	0.924983	0	0.836189	0.163811
Seg 19	5290.1	40.33	5.78595	0	4.86125	0.924702	0	0.835933	0.164067
Seg 20	5094	40.33	1.61332	0.0033653	1.35716	0.252799	0.00208557	0.84122	0.156695
Seg 21	5143.71	40.33	1.60931	0	1.35655	0.252761	0	0.842938	0.157062
Seg 22	5193.39	40.33	1.60807	0	1.35535	0.252723	0	0.842841	0.157159
Seg 23	5243.03	40.33	1.60684	0	1.35415	0.252685	0	0.842744	0.157256
Seg 24	5292.63	40.33	1.60561	0	1.35296	0.252648	0	0.842647	0.157353
Seg 25	5342.19	40.33	1.60438	0	1.35177	0.25261	0	0.84255	0.15745
Seg 26	5392.08	40.33	1.60314	0	1.35057	0.252572	0	0.842452	0.157548
Seg 27	5395.18	40.33	0.399281	0	0.336362	0.0629191	0	0.842419	0.157581
Seg 28	5398.28	40.33	0.399262	0	0.336343	0.0629185	0	0.842413	0.157587
Seg 29	5401.38	40.33	0.399243	0	0.336325	0.0629178	0	0.842407	0.157593
Seg 30	5404.47	40.33	0.399224	0	0.336306	0.0629171	0	0.842401	0.157599
Seg 31	5407.57	40.33	0.399204	0	0.336288	0.0629165	0	0.842395	0.157605
Seg 32	5410.67	40.33	0.399185	0	0.336269	0.0629158	0	0.842389	0.157611
Seg 33	5413.77	40.33	0.399166	0	0.336251	0.0629152	0	0.842383	0.157617
Seg 34	5416.89	40.33	0.399147	0	0.336232	0.0629145	0	0.842377	0.157623


3.65548   	4800      	-         	3058.76   	2659.79   	833.722   	

Seg No.	BHP	Temp	Vm(m/s)	Vsg	Vso	Vsw	alpha_G	alpha_O	alpha_W
Seg 0	4800	40.33	2.2376	0.0728696	1.82372	0.341012	0.0325659	0.815033	0.152401
Seg 1	4800.01	40.33	2.84747	0.0933425	2.33617	0.417961	0.0327775	0.820439	0.146784
Seg 2	4880.06	40.33	2.82309	0.0684553	2.33677	0.417861	0.0242459	0.827738	0.148016
Seg 3	4959.44	40.33	2.7997	0.0445691	2.33737	0.417759	0.0159176	0.834866	0.149216
Seg 4	5038.19	40.33	2.77726	0.0216341	2.33796	0.417658	0.00778894	0.841826	0.150385
Seg 5	5116.34	40.33	2.75603	1.21796e-012	2.33847	0.417558	4.4188e-013	0.848493	0.151507
Seg 6	5194.39	40.33	2.75269	1.51635e-012	2.33523	0.417458	5.50802e-013	0.848345	0.151655
Seg 7	5273.31	40.33	2.74932	1.80718e-012	2.33196	0.417357	6.5725e-013	0.848196	0.151804
Seg 8	5281.43	40.33	0.885432	5.51287e-013	0.750959	0.134473	6.22418e-013	0.848128	0.151872
Seg 9	5289.54	40.33	0.885321	5.22604e-013	0.750853	0.134467	5.90107e-013	0.848114	0.151886
Seg 10	5297.65	40.33	0.885209	4.93989e-013	0.750747	0.134462	5.57867e-013	0.848101	0.151899
Seg 11	5305.76	40.33	0.885097	4.65445e-013	0.75064	0.134457	5.25698e-013	0.848088	0.151912
Seg 12	5313.87	40.33	0.884986	4.37029e-013	0.750534	0.134452	4.93667e-013	0.848075	0.151925
Seg 13	5321.98	40.33	0.884874	4.08685e-013	0.750428	0.134446	4.61707e-013	0.848062	0.151938
Seg 14	5330.08	40.33	0.884763	3.80286e-013	0.750322	0.134441	4.29678e-013	0.848048	0.151952
Seg 15	5338.34	40.33	0.884649	3.50782e-013	0.750214	0.134436	3.96392e-013	0.848035	0.151965
Seg 16	4945.45	40.33	7.46323	0.128097	6.14474	1.19039	0.0163363	0.823907	0.159757
Seg 17	5089.41	40.33	7.35611	0.0186405	6.14759	1.18988	0.00240954	0.833006	0.164585
Seg 18	5182.77	40.33	5.72876	6.39137e-010	4.79072	0.93804	1.04633e-010	0.831951	0.168049
Seg 19	5282.24	40.33	5.72001	3.13007e-010	4.78225	0.93776	5.13234e-011	0.83167	0.16833
Seg 20	5089.42	40.33	1.60713	0.00409592	1.35146	0.251575	0.00254813	0.840916	0.156536
Seg 21	5138.71	40.33	1.60253	2.21805e-010	1.351	0.251537	1.38384e-010	0.843038	0.156962
Seg 22	5187.96	40.33	1.60131	1.79248e-010	1.34981	0.2515	1.11918e-010	0.842941	0.157059
Seg 23	5237.18	40.33	1.6001	1.37485e-010	1.34863	0.251463	8.59073e-011	0.842845	0.157155
Seg 24	5286.36	40.33	1.59888	9.64956e-011	1.34745	0.251426	6.03412e-011	0.842749	0.157251
Seg 25	5335.5	40.33	1.59767	5.62619e-011	1.34628	0.251389	3.52087e-011	0.842653	0.157347
Seg 26	5384.96	40.33	1.59645	1.61675e-011	1.34509	0.251351	1.01254e-011	0.842556	0.157444
Seg 27	5388.16	40.33	0.406113	3.68449e-012	0.342154	0.0639588	9.06618e-012	0.84251	0.15749
Seg 28	5391.37	40.33	0.406093	3.28037e-012	0.342135	0.0639581	8.07219e-012	0.842504	0.157496
Seg 29	5394.57	40.33	0.406073	2.87615e-012	0.342115	0.0639574	7.07786e-012	0.842498	0.157502
Seg 30	5397.78	40.33	0.406052	2.47188e-012	0.342096	0.0639568	6.0833e-012	0.842491	0.157509
Seg 31	5400.98	40.33	0.406032	2.06754e-012	0.342076	0.0639561	5.08846e-012	0.842485	0.157515
Seg 32	5404.18	40.33	0.406012	1.66312e-012	0.342057	0.0639554	4.09335e-012	0.842479	0.157521
Seg 33	5407.39	40.33	0.405992	1.2586e-012	0.342037	0.0639548	3.09788e-012	0.842473	0.157527
Seg 34	5410.62	40.33	0.405972	8.31939e-013	0.342017	0.0639541	2.04781e-012	0.842467	0.157533


10.2537   	4800      	-         	2994.79   	2604.16   	819.808   	

Seg No.	BHP	Temp	Vm(m/s)	Vsg	Vso	Vsw	alpha_G	alpha_O	alpha_W
Seg 0	4800	40.33	2.19225	0.0713456	1.78558	0.335321	0.0325445	0.814498	0.152958
Seg 1	4800.01	40.33	2.80601	0.092906	2.32525	0.387859	0.0331062	0.828669	0.138225
Seg 2	4877.28	40.33	2.78258	0.0689812	2.32583	0.387769	0.0247878	0.835856	0.139356
Seg 3	4953.92	40.33	2.76007	0.0459884	2.3264	0.387678	0.0166603	0.84288	0.14046
Seg 4	5029.97	40.33	2.73844	0.02388	2.32697	0.387587	0.00871939	0.849745	0.141536
Seg 5	5105.44	40.33	2.71761	0.00257766	2.32754	0.387497	0.000948401	0.856464	0.142587
Seg 6	5180.76	40.33	2.71229	1.26664e-011	2.32488	0.387407	4.6695e-012	0.857166	0.142834
Seg 7	5256.91	40.33	2.70905	1.50844e-011	2.32173	0.387317	5.56757e-012	0.857029	0.142971
Seg 8	5264.91	40.33	0.882123	4.76616e-012	0.755946	0.126176	5.40131e-012	0.856963	0.143037
Seg 9	5272.92	40.33	0.882012	4.6261e-012	0.755841	0.126172	5.24324e-012	0.85695	0.14305
Seg 10	5280.92	40.33	0.881902	4.48648e-012	0.755735	0.126167	5.08563e-012	0.856938	0.143062
Seg 11	5288.92	40.33	0.881791	4.34729e-012	0.755629	0.126162	4.92847e-012	0.856926	0.143074
Seg 12	5296.92	40.33	0.88168	4.20848e-012	0.755524	0.126157	4.77169e-012	0.856913	0.143087
Seg 13	5304.92	40.33	0.88157	4.07015e-012	0.755418	0.126152	4.61543e-012	0.856901	0.143099
Seg 14	5312.92	40.33	0.881459	3.93237e-012	0.755313	0.126147	4.45975e-012	0.856889	0.143111
Seg 15	5321.06	40.33	0.881347	3.73031e-012	0.755205	0.126142	4.23113e-012	0.856876	0.143124
Seg 16	4939.85	40.33	7.28118	0.127875	5.93075	1.22256	0.0166955	0.815193	0.168112
Seg 17	5078.35	40.33	7.18134	0.025901	5.93339	1.22205	0.00342515	0.823583	0.172992
Seg 18	5168.06	40.33	5.57056	1.65256e-009	4.59646	0.974102	2.77687e-010	0.820528	0.179472
Seg 19	5263.59	40.33	5.56248	8.18857e-010	4.58866	0.973823	1.37798e-010	0.820179	0.179821
Seg 20	5078.37	40.33	1.58661	0.00581766	1.3331	0.247685	0.00366607	0.840224	0.15611
Seg 21	5126.3	40.33	1.58063	5.89304e-010	1.33298	0.247649	3.7276e-010	0.843323	0.156677
Seg 22	5174.2	40.33	1.57946	4.79132e-010	1.33185	0.247613	3.03296e-010	0.843229	0.156771
Seg 23	5222.07	40.33	1.57829	3.71159e-010	1.33072	0.247578	2.35122e-010	0.843136	0.156864
Seg 24	5269.9	40.33	1.57713	2.65329e-010	1.32959	0.247542	1.68205e-010	0.843042	0.156958
Seg 25	5317.7	40.33	1.57596	1.61593e-010	1.32846	0.247506	1.02517e-010	0.842949	0.157051
Seg 26	5365.8	40.33	1.57479	4.90421e-011	1.32732	0.247471	3.11363e-011	0.842855	0.157145
Seg 27	5369.11	40.33	0.412902	1.16365e-011	0.347991	0.0649102	2.81627e-011	0.842795	0.157205
Seg 28	5372.42	40.33	0.41288	1.04354e-011	0.347971	0.0649095	2.52571e-011	0.842789	0.157211
Seg 29	5375.73	40.33	0.412859	9.23565e-012	0.34795	0.0649088	2.23545e-011	0.842782	0.157218
Seg 30	5379.04	40.33	0.412838	8.03717e-012	0.34793	0.0649081	1.94546e-011	0.842776	0.157224
Seg 31	5382.35	40.33	0.412817	6.83996e-012	0.347909	0.0649074	1.65575e-011	0.84277	0.15723
Seg 32	5385.66	40.33	0.412796	5.64399e-012	0.347889	0.0649067	1.36631e-011	0.842763	0.157237
Seg 33	5388.97	40.33	0.412774	4.44939e-012	0.347869	0.064906	1.07717e-011	0.842757	0.157243
Seg 34	5392.31	40.33	0.412753	3.57213e-012	0.347848	0.0649052	8.64839e-012	0.84275	0.15725


20.2537   	4800      	-         	2899.78   	2521.55   	800.323   	

Seg No.	BHP	Temp	Vm(m/s)	Vsg	Vso	Vsw	alpha_G	alpha_O	alpha_W
Seg 0	4800	40.33	2.12537	0.0690823	1.72894	0.327351	0.0325036	0.813476	0.15402
Seg 1	4800.01	40.33	2.74011	0.0919729	2.30189	0.346248	0.0335619	0.840075	0.126363
Seg 2	4873.08	40.33	2.71816	0.0695552	2.30243	0.346172	0.0255864	0.847058	0.127356
Seg 3	4945.59	40.33	2.69703	0.0479676	2.30297	0.346095	0.0177834	0.853892	0.128324
Seg 4	5017.55	40.33	2.67669	0.027163	2.30351	0.346018	0.0101469	0.860582	0.129271
Seg 5	5088.98	40.33	2.65708	0.00710436	2.30404	0.345942	0.00267345	0.86713	0.130196
Seg 6	5160.18	40.33	2.64823	2.27285e-011	2.30237	0.345866	8.58158e-012	0.869397	0.130603
Seg 7	5232.16	40.33	2.64521	2.64987e-011	2.29942	0.345789	1.00165e-011	0.869277	0.130723
Seg 8	5239.88	40.33	0.869807	8.5631e-012	0.756071	0.113736	9.84159e-012	0.86924	0.13076
Seg 9	5247.59	40.33	0.869701	8.41562e-012	0.755969	0.113732	9.67328e-012	0.869229	0.130771
Seg 10	5255.31	40.33	0.869595	8.26877e-012	0.755867	0.113727	9.50564e-012	0.869218	0.130782
Seg 11	5263.02	40.33	0.869488	8.12236e-012	0.755765	0.113723	9.33847e-012	0.869207	0.130793
Seg 12	5270.73	40.33	0.869382	7.97644e-012	0.755663	0.113719	9.17183e-012	0.869196	0.130804
Seg 13	5278.44	40.33	0.869276	7.83108e-012	0.755561	0.113714	9.00578e-012	0.869185	0.130815
Seg 14	5286.15	40.33	0.869169	7.68633e-012	0.755459	0.11371	8.8404e-012	0.869174	0.130826
Seg 15	5294	40.33	0.869061	7.11442e-012	0.755356	0.113706	8.18365e-012	0.869163	0.130837
Seg 16	4932.09	40.33	7.02232	0.126955	5.62899	1.26638	0.017155	0.802339	0.180506
Seg 17	5063.03	40.33	6.93228	0.0350369	5.63137	1.26588	0.00479044	0.809805	0.185405
Seg 18	5147.85	40.33	5.3516	1.92099e-009	4.32713	1.02447	3.35043e-010	0.803512	0.196488
Seg 19	5238.09	40.33	5.34438	9.43011e-010	4.3202	1.02419	1.64684e-010	0.803059	0.196941
Seg 20	5063.05	40.33	1.55165	0.00810154	1.3024	0.241153	0.00522026	0.839363	0.155417
Seg 21	5108.78	40.33	1.54463	0.000921856	1.30259	0.24112	0.000596702	0.843301	0.156102
Seg 22	5154.45	40.33	1.54278	5.92722e-010	1.30169	0.241086	3.84119e-010	0.843732	0.156268
Seg 23	5200.1	40.33	1.54169	4.95014e-010	1.30064	0.241053	3.21025e-010	0.843643	0.156357
Seg 24	5245.71	40.33	1.5406	3.99351e-010	1.29958	0.24102	2.59169e-010	0.843555	0.156445
Seg 25	5291.29	40.33	1.53952	3.05685e-010	1.29853	0.240987	1.98522e-010	0.843466	0.156534
Seg 26	5337.17	40.33	1.53842	5.27834e-011	1.29747	0.240954	3.43036e-011	0.843376	0.156624
Seg 27	5340.47	40.33	0.412494	1.29524e-011	0.347865	0.0646296	3.13785e-011	0.84332	0.15668
Seg 28	5343.77	40.33	0.412473	1.17574e-011	0.347844	0.0646288	2.84849e-011	0.843314	0.156686
Seg 29	5347.07	40.33	0.412452	1.05642e-011	0.347824	0.0646281	2.55954e-011	0.843307	0.156693
Seg 30	5350.37	40.33	0.412431	9.37291e-012	0.347803	0.0646274	2.27102e-011	0.843301	0.156699
Seg 31	5353.67	40.33	0.41241	8.18351e-012	0.347783	0.0646267	1.98294e-011	0.843295	0.156705
Seg 32	5356.97	40.33	0.412389	6.99594e-012	0.347763	0.064626	1.69527e-011	0.843289	0.156711
Seg 33	5360.27	40.33	0.412367	5.81031e-012	0.347742	0.0646253	1.40803e-011	0.843282	0.156718
Seg 34	5363.6	40.33	0.412346	5.0986e-012	0.347722	0.0646245	1.23563e-011	0.843276	0.156724


30.2537   	4800      	-         	2805.25   	2439.35   	781.868   	

Seg No.	BHP	Temp	Vm(m/s)	Vsg	Vso	Vsw	alpha_G	alpha_O	alpha_W
Seg 0	4800	40.33	2.05921	0.0668302	1.67257	0.319801	0.0324543	0.812242	0.155303
Seg 1	4800.01	40.33	2.67198	0.0907946	2.2724	0.308783	0.0339767	0.850459	0.115564
Seg 2	4868.97	40.33	2.65151	0.0698922	2.2729	0.308719	0.0263565	0.857212	0.116431
Seg 3	4937.42	40.33	2.63178	0.0497237	2.2734	0.308654	0.0188915	0.863829	0.11728
Seg 4	5005.37	40.33	2.61274	0.0302476	2.2739	0.308589	0.0115757	0.870315	0.11811
Seg 5	5072.84	40.33	2.59437	0.0114449	2.2744	0.308525	0.00441097	0.876668	0.118921
Seg 6	5140	40.33	2.58214	1.58559e-011	2.27368	0.308461	6.13993e-012	0.880541	0.119459
Seg 7	5207.9	40.33	2.57934	1.83264e-011	2.27094	0.308396	7.1043e-012	0.880436	0.119564
Seg 8	5215.28	40.33	0.854055	5.98063e-012	0.751941	0.102115	7.00029e-012	0.880436	0.119564
Seg 9	5222.66	40.33	0.853954	5.88959e-012	0.751843	0.102111	6.89455e-012	0.880426	0.119574
Seg 10	5230.04	40.33	0.853853	5.79913e-012	0.751746	0.102107	6.78945e-012	0.880416	0.119584
Seg 11	5237.42	40.33	0.853752	5.70899e-012	0.751649	0.102103	6.68471e-012	0.880407	0.119593
Seg 12	5244.8	40.33	0.853651	5.61925e-012	0.751552	0.102099	6.58041e-012	0.880397	0.119603
Seg 13	5252.18	40.33	0.85355	5.52976e-012	0.751455	0.102095	6.47638e-012	0.880387	0.119613
Seg 14	5259.55	40.33	0.85345	5.44078e-012	0.751358	0.102091	6.37293e-012	0.880378	0.119622
Seg 15	5267.06	40.33	0.853347	4.9291e-012	0.751259	0.102088	5.77427e-012	0.880368	0.119632
Seg 16	4924.78	40.33	6.77186	0.125514	5.34284	1.30351	0.0175541	0.789765	0.192681
Seg 17	5048.58	40.33	6.69066	0.0426674	5.34497	1.30302	0.00603222	0.796457	0.197511
Seg 18	5128.85	40.33	5.14269	1.32055e-009	4.07422	1.06847	2.38971e-010	0.786721	0.213279
Seg 19	5214.2	40.33	5.13624	6.46526e-010	4.06804	1.0682	1.17129e-010	0.786164	0.213836
Seg 20	5048.59	40.33	1.51503	0.0101411	1.27059	0.234296	0.00669237	0.83866	0.154648
Seg 21	5092.12	40.33	1.50847	0.00343844	1.27077	0.234265	0.00227898	0.842421	0.1553
Seg 22	5135.54	40.33	1.50463	4.31907e-010	1.27039	0.234235	2.86998e-010	0.844324	0.155676
Seg 23	5178.93	40.33	1.50362	3.7073e-010	1.26941	0.234204	2.46512e-010	0.844239	0.155761
Seg 24	5222.29	40.33	1.50261	3.10887e-010	1.26843	0.234173	2.06859e-010	0.844155	0.155845
Seg 25	5265.62	40.33	1.5016	2.52348e-010	1.26746	0.234143	1.68021e-010	0.844071	0.155929
Seg 26	5309.24	40.33	1.50059	3.42516e-011	1.26647	0.234112	2.28211e-011	0.843986	0.156014
Seg 27	5312.45	40.33	0.407457	8.51911e-012	0.343874	0.0635835	2.08933e-011	0.84395	0.15605
Seg 28	5315.67	40.33	0.407437	7.73212e-012	0.343854	0.0635828	1.89641e-011	0.843944	0.156056
Seg 29	5318.89	40.33	0.407417	6.94661e-012	0.343835	0.0635821	1.70384e-011	0.843938	0.156062
Seg 30	5322.11	40.33	0.407396	6.16262e-012	0.343815	0.0635814	1.51162e-011	0.843932	0.156068
Seg 31	5325.33	40.33	0.407376	5.38008e-012	0.343795	0.0635807	1.31974e-011	0.843926	0.156074
Seg 32	5328.54	40.33	0.407356	4.59902e-012	0.343776	0.06358	1.1282e-011	0.84392	0.15608
Seg 33	5331.76	40.33	0.407335	3.8194e-012	0.343756	0.0635793	9.36995e-012	0.843914	0.156086
Seg 34	5335.01	40.33	0.407315	3.47846e-012	0.343736	0.0635786	8.53396e-012	0.843908	0.156092


40.2537   	4800      	-         	2710.92   	2357.33   	764.148   	

Seg No.	BHP	Temp	Vm(m/s)	Vsg	Vso	Vsw	alpha_G	alpha_O	alpha_W
Seg 0	4800	40.33	1.99347	0.064583	1.61634	0.312553	0.0323973	0.810814	0.156788
Seg 1	4800.01	40.33	2.60227	0.0894099	2.23774	0.275116	0.0343547	0.859923	0.105722
Seg 2	4864.97	40.33	2.58327	0.0700049	2.23821	0.275062	0.0270963	0.866425	0.106478
Seg 3	4929.46	40.33	2.56492	0.0512445	2.23867	0.275007	0.0199768	0.872805	0.107219
Seg 4	4993.51	40.33	2.54718	0.0330943	2.23914	0.274953	0.0129911	0.879065	0.107944
Seg 5	5057.14	40.33	2.53003	0.0155413	2.23959	0.274899	0.00614203	0.885204	0.108654
Seg 6	5120.37	40.33	2.51463	5.98179e-012	2.23978	0.274845	2.37853e-012	0.890702	0.109298
Seg 7	5184.3	40.33	2.51203	7.15605e-012	2.23724	0.274791	2.84839e-012	0.89061	0.10939
Seg 8	5191.34	40.33	0.836655	2.33476e-012	0.745165	0.0914894	2.78964e-012	0.890649	0.109351
Seg 9	5198.37	40.33	0.836559	2.2808e-012	0.745073	0.0914861	2.72548e-012	0.89064	0.10936
Seg 10	5205.4	40.33	0.836464	2.22722e-012	0.744982	0.0914827	2.66176e-012	0.890632	0.109368
Seg 11	5212.43	40.33	0.836369	2.17357e-012	0.74489	0.0914793	2.59793e-012	0.890623	0.109377
Seg 12	5219.46	40.33	0.836274	2.12014e-012	0.744798	0.0914759	2.53436e-012	0.890615	0.109385
Seg 13	5226.49	40.33	0.836179	2.06682e-012	0.744707	0.0914725	2.4709e-012	0.890607	0.109393
Seg 14	5233.51	40.33	0.836084	2.01354e-012	0.744615	0.0914692	2.40748e-012	0.890598	0.109402
Seg 15	5240.67	40.33	0.835987	1.98706e-012	0.744522	0.0914658	2.3761e-012	0.89059	0.10941
Seg 16	4917.8	40.33	6.52671	0.123638	5.0691	1.33397	0.0179052	0.777492	0.204603
Seg 17	5034.76	40.33	6.45357	0.0490574	5.07101	1.3335	0.00717518	0.783491	0.209334
Seg 18	5110.74	40.33	4.94117	0.00181158	3.83336	1.10599	0.000340163	0.769957	0.229703
Seg 19	5191.47	40.33	4.93391	2.22784e-010	3.82818	1.10573	4.18839e-011	0.769455	0.230545
Seg 20	5034.77	40.33	1.47782	0.0119804	1.23858	0.227257	0.00810525	0.838116	0.153779
Seg 21	5076.12	40.33	1.47172	0.00574176	1.23875	0.227229	0.00390064	0.841702	0.154397
Seg 22	5117.32	40.33	1.46604	1.2562e-010	1.23884	0.227201	8.56694e-011	0.845024	0.154976
Seg 23	5158.48	40.33	1.46511	1.01101e-010	1.23793	0.227173	6.89924e-011	0.844945	0.155055
Seg 24	5199.63	40.33	1.46417	7.70133e-011	1.23703	0.227144	5.25881e-011	0.844865	0.155135
Seg 25	5240.74	40.33	1.46324	5.33464e-011	1.23613	0.227116	3.64505e-011	0.844786	0.155214
Seg 26	5282.13	40.33	1.4623	1.41132e-011	1.23522	0.227088	9.64944e-012	0.844706	0.155294
Seg 27	5285.23	40.33	0.400459	3.55726e-012	0.338269	0.0621899	8.8766e-012	0.844703	0.155297
Seg 28	5288.34	40.33	0.40044	3.24205e-012	0.338251	0.0621892	8.09043e-012	0.844698	0.155302
Seg 29	5291.45	40.33	0.400421	2.9274e-012	0.338232	0.0621886	7.30557e-012	0.844692	0.155308
Seg 30	5294.55	40.33	0.400401	2.61327e-012	0.338213	0.0621879	6.52195e-012	0.844686	0.155314
Seg 31	5297.66	40.33	0.400382	2.29974e-012	0.338195	0.0621872	5.73976e-012	0.84468	0.15532
Seg 32	5300.76	40.33	0.400363	1.98679e-012	0.338176	0.0621865	4.95893e-012	0.844675	0.155325
Seg 33	5303.87	40.33	0.400343	1.67436e-012	0.338157	0.0621858	4.17932e-012	0.844669	0.155331
Seg 34	5307.01	40.33	0.400324	1.36833e-012	0.338139	0.0621851	3.41561e-012	0.844663	0.155337


50.2537   	4800      	-         	2616.65   	2275.35   	746.905   	

Seg No.	BHP	Temp	Vm(m/s)	Vsg	Vso	Vsw	alpha_G	alpha_O	alpha_W
Seg 0	4800	40.33	1.92796	0.0623371	1.56013	0.3055	0.0323331	0.80921	0.158457
Seg 1	4800.01	40.33	2.53115	0.0878394	2.19844	0.244873	0.0346995	0.868556	0.0967441
Seg 2	4861.08	40.33	2.5136	0.0699021	2.19887	0.244828	0.0278064	0.874792	0.0974016
Seg 3	4921.73	40.33	2.49661	0.0525273	2.1993	0.244782	0.0210371	0.880917	0.098046
Seg 4	4981.99	40.33	2.48015	0.0356867	2.19972	0.244736	0.0143873	0.886935	0.0986782
Seg 5	5041.86	40.33	2.46421	0.019369	2.20015	0.244691	0.00785923	0.892843	0.0992979
Seg 6	5101.36	40.33	2.44873	0.00351229	2.20057	0.244646	0.00143417	0.898659	0.0999072
Seg 7	5161.44	40.33	2.44344	1.08919e-012	2.19884	0.2446	4.45709e-013	0.899895	0.100105
Seg 8	5168.13	40.33	0.81835	3.30954e-013	0.73649	0.0818603	4.04276e-013	0.899969	0.100031
Seg 9	5174.81	40.33	0.818261	2.94348e-013	0.736403	0.0818573	3.59599e-013	0.899962	0.100038
Seg 10	5181.49	40.33	0.818172	2.58031e-013	0.736317	0.0818543	3.15266e-013	0.899955	0.100045
Seg 11	5188.17	40.33	0.818082	2.21761e-013	0.736231	0.0818514	2.7098e-013	0.899947	0.100053
Seg 12	5194.85	40.33	0.817993	1.85599e-013	0.736145	0.0818484	2.26816e-013	0.89994	0.10006
Seg 13	5201.53	40.33	0.817904	1.49544e-013	0.736059	0.0818455	1.82775e-013	0.899933	0.100067
Seg 14	5208.21	40.33	0.817815	1.13781e-013	0.735972	0.0818425	1.3908e-013	0.899925	0.100075
Seg 15	5215.01	40.33	0.817724	2.15429e-015	0.735885	0.0818395	2.63358e-015	0.899918	0.100082
Seg 16	4911.1	40.33	6.28537	0.121378	4.80604	1.35796	0.0182141	0.765494	0.216292
Seg 17	5021.48	40.33	6.21961	0.05436	4.80774	1.35751	0.00823134	0.770873	0.220896
Seg 18	5093.4	40.33	4.74836	0.00919133	3.60198	1.13719	0.0017904	0.7529	0.24531
Seg 19	5169.7	40.33	4.73564	2.76339e-010	3.5987	1.13693	5.39473e-011	0.752903	0.247097
Seg 20	5021.49	40.33	1.44031	0.0136408	1.2066	0.220065	0.00946887	0.83774	0.152791
Seg 21	5060.71	40.33	1.43464	0.00784878	1.20675	0.220039	0.00546981	0.841154	0.153376
Seg 22	5099.78	40.33	1.42907	0.00215523	1.2069	0.220013	0.00150783	0.844537	0.153955
Seg 23	5138.77	40.33	1.42643	0	1.20644	0.219987	0	0.845778	0.154222
Seg 24	5177.74	40.33	1.42557	0	1.20561	0.219961	0	0.845703	0.154297
Seg 25	5216.69	40.33	1.42471	0	1.20477	0.219936	0	0.845628	0.154372
Seg 26	5255.89	40.33	1.42384	0	1.20394	0.219909	0	0.845552	0.154448
Seg 27	5258.87	40.33	0.392611	0	0.331991	0.0606209	0	0.845596	0.154404
Seg 28	5261.86	40.33	0.392593	0	0.331973	0.0606202	0	0.84559	0.15441
Seg 29	5264.84	40.33	0.392575	0	0.331955	0.0606196	0	0.845585	0.154415
Seg 30	5267.82	40.33	0.392557	0	0.331938	0.0606189	0	0.845579	0.154421
Seg 31	5270.81	40.33	0.392539	0	0.33192	0.0606182	0	0.845574	0.154426
Seg 32	5273.79	40.33	0.39252	0	0.331903	0.0606175	0	0.845568	0.154432
Seg 33	5276.77	40.33	0.392502	0	0.331885	0.0606169	0	0.845563	0.154437
Seg 34	5279.78	40.33	0.392484	0	0.331868	0.0606162	0	0.845557	0.154443


60.2537   	4800      	-         	2522.66   	2193.62   	730       	

Seg No.	BHP	Temp	Vm(m/s)	Vsg	Vso	Vsw	alpha_G	alpha_O	alpha_W
Seg 0	4800	40.33	1.86277	0.0600979	1.50409	0.298585	0.0322626	0.807447	0.160291
Seg 1	4800.01	40.33	2.45902	0.0861106	2.15517	0.217741	0.0350142	0.876438	0.0885481
Seg 2	4857.31	40.33	2.44286	0.0695967	2.15556	0.217703	0.0284865	0.882395	0.0891182
Seg 3	4914.25	40.33	2.4272	0.0535708	2.15596	0.217665	0.0220685	0.888254	0.0896776
Seg 4	4970.84	40.33	2.41199	0.0380096	2.15635	0.217626	0.0157568	0.894016	0.0902271
Seg 5	5027.08	40.33	2.39723	0.0228996	2.15674	0.217588	0.00955139	0.899682	0.0907666
Seg 6	5082.98	40.33	2.3829	0.00821168	2.15713	0.217551	0.00344568	0.905258	0.0912967
Seg 7	5139.34	40.33	2.37392	2.83917e-013	2.15641	0.217512	1.19584e-013	0.908374	0.0916258
Seg 8	5145.68	40.33	0.799524	6.93246e-014	0.726351	0.0731729	8.66767e-014	0.908479	0.0915207
Seg 9	5152.02	40.33	0.79944	4.29391e-014	0.72627	0.0731704	5.36924e-014	0.908473	0.091527
Seg 10	5158.36	40.33	0.799357	1.6687e-014	0.726189	0.0731678	2.08682e-014	0.908467	0.0915333
Seg 11	5164.7	40.33	0.799274	0	0.726109	0.0731652	0	0.90846	0.0915396
Seg 12	5171.04	40.33	0.79919	0	0.726028	0.0731626	0	0.908454	0.0915458
Seg 13	5177.38	40.33	0.799107	0	0.725947	0.07316	0	0.908448	0.0915521
Seg 14	5183.72	40.33	0.799024	0	0.725867	0.0731574	0	0.908442	0.0915584
Seg 15	5190.17	40.33	0.798939	0	0.725784	0.0731547	0	0.908435	0.0915649
Seg 16	4904.67	40.33	6.04755	0.118776	4.55297	1.37581	0.0184828	0.75375	0.227767
Seg 17	5008.73	40.33	5.98855	0.0586807	4.55449	1.37538	0.00920647	0.758574	0.23222
Seg 18	5076.75	40.33	4.55818	0.0154124	3.38038	1.16239	0.0031172	0.736117	0.260766
Seg 19	5148.82	40.33	4.54088	2.00427e-010	3.37874	1.16214	4.06616e-011	0.736455	0.263545
Seg 20	5008.74	40.33	1.40274	0.0151352	1.17485	0.212749	0.0107875	0.837545	0.151667
Seg 21	5045.88	40.33	1.39748	0.00976682	1.17499	0.212725	0.00698742	0.840792	0.15222
Seg 22	5082.88	40.33	1.39232	0.00448785	1.17513	0.212701	0.00322262	0.84401	0.152768
Seg 23	5119.76	40.33	1.38782	0	1.17515	0.212677	0	0.846755	0.153245
Seg 24	5156.62	40.33	1.38703	0	1.17438	0.212654	0	0.846684	0.153316
Seg 25	5193.46	40.33	1.38624	0	1.17361	0.21263	0	0.846613	0.153387
Seg 26	5230.54	40.33	1.38544	0	1.17283	0.212606	0	0.846542	0.153458
Seg 27	5233.39	40.33	0.384402	0	0.32545	0.0589511	0	0.846642	0.153358
Seg 28	5236.25	40.33	0.384384	0	0.325434	0.0589504	0	0.846637	0.153363
Seg 29	5239.11	40.33	0.384367	0	0.325418	0.0589498	0	0.846632	0.153368
Seg 30	5241.97	40.33	0.38435	0	0.325401	0.0589491	0	0.846627	0.153373
Seg 31	5244.82	40.33	0.384333	0	0.325385	0.0589485	0	0.846621	0.153379
Seg 32	5247.68	40.33	0.384316	0	0.325368	0.0589478	0	0.846616	0.153384
Seg 33	5250.54	40.33	0.384299	0	0.325352	0.0589472	0	0.846611	0.153389
Seg 34	5253.42	40.33	0.384282	0	0.325335	0.0589465	0	0.846606	0.153394


70.2537   	4800      	-         	2429.12   	2112.28   	713.292   	

Seg No.	BHP	Temp	Vm(m/s)	Vsg	Vso	Vsw	alpha_G	alpha_O	alpha_W
Seg 0	4800	40.33	1.79793	0.0578693	1.44831	0.291751	0.0321866	0.805543	0.16227
Seg 1	4800.01	40.33	2.38616	0.0842459	2.10849	0.193424	0.0353018	0.883637	0.0810611
Seg 2	4853.69	40.33	2.37135	0.0691012	2.10886	0.193393	0.0291365	0.889309	0.0815541
Seg 3	4907.04	40.33	2.35696	0.0543773	2.10922	0.193361	0.0230682	0.894893	0.0820385
Seg 4	4960.08	40.33	2.34297	0.0400553	2.10958	0.193329	0.0170939	0.900391	0.0825148
Seg 5	5012.81	40.33	2.32935	0.0261174	2.10994	0.193297	0.0112109	0.905806	0.0829832
Seg 6	5065.24	40.33	2.31613	0.0125653	2.1103	0.193265	0.00542447	0.911132	0.0834434
Seg 7	5118.02	40.33	2.30374	2.62298e-014	2.11051	0.193234	1.13843e-014	0.916122	0.0838782
Seg 8	5124.02	40.33	0.780354	0	0.715002	0.0653526	0	0.916253	0.0837473
Seg 9	5130.03	40.33	0.780277	0	0.714927	0.0653503	0	0.916247	0.0837527
Seg 10	5136.03	40.33	0.780199	0	0.714851	0.065348	0	0.916242	0.0837581
Seg 11	5142.04	40.33	0.780122	0	0.714776	0.0653457	0	0.916237	0.0837635
Seg 12	5148.04	40.33	0.780044	0	0.714701	0.0653434	0	0.916231	0.0837689
Seg 13	5154.05	40.33	0.779967	0	0.714626	0.0653412	0	0.916226	0.0837743
Seg 14	5160.05	40.33	0.779889	0	0.71455	0.0653389	0	0.91622	0.0837797
Seg 15	5166.16	40.33	0.77981	0	0.714474	0.0653366	0	0.916215	0.0837852
Seg 16	4898.5	40.33	5.81291	0.115868	4.30922	1.38783	0.0187128	0.742241	0.239046
Seg 17	4996.49	40.33	5.7601	0.0621103	4.31058	1.38742	0.0101053	0.746567	0.243328
Seg 18	5060.77	40.33	4.37038	0.020582	3.16791	1.18188	0.00432637	0.71956	0.276114
Seg 19	5128.81	40.33	4.34931	1.51619e-010	3.16766	1.18164	3.19936e-011	0.720072	0.279928
Seg 20	4996.5	40.33	1.3651	0.0164721	1.14332	0.205305	0.012064	0.83754	0.150396
Seg 21	5031.61	40.33	1.36024	0.011504	1.14345	0.205284	0.00845555	0.840627	0.150918
Seg 22	5066.59	40.33	1.35546	0.0066208	1.14358	0.205262	0.0048835	0.843683	0.151433
Seg 23	5101.46	40.33	1.35076	0.00181162	1.14371	0.20524	0.0013409	0.846715	0.151944
Seg 24	5136.27	40.33	1.34854	0	1.14332	0.205218	0	0.847821	0.152179
Seg 25	5171.06	40.33	1.34781	0	1.14261	0.205197	0	0.847755	0.152245
Seg 26	5206.08	40.33	1.34707	0	1.1419	0.205175	0	0.847688	0.152312
Seg 27	5208.81	40.33	0.376013	0	0.318804	0.0572091	0	0.847854	0.152146
Seg 28	5211.54	40.33	0.375997	0	0.318789	0.0572084	0	0.847849	0.152151
Seg 29	5214.27	40.33	0.375981	0	0.318773	0.0572078	0	0.847844	0.152156
Seg 30	5217	40.33	0.375965	0	0.318758	0.0572071	0	0.847839	0.152161
Seg 31	5219.73	40.33	0.375949	0	0.318743	0.0572065	0	0.847834	0.152166
Seg 32	5222.47	40.33	0.375933	0	0.318727	0.0572059	0	0.84783	0.15217
Seg 33	5225.2	40.33	0.375917	0	0.318712	0.0572052	0	0.847825	0.152175
Seg 34	5227.96	40.33	0.375901	0	0.318696	0.0572046	0	0.84782	0.15218


80.2537   	4800      	-         	2335.98   	2031.29   	696.668   	

Seg No.	BHP	Temp	Vm(m/s)	Vsg	Vso	Vsw	alpha_G	alpha_O	alpha_W
Seg 0	4800	40.33	1.73339	0.0556504	1.39279	0.284951	0.032105	0.803505	0.16439
Seg 1	4800.01	40.33	2.31248	0.0822519	2.0586	0.171627	0.0355643	0.890218	0.0742181
Seg 2	4850.18	40.33	2.29895	0.0684211	2.05893	0.171601	0.0297582	0.895598	0.0746434
Seg 3	4900.07	40.33	2.28579	0.0549508	2.05926	0.171574	0.0240372	0.900901	0.0750616
Seg 4	4949.67	40.33	2.27297	0.0418257	2.05959	0.171548	0.0183991	0.906128	0.0754733
Seg 5	4999.01	40.33	2.26047	0.0290316	2.05992	0.171521	0.0128415	0.91128	0.0758786
Seg 6	5048.08	40.33	2.24831	0.0165709	2.06025	0.171495	0.00736943	0.916353	0.0762773
Seg 7	5097.47	40.33	2.23629	0.00424893	2.06057	0.171469	0.00189975	0.921425	0.0766754
Seg 8	5103.16	40.33	0.761608	0.000969087	0.702327	0.0583118	0.00127195	0.922164	0.0765641
Seg 9	5108.84	40.33	0.761142	0.000491467	0.702341	0.0583098	0.000645456	0.922746	0.0766083
Seg 10	5114.52	40.33	0.760677	1.49568e-005	0.702355	0.0583078	1.96551e-005	0.923328	0.0766525
Seg 11	5120.2	40.33	0.760593	2.83576e-012	0.702287	0.0583058	3.72697e-012	0.923342	0.0766583
Seg 12	5125.88	40.33	0.760521	2.7069e-012	0.702217	0.0583038	3.55795e-012	0.923337	0.076663
Seg 13	5131.56	40.33	0.760449	2.57839e-012	0.702147	0.0583018	3.38935e-012	0.923332	0.0766676
Seg 14	5137.23	40.33	0.760377	2.4501e-012	0.702077	0.0582998	3.22102e-012	0.923328	0.0766722
Seg 15	5143.01	40.33	0.760304	2.19977e-012	0.702006	0.0582978	2.89221e-012	0.923323	0.0766769
Seg 16	4892.59	40.33	5.58135	0.112685	4.07427	1.39439	0.0189051	0.730936	0.250158
Seg 17	4984.74	40.33	5.5342	0.0647116	4.07548	1.39401	0.0109287	0.734817	0.254255
Seg 18	5045.46	40.33	4.18478	0.0247924	2.96396	1.19603	0.005422	0.70316	0.291418
Seg 19	5109.64	40.33	4.16217	0.00179106	2.96458	1.1958	0.000393363	0.703605	0.296002
Seg 20	4984.75	40.33	1.32751	0.0176564	1.1121	0.197757	0.0132974	0.837734	0.148968
Seg 21	5017.89	40.33	1.32302	0.0130671	1.11222	0.197737	0.00987457	0.840667	0.149459
Seg 22	5050.93	40.33	1.31861	0.00855993	1.11234	0.197717	0.0064902	0.843566	0.149943
Seg 23	5083.85	40.33	1.31427	0.0041175	1.11245	0.197697	0.00313223	0.846444	0.150424
Seg 24	5116.68	40.33	1.3102	0	1.11252	0.197678	0	0.849124	0.150876
Seg 25	5149.48	40.33	1.30953	0	1.11188	0.197658	0	0.849062	0.150938
Seg 26	5182.5	40.33	1.30886	0	1.11122	0.197638	0	0.849	0.151
Seg 27	5185.11	40.33	0.367527	0	0.312119	0.0554087	0	0.849239	0.150761
Seg 28	5187.72	40.33	0.367512	0	0.312104	0.0554081	0	0.849235	0.150765
Seg 29	5190.33	40.33	0.367497	0	0.31209	0.0554074	0	0.84923	0.15077
Seg 30	5192.93	40.33	0.367482	0	0.312076	0.0554068	0	0.849226	0.150774
Seg 31	5195.54	40.33	0.367467	0	0.312061	0.0554062	0	0.849222	0.150778
Seg 32	5198.15	40.33	0.367452	0	0.312047	0.0554055	0	0.849217	0.150783
Seg 33	5200.76	40.33	0.367438	0	0.312033	0.0554049	0	0.849213	0.150787
Seg 34	5203.39	40.33	0.367422	0	0.312018	0.0554043	0	0.849208	0.150792


90.2537   	4800      	-         	2242.25   	1949.78   	682.625   	

Seg No.	BHP	Temp	Vm(m/s)	Vsg	Vso	Vsw	alpha_G	alpha_O	alpha_W
Seg 0	4800	40.33	1.66952	0.0534169	1.3369	0.279207	0.0319953	0.800767	0.167237
Seg 1	4800	40.33	2.23832	0.0801509	2.00605	0.152118	0.035804	0.896235	0.0679613
Seg 2	4846.81	40.33	2.22602	0.0675702	2.00635	0.152097	0.0303509	0.901322	0.0683272
Seg 3	4893.36	40.33	2.21402	0.0552963	2.00665	0.152075	0.0249724	0.90634	0.0686873
Seg 4	4939.66	40.33	2.20232	0.0433172	2.00695	0.152053	0.0196664	0.911291	0.0690422
Seg 5	4985.73	40.33	2.1909	0.0316214	2.00725	0.152031	0.0144312	0.916177	0.069392
Seg 6	5031.56	40.33	2.17976	0.0202078	2.00754	0.152009	0.00926946	0.920994	0.0697365
Seg 7	5077.7	40.33	2.16875	0.0089212	2.00784	0.151987	0.00411298	0.925807	0.0700803
Seg 8	5083.08	40.33	0.743024	0.00261099	0.688439	0.0519739	0.00351267	0.926538	0.0699493
Seg 9	5088.45	40.33	0.742589	0.00216539	0.688451	0.0519722	0.00291489	0.927097	0.0699879
Seg 10	5093.82	40.33	0.742155	0.00172086	0.688464	0.0519704	0.00231785	0.927656	0.0700264
Seg 11	5099.19	40.33	0.741722	0.0012774	0.688476	0.0519686	0.00172155	0.928214	0.0700648
Seg 12	5104.56	40.33	0.74129	0.000834908	0.688489	0.0519668	0.00112586	0.928771	0.0701032
Seg 13	5109.92	40.33	0.74086	0.000393386	0.688501	0.0519651	0.000530784	0.929328	0.0701416
Seg 14	5115.27	40.33	0.740469	3.6984e-013	0.688505	0.0519633	4.99277e-013	0.929824	0.0701762
Seg 15	5120.73	40.33	0.740401	3.34045e-013	0.68844	0.0519615	4.50996e-013	0.92982	0.0701803
Seg 16	4887.04	40.33	5.35457	0.10907	3.8431	1.40241	0.0190213	0.71871	0.262269
Seg 17	4973.73	40.33	5.31257	0.066362	3.84417	1.40204	0.0116413	0.722164	0.266195
Seg 18	5031.14	40.33	4.00401	0.0279708	2.76419	1.21184	0.00636761	0.685396	0.308236
Seg 19	5091.78	40.33	3.98395	0.00759401	2.76473	1.21162	0.00173532	0.685474	0.312791
Seg 20	4973.73	40.33	1.28913	0.0186507	1.08048	0.189991	0.0144644	0.838155	0.14738
Seg 21	5004.93	40.33	1.285	0.0144323	1.08059	0.189973	0.0112288	0.840931	0.14784
Seg 22	5036.03	40.33	1.28094	0.0102858	1.0807	0.189955	0.00802807	0.843678	0.148294
Seg 23	5067.03	40.33	1.27695	0.00619971	1.08081	0.189937	0.00485401	0.846402	0.148744
Seg 24	5097.94	40.33	1.273	0.00216859	1.08092	0.18992	0.00170314	0.849107	0.14919
Seg 25	5128.79	40.33	1.2706	0	1.0807	0.189902	0	0.850542	0.149458
Seg 26	5159.84	40.33	1.26999	0	1.08011	0.189884	0	0.850484	0.149516
Seg 27	5162.32	40.33	0.358858	0	0.305318	0.05354	0	0.850804	0.149196
Seg 28	5164.8	40.33	0.358844	0	0.305305	0.0535394	0	0.8508	0.1492
Seg 29	5167.29	40.33	0.35883	0	0.305291	0.0535388	0	0.850796	0.149204
Seg 30	5169.77	40.33	0.358816	0	0.305278	0.0535382	0	0.850792	0.149208
Seg 31	5172.25	40.33	0.358802	0	0.305265	0.0535376	0	0.850788	0.149212
Seg 32	5174.74	40.33	0.358788	0	0.305251	0.0535369	0	0.850784	0.149216
Seg 33	5177.22	40.33	0.358774	0	0.305238	0.0535363	0	0.85078	0.14922
Seg 34	5179.73	40.33	0.35876	0	0.305225	0.0535357	0	0.850776	0.149224


100       	4800      	-         	2151.63   	1870.99   	669.176   	

Seg No.	BHP	Temp	Vm(m/s)	Vsg	Vso	Vsw	alpha_G	alpha_O	alpha_W
Seg 0	4800	40.33	1.60784	0.0512577	1.28287	0.273706	0.03188	0.797888	0.170232
Seg 1	4800	40.33	2.16571	0.0780149	1.95261	0.135081	0.0360181	0.901609	0.0623729
Seg 2	4843.65	40.33	2.15454	0.0665879	1.95289	0.135063	0.0309019	0.90641	0.062688
Seg 3	4887.07	40.33	2.14363	0.0554217	1.95316	0.135045	0.0258508	0.911151	0.0629985
Seg 4	4930.28	40.33	2.13296	0.0445066	1.95343	0.135026	0.0208633	0.915832	0.0633047
Seg 5	4973.28	40.33	2.12254	0.0338334	1.9537	0.135008	0.0159379	0.920455	0.0636068
Seg 6	5016.07	40.33	2.11236	0.0233943	1.95397	0.13499	0.0110735	0.925022	0.0639049
Seg 7	5059.17	40.33	2.10229	0.013075	1.95424	0.134971	0.00621858	0.929579	0.0642022
Seg 8	5064.25	40.33	0.724498	0.00409164	0.673998	0.0464091	0.00564535	0.930298	0.064057
Seg 9	5069.33	40.33	0.724093	0.00367668	0.674009	0.0464075	0.00507566	0.930834	0.0640907
Seg 10	5074.4	40.33	0.723689	0.00326267	0.67402	0.046406	0.00450664	0.931369	0.0641243
Seg 11	5079.48	40.33	0.723286	0.00284961	0.674032	0.0464044	0.00393827	0.931904	0.0641579
Seg 12	5084.55	40.33	0.722884	0.00243748	0.674043	0.0464028	0.00337057	0.932438	0.0641914
Seg 13	5089.61	40.33	0.722482	0.00202629	0.674055	0.0464013	0.00280352	0.932972	0.0642249
Seg 14	5094.68	40.33	0.722082	0.00161602	0.674066	0.0463997	0.00223714	0.933505	0.0642583
Seg 15	5099.83	40.33	0.721675	0.00119928	0.674078	0.0463981	0.00166115	0.934047	0.0642923
Seg 16	4881.9	40.33	5.13724	0.105331	3.62553	1.40638	0.0190918	0.706751	0.274157
Seg 17	4963.51	40.33	5.0998	0.0672829	3.62648	1.40604	0.0122584	0.709826	0.277916
Seg 18	5017.87	40.33	3.83099	0.030288	2.57718	1.22352	0.00717636	0.667883	0.324941
Seg 19	5075.25	40.33	3.81319	0.012222	2.57766	1.22331	0.0029055	0.667644	0.329451
Seg 20	4963.51	40.33	1.25154	0.0194745	1.04974	0.182316	0.0155568	0.838769	0.145675
Seg 21	4992.86	40.33	1.24775	0.0156013	1.04984	0.1823	0.0125007	0.841395	0.146104
Seg 22	5022.13	40.33	1.24401	0.0117876	1.04994	0.182284	0.00947326	0.843998	0.146529
Seg 23	5051.3	40.33	1.24034	0.00803266	1.05004	0.182268	0.00647467	0.846576	0.14695
Seg 24	5080.39	40.33	1.23672	0.00432546	1.05014	0.182251	0.00349672	0.849136	0.147367
Seg 25	5109.4	40.33	1.23314	0.000664995	1.05024	0.182235	0.000539145	0.851679	0.147782
Seg 26	5138.58	40.33	1.23203	0	1.04981	0.182219	0	0.852098	0.147902
Seg 27	5140.95	40.33	0.350343	0	0.298668	0.0516747	0	0.852503	0.147497
Seg 28	5143.31	40.33	0.35033	0	0.298656	0.051674	0	0.852499	0.147501
Seg 29	5145.68	40.33	0.350317	0	0.298644	0.0516734	0	0.852495	0.147505
Seg 30	5148.04	40.33	0.350304	0	0.298631	0.0516728	0	0.852492	0.147508
Seg 31	5150.4	40.33	0.350291	0	0.298619	0.0516722	0	0.852488	0.147512
Seg 32	5152.77	40.33	0.350278	0	0.298607	0.0516716	0	0.852484	0.147516
Seg 33	5155.13	40.33	0.350265	0	0.298594	0.051671	0	0.85248	0.14752
Seg 34	5157.52	40.33	0.350252	0	0.298582	0.0516704	0	0.852477	0.147523


