
 Simulation Finished Successfully 


 -------------------------- Performance Report -------------------------- 


 ------------ Mass Balance Error Report ------------- 

 OCIP     :	5.82419e+007	3.49452e+006	8.15387e+006	2.32968e+007	1.74726e+007	5.82419e+006	2.61211e+008	

 Residual :	4.22294e+007	2.47817e+006	5.74648e+006	1.63972e+007	1.22955e+007	4.09841e+006	5.08443e+008	
 Facilty  :	1.60126e+007	1.01634e+006	2.40739e+006	6.8996e+006	5.17707e+006	1.72578e+006	14738.9	
 Facilty  :	0	0	0	0	0	0	-2.47247e+008	

 MB_Error :	12.0918	1.02573	2.59504	7.52669	5.65605	1.88545	2.6959	
 Rel_Error:	0%	0%	0%	0%	0%	0%	0%	


 Variable Type : -----------------  Natural Variables
 Number of Implicit levels: ------        1
                    ImpVar --- TransImpLvl --- CFL_Limit --- Percent
       Scheme 0 :     7             7             1           100%

 Linear solver choice : ----------        5
 Preconditioner choice : ---------        4
 Linear solver Tolerance : -------   1e-005

 Total running time: -------------   19.514 sec  ( 100 % )
   -Initialization time: ---------    0.234 sec  (   1 % )
   -Property Calc  time: ---------    7.298 sec  (  37 % )
   -Linearization  time: ---------    4.026 sec  (  21 % )
   -Newton Update  time: ---------        0 sec  (   0 % )
   -Solver running time: ---------     4.68 sec  (  24 % )
      --(B)ILU Pre fac time: -----    1.859 sec  (  10 % )
      --(B)ILU Pre slv time: -----    0.536 sec  (   3 % )
      --Pres dcpl time: ----------    0.622 sec  (   3 % )
      --Pres slv time: -----------    0.124 sec  (   1 % )
   -Timestep Calc  time: ---------        0 sec  (   0 % )
   -CFL No.  Calc  time: ---------        0 sec  (   0 % )


 Compositional simulation only:
 Initialization time for reservoir: ---------    0.109 sec
 Phase equilibrium running time: ------------    5.707 sec


 No. of timesteps: ---------------      110

 No. of Newton Iters : -----------      282
 No. of Waste Newton Iters : -----        0

 No. of Solver Iters : -----------      908
 No. of Waste Solver Iters : -----        0

 No. of Pres slvr iters : --------      908
 No. of Waste Pres slvr iters: ---        0

 Total elapsed = 19.514, steps = 110, Newton = 282, linear = 908

