Results for well: RES1_PROD.out in the reservoir: RES1_PROD.out

time	BHP	Temp	q(Oil)	q(Water)
days	psi	F	stb/d	stb/d
0         	0         	-         	0         	0         	
0.1       	2716.26   	70        	5434      	2.16239   	
0.2       	2614.25   	70        	5434      	2.38717   	
0.3       	2565.25   	70        	5434      	2.42475   	
0.430407  	2526.31   	70        	5434      	2.40737   	
0.6019    	2492.07   	70        	5434      	2.36192   	
0.825171  	2460.64   	70        	5434      	2.30691   	
1.10952   	2431.36   	70        	5434      	2.25753   	
1.47104   	2403.51   	70        	5434      	2.22312   	
1.93078   	2376.63   	70        	5434      	2.2075    	
2.53487   	2349.77   	70        	5434      	2.20939   	
3.34129   	2322.62   	70        	5434      	2.22382   	
4.40038   	2295.62   	70        	5434      	2.24285   	
5.77509   	2269.04   	70        	5434      	2.25947   	
7.56582   	2242.77   	70        	5434      	2.2701    	
9.88653   	2217.01   	70        	5434      	2.27401   	
12.9066   	2191.99   	70        	5434      	2.27183   	
16.8205   	2168.44   	70        	5434      	2.26364   	
21.8193   	2147.54   	70        	5434      	2.2479    	
28.2398   	2130.16   	70        	5434      	2.22121   	
36.4613   	2117.11   	70        	5434      	2.17995   	
47.2034   	2108.55   	70        	5434      	2.12084   	
60.8945   	2104.32   	70        	5434      	2.04585   	
78.3025   	2103.52   	70        	5434      	1.95829   	
98.3025   	2104.98   	70        	5434      	1.86998   	
118.302   	2107.35   	70        	5434      	1.79283   	
138.302   	2110.07   	70        	5434      	1.72481   	
158.302   	2112.92   	70        	5434      	1.6641    	
178.302   	2115.82   	70        	5434      	1.60913   	
198.302   	2118.75   	70        	5434      	1.55875   	
218.302   	2121.7    	70        	5434      	1.5121    	
238.302   	2124.65   	70        	5434      	1.46851   	
258.302   	2127.61   	70        	5434      	1.42749   	
278.302   	2130.59   	70        	5434      	1.38864   	
298.302   	2133.58   	70        	5434      	1.35167   	
318.302   	2136.56   	70        	5434      	1.3164    	
338.302   	2139.53   	70        	5434      	1.28263   	
358.302   	2142.49   	70        	5434      	1.2502    	
378.302   	2145.46   	70        	5434      	1.21893   	
398.302   	2148.42   	70        	5434      	1.18873   	
418.302   	2151.38   	70        	5434      	1.1595    	
438.302   	2154.32   	70        	5434      	1.13121   	
458.302   	2157.24   	70        	5434      	1.10378   	
478.302   	2160.15   	70        	5434      	1.07709   	
498.302   	2163.08   	70        	5434      	1.05106   	
518.302   	2166.01   	70        	5434      	1.02558   	
538.302   	2168.96   	70        	5434      	1.00065   	
558.302   	2171.9    	70        	5434      	0.976228  	
578.302   	2174.86   	70        	5434      	0.952292  	
598.302   	2177.81   	70        	5434      	0.928802  	
618.302   	2180.77   	70        	5434      	0.905754  	
638.302   	2183.73   	70        	5434      	0.883091  	
658.302   	2186.7    	70        	5434      	0.860762  	
678.302   	2189.67   	70        	5434      	0.838769  	
698.302   	2192.65   	70        	5434      	0.817115  	
718.302   	2195.62   	70        	5434      	0.795789  	
738.302   	2198.59   	70        	5434      	0.774774  	
758.302   	2201.55   	70        	5434      	0.754057  	
778.302   	2204.52   	70        	5434      	0.733599  	
798.302   	2207.5    	70        	5434      	0.713354  	
818.302   	2210.48   	70        	5434      	0.693315  	
838.302   	2213.47   	70        	5434      	0.67349   	
858.302   	2216.47   	70        	5434      	0.653852  	
878.302   	2219.47   	70        	5434      	0.634381  	
898.302   	2222.48   	70        	5434      	0.615077  	
918.302   	2225.5    	70        	5434      	0.595959  	
938.302   	2228.5    	70        	5434      	0.577043  	
958.302   	2231.51   	70        	5434      	0.558309  	
978.302   	2234.51   	70        	5434      	0.539739  	
998.302   	2237.52   	70        	5434      	0.521292  	
1018.3    	2240.54   	70        	5434      	0.502958  	
1038.3    	2243.56   	70        	5434      	0.484734  	
1058.3    	2246.59   	70        	5434      	0.46663   	
1078.3    	2249.62   	70        	5434      	0.448644  	
1098.3    	2252.66   	70        	5434      	0.430781  	
1118.3    	2255.69   	70        	5434      	0.413043  	
1138.3    	2258.72   	70        	5434      	0.395431  	
1158.3    	2261.75   	70        	5434      	0.377938  	
1178.3    	2264.78   	70        	5434      	0.360535  	
1198.3    	2267.81   	70        	5434      	0.343204  	
1218.3    	2270.86   	70        	5434      	0.325937  	
1238.3    	2273.92   	70        	5434      	0.308732  	
1258.3    	2276.98   	70        	5434      	0.291588  	
1278.3    	2280.06   	70        	5434      	0.2745    	
1298.3    	2283.14   	70        	5434      	0.257462  	
1318.3    	2286.23   	70        	5434      	0.24049   	
1338.3    	2289.32   	70        	5434      	0.223608  	
1358.3    	2292.4    	70        	5434      	0.206828  	
1378.3    	2295.47   	70        	5434      	0.190157  	
1398.3    	2298.55   	70        	5434      	0.173555  	
1418.3    	2301.64   	70        	5434      	0.157007  	
1438.3    	2304.74   	70        	5434      	0.140506  	
1458.3    	2307.84   	70        	5434      	0.124082  	
1478.3    	2310.95   	70        	5434      	0.107755  	
1498.3    	2314.06   	70        	5434      	0.0915335 	
1518.3    	2317.17   	70        	5434      	0.0754314 	
1538.3    	2320.29   	70        	5434      	0.0594781 	
1558.3    	2323.4    	70        	5434      	0.0437234 	
1578.3    	2326.52   	70        	5434      	0.0282639 	
1598.3    	2329.63   	70        	5434      	0.0133531 	
1618.3    	2332.73   	70        	5433.98   	0.0205784 	
1638.3    	2335.84   	70        	5433.99   	0.00835973	
1658.3    	2338.97   	70        	5434      	0         	
1678.3    	2342.12   	70        	5434      	0         	
1698.3    	2345.27   	70        	5434      	0         	
1718.3    	2348.42   	70        	5434      	0         	
1738.3    	2351.58   	70        	5434      	0         	
1758.3    	2354.75   	70        	5434      	0         	
1778.3    	2357.91   	70        	5434      	0         	
1798.3    	2361.08   	70        	5434      	0         	
1818.3    	2364.26   	70        	5434      	0         	
1838.3    	2367.43   	70        	5434      	0         	
1858.3    	2370.62   	70        	5434      	0         	
1878.3    	2373.8    	70        	5434      	0         	
1898.3    	2376.98   	70        	5434      	0         	
1918.3    	2380.17   	70        	5434      	0         	
1938.3    	2383.36   	70        	5434      	0         	
1958.3    	2386.56   	70        	5434      	0         	
1978.3    	2389.76   	70        	5434      	0         	
1998.3    	2392.97   	70        	5434      	0         	
2018.3    	2396.17   	70        	5434      	0         	
2038.3    	2399.38   	70        	5434      	0         	
2058.3    	2402.59   	70        	5434      	0         	
2078.3    	2405.81   	70        	5434      	0         	
2098.3    	2409.04   	70        	5434      	0         	
2118.3    	2412.26   	70        	5434      	0         	
2138.3    	2415.5    	70        	5434      	0         	
2158.3    	2418.73   	70        	5434      	0         	
2178.3    	2421.98   	70        	5434      	0         	
2198.3    	2425.23   	70        	5434      	0         	
2218.3    	2428.49   	70        	5434      	0         	
2238.3    	2431.76   	70        	5434      	0         	
2258.3    	2435.04   	70        	5434      	0         	
2278.3    	2438.32   	70        	5434      	0         	
2298.3    	2441.6    	70        	5434      	0         	
2318.3    	2444.89   	70        	5434      	0         	
2338.3    	2448.18   	70        	5434      	0         	
2358.3    	2451.48   	70        	5434      	0         	
2378.3    	2454.78   	70        	5434      	0         	
2398.3    	2458.09   	70        	5434      	0         	
2418.3    	2461.41   	70        	5434      	0         	
2438.3    	2464.72   	70        	5434      	0         	
2458.3    	2468.04   	70        	5434      	0         	
2478.3    	2471.35   	70        	5434      	0         	
2498.3    	2474.67   	70        	5434      	0         	
2518.3    	2477.99   	70        	5434      	0         	
2538.3    	2481.32   	70        	5434      	0         	
2558.3    	2484.65   	70        	5434      	0         	
2578.3    	2487.99   	70        	5434      	0         	
2598.3    	2491.33   	70        	5434      	0         	
2618.3    	2494.68   	70        	5434      	0         	
2638.3    	2498.03   	70        	5434      	0         	
2658.3    	2501.39   	70        	5434      	0         	
2678.3    	2504.76   	70        	5434      	0         	
2698.3    	2508.13   	70        	5434      	0         	
2718.3    	2511.52   	70        	5434      	0         	
2738.3    	2514.91   	70        	5434      	0         	
2758.3    	2518.3    	70        	5434      	0         	
2778.3    	2521.69   	70        	5434      	0         	
2798.3    	2525.08   	70        	5434      	0         	
2818.3    	2528.49   	70        	5434      	0         	
2838.3    	2531.89   	70        	5434      	0         	
2858.3    	2535.31   	70        	5434      	0         	
2878.3    	2538.73   	70        	5434      	0         	
2898.3    	2542.17   	70        	5434      	0         	
2918.3    	2545.61   	70        	5434      	0         	
2938.3    	2549.06   	70        	5434      	0         	
2958.3    	2552.51   	70        	5434      	0         	
2978.3    	2555.97   	70        	5434      	0         	
2998.3    	2559.43   	70        	5434      	0         	
3018.3    	2562.89   	70        	5434      	0         	
3038.3    	2566.36   	70        	5434      	0         	
3058.3    	2569.83   	70        	5434      	0         	
3078.3    	2573.3    	70        	5434      	0         	
3098.3    	2576.77   	70        	5434      	0         	
3118.3    	2580.24   	70        	5434      	0         	
3138.3    	2583.71   	70        	5434      	0         	
3158.3    	2587.19   	70        	5434      	0         	
3178.3    	2590.67   	70        	5434      	0         	
3198.3    	2594.16   	70        	5434      	0         	
3218.3    	2597.66   	70        	5434      	0         	
3238.3    	2601.17   	70        	5434      	0         	
3258.3    	2604.69   	70        	5434      	0         	
3278.3    	2608.22   	70        	5434      	0         	
3298.3    	2611.76   	70        	5434      	0         	
3318.3    	2615.29   	70        	5434      	0         	
3338.3    	2618.84   	70        	5434      	0         	
3358.3    	2622.39   	70        	5434      	0         	
3378.3    	2625.94   	70        	5434      	0         	
3398.3    	2629.5    	70        	5434      	0         	
3418.3    	2633.06   	70        	5434      	0         	
3438.3    	2636.63   	70        	5434      	0         	
3458.3    	2640.2    	70        	5434      	0         	
3478.3    	2643.77   	70        	5434      	0         	
3498.3    	2647.35   	70        	5434      	0         	
3518.3    	2650.94   	70        	5434      	0         	
3538.3    	2654.55   	70        	5434      	0         	
3558.3    	2658.15   	70        	5434      	0         	
3578.3    	2661.77   	70        	5434      	0         	
3598.3    	2665.4    	70        	5434      	0         	
3618.3    	2669.03   	70        	5434      	0         	
3638.3    	2672.67   	70        	5434      	0         	
3658.3    	2676.31   	70        	5434      	0         	
3678.3    	2679.95   	70        	5434      	0         	
3698.3    	2683.6    	70        	5434      	0         	
3718.3    	2687.24   	70        	5434      	0         	
3738.3    	2690.89   	70        	5434      	0         	
3758.3    	2694.54   	70        	5434      	0         	
3778.3    	2698.18   	70        	5434      	0         	
3798.3    	2701.83   	70        	5434      	0         	
3818.3    	2705.48   	70        	5434      	0         	
3838.3    	2709.14   	70        	5434      	0         	
3858.3    	2712.8    	70        	5434      	0         	
3878.3    	2716.47   	70        	5434      	0         	
3898.3    	2720.15   	70        	5434      	0         	
3918.3    	2723.85   	70        	5434      	0         	
3938.3    	2727.57   	70        	5434      	0         	
3958.3    	2731.29   	70        	5434      	0         	
3978.3    	2735.02   	70        	5434      	0         	
3998.3    	2738.75   	70        	5434      	0         	
4018.3    	2742.48   	70        	5434      	0         	
4038.3    	2746.22   	70        	5434      	0         	
4058.3    	2749.97   	70        	5434      	0         	
4078.3    	2753.72   	70        	5434      	0         	
4098.3    	2757.48   	70        	5434      	0         	
4118.3    	2761.25   	70        	5434      	0         	
4138.3    	2765.02   	70        	5434      	0         	
4158.3    	2768.79   	70        	5434      	0         	
4178.3    	2772.57   	70        	5434      	0         	
4198.3    	2776.35   	70        	5434      	0         	
4218.3    	2780.14   	70        	5434      	0         	
4238.3    	2783.92   	70        	5434      	0         	
4258.3    	2787.72   	70        	5434      	0         	
4278.3    	2791.52   	70        	5434      	0         	
4298.3    	2795.33   	70        	5434      	0         	
4318.3    	2799.15   	70        	5434      	0         	
4338.3    	2802.98   	70        	5434      	0         	
4358.3    	2806.82   	70        	5434      	0         	
4378.3    	2810.66   	70        	5434      	0         	
4398.3    	2814.51   	70        	5434      	0         	
4418.3    	2818.35   	70        	5434      	0         	
4438.3    	2822.2    	70        	5434      	0         	
4458.3    	2826.05   	70        	5434      	0         	
4478.3    	2829.91   	70        	5434      	0         	
4498.3    	2833.76   	70        	5434      	0         	
4518.3    	2837.62   	70        	5434      	0         	
4538.3    	2841.48   	70        	5434      	0         	
4558.3    	2845.35   	70        	5434      	0         	
4578.3    	2849.22   	70        	5434      	0         	
4598.3    	2853.1    	70        	5434      	0         	
4618.3    	2856.99   	70        	5434      	0         	
4638.3    	2860.9    	70        	5434      	0         	
4658.3    	2864.81   	70        	5434      	0         	
4678.3    	2868.73   	70        	5434      	0         	
4698.3    	2872.65   	70        	5434      	0         	
4718.3    	2876.58   	70        	5434      	0         	
4738.3    	2880.52   	70        	5434      	0         	
4758.3    	2884.47   	70        	5434      	0         	
4778.3    	2888.42   	70        	5434      	0         	
4798.3    	2892.4    	70        	5434      	0         	
4818.3    	2896.38   	70        	5434      	0         	
4838.3    	2900.37   	70        	5434      	0         	
4858.3    	2904.36   	70        	5434      	0         	
4878.3    	2908.35   	70        	5434      	0         	
4898.3    	2912.35   	70        	5434      	0         	
4918.3    	2916.36   	70        	5434      	0         	
4938.3    	2920.37   	70        	5434      	0         	
4958.3    	2924.38   	70        	5434      	0         	
4978.3    	2928.39   	70        	5434      	0         	
4998.3    	2932.39   	70        	5434      	0         	
5018.3    	2936.4    	70        	5434      	0         	
5038.3    	2940.41   	70        	5434      	0         	
5058.3    	2944.42   	70        	5434      	0         	
5078.3    	2948.44   	70        	5434      	0         	
5098.3    	2952.47   	70        	5434      	0         	
5118.3    	2956.51   	70        	5434      	0         	
5138.3    	2960.56   	70        	5434      	0         	
5158.3    	2964.61   	70        	5434      	0         	
5178.3    	2968.66   	70        	5434      	0         	
5198.3    	2972.72   	70        	5434      	0         	
5218.3    	2976.78   	70        	5434      	0         	
5238.3    	2980.86   	70        	5434      	0         	
5258.3    	2984.93   	70        	5434      	0         	
5278.3    	2989.02   	70        	5434      	0         	
5298.3    	2993.11   	70        	5434      	0         	
5318.3    	2997.21   	70        	5434      	0         	
5338.3    	3001.31   	70        	5434      	0         	
5358.3    	3005.42   	70        	5434      	0         	
5378.3    	3009.53   	70        	5434      	0         	
5398.3    	3013.64   	70        	5434      	0         	
5418.3    	3017.76   	70        	5434      	0         	
5438.3    	3021.89   	70        	5434      	0         	
5458.3    	3026.03   	70        	5434      	0         	
5478.3    	3030.18   	70        	5434      	0         	
5498.3    	3034.34   	70        	5434      	0         	
5518.3    	3038.5    	70        	5434      	0         	
5538.3    	3042.68   	70        	5434      	0         	
5558.3    	3046.87   	70        	5434      	0         	
5578.3    	3051.07   	70        	5434      	0         	
5598.3    	3055.27   	70        	5434      	0         	
5618.3    	3059.48   	70        	5434      	0         	
5638.3    	3063.7    	70        	5434      	0         	
5658.3    	3067.92   	70        	5434      	0         	
5678.3    	3072.14   	70        	5434      	0         	
5698.3    	3076.36   	70        	5434      	0         	
5718.3    	3080.57   	70        	5434      	0         	
5738.3    	3084.79   	70        	5434      	0         	
5758.3    	3088.99   	70        	5434      	0         	
5778.3    	3093.2    	70        	5434      	0         	
5798.3    	3097.4    	70        	5434      	0         	
5818.3    	3101.61   	70        	5434      	0         	
5838.3    	3105.81   	70        	5434      	0         	
5858.3    	3110.02   	70        	5434      	0         	
5878.3    	3114.23   	70        	5434      	0         	
5898.3    	3118.45   	70        	5434      	0         	
5918.3    	3122.68   	70        	5434      	0         	
5938.3    	3126.92   	70        	5434      	0         	
5958.3    	3131.18   	70        	5434      	0         	
5978.3    	3135.43   	70        	5434      	0         	
5998.3    	3139.69   	70        	5434      	0         	
6018.3    	3143.96   	70        	5434      	0         	
6038.3    	3148.23   	70        	5434      	0         	
6058.3    	3152.5    	70        	5434      	0         	
6078.3    	3156.76   	70        	5434      	0         	
6098.3    	3161.03   	70        	5434      	0         	
6118.3    	3165.29   	70        	5434      	0         	
6138.3    	3169.57   	70        	5434      	0         	
6158.3    	3173.87   	70        	5434      	0         	
6178.3    	3178.19   	70        	5434      	0         	
6198.3    	3182.5    	70        	5434      	0         	
6218.3    	3186.82   	70        	5434      	0         	
6238.3    	3191.14   	70        	5434      	0         	
6258.3    	3195.46   	70        	5434      	0         	
6278.3    	3199.8    	70        	5434      	0         	
6298.3    	3204.14   	70        	5434      	0         	
6318.3    	3208.49   	70        	5434      	0         	
6338.3    	3212.83   	70        	5434      	0         	
6358.3    	3217.18   	70        	5434      	0         	
6378.3    	3221.53   	70        	5434      	0         	
6398.3    	3225.88   	70        	5434      	0         	
6418.3    	3230.23   	70        	5434      	0         	
6438.3    	3234.59   	70        	5434      	0         	
6458.3    	3238.95   	70        	5434      	0         	
6478.3    	3243.3    	70        	5434      	0         	
6498.3    	3247.65   	70        	5434      	0         	
6518.3    	3251.99   	70        	5434      	0         	
6538.3    	3256.33   	70        	5434      	0         	
6558.3    	3260.66   	70        	5434      	0         	
6578.3    	3265      	70        	5434      	0         	
6598.3    	3269.34   	70        	5434      	0         	
6618.3    	3273.7    	70        	5434      	0         	
6638.3    	3278.06   	70        	5434      	0         	
6658.3    	3282.42   	70        	5434      	0         	
6678.3    	3286.79   	70        	5434      	0         	
6698.3    	3291.15   	70        	5434      	0         	
6718.3    	3295.53   	70        	5434      	0         	
6738.3    	3299.92   	70        	5434      	0         	
6758.3    	3304.32   	70        	5434      	0         	
6778.3    	3308.72   	70        	5434      	0         	
6798.3    	3313.13   	70        	5434      	0         	
6818.3    	3317.54   	70        	5434      	0         	
6838.3    	3321.96   	70        	5434      	0         	
6858.3    	3326.38   	70        	5434      	0         	
6878.3    	3330.79   	70        	5434      	0         	
6898.3    	3335.21   	70        	5434      	0         	
6918.3    	3339.62   	70        	5434      	0         	
6938.3    	3344.05   	70        	5434      	0         	
6958.3    	3348.48   	70        	5434      	0         	
6978.3    	3352.9    	70        	5434      	0         	
6998.3    	3357.33   	70        	5434      	0         	
7018.3    	3361.76   	70        	5434      	0         	
7038.3    	3366.18   	70        	5434      	0         	
7058.3    	3370.61   	70        	5434      	0         	
7078.3    	3375.02   	70        	5434      	0         	
7098.3    	3379.44   	70        	5434      	0         	
7118.3    	3383.84   	70        	5434      	0         	
7138.3    	3388.24   	70        	5434      	0         	
7158.3    	3392.63   	70        	5434      	0         	
7178.3    	3397.01   	70        	5434      	0         	
7198.3    	3401.38   	70        	5434      	0         	
7218.3    	3405.75   	70        	5434      	0         	
7238.3    	3410.11   	70        	5434      	0         	
7258.3    	3414.48   	70        	5434      	0         	
7278.3    	3418.85   	70        	5434      	0         	
7298.3    	3423.2    	70        	5434      	0         	
7318.3    	3427.55   	70        	5434      	0         	
7338.3    	3431.92   	70        	5434      	0         	
7358.3    	3436.28   	70        	5434      	0         	
7378.3    	3440.68   	70        	5434      	0         	
7398.3    	3445.09   	70        	5434      	0         	
7418.3    	3449.51   	70        	5434      	0         	
7438.3    	3453.91   	70        	5434      	0         	
7458.3    	3458.28   	70        	5434      	0         	
7478.3    	3462.64   	70        	5434      	0         	
7498.3    	3466.97   	70        	5434      	0         	
7518.3    	3471.29   	70        	5434      	0         	
7538.3    	3475.58   	70        	5434      	0         	
7558.3    	3479.83   	70        	5434      	0         	
7578.3    	3484.1    	70        	5434      	0         	
7598.3    	3488.37   	70        	5434      	0         	
7618.3    	3492.65   	70        	5434      	0         	
7638.3    	3496.92   	70        	5434      	0         	
7658.3    	3501.18   	70        	5434      	0         	
7678.3    	3505.41   	70        	5434      	0         	
7698.3    	3509.61   	70        	5434      	0         	
7718.3    	3513.76   	70        	5434      	0         	
7738.3    	3517.88   	70        	5434      	0         	
7758.3    	3521.96   	70        	5434      	0         	
7778.3    	3526      	70        	5434      	0         	
7798.3    	3530.01   	70        	5434      	0         	
7818.3    	3534      	70        	5434      	0         	
7838.3    	3537.95   	70        	5434      	0         	
7858.3    	3541.83   	70        	5434      	0         	
7878.3    	3545.56   	70        	5434      	0         	
7898.3    	3548.99   	70        	5434      	0         	
7918.3    	3549.89   	70        	5434      	0.493524  	
7938.3    	3552.7    	70        	5434      	1.13564   	
7958.3    	3555.23   	70        	5434      	1.94893   	
7978.3    	3557.53   	70        	5434      	2.97845   	
7998.3    	3559.82   	70        	5434      	4.03789   	
8018.3    	3562.06   	70        	5434      	5.12233   	
8038.3    	3564.12   	70        	5434      	6.32234   	
8058.3    	3566.05   	70        	5434      	7.57994   	
8078.3    	3567.81   	70        	5434      	8.89912   	
8098.3    	3569.37   	70        	5434      	10.2949   	
8118.3    	3570.74   	70        	5434      	11.7826   	
8138.3    	3571.89   	70        	5434      	13.3766   	
8158.3    	3572.78   	70        	5434      	15.091    	
8178.3    	3573.39   	70        	5434      	16.9397   	
8198.3    	3573.72   	70        	5434      	18.9365   	
8218.3    	3573.78   	70        	5434      	21.0957   	
8238.3    	3573.5    	70        	5434      	23.4324   	
8258.3    	3572.84   	70        	5434      	25.9619   	
8278.3    	3571.73   	70        	5434      	28.7065   	
8298.3    	3570.13   	70        	5434      	31.6936   	
8318.3    	3568      	70        	5434      	34.9553   	
8338.3    	3565.28   	70        	5434      	38.5289   	
8358.3    	3561.92   	70        	5434      	42.4558   	
8378.3    	3557.85   	70        	5434      	46.7785   	
8398.3    	3552.99   	70        	5434      	51.5403   	
8418.3    	3547.36   	70        	5434      	56.7843   	
8438.3    	3540.87   	70        	5434      	62.5544   	
8458.3    	3533.42   	70        	5434      	68.9519   	
8478.3    	3524.58   	70        	5434      	76.148    	
8498.3    	3514.2    	70        	5434      	84.276    	
8518.3    	3501.9    	70        	5434      	93.5923   	
8538.3    	3487.24   	70        	5434      	104.418   	
8558.3    	3470.04   	70        	5434      	116.945   	
8578.3    	3449.23   	70        	5434      	132.037   	
8598.3    	3425.92   	70        	5434      	148.959   	
8618.3    	3400.79   	70        	5434      	167.051   	
8638.3    	3372.31   	70        	5434      	188.009   	
8658.3    	3339.87   	70        	5434      	211.954   	
8678.3    	3304.85   	70        	5434      	237.59    	
8698.3    	3266.78   	70        	5434      	265.209   	
8718.3    	3225.52   	70        	5434      	294.944   	
8738.3    	3180.61   	70        	5434      	326.995   	
8758.3    	3131.66   	70        	5434      	361.628   	
8778.3    	3078.45   	70        	5434      	399.086   	
8798.3    	3020.55   	70        	5434      	439.593   	
8818.3    	2957.61   	70        	5434      	483.361   	
8838.3    	2889.31   	70        	5434      	530.6     	
8858.3    	2815.41   	70        	5434      	581.516   	
8878.3    	2736.16   	70        	5434      	636.321   	
8898.3    	2651      	70        	5434      	695.147   	
8918.3    	2560.04   	70        	5434      	758.1     	
8938.3    	2462.68   	70        	5434      	825.22    	
8958.3    	2359.76   	70        	5434      	896.502   	
8978.3    	2252.2    	70        	5434      	972.063   	
8998.3    	2138.15   	70        	5434      	1052.03   	
9018.3    	2030.46   	70        	5434.03   	1135.79   	
9038.3    	1921.54   	70        	5434      	1222.74   	
9058.3    	1808.38   	70        	5434      	1313.41   	
9078.3    	1690.31   	70        	5434      	1407.76   	
9098.3    	1566.78   	70        	5434      	1505.92   	
9118.3    	1438.35   	70        	5434      	1607.52   	
9138.3    	1304.49   	70        	5434      	1712.71   	
9158.3    	1165.89   	70        	5434      	1821.35   	
9178.3    	1022.24   	70        	5434      	1933.18   	
9198.3    	1000      	70        	5284.34   	1988.95   	
9218.3    	1000      	70        	5123.72   	2033.8    	
9238.3    	1000      	70        	4975.66   	2076.78   	
9258.3    	1000      	70        	4837.5    	2117.45   	
9278.3    	1000      	70        	4707.99   	2155.86   	
9298.3    	1000      	70        	4586.49   	2192.21   	
9318.3    	1000      	70        	4472.71   	2226.73   	
9338.3    	1000      	70        	4365.68   	2259.49   	
9358.3    	1000      	70        	4265.45   	2290.83   	
9378.3    	1000      	70        	4170.52   	2320.74   	
9398.3    	1000      	70        	4080.68   	2349.4    	
9418.3    	1000      	70        	3995.85   	2377.04   	
9438.3    	1000      	70        	3915.83   	2403.94   	
9458.3    	1000      	70        	3840.12   	2430.19   	
9478.3    	1000      	70        	3768.66   	2455.98   	
9498.3    	1000      	70        	3700.31   	2480.84   	
9518.3    	1000      	70        	3635.49   	2505.23   	
9538.3    	1000      	70        	3581.12   	2533.98   	
9558.3    	1000      	70        	3529.84   	2562.11   	
9578.3    	1000      	70        	3482.23   	2589.96   	
9598.3    	1000      	70        	3436.84   	2617.17   	
9618.3    	1000      	70        	3393.24   	2643.76   	
9638.3    	1000      	70        	3351.3    	2669.67   	
9658.3    	1000      	70        	3310.63   	2694.89   	
9678.3    	1000      	70        	3271.32   	2719.45   	
9698.3    	1000      	70        	3233      	2743.45   	
9718.3    	1000      	70        	3195.77   	2766.9    	
9738.3    	1000      	70        	3159.58   	2789.79   	
9758.3    	1000      	70        	3124.45   	2812.14   	
9778.3    	1000      	70        	3090.2    	2834.02   	
9798.3    	1000      	70        	3056.69   	2855.5    	
9818.3    	1000      	70        	3023.86   	2876.61   	
9838.3    	1000      	70        	2991.72   	2897.38   	
9858.3    	1000      	70        	2960.36   	2917.83   	
9878.3    	1000      	70        	2929.73   	2937.89   	
9898.3    	1000      	70        	2899.85   	2957.56   	
9918.3    	1000      	70        	2870.73   	2976.86   	
9938.3    	1000      	70        	2842.26   	2995.76   	
9958.3    	1000      	70        	2814.39   	3014.33   	
9978.3    	1000      	70        	2787.06   	3032.6    	
9998.3    	1000      	70        	2760.27   	3050.62   	
10018.3   	1000      	70        	2733.95   	3068.37   	
10038.3   	1000      	70        	2708.1    	3085.88   	
10058.3   	1000      	70        	2682.71   	3103.15   	
10078.3   	1000      	70        	2657.83   	3120.21   	
10098.3   	1000      	70        	2633.46   	3137.06   	
10118.3   	1000      	70        	2609.6    	3153.66   	
10138.3   	1000      	70        	2586.24   	3169.96   	
10158.3   	1000      	70        	2563.38   	3186      	
10178.3   	1000      	70        	2541      	3201.77   	
10198.3   	1000      	70        	2519.07   	3217.27   	
10218.3   	1000      	70        	2497.63   	3232.56   	
10238.3   	1000      	70        	2476.62   	3247.6    	
10258.3   	1000      	70        	2456.02   	3262.4    	
10278.3   	1000      	70        	2435.82   	3276.96   	
10298.3   	1000      	70        	2415.99   	3291.32   	
10318.3   	1000      	70        	2396.51   	3305.48   	
10338.3   	1000      	70        	2377.37   	3319.47   	
10358.3   	1000      	70        	2358.53   	3333.28   	
10378.3   	1000      	70        	2339.99   	3346.92   	
10398.3   	1000      	70        	2321.72   	3360.41   	
10418.3   	1000      	70        	2303.73   	3373.75   	
10438.3   	1000      	70        	2286      	3386.93   	
10458.3   	1000      	70        	2268.53   	3399.99   	
10478.3   	1000      	70        	2251.33   	3412.89   	
10498.3   	1000      	70        	2234.38   	3425.65   	
10518.3   	1000      	70        	2217.68   	3438.26   	
10538.3   	1000      	70        	2201.24   	3450.72   	
10558.3   	1000      	70        	2185.03   	3463.03   	
10578.3   	1000      	70        	2169.07   	3475.19   	
10598.3   	1000      	70        	2153.35   	3487.22   	
10618.3   	1000      	70        	2137.85   	3499.1    	
10638.3   	1000      	70        	2122.58   	3510.85   	
10658.3   	1000      	70        	2107.53   	3522.46   	
10678.3   	1000      	70        	2092.68   	3533.95   	
10698.3   	1000      	70        	2078.04   	3545.31   	
10718.3   	1000      	70        	2063.6    	3556.56   	
10738.3   	1000      	70        	2049.42   	3567.71   	
10758.3   	1000      	70        	2035.5    	3578.72   	
10778.3   	1000      	70        	2021.83   	3589.59   	
10798.3   	1000      	70        	2008.35   	3600.33   	
10818.3   	1000      	70        	1995.05   	3610.96   	
10838.3   	1000      	70        	1981.91   	3621.49   	
10858.3   	1000      	70        	1968.91   	3631.92   	
10878.3   	1000      	70        	1956.06   	3642.28   	
10898.3   	1000      	70        	1943.34   	3652.56   	
10918.3   	1000      	70        	1930.85   	3662.8    	
10938.3   	1000      	70        	1918.54   	3672.9    	
10958.3   	1000      	70        	1906.39   	3682.89   	
10978.3   	1000      	70        	1894.38   	3692.79   	
10998.3   	1000      	70        	1882.49   	3702.6    	
11018.3   	1000      	70        	1870.73   	3712.34   	
11038.3   	1000      	70        	1859.08   	3722.01   	
11058.3   	1000      	70        	1847.54   	3731.6    	
11078.3   	1000      	70        	1836.11   	3741.11   	
11098.3   	1000      	70        	1824.8    	3750.56   	
11118.3   	1000      	70        	1813.6    	3759.94   	
11138.3   	1000      	70        	1802.51   	3769.24   	
11158.3   	1000      	70        	1791.54   	3778.46   	
11178.3   	1000      	70        	1780.94   	3787.57   	
11198.3   	1000      	70        	1770.42   	3796.55   	
11218.3   	1000      	70        	1760.15   	3805.47   	
11238.3   	1000      	70        	1749.91   	3814.34   	
11258.3   	1000      	70        	1739.69   	3823.18   	
11278.3   	1000      	70        	1729.72   	3831.98   	
11298.3   	1000      	70        	1719.9    	3840.78   	
11318.3   	1000      	70        	1710.02   	3849.57   	
11338.3   	1000      	70        	1700.18   	3858.33   	
11358.3   	1000      	70        	1690.42   	3867.03   	
11378.3   	1000      	70        	1680.76   	3875.66   	
11398.3   	1000      	70        	1671.19   	3884.22   	
11418.3   	1000      	70        	1661.71   	3892.7    	
11438.3   	1000      	70        	1652.55   	3901.15   	
11458.3   	1000      	70        	1643.3    	3909.59   	
11478.3   	1000      	70        	1634.35   	3918.05   	
11498.3   	1000      	70        	1625.31   	3926.46   	
11518.3   	1000      	70        	1616.38   	3934.8    	
11538.3   	1000      	70        	1607.66   	3943.28   	
11558.3   	1000      	70        	1598.99   	3951.69   	
11578.3   	1000      	70        	1590.4    	3960.03   	
11598.3   	1000      	70        	1582.09   	3968.64   	
11618.3   	1000      	70        	1573.73   	3977.07   	
11638.3   	1000      	70        	1565.45   	3985.41   	
11658.3   	1000      	70        	1557.25   	3993.67   	
11678.3   	1000      	70        	1549.11   	4001.86   	
11698.3   	1000      	70        	1541.05   	4009.96   	
11718.3   	1000      	70        	1533.05   	4017.98   	
11738.3   	1000      	70        	1525.2    	4026      	
11758.3   	1000      	70        	1518.22   	4036.16   	
11778.3   	1000      	70        	1511.33   	4046.22   	
11798.3   	1000      	70        	1504.75   	4056.42   	
11818.3   	1000      	70        	1498.41   	4066.59   	
11838.3   	1000      	70        	1492.09   	4076.69   	
11858.3   	1000      	70        	1485.74   	4086.84   	
11878.3   	1000      	70        	1479.54   	4097      	
11898.3   	1000      	70        	1473.43   	4106.93   	
11918.3   	1000      	70        	1467.46   	4116.73   	
11938.3   	1000      	70        	1461.51   	4126.47   	
11958.3   	1000      	70        	1455.56   	4136.09   	
11978.3   	1000      	70        	1449.63   	4145.6    	
11998.3   	1000      	70        	1443.74   	4154.97   	
12018.3   	1000      	70        	1437.92   	4164.19   	
12038.3   	1000      	70        	1432.25   	4173.19   	
12058.3   	1000      	70        	1426.6    	4182.06   	
12078.3   	1000      	70        	1420.97   	4190.82   	
12098.3   	1000      	70        	1415.36   	4199.45   	
12118.3   	1000      	70        	1409.77   	4207.95   	
12138.3   	1000      	70        	1404.2    	4216.33   	
12158.3   	1000      	70        	1398.66   	4224.59   	
12178.3   	1000      	70        	1393.14   	4232.77   	
12198.3   	1000      	70        	1387.64   	4240.84   	
12218.3   	1000      	70        	1382.18   	4248.78   	
12238.3   	1000      	70        	1376.79   	4256.56   	
12258.3   	1000      	70        	1371.47   	4264.19   	
12278.3   	1000      	70        	1366.17   	4271.71   	
12298.3   	1000      	70        	1360.88   	4279.16   	
12318.3   	1000      	70        	1355.59   	4286.54   	
12338.3   	1000      	70        	1350.3    	4293.86   	
12358.3   	1000      	70        	1345.02   	4301.11   	
12378.3   	1000      	70        	1339.75   	4308.28   	
12398.3   	1000      	70        	1334.48   	4315.37   	
12418.3   	1000      	70        	1329.23   	4322.39   	
12438.3   	1000      	70        	1323.99   	4329.33   	
12458.3   	1000      	70        	1318.76   	4336.19   	
12478.3   	1000      	70        	1313.54   	4342.98   	
12498.3   	1000      	70        	1308.34   	4349.69   	
12518.3   	1000      	70        	1303.14   	4356.33   	
12538.3   	1000      	70        	1297.96   	4362.9    	
12558.3   	1000      	70        	1292.82   	4369.4    	
12578.3   	1000      	70        	1287.71   	4375.79   	
12598.3   	1000      	70        	1282.66   	4382.08   	
12618.3   	1000      	70        	1277.65   	4388.24   	
12638.3   	1000      	70        	1272.68   	4394.31   	
12658.3   	1000      	70        	1267.73   	4400.29   	
12678.3   	1000      	70        	1262.8    	4406.21   	
12698.3   	1000      	70        	1257.88   	4412.07   	
12718.3   	1000      	70        	1252.97   	4417.88   	
12738.3   	1000      	70        	1248.07   	4423.65   	
12758.3   	1000      	70        	1243.17   	4429.38   	
12778.3   	1000      	70        	1238.29   	4435.05   	
12798.3   	1000      	70        	1233.42   	4440.67   	
12818.3   	1000      	70        	1228.56   	4446.24   	
12838.3   	1000      	70        	1223.72   	4451.74   	
12858.3   	1000      	70        	1218.9    	4457.18   	
12878.3   	1000      	70        	1214.1    	4462.55   	
12898.3   	1000      	70        	1209.32   	4467.86   	
12918.3   	1000      	70        	1204.56   	4473.1    	
12938.3   	1000      	70        	1199.83   	4478.28   	
12958.3   	1000      	70        	1195.12   	4483.38   	
12978.3   	1000      	70        	1190.44   	4488.42   	
12998.3   	1000      	70        	1185.79   	4493.4    	
13018.3   	1000      	70        	1181.17   	4498.32   	
13038.3   	1000      	70        	1176.58   	4503.16   	
13058.3   	1000      	70        	1172.02   	4507.92   	
13078.3   	1000      	70        	1167.5    	4512.6    	
13098.3   	1000      	70        	1163.02   	4517.22   	
13118.3   	1000      	70        	1158.57   	4521.76   	
13138.3   	1000      	70        	1154.16   	4526.23   	
13158.3   	1000      	70        	1149.79   	4530.62   	
13178.3   	1000      	70        	1145.45   	4534.93   	
13198.3   	1000      	70        	1141.14   	4539.16   	
13218.3   	1000      	70        	1136.87   	4543.33   	
13238.3   	1000      	70        	1132.63   	4547.44   	
13258.3   	1000      	70        	1128.42   	4551.48   	
13278.3   	1000      	70        	1124.23   	4555.47   	
13298.3   	1000      	70        	1120.07   	4559.41   	
13318.3   	1000      	70        	1115.93   	4563.31   	
13338.3   	1000      	70        	1111.81   	4567.16   	
13358.3   	1000      	70        	1107.72   	4570.98   	
13378.3   	1000      	70        	1103.64   	4574.75   	
13398.3   	1000      	70        	1099.59   	4578.48   	
13418.3   	1000      	70        	1095.56   	4582.17   	
13438.3   	1000      	70        	1091.54   	4585.82   	
13458.3   	1000      	70        	1087.55   	4589.44   	
13478.3   	1000      	70        	1083.57   	4593.01   	
13498.3   	1000      	70        	1079.62   	4596.55   	
13518.3   	1000      	70        	1075.68   	4600.05   	
13538.3   	1000      	70        	1071.77   	4603.52   	
13558.3   	1000      	70        	1067.88   	4606.95   	
13578.3   	1000      	70        	1064      	4610.34   	
13598.3   	1000      	70        	1060.15   	4613.69   	
13618.3   	1000      	70        	1056.32   	4617      	
13638.3   	1000      	70        	1052.52   	4620.27   	
13658.3   	1000      	70        	1048.74   	4623.5    	
13678.3   	1000      	70        	1044.98   	4626.69   	
13698.3   	1000      	70        	1041.25   	4629.84   	
13718.3   	1000      	70        	1037.54   	4632.94   	
13738.3   	1000      	70        	1033.86   	4636.01   	
13758.3   	1000      	70        	1030.2    	4639.04   	
13778.3   	1000      	70        	1026.56   	4642.03   	
13798.3   	1000      	70        	1022.95   	4645      	
13818.3   	1000      	70        	1019.36   	4647.93   	
13838.3   	1000      	70        	1015.8    	4650.83   	
13858.3   	1000      	70        	1012.26   	4653.69   	
13878.3   	1000      	70        	1008.74   	4656.53   	
13898.3   	1000      	70        	1005.24   	4659.33   	
13918.3   	1000      	70        	1001.77   	4662.1    	
13938.3   	1000      	70        	998.316   	4664.83   	
13958.3   	1000      	70        	994.889   	4667.53   	
13978.3   	1000      	70        	991.486   	4670.19   	
13998.3   	1000      	70        	988.107   	4672.81   	
14018.3   	1000      	70        	984.752   	4675.4    	
14038.3   	1000      	70        	981.422   	4677.96   	
14058.3   	1000      	70        	978.116   	4680.47   	
14078.3   	1000      	70        	974.835   	4682.96   	
14098.3   	1000      	70        	971.578   	4685.41   	
14118.3   	1000      	70        	968.345   	4687.82   	
14138.3   	1000      	70        	965.135   	4690.21   	
14158.3   	1000      	70        	961.949   	4692.56   	
14178.3   	1000      	70        	958.786   	4694.89   	
14198.3   	1000      	70        	955.645   	4697.19   	
14218.3   	1000      	70        	952.527   	4699.46   	
14238.3   	1000      	70        	949.43    	4701.71   	
14258.3   	1000      	70        	946.354   	4703.93   	
14278.3   	1000      	70        	943.299   	4706.13   	
14298.3   	1000      	70        	940.264   	4708.31   	
14318.3   	1000      	70        	937.249   	4710.46   	
14338.3   	1000      	70        	934.254   	4712.59   	
14358.3   	1000      	70        	931.278   	4714.7    	
14378.3   	1000      	70        	928.321   	4716.78   	
14398.3   	1000      	70        	925.383   	4718.84   	
14418.3   	1000      	70        	922.464   	4720.89   	
14438.3   	1000      	70        	919.563   	4722.91   	
14458.3   	1000      	70        	916.681   	4724.92   	
14478.3   	1000      	70        	913.816   	4726.91   	
14498.3   	1000      	70        	910.969   	4728.88   	
14518.3   	1000      	70        	908.14    	4730.83   	
14538.3   	1000      	70        	905.328   	4732.76   	
14558.3   	1000      	70        	902.533   	4734.68   	
14578.3   	1000      	70        	899.754   	4736.59   	
14598.3   	1000      	70        	896.992   	4738.47   	
14618.3   	1000      	70        	894.246   	4740.34   	
14638.3   	1000      	70        	891.516   	4742.2    	
14658.3   	1000      	70        	888.801   	4744.05   	
14678.3   	1000      	70        	886.102   	4745.88   	
14698.3   	1000      	70        	883.418   	4747.69   	
14718.3   	1000      	70        	880.749   	4749.5    	
14738.3   	1000      	70        	878.095   	4751.29   	
14758.3   	1000      	70        	875.454   	4753.08   	
14778.3   	1000      	70        	872.829   	4754.85   	
14798.3   	1000      	70        	870.217   	4756.61   	
14818.3   	1000      	70        	867.619   	4758.36   	
14838.3   	1000      	70        	865.035   	4760.11   	
14858.3   	1000      	70        	862.465   	4761.84   	
14878.3   	1000      	70        	859.907   	4763.57   	
14898.3   	1000      	70        	857.363   	4765.29   	
14918.3   	1000      	70        	854.832   	4766.99   	
14938.3   	1000      	70        	852.314   	4768.69   	
14958.3   	1000      	70        	849.809   	4770.38   	
14978.3   	1000      	70        	847.316   	4772.06   	
14998.3   	1000      	70        	844.836   	4773.73   	
15018.3   	1000      	70        	842.368   	4775.39   	
15038.3   	1000      	70        	839.913   	4777.04   	
15058.3   	1000      	70        	837.47    	4778.68   	
15078.3   	1000      	70        	835.04    	4780.32   	
15098.3   	1000      	70        	832.622   	4781.94   	
15118.3   	1000      	70        	830.217   	4783.56   	
15138.3   	1000      	70        	827.824   	4785.16   	
15158.3   	1000      	70        	825.443   	4786.76   	
15178.3   	1000      	70        	823.074   	4788.34   	
15198.3   	1000      	70        	820.718   	4789.92   	
15218.3   	1000      	70        	818.374   	4791.49   	
15238.3   	1000      	70        	816.042   	4793.05   	
15258.3   	1000      	70        	813.723   	4794.6    	
15278.3   	1000      	70        	811.416   	4796.15   	
15298.3   	1000      	70        	809.121   	4797.68   	
15318.3   	1000      	70        	806.838   	4799.21   	
15338.3   	1000      	70        	804.567   	4800.72   	
15358.3   	1000      	70        	802.307   	4802.23   	
15378.3   	1000      	70        	800.06    	4803.73   	
15398.3   	1000      	70        	797.825   	4805.22   	
15418.3   	1000      	70        	795.602   	4806.7    	
15438.3   	1000      	70        	793.391   	4808.17   	
15458.3   	1000      	70        	791.192   	4809.63   	
15478.3   	1000      	70        	789.005   	4811.09   	
15498.3   	1000      	70        	786.829   	4812.53   	
15518.3   	1000      	70        	784.665   	4813.97   	
15538.3   	1000      	70        	782.513   	4815.4    	
15558.3   	1000      	70        	780.373   	4816.82   	
15578.3   	1000      	70        	778.244   	4818.23   	
15598.3   	1000      	70        	776.126   	4819.63   	
15618.3   	1000      	70        	774.021   	4821.03   	
15638.3   	1000      	70        	771.926   	4822.41   	
15658.3   	1000      	70        	769.843   	4823.79   	
15678.3   	1000      	70        	767.771   	4825.16   	
15698.3   	1000      	70        	765.71    	4826.52   	
15718.3   	1000      	70        	763.66    	4827.88   	
15738.3   	1000      	70        	761.621   	4829.22   	
15758.3   	1000      	70        	759.594   	4830.57   	
15778.3   	1000      	70        	757.578   	4831.9    	
15798.3   	1000      	70        	755.572   	4833.23   	
15818.3   	1000      	70        	753.578   	4834.55   	
15838.3   	1000      	70        	751.594   	4835.86   	
15858.3   	1000      	70        	749.621   	4837.17   	
15878.3   	1000      	70        	747.659   	4838.46   	
15898.3   	1000      	70        	745.707   	4839.75   	
15918.3   	1000      	70        	743.766   	4841.03   	
15938.3   	1000      	70        	741.836   	4842.31   	
15958.3   	1000      	70        	739.916   	4843.57   	
15978.3   	1000      	70        	738.007   	4844.83   	
15998.3   	1000      	70        	736.108   	4846.08   	
16018.3   	1000      	70        	734.22    	4847.32   	
16038.3   	1000      	70        	732.343   	4848.55   	
16058.3   	1000      	70        	730.476   	4849.78   	
16078.3   	1000      	70        	728.619   	4851      	
16098.3   	1000      	70        	726.773   	4852.21   	
16118.3   	1000      	70        	724.937   	4853.41   	
16138.3   	1000      	70        	723.112   	4854.6    	
16158.3   	1000      	70        	721.296   	4855.79   	
16178.3   	1000      	70        	719.491   	4856.97   	
16198.3   	1000      	70        	717.696   	4858.15   	
16218.3   	1000      	70        	715.91    	4859.31   	
16238.3   	1000      	70        	714.135   	4860.47   	
16258.3   	1000      	70        	712.369   	4861.62   	
16278.3   	1000      	70        	710.614   	4862.77   	
16298.3   	1000      	70        	708.867   	4863.91   	
16318.3   	1000      	70        	707.13    	4865.05   	
16338.3   	1000      	70        	705.403   	4866.17   	
16358.3   	1000      	70        	703.685   	4867.29   	
16378.3   	1000      	70        	701.975   	4868.41   	
16398.3   	1000      	70        	700.275   	4869.52   	
16418.3   	1000      	70        	698.584   	4870.62   	
16438.3   	1000      	70        	696.902   	4871.72   	
16458.3   	1000      	70        	695.228   	4872.82   	
16478.3   	1000      	70        	693.563   	4873.9    	
16498.3   	1000      	70        	691.906   	4874.99   	
16518.3   	1000      	70        	690.258   	4876.07   	
16538.3   	1000      	70        	688.618   	4877.14   	
16558.3   	1000      	70        	686.986   	4878.21   	
16578.3   	1000      	70        	685.362   	4879.27   	
16598.3   	1000      	70        	683.746   	4880.34   	
16618.3   	1000      	70        	682.138   	4881.39   	
16638.3   	1000      	70        	680.538   	4882.44   	
16658.3   	1000      	70        	678.945   	4883.49   	
16678.3   	1000      	70        	677.36    	4884.54   	
16698.3   	1000      	70        	675.782   	4885.58   	
16718.3   	1000      	70        	674.211   	4886.62   	
16738.3   	1000      	70        	672.648   	4887.65   	
16758.3   	1000      	70        	671.091   	4888.68   	
16778.3   	1000      	70        	669.542   	4889.71   	
16798.3   	1000      	70        	668       	4890.73   	
16818.3   	1000      	70        	666.464   	4891.75   	
16838.3   	1000      	70        	664.936   	4892.77   	
16858.3   	1000      	70        	663.414   	4893.79   	
16878.3   	1000      	70        	661.898   	4894.81   	
16898.3   	1000      	70        	660.39    	4895.82   	
16918.3   	1000      	70        	658.887   	4896.83   	
16938.3   	1000      	70        	657.391   	4897.84   	
16958.3   	1000      	70        	655.902   	4898.84   	
16978.3   	1000      	70        	654.418   	4899.84   	
16998.3   	1000      	70        	652.941   	4900.84   	
17018.3   	1000      	70        	651.469   	4901.84   	
17038.3   	1000      	70        	650.004   	4902.83   	
17058.3   	1000      	70        	648.545   	4903.82   	
17078.3   	1000      	70        	647.092   	4904.81   	
17098.3   	1000      	70        	645.644   	4905.8    	
17118.3   	1000      	70        	644.202   	4906.79   	
17138.3   	1000      	70        	642.767   	4907.77   	
17158.3   	1000      	70        	641.336   	4908.75   	
17178.3   	1000      	70        	639.912   	4909.72   	
17198.3   	1000      	70        	638.493   	4910.7    	
17218.3   	1000      	70        	637.08    	4911.67   	
17238.3   	1000      	70        	635.673   	4912.64   	
17258.3   	1000      	70        	634.272   	4913.61   	
17278.3   	1000      	70        	632.876   	4914.57   	
17298.3   	1000      	70        	631.485   	4915.53   	
17318.3   	1000      	70        	630.101   	4916.49   	
17338.3   	1000      	70        	628.722   	4917.45   	
17358.3   	1000      	70        	627.349   	4918.4    	
17378.3   	1000      	70        	625.981   	4919.35   	
17398.3   	1000      	70        	624.619   	4920.29   	
17418.3   	1000      	70        	623.263   	4921.24   	
17438.3   	1000      	70        	621.912   	4922.18   	
17458.3   	1000      	70        	620.567   	4923.12   	
17478.3   	1000      	70        	619.227   	4924.05   	
17498.3   	1000      	70        	617.893   	4924.98   	
17518.3   	1000      	70        	616.564   	4925.91   	
17538.3   	1000      	70        	615.241   	4926.84   	
17558.3   	1000      	70        	613.924   	4927.76   	
17578.3   	1000      	70        	612.612   	4928.68   	
17598.3   	1000      	70        	611.305   	4929.6    	
17618.3   	1000      	70        	610.004   	4930.51   	
17638.3   	1000      	70        	608.708   	4931.43   	
17658.3   	1000      	70        	607.418   	4932.33   	
17678.3   	1000      	70        	606.133   	4933.24   	
17698.3   	1000      	70        	604.853   	4934.14   	
17718.3   	1000      	70        	603.579   	4935.04   	
17738.3   	1000      	70        	602.31    	4935.93   	
17758.3   	1000      	70        	601.047   	4936.82   	
17778.3   	1000      	70        	599.789   	4937.71   	
17798.3   	1000      	70        	598.536   	4938.6    	
17818.3   	1000      	70        	597.289   	4939.48   	
17838.3   	1000      	70        	596.047   	4940.35   	
17858.3   	1000      	70        	594.81    	4941.23   	
17878.3   	1000      	70        	593.579   	4942.1    	
17898.3   	1000      	70        	592.353   	4942.96   	
17918.3   	1000      	70        	591.133   	4943.83   	
17938.3   	1000      	70        	589.917   	4944.69   	
17958.3   	1000      	70        	588.707   	4945.55   	
17978.3   	1000      	70        	587.502   	4946.4    	
17998.3   	1000      	70        	586.302   	4947.25   	
18000     	1000      	70        	586.2     	4947.32   	
