Results for well: RES1_INJ.out in the reservoir: RES1_INJ.out

time	BHP	Temp	q(Oil)	q(Water)
days	psi	F	stb/d	stb/d
0         	0         	-         	0         	0         	
0.1       	6258.17   	70        	0         	-5434.4   	
0.2       	6710.58   	70        	0         	-5434.41  	
0.3       	6649.62   	70        	0         	-5434.4   	
0.430407  	6520.27   	70        	0         	-5434.4   	
0.6019    	6467.92   	70        	0         	-5434.4   	
0.825171  	6357.84   	70        	0         	-5434.4   	
1.10952   	6299.94   	70        	0         	-5434.4   	
1.47104   	6278.99   	70        	0         	-5434.4   	
1.93078   	6269.66   	70        	0         	-5434.4   	
2.53487   	6264.23   	70        	0         	-5434.4   	
3.34129   	6268.03   	70        	0         	-5434.4   	
4.40038   	6275.93   	70        	0         	-5434.4   	
5.77509   	6306.46   	70        	0         	-5434.4   	
7.56582   	6345.67   	70        	0         	-5434.4   	
9.88653   	6374.67   	70        	0         	-5434.4   	
12.9066   	6396.26   	70        	0         	-5434.4   	
16.8205   	6419.73   	70        	0         	-5434.4   	
21.8193   	6443.12   	70        	0         	-5434.4   	
28.2398   	6468.82   	70        	0         	-5434.4   	
36.4613   	6482.62   	70        	0         	-5434.4   	
47.2034   	6494.66   	70        	0         	-5434.4   	
60.8945   	6507.52   	70        	0         	-5434.4   	
78.3025   	6523.66   	70        	0         	-5434.4   	
98.3025   	6528.92   	70        	0         	-5434.4   	
118.302   	6533.49   	70        	0         	-5434.4   	
138.302   	6533.54   	70        	0         	-5434.4   	
158.302   	6538.5    	70        	0         	-5434.4   	
178.302   	6543.26   	70        	0         	-5434.4   	
198.302   	6548.61   	70        	0         	-5434.4   	
218.302   	6553.6    	70        	0         	-5434.4   	
238.302   	6557.16   	70        	0         	-5434.4   	
258.302   	6559.79   	70        	0         	-5434.4   	
278.302   	6560.1    	70        	0         	-5434.4   	
298.302   	6561.09   	70        	0         	-5434.4   	
318.302   	6562.69   	70        	0         	-5434.4   	
338.302   	6564.1    	70        	0         	-5434.4   	
358.302   	6565.69   	70        	0         	-5434.4   	
378.302   	6567.25   	70        	0         	-5434.4   	
398.302   	6569.05   	70        	0         	-5434.4   	
418.302   	6571.61   	70        	0         	-5434.4   	
438.302   	6575.03   	70        	0         	-5434.4   	
458.302   	6578.97   	70        	0         	-5434.4   	
478.302   	6582.94   	70        	0         	-5434.4   	
498.302   	6586.27   	70        	0         	-5434.4   	
518.302   	6589.2    	70        	0         	-5434.4   	
538.302   	6591.92   	70        	0         	-5434.4   	
558.302   	6594.61   	70        	0         	-5434.4   	
578.302   	6597.35   	70        	0         	-5434.4   	
598.302   	6600.08   	70        	0         	-5434.4   	
618.302   	6603.15   	70        	0         	-5434.4   	
638.302   	6605.9    	70        	0         	-5434.4   	
658.302   	6608.21   	70        	0         	-5434.4   	
678.302   	6610.61   	70        	0         	-5434.4   	
698.302   	6613.13   	70        	0         	-5434.4   	
718.302   	6615.84   	70        	0         	-5434.4   	
738.302   	6618.72   	70        	0         	-5434.4   	
758.302   	6621.71   	70        	0         	-5434.4   	
778.302   	6624.59   	70        	0         	-5434.4   	
798.302   	6627.2    	70        	0         	-5434.4   	
818.302   	6629.85   	70        	0         	-5434.4   	
838.302   	6632.6    	70        	0         	-5434.4   	
858.302   	6635.17   	70        	0         	-5434.4   	
878.302   	6637.62   	70        	0         	-5434.4   	
898.302   	6640.06   	70        	0         	-5434.4   	
918.302   	6642.66   	70        	0         	-5434.4   	
938.302   	6645.45   	70        	0         	-5434.4   	
958.302   	6648.32   	70        	0         	-5434.4   	
978.302   	6651.21   	70        	0         	-5434.4   	
998.302   	6653.91   	70        	0         	-5434.4   	
1018.3    	6656.58   	70        	0         	-5434.4   	
1038.3    	6659.21   	70        	0         	-5434.4   	
1058.3    	6661.85   	70        	0         	-5434.4   	
1078.3    	6664.53   	70        	0         	-5434.4   	
1098.3    	6667.3    	70        	0         	-5434.4   	
1118.3    	6670.14   	70        	0         	-5434.4   	
1138.3    	6673.05   	70        	0         	-5434.4   	
1158.3    	6675.98   	70        	0         	-5434.4   	
1178.3    	6678.83   	70        	0         	-5434.4   	
1198.3    	6681.66   	70        	0         	-5434.4   	
1218.3    	6684.46   	70        	0         	-5434.4   	
1238.3    	6687.23   	70        	0         	-5434.4   	
1258.3    	6689.98   	70        	0         	-5434.4   	
1278.3    	6692.67   	70        	0         	-5434.4   	
1298.3    	6695.25   	70        	0         	-5434.4   	
1318.3    	6697.85   	70        	0         	-5434.4   	
1338.3    	6700.53   	70        	0         	-5434.4   	
1358.3    	6703.32   	70        	0         	-5434.4   	
1378.3    	6706.21   	70        	0         	-5434.4   	
1398.3    	6709.1    	70        	0         	-5434.4   	
1418.3    	6711.95   	70        	0         	-5434.4   	
1438.3    	6714.73   	70        	0         	-5434.4   	
1458.3    	6717.55   	70        	0         	-5434.4   	
1478.3    	6720.41   	70        	0         	-5434.4   	
1498.3    	6723.28   	70        	0         	-5434.4   	
1518.3    	6726.12   	70        	0         	-5434.4   	
1538.3    	6728.99   	70        	0         	-5434.4   	
1558.3    	6731.88   	70        	0         	-5434.4   	
1578.3    	6734.83   	70        	0         	-5434.4   	
1598.3    	6737.81   	70        	0         	-5434.4   	
1618.3    	6740.82   	70        	0         	-5434.4   	
1638.3    	6743.72   	70        	0         	-5434.4   	
1658.3    	6746.53   	70        	0         	-5434.4   	
1678.3    	6749.3    	70        	0         	-5434.4   	
1698.3    	6752.06   	70        	0         	-5434.4   	
1718.3    	6754.81   	70        	0         	-5434.4   	
1738.3    	6757.6    	70        	0         	-5434.4   	
1758.3    	6760.41   	70        	0         	-5434.4   	
1778.3    	6763.18   	70        	0         	-5434.4   	
1798.3    	6765.98   	70        	0         	-5434.4   	
1818.3    	6768.75   	70        	0         	-5434.4   	
1838.3    	6771.54   	70        	0         	-5434.4   	
1858.3    	6774.36   	70        	0         	-5434.4   	
1878.3    	6777.23   	70        	0         	-5434.4   	
1898.3    	6780.13   	70        	0         	-5434.4   	
1918.3    	6783.03   	70        	0         	-5434.4   	
1938.3    	6785.94   	70        	0         	-5434.4   	
1958.3    	6788.84   	70        	0         	-5434.4   	
1978.3    	6791.75   	70        	0         	-5434.4   	
1998.3    	6794.68   	70        	0         	-5434.4   	
2018.3    	6797.65   	70        	0         	-5434.4   	
2038.3    	6800.64   	70        	0         	-5434.4   	
2058.3    	6803.6    	70        	0         	-5434.4   	
2078.3    	6806.56   	70        	0         	-5434.4   	
2098.3    	6809.51   	70        	0         	-5434.4   	
2118.3    	6812.47   	70        	0         	-5434.4   	
2138.3    	6815.44   	70        	0         	-5434.4   	
2158.3    	6818.41   	70        	0         	-5434.4   	
2178.3    	6821.37   	70        	0         	-5434.4   	
2198.3    	6824.3    	70        	0         	-5434.4   	
2218.3    	6827.21   	70        	0         	-5434.4   	
2238.3    	6830.1    	70        	0         	-5434.4   	
2258.3    	6832.99   	70        	0         	-5434.4   	
2278.3    	6835.87   	70        	0         	-5434.4   	
2298.3    	6838.78   	70        	0         	-5434.4   	
2318.3    	6841.71   	70        	0         	-5434.4   	
2338.3    	6844.65   	70        	0         	-5434.4   	
2358.3    	6847.57   	70        	0         	-5434.4   	
2378.3    	6850.51   	70        	0         	-5434.4   	
2398.3    	6853.45   	70        	0         	-5434.4   	
2418.3    	6856.4    	70        	0         	-5434.4   	
2438.3    	6859.37   	70        	0         	-5434.4   	
2458.3    	6862.34   	70        	0         	-5434.4   	
2478.3    	6865.34   	70        	0         	-5434.4   	
2498.3    	6868.36   	70        	0         	-5434.4   	
2518.3    	6871.38   	70        	0         	-5434.4   	
2538.3    	6874.41   	70        	0         	-5434.4   	
2558.3    	6877.45   	70        	0         	-5434.4   	
2578.3    	6880.5    	70        	0         	-5434.4   	
2598.3    	6883.55   	70        	0         	-5434.4   	
2618.3    	6886.6    	70        	0         	-5434.4   	
2638.3    	6889.64   	70        	0         	-5434.4   	
2658.3    	6892.68   	70        	0         	-5434.4   	
2678.3    	6895.72   	70        	0         	-5434.4   	
2698.3    	6898.76   	70        	0         	-5434.4   	
2718.3    	6901.8    	70        	0         	-5434.4   	
2738.3    	6904.84   	70        	0         	-5434.4   	
2758.3    	6907.89   	70        	0         	-5434.4   	
2778.3    	6910.94   	70        	0         	-5434.4   	
2798.3    	6914      	70        	0         	-5434.4   	
2818.3    	6917.06   	70        	0         	-5434.4   	
2838.3    	6920.12   	70        	0         	-5434.4   	
2858.3    	6923.19   	70        	0         	-5434.4   	
2878.3    	6926.25   	70        	0         	-5434.4   	
2898.3    	6929.3    	70        	0         	-5434.4   	
2918.3    	6932.34   	70        	0         	-5434.4   	
2938.3    	6935.4    	70        	0         	-5434.4   	
2958.3    	6938.46   	70        	0         	-5434.4   	
2978.3    	6941.54   	70        	0         	-5434.4   	
2998.3    	6944.63   	70        	0         	-5434.4   	
3018.3    	6947.73   	70        	0         	-5434.4   	
3038.3    	6950.83   	70        	0         	-5434.4   	
3058.3    	6953.94   	70        	0         	-5434.4   	
3078.3    	6957.06   	70        	0         	-5434.4   	
3098.3    	6960.21   	70        	0         	-5434.4   	
3118.3    	6963.38   	70        	0         	-5434.4   	
3138.3    	6966.56   	70        	0         	-5434.4   	
3158.3    	6969.75   	70        	0         	-5434.4   	
3178.3    	6972.94   	70        	0         	-5434.4   	
3198.3    	6976.12   	70        	0         	-5434.4   	
3218.3    	6979.3    	70        	0         	-5434.4   	
3238.3    	6982.47   	70        	0         	-5434.4   	
3258.3    	6985.63   	70        	0         	-5434.4   	
3278.3    	6988.8    	70        	0         	-5434.4   	
3298.3    	6991.98   	70        	0         	-5434.4   	
3318.3    	6995.17   	70        	0         	-5434.4   	
3338.3    	6998.37   	70        	0         	-5434.4   	
3358.3    	7001.56   	70        	0         	-5434.4   	
3378.3    	7004.76   	70        	0         	-5434.4   	
3398.3    	7007.97   	70        	0         	-5434.4   	
3418.3    	7011.18   	70        	0         	-5434.4   	
3438.3    	7014.4    	70        	0         	-5434.4   	
3458.3    	7017.62   	70        	0         	-5434.4   	
3478.3    	7020.86   	70        	0         	-5434.4   	
3498.3    	7024.1    	70        	0         	-5434.4   	
3518.3    	7027.34   	70        	0         	-5434.4   	
3538.3    	7030.57   	70        	0         	-5434.4   	
3558.3    	7033.8    	70        	0         	-5434.4   	
3578.3    	7037.03   	70        	0         	-5434.4   	
3598.3    	7040.27   	70        	0         	-5434.4   	
3618.3    	7043.51   	70        	0         	-5434.4   	
3638.3    	7046.77   	70        	0         	-5434.4   	
3658.3    	7050.04   	70        	0         	-5434.4   	
3678.3    	7053.32   	70        	0         	-5434.4   	
3698.3    	7056.6    	70        	0         	-5434.4   	
3718.3    	7059.91   	70        	0         	-5434.4   	
3738.3    	7063.22   	70        	0         	-5434.4   	
3758.3    	7066.56   	70        	0         	-5434.4   	
3778.3    	7069.9    	70        	0         	-5434.4   	
3798.3    	7073.26   	70        	0         	-5434.4   	
3818.3    	7076.62   	70        	0         	-5434.4   	
3838.3    	7079.99   	70        	0         	-5434.4   	
3858.3    	7083.37   	70        	0         	-5434.4   	
3878.3    	7086.75   	70        	0         	-5434.4   	
3898.3    	7090.12   	70        	0         	-5434.4   	
3918.3    	7093.48   	70        	0         	-5434.4   	
3938.3    	7096.83   	70        	0         	-5434.4   	
3958.3    	7100.18   	70        	0         	-5434.4   	
3978.3    	7103.55   	70        	0         	-5434.4   	
3998.3    	7106.92   	70        	0         	-5434.4   	
4018.3    	7110.31   	70        	0         	-5434.4   	
4038.3    	7113.69   	70        	0         	-5434.4   	
4058.3    	7117.08   	70        	0         	-5434.4   	
4078.3    	7120.47   	70        	0         	-5434.4   	
4098.3    	7123.87   	70        	0         	-5434.4   	
4118.3    	7127.28   	70        	0         	-5434.4   	
4138.3    	7130.7    	70        	0         	-5434.4   	
4158.3    	7134.13   	70        	0         	-5434.4   	
4178.3    	7137.58   	70        	0         	-5434.4   	
4198.3    	7141.03   	70        	0         	-5434.4   	
4218.3    	7144.49   	70        	0         	-5434.4   	
4238.3    	7147.95   	70        	0         	-5434.4   	
4258.3    	7151.41   	70        	0         	-5434.4   	
4278.3    	7154.86   	70        	0         	-5434.4   	
4298.3    	7158.32   	70        	0         	-5434.4   	
4318.3    	7161.78   	70        	0         	-5434.4   	
4338.3    	7165.25   	70        	0         	-5434.4   	
4358.3    	7168.71   	70        	0         	-5434.4   	
4378.3    	7172.19   	70        	0         	-5434.4   	
4398.3    	7175.68   	70        	0         	-5434.4   	
4418.3    	7179.18   	70        	0         	-5434.4   	
4438.3    	7182.69   	70        	0         	-5434.4   	
4458.3    	7186.21   	70        	0         	-5434.4   	
4478.3    	7189.74   	70        	0         	-5434.4   	
4498.3    	7193.28   	70        	0         	-5434.4   	
4518.3    	7196.84   	70        	0         	-5434.4   	
4538.3    	7200.4    	70        	0         	-5434.4   	
4558.3    	7203.96   	70        	0         	-5434.4   	
4578.3    	7207.54   	70        	0         	-5434.4   	
4598.3    	7211.11   	70        	0         	-5434.4   	
4618.3    	7214.69   	70        	0         	-5434.4   	
4638.3    	7218.27   	70        	0         	-5434.4   	
4658.3    	7221.84   	70        	0         	-5434.4   	
4678.3    	7225.43   	70        	0         	-5434.4   	
4698.3    	7229.01   	70        	0         	-5434.4   	
4718.3    	7232.61   	70        	0         	-5434.4   	
4738.3    	7236.21   	70        	0         	-5434.4   	
4758.3    	7239.81   	70        	0         	-5434.4   	
4778.3    	7243.42   	70        	0         	-5434.4   	
4798.3    	7247.03   	70        	0         	-5434.4   	
4818.3    	7250.64   	70        	0         	-5434.4   	
4838.3    	7254.25   	70        	0         	-5434.4   	
4858.3    	7257.88   	70        	0         	-5434.4   	
4878.3    	7261.52   	70        	0         	-5434.4   	
4898.3    	7265.17   	70        	0         	-5434.4   	
4918.3    	7268.81   	70        	0         	-5434.4   	
4938.3    	7272.47   	70        	0         	-5434.4   	
4958.3    	7276.14   	70        	0         	-5434.4   	
4978.3    	7279.82   	70        	0         	-5434.4   	
4998.3    	7283.52   	70        	0         	-5434.4   	
5018.3    	7287.23   	70        	0         	-5434.4   	
5038.3    	7290.96   	70        	0         	-5434.4   	
5058.3    	7294.69   	70        	0         	-5434.4   	
5078.3    	7298.43   	70        	0         	-5434.4   	
5098.3    	7302.16   	70        	0         	-5434.4   	
5118.3    	7305.9    	70        	0         	-5434.4   	
5138.3    	7309.65   	70        	0         	-5434.4   	
5158.3    	7313.4    	70        	0         	-5434.4   	
5178.3    	7317.16   	70        	0         	-5434.4   	
5198.3    	7320.93   	70        	0         	-5434.4   	
5218.3    	7324.71   	70        	0         	-5434.4   	
5238.3    	7328.49   	70        	0         	-5434.4   	
5258.3    	7332.27   	70        	0         	-5434.4   	
5278.3    	7336.06   	70        	0         	-5434.4   	
5298.3    	7339.85   	70        	0         	-5434.4   	
5318.3    	7343.65   	70        	0         	-5434.4   	
5338.3    	7347.45   	70        	0         	-5434.4   	
5358.3    	7351.27   	70        	0         	-5434.4   	
5378.3    	7355.09   	70        	0         	-5434.4   	
5398.3    	7358.92   	70        	0         	-5434.4   	
5418.3    	7362.75   	70        	0         	-5434.4   	
5438.3    	7366.59   	70        	0         	-5434.4   	
5458.3    	7370.43   	70        	0         	-5434.4   	
5478.3    	7374.28   	70        	0         	-5434.4   	
5498.3    	7378.14   	70        	0         	-5434.4   	
5518.3    	7382      	70        	0         	-5434.4   	
5538.3    	7385.86   	70        	0         	-5434.4   	
5558.3    	7389.73   	70        	0         	-5434.4   	
5578.3    	7393.61   	70        	0         	-5434.4   	
5598.3    	7397.49   	70        	0         	-5434.4   	
5618.3    	7401.38   	70        	0         	-5434.4   	
5638.3    	7405.27   	70        	0         	-5434.4   	
5658.3    	7409.17   	70        	0         	-5434.4   	
5678.3    	7413.08   	70        	0         	-5434.4   	
5698.3    	7417      	70        	0         	-5434.4   	
5718.3    	7420.94   	70        	0         	-5434.4   	
5738.3    	7424.88   	70        	0         	-5434.4   	
5758.3    	7428.83   	70        	0         	-5434.4   	
5778.3    	7432.8    	70        	0         	-5434.4   	
5798.3    	7436.77   	70        	0         	-5434.4   	
5818.3    	7440.76   	70        	0         	-5434.4   	
5838.3    	7444.76   	70        	0         	-5434.4   	
5858.3    	7448.76   	70        	0         	-5434.4   	
5878.3    	7452.77   	70        	0         	-5434.4   	
5898.3    	7456.79   	70        	0         	-5434.4   	
5918.3    	7460.81   	70        	0         	-5434.4   	
5938.3    	7464.83   	70        	0         	-5434.4   	
5958.3    	7468.85   	70        	0         	-5434.4   	
5978.3    	7472.88   	70        	0         	-5434.4   	
5998.3    	7476.91   	70        	0         	-5434.4   	
6018.3    	7480.96   	70        	0         	-5434.4   	
6038.3    	7485.01   	70        	0         	-5434.4   	
6058.3    	7489.06   	70        	0         	-5434.4   	
6078.3    	7493.13   	70        	0         	-5434.4   	
6098.3    	7497.21   	70        	0         	-5434.4   	
6118.3    	7501.29   	70        	0         	-5434.4   	
6138.3    	7505.38   	70        	0         	-5434.4   	
6158.3    	7509.47   	70        	0         	-5434.4   	
6178.3    	7513.56   	70        	0         	-5434.4   	
6198.3    	7517.66   	70        	0         	-5434.4   	
6218.3    	7521.77   	70        	0         	-5434.4   	
6238.3    	7525.89   	70        	0         	-5434.4   	
6258.3    	7530.01   	70        	0         	-5434.4   	
6278.3    	7534.15   	70        	0         	-5434.4   	
6298.3    	7538.28   	70        	0         	-5434.4   	
6318.3    	7542.42   	70        	0         	-5434.4   	
6338.3    	7546.57   	70        	0         	-5434.4   	
6358.3    	7550.73   	70        	0         	-5434.4   	
6378.3    	7554.9    	70        	0         	-5434.4   	
6398.3    	7559.08   	70        	0         	-5434.4   	
6418.3    	7563.26   	70        	0         	-5434.4   	
6438.3    	7567.45   	70        	0         	-5434.4   	
6458.3    	7571.65   	70        	0         	-5434.4   	
6478.3    	7575.85   	70        	0         	-5434.4   	
6498.3    	7580.07   	70        	0         	-5434.4   	
6518.3    	7584.29   	70        	0         	-5434.4   	
6538.3    	7588.53   	70        	0         	-5434.4   	
6558.3    	7592.78   	70        	0         	-5434.4   	
6578.3    	7597.04   	70        	0         	-5434.4   	
6598.3    	7601.31   	70        	0         	-5434.4   	
6618.3    	7605.58   	70        	0         	-5434.4   	
6638.3    	7609.86   	70        	0         	-5434.4   	
6658.3    	7614.15   	70        	0         	-5434.4   	
6678.3    	7618.45   	70        	0         	-5434.4   	
6698.3    	7622.76   	70        	0         	-5434.4   	
6718.3    	7627.08   	70        	0         	-5434.4   	
6738.3    	7631.4    	70        	0         	-5434.4   	
6758.3    	7635.72   	70        	0         	-5434.4   	
6778.3    	7640.06   	70        	0         	-5434.4   	
6798.3    	7644.4    	70        	0         	-5434.4   	
6818.3    	7648.75   	70        	0         	-5434.4   	
6838.3    	7653.11   	70        	0         	-5434.4   	
6858.3    	7657.48   	70        	0         	-5434.4   	
6878.3    	7661.85   	70        	0         	-5434.4   	
6898.3    	7666.24   	70        	0         	-5434.4   	
6918.3    	7670.63   	70        	0         	-5434.4   	
6938.3    	7675.03   	70        	0         	-5434.4   	
6958.3    	7679.44   	70        	0         	-5434.4   	
6978.3    	7683.86   	70        	0         	-5434.4   	
6998.3    	7688.29   	70        	0         	-5434.4   	
7018.3    	7692.73   	70        	0         	-5434.4   	
7038.3    	7697.17   	70        	0         	-5434.4   	
7058.3    	7701.63   	70        	0         	-5434.4   	
7078.3    	7706.1    	70        	0         	-5434.4   	
7098.3    	7710.57   	70        	0         	-5434.4   	
7118.3    	7715.06   	70        	0         	-5434.4   	
7138.3    	7719.56   	70        	0         	-5434.4   	
7158.3    	7724.07   	70        	0         	-5434.4   	
7178.3    	7728.59   	70        	0         	-5434.4   	
7198.3    	7733.12   	70        	0         	-5434.4   	
7218.3    	7737.65   	70        	0         	-5434.4   	
7238.3    	7742.2    	70        	0         	-5434.4   	
7258.3    	7746.76   	70        	0         	-5434.4   	
7278.3    	7751.32   	70        	0         	-5434.4   	
7298.3    	7755.9    	70        	0         	-5434.4   	
7318.3    	7760.49   	70        	0         	-5434.4   	
7338.3    	7765.08   	70        	0         	-5434.4   	
7358.3    	7769.69   	70        	0         	-5434.4   	
7378.3    	7774.31   	70        	0         	-5434.4   	
7398.3    	7778.93   	70        	0         	-5434.4   	
7418.3    	7783.56   	70        	0         	-5434.4   	
7438.3    	7788.19   	70        	0         	-5434.4   	
7458.3    	7792.84   	70        	0         	-5434.4   	
7478.3    	7797.5    	70        	0         	-5434.4   	
7498.3    	7802.17   	70        	0         	-5434.4   	
7518.3    	7806.86   	70        	0         	-5434.4   	
7538.3    	7811.56   	70        	0         	-5434.4   	
7558.3    	7816.26   	70        	0         	-5434.4   	
7578.3    	7820.98   	70        	0         	-5434.4   	
7598.3    	7825.71   	70        	0         	-5434.4   	
7618.3    	7830.44   	70        	0         	-5434.4   	
7638.3    	7835.18   	70        	0         	-5434.4   	
7658.3    	7839.92   	70        	0         	-5434.4   	
7678.3    	7844.68   	70        	0         	-5434.4   	
7698.3    	7849.44   	70        	0         	-5434.4   	
7718.3    	7854.38   	70        	0         	-5434.4   	
7738.3    	7859.38   	70        	0         	-5434.4   	
7758.3    	7864.38   	70        	0         	-5434.4   	
7778.3    	7869.4    	70        	0         	-5434.4   	
7798.3    	7874.43   	70        	0         	-5434.4   	
7818.3    	7879.47   	70        	0         	-5434.4   	
7838.3    	7884.52   	70        	0         	-5434.4   	
7858.3    	7889.58   	70        	0         	-5434.4   	
7878.3    	7894.65   	70        	0         	-5434.4   	
7898.3    	7899.73   	70        	0         	-5434.4   	
7918.3    	7904.81   	70        	0         	-5434.4   	
7938.3    	7909.91   	70        	0         	-5434.4   	
7958.3    	7915      	70        	0         	-5434.4   	
7978.3    	7920.1    	70        	0         	-5434.4   	
7998.3    	7925.19   	70        	0         	-5434.4   	
8018.3    	7930.29   	70        	0         	-5434.4   	
8038.3    	7935.38   	70        	0         	-5434.4   	
8058.3    	7940.46   	70        	0         	-5434.4   	
8078.3    	7945.54   	70        	0         	-5434.4   	
8098.3    	7950.62   	70        	0         	-5434.4   	
8118.3    	7955.69   	70        	0         	-5434.4   	
8138.3    	7960.75   	70        	0         	-5434.4   	
8158.3    	7965.81   	70        	0         	-5434.4   	
8178.3    	7970.85   	70        	0         	-5434.4   	
8198.3    	7975.89   	70        	0         	-5434.4   	
8218.3    	7980.91   	70        	0         	-5434.4   	
8238.3    	7985.92   	70        	0         	-5434.4   	
8258.3    	7990.91   	70        	0         	-5434.4   	
8278.3    	7995.87   	70        	0         	-5434.4   	
8298.3    	8000.82   	70        	0         	-5434.4   	
8318.3    	8005.73   	70        	0         	-5434.4   	
8338.3    	8010.62   	70        	0         	-5434.4   	
8358.3    	8015.48   	70        	0         	-5434.4   	
8378.3    	8020.29   	70        	0         	-5434.4   	
8398.3    	8025.07   	70        	0         	-5434.4   	
8418.3    	8029.79   	70        	0         	-5434.4   	
8438.3    	8034.47   	70        	0         	-5434.4   	
8458.3    	8039.08   	70        	0         	-5434.4   	
8478.3    	8043.62   	70        	0         	-5434.4   	
8498.3    	8048.08   	70        	0         	-5434.4   	
8518.3    	8052.45   	70        	0         	-5434.4   	
8538.3    	8056.72   	70        	0         	-5434.4   	
8558.3    	8060.86   	70        	0         	-5434.4   	
8578.3    	8064.86   	70        	0         	-5434.4   	
8598.3    	8068.69   	70        	0         	-5434.4   	
8618.3    	8072.33   	70        	0         	-5434.4   	
8638.3    	8075.75   	70        	0         	-5434.4   	
8658.3    	8078.91   	70        	0         	-5434.4   	
8678.3    	8081.8    	70        	0         	-5434.4   	
8698.3    	8084.37   	70        	0         	-5434.4   	
8718.3    	8086.6    	70        	0         	-5434.4   	
8738.3    	8088.46   	70        	0         	-5434.4   	
8758.3    	8089.92   	70        	0         	-5434.4   	
8778.3    	8090.96   	70        	0         	-5434.4   	
8798.3    	8091.53   	70        	0         	-5434.4   	
8818.3    	8091.59   	70        	0         	-5434.4   	
8838.3    	8091.1    	70        	0         	-5434.4   	
8858.3    	8090.02   	70        	0         	-5434.4   	
8878.3    	8088.29   	70        	0         	-5434.4   	
8898.3    	8085.87   	70        	0         	-5434.4   	
8918.3    	8082.69   	70        	0         	-5434.4   	
8938.3    	8078.71   	70        	0         	-5434.4   	
8958.3    	8073.87   	70        	0         	-5434.4   	
8978.3    	8068.11   	70        	0         	-5434.4   	
8998.3    	8061.38   	70        	0         	-5434.4   	
9018.3    	8053.62   	70        	0         	-5434.4   	
9038.3    	8044.78   	70        	0         	-5434.4   	
9058.3    	8034.8    	70        	0         	-5434.4   	
9078.3    	8023.63   	70        	0         	-5434.4   	
9098.3    	8011.22   	70        	0         	-5434.4   	
9118.3    	7997.52   	70        	0         	-5434.4   	
9138.3    	7982.47   	70        	0         	-5434.4   	
9158.3    	7966.04   	70        	0         	-5434.4   	
9178.3    	7948.17   	70        	0         	-5434.4   	
9198.3    	7929.56   	70        	0         	-5434.4   	
9218.3    	7911.08   	70        	0         	-5434.4   	
9238.3    	7893.27   	70        	0         	-5434.4   	
9258.3    	7876.41   	70        	0         	-5434.4   	
9278.3    	7860.59   	70        	0         	-5434.4   	
9298.3    	7845.99   	70        	0         	-5434.4   	
9318.3    	7832.77   	70        	0         	-5434.4   	
9338.3    	7820.44   	70        	0         	-5434.4   	
9358.3    	7808.97   	70        	0         	-5434.4   	
9378.3    	7798.28   	70        	0         	-5434.4   	
9398.3    	7788.35   	70        	0         	-5434.4   	
9418.3    	7779.11   	70        	0         	-5434.4   	
9438.3    	7770.53   	70        	0         	-5434.4   	
9458.3    	7762.57   	70        	0         	-5434.4   	
9478.3    	7755.17   	70        	0         	-5434.4   	
9498.3    	7748.3    	70        	0         	-5434.4   	
9518.3    	7741.94   	70        	0         	-5434.4   	
9538.3    	7735.99   	70        	0         	-5434.4   	
9558.3    	7730.38   	70        	0         	-5434.4   	
9578.3    	7725.06   	70        	0         	-5434.4   	
9598.3    	7719.97   	70        	0         	-5434.4   	
9618.3    	7715.08   	70        	0         	-5434.4   	
9638.3    	7710.37   	70        	0         	-5434.4   	
9658.3    	7705.83   	70        	0         	-5434.4   	
9678.3    	7701.46   	70        	0         	-5434.4   	
9698.3    	7697.23   	70        	0         	-5434.4   	
9718.3    	7693.15   	70        	0         	-5434.4   	
9738.3    	7689.21   	70        	0         	-5434.4   	
9758.3    	7685.4    	70        	0         	-5434.4   	
9778.3    	7681.73   	70        	0         	-5434.4   	
9798.3    	7678.17   	70        	0         	-5434.4   	
9818.3    	7674.74   	70        	0         	-5434.4   	
9838.3    	7671.43   	70        	0         	-5434.4   	
9858.3    	7668.23   	70        	0         	-5434.4   	
9878.3    	7665.14   	70        	0         	-5434.4   	
9898.3    	7662.16   	70        	0         	-5434.4   	
9918.3    	7659.28   	70        	0         	-5434.4   	
9938.3    	7656.49   	70        	0         	-5434.4   	
9958.3    	7653.81   	70        	0         	-5434.4   	
9978.3    	7651.21   	70        	0         	-5434.4   	
9998.3    	7648.7    	70        	0         	-5434.4   	
10018.3   	7646.29   	70        	0         	-5434.4   	
10038.3   	7643.95   	70        	0         	-5434.4   	
10058.3   	7641.7    	70        	0         	-5434.4   	
10078.3   	7639.53   	70        	0         	-5434.4   	
10098.3   	7637.44   	70        	0         	-5434.4   	
10118.3   	7635.42   	70        	0         	-5434.4   	
10138.3   	7633.47   	70        	0         	-5434.4   	
10158.3   	7631.59   	70        	0         	-5434.4   	
10178.3   	7629.77   	70        	0         	-5434.4   	
10198.3   	7628.02   	70        	0         	-5434.4   	
10218.3   	7626.33   	70        	0         	-5434.4   	
10238.3   	7624.71   	70        	0         	-5434.4   	
10258.3   	7623.13   	70        	0         	-5434.4   	
10278.3   	7621.62   	70        	0         	-5434.4   	
10298.3   	7620.16   	70        	0         	-5434.4   	
10318.3   	7618.75   	70        	0         	-5434.4   	
10338.3   	7617.39   	70        	0         	-5434.4   	
10358.3   	7616.07   	70        	0         	-5434.4   	
10378.3   	7614.81   	70        	0         	-5434.4   	
10398.3   	7613.59   	70        	0         	-5434.4   	
10418.3   	7612.42   	70        	0         	-5434.4   	
10438.3   	7611.29   	70        	0         	-5434.4   	
10458.3   	7610.21   	70        	0         	-5434.4   	
10478.3   	7609.16   	70        	0         	-5434.4   	
10498.3   	7608.16   	70        	0         	-5434.4   	
10518.3   	7607.19   	70        	0         	-5434.4   	
10538.3   	7606.27   	70        	0         	-5434.4   	
10558.3   	7605.38   	70        	0         	-5434.4   	
10578.3   	7604.52   	70        	0         	-5434.4   	
10598.3   	7603.7    	70        	0         	-5434.4   	
10618.3   	7602.92   	70        	0         	-5434.4   	
10638.3   	7602.16   	70        	0         	-5434.4   	
10658.3   	7601.44   	70        	0         	-5434.4   	
10678.3   	7600.75   	70        	0         	-5434.4   	
10698.3   	7600.1    	70        	0         	-5434.4   	
10718.3   	7599.47   	70        	0         	-5434.4   	
10738.3   	7598.86   	70        	0         	-5434.4   	
10758.3   	7598.29   	70        	0         	-5434.4   	
10778.3   	7597.74   	70        	0         	-5434.4   	
10798.3   	7597.21   	70        	0         	-5434.4   	
10818.3   	7596.71   	70        	0         	-5434.4   	
10838.3   	7596.23   	70        	0         	-5434.4   	
10858.3   	7595.77   	70        	0         	-5434.4   	
10878.3   	7595.34   	70        	0         	-5434.4   	
10898.3   	7594.92   	70        	0         	-5434.4   	
10918.3   	7594.53   	70        	0         	-5434.4   	
10938.3   	7594.15   	70        	0         	-5434.4   	
10958.3   	7593.8    	70        	0         	-5434.4   	
10978.3   	7593.46   	70        	0         	-5434.4   	
10998.3   	7593.13   	70        	0         	-5434.4   	
11018.3   	7592.83   	70        	0         	-5434.4   	
11038.3   	7592.54   	70        	0         	-5434.4   	
11058.3   	7592.26   	70        	0         	-5434.4   	
11078.3   	7592      	70        	0         	-5434.4   	
11098.3   	7591.76   	70        	0         	-5434.4   	
11118.3   	7591.53   	70        	0         	-5434.4   	
11138.3   	7591.31   	70        	0         	-5434.4   	
11158.3   	7591.11   	70        	0         	-5434.4   	
11178.3   	7590.92   	70        	0         	-5434.4   	
11198.3   	7590.74   	70        	0         	-5434.4   	
11218.3   	7590.58   	70        	0         	-5434.4   	
11238.3   	7590.42   	70        	0         	-5434.4   	
11258.3   	7590.27   	70        	0         	-5434.4   	
11278.3   	7590.13   	70        	0         	-5434.4   	
11298.3   	7589.99   	70        	0         	-5434.4   	
11318.3   	7589.86   	70        	0         	-5434.4   	
11338.3   	7589.74   	70        	0         	-5434.4   	
11358.3   	7589.62   	70        	0         	-5434.4   	
11378.3   	7589.51   	70        	0         	-5434.4   	
11398.3   	7589.4    	70        	0         	-5434.4   	
11418.3   	7589.3    	70        	0         	-5434.4   	
11438.3   	7589.2    	70        	0         	-5434.4   	
11458.3   	7589.11   	70        	0         	-5434.4   	
11478.3   	7589.01   	70        	0         	-5434.4   	
11498.3   	7588.91   	70        	0         	-5434.4   	
11518.3   	7588.82   	70        	0         	-5434.4   	
11538.3   	7588.72   	70        	0         	-5434.4   	
11558.3   	7588.62   	70        	0         	-5434.4   	
11578.3   	7588.52   	70        	0         	-5434.4   	
11598.3   	7588.41   	70        	0         	-5434.4   	
11618.3   	7588.29   	70        	0         	-5434.4   	
11638.3   	7588.16   	70        	0         	-5434.4   	
11658.3   	7588.02   	70        	0         	-5434.4   	
11678.3   	7587.88   	70        	0         	-5434.4   	
11698.3   	7587.73   	70        	0         	-5434.4   	
11718.3   	7587.57   	70        	0         	-5434.4   	
11738.3   	7587.4    	70        	0         	-5434.4   	
11758.3   	7587.21   	70        	0         	-5434.4   	
11778.3   	7586.98   	70        	0         	-5434.4   	
11798.3   	7586.71   	70        	0         	-5434.4   	
11818.3   	7586.39   	70        	0         	-5434.4   	
11838.3   	7586.02   	70        	0         	-5434.4   	
11858.3   	7585.59   	70        	0         	-5434.4   	
11878.3   	7585.1    	70        	0         	-5434.4   	
11898.3   	7584.55   	70        	0         	-5434.4   	
11918.3   	7583.95   	70        	0         	-5434.4   	
11938.3   	7583.29   	70        	0         	-5434.4   	
11958.3   	7582.57   	70        	0         	-5434.4   	
11978.3   	7581.79   	70        	0         	-5434.4   	
11998.3   	7580.96   	70        	0         	-5434.4   	
12018.3   	7580.08   	70        	0         	-5434.4   	
12038.3   	7579.14   	70        	0         	-5434.4   	
12058.3   	7578.15   	70        	0         	-5434.4   	
12078.3   	7577.11   	70        	0         	-5434.4   	
12098.3   	7576.03   	70        	0         	-5434.4   	
12118.3   	7574.89   	70        	0         	-5434.4   	
12138.3   	7573.71   	70        	0         	-5434.4   	
12158.3   	7572.49   	70        	0         	-5434.4   	
12178.3   	7571.22   	70        	0         	-5434.4   	
12198.3   	7569.91   	70        	0         	-5434.4   	
12218.3   	7568.56   	70        	0         	-5434.4   	
12238.3   	7567.16   	70        	0         	-5434.4   	
12258.3   	7565.73   	70        	0         	-5434.4   	
12278.3   	7564.26   	70        	0         	-5434.4   	
12298.3   	7562.76   	70        	0         	-5434.4   	
12318.3   	7561.22   	70        	0         	-5434.4   	
12338.3   	7559.64   	70        	0         	-5434.4   	
12358.3   	7558.03   	70        	0         	-5434.4   	
12378.3   	7556.39   	70        	0         	-5434.4   	
12398.3   	7554.71   	70        	0         	-5434.4   	
12418.3   	7553.01   	70        	0         	-5434.4   	
12438.3   	7551.27   	70        	0         	-5434.4   	
12458.3   	7549.51   	70        	0         	-5434.4   	
12478.3   	7547.71   	70        	0         	-5434.4   	
12498.3   	7545.89   	70        	0         	-5434.4   	
12518.3   	7544.04   	70        	0         	-5434.4   	
12538.3   	7542.17   	70        	0         	-5434.4   	
12558.3   	7540.27   	70        	0         	-5434.4   	
12578.3   	7538.35   	70        	0         	-5434.4   	
12598.3   	7536.4    	70        	0         	-5434.4   	
12618.3   	7534.43   	70        	0         	-5434.4   	
12638.3   	7532.44   	70        	0         	-5434.4   	
12658.3   	7530.43   	70        	0         	-5434.4   	
12678.3   	7528.39   	70        	0         	-5434.4   	
12698.3   	7526.34   	70        	0         	-5434.4   	
12718.3   	7524.27   	70        	0         	-5434.4   	
12738.3   	7522.18   	70        	0         	-5434.4   	
12758.3   	7520.07   	70        	0         	-5434.4   	
12778.3   	7517.95   	70        	0         	-5434.4   	
12798.3   	7515.8    	70        	0         	-5434.4   	
12818.3   	7513.65   	70        	0         	-5434.4   	
12838.3   	7511.47   	70        	0         	-5434.4   	
12858.3   	7509.28   	70        	0         	-5434.4   	
12878.3   	7507.08   	70        	0         	-5434.4   	
12898.3   	7504.86   	70        	0         	-5434.4   	
12918.3   	7502.63   	70        	0         	-5434.4   	
12938.3   	7500.39   	70        	0         	-5434.4   	
12958.3   	7498.14   	70        	0         	-5434.4   	
12978.3   	7495.87   	70        	0         	-5434.4   	
12998.3   	7493.6    	70        	0         	-5434.4   	
13018.3   	7491.31   	70        	0         	-5434.4   	
13038.3   	7489.01   	70        	0         	-5434.4   	
13058.3   	7486.71   	70        	0         	-5434.4   	
13078.3   	7484.39   	70        	0         	-5434.4   	
13098.3   	7482.07   	70        	0         	-5434.4   	
13118.3   	7479.74   	70        	0         	-5434.4   	
13138.3   	7477.4    	70        	0         	-5434.4   	
13158.3   	7475.06   	70        	0         	-5434.4   	
13178.3   	7472.71   	70        	0         	-5434.4   	
13198.3   	7470.36   	70        	0         	-5434.4   	
13218.3   	7468      	70        	0         	-5434.4   	
13238.3   	7465.64   	70        	0         	-5434.4   	
13258.3   	7463.27   	70        	0         	-5434.4   	
13278.3   	7460.91   	70        	0         	-5434.4   	
13298.3   	7458.53   	70        	0         	-5434.4   	
13318.3   	7456.16   	70        	0         	-5434.4   	
13338.3   	7453.79   	70        	0         	-5434.4   	
13358.3   	7451.41   	70        	0         	-5434.4   	
13378.3   	7449.03   	70        	0         	-5434.4   	
13398.3   	7446.65   	70        	0         	-5434.4   	
13418.3   	7444.27   	70        	0         	-5434.4   	
13438.3   	7441.89   	70        	0         	-5434.4   	
13458.3   	7439.52   	70        	0         	-5434.4   	
13478.3   	7437.14   	70        	0         	-5434.4   	
13498.3   	7434.76   	70        	0         	-5434.4   	
13518.3   	7432.38   	70        	0         	-5434.4   	
13538.3   	7430      	70        	0         	-5434.4   	
13558.3   	7427.63   	70        	0         	-5434.4   	
13578.3   	7425.25   	70        	0         	-5434.4   	
13598.3   	7422.88   	70        	0         	-5434.4   	
13618.3   	7420.51   	70        	0         	-5434.4   	
13638.3   	7418.14   	70        	0         	-5434.4   	
13658.3   	7415.78   	70        	0         	-5434.4   	
13678.3   	7413.42   	70        	0         	-5434.4   	
13698.3   	7411.06   	70        	0         	-5434.4   	
13718.3   	7408.7    	70        	0         	-5434.4   	
13738.3   	7406.35   	70        	0         	-5434.4   	
13758.3   	7404      	70        	0         	-5434.4   	
13778.3   	7401.66   	70        	0         	-5434.4   	
13798.3   	7399.32   	70        	0         	-5434.4   	
13818.3   	7396.98   	70        	0         	-5434.4   	
13838.3   	7394.65   	70        	0         	-5434.4   	
13858.3   	7392.32   	70        	0         	-5434.4   	
13878.3   	7390      	70        	0         	-5434.4   	
13898.3   	7387.69   	70        	0         	-5434.4   	
13918.3   	7385.37   	70        	0         	-5434.4   	
13938.3   	7383.07   	70        	0         	-5434.4   	
13958.3   	7380.77   	70        	0         	-5434.4   	
13978.3   	7378.47   	70        	0         	-5434.4   	
13998.3   	7376.18   	70        	0         	-5434.4   	
14018.3   	7373.9    	70        	0         	-5434.4   	
14038.3   	7371.62   	70        	0         	-5434.4   	
14058.3   	7369.35   	70        	0         	-5434.4   	
14078.3   	7367.08   	70        	0         	-5434.4   	
14098.3   	7364.83   	70        	0         	-5434.4   	
14118.3   	7362.58   	70        	0         	-5434.4   	
14138.3   	7360.33   	70        	0         	-5434.4   	
14158.3   	7358.1    	70        	0         	-5434.4   	
14178.3   	7355.87   	70        	0         	-5434.4   	
14198.3   	7353.65   	70        	0         	-5434.4   	
14218.3   	7351.44   	70        	0         	-5434.4   	
14238.3   	7349.23   	70        	0         	-5434.4   	
14258.3   	7347.04   	70        	0         	-5434.4   	
14278.3   	7344.85   	70        	0         	-5434.4   	
14298.3   	7342.67   	70        	0         	-5434.4   	
14318.3   	7340.5    	70        	0         	-5434.4   	
14338.3   	7338.33   	70        	0         	-5434.4   	
14358.3   	7336.18   	70        	0         	-5434.4   	
14378.3   	7334.03   	70        	0         	-5434.4   	
14398.3   	7331.89   	70        	0         	-5434.4   	
14418.3   	7329.77   	70        	0         	-5434.4   	
14438.3   	7327.64   	70        	0         	-5434.4   	
14458.3   	7325.53   	70        	0         	-5434.4   	
14478.3   	7323.43   	70        	0         	-5434.4   	
14498.3   	7321.34   	70        	0         	-5434.4   	
14518.3   	7319.25   	70        	0         	-5434.4   	
14538.3   	7317.17   	70        	0         	-5434.4   	
14558.3   	7315.11   	70        	0         	-5434.4   	
14578.3   	7313.05   	70        	0         	-5434.4   	
14598.3   	7311      	70        	0         	-5434.4   	
14618.3   	7308.96   	70        	0         	-5434.4   	
14638.3   	7306.92   	70        	0         	-5434.4   	
14658.3   	7304.9    	70        	0         	-5434.4   	
14678.3   	7302.89   	70        	0         	-5434.4   	
14698.3   	7300.88   	70        	0         	-5434.4   	
14718.3   	7298.89   	70        	0         	-5434.4   	
14738.3   	7296.9    	70        	0         	-5434.4   	
14758.3   	7294.92   	70        	0         	-5434.4   	
14778.3   	7292.95   	70        	0         	-5434.4   	
14798.3   	7290.99   	70        	0         	-5434.4   	
14818.3   	7289.04   	70        	0         	-5434.4   	
14838.3   	7287.1    	70        	0         	-5434.4   	
14858.3   	7285.16   	70        	0         	-5434.4   	
14878.3   	7283.24   	70        	0         	-5434.4   	
14898.3   	7281.32   	70        	0         	-5434.4   	
14918.3   	7279.41   	70        	0         	-5434.4   	
14938.3   	7277.51   	70        	0         	-5434.4   	
14958.3   	7275.62   	70        	0         	-5434.4   	
14978.3   	7273.74   	70        	0         	-5434.4   	
14998.3   	7271.87   	70        	0         	-5434.4   	
15018.3   	7270      	70        	0         	-5434.4   	
15038.3   	7268.14   	70        	0         	-5434.4   	
15058.3   	7266.3    	70        	0         	-5434.4   	
15078.3   	7264.46   	70        	0         	-5434.4   	
15098.3   	7262.62   	70        	0         	-5434.4   	
15118.3   	7260.8    	70        	0         	-5434.4   	
15138.3   	7258.99   	70        	0         	-5434.4   	
15158.3   	7257.18   	70        	0         	-5434.4   	
15178.3   	7255.38   	70        	0         	-5434.4   	
15198.3   	7253.59   	70        	0         	-5434.4   	
15218.3   	7251.81   	70        	0         	-5434.4   	
15238.3   	7250.04   	70        	0         	-5434.4   	
15258.3   	7248.27   	70        	0         	-5434.4   	
15278.3   	7246.52   	70        	0         	-5434.4   	
15298.3   	7244.77   	70        	0         	-5434.4   	
15318.3   	7243.03   	70        	0         	-5434.4   	
15338.3   	7241.29   	70        	0         	-5434.4   	
15358.3   	7239.57   	70        	0         	-5434.4   	
15378.3   	7237.85   	70        	0         	-5434.4   	
15398.3   	7236.14   	70        	0         	-5434.4   	
15418.3   	7234.44   	70        	0         	-5434.4   	
15438.3   	7232.75   	70        	0         	-5434.4   	
15458.3   	7231.06   	70        	0         	-5434.4   	
15478.3   	7229.38   	70        	0         	-5434.4   	
15498.3   	7227.71   	70        	0         	-5434.4   	
15518.3   	7226.05   	70        	0         	-5434.4   	
15538.3   	7224.4    	70        	0         	-5434.4   	
15558.3   	7222.75   	70        	0         	-5434.4   	
15578.3   	7221.12   	70        	0         	-5434.4   	
15598.3   	7219.49   	70        	0         	-5434.4   	
15618.3   	7217.86   	70        	0         	-5434.4   	
15638.3   	7216.25   	70        	0         	-5434.4   	
15658.3   	7214.64   	70        	0         	-5434.4   	
15678.3   	7213.04   	70        	0         	-5434.4   	
15698.3   	7211.45   	70        	0         	-5434.4   	
15718.3   	7209.87   	70        	0         	-5434.4   	
15738.3   	7208.29   	70        	0         	-5434.4   	
15758.3   	7206.72   	70        	0         	-5434.4   	
15778.3   	7205.16   	70        	0         	-5434.4   	
15798.3   	7203.6    	70        	0         	-5434.4   	
15818.3   	7202.06   	70        	0         	-5434.4   	
15838.3   	7200.52   	70        	0         	-5434.4   	
15858.3   	7198.98   	70        	0         	-5434.4   	
15878.3   	7197.46   	70        	0         	-5434.4   	
15898.3   	7195.94   	70        	0         	-5434.4   	
15918.3   	7194.43   	70        	0         	-5434.4   	
15938.3   	7192.93   	70        	0         	-5434.4   	
15958.3   	7191.43   	70        	0         	-5434.4   	
15978.3   	7189.94   	70        	0         	-5434.4   	
15998.3   	7188.46   	70        	0         	-5434.4   	
16018.3   	7186.98   	70        	0         	-5434.4   	
16038.3   	7185.52   	70        	0         	-5434.4   	
16058.3   	7184.05   	70        	0         	-5434.4   	
16078.3   	7182.6    	70        	0         	-5434.4   	
16098.3   	7181.15   	70        	0         	-5434.4   	
16118.3   	7179.71   	70        	0         	-5434.4   	
16138.3   	7178.28   	70        	0         	-5434.4   	
16158.3   	7176.85   	70        	0         	-5434.4   	
16178.3   	7175.44   	70        	0         	-5434.4   	
16198.3   	7174.02   	70        	0         	-5434.4   	
16218.3   	7172.62   	70        	0         	-5434.4   	
16238.3   	7171.22   	70        	0         	-5434.4   	
16258.3   	7169.83   	70        	0         	-5434.4   	
16278.3   	7168.44   	70        	0         	-5434.4   	
16298.3   	7167.07   	70        	0         	-5434.4   	
16318.3   	7165.69   	70        	0         	-5434.4   	
16338.3   	7164.33   	70        	0         	-5434.4   	
16358.3   	7162.97   	70        	0         	-5434.4   	
16378.3   	7161.62   	70        	0         	-5434.4   	
16398.3   	7160.28   	70        	0         	-5434.4   	
16418.3   	7158.94   	70        	0         	-5434.4   	
16438.3   	7157.61   	70        	0         	-5434.4   	
16458.3   	7156.28   	70        	0         	-5434.4   	
16478.3   	7154.96   	70        	0         	-5434.4   	
16498.3   	7153.65   	70        	0         	-5434.4   	
16518.3   	7152.35   	70        	0         	-5434.4   	
16538.3   	7151.05   	70        	0         	-5434.4   	
16558.3   	7149.75   	70        	0         	-5434.4   	
16578.3   	7148.47   	70        	0         	-5434.4   	
16598.3   	7147.19   	70        	0         	-5434.4   	
16618.3   	7145.91   	70        	0         	-5434.4   	
16638.3   	7144.64   	70        	0         	-5434.4   	
16658.3   	7143.38   	70        	0         	-5434.4   	
16678.3   	7142.13   	70        	0         	-5434.4   	
16698.3   	7140.87   	70        	0         	-5434.4   	
16718.3   	7139.63   	70        	0         	-5434.4   	
16738.3   	7138.39   	70        	0         	-5434.4   	
16758.3   	7137.16   	70        	0         	-5434.4   	
16778.3   	7135.93   	70        	0         	-5434.4   	
16798.3   	7134.71   	70        	0         	-5434.4   	
16818.3   	7133.5    	70        	0         	-5434.4   	
16838.3   	7132.29   	70        	0         	-5434.4   	
16858.3   	7131.08   	70        	0         	-5434.4   	
16878.3   	7129.88   	70        	0         	-5434.4   	
16898.3   	7128.69   	70        	0         	-5434.4   	
16918.3   	7127.5    	70        	0         	-5434.4   	
16938.3   	7126.32   	70        	0         	-5434.4   	
16958.3   	7125.14   	70        	0         	-5434.4   	
16978.3   	7123.97   	70        	0         	-5434.4   	
16998.3   	7122.81   	70        	0         	-5434.4   	
17018.3   	7121.65   	70        	0         	-5434.4   	
17038.3   	7120.49   	70        	0         	-5434.4   	
17058.3   	7119.34   	70        	0         	-5434.4   	
17078.3   	7118.2    	70        	0         	-5434.4   	
17098.3   	7117.06   	70        	0         	-5434.4   	
17118.3   	7115.92   	70        	0         	-5434.4   	
17138.3   	7114.79   	70        	0         	-5434.4   	
17158.3   	7113.67   	70        	0         	-5434.4   	
17178.3   	7112.55   	70        	0         	-5434.4   	
17198.3   	7111.43   	70        	0         	-5434.4   	
17218.3   	7110.32   	70        	0         	-5434.4   	
17238.3   	7109.21   	70        	0         	-5434.4   	
17258.3   	7108.11   	70        	0         	-5434.4   	
17278.3   	7107.02   	70        	0         	-5434.4   	
17298.3   	7105.93   	70        	0         	-5434.4   	
17318.3   	7104.84   	70        	0         	-5434.4   	
17338.3   	7103.76   	70        	0         	-5434.4   	
17358.3   	7102.68   	70        	0         	-5434.4   	
17378.3   	7101.61   	70        	0         	-5434.4   	
17398.3   	7100.54   	70        	0         	-5434.4   	
17418.3   	7099.47   	70        	0         	-5434.4   	
17438.3   	7098.41   	70        	0         	-5434.4   	
17458.3   	7097.36   	70        	0         	-5434.4   	
17478.3   	7096.31   	70        	0         	-5434.4   	
17498.3   	7095.26   	70        	0         	-5434.4   	
17518.3   	7094.22   	70        	0         	-5434.4   	
17538.3   	7093.19   	70        	0         	-5434.4   	
17558.3   	7092.15   	70        	0         	-5434.4   	
17578.3   	7091.12   	70        	0         	-5434.4   	
17598.3   	7090.1    	70        	0         	-5434.4   	
17618.3   	7089.08   	70        	0         	-5434.4   	
17638.3   	7088.07   	70        	0         	-5434.4   	
17658.3   	7087.05   	70        	0         	-5434.4   	
17678.3   	7086.05   	70        	0         	-5434.4   	
17698.3   	7085.04   	70        	0         	-5434.4   	
17718.3   	7084.04   	70        	0         	-5434.4   	
17738.3   	7083.05   	70        	0         	-5434.4   	
17758.3   	7082.06   	70        	0         	-5434.4   	
17778.3   	7081.07   	70        	0         	-5434.4   	
17798.3   	7080.09   	70        	0         	-5434.4   	
17818.3   	7079.11   	70        	0         	-5434.4   	
17838.3   	7078.13   	70        	0         	-5434.4   	
17858.3   	7077.16   	70        	0         	-5434.4   	
17878.3   	7076.2    	70        	0         	-5434.4   	
17898.3   	7075.23   	70        	0         	-5434.4   	
17918.3   	7074.28   	70        	0         	-5434.4   	
17938.3   	7073.32   	70        	0         	-5434.4   	
17958.3   	7072.37   	70        	0         	-5434.4   	
17978.3   	7071.42   	70        	0         	-5434.4   	
17998.3   	7070.48   	70        	0         	-5434.4   	
18000     	7070.4    	70        	0         	-5434.4   	
