 % Reservoir Output 
 % Unit for Total Component: B.O. ~ lb/day || Compositional ~ mol/day 

time	pres	temp	comp0	comp1	
day	psi	F	**	**	
         0	   2999.93	       530	8.27248e+006	0	
    0.0001	   2999.94	       530	8.27248e+006	5.34422	
0.000247239	   2999.95	       530	8.27248e+006	13.1599	
0.000466256	   2999.97	       530	8.27247e+006	24.7193	
0.000790759	   3000.01	       530	8.27247e+006	41.7101	
0.00126884	   3000.06	       530	8.27247e+006	66.46	
 0.0019676	   3000.12	       530	8.27246e+006	102.057	
0.00297788	   3000.22	       530	8.27246e+006	152.37	
0.00441803	   3000.35	       530	8.27244e+006	221.877	
0.00643527	   3000.52	       530	8.27243e+006	315.204	
0.00920455	   3000.74	       530	8.27241e+006	436.423	
 0.0129272	   3001.02	       530	8.27238e+006	588.38	
 0.0178359	   3001.34	       530	8.27234e+006	772.479	
 0.0242129	    3001.7	       530	8.2723e+006	989.26	
 0.0324313	   3002.11	       530	8.27223e+006	1239.82	
 0.0430245	   3002.55	       530	8.27215e+006	1527.96	
 0.0567993	   3003.62	       530	8.27205e+006	2117.82	
 0.0739365	   3005.81	       530	8.27192e+006	3229.4	
 0.0926732	   3009.01	       530	8.27178e+006	4816.3	
  0.113022	   3013.24	       530	8.27162e+006	6897.33	
  0.134544	   3018.31	       530	8.27146e+006	9419.8	
  0.157709	   3024.17	       530	8.27128e+006	12431.3	
  0.182418	   3030.93	       530	8.27108e+006	15907	
   0.20904	   3038.69	       530	8.27087e+006	19886.5	
  0.238668	   3047.77	       530	8.27063e+006	24534.6	
  0.270964	   3058.06	       530	8.27036e+006	29787.8	
  0.307283	   3069.97	       530	8.27006e+006	35862.5	
  0.346515	    3083.1	       530	8.26972e+006	42551.1	
  0.390014	   3097.84	       530	8.26933e+006	50064.3	
  0.436182	   3113.61	       530	8.26891e+006	58096.7	
     0.487	   3131.02	       530	8.26843e+006	66967.1	
  0.542071	   3149.88	       530	8.2679e+006	76577.3	
  0.602103	   3170.36	       530	8.2673e+006	87027.7	
  0.666899	   3192.35	       530	8.26663e+006	98252.8	
  0.737813	   3216.24	       530	8.26587e+006	110459	
  0.814851	   3241.96	       530	8.26501e+006	123616	
  0.898504	    3269.6	       530	8.26405e+006	137773	
  0.987779	   3298.75	       530	8.26297e+006	152730	
   1.08573	   3330.33	       530	8.26175e+006	168957	
   1.19011	    3363.5	       530	8.26039e+006	186041	
   1.30131	   3398.31	       530	8.25887e+006	204007	
   1.42222	   3435.53	       530	8.25715e+006	223266	
   1.55246	    3474.9	       530	8.25522e+006	243699	
   1.69157	   3516.14	       530	8.25306e+006	265174	
    1.8403	    3559.3	       530	8.25065e+006	287737	
   2.00226	   3605.22	       530	8.2479e+006	311852	
   2.17573	   3653.18	       530	8.24482e+006	337169	
   2.35938	   3702.62	       530	8.24141e+006	363411	
   2.55899	    3754.8	       530	8.23754e+006	391294	
   2.77653	   3809.85	       530	8.23311e+006	420941	
   3.00648	   3866.06	       530	8.22822e+006	451481	
   3.25238	   3923.97	       530	8.22274e+006	483258	
   3.52037	   3984.54	       530	8.2165e+006	516884	
   3.80451	   4043.33	       530	8.20961e+006	551504	
   4.10633	   4100.21	       530	8.20198e+006	587212	
    4.4307	   4158.59	       530	8.19347e+006	624415	
   4.78341	   4218.94	       530	8.18383e+006	663546	
   5.16049	   4280.03	       530	8.17313e+006	703951	
   5.56809	   4342.23	       530	8.16112e+006	746051	
   6.00975	   4405.35	       530	8.14761e+006	789935	
   6.47927	    4467.9	       530	8.13273e+006	834760	
   6.97494	   4529.16	       530	8.11648e+006	880193	
    7.5002	   4589.05	       530	8.09868e+006	926380	
   8.06655	   4648.21	       530	8.0789e+006	974095	
    8.6724	   4705.78	       530	8.05709e+006	1.02297e+006	
   9.31963	   4761.32	       530	8.03315e+006	1.07294e+006	
   10.0044	   4814.01	       530	8.00715e+006	1.12356e+006	
   10.7259	   4863.46	       530	7.97909e+006	1.17467e+006	
   11.4946	   4909.99	       530	7.94854e+006	1.2269e+006	
   12.3189	   4953.61	       530	7.91511e+006	1.28066e+006	
      13.2	   4993.96	       530	7.87872e+006	1.33592e+006	
   14.1361	   5029.45	       530	7.83943e+006	1.39255e+006	
    15.119	   5059.73	       530	7.79761e+006	1.45016e+006	
    16.119	    5086.2	       530	7.75457e+006	1.50713e+006	
    17.119	   5108.92	       530	7.7111e+006	1.56268e+006	
    18.119	    5128.4	       530	7.66725e+006	1.61701e+006	
    19.119	   5145.09	       530	7.62308e+006	1.67032e+006	
    20.119	   5159.37	       530	7.57864e+006	1.72273e+006	
    21.119	   5171.56	       530	7.53396e+006	1.77439e+006	
    22.119	   5181.97	       530	7.48908e+006	1.8254e+006	
    23.119	   5190.85	       530	7.44403e+006	1.87586e+006	
    24.119	   5198.41	       530	7.39884e+006	1.92585e+006	
    25.119	   5204.85	       530	7.35352e+006	1.97544e+006	
    26.119	   5210.33	       530	7.30809e+006	2.0247e+006	
    27.119	   5214.98	       530	7.26258e+006	2.07367e+006	
    28.119	   5218.93	       530	7.21698e+006	2.1224e+006	
    29.119	   5222.28	       530	7.17133e+006	2.17092e+006	
    30.119	   5225.12	       530	7.12561e+006	2.21927e+006	
    31.119	   5227.53	       530	7.07985e+006	2.26747e+006	
    32.119	   5229.57	       530	7.03405e+006	2.31555e+006	
    33.119	   5231.29	       530	6.98822e+006	2.36352e+006	
    34.119	   5232.75	       530	6.94236e+006	2.41141e+006	
    35.119	   5233.99	       530	6.89647e+006	2.45922e+006	
    36.119	   5235.04	       530	6.85057e+006	2.50697e+006	
    37.119	   5235.92	       530	6.80464e+006	2.55466e+006	
    38.119	   5236.67	       530	6.75871e+006	2.60232e+006	
    39.119	    5237.3	       530	6.71276e+006	2.64993e+006	
    40.119	   5237.84	       530	6.6668e+006	2.69752e+006	
    41.119	   5238.29	       530	6.62083e+006	2.74508e+006	
    42.119	   5238.67	       530	6.57485e+006	2.79262e+006	
    43.119	      5239	       530	6.52886e+006	2.84014e+006	
    44.119	   5239.28	       530	6.48288e+006	2.88765e+006	
    45.119	   5239.51	       530	6.43688e+006	2.93514e+006	
    46.119	   5239.71	       530	6.39088e+006	2.98262e+006	
    47.119	   5239.88	       530	6.34488e+006	3.0301e+006	
    48.119	   5240.03	       530	6.29888e+006	3.07757e+006	
    49.119	   5240.15	       530	6.25287e+006	3.12503e+006	
    50.119	   5240.26	       530	6.20686e+006	3.17249e+006	
    51.119	   5240.36	       530	6.16085e+006	3.21995e+006	
    52.119	   5240.44	       530	6.11483e+006	3.2674e+006	
    53.119	   5240.51	       530	6.06882e+006	3.31485e+006	
    54.119	   5240.57	       530	6.0228e+006	3.3623e+006	
    55.119	   5240.63	       530	5.97678e+006	3.40974e+006	
    56.119	   5240.68	       530	5.93076e+006	3.45719e+006	
    57.119	   5240.72	       530	5.88474e+006	3.50463e+006	
    58.119	   5240.76	       530	5.83872e+006	3.55208e+006	
    59.119	    5240.8	       530	5.7927e+006	3.59952e+006	
    60.119	   5240.83	       530	5.74668e+006	3.64696e+006	
    61.119	   5240.87	       530	5.70066e+006	3.6944e+006	
    62.119	   5240.89	       530	5.65463e+006	3.74184e+006	
    63.119	   5240.92	       530	5.60861e+006	3.78929e+006	
    64.119	   5240.95	       530	5.56258e+006	3.83673e+006	
    65.119	   5240.97	       530	5.51656e+006	3.88417e+006	
    66.119	   5240.99	       530	5.47053e+006	3.93161e+006	
    67.119	   5241.02	       530	5.42451e+006	3.97905e+006	
    68.119	   5241.04	       530	5.37848e+006	4.0265e+006	
    69.119	   5241.06	       530	5.33245e+006	4.07394e+006	
    70.119	   5241.07	       530	5.28643e+006	4.12138e+006	
    71.119	   5241.09	       530	5.2404e+006	4.16882e+006	
    72.119	   5241.11	       530	5.19437e+006	4.21627e+006	
    73.119	   5241.13	       530	5.14835e+006	4.26371e+006	
    74.119	   5241.15	       530	5.10232e+006	4.31115e+006	
    75.119	   5241.17	       530	5.05629e+006	4.3586e+006	
    76.119	   5241.19	       530	5.01026e+006	4.40604e+006	
    77.119	   5241.21	       530	4.96424e+006	4.45348e+006	
    78.119	   5241.23	       530	4.91821e+006	4.50092e+006	
    79.119	   5241.25	       530	4.87219e+006	4.54836e+006	
    80.119	   5241.27	       530	4.82616e+006	4.59581e+006	
    81.119	   5241.29	       530	4.78014e+006	4.64325e+006	
    82.119	   5241.32	       530	4.73412e+006	4.69069e+006	
    83.119	   5241.36	       530	4.68811e+006	4.73812e+006	
    84.119	    5241.4	       530	4.6421e+006	4.78555e+006	
    85.119	   5241.48	       530	4.59611e+006	4.83298e+006	
    86.119	    5241.6	       530	4.55015e+006	4.88038e+006	
    87.119	   5241.81	       530	4.50425e+006	4.92776e+006	
    88.119	   5242.22	       530	4.45846e+006	4.97506e+006	
    89.119	   5242.99	       530	4.4129e+006	5.02224e+006	
    90.119	    5244.5	       530	4.36777e+006	5.06916e+006	
    91.119	   5247.35	       530	4.32346e+006	5.1156e+006	
    92.119	   5252.47	       530	4.28053e+006	5.1612e+006	
    93.119	   5260.92	       530	4.23975e+006	5.20544e+006	
    94.119	   5273.64	       530	4.20188e+006	5.24777e+006	
    95.119	   5290.92	       530	4.16747e+006	5.28766e+006	
    96.119	   5312.18	       530	4.13668e+006	5.32477e+006	
    97.119	   5335.82	       530	4.10913e+006	5.35908e+006	
    98.119	   5359.98	       530	4.08416e+006	5.39078e+006	
    99.119	   5382.97	       530	4.06103e+006	5.42024e+006	
       100	   5401.67	       530	4.0417e+006	5.44467e+006	
