Results for well: RES1_PROD.out in the reservoir: RES1_PROD.out

time	BHP	Temp	q(Oil)	q(Water)
days	psi	F	stb/d	stb/d
0         	0         	-         	0         	0         	
0.0001    	2500      	70        	24.2819   	0         	
0.000247239	2500      	70        	24.221    	0         	
0.000466256	2500      	70        	24.1713   	0         	
0.000790759	2500      	70        	24.1248   	0         	
0.00126884	2500      	70        	24.0786   	0         	
0.0019676 	2500      	70        	24.032    	0         	
0.00297788	2500      	70        	23.985    	0         	
0.00441803	2500      	70        	23.939    	0         	
0.00643527	2500      	70        	23.8959   	0         	
0.00920455	2500      	70        	23.8581   	0         	
0.0129272 	2500      	70        	23.8276   	0         	
0.0178359 	2500      	70        	23.8066   	0         	
0.0242129 	2500      	70        	23.7972   	0         	
0.0324313 	2500      	70        	23.8006   	0         	
0.0430245 	2500      	70        	23.8165   	0         	
0.0567993 	2500      	70        	23.8474   	0         	
0.0739365 	2500      	70        	23.9069   	0         	
0.0926732 	2500      	70        	24.0048   	0         	
0.113022  	2500      	70        	24.152    	0         	
0.134544  	2500      	70        	24.3471   	0         	
0.157709  	2500      	70        	24.5868   	0         	
0.182418  	2500      	70        	24.8703   	0         	
0.20904   	2500      	70        	25.2085   	0         	
0.238668  	2500      	70        	25.6204   	0         	
0.270964  	2500      	70        	26.0991   	0         	
0.307283  	2500      	70        	26.663    	0         	
0.346515  	2500      	70        	27.2923   	0         	
0.390014  	2500      	70        	28.0062   	0         	
0.436182  	2500      	70        	28.7751   	0         	
0.487     	2500      	70        	29.6287   	0         	
0.542071  	2500      	70        	30.5573   	0         	
0.602103  	2500      	70        	31.5702   	0         	
0.666899  	2500      	70        	32.6608   	0         	
0.737813  	2500      	70        	33.849    	0         	
0.814851  	2500      	70        	35.132    	0         	
0.898504  	2500      	70        	36.5145   	0         	
0.987779  	2500      	70        	37.977    	0         	
1.08573   	2500      	70        	39.5656   	0         	
1.19011   	2500      	70        	41.2398   	0         	
1.30131   	2500      	70        	43.002    	0         	
1.42222   	2500      	70        	44.8926   	0         	
1.55246   	2500      	70        	46.8996   	0         	
1.69157   	2500      	70        	49.0096   	0         	
1.8403    	2500      	70        	51.2267   	0         	
2.00226   	2500      	70        	53.5954   	0         	
2.17573   	2500      	70        	56.0802   	0         	
2.35938   	2500      	70        	58.6525   	0         	
2.55899   	2500      	70        	61.3799   	0         	
2.77653   	2500      	70        	64.2713   	0         	
3.00648   	2500      	70        	67.2386   	0         	
3.25238   	2500      	70        	70.3112   	0         	
3.52037   	2500      	70        	73.5414   	0         	
3.80451   	2500      	70        	76.6979   	0         	
4.10633   	2500      	70        	79.7743   	0         	
4.4307    	2500      	70        	82.9599   	0         	
4.78341   	2500      	70        	86.2719   	0         	
5.16049   	2500      	70        	89.6437   	0         	
5.56809   	2500      	70        	93.0969   	0         	
6.00975   	2500      	70        	96.6218   	0         	
6.47927   	2500      	70        	100.135   	0         	
6.97494   	2500      	70        	103.596   	0         	
7.5002    	2500      	70        	106.998   	0         	
8.06655   	2500      	70        	110.378   	0         	
8.6724    	2500      	70        	113.684   	0         	
9.31963   	2500      	70        	116.889   	0         	
10.0044   	2500      	70        	119.946   	0         	
10.7259   	2500      	70        	122.827   	0         	
11.4946   	2500      	70        	125.55    	0         	
12.3189   	2500      	70        	128.113   	0         	
13.2      	2500      	70        	130.492   	0         	
14.1361   	2500      	70        	132.593   	0         	
15.119    	2500      	70        	134.391   	0         	
16.119    	2500      	70        	135.969   	0         	
17.119    	2500      	70        	137.341   	0         	
18.119    	2500      	70        	138.52    	0         	
19.119    	2500      	70        	139.532   	0         	
20.119    	2500      	70        	140.398   	0         	
21.119    	2500      	70        	141.14    	0         	
22.119    	2500      	70        	141.774   	0         	
23.119    	2500      	70        	142.315   	0         	
24.119    	2500      	70        	142.777   	0         	
25.119    	2500      	70        	143.171   	0         	
26.119    	2500      	70        	143.505   	0         	
27.119    	2500      	70        	143.79    	0         	
28.119    	2500      	70        	144.032   	0         	
29.119    	2500      	70        	144.238   	0         	
30.119    	2500      	70        	144.412   	0         	
31.119    	2500      	70        	144.56    	0         	
32.119    	2500      	70        	144.685   	0         	
33.119    	2500      	70        	144.792   	0         	
34.119    	2500      	70        	144.882   	0         	
35.119    	2500      	70        	144.958   	0         	
36.119    	2500      	70        	145.023   	0         	
37.119    	2500      	70        	145.078   	0         	
38.119    	2500      	70        	145.124   	0         	
39.119    	2500      	70        	145.164   	0         	
40.119    	2500      	70        	145.197   	0         	
41.119    	2500      	70        	145.225   	0         	
42.119    	2500      	70        	145.249   	1.6045e-014	
43.119    	2500      	70        	145.27    	3.20939e-014	
44.119    	2500      	70        	145.287   	6.41946e-014	
45.119    	2500      	70        	145.302   	1.44451e-013	
46.119    	2500      	70        	145.315   	3.04975e-013	
47.119    	2500      	70        	145.326   	6.34069e-013	
48.119    	2500      	70        	145.335   	1.30834e-012	
49.119    	2500      	70        	145.343   	2.65695e-012	
50.119    	2500      	70        	145.351   	5.3623e-012	
51.119    	2500      	70        	145.357   	1.07089e-011	
52.119    	2500      	70        	145.362   	2.11617e-011	
53.119    	2500      	70        	145.367   	4.14656e-011	
54.119    	2500      	70        	145.371   	8.05249e-011	
55.119    	2500      	70        	145.375   	1.55112e-010	
56.119    	2500      	70        	145.378   	2.96413e-010	
57.119    	2500      	70        	145.381   	5.62375e-010	
58.119    	2500      	70        	145.384   	1.05991e-009	
59.119    	2500      	70        	145.387   	1.98554e-009	
60.119    	2500      	70        	145.389   	3.69981e-009	
61.119    	2500      	70        	145.391   	6.86292e-009	
62.119    	2500      	70        	145.393   	1.26845e-008	
63.119    	2500      	70        	145.394   	2.33845e-008	
64.119    	2500      	70        	145.396   	4.305e-008	
65.119    	2500      	70        	145.397   	7.92437e-008	
66.119    	2500      	70        	145.398   	1.46045e-007	
67.119    	2500      	70        	145.4     	2.69847e-007	
68.119    	2500      	70        	145.401   	5.00476e-007	
69.119    	2500      	70        	145.402   	9.32594e-007	
70.119    	2500      	70        	145.403   	1.74703e-006	
71.119    	2500      	70        	145.403   	3.2907e-006	
72.119    	2500      	70        	145.404   	6.23156e-006	
73.119    	2500      	70        	145.404   	1.18597e-005	
74.119    	2500      	70        	145.404   	2.26754e-005	
75.119    	2500      	70        	145.403   	4.35358e-005	
76.119    	2500      	70        	145.402   	8.38964e-005	
77.119    	2500      	70        	145.401   	0.000162184	
78.119    	2500      	70        	145.399   	0.000314277	
79.119    	2500      	70        	145.396   	0.000609838	
80.119    	2500      	70        	145.393   	0.00118369	
81.119    	2500      	70        	145.388   	0.00229567	
82.119    	2500      	70        	145.378   	0.0044454 	
83.119    	2500      	70        	145.363   	0.00859341	
84.119    	2500      	70        	145.335   	0.0165954 	
85.119    	2500      	70        	145.284   	0.0320737 	
86.119    	2500      	70        	145.189   	0.0621983 	
87.119    	2500      	70        	145.005   	0.12142   	
88.119    	2500      	70        	144.647   	0.239037  	
89.119    	2500      	70        	143.939   	0.473737  	
90.119    	2500      	70        	142.558   	0.936057  	
91.119    	2500      	70        	139.995   	1.80304   	
92.119    	2500      	70        	135.592   	3.31119   	
93.119    	2500      	70        	128.832   	5.65233   	
94.119    	2500      	70        	119.642   	8.87565   	
95.119    	2500      	70        	108.697   	12.7654   	
96.119    	2500      	70        	97.2702   	16.8951   	
97.119    	2500      	70        	87.0347   	20.684    	
98.119    	2500      	70        	78.8803   	23.8041   	
99.119    	2500      	70        	73.0689   	26.1341   	
100       	2500      	70        	69.3185   	27.7081   	
