Results of block pressure and saturations for reservoir: RES1

BlockNo		P		T		Sg		So		X[i]		Y[i]
 t = 0       (days)
0           1993.5      103.4       0               1               1e-020          1               1e-020          1               
1           1993.5      103.4       0               1               1e-020          1               1e-020          1               
2           1993.5      103.4       0               1               1e-020          1               1e-020          1               
3           1993.5      103.4       0               1               1e-020          1               1e-020          1               
4           1993.5      103.4       0               1               1e-020          1               1e-020          1               
5           1993.5      103.4       0               1               1e-020          1               1e-020          1               
6           1993.5      103.4       0               1               1e-020          1               1e-020          1               
7           1993.5      103.4       0               1               1e-020          1               1e-020          1               
8           1993.5      103.4       0               1               1e-020          1               1e-020          1               
9           1993.5      103.4       0               1               1e-020          1               1e-020          1               
10          2002.17     103.4       0               1               1e-020          1               1e-020          1               
11          2002.17     103.4       0               1               1e-020          1               1e-020          1               
12          2002.17     103.4       0               1               1e-020          1               1e-020          1               
13          2002.17     103.4       0               1               1e-020          1               1e-020          1               
14          2002.17     103.4       0               1               1e-020          1               1e-020          1               
15          2002.17     103.4       0               1               1e-020          1               1e-020          1               
16          2002.17     103.4       0               1               1e-020          1               1e-020          1               
17          2002.17     103.4       0               1               1e-020          1               1e-020          1               
18          2002.17     103.4       0               1               1e-020          1               1e-020          1               
19          2002.17     103.4       0               1               1e-020          1               1e-020          1               
20          2010.83     103.4       0               1               1e-020          1               1e-020          1               
21          2010.83     103.4       0               1               1e-020          1               1e-020          1               
22          2010.83     103.4       0               1               1e-020          1               1e-020          1               
23          2010.83     103.4       0               1               1e-020          1               1e-020          1               
24          2010.83     103.4       0               1               1e-020          1               1e-020          1               
25          2010.83     103.4       0               1               1e-020          1               1e-020          1               
26          2010.83     103.4       0               1               1e-020          1               1e-020          1               
27          2010.83     103.4       0               1               1e-020          1               1e-020          1               
28          2010.83     103.4       0               1               1e-020          1               1e-020          1               
29          2010.83     103.4       0               1               1e-020          1               1e-020          1               
30          2019.49     103.4       0               1               1e-020          1               1e-020          1               
31          2019.49     103.4       0               1               1e-020          1               1e-020          1               
32          2019.49     103.4       0               1               1e-020          1               1e-020          1               
33          2019.49     103.4       0               1               1e-020          1               1e-020          1               
34          2019.49     103.4       0               1               1e-020          1               1e-020          1               
35          2019.49     103.4       0               1               1e-020          1               1e-020          1               
36          2019.49     103.4       0               1               1e-020          1               1e-020          1               
37          2019.49     103.4       0               1               1e-020          1               1e-020          1               
38          2019.49     103.4       0               1               1e-020          1               1e-020          1               
39          2019.49     103.4       0               1               1e-020          1               1e-020          1               
40          2028.15     103.4       0               1               1e-020          1               1e-020          1               
41          2028.15     103.4       0               1               1e-020          1               1e-020          1               
42          2028.15     103.4       0               1               1e-020          1               1e-020          1               
43          2028.15     103.4       0               1               1e-020          1               1e-020          1               
44          2028.15     103.4       0               1               1e-020          1               1e-020          1               
45          2028.15     103.4       0               1               1e-020          1               1e-020          1               
46          2028.15     103.4       0               1               1e-020          1               1e-020          1               
47          2028.15     103.4       0               1               1e-020          1               1e-020          1               
48          2028.15     103.4       0               1               1e-020          1               1e-020          1               
49          2028.15     103.4       0               1               1e-020          1               1e-020          1               
50          2036.81     103.4       0               1               1e-020          1               1e-020          1               
51          2036.81     103.4       0               1               1e-020          1               1e-020          1               
52          2036.81     103.4       0               1               1e-020          1               1e-020          1               
53          2036.81     103.4       0               1               1e-020          1               1e-020          1               
54          2036.81     103.4       0               1               1e-020          1               1e-020          1               
55          2036.81     103.4       0               1               1e-020          1               1e-020          1               
56          2036.81     103.4       0               1               1e-020          1               1e-020          1               
57          2036.81     103.4       0               1               1e-020          1               1e-020          1               
58          2036.81     103.4       0               1               1e-020          1               1e-020          1               
59          2036.81     103.4       0               1               1e-020          1               1e-020          1               
60          2045.48     103.4       0               1               1e-020          1               1e-020          1               
61          2045.48     103.4       0               1               1e-020          1               1e-020          1               
62          2045.48     103.4       0               1               1e-020          1               1e-020          1               
63          2045.48     103.4       0               1               1e-020          1               1e-020          1               
64          2045.48     103.4       0               1               1e-020          1               1e-020          1               
65          2045.48     103.4       0               1               1e-020          1               1e-020          1               
66          2045.48     103.4       0               1               1e-020          1               1e-020          1               
67          2045.48     103.4       0               1               1e-020          1               1e-020          1               
68          2045.48     103.4       0               1               1e-020          1               1e-020          1               
69          2045.48     103.4       0               1               1e-020          1               1e-020          1               
70          2054.14     103.4       0               1               1e-020          1               1e-020          1               
71          2054.14     103.4       0               1               1e-020          1               1e-020          1               
72          2054.14     103.4       0               1               1e-020          1               1e-020          1               
73          2054.14     103.4       0               1               1e-020          1               1e-020          1               
74          2054.14     103.4       0               1               1e-020          1               1e-020          1               
75          2054.14     103.4       0               1               1e-020          1               1e-020          1               
76          2054.14     103.4       0               1               1e-020          1               1e-020          1               
77          2054.14     103.4       0               1               1e-020          1               1e-020          1               
78          2054.14     103.4       0               1               1e-020          1               1e-020          1               
79          2054.14     103.4       0               1               1e-020          1               1e-020          1               
80          2062.8      103.4       0               1               1e-020          1               1e-020          1               
81          2062.8      103.4       0               1               1e-020          1               1e-020          1               
82          2062.8      103.4       0               1               1e-020          1               1e-020          1               
83          2062.8      103.4       0               1               1e-020          1               1e-020          1               
84          2062.8      103.4       0               1               1e-020          1               1e-020          1               
85          2062.8      103.4       0               1               1e-020          1               1e-020          1               
86          2062.8      103.4       0               1               1e-020          1               1e-020          1               
87          2062.8      103.4       0               1               1e-020          1               1e-020          1               
88          2062.8      103.4       0               1               1e-020          1               1e-020          1               
89          2062.8      103.4       0               1               1e-020          1               1e-020          1               
90          2071.46     103.4       0               1               1e-020          1               1e-020          1               
91          2071.46     103.4       0               1               1e-020          1               1e-020          1               
92          2071.46     103.4       0               1               1e-020          1               1e-020          1               
93          2071.46     103.4       0               1               1e-020          1               1e-020          1               
94          2071.46     103.4       0               1               1e-020          1               1e-020          1               
95          2071.46     103.4       0               1               1e-020          1               1e-020          1               
96          2071.46     103.4       0               1               1e-020          1               1e-020          1               
97          2071.46     103.4       0               1               1e-020          1               1e-020          1               
98          2071.46     103.4       0               1               1e-020          1               1e-020          1               
99          2071.46     103.4       0               1               1e-020          1               1e-020          1               

 t = 1.32481 (days)
0           1500.87     103.4       0               1               1e-020          1               1e-020          1               
1           1790.4      103.4       0               1               1e-020          1               1e-020          1               
2           1991.26     103.4       0               1               1e-020          1               1e-020          1               
3           2190.51     103.4       0               1               1e-020          1               1e-020          1               
4           2403.66     103.4       0               1               1.00004e-020    1               1.00004e-020    1               
5           2636.39     103.4       0               1               1.00806e-020    1               1.00806e-020    1               
6           2891.54     103.4       0               1               2.34727e-020    1               2.34727e-020    1               
7           3167.13     103.4       0               1               2.01457e-018    1               2.01457e-018    1               
8           3444.09     103.4       0               1               2.62849e-016    1               2.62849e-016    1               
9           3653.21     103.4       0               1               2.93762e-014    1               2.93762e-014    1               
10          1561.64     103.4       0               1               1e-020          1               1e-020          1               
11          1803.08     103.4       0               1               1e-020          1               1e-020          1               
12          2000.56     103.4       0               1               1e-020          1               1e-020          1               
13          2199.31     103.4       0               1               1.00004e-020    1               1.00004e-020    1               
14          2412.38     103.4       0               1               1.00782e-020    1               1.00782e-020    1               
15          2645.14     103.4       0               1               2.43869e-020    1               2.43869e-020    1               
16          2900.54     103.4       0               1               2.37797e-018    1               2.37797e-018    1               
17          3177.06     103.4       0               1               3.45055e-016    1               3.45055e-016    1               
18          3456.92     103.4       0               1               4.39058e-014    1               4.39058e-014    1               
19          3671.77     103.4       0               1               4.68289e-012    1               4.68289e-012    1               
20          1613.17     103.4       0               1               1e-020          1               1e-020          1               
21          1818        103.4       0               1               1e-020          1               1e-020          1               
22          2010.38     103.4       0               1               1.00002e-020    1               1.00002e-020    1               
23          2208.23     103.4       0               1               1.00354e-020    1               1.00354e-020    1               
24          2421.14     103.4       0               1               1.70576e-020    1               1.70576e-020    1               
25          2653.98     103.4       0               1               1.28967e-018    1               1.28967e-018    1               
26          2909.84     103.4       0               1               2.0669e-016     1               2.0669e-016     1               
27          3188.15     103.4       0               1               2.93296e-014    1               2.93296e-014    1               
28          3473.79     103.4       0               1               3.58432e-012    1               3.58432e-012    1               
29          3700.46     103.4       0               1               3.57815e-010    1               3.57815e-010    1               
30          1656.9      103.4       0               1               1e-020          1               1e-020          1               
31          1833.88     103.4       0               1               1.00001e-020    1               1.00001e-020    1               
32          2020.56     103.4       0               1               1.00101e-020    1               1.00101e-020    1               
33          2217.25     103.4       0               1               1.21184e-020    1               1.21184e-020    1               
34          2429.93     103.4       0               1               4.28404e-019    1               4.28404e-019    1               
35          2662.87     103.4       0               1               7.46382e-017    1               7.46382e-017    1               
36          2919.39     103.4       0               1               1.17829e-014    1               1.17829e-014    1               
37          3200.26     103.4       0               1               1.61848e-012    1               1.61848e-012    1               
38          3494.47     103.4       0               1               1.87874e-010    1               1.87874e-010    1               
39          3739.75     103.4       0               1               1.72018e-008    1               1.72018e-008    1               
40          1693.98     103.4       0               1               1e-020          1               1e-020          1               
41          1849.86     103.4       0               1               1.00021e-020    1               1.00021e-020    1               
42          2030.92     103.4       0               1               1.04405e-020    1               1.04405e-020    1               
43          2226.32     103.4       0               1               1.02681e-019    1               1.02681e-019    1               
44          2438.75     103.4       0               1               1.80978e-017    1               1.80978e-017    1               
45          2671.81     103.4       0               1               3.16452e-015    1               3.16452e-015    1               
46          2929.11     103.4       0               1               4.86328e-013    1               4.86328e-013    1               
47          3213.16     103.4       0               1               6.42267e-011    1               6.42267e-011    1               
48          3518.57     103.4       0               1               6.99844e-009    1               6.99844e-009    1               
49          3790.42     103.4       0               1               5.75031e-007    0.999999        5.75031e-007    0.999999        
50          1725.22     103.4       0               1               1.00003e-020    1               1.00003e-020    1               
51          1865.31     103.4       0               1               1.00666e-020    1               1.00666e-020    1               
52          2041.28     103.4       0               1               2.47648e-020    1               2.47648e-020    1               
53          2235.4      103.4       0               1               3.12289e-018    1               3.12289e-018    1               
54          2447.57     103.4       0               1               5.98935e-016    1               5.98935e-016    1               
55          2680.77     103.4       0               1               1.02436e-013    1               1.02436e-013    1               
56          2938.91     103.4       0               1               1.52487e-011    1               1.52487e-011    1               
57          3226.52     103.4       0               1               1.92191e-009    1               1.92191e-009    1               
58          3545.5      103.4       0               1               1.9408e-007     1               1.9408e-007     1               
59          3853.57     103.4       0               1               1.39645e-005    0.999986        1.39645e-005    0.999986        
60          1751.29     103.4       0               1               1.00058e-020    1               1.00058e-020    1               
61          1879.81     103.4       0               1               1.1685e-020     1               1.1685e-020     1               
62          2051.48     103.4       0               1               4.00539e-019    1               4.00539e-019    1               
63          2244.46     103.4       0               1               8.22296e-017    1               8.22296e-017    1               
64          2456.39     103.4       0               1               1.55516e-014    1               1.55516e-014    1               
65          2689.71     103.4       0               1               2.59048e-012    1               2.59048e-012    1               
66          2948.68     103.4       0               1               3.71505e-010    1               3.71505e-010    1               
67          3239.95     103.4       0               1               4.43251e-008    1               4.43251e-008    1               
68          3574.37     103.4       0               1               4.09025e-006    0.999996        4.09025e-006    0.999996        
69          3930.67     103.4       0               1               0.000250275     0.99975         0.000250275     0.99975         
70          1772.63     103.4       0               1               1.0106e-020     1               1.0106e-020     1               
71          1893.05     103.4       0               1               4.44549e-020    1               4.44549e-020    1               
72          2061.42     103.4       0               1               8.24369e-018    1               8.24369e-018    1               
73          2253.45     103.4       0               1               1.72358e-015    1               1.72358e-015    1               
74          2465.18     103.4       0               1               3.19515e-013    1               3.19515e-013    1               
75          2698.62     103.4       0               1               5.16324e-011    1               5.16324e-011    1               
76          2958.31     103.4       0               1               7.09307e-009    1               7.09307e-009    1               
77          3252.99     103.4       0               1               7.94319e-007    0.999999        7.94319e-007    0.999999        
78          3603.89     103.4       0               1               6.59529e-005    0.999934        6.59529e-005    0.999934        
79          4023.5      103.4       0               1               0.00329849      0.996702        0.00329849      0.996702        
80          1789.57     103.4       0               1               1.16274e-020    1               1.16274e-020    1               
81          1904.87     103.4       0               1               5.8057e-019     1               5.8057e-019     1               
82          2070.98     103.4       0               1               1.38685e-016    1               1.38685e-016    1               
83          2262.35     103.4       0               1               2.87448e-014    1               2.87448e-014    1               
84          2473.94     103.4       0               1               5.21045e-012    1               5.21045e-012    1               
85          2707.46     103.4       0               1               8.14595e-010    1               8.14595e-010    1               
86          2967.7      103.4       0               1               1.06764e-007    1               1.06764e-007    1               
87          3265.13     103.4       0               1               1.11533e-005    0.999989        1.11533e-005    0.999989        
88          3632.17     103.4       0               1               0.00082202      0.999178        0.00082202      0.999178        
89          4132.7      103.4       0.0241821       0.975818        0.94647         0.0535295       0.0262383       0.973762        
90          1802.32     103.4       0               1               3.12487e-020    1               3.12487e-020    1               
91          1915.13     103.4       0               1               7.78537e-018    1               7.78537e-018    1               
92          2080.11     103.4       0               1               1.90516e-015    1               1.90516e-015    1               
93          2271.14     103.4       0               1               3.91442e-013    1               3.91442e-013    1               
94          2482.66     103.4       0               1               6.97424e-011    1               6.97424e-011    1               
95          2716.22     103.4       0               1               1.06431e-008    1               1.06431e-008    1               
96          2976.76     103.4       0               1               1.35117e-006    0.999999        1.35117e-006    0.999999        
97          3275.82     103.4       0               1               0.000135502     0.999864        0.000135502     0.999864        
98          3656.15     103.4       0               1               0.00941154      0.990588        0.00941154      0.990588        
99          4219.7      103.4       0.314453        0.685547        0.94578         0.0542196       0.0263375       0.973663        

 t = 6.22225 (days)
0           2286.68     103.4       0               1               8.6116e-020     1               8.6116e-020     1               
1           2770.95     103.4       0               1               2.52576e-020    1               2.52576e-020    1               
2           3087.69     103.4       0               1               1.82594e-019    1               1.82594e-019    1               
3           3382.48     103.4       0               1               5.25114e-018    1               5.25114e-018    1               
4           3677.19     103.4       0               1               1.78613e-016    1               1.78613e-016    1               
5           3975.94     103.4       0               1               6.05151e-015    1               6.05151e-015    1               
6           4277.64     103.4       0               1               1.98007e-013    1               1.98007e-013    1               
7           4574.26     103.4       0               1               6.1396e-012     1               6.1396e-012     1               
8           4838.87     103.4       0               1               1.73538e-010    1               1.73538e-010    1               
9           5007.49     103.4       0               1               3.97842e-009    1               3.97842e-009    1               
10          2384.75     103.4       0               1               4.51489e-019    1               4.51489e-019    1               
11          2786.53     103.4       0               1               6.45538e-019    1               6.45538e-019    1               
12          3097.46     103.4       0               1               9.83449e-018    1               9.83449e-018    1               
13          3391.39     103.4       0               1               3.01756e-016    1               3.01756e-016    1               
14          3685.95     103.4       0               1               1.01835e-014    1               1.01835e-014    1               
15          3984.75     103.4       0               1               3.39637e-013    1               3.39637e-013    1               
16          4286.77     103.4       0               1               1.088e-011      1               1.088e-011      1               
17          4584.46     103.4       0               1               3.28036e-010    1               3.28036e-010    1               
18          4851.61     103.4       0               1               8.92777e-009    1               8.92777e-009    1               
19          5023.1      103.4       0               1               1.94197e-007    1               1.94197e-007    1               
20          2467.02     103.4       0               1               2.88041e-018    1               2.88041e-018    1               
21          2805.96     103.4       0               1               1.41642e-017    1               1.41642e-017    1               
22          3108.14     103.4       0               1               2.77452e-016    1               2.77452e-016    1               
23          3400.51     103.4       0               1               8.65728e-015    1               8.65728e-015    1               
24          3694.78     103.4       0               1               2.89158e-013    1               2.89158e-013    1               
25          3993.67     103.4       0               1               9.46665e-012    1               9.46665e-012    1               
26          4296.33     103.4       0               1               2.95624e-010    1               2.95624e-010    1               
27          4596.11     103.4       0               1               8.60933e-009    1               8.60933e-009    1               
28          4868.37     103.4       0               1               2.23163e-007    1               2.23163e-007    1               
29          5045.76     103.4       0               1               4.52989e-006    0.999995        4.52989e-006    0.999995        
30          2535.98     103.4       0               1               1.98503e-017    1               1.98503e-017    1               
31          2827.08     103.4       0               1               2.19315e-016    1               2.19315e-016    1               
32          3119.43     103.4       0               1               5.16085e-015    1               5.16085e-015    1               
33          3409.8      103.4       0               1               1.63709e-013    1               1.63709e-013    1               
34          3703.67     103.4       0               1               5.40359e-012    1               5.40359e-012    1               
35          4002.7      103.4       0               1               1.73099e-010    1               1.73099e-010    1               
36          4306.24     103.4       0               1               5.24433e-009    1               5.24433e-009    1               
37          4609.1      103.4       0               1               1.46451e-007    1               1.46451e-007    1               
38          4889.13     103.4       0               1               3.57235e-006    0.999996        3.57235e-006    0.999996        
39          5075.69     103.4       0               1               6.63877e-005    0.999934        6.63877e-005    0.999934        
40          2593.51     103.4       0               1               1.37488e-016    1               1.37488e-016    1               
41          2848.35     103.4       0               1               2.61308e-015    1               2.61308e-015    1               
42          3131.03     103.4       0               1               7.08047e-014    1               7.08047e-014    1               
43          3419.17     103.4       0               1               2.27811e-012    1               2.27811e-012    1               
44          3712.6      103.4       0               1               7.41423e-011    1               7.41423e-011    1               
45          4011.79     103.4       0               1               2.31567e-009    1               2.31567e-009    1               
46          4316.43     103.4       0               1               6.77172e-008    1               6.77172e-008    1               
47          4623.23     103.4       0               1               1.79937e-006    0.999998        1.79937e-006    0.999998        
48          4913.84     103.4       0               1               4.07707e-005    0.999959        4.07707e-005    0.999959        
49          5113.26     103.4       0               1               0.000678588     0.999321        0.000678588     0.999321        
50          2641.05     103.4       0               1               9.14341e-016    1               9.14341e-016    1               
51          2868.72     103.4       0               1               2.52297e-014    1               2.52297e-014    1               
52          3142.63     103.4       0               1               7.61174e-013    1               7.61174e-013    1               
53          3428.57     103.4       0               1               2.47339e-011    1               2.47339e-011    1               
54          3721.54     103.4       0               1               7.91471e-010    1               7.91471e-010    1               
55          4020.91     103.4       0               1               2.40118e-008    1               2.40118e-008    1               
56          4326.78     103.4       0               1               6.74294e-007    0.999999        6.74294e-007    0.999999        
57          4638.26     103.4       0               1               1.69196e-005    0.999983        1.69196e-005    0.999983        
58          4942.4      103.4       0               1               0.000351484     0.999649        0.000351484     0.999649        
59          5158.87     103.4       0               1               0.00512462      0.994875        0.00512462      0.994875        
60          2679.68     103.4       0               1               5.70289e-015    1               5.70289e-015    1               
61          2887.44     103.4       0               1               2.04303e-013    1               2.04303e-013    1               
62          3153.97     103.4       0               1               6.67442e-012    1               6.67442e-012    1               
63          3437.92     103.4       0               1               2.17841e-010    1               2.17841e-010    1               
64          3730.47     103.4       0               1               6.83266e-009    1               6.83266e-009    1               
65          4030.03     103.4       0               1               2.00634e-007    1               2.00634e-007    1               
66          4337.15     103.4       0               1               5.38485e-006    0.999995        5.38485e-006    0.999995        
67          4653.82     103.4       0               1               0.000126732     0.999873        0.000126732     0.999873        
68          4974.61     103.4       0               1               0.00238863      0.997611        0.00238863      0.997611        
69          5212.48     103.4       0.0157947       0.984205        0.938611        0.0613888       0.027398        0.972602        
70          2710.19     103.4       0               1               3.31283e-014    1               3.31283e-014    1               
71          2904.03     103.4       0               1               1.42915e-012    1               1.42915e-012    1               
72          3164.83     103.4       0               1               4.9443e-011     1               4.9443e-011     1               
73          3447.17     103.4       0               1               1.61149e-009    1               1.61149e-009    1               
74          3739.36     103.4       0               1               4.93687e-008    1               4.93687e-008    1               
75          4039.09     103.4       0               1               1.39699e-006    0.999999        1.39699e-006    0.999999        
76          4347.39     103.4       0               1               3.56067e-005    0.999964        3.56067e-005    0.999964        
77          4669.44     103.4       0               1               0.000778963     0.999221        0.000778963     0.999221        
78          5009.92     103.4       0               1               0.0133277       0.986672        0.0133277       0.986672        
79          5265.77     103.4       0.264846        0.735154        0.938258        0.0617419       0.0274517       0.972548        
80          2733.13     103.4       0               1               1.7814e-013     1               1.7814e-013     1               
81          2918.14     103.4       0               1               8.80761e-012    1               8.80761e-012    1               
82          3175.06     103.4       0               1               3.17407e-010    1               3.17407e-010    1               
83          3456.25     103.4       0               1               1.02386e-008    1               1.02386e-008    1               
84          3748.19     103.4       0               1               3.02746e-007    1               3.02746e-007    1               
85          4048.05     103.4       0               1               8.09038e-006    0.999992        8.09038e-006    0.999992        
86          4357.33     103.4       0               1               0.000188582     0.999811        0.000188582     0.999811        
87          4684.41     103.4       0               1               0.00354257      0.996457        0.00354257      0.996457        
88          5046.42     103.4       0.0873737       0.912626        0.93973         0.0602697       0.0272288       0.972771        
89          5306.66     103.4       0.434569        0.565431        0.937989        0.062011        0.0274927       0.972507        
90          2748.84     103.4       0               1               7.90991e-013    1               7.90991e-013    1               
91          2929.57     103.4       0               1               4.17071e-011    1               4.17071e-011    1               
92          3184.54     103.4       0               1               1.51153e-009    1               1.51153e-009    1               
93          3465.14     103.4       0               1               4.74698e-008    1               4.74698e-008    1               
94          3756.95     103.4       0               1               1.34546e-006    0.999999        1.34546e-006    0.999999        
95          4056.89     103.4       0               1               3.42451e-005    0.999966        3.42451e-005    0.999966        
96          4366.78     103.4       0               1               0.000767312     0.999233        0.000767312     0.999233        
97          4697.92     103.4       0               1               0.0145846       0.985415        0.0145846       0.985415        
98          5069.95     103.4       0.270909        0.729091        0.93957         0.06043         0.027253        0.972747        
99          5341.58     103.4       0.623539        0.376461        0.937761        0.0622394       0.0275275       0.972472        

 t = 45.33   (days)
0           2818.25     103.4       0               1               6.60783e-007    0.999999        6.60783e-007    0.999999        
1           3434.79     103.4       0               1               4.07853e-008    1               4.07853e-008    1               
2           3830.63     103.4       0               1               4.1035e-008     1               4.1035e-008     1               
3           4189.64     103.4       0               1               1.63985e-007    1               1.63985e-007    1               
4           4532.44     103.4       0               1               7.67039e-007    0.999999        7.67039e-007    0.999999        
5           4847.52     103.4       0               1               3.34034e-006    0.999997        3.34034e-006    0.999997        
6           5121.23     103.4       0               1               1.30784e-005    0.999987        1.30784e-005    0.999987        
7           5344.22     103.4       0               1               4.80578e-005    0.999952        4.80578e-005    0.999952        
8           5507.71     103.4       0               1               0.000172098     0.999828        0.000172098     0.999828        
9           5598.82     103.4       0               1               0.000604624     0.999395        0.000604624     0.999395        
10          2941.58     103.4       0               1               1.15449e-006    0.999999        1.15449e-006    0.999999        
11          3452.38     103.4       0               1               3.30143e-007    1               3.30143e-007    1               
12          3840.86     103.4       0               1               5.2726e-007     0.999999        5.2726e-007     0.999999        
13          4199.05     103.4       0               1               2.14272e-006    0.999998        2.14272e-006    0.999998        
14          4542.3      103.4       0               1               9.86131e-006    0.99999         9.86131e-006    0.99999         
15          4857.92     103.4       0               1               4.19639e-005    0.999958        4.19639e-005    0.999958        
16          5131.99     103.4       0               1               0.000159724     0.99984         0.000159724     0.99984         
17          5355.32     103.4       0               1               0.000567495     0.999433        0.000567495     0.999433        
18          5519.31     103.4       0               1               0.00195423      0.998046        0.00195423      0.998046        
19          5611.17     103.4       0               1               0.00660315      0.993397        0.00660315      0.993397        
20          3044.71     103.4       0               1               2.08996e-006    0.999998        2.08996e-006    0.999998        
21          3474.95     103.4       0               1               1.57968e-006    0.999998        1.57968e-006    0.999998        
22          3852.38     103.4       0               1               3.49802e-006    0.999997        3.49802e-006    0.999997        
23          4209.12     103.4       0               1               1.45133e-005    0.999985        1.45133e-005    0.999985        
24          4553.33     103.4       0               1               6.57315e-005    0.999934        6.57315e-005    0.999934        
25          4870.04     103.4       0               1               0.000272592     0.999727        0.000272592     0.999727        
26          5144.81     103.4       0               1               0.00100406      0.998996        0.00100406      0.998996        
27          5368.81     103.4       0               1               0.00342803      0.996572        0.00342803      0.996572        
28          5533.79     103.4       0               1               0.0112414       0.988759        0.0112414       0.988759        
29          5627.14     103.4       0.0447524       0.955248        0.935936        0.0640644       0.0278081       0.972192        
30          3130.79     103.4       0               1               3.85582e-006    0.999996        3.85582e-006    0.999996        
31          3499.72     103.4       0               1               5.71243e-006    0.999994        5.71243e-006    0.999994        
32          3864.8      103.4       0               1               1.60551e-005    0.999984        1.60551e-005    0.999984        
33          4219.77     103.4       0               1               6.80178e-005    0.999932        6.80178e-005    0.999932        
34          4565.53     103.4       0               1               0.000303162     0.999697        0.000303162     0.999697        
35          4883.87     103.4       0               1               0.00122285      0.998777        0.00122285      0.998777        
36          5159.68     103.4       0               1               0.00434425      0.995656        0.00434425      0.995656        
37          5384.61     103.4       0               1               0.0141638       0.985836        0.0141638       0.985836        
38          5551.04     103.4       0.0850609       0.914939        0.936415        0.0635854       0.0277341       0.972266        
39          5644.08     103.4       0.288282        0.711718        0.93583         0.0641704       0.0278244       0.972176        
40          3202.23     103.4       0               1               7.12417e-006    0.999993        7.12417e-006    0.999993        
41          3524.72     103.4       0               1               1.71123e-005    0.999983        1.71123e-005    0.999983        
42          3877.7      103.4       0               1               5.74888e-005    0.999943        5.74888e-005    0.999943        
43          4230.86     103.4       0               1               0.000248198     0.999752        0.000248198     0.999752        
44          4578.89     103.4       0               1               0.0010885       0.998912        0.0010885       0.998912        
45          4899.43     103.4       0               1               0.00426838      0.995732        0.00426838      0.995732        
46          5176.51     103.4       0               1               0.0146159       0.985384        0.0146159       0.985384        
47          5402.66     103.4       0.0948326       0.905167        0.937364        0.0626362       0.0275882       0.972412        
48          5567.11     103.4       0.298692        0.701308        0.936313        0.063687        0.0277497       0.97225         
49          5660.97     103.4       0.415928        0.584072        0.935724        0.0642757       0.0278408       0.972159        
50          3260.87     103.4       0               1               1.30017e-005    0.999987        1.30017e-005    0.999987        
51          3548.57     103.4       0               1               4.44999e-005    0.999956        4.44999e-005    0.999956        
52          3890.66     103.4       0               1               0.000171017     0.999829        0.000171017     0.999829        
53          4242.23     103.4       0               1               0.000749498     0.999251        0.000749498     0.999251        
54          4593.37     103.4       0               1               0.00323287      0.996767        0.00323287      0.996767        
55          4916.65     103.4       0               1               0.0123527       0.987647        0.0123527       0.987647        
56          5195.26     103.4       0.0700756       0.929924        0.938726        0.0612741       0.0273806       0.972619        
57          5418.29     103.4       0.281571        0.718429        0.937263        0.0627371       0.0276037       0.972396        
58          5582.12     103.4       0.400858        0.599142        0.936218        0.0637817       0.0277644       0.972236        
59          5679.03     103.4       0.510105        0.489895        0.935612        0.0643881       0.0278582       0.972142        
60          3308.07     103.4       0               1               2.32372e-005    0.999977        2.32372e-005    0.999977        
61          3570.32     103.4       0               1               0.00010331      0.999897        0.00010331      0.999897        
62          3903.31     103.4       0               1               0.000438188     0.999562        0.000438188     0.999562        
63          4253.65     103.4       0               1               0.00193725      0.998063        0.00193725      0.998063        
64          4608.92     103.4       0               1               0.00822435      0.991776        0.00822435      0.991776        
65          4935.47     103.4       0.0219841       0.978016        0.940494        0.0595057       0.0271141       0.972886        
66          5211.75     103.4       0.242694        0.757306        0.938616        0.0613839       0.0273973       0.972603        
67          5431.84     103.4       0.372227        0.627773        0.937176        0.0628244       0.0276171       0.972383        
68          5597.04     103.4       0.477095        0.522905        0.936124        0.0638755       0.0277789       0.972221        
69          5698.48     103.4       0.604315        0.395685        0.935491        0.0645088       0.0278769       0.972123        
70          3344.84     103.4       0               1               4.05335e-005    0.999959        4.05335e-005    0.999959        
71          3589.31     103.4       0               1               0.000219111     0.999781        0.000219111     0.999781        
72          3915.33     103.4       0               1               0.000998113     0.999002        0.000998113     0.999002        
73          4264.89     103.4       0               1               0.00439502      0.995605        0.00439502      0.995605        
74          4625.44     103.4       0               1               0.0179174       0.982083        0.0179174       0.982083        
75          4954.49     103.4       0.174479        0.825521        0.940362        0.0596376       0.0271339       0.972866        
76          5224.58     103.4       0.332053        0.667947        0.938531        0.0614692       0.0274102       0.97259         
77          5444.57     103.4       0.436348        0.563652        0.937094        0.0629064       0.0276296       0.97237         
78          5611.97     103.4       0.552557        0.447443        0.936031        0.0639693       0.0277933       0.972207        
79          5718.02     103.4       0.701928        0.298072        0.93537         0.0646297       0.0278957       0.972104        
80          3371.87     103.4       0               1               6.88274e-005    0.999931        6.88274e-005    0.999931        
81          3605.09     103.4       0               1               0.000430781     0.999569        0.000430781     0.999569        
82          3926.44     103.4       0               1               0.00208615      0.997914        0.00208615      0.997914        
83          4275.6      103.4       0               1               0.00933786      0.990662        0.00933786      0.990662        
84          4643.11     103.4       0.0595157       0.940484        0.942575        0.0574251       0.0268048       0.973195        
85          4967.91     103.4       0.276581        0.723419        0.94027         0.0597304       0.0271478       0.972852        
86          5235.8      103.4       0.391078        0.608922        0.938456        0.0615436       0.0274215       0.972578        
87          5456.68     103.4       0.496405        0.503595        0.937016        0.0629842       0.0276416       0.972358        
88          5625.88     103.4       0.631469        0.368531        0.935943        0.0640565       0.0278068       0.972193        
89          5737.65     103.4       0.835481        0.164519        0.935249        0.0647509       0.0279145       0.972085        
90          3389.62     103.4       0               1               0.000113139     0.999887        0.000113139     0.999887        
91          3617.39     103.4       0               1               0.000777378     0.999223        0.000777378     0.999223        
92          3936.42     103.4       0               1               0.00384386      0.996156        0.00384386      0.996156        
93          4285.42     103.4       0               1               0.016666        0.983334        0.016666        0.983334        
94          4658.16     103.4       0.183385        0.816615        0.942465        0.0575347       0.026821        0.973179        
95          4978.51     103.4       0.337846        0.662154        0.940196        0.0598037       0.0271588       0.972841        
96          5245.8      103.4       0.443554        0.556446        0.93839         0.0616099       0.0274316       0.972568        
97          5467.78     103.4       0.563278        0.436722        0.936945        0.0630553       0.0276525       0.972348        
98          5637.83     103.4       0.728523        0.271477        0.935869        0.0641313       0.0278184       0.972182        
99          5756        103.4       1               0               0.987251        0.0127492       0.987251        0.0127492       

 t = 95.33   (days)
0           3238.45     103.4       0               1               0.00172472      0.998275        0.00172472      0.998275        
1           3921.65     103.4       0               1               0.000109805     0.99989         0.000109805     0.99989         
2           4300.82     103.4       0               1               3.4038e-005     0.999966        3.4038e-005     0.999966        
3           4599.2      103.4       0               1               4.88627e-005    0.999951        4.88627e-005    0.999951        
4           4856.01     103.4       0               1               0.000102585     0.999897        0.000102585     0.999897        
5           5078.26     103.4       0               1               0.000238172     0.999762        0.000238172     0.999762        
6           5266.61     103.4       0               1               0.000581371     0.999419        0.000581371     0.999419        
7           5420.69     103.4       0               1               0.00146326      0.998537        0.00146326      0.998537        
8           5533.51     103.4       0               1               0.00377212      0.996228        0.00377212      0.996228        
9           5598.86     103.4       0               1               0.00895689      0.991043        0.00895689      0.991043        
10          3383.31     103.4       0               1               0.00258846      0.997412        0.00258846      0.997412        
11          3942.56     103.4       0               1               0.000580524     0.999419        0.000580524     0.999419        
12          4312.79     103.4       0               1               0.000318996     0.999681        0.000318996     0.999681        
13          4609.59     103.4       0               1               0.000487177     0.999513        0.000487177     0.999513        
14          4866.11     103.4       0               1               0.00101401      0.998986        0.00101401      0.998986        
15          5088.33     103.4       0               1               0.00229823      0.997702        0.00229823      0.997702        
16          5276.69     103.4       0               1               0.00543399      0.994566        0.00543399      0.994566        
17          5431.05     103.4       0               1               0.0127437       0.987256        0.0127437       0.987256        
18          5544.14     103.4       0.0250684       0.974932        0.936458        0.0635417       0.0277273       0.972273        
19          5610.24     103.4       0.178606        0.821394        0.936042        0.0639585       0.0277917       0.972208        
20          3505.99     103.4       0               1               0.00394086      0.996059        0.00394086      0.996059        
21          3971.1      103.4       0               1               0.00194299      0.998057        0.00194299      0.998057        
22          4327.74     103.4       0               1               0.00159857      0.998401        0.00159857      0.998401        
23          4621.62     103.4       0               1               0.00259153      0.997408        0.00259153      0.997408        
24          4877.6      103.4       0               1               0.00536964      0.99463         0.00536964      0.99463         
25          5099.76     103.4       0               1               0.0119865       0.988013        0.0119865       0.988013        
26          5288.13     103.4       0.00778958      0.99221         0.938111        0.0618892       0.0274741       0.972526        
27          5443.05     103.4       0.150531        0.849469        0.937103        0.0628966       0.0276281       0.972372        
28          5555.6      103.4       0.308165        0.691835        0.936386        0.0636142       0.0277385       0.972261        
29          5621.95     103.4       0.399785        0.600215        0.935968        0.0640319       0.027803        0.972197        
30          3610.14     103.4       0               1               0.00605174      0.993948        0.00605174      0.993948        
31          4004.01     103.4       0               1               0.00522032      0.99478         0.00522032      0.99478         
32          4345.22     103.4       0               1               0.00579189      0.994208        0.00579189      0.994208        
33          4635.17     103.4       0               1               0.00993935      0.990061        0.00993935      0.990061        
34          4890.41     103.4       0               1               0.0205467       0.979453        0.0205467       0.979453        
35          5112.47     103.4       0.0895481       0.910452        0.939282        0.0607182       0.0272965       0.972704        
36          5300.21     103.4       0.266193        0.733807        0.938031        0.0619686       0.0274862       0.972514        
37          5453.64     103.4       0.3623          0.6377          0.937035        0.0629646       0.0276386       0.972361        
38          5566.95     103.4       0.434045        0.565955        0.936314        0.063686        0.0277496       0.97225         
39          5634.94     103.4       0.508759        0.491241        0.935887        0.0641132       0.0278156       0.972184        
40          3698.48     103.4       0               1               0.0093444       0.990656        0.0093444       0.990656        
41          4038.95     103.4       0               1               0.0123122       0.987688        0.0123122       0.987688        
42          4364.69     103.4       0               1               0.0173152       0.982685        0.0173152       0.982685        
43          4650.02     103.4       0.023405        0.976595        0.942525        0.0574754       0.0268123       0.973188        
44          4904.53     103.4       0.190164        0.809836        0.94071         0.0592902       0.0270818       0.972918        
45          5123.4      103.4       0.312556        0.687444        0.939208        0.060792        0.0273076       0.972692        
46          5310.73     103.4       0.385088        0.614912        0.937962        0.0620376       0.0274967       0.972503        
47          5464.31     103.4       0.447382        0.552618        0.936967        0.0630331       0.0276491       0.972351        
48          5578.87     103.4       0.514188        0.485812        0.936239        0.0637612       0.0277612       0.972239        
49          5649.42     103.4       0.600757        0.399243        0.935796        0.0642037       0.0278296       0.97217         
50          3772.99     103.4       0               1               0.0145112       0.985489        0.0145112       0.985489        
51          4074.19     103.4       0.00301949      0.996981        0.946941        0.0530588       0.026171        0.973829        
52          4385.62     103.4       0.0971504       0.90285         0.944495        0.0555049       0.0265235       0.973476        
53          4664.73     103.4       0.244955        0.755045        0.942418        0.0575824       0.0268281       0.973172        
54          4914.85     103.4       0.330593        0.669407        0.940638        0.0593622       0.0270926       0.972907        
55          5133.37     103.4       0.39245         0.60755         0.939141        0.0608592       0.0273178       0.972682        
56          5321.12     103.4       0.449037        0.550963        0.937894        0.0621057       0.0275071       0.972493        
57          5475.37     103.4       0.510092        0.489908        0.936896        0.0631039       0.02766         0.97234         
58          5591.35     103.4       0.587316        0.412684        0.93616         0.0638398       0.0277733       0.972227        
59          5664.66     103.4       0.685002        0.314998        0.935701        0.0642987       0.0278443       0.972156        
60          3835.03     103.4       0               1               0.022735        0.977265        0.022735        0.977265        
61          4108.83     103.4       0.147817        0.852183        0.946662        0.0533382       0.0262109       0.973789        
62          4402.55     103.4       0.267551        0.732449        0.944366        0.0556339       0.0265423       0.973458        
63          4676.16     103.4       0.336375        0.663625        0.942335        0.0576654       0.0268403       0.97316         
64          4924.5      103.4       0.390805        0.609195        0.940571        0.0594294       0.0271027       0.972897        
65          5143.13     103.4       0.443537        0.556463        0.939075        0.0609249       0.0273277       0.972672        
66          5331.63     103.4       0.500033        0.499967        0.937826        0.0621744       0.0275176       0.972482        
67          5486.77     103.4       0.569701        0.430299        0.936823        0.0631768       0.0276712       0.972329        
68          5603.64     103.4       0.655408        0.344592        0.936083        0.0639171       0.0277853       0.972215        
69          5680.87     103.4       0.77734         0.22266         0.9356          0.0643995       0.02786         0.97214         
70          3885.88     103.4       0.0448314       0.955169        0.948494        0.0515063       0.0259506       0.974049        
71          4134.03     103.4       0.25549         0.74451         0.94646         0.0535401       0.0262398       0.97376         
72          4416.07     103.4       0.332029        0.667971        0.944263        0.0557366       0.0265573       0.973443        
73          4686.59     103.4       0.384157        0.615843        0.942259        0.057741        0.0268515       0.973149        
74          4933.87     103.4       0.433012        0.566988        0.940505        0.0594946       0.0271124       0.972888        
75          5152.89     103.4       0.485714        0.514286        0.93901         0.0609905       0.0273376       0.972662        
76          5342.26     103.4       0.549032        0.450968        0.937756        0.0622438       0.0275282       0.972472        
77          5497.95     103.4       0.627446        0.372554        0.936752        0.0632481       0.0276821       0.972318        
78          5615.62     103.4       0.728466        0.271534        0.936008        0.0639922       0.0277969       0.972203        
79          5696.57     103.4       0.941682        0.0583176       0.935503        0.064497        0.0278751       0.972125        
80          3923.73     103.4       0.109404        0.890596        0.948177        0.0518232       0.0259953       0.974005        
81          4152.47     103.4       0.303593        0.696407        0.946313        0.0536874       0.026261        0.973739        
82          4427.8      103.4       0.368966        0.631034        0.944174        0.0558255       0.0265702       0.97343         
83          4696.4      103.4       0.419439        0.580561        0.942188        0.0578119       0.026862        0.973138        
84          4943.11     103.4       0.469241        0.530759        0.940441        0.0595587       0.027122        0.972878        
85          5162.6      103.4       0.526467        0.473533        0.938944        0.0610557       0.0273475       0.972652        
86          5352.68     103.4       0.599521        0.400479        0.937688        0.0623118       0.0275386       0.972461        
87          5508.64     103.4       0.687222        0.312778        0.936684        0.0633163       0.0276926       0.972307        
88          5626.24     103.4       0.830975        0.169025        0.935941        0.0640588       0.0278072       0.972193        
89          5713.52     103.4       1               0               0.999145        0.000854775     0.999145        0.000854775     
90          3947.31     103.4       0.170779        0.829221        0.947981        0.0520193       0.0260231       0.973977        
91          4165.74     103.4       0.330223        0.669777        0.946207        0.0537929       0.0262761       0.973724        
92          4438.04     103.4       0.396551        0.603449        0.944097        0.0559029       0.0265815       0.973418        
93          4705.67     103.4       0.449965        0.550035        0.942121        0.0578788       0.0268719       0.973128        
94          4952.19     103.4       0.504631        0.495369        0.940378        0.0596217       0.0271315       0.972869        
95          5172.23     103.4       0.570996        0.429004        0.93888         0.0611202       0.0273573       0.972643        
96          5362.27     103.4       0.648847        0.351153        0.937626        0.0623742       0.0275481       0.972452        
97          5518.68     103.4       0.746975        0.253025        0.93662         0.0633801       0.0277024       0.972298        
98          5635.69     103.4       0.924688        0.0753122       0.935882        0.0641179       0.0278163       0.972184        
99          5733.76     103.4       1               0               0.999999        5.88457e-007    0.999999        5.88457e-007    

 t = 145.33  (days)
0           3064.77     103.4       0.305276        0.694724        0.956083        0.0439166       0.0249115       0.975089        
1           3712.58     103.4       0               1               0.00859554      0.991404        0.00859554      0.991404        
2           4078.7      103.4       0               1               0.000640415     0.99936         0.000640415     0.99936         
3           4381.1      103.4       0               1               0.000649895     0.99935         0.000649895     0.99935         
4           4649.35     103.4       0               1               0.00115969      0.99884         0.00115969      0.99884         
5           4884.94     103.4       0               1               0.0023692       0.997631        0.0023692       0.997631        
6           5086.59     103.4       0               1               0.00467013      0.99533         0.00467013      0.99533         
7           5255.02     103.4       0               1               0.00974838      0.990252        0.00974838      0.990252        
8           5378.89     103.4       0               1               0.0255449       0.974455        0.0255449       0.974455        
9           5453.88     103.4       0.0862071       0.913793        0.937034        0.0629662       0.0276388       0.972361        
10          3198.94     103.4       0.328652        0.671348        0.954735        0.0452649       0.0250913       0.974909        
11          3732.54     103.4       0.0607514       0.939249        0.949803        0.0501966       0.0257667       0.974233        
12          4089.96     103.4       0               1               0.00576712      0.994233        0.00576712      0.994233        
13          4391.18     103.4       0               1               0.00609249      0.993908        0.00609249      0.993908        
14          4659.37     103.4       0               1               0.0104379       0.989562        0.0104379       0.989562        
15          4895.02     103.4       0               1               0.0222895       0.97771         0.0222895       0.97771         
16          5096.65     103.4       0.0466372       0.953363        0.939389        0.0606112       0.0272803       0.97272         
17          5265.51     103.4       0.178251        0.821749        0.93826         0.0617402       0.0274514       0.972549        
18          5389.24     103.4       0.311836        0.688164        0.937451        0.0625493       0.0275749       0.972425        
19          5464.36     103.4       0.400681        0.599319        0.936967        0.0630334       0.0276491       0.972351        
20          3310.55     103.4       0.356186        0.643814        0.95365         0.0463503       0.0252376       0.974762        
21          3756.19     103.4       0.243007        0.756993        0.949599        0.0504015       0.0257953       0.974205        
22          4103.46     103.4       0.0230225       0.976978        0.946705        0.053295        0.0262047       0.973795        
23          4402.57     103.4       0.0315571       0.968443        0.944366        0.055634        0.0265423       0.973458        
24          4670.61     103.4       0.11177         0.88823         0.942375        0.0576252       0.0268344       0.973166        
25          4906.08     103.4       0.25808         0.74192         0.940699        0.059301        0.0270835       0.972917        
26          5106.95     103.4       0.349569        0.650431        0.939319        0.0606809       0.0272908       0.972709        
27          5274.98     103.4       0.408937        0.591063        0.938197        0.0618026       0.0274609       0.972539        
28          5399.7      103.4       0.465426        0.534574        0.937383        0.062617        0.0275853       0.972415        
29          5476.48     103.4       0.53428         0.46572         0.936889        0.063111        0.027661        0.972339        
30          3403.54     103.4       0.382278        0.617722        0.952769        0.0472314       0.0253573       0.974643        
31          3780.95     103.4       0.319142        0.680858        0.949385        0.0506147       0.0258252       0.974175        
32          4117.18     103.4       0.263739        0.736261        0.946595        0.0534052       0.0262205       0.973779        
33          4413.75     103.4       0.301857        0.698143        0.944281        0.055719        0.0265547       0.973445        
34          4680.06     103.4       0.357072        0.642928        0.942306        0.0576937       0.0268445       0.973156        
35          4915.35     103.4       0.404097        0.595903        0.940634        0.0593656       0.0270931       0.972907        
36          5116.9      103.4       0.450475        0.549525        0.939252        0.0607482       0.027301        0.972699        
37          5285        103.4       0.49763         0.50237         0.938131        0.0618686       0.027471        0.972529        
38          5410.95     103.4       0.554885        0.445115        0.93731         0.0626898       0.0275964       0.972404        
39          5490.23     103.4       0.632162        0.367838        0.936801        0.0631989       0.0276746       0.972325        
40          3480.48     103.4       0.402862        0.597138        0.952055        0.0479453       0.025455        0.974545        
41          3805.71     103.4       0.383177        0.616823        0.949173        0.050827        0.0258549       0.974145        
42          4129.16     103.4       0.373735        0.626265        0.946499        0.0535012       0.0262343       0.973766        
43          4423.44     103.4       0.396775        0.603225        0.944208        0.0557924       0.0265654       0.973435        
44          4689.27     103.4       0.431764        0.568236        0.94224         0.0577604       0.0268544       0.973146        
45          4924.7      103.4       0.469711        0.530289        0.940569        0.0594308       0.0271029       0.972897        
46          5127.13     103.4       0.513295        0.486705        0.939183        0.0608172       0.0273114       0.972689        
47          5295.7      103.4       0.566154        0.433846        0.938061        0.061939        0.0274817       0.972518        
48          5422.67     103.4       0.629989        0.370011        0.937235        0.0627654       0.027608        0.972392        
49          5505.31     103.4       0.717611        0.282389        0.936705        0.063295        0.0276893       0.972311        
50          3543.28     103.4       0.415383        0.584617        0.951482        0.0485184       0.0255338       0.974466        
51          3829.34     103.4       0.417658        0.582342        0.948972        0.0510284       0.0258832       0.974117        
52          4141.05     103.4       0.422559        0.577441        0.946404        0.0535962       0.0262479       0.973752        
53          4432.99     103.4       0.446292        0.553708        0.944135        0.0558648       0.026576        0.973424        
54          4698.65     103.4       0.479856        0.520144        0.942172        0.0578282       0.0268644       0.973136        
55          4934.4      103.4       0.519231        0.480769        0.940502        0.0594982       0.027113        0.972887        
56          5137.67     103.4       0.568661        0.431339        0.939112        0.0608882       0.0273222       0.972678        
57          5306.69     103.4       0.627166        0.372834        0.937989        0.0620111       0.0274927       0.972507        
58          5434.47     103.4       0.697235        0.302765        0.937159        0.0628414       0.0276197       0.97238         
59          5521.77     103.4       0.810819        0.189181        0.9366          0.0633998       0.0277055       0.972295        
60          3593.62     103.4       0.424479        0.575521        0.951028        0.0489718       0.0255964       0.974404        
61          3850.94     103.4       0.441612        0.558388        0.948788        0.0512116       0.025909        0.974091        
62          4152.71     103.4       0.45636         0.54364         0.946311        0.0536892       0.0262612       0.973739        
63          4442.63     103.4       0.483615        0.516385        0.944062        0.0559376       0.0265866       0.973413        
64          4708.29     103.4       0.520108        0.479892        0.942102        0.0578978       0.0268747       0.973125        
65          4944.4      103.4       0.565506        0.434494        0.940432        0.0595676       0.0271234       0.972877        
66          5148.18     103.4       0.619874        0.380126        0.939041        0.0609588       0.0273329       0.972667        
67          5317.67     103.4       0.683221        0.316779        0.937917        0.0620831       0.0275037       0.972496        
68          5446.17     103.4       0.771335        0.228665        0.937083        0.0629167       0.0276312       0.972369        
69          5537.99     103.4       1               0               0.947297        0.0527032       0.947297        0.0527032       
70          3632.62     103.4       0.431641        0.568359        0.95068         0.0493196       0.0256446       0.974355        
71          3869.84     103.4       0.461125        0.538875        0.948629        0.0513713       0.0259315       0.974068        
72          4163.94     103.4       0.4844          0.5156          0.946221        0.0537787       0.0262741       0.973726        
73          4452.3      103.4       0.516584        0.483416        0.943989        0.0560106       0.0265972       0.973403        
74          4718.12     103.4       0.558959        0.441041        0.942031        0.0579686       0.0268852       0.973115        
75          4954.37     103.4       0.609781        0.390219        0.940363        0.0596367       0.0271337       0.972866        
76          5158.33     103.4       0.6671          0.3329          0.938973        0.061027        0.0273432       0.972657        
77          5328.62     103.4       0.743984        0.256016        0.937845        0.0621548       0.0275146       0.972485        
78          5456.54     103.4       0.882728        0.117272        0.937017        0.0629832       0.0276414       0.972359        
79          5556.17     103.4       1               0               0.999898        0.000102257     0.999898        0.000102257     
80          3661.08     103.4       0.43708         0.56292         0.950429        0.0495713       0.0256795       0.97432         
81          3885.58     103.4       0.477805        0.522195        0.948496        0.0515038       0.0259502       0.97405         
82          4174.51     103.4       0.509865        0.490135        0.946137        0.0538626       0.0262861       0.973714        
83          4461.89     103.4       0.548908        0.451092        0.943917        0.0560828       0.0266078       0.973392        
84          4727.94     103.4       0.597138        0.402862        0.941961        0.0580392       0.0268956       0.973104        
85          4963.85     103.4       0.648934        0.351066        0.940298        0.0597024       0.0271436       0.972856        
86          5168.14     103.4       0.71163         0.28837         0.938907        0.0610928       0.0273531       0.972647        
87          5339.15     103.4       0.796129        0.203871        0.937776        0.0622235       0.0275251       0.972475        
88          5466.05     103.4       0.978077        0.0219234       0.936956        0.0630442       0.0276508       0.972349        
89          5578.19     103.4       1               0               1               4.99232e-008    1               4.99232e-008    
90          3679.48     103.4       0.438912        0.561088        0.950267        0.0497333       0.0257021       0.974298        
91          3897.84     103.4       0.489347        0.510653        0.948393        0.0516067       0.0259647       0.974035        
92          4184.17     103.4       0.532078        0.467922        0.946061        0.0539392       0.0262971       0.973703        
93          4471.32     103.4       0.579962        0.420038        0.943846        0.0561537       0.0266181       0.973382        
94          4737.16     103.4       0.630923        0.369077        0.941895        0.0581054       0.0269054       0.973095        
95          4972.99     103.4       0.685642        0.314358        0.940234        0.0597655       0.027153        0.972847        
96          5177.71     103.4       0.754489        0.245511        0.938843        0.0611568       0.0273628       0.972637        
97          5348.73     103.4       0.868584        0.131416        0.937714        0.0622861       0.0275347       0.972465        
98          5475.14     103.4       1               0               0.990883        0.00911736      0.990883        0.00911736      
99          5604.73     103.4       1               0               1               5.96846e-012    1               5.96846e-012    

 t = 150     (days)
0           3040.36     103.4       0.315341        0.684659        0.956334        0.0436658       0.0248783       0.975122        
1           3686.3      103.4       0               1               0.0114943       0.988506        0.0114943       0.988506        
2           4052.62     103.4       0               1               0.000806352     0.999194        0.000806352     0.999194        
3           4355.83     103.4       0               1               0.000807483     0.999193        0.000807483     0.999193        
4           4626.71     103.4       0               1               0.00145649      0.998544        0.00145649      0.998544        
5           4862.62     103.4       0               1               0.00289319      0.997107        0.00289319      0.997107        
6           5066.4      103.4       0               1               0.0055383       0.994462        0.0055383       0.994462        
7           5236.43     103.4       0               1               0.0119204       0.98808         0.0119204       0.98808         
8           5362.13     103.4       0.00720562      0.992794        0.937627        0.0623733       0.027548        0.972452        
9           5438.23     103.4       0.106278        0.893722        0.937134        0.0628656       0.0276234       0.972377        
10          3173.46     103.4       0.340599        0.659401        0.954987        0.0450126       0.0250575       0.974943        
11          3706.21     103.4       0.111666        0.888334        0.950033        0.0499674       0.0257347       0.974265        
12          4063.86     103.4       0               1               0.00727933      0.992721        0.00727933      0.992721        
13          4365.83     103.4       0               1               0.00748174      0.992518        0.00748174      0.992518        
14          4636.82     103.4       0               1               0.0130746       0.986925        0.0130746       0.986925        
15          4872.64     103.4       0.00313049      0.99687         0.940933        0.0590669       0.0270485       0.972952        
16          5076.47     103.4       0.0693713       0.930629        0.939526        0.0604744       0.0272597       0.97274         
17          5246.85     103.4       0.215308        0.784692        0.938383        0.0616168       0.0274327       0.972567        
18          5372.32     103.4       0.332935        0.667065        0.93756         0.0624396       0.0275581       0.972442        
19          5448.67     103.4       0.41533         0.58467         0.937067        0.0629327       0.0276337       0.972366        
20          3284.41     103.4       0.369876        0.630124        0.953901        0.0460989       0.0252036       0.974796        
21          3728.87     103.4       0.261508        0.738492        0.949835        0.0501648       0.0257622       0.974238        
22          4077.32     103.4       0.0558672       0.944133        0.946916        0.0530842       0.0261746       0.973825        
23          4377.06     103.4       0.0574281       0.942572        0.94456         0.0554396       0.026514        0.973486        
24          4648.25     103.4       0.163807        0.836193        0.942537        0.0574625       0.0268104       0.97319         
25          4883.37     103.4       0.29214         0.70786         0.940858        0.0591422       0.0270597       0.97294         
26          5086.48     103.4       0.36775         0.63225         0.939458        0.0605423       0.0272699       0.97273         
27          5256.22     103.4       0.421684        0.578316        0.938321        0.0616788       0.0274421       0.972558        
28          5382.81     103.4       0.477411        0.522589        0.937492        0.0625076       0.0275685       0.972431        
29          5460.84     103.4       0.546428        0.453572        0.936989        0.0630108       0.0276457       0.972354        
30          3376.93     103.4       0.395988        0.604012        0.953019        0.0469813       0.0253232       0.974677        
31          3753.39     103.4       0.337946        0.662054        0.949623        0.0503772       0.0257919       0.974208        
32          4090.35     103.4       0.298074        0.701926        0.946811        0.0531894       0.0261896       0.97381         
33          4387.81     103.4       0.328174        0.671826        0.944478        0.0555216       0.026526        0.973474        
34          4657.11     103.4       0.373429        0.626571        0.942473        0.0575271       0.0268199       0.97318         
35          4892.74     103.4       0.417694        0.582306        0.940792        0.0592078       0.0270695       0.97293         
36          5096.34     103.4       0.462074        0.537926        0.939391        0.0606092       0.02728         0.97272         
37          5266.21     103.4       0.508101        0.491899        0.938255        0.0617448       0.0274521       0.972548        
38          5394.12     103.4       0.566153        0.433847        0.937419        0.0625809       0.0275797       0.97242         
39          5474.63     103.4       0.64321         0.35679         0.936901        0.0630991       0.0276592       0.972341        
40          3453.18     103.4       0.415081        0.584919        0.952307        0.0476935       0.0254205       0.97458         
41          3778.02     103.4       0.396687        0.603313        0.94941         0.0505896       0.0258216       0.974178        
42          4102.23     103.4       0.388483        0.611517        0.946715        0.0532851       0.0262033       0.973797        
43          4397.63     103.4       0.410415        0.589585        0.944404        0.0555965       0.0265369       0.973463        
44          4666.02     103.4       0.443189        0.556811        0.942408        0.0575919       0.0268294       0.973171        
45          4902.22     103.4       0.480539        0.519461        0.940726        0.059274        0.0270794       0.972921        
46          5106.54     103.4       0.524035        0.475965        0.939322        0.0606782       0.0272904       0.97271         
47          5276.88     103.4       0.576829        0.423171        0.938185        0.0618152       0.0274628       0.972537        
48          5405.83     103.4       0.640192        0.359808        0.937343        0.0626567       0.0275913       0.972409        
49          5489.81     103.4       0.729296        0.270704        0.936804        0.0631962       0.0276741       0.972326        
50          3515.53     103.4       0.427162        0.572838        0.951734        0.0482663       0.0254991       0.974501        
51          3801.53     103.4       0.428987        0.571013        0.949209        0.0507911       0.0258499       0.97415         
52          4114.08     103.4       0.434065        0.565935        0.94662         0.0533803       0.0262169       0.973783        
53          4407.38     103.4       0.457535        0.542465        0.944329        0.0556706       0.0265477       0.973452        
54          4675.26     103.4       0.490202        0.509798        0.942341        0.0576589       0.0268393       0.973161        
55          4912        103.4       0.529939        0.470061        0.940658        0.0593423       0.0270896       0.97291         
56          5117.1      103.4       0.579686        0.420314        0.93925         0.0607495       0.0273012       0.972699        
57          5287.74     103.4       0.637003        0.362997        0.938113        0.0618867       0.0274737       0.972526        
58          5417.66     103.4       0.707909        0.292091        0.937267        0.0627331       0.0276031       0.972397        
59          5506.25     103.4       0.832114        0.167886        0.936699        0.063301        0.0276903       0.97231         
60          3565.55     103.4       0.436139        0.563861        0.95128         0.0487196       0.0255615       0.974438        
61          3823.05     103.4       0.452369        0.547631        0.949025        0.0509748       0.0258757       0.974124        
62          4125.75     103.4       0.467039        0.532961        0.946526        0.0534739       0.0262303       0.97377         
63          4417.22     103.4       0.494177        0.505823        0.944255        0.0557453       0.0265585       0.973441        
64          4684.82     103.4       0.53083         0.46917         0.942272        0.0577282       0.0268496       0.97315         
65          4922.07     103.4       0.576664        0.423336        0.940588        0.0594125       0.0271001       0.9729          
66          5127.51     103.4       0.630078        0.369922        0.93918         0.0608198       0.0273118       0.972688        
67          5298.61     103.4       0.693564        0.306436        0.938042        0.0619581       0.0274846       0.972515        
68          5429.3      103.4       0.787003        0.212997        0.937192        0.0628081       0.0276146       0.972385        
69          5522.23     103.4       1               0               0.974163        0.0258375       0.974163        0.0258375       
70          3604.32     103.4       0.443252        0.556748        0.950932        0.0490676       0.0256096       0.97439         
71          3841.91     103.4       0.471696        0.528304        0.948865        0.0511351       0.0258982       0.974102        
72          4137.02     103.4       0.494774        0.505226        0.946436        0.0535641       0.0262433       0.973757        
73          4427.09     103.4       0.527593        0.472407        0.94418         0.0558201       0.0265694       0.973431        
74          4694.63     103.4       0.570317        0.429683        0.942201        0.0577991       0.0268601       0.97314         
75          4931.95     103.4       0.620191        0.379809        0.940519        0.0594812       0.0271104       0.97289         
76          5137.63     103.4       0.677227        0.322773        0.939112        0.0608879       0.0273221       0.972678        
77          5309.41     103.4       0.754569        0.245431        0.937971        0.062029        0.0274954       0.972505        
78          5439.47     103.4       0.897259        0.102741        0.937126        0.0628735       0.0276246       0.972375        
79          5540.86     103.4       1               0               0.99996         3.9763e-005     0.99996         3.9763e-005     
80          3632.62     103.4       0.448606        0.551394        0.95068         0.0493196       0.0256446       0.974355        
81          3857.63     103.4       0.488252        0.511748        0.948732        0.0512682       0.025917        0.974083        
82          4147.6      103.4       0.520658        0.479342        0.946351        0.0536485       0.0262554       0.973745        
83          4436.88     103.4       0.560385        0.439615        0.944106        0.0558941       0.0265802       0.97342         
84          4704.3      103.4       0.607886        0.392114        0.942131        0.0578689       0.0268704       0.97313         
85          4941.4      103.4       0.658582        0.341418        0.940453        0.0595468       0.0271202       0.97288         
86          5147.46     103.4       0.720974        0.279026        0.939046        0.060954        0.0273321       0.972668        
87          5319.74     103.4       0.803915        0.196085        0.937903        0.0620966       0.0275057       0.972494        
88          5448.95     103.4       0.993473        0.00652656      0.937065        0.0629345       0.0276339       0.972366        
89          5563.48     103.4       1               0               1               1.61836e-008    1               1.61836e-008    
90          3650.95     103.4       0.450147        0.549853        0.950518        0.0494819       0.0256671       0.974333        
91          3869.88     103.4       0.499588        0.500412        0.948628        0.0513716       0.0259316       0.974068        
92          4157.26     103.4       0.542959        0.457041        0.946274        0.0537255       0.0262664       0.973734        
93          4446.39     103.4       0.591201        0.408799        0.944034        0.055966        0.0265907       0.973409        
94          4713.44     103.4       0.640624        0.359376        0.942065        0.0579349       0.0268802       0.97312         
95          4950.53     103.4       0.695084        0.304916        0.94039         0.0596102       0.0271297       0.97287         
96          5157.11     103.4       0.764755        0.235245        0.938981        0.0610188       0.0273419       0.972658        
97          5329.2      103.4       0.885787        0.114213        0.937841        0.0621585       0.0275152       0.972485        
98          5457.99     103.4       1               0               0.994267        0.00573256      0.994267        0.00573256      
99          5590.72     103.4       1               0               1               1.62338e-012    1               1.62338e-012    

