Results for well: MSWell_1_Seg.out in the reservoir: MSWell_1_Seg.out

  t       BHP	     q(Gas)       q(Oil)    q(Water)
(days)   (psia)    (MSCF/day)   (STB/day)  (STB/day)
0         4800        0           0           0         
 -------Segment BHP        Vm        Vsg        Vsw        alpha G        alpha O        alpha W
 -------Seg 0	 4800         0	0	 0	 0  1  0
 -------Seg 1	 -1           0	0	 0	 0  1  0
 -------Seg 2	 -1           0	0	 0	 0  1  0
 -------Seg 3	 -1           0	0	 0	 0  1  0
 -------Seg 4	 -1           0	0	 0	 0  1  0
 -------Seg 5	 -1           0	0	 0	 0  1  0
 -------Seg 6	 -1           0	0	 0	 0  1  0
 -------Seg 7	 -1           0	0	 0	 0  1  0
 -------Seg 8	 -1           0	0	 0	 0  1  0
 -------Seg 9	 -1           0	0	 0	 0  1  0
 -------Seg 10	 -1           0	0	 0	 0  1  0
 -------Seg 11	 -1           0	0	 0	 0  1  0
 -------Seg 12	 -1           0	0	 0	 0  1  0
 -------Seg 13	 -1           0	0	 0	 0  1  0
 -------Seg 14	 -1           0	0	 0	 0  1  0
 -------Seg 15	 -1           0	0	 0	 0  1  0
 -------Seg 16	 -1           0	0	 0	 0  1  0


0.01      4800        1328.6114   1155.31     360.728   
 -------Segment BHP        Vm        Vsg        Vsw        alpha G        alpha O        alpha W
 -------Seg 0	 4800         2.70649	0.117811	 0.411493	 0.0435292  0.804431  0.15204
 -------Seg 1	 4800.01      2.70646	0.0971211	 0.414783	 0.035885  0.810858  0.153257
 -------Seg 2	 4872.26      2.68545	0.0964978	 0.411387	 0.0359336  0.810875  0.153191
 -------Seg 3	 4943.86      2.66417	0.078954	 0.410716	 0.0296355  0.816202  0.154163
 -------Seg 4	 5014.87      2.64372	0.0604208	 0.410189	 0.0228544  0.82199  0.155156
 -------Seg 5	 5085.33      2.62416	0.0408978	 0.409806	 0.0155851  0.828248  0.156167
 -------Seg 6	 5155.52      2.61389	0.0305945	 0.409572	 0.0117046  0.831605  0.156691
 -------Seg 7	 5225.63      2.61018	0.0271609	 0.409417	 0.0104057  0.83274  0.156854
 -------Seg 8	 5296.43      2.60671	0.0236596	 0.409289	 0.0090764  0.83391  0.157013
 -------Seg 9	 5303.63      0.837321	0.020292	 0.131334	 0.0242344  0.818915  0.156851
 -------Seg 10	 5310.82      0.836728	0.0187528	 0.131295	 0.0224121  0.820673  0.156915
 -------Seg 11	 5318.02      0.8362	0.017002	 0.131265	 0.0203325  0.822689  0.156978
 -------Seg 12	 5325.22      0.835743	0.015009	 0.131245	 0.0179589  0.825001  0.15704
 -------Seg 13	 5332.42      0.835366	0.0127389	 0.131234	 0.0152495  0.827653  0.157097
 -------Seg 14	 5339.63      0.835075	0.0101518	 0.131231	 0.0121568  0.830694  0.157149
 -------Seg 15	 5346.85      0.83488	0.00720214	 0.131236	 0.00862656  0.834182  0.157192
 -------Seg 16	 5354.19      0.834791	0.0038379	 0.131248	 0.00459743  0.83818  0.157222


0.11      4800        1324.112    1151.4      359.011   
 -------Segment BHP        Vm        Vsg        Vsw        alpha G        alpha O        alpha W
 -------Seg 0	 4800         2.68804	0.0898915	 0.407902	 0.0334412  0.814812  0.151747
 -------Seg 1	 4800.01      2.68804	0.0738663	 0.410417	 0.0274796  0.819838  0.152683
 -------Seg 2	 4871.64      2.66751	0.0689277	 0.407815	 0.0258397  0.821278  0.152883
 -------Seg 3	 4942.75      2.64775	0.0486205	 0.407723	 0.0183629  0.827649  0.153988
 -------Seg 4	 5013.34      2.62871	0.0290136	 0.407634	 0.0110372  0.833893  0.15507
 -------Seg 5	 5083.45      2.61036	0.0100937	 0.407547	 0.00386676  0.840007  0.156126
 -------Seg 6	 5153.3       2.60078	0.0017214	 0.40746	 0.000661878  0.84267  0.156668
 -------Seg 7	 5223.09      2.59799	0.00157861	 0.407375	 0.000607628  0.842589  0.156803
 -------Seg 8	 5293.52      2.59518	0.00145136	 0.407288	 0.000559254  0.842501  0.15694
 -------Seg 9	 5300.78      0.835881	0.00135344	 0.131241	 0.00161918  0.841371  0.15701
 -------Seg 10	 5308.03      0.835849	0.0010973	 0.131241	 0.00131279  0.841672  0.157015
 -------Seg 11	 5315.29      0.835814	0.000858523	 0.131239	 0.00102717  0.841953  0.15702
 -------Seg 12	 5322.55      0.835774	0.000640224	 0.131237	 0.000766026  0.842209  0.157025
 -------Seg 13	 5329.8       0.835728	0.00044596	 0.131234	 0.000533619  0.842437  0.157029
 -------Seg 14	 5337.06      0.835675	0.000279805	 0.13123	 0.000334826  0.84263  0.157035
 -------Seg 15	 5344.32      0.835614	0.000146419	 0.131226	 0.000175223  0.842784  0.157041
 -------Seg 16	 5351.69      0.835542	5.11249e-005	 0.131221	 6.11877e-005  0.84289  0.157048


0.399685  4800        1321.7354   1149.34     357.175   
 -------Segment BHP        Vm        Vsg        Vsw        alpha G        alpha O        alpha W
 -------Seg 0	 4800         2.68232	0.0875065	 0.405837	 0.0326234  0.816076  0.1513
 -------Seg 1	 4800.01      2.68232	0.0718775	 0.408281	 0.0267968  0.820992  0.152212
 -------Seg 2	 4871.35      2.66192	0.0666772	 0.40575	 0.0250486  0.822523  0.152428
 -------Seg 3	 4942.16      2.64226	0.0466055	 0.405661	 0.0176385  0.828833  0.153528
 -------Seg 4	 5012.46      2.6233	0.02724	 0.405573	 0.0103839  0.835012  0.154604
 -------Seg 5	 5082.28      2.60503	0.0085575	 0.405485	 0.00328499  0.84106  0.155655
 -------Seg 6	 5151.83      2.5952	3.0047e-005	 0.405398	 1.15779e-005  0.843778  0.156211
 -------Seg 7	 5221.31      2.59241	2.72029e-005	 0.405311	 1.04933e-005  0.843644  0.156345
 -------Seg 8	 5291.44      2.5896	2.45963e-005	 0.405224	 9.49812e-006  0.843509  0.156481
 -------Seg 9	 5298.72      0.837564	2.24243e-005	 0.131103	 2.67733e-005  0.843445  0.156528
 -------Seg 10	 5306.01      0.837471	1.62119e-005	 0.131097	 1.93582e-005  0.843441  0.156539
 -------Seg 11	 5313.29      0.837378	1.11684e-005	 0.131092	 1.33373e-005  0.843436  0.156551
 -------Seg 12	 5320.58      0.837285	7.21691e-006	 0.131087	 8.61942e-006  0.843429  0.156562
 -------Seg 13	 5327.86      0.837191	4.26628e-006	 0.131082	 5.09594e-006  0.843422  0.156573
 -------Seg 14	 5335.14      0.837097	2.20827e-006	 0.131077	 2.63801e-006  0.843412  0.156585
 -------Seg 15	 5342.42      0.837003	9.15387e-007	 0.131072	 1.09365e-006  0.843402  0.156596
 -------Seg 16	 5349.81      0.836907	2.38024e-007	 0.131067	 2.84409e-007  0.843391  0.156608


1.24668   4800        1321.4879   1149.12     353.815   
 -------Segment BHP        Vm        Vsg        Vsw        alpha G        alpha O        alpha W
 -------Seg 0	 4800         2.67809	0.0874493	 0.402016	 0.0326537  0.817233  0.150113
 -------Seg 1	 4800.01      2.67808	0.0718142	 0.404442	 0.0268155  0.822165  0.151019
 -------Seg 2	 4871.06      2.65776	0.0667057	 0.401931	 0.0250984  0.823673  0.151229
 -------Seg 3	 4941.59      2.63818	0.0467171	 0.401843	 0.017708  0.829974  0.152318
 -------Seg 4	 5011.62      2.6193	0.027429	 0.401756	 0.0104719  0.836145  0.153383
 -------Seg 5	 5081.16      2.6011	0.00881904	 0.40167	 0.00339051  0.842186  0.154423
 -------Seg 6	 5150.43      2.59104	1.47131e-007	 0.401584	 5.67845e-008  0.84501  0.15499
 -------Seg 7	 5219.63      2.58826	1.30332e-007	 0.401498	 5.0355e-008  0.844877  0.155123
 -------Seg 8	 5289.48      2.58546	1.15174e-007	 0.401412	 4.45466e-008  0.844743  0.155257
 -------Seg 9	 5296.77      0.838318	1.02346e-007	 0.130196	 1.22085e-007  0.844694  0.155306
 -------Seg 10	 5304.06      0.838223	6.68852e-008	 0.130191	 7.9794e-008  0.844682  0.155318
 -------Seg 11	 5311.35      0.838129	4.1256e-008	 0.130186	 4.9224e-008  0.84467  0.15533
 -------Seg 12	 5318.64      0.838034	2.36104e-008	 0.130181	 2.81736e-008  0.844659  0.155341
 -------Seg 13	 5325.93      0.837939	1.22206e-008	 0.130176	 1.45841e-008  0.844647  0.155353
 -------Seg 14	 5333.22      0.837845	5.50248e-009	 0.130172	 6.56743e-009  0.844635  0.155365
 -------Seg 15	 5340.51      0.83775	2.04258e-009	 0.130167	 2.43817e-009  0.844624  0.155376
 -------Seg 16	 5347.91      0.837654	6.30871e-010	 0.130162	 7.5314e-010  0.844612  0.155388


3.72768   4800        1323.4849   1150.86     345.024   
 -------Segment BHP        Vm        Vsg        Vsw        alpha G        alpha O        alpha W
 -------Seg 0	 4800         2.67154	0.0875816	 0.392027	 0.0327832  0.820475  0.146742
 -------Seg 1	 4800.01      2.67154	0.0719029	 0.394405	 0.0269144  0.825453  0.147632
 -------Seg 2	 4870.54      2.65133	0.0669556	 0.391945	 0.0252536  0.826917  0.147829
 -------Seg 3	 4940.56      2.63186	0.0470757	 0.39186	 0.0178869  0.833222  0.148891
 -------Seg 4	 5010.09      2.61308	0.0278883	 0.391776	 0.0106726  0.839399  0.149929
 -------Seg 5	 5079.12      2.59497	0.00937212	 0.391692	 0.00361165  0.845445  0.150943
 -------Seg 6	 5147.88      2.58447	-6.93001e-010	 0.391609	 -2.6814e-010  0.848476  0.151524
 -------Seg 7	 5216.57      2.58171	-6.90776e-010	 0.391526	 -2.67565e-010  0.848346  0.151654
 -------Seg 8	 5285.9       2.57893	-6.59156e-010	 0.391443	 -2.55592e-010  0.848215  0.151785
 -------Seg 9	 5293.13      0.835593	-6.70243e-010	 0.126867	 -8.02117e-010  0.848172  0.151828
 -------Seg 10	 5300.36      0.835499	-6.75025e-010	 0.126862	 -8.0793e-010  0.84816  0.15184
 -------Seg 11	 5307.58      0.835405	-6.6248e-010	 0.126857	 -7.93004e-010  0.848149  0.151851
 -------Seg 12	 5314.81      0.835311	-6.37896e-010	 0.126852	 -7.63663e-010  0.848138  0.151862
 -------Seg 13	 5322.04      0.835218	-6.05561e-010	 0.126848	 -7.25034e-010  0.848126  0.151874
 -------Seg 14	 5329.26      0.835124	-5.68824e-010	 0.126843	 -6.81126e-010  0.848115  0.151885
 -------Seg 15	 5336.48      0.83503	-5.30177e-010	 0.126838	 -6.34919e-010  0.848103  0.151897
 -------Seg 16	 5343.82      0.834935	-4.88661e-010	 0.126833	 -5.85268e-010  0.848092  0.151908


10.8479   4800        1330.1277   1156.63     321.883   
 -------Segment BHP        Vm        Vsg        Vsw        alpha G        alpha O        alpha W
 -------Seg 0	 4800         2.65669	0.0880213	 0.365734	 0.033132  0.829203  0.137665
 -------Seg 1	 4800.01      2.65669	0.0722235	 0.367983	 0.0271855  0.834302  0.138512
 -------Seg 2	 4869.31      2.63674	0.0676498	 0.365659	 0.0256566  0.835665  0.138678
 -------Seg 3	 4938.1       2.6175	0.0480045	 0.365581	 0.0183398  0.841992  0.139668
 -------Seg 4	 5006.41      2.59894	0.0290336	 0.365504	 0.0111713  0.848193  0.140636
 -------Seg 5	 5074.25      2.58103	0.0107182	 0.365427	 0.0041527  0.854265  0.141582
 -------Seg 6	 5141.79      2.56946	-1.30318e-008	 0.365351	 -5.07181e-009  0.85781  0.14219
 -------Seg 7	 5209.25      2.56674	-1.28432e-008	 0.365275	 -5.00369e-009  0.857689  0.142311
 -------Seg 8	 5277.34      2.564	-1.26205e-008	 0.365198	 -4.92219e-009  0.857567  0.142433
 -------Seg 9	 5284.36      0.826061	-7.69716e-009	 0.11767	 -9.31791e-009  0.857553  0.142447
 -------Seg 10	 5291.38      0.82597	-7.5845e-009	 0.117666	 -9.18253e-009  0.857543  0.142457
 -------Seg 11	 5298.4       0.82588	-7.4731e-009	 0.117661	 -9.04866e-009  0.857532  0.142468
 -------Seg 12	 5305.42      0.825789	-7.36297e-009	 0.117657	 -8.91629e-009  0.857522  0.142478
 -------Seg 13	 5312.44      0.825698	-7.2541e-009	 0.117653	 -8.78542e-009  0.857511  0.142489
 -------Seg 14	 5319.45      0.825607	-7.14649e-009	 0.117648	 -8.65605e-009  0.857501  0.142499
 -------Seg 15	 5326.47      0.825516	-7.04014e-009	 0.117644	 -8.52816e-009  0.85749  0.14251
 -------Seg 16	 5333.59      0.825424	-6.92622e-009	 0.11764	 -8.3911e-009  0.85748  0.14252


20.8479   4800        1337.7759   1163.28     292.413   
 -------Segment BHP        Vm        Vsg        Vsw        alpha G        alpha O        alpha W
 -------Seg 0	 4800         2.63638	0.0885275	 0.332249	 0.0335792  0.840396  0.126025
 -------Seg 1	 4800.01      2.63638	0.0725805	 0.334328	 0.0275304  0.845656  0.126814
 -------Seg 2	 4867.68      2.61679	0.0685133	 0.332182	 0.0261822  0.846875  0.126943
 -------Seg 3	 4934.86      2.59788	0.0491989	 0.332113	 0.0189381  0.853222  0.12784
 -------Seg 4	 5001.58      2.57962	0.0305344	 0.332045	 0.0118367  0.859445  0.128718
 -------Seg 5	 5067.83      2.562	0.0125039	 0.331977	 0.00488052  0.865542  0.129577
 -------Seg 6	 5133.75      2.54901	-4.61153e-008	 0.331909	 -1.80915e-008  0.869789  0.130211
 -------Seg 7	 5199.61      2.54635	-4.55335e-008	 0.331842	 -1.78819e-008  0.869679  0.130321
 -------Seg 8	 5266.08      2.54367	-4.49079e-008	 0.331774	 -1.76548e-008  0.869569  0.130431
 -------Seg 9	 5272.87      0.816045	-2.62842e-008	 0.106413	 -3.22093e-008  0.869599  0.130401
 -------Seg 10	 5279.67      0.815958	-2.60738e-008	 0.106409	 -3.19548e-008  0.86959  0.13041
 -------Seg 11	 5286.46      0.81587	-2.58648e-008	 0.106406	 -3.17021e-008  0.86958  0.13042
 -------Seg 12	 5293.25      0.815782	-2.56572e-008	 0.106402	 -3.14511e-008  0.869571  0.130429
 -------Seg 13	 5300.05      0.815694	-2.54511e-008	 0.106398	 -3.12017e-008  0.869562  0.130438
 -------Seg 14	 5306.84      0.815606	-2.52463e-008	 0.106394	 -3.09541e-008  0.869552  0.130448
 -------Seg 15	 5313.63      0.815518	-2.5043e-008	 0.10639	 -3.07081e-008  0.869543  0.130457
 -------Seg 16	 5320.52      0.815429	-2.48243e-008	 0.106386	 -3.04433e-008  0.869534  0.130466


30.8479   4800        1343.1834   1167.99     265.665   
 -------Segment BHP        Vm        Vsg        Vsw        alpha G        alpha O        alpha W
 -------Seg 0	 4800         2.6153	0.0888855	 0.301857	 0.0339867  0.850594  0.115419
 -------Seg 1	 4800.01      2.6153	0.0728076	 0.303778	 0.0278391  0.856007  0.116154
 -------Seg 2	 4866.09      2.59609	0.069256	 0.301798	 0.026677  0.857072  0.116251
 -------Seg 3	 4931.7       2.57754	0.0502993	 0.301736	 0.0195144  0.863422  0.117064
 -------Seg 4	 4996.85      2.55962	0.0319678	 0.301676	 0.0124893  0.869651  0.11786
 -------Seg 5	 5061.57      2.5423	0.0142477	 0.301615	 0.00560427  0.875757  0.118639
 -------Seg 6	 5125.92      2.52793	-6.97704e-010	 0.301555	 -2.75998e-010  0.880711  0.119289
 -------Seg 7	 5190.2       2.52533	-6.87116e-010	 0.301495	 -2.7209e-010  0.880612  0.119388
 -------Seg 8	 5255.08      2.52271	-6.77158e-010	 0.301435	 -2.68425e-010  0.880511  0.119489
 -------Seg 9	 5261.7       0.808061	-4.07126e-010	 0.0964939	 -5.0383e-010  0.880586  0.119414
 -------Seg 10	 5268.31      0.807976	-4.01102e-010	 0.0964905	 -4.96428e-010  0.880578  0.119422
 -------Seg 11	 5274.92      0.80789	-3.95122e-010	 0.096487	 -4.89079e-010  0.880569  0.119431
 -------Seg 12	 5281.53      0.807805	-3.89187e-010	 0.0964835	 -4.81783e-010  0.880561  0.119439
 -------Seg 13	 5288.14      0.807719	-3.83295e-010	 0.09648	 -4.7454e-010  0.880552  0.119448
 -------Seg 14	 5294.75      0.807634	-3.77447e-010	 0.0964766	 -4.6735e-010  0.880544  0.119456
 -------Seg 15	 5301.36      0.807548	-3.71643e-010	 0.0964731	 -4.60211e-010  0.880536  0.119464
 -------Seg 16	 5308.07      0.807461	-3.65868e-010	 0.0964696	 -4.53109e-010  0.880527  0.119473


40.8479   4800        1346.3886   1170.77     241.333   
 -------Segment BHP        Vm        Vsg        Vsw        alpha G        alpha O        alpha W
 -------Seg 0	 4800         2.59318	0.0890977	 0.274211	 0.0343585  0.859898  0.105743
 -------Seg 1	 4800.01      2.59318	0.0729056	 0.275983	 0.0281144  0.865459  0.106427
 -------Seg 2	 4864.52      2.57438	0.0698829	 0.274158	 0.0271455  0.86636  0.106495
 -------Seg 3	 4928.57      2.55622	0.0513135	 0.274104	 0.020074  0.872696  0.10723
 -------Seg 4	 4992.19      2.53865	0.0333441	 0.27405	 0.0131346  0.878914  0.107951
 -------Seg 5	 5055.38      2.52167	0.0159623	 0.273996	 0.00633007  0.885013  0.108657
 -------Seg 6	 5118.18      2.50594	-9.6517e-010	 0.273943	 -3.85153e-010  0.890683  0.109317
 -------Seg 7	 5180.91      2.5034	-9.53522e-010	 0.27389	 -3.80891e-010  0.890593  0.109407
 -------Seg 8	 5244.23      2.50084	-9.42526e-010	 0.273836	 -3.76884e-010  0.890502  0.109498
 -------Seg 9	 5250.68      0.800943	-5.52142e-010	 0.087607	 -6.89365e-010  0.89062  0.10938
 -------Seg 10	 5257.13      0.80086	-5.4875e-010	 0.0876039	 -6.85201e-010  0.890613  0.109387
 -------Seg 11	 5263.58      0.800776	-5.45375e-010	 0.0876008	 -6.81058e-010  0.890605  0.109395
 -------Seg 12	 5270.03      0.800693	-5.42018e-010	 0.0875977	 -6.76936e-010  0.890598  0.109402
 -------Seg 13	 5276.48      0.800609	-5.38677e-010	 0.0875946	 -6.72834e-010  0.89059  0.10941
 -------Seg 14	 5282.93      0.800526	-5.35354e-010	 0.0875914	 -6.68753e-010  0.890583  0.109417
 -------Seg 15	 5289.38      0.800442	-5.32047e-010	 0.0875883	 -6.64691e-010  0.890575  0.109425
 -------Seg 16	 5295.92      0.800358	-5.28724e-010	 0.0875852	 -6.6061e-010  0.890567  0.109433


50.8479   4800        1347.4944   1171.73     219.176   
 -------Segment BHP        Vm        Vsg        Vsw        alpha G        alpha O        alpha W
 -------Seg 0	 4800         2.56991	0.0891708	 0.249035	 0.034698  0.868398  0.0969041
 -------Seg 1	 4800.01      2.56991	0.0728799	 0.25067	 0.0283589  0.874101  0.0975404
 -------Seg 2	 4862.95      2.55155	0.0703998	 0.248988	 0.027591  0.874826  0.0975831
 -------Seg 3	 4925.46      2.5338	0.0522463	 0.24894	 0.0206198  0.881132  0.0982478
 -------Seg 4	 4987.55      2.51662	0.0346671	 0.248892	 0.0137753  0.887325  0.0988995
 -------Seg 5	 5049.23      2.49999	0.0176505	 0.248844	 0.00706021  0.893402  0.099538
 -------Seg 6	 5110.51      2.48386	0.00111917	 0.248797	 0.000450577  0.899384  0.100166
 -------Seg 7	 5171.7       2.48046	-1.37184e-009	 0.24875	 -5.53058e-010  0.899716  0.100284
 -------Seg 8	 5233.46      2.47796	-1.35629e-009	 0.248703	 -5.4734e-010  0.899634  0.100366
 -------Seg 9	 5239.77      0.79409	-7.88376e-010	 0.0795737	 -9.92805e-010  0.899793  0.100207
 -------Seg 10	 5246.07      0.794008	-7.83788e-010	 0.0795709	 -9.87128e-010  0.899786  0.100214
 -------Seg 11	 5252.37      0.793926	-7.79221e-010	 0.0795681	 -9.81477e-010  0.899779  0.100221
 -------Seg 12	 5258.67      0.793845	-7.74676e-010	 0.0795653	 -9.75853e-010  0.899772  0.100228
 -------Seg 13	 5264.97      0.793763	-7.70152e-010	 0.0795625	 -9.70254e-010  0.899765  0.100235
 -------Seg 14	 5271.27      0.793682	-7.6565e-010	 0.0795597	 -9.64681e-010  0.899759  0.100241
 -------Seg 15	 5277.56      0.7936	-7.61169e-010	 0.0795569	 -9.59134e-010  0.899752  0.100248
 -------Seg 16	 5283.96      0.793518	-7.56662e-010	 0.0795541	 -9.53554e-010  0.899745  0.100255


60.8479   4800        1346.6629   1171.01     198.994   
 -------Segment BHP        Vm        Vsg        Vsw        alpha G        alpha O        alpha W
 -------Seg 0	 4800         2.54555	0.0891158	 0.226103	 0.0350085  0.876169  0.088823
 -------Seg 1	 4800.01      2.54555	0.0727397	 0.22761	 0.0285753  0.88201  0.0894151
 -------Seg 2	 4861.4       2.52765	0.0708135	 0.226062	 0.0280155  0.882549  0.0894356
 -------Seg 3	 4922.37      2.51033	0.0531006	 0.226019	 0.0211528  0.888812  0.0900355
 -------Seg 4	 4982.94      2.49356	0.0359359	 0.225977	 0.0144115  0.894964  0.0906241
 -------Seg 5	 5043.11      2.47732	0.019308	 0.225934	 0.0077939  0.901005  0.0912011
 -------Seg 6	 5102.9       2.46155	0.0031513	 0.225892	 0.00128021  0.906951  0.0917684
 -------Seg 7	 5162.56      2.45654	-1.80262e-009	 0.225851	 -7.33803e-010  0.908062  0.0919384
 -------Seg 8	 5222.78      2.45412	-1.78256e-009	 0.225809	 -7.26357e-010  0.907988  0.0920122
 -------Seg 9	 5228.94      0.787245	-1.03614e-009	 0.072283	 -1.31616e-009  0.908182  0.0918176
 -------Seg 10	 5235.1       0.787166	-1.03027e-009	 0.0722804	 -1.30883e-009  0.908176  0.0918237
 -------Seg 11	 5241.25      0.787086	-1.02442e-009	 0.0722779	 -1.30154e-009  0.90817  0.0918298
 -------Seg 12	 5247.41      0.787006	-1.01861e-009	 0.0722754	 -1.29428e-009  0.908164  0.0918358
 -------Seg 13	 5253.56      0.786927	-1.01281e-009	 0.0722729	 -1.28705e-009  0.908158  0.0918419
 -------Seg 14	 5259.72      0.786847	-1.00705e-009	 0.0722704	 -1.27985e-009  0.908152  0.091848
 -------Seg 15	 5265.87      0.786768	-1.00131e-009	 0.0722678	 -1.27269e-009  0.908146  0.0918541
 -------Seg 16	 5272.12      0.786687	-9.95531e-010	 0.0722653	 -1.26547e-009  0.90814  0.0918603


70.8479   4800        1344.0771   1168.76     180.613   
 -------Segment BHP        Vm        Vsg        Vsw        alpha G        alpha O        alpha W
 -------Seg 0	 4800         2.52021	0.0889447	 0.205219	 0.0352926  0.883278  0.0814293
 -------Seg 1	 4800.01      2.52021	0.0724958	 0.206607	 0.0287658  0.889254  0.0819802
 -------Seg 2	 4859.85      2.5028	0.071131	 0.205183	 0.0284206  0.889598  0.0819814
 -------Seg 3	 4919.3       2.48593	0.0538786	 0.205145	 0.0216734  0.895804  0.0825223
 -------Seg 4	 4978.36      2.46959	0.0371482	 0.205107	 0.0150423  0.901904  0.0830533
 -------Seg 5	 5037.03      2.45375	0.0209279	 0.20507	 0.00852894  0.907897  0.0835741
 -------Seg 6	 5095.34      2.43837	0.00516502	 0.205033	 0.00211823  0.913796  0.0840861
 -------Seg 7	 5153.49      2.43177	-2.28448e-009	 0.204996	 -9.39433e-010  0.915701  0.0842991
 -------Seg 8	 5212.18      2.42941	-2.25956e-009	 0.204958	 -9.30088e-010  0.915634  0.0843656
 -------Seg 9	 5218.2       0.780317	-1.31272e-009	 0.0656557	 -1.68229e-009  0.91586  0.0841397
 -------Seg 10	 5224.22      0.78024	-1.30546e-009	 0.0656534	 -1.67316e-009  0.915855  0.0841452
 -------Seg 11	 5230.23      0.780162	-1.29824e-009	 0.0656511	 -1.66407e-009  0.915849  0.0841506
 -------Seg 12	 5236.25      0.780084	-1.29105e-009	 0.0656489	 -1.65501e-009  0.915844  0.0841561
 -------Seg 13	 5242.26      0.780007	-1.28389e-009	 0.0656466	 -1.646e-009  0.915838  0.0841615
 -------Seg 14	 5248.27      0.779929	-1.27677e-009	 0.0656443	 -1.63703e-009  0.915833  0.084167
 -------Seg 15	 5254.29      0.779852	-1.26967e-009	 0.065642	 -1.62809e-009  0.915828  0.0841725
 -------Seg 16	 5260.39      0.779773	-1.26252e-009	 0.0656398	 -1.61909e-009  0.915822  0.084178


80.8479   4800        1339.8899   1165.12     163.877   
 -------Segment BHP        Vm        Vsg        Vsw        alpha G        alpha O        alpha W
 -------Seg 0	 4800         2.49399	0.0886677	 0.186203	 0.0355526  0.889786  0.0746609
 -------Seg 1	 4800.01      2.49398	0.0721573	 0.187481	 0.0289326  0.895894  0.0751734
 -------Seg 2	 4858.32      2.47707	0.0713583	 0.186171	 0.0288076  0.896035  0.0751579
 -------Seg 3	 4916.25      2.46067	0.0545822	 0.186138	 0.0221818  0.902173  0.0756451
 -------Seg 4	 4973.81      2.44477	0.0383021	 0.186104	 0.015667  0.90821  0.0761235
 -------Seg 5	 5031         2.42934	0.0225051	 0.186071	 0.00926384  0.914143  0.0765931
 -------Seg 6	 5087.85      2.41436	0.00715181	 0.186038	 0.00296219  0.919983  0.0770547
 -------Seg 7	 5144.49      2.40619	-2.75515e-009	 0.186005	 -1.14503e-009  0.922697  0.0773027
 -------Seg 8	 5201.67      2.40391	-2.72573e-009	 0.185972	 -1.13388e-009  0.922637  0.0773626
 -------Seg 9	 5207.55      0.773272	-1.58287e-009	 0.0596276	 -2.04697e-009  0.922889  0.0771107
 -------Seg 10	 5213.42      0.773196	-1.57431e-009	 0.0596255	 -2.03611e-009  0.922884  0.0771156
 -------Seg 11	 5219.3       0.773121	-1.56579e-009	 0.0596235	 -2.02529e-009  0.922879  0.0771205
 -------Seg 12	 5225.18      0.773045	-1.55731e-009	 0.0596214	 -2.01451e-009  0.922875  0.0771254
 -------Seg 13	 5231.06      0.772969	-1.54887e-009	 0.0596194	 -2.00379e-009  0.92287  0.0771303
 -------Seg 14	 5236.93      0.772894	-1.54046e-009	 0.0596174	 -1.9931e-009  0.922865  0.0771352
 -------Seg 15	 5242.81      0.772818	-1.53209e-009	 0.0596153	 -1.98247e-009  0.92286  0.0771401
 -------Seg 16	 5248.77      0.772742	-1.52365e-009	 0.0596133	 -1.97175e-009  0.922855  0.0771451


90.8479   4800        1334.2394   1160.21     148.641   
 -------Segment BHP        Vm        Vsg        Vsw        alpha G        alpha O        alpha W
 -------Seg 0	 4800         2.46694	0.0882938	 0.168892	 0.0357908  0.895747  0.068462
 -------Seg 1	 4800.01      2.46694	0.0717323	 0.170068	 0.0290774  0.901984  0.0689386
 -------Seg 2	 4856.8       2.45053	0.0715009	 0.168863	 0.0291777  0.901913  0.0689089
 -------Seg 3	 4913.23      2.43462	0.0552136	 0.168834	 0.0226786  0.907974  0.0693472
 -------Seg 4	 4969.3       2.41917	0.0393967	 0.168804	 0.0162852  0.913937  0.0697778
 -------Seg 5	 5025.03      2.40417	0.0240353	 0.168775	 0.00999732  0.919802  0.0702009
 -------Seg 6	 5080.41      2.38961	0.00910442	 0.168746	 0.00381001  0.925573  0.0706166
 -------Seg 7	 5135.57      2.37989	-3.36473e-009	 0.168717	 -1.41382e-009  0.929107  0.0708926
 -------Seg 8	 5191.24      2.37768	-3.32952e-009	 0.168688	 -1.40033e-009  0.929054  0.0709464
 -------Seg 9	 5196.99      0.766102	-1.93251e-009	 0.0541436	 -2.52252e-009  0.929326  0.0706741
 -------Seg 10	 5202.73      0.766028	-1.92226e-009	 0.0541417	 -2.50938e-009  0.929322  0.0706785
 -------Seg 11	 5208.47      0.765955	-1.91205e-009	 0.0541399	 -2.49629e-009  0.929317  0.0706829
 -------Seg 12	 5214.22      0.765881	-1.90188e-009	 0.054138	 -2.48326e-009  0.929313  0.0706873
 -------Seg 13	 5219.96      0.765808	-1.89176e-009	 0.0541362	 -2.47028e-009  0.929308  0.0706917
 -------Seg 14	 5225.7       0.765734	-1.88168e-009	 0.0541344	 -2.45735e-009  0.929304  0.070696
 -------Seg 15	 5231.44      0.76566	-1.87164e-009	 0.0541325	 -2.44448e-009  0.9293  0.0707004
 -------Seg 16	 5237.26      0.765586	-1.86152e-009	 0.0541307	 -2.4315e-009  0.929295  0.0707049


100       4800        1327.9138   1154.71     135.869   
 -------Segment BHP        Vm        Vsg        Vsw        alpha G        alpha O        alpha W
 -------Seg 0	 4800         2.44154	0.0878752	 0.154379	 0.0359918  0.900778  0.0632303
 -------Seg 1	 4800.01      2.44153	0.0712749	 0.155468	 0.0291927  0.907131  0.0636762
 -------Seg 2	 4855.42      2.4256	0.0715629	 0.154354	 0.0295032  0.906861  0.0636354
 -------Seg 3	 4910.49      2.41013	0.0557313	 0.154327	 0.0231238  0.912843  0.0640328
 -------Seg 4	 4965.21      2.3951	0.0403467	 0.154301	 0.0168455  0.918731  0.0644235
 -------Seg 5	 5019.6       2.38051	0.0253925	 0.154275	 0.0106669  0.924526  0.0648075
 -------Seg 6	 5073.66      2.36633	0.0108571	 0.154249	 0.00458815  0.930227  0.0651849
 -------Seg 7	 5127.47      2.35524	-2.83669e-009	 0.154223	 -1.20442e-009  0.934519  0.0654809
 -------Seg 8	 5181.78      2.35309	-2.80696e-009	 0.154197	 -1.19289e-009  0.93447  0.0655296
 -------Seg 9	 5187.4       0.759429	-1.63795e-009	 0.0495475	 -2.15682e-009  0.934757  0.0652431
 -------Seg 10	 5193.03      0.759357	-1.62823e-009	 0.0495458	 -2.14422e-009  0.934753  0.0652471
 -------Seg 11	 5198.65      0.759285	-1.61855e-009	 0.0495441	 -2.13168e-009  0.934749  0.065251
 -------Seg 12	 5204.27      0.759213	-1.60892e-009	 0.0495424	 -2.11919e-009  0.934745  0.065255
 -------Seg 13	 5209.89      0.759141	-1.59933e-009	 0.0495408	 -2.10676e-009  0.934741  0.065259
 -------Seg 14	 5215.51      0.75907	-1.58978e-009	 0.0495391	 -2.09438e-009  0.934737  0.0652629
 -------Seg 15	 5221.13      0.758998	-1.58028e-009	 0.0495374	 -2.08206e-009  0.934733  0.0652669
 -------Seg 16	 5226.83      0.758925	-1.57073e-009	 0.0495357	 -2.06968e-009  0.934729  0.0652709


